[2026-02-14T17:45:26.529+0000] {local_task_job_runner.py:120} INFO - ::group::Pre task execution logs
[2026-02-14T17:45:26.537+0000] {taskinstance.py:2076} INFO - Dependencies all met for dep_context=non-requeueable deps ti=<TaskInstance: car_price_predictor_pipeline.train_model manual__2026-02-14T17:45:25+00:00 [queued]>
[2026-02-14T17:45:26.539+0000] {taskinstance.py:2076} INFO - Dependencies all met for dep_context=requeueable deps ti=<TaskInstance: car_price_predictor_pipeline.train_model manual__2026-02-14T17:45:25+00:00 [queued]>
[2026-02-14T17:45:26.540+0000] {taskinstance.py:2306} INFO - Starting attempt 1 of 3
[2026-02-14T17:45:26.544+0000] {taskinstance.py:2330} INFO - Executing <Task(PythonOperator): train_model> on 2026-02-14 17:45:25+00:00
[2026-02-14T17:45:26.546+0000] {warnings.py:112} WARNING - /home/***/.local/lib/python3.12/site-packages/***/task/task_runner/standard_task_runner.py:62: DeprecationWarning: This process (pid=352) is multi-threaded, use of fork() may lead to deadlocks in the child.
  pid = os.fork()

[2026-02-14T17:45:26.546+0000] {standard_task_runner.py:64} INFO - Started process 353 to run task
[2026-02-14T17:45:26.547+0000] {standard_task_runner.py:90} INFO - Running: ['***', 'tasks', 'run', 'car_price_predictor_pipeline', 'train_model', 'manual__2026-02-14T17:45:25+00:00', '--job-id', '63', '--raw', '--subdir', 'DAGS_FOLDER/car_price_ml_pipeline.py', '--cfg-path', '/tmp/tmpswt2t5ab']
[2026-02-14T17:45:26.547+0000] {standard_task_runner.py:91} INFO - Job 63: Subtask train_model
[2026-02-14T17:45:26.561+0000] {task_command.py:426} INFO - Running <TaskInstance: car_price_predictor_pipeline.train_model manual__2026-02-14T17:45:25+00:00 [running]> on host 2075ebc01f0b
[2026-02-14T17:45:26.582+0000] {taskinstance.py:2648} INFO - Exporting env vars: AIRFLOW_CTX_DAG_EMAIL='alerts@example.com' AIRFLOW_CTX_DAG_OWNER='data-science-team' AIRFLOW_CTX_DAG_ID='car_price_predictor_pipeline' AIRFLOW_CTX_TASK_ID='train_model' AIRFLOW_CTX_EXECUTION_DATE='2026-02-14T17:45:25+00:00' AIRFLOW_CTX_TRY_NUMBER='1' AIRFLOW_CTX_DAG_RUN_ID='manual__2026-02-14T17:45:25+00:00'
[2026-02-14T17:45:26.583+0000] {taskinstance.py:430} INFO - ::endgroup::
[2026-02-14T17:45:27.321+0000] {file_store.py:306} WARNING - Malformed experiment '1'. Detailed error Yaml file '/opt/***/project/mlflow/mlruns/1/meta.yaml' does not exist.
Traceback (most recent call last):
  File "/home/airflow/.local/lib/python3.12/site-packages/mlflow/store/tracking/file_store.py", line 302, in search_experiments
    exp = self._get_experiment(exp_id, view_type)
          ^^^^^^^^^^^^^^^^^^^^^^^^^^^^^^^^^^^^^^^
  File "/home/airflow/.local/lib/python3.12/site-packages/mlflow/store/tracking/file_store.py", line 395, in _get_experiment
    meta = FileStore._read_yaml(experiment_dir, FileStore.META_DATA_FILE_NAME)
           ^^^^^^^^^^^^^^^^^^^^^^^^^^^^^^^^^^^^^^^^^^^^^^^^^^^^^^^^^^^^^^^^^^^
  File "/home/airflow/.local/lib/python3.12/site-packages/mlflow/store/tracking/file_store.py", line 1303, in _read_yaml
    return _read_helper(root, file_name, attempts_remaining=retries)
           ^^^^^^^^^^^^^^^^^^^^^^^^^^^^^^^^^^^^^^^^^^^^^^^^^^^^^^^^^
  File "/home/airflow/.local/lib/python3.12/site-packages/mlflow/store/tracking/file_store.py", line 1296, in _read_helper
    result = read_yaml(root, file_name)
             ^^^^^^^^^^^^^^^^^^^^^^^^^^
  File "/home/airflow/.local/lib/python3.12/site-packages/mlflow/utils/file_utils.py", line 303, in read_yaml
    raise MissingConfigException(f"Yaml file '{file_path}' does not exist.")
mlflow.exceptions.MissingConfigException: Yaml file '/opt/***/project/mlflow/mlruns/1/meta.yaml' does not exist.
[2026-02-14T17:45:27.332+0000] {logging_mixin.py:188} INFO - 🚀 Démarrage de l'entraînement du modèle...
[2026-02-14T17:45:27.333+0000] {logging_mixin.py:188} INFO - 📡 MLflow URI: http://172.18.0.4:5000
[2026-02-14T17:45:27.374+0000] {logging_mixin.py:188} INFO - 📊 Données validées: 24776 lignes
[2026-02-14T17:45:27.538+0000] {logging_mixin.py:188} INFO - 📂 Chargement des données...
[2026-02-14T17:45:27.594+0000] {logging_mixin.py:188} INFO - ✅ Données chargées: (24776, 32)
[2026-02-14T17:45:27.687+0000] {logging_mixin.py:188} INFO - 🔧 Prétraitement des données...
[2026-02-14T17:45:27.692+0000] {logging_mixin.py:188} INFO -   • Origine: rempli avec mode = 'WW au Maroc'
[2026-02-14T17:45:27.694+0000] {logging_mixin.py:188} INFO -   • Première main: rempli avec mode = 'Non'
[2026-02-14T17:45:27.696+0000] {logging_mixin.py:188} INFO -   • État: rempli avec mode = 'Excellent'
[2026-02-14T17:45:27.697+0000] {logging_mixin.py:188} INFO -   • Nombre de portes: rempli avec médiane = 5.0
[2026-02-14T17:45:27.706+0000] {logging_mixin.py:188} INFO -   • Doublons supprimés: 16652
[2026-02-14T17:45:27.754+0000] {logging_mixin.py:188} INFO -   • Outliers supprimés: 600
[2026-02-14T17:45:27.799+0000] {logging_mixin.py:188} INFO - ✅ Shape après prétraitement: (7524, 28)
[2026-02-14T17:45:27.799+0000] {logging_mixin.py:188} INFO - 🎯 Préparation des features...
[2026-02-14T17:45:27.802+0000] {logging_mixin.py:188} INFO -   • Features totales: 27
[2026-02-14T17:45:27.802+0000] {logging_mixin.py:188} INFO -   • Features catégorielles: 9
[2026-02-14T17:45:27.802+0000] {logging_mixin.py:188} INFO -   • Features numériques: 3
[2026-02-14T17:45:27.999+0000] {taskinstance.py:441} INFO - ::group::Post task execution logs
[2026-02-14T17:45:28.000+0000] {taskinstance.py:2905} ERROR - Task failed with exception
Traceback (most recent call last):
  File "/home/airflow/.local/lib/python3.12/site-packages/airflow/models/taskinstance.py", line 465, in _execute_task
    result = _execute_callable(context=context, **execute_callable_kwargs)
             ^^^^^^^^^^^^^^^^^^^^^^^^^^^^^^^^^^^^^^^^^^^^^^^^^^^^^^^^^^^^^
  File "/home/airflow/.local/lib/python3.12/site-packages/airflow/models/taskinstance.py", line 432, in _execute_callable
    return execute_callable(context=context, **execute_callable_kwargs)
           ^^^^^^^^^^^^^^^^^^^^^^^^^^^^^^^^^^^^^^^^^^^^^^^^^^^^^^^^^^^^
  File "/home/airflow/.local/lib/python3.12/site-packages/airflow/models/baseoperator.py", line 401, in wrapper
    return func(self, *args, **kwargs)
           ^^^^^^^^^^^^^^^^^^^^^^^^^^^
  File "/home/airflow/.local/lib/python3.12/site-packages/airflow/operators/python.py", line 235, in execute
    return_value = self.execute_callable()
                   ^^^^^^^^^^^^^^^^^^^^^^^
  File "/home/airflow/.local/lib/python3.12/site-packages/airflow/operators/python.py", line 252, in execute_callable
    return self.python_callable(*self.op_args, **self.op_kwargs)
           ^^^^^^^^^^^^^^^^^^^^^^^^^^^^^^^^^^^^^^^^^^^^^^^^^^^^^
  File "/opt/airflow/dags/car_price_ml_pipeline.py", line 118, in train_model
    X_scaled, y_scaled, feature_names = pipeline.prepare_features(df_clean)
                                        ^^^^^^^^^^^^^^^^^^^^^^^^^^^^^^^^^^^
  File "/opt/airflow/project/scripts/train_with_mlflow.py", line 126, in prepare_features
    joblib.dump(self.encoders, 'models/encoders.pkl')
  File "/home/airflow/.local/lib/python3.12/site-packages/joblib/numpy_pickle.py", line 552, in dump
    with open(filename, 'wb') as f:
         ^^^^^^^^^^^^^^^^^^^^
FileNotFoundError: [Errno 2] No such file or directory: 'models/encoders.pkl'
[2026-02-14T17:45:28.008+0000] {taskinstance.py:1206} INFO - Marking task as UP_FOR_RETRY. dag_id=car_price_predictor_pipeline, task_id=train_model, run_id=manual__2026-02-14T17:45:25+00:00, execution_date=20260214T174525, start_date=20260214T174526, end_date=20260214T174528
[2026-02-14T17:45:28.015+0000] {standard_task_runner.py:110} ERROR - Failed to execute job 63 for task train_model ([Errno 2] No such file or directory: 'models/encoders.pkl'; 353)
[2026-02-14T17:45:28.055+0000] {local_task_job_runner.py:243} INFO - Task exited with return code 1
[2026-02-14T17:45:28.068+0000] {taskinstance.py:3503} INFO - 0 downstream tasks scheduled from follow-on schedule check
[2026-02-14T17:45:28.069+0000] {local_task_job_runner.py:222} INFO - ::endgroup::
