[2026-02-14T17:50:32.998+0000] {local_task_job_runner.py:120} INFO - ::group::Pre task execution logs
[2026-02-14T17:50:33.008+0000] {taskinstance.py:2076} INFO - Dependencies all met for dep_context=non-requeueable deps ti=<TaskInstance: car_price_predictor_pipeline.train_model manual__2026-02-14T17:50:30.477953+00:00 [queued]>
[2026-02-14T17:50:33.011+0000] {taskinstance.py:2076} INFO - Dependencies all met for dep_context=requeueable deps ti=<TaskInstance: car_price_predictor_pipeline.train_model manual__2026-02-14T17:50:30.477953+00:00 [queued]>
[2026-02-14T17:50:33.012+0000] {taskinstance.py:2306} INFO - Starting attempt 1 of 3
[2026-02-14T17:50:33.018+0000] {taskinstance.py:2330} INFO - Executing <Task(PythonOperator): train_model> on 2026-02-14 17:50:30.477953+00:00
[2026-02-14T17:50:33.020+0000] {warnings.py:112} WARNING - /home/***/.local/lib/python3.12/site-packages/***/task/task_runner/standard_task_runner.py:62: DeprecationWarning: This process (pid=764) is multi-threaded, use of fork() may lead to deadlocks in the child.
  pid = os.fork()

[2026-02-14T17:50:33.021+0000] {standard_task_runner.py:64} INFO - Started process 765 to run task
[2026-02-14T17:50:33.021+0000] {standard_task_runner.py:90} INFO - Running: ['***', 'tasks', 'run', 'car_price_predictor_pipeline', 'train_model', 'manual__2026-02-14T17:50:30.477953+00:00', '--job-id', '77', '--raw', '--subdir', 'DAGS_FOLDER/car_price_ml_pipeline.py', '--cfg-path', '/tmp/tmpbvb1xt9y']
[2026-02-14T17:50:33.022+0000] {standard_task_runner.py:91} INFO - Job 77: Subtask train_model
[2026-02-14T17:50:33.039+0000] {task_command.py:426} INFO - Running <TaskInstance: car_price_predictor_pipeline.train_model manual__2026-02-14T17:50:30.477953+00:00 [running]> on host 2075ebc01f0b
[2026-02-14T17:50:33.076+0000] {taskinstance.py:2648} INFO - Exporting env vars: AIRFLOW_CTX_DAG_EMAIL='alerts@example.com' AIRFLOW_CTX_DAG_OWNER='data-science-team' AIRFLOW_CTX_DAG_ID='car_price_predictor_pipeline' AIRFLOW_CTX_TASK_ID='train_model' AIRFLOW_CTX_EXECUTION_DATE='2026-02-14T17:50:30.477953+00:00' AIRFLOW_CTX_TRY_NUMBER='1' AIRFLOW_CTX_DAG_RUN_ID='manual__2026-02-14T17:50:30.477953+00:00'
[2026-02-14T17:50:33.077+0000] {taskinstance.py:430} INFO - ::endgroup::
[2026-02-14T17:50:33.908+0000] {file_store.py:306} WARNING - Malformed experiment '1'. Detailed error Yaml file '/opt/***/project/mlflow/mlruns/1/meta.yaml' does not exist.
Traceback (most recent call last):
  File "/home/airflow/.local/lib/python3.12/site-packages/mlflow/store/tracking/file_store.py", line 302, in search_experiments
    exp = self._get_experiment(exp_id, view_type)
          ^^^^^^^^^^^^^^^^^^^^^^^^^^^^^^^^^^^^^^^
  File "/home/airflow/.local/lib/python3.12/site-packages/mlflow/store/tracking/file_store.py", line 395, in _get_experiment
    meta = FileStore._read_yaml(experiment_dir, FileStore.META_DATA_FILE_NAME)
           ^^^^^^^^^^^^^^^^^^^^^^^^^^^^^^^^^^^^^^^^^^^^^^^^^^^^^^^^^^^^^^^^^^^
  File "/home/airflow/.local/lib/python3.12/site-packages/mlflow/store/tracking/file_store.py", line 1303, in _read_yaml
    return _read_helper(root, file_name, attempts_remaining=retries)
           ^^^^^^^^^^^^^^^^^^^^^^^^^^^^^^^^^^^^^^^^^^^^^^^^^^^^^^^^^
  File "/home/airflow/.local/lib/python3.12/site-packages/mlflow/store/tracking/file_store.py", line 1296, in _read_helper
    result = read_yaml(root, file_name)
             ^^^^^^^^^^^^^^^^^^^^^^^^^^
  File "/home/airflow/.local/lib/python3.12/site-packages/mlflow/utils/file_utils.py", line 303, in read_yaml
    raise MissingConfigException(f"Yaml file '{file_path}' does not exist.")
mlflow.exceptions.MissingConfigException: Yaml file '/opt/***/project/mlflow/mlruns/1/meta.yaml' does not exist.
[2026-02-14T17:50:33.912+0000] {logging_mixin.py:188} INFO - 🚀 Démarrage de l'entraînement du modèle...
[2026-02-14T17:50:33.913+0000] {logging_mixin.py:188} INFO - 📡 MLflow URI: http://172.18.0.4:5000
[2026-02-14T17:50:33.935+0000] {logging_mixin.py:188} INFO - 📊 Données validées: 24776 lignes
[2026-02-14T17:50:34.093+0000] {logging_mixin.py:188} INFO - 📂 Chargement des données...
[2026-02-14T17:50:34.156+0000] {logging_mixin.py:188} INFO - ✅ Données chargées: (24776, 32)
[2026-02-14T17:50:34.248+0000] {logging_mixin.py:188} INFO - 🔧 Prétraitement des données...
[2026-02-14T17:50:34.253+0000] {logging_mixin.py:188} INFO -   • Origine: rempli avec mode = 'WW au Maroc'
[2026-02-14T17:50:34.255+0000] {logging_mixin.py:188} INFO -   • Première main: rempli avec mode = 'Non'
[2026-02-14T17:50:34.257+0000] {logging_mixin.py:188} INFO -   • État: rempli avec mode = 'Excellent'
[2026-02-14T17:50:34.258+0000] {logging_mixin.py:188} INFO -   • Nombre de portes: rempli avec médiane = 5.0
[2026-02-14T17:50:34.267+0000] {logging_mixin.py:188} INFO -   • Doublons supprimés: 16652
[2026-02-14T17:50:34.314+0000] {logging_mixin.py:188} INFO -   • Outliers supprimés: 600
[2026-02-14T17:50:34.359+0000] {logging_mixin.py:188} INFO - ✅ Shape après prétraitement: (7524, 28)
[2026-02-14T17:50:34.359+0000] {logging_mixin.py:188} INFO - 🎯 Préparation des features...
[2026-02-14T17:50:34.362+0000] {logging_mixin.py:188} INFO -   • Features totales: 27
[2026-02-14T17:50:34.362+0000] {logging_mixin.py:188} INFO -   • Features catégorielles: 9
[2026-02-14T17:50:34.362+0000] {logging_mixin.py:188} INFO -   • Features numériques: 3
[2026-02-14T17:50:34.528+0000] {logging_mixin.py:188} INFO - 🤖 Entraînement du modèle...
[2026-02-14T17:50:34.529+0000] {logging_mixin.py:188} INFO -   • Training set: 6019 samples
[2026-02-14T17:50:34.529+0000] {logging_mixin.py:188} INFO -   • Test set: 1505 samples
[2026-02-14T17:50:35.200+0000] {logging_mixin.py:188} INFO - ✅ Entraînement terminé!
[2026-02-14T17:50:35.204+0000] {warnings.py:112} WARNING - /home/***/.local/lib/python3.12/site-packages/sklearn/ensemble/_base.py:214: UserWarning: Loky-backed parallel loops cannot be called in a multiprocessing, setting n_jobs=1
  n_jobs = min(effective_n_jobs(n_jobs), n_estimators)

[2026-02-14T17:50:35.259+0000] {warnings.py:112} WARNING - /home/***/.local/lib/python3.12/site-packages/sklearn/ensemble/_base.py:214: UserWarning: Loky-backed parallel loops cannot be called in a multiprocessing, setting n_jobs=1
  n_jobs = min(effective_n_jobs(n_jobs), n_estimators)

[2026-02-14T17:50:35.608+0000] {logging_mixin.py:188} INFO - 
📊 Résultats:
[2026-02-14T17:50:35.609+0000] {logging_mixin.py:188} INFO -   Train R²: 0.8689
[2026-02-14T17:50:35.609+0000] {logging_mixin.py:188} INFO -   Test R²:  0.7299
[2026-02-14T17:50:35.609+0000] {logging_mixin.py:188} INFO -   Test RMSE: 0.5188
[2026-02-14T17:50:35.610+0000] {logging_mixin.py:188} INFO -   Test MAE:  0.3872
[2026-02-14T17:50:35.629+0000] {logging_mixin.py:188} INFO - 
🔝 Top 10 Features:
[2026-02-14T17:50:35.630+0000] {logging_mixin.py:188} INFO -   Année-Modèle: 0.3429
[2026-02-14T17:50:35.630+0000] {logging_mixin.py:188} INFO -   Boite de vitesses: 0.1007
[2026-02-14T17:50:35.630+0000] {logging_mixin.py:188} INFO -   Marque: 0.0991
[2026-02-14T17:50:35.630+0000] {logging_mixin.py:188} INFO -   Modèle: 0.0961
[2026-02-14T17:50:35.631+0000] {logging_mixin.py:188} INFO -   Puissance fiscale: 0.0935
[2026-02-14T17:50:35.631+0000] {logging_mixin.py:188} INFO -   Kilométrage: 0.0677
[2026-02-14T17:50:35.631+0000] {logging_mixin.py:188} INFO -   Ville: 0.0380
[2026-02-14T17:50:35.631+0000] {logging_mixin.py:188} INFO -   Première main: 0.0355
[2026-02-14T17:50:35.631+0000] {logging_mixin.py:188} INFO -   Type de carburant: 0.0345
[2026-02-14T17:50:35.631+0000] {logging_mixin.py:188} INFO -   ESP: 0.0253
[2026-02-14T17:50:36.001+0000] {logging_mixin.py:188} INFO - 💾 Sauvegarde du modèle...
[2026-02-14T17:50:36.080+0000] {taskinstance.py:441} INFO - ::group::Post task execution logs
[2026-02-14T17:50:36.080+0000] {taskinstance.py:2905} ERROR - Task failed with exception
Traceback (most recent call last):
  File "/home/airflow/.local/lib/python3.12/site-packages/airflow/models/taskinstance.py", line 465, in _execute_task
    result = _execute_callable(context=context, **execute_callable_kwargs)
             ^^^^^^^^^^^^^^^^^^^^^^^^^^^^^^^^^^^^^^^^^^^^^^^^^^^^^^^^^^^^^
  File "/home/airflow/.local/lib/python3.12/site-packages/airflow/models/taskinstance.py", line 432, in _execute_callable
    return execute_callable(context=context, **execute_callable_kwargs)
           ^^^^^^^^^^^^^^^^^^^^^^^^^^^^^^^^^^^^^^^^^^^^^^^^^^^^^^^^^^^^
  File "/home/airflow/.local/lib/python3.12/site-packages/airflow/models/baseoperator.py", line 401, in wrapper
    return func(self, *args, **kwargs)
           ^^^^^^^^^^^^^^^^^^^^^^^^^^^
  File "/home/airflow/.local/lib/python3.12/site-packages/airflow/operators/python.py", line 235, in execute
    return_value = self.execute_callable()
                   ^^^^^^^^^^^^^^^^^^^^^^^
  File "/home/airflow/.local/lib/python3.12/site-packages/airflow/operators/python.py", line 252, in execute_callable
    return self.python_callable(*self.op_args, **self.op_kwargs)
           ^^^^^^^^^^^^^^^^^^^^^^^^^^^^^^^^^^^^^^^^^^^^^^^^^^^^^
  File "/opt/airflow/dags/car_price_ml_pipeline.py", line 124, in train_model
    pipeline.save_model()
  File "/opt/airflow/project/scripts/train_with_mlflow.py", line 306, in save_model
    mlflow.sklearn.log_model(
TypeError: log_model() got an unexpected keyword argument 'name'
[2026-02-14T17:50:36.085+0000] {taskinstance.py:1206} INFO - Marking task as UP_FOR_RETRY. dag_id=car_price_predictor_pipeline, task_id=train_model, run_id=manual__2026-02-14T17:50:30.477953+00:00, execution_date=20260214T175030, start_date=20260214T175033, end_date=20260214T175036
[2026-02-14T17:50:36.090+0000] {standard_task_runner.py:110} ERROR - Failed to execute job 77 for task train_model (log_model() got an unexpected keyword argument 'name'; 765)
[2026-02-14T17:50:36.103+0000] {local_task_job_runner.py:243} INFO - Task exited with return code 1
[2026-02-14T17:50:36.112+0000] {taskinstance.py:3503} INFO - 0 downstream tasks scheduled from follow-on schedule check
[2026-02-14T17:50:36.112+0000] {local_task_job_runner.py:222} INFO - ::endgroup::
