[2026-02-14T17:25:57.336+0000] {local_task_job_runner.py:120} INFO - ::group::Pre task execution logs
[2026-02-14T17:25:57.346+0000] {taskinstance.py:2076} INFO - Dependencies all met for dep_context=non-requeueable deps ti=<TaskInstance: car_price_predictor_pipeline.train_model manual__2026-02-14T17:20:53+00:00 [queued]>
[2026-02-14T17:25:57.349+0000] {taskinstance.py:2076} INFO - Dependencies all met for dep_context=requeueable deps ti=<TaskInstance: car_price_predictor_pipeline.train_model manual__2026-02-14T17:20:53+00:00 [queued]>
[2026-02-14T17:25:57.349+0000] {taskinstance.py:2306} INFO - Starting attempt 2 of 3
[2026-02-14T17:25:57.354+0000] {taskinstance.py:2330} INFO - Executing <Task(PythonOperator): train_model> on 2026-02-14 17:20:53+00:00
[2026-02-14T17:25:57.357+0000] {warnings.py:112} WARNING - /home/***/.local/lib/python3.12/site-packages/***/task/task_runner/standard_task_runner.py:62: DeprecationWarning: This process (pid=106) is multi-threaded, use of fork() may lead to deadlocks in the child.
  pid = os.fork()

[2026-02-14T17:25:57.357+0000] {standard_task_runner.py:64} INFO - Started process 107 to run task
[2026-02-14T17:25:57.357+0000] {standard_task_runner.py:90} INFO - Running: ['***', 'tasks', 'run', 'car_price_predictor_pipeline', 'train_model', 'manual__2026-02-14T17:20:53+00:00', '--job-id', '39', '--raw', '--subdir', 'DAGS_FOLDER/car_price_ml_pipeline.py', '--cfg-path', '/tmp/tmpt5ul7ss4']
[2026-02-14T17:25:57.358+0000] {standard_task_runner.py:91} INFO - Job 39: Subtask train_model
[2026-02-14T17:25:57.374+0000] {task_command.py:426} INFO - Running <TaskInstance: car_price_predictor_pipeline.train_model manual__2026-02-14T17:20:53+00:00 [running]> on host 2075ebc01f0b
[2026-02-14T17:25:57.397+0000] {taskinstance.py:2648} INFO - Exporting env vars: AIRFLOW_CTX_DAG_EMAIL='alerts@example.com' AIRFLOW_CTX_DAG_OWNER='data-science-team' AIRFLOW_CTX_DAG_ID='car_price_predictor_pipeline' AIRFLOW_CTX_TASK_ID='train_model' AIRFLOW_CTX_EXECUTION_DATE='2026-02-14T17:20:53+00:00' AIRFLOW_CTX_TRY_NUMBER='2' AIRFLOW_CTX_DAG_RUN_ID='manual__2026-02-14T17:20:53+00:00'
[2026-02-14T17:25:57.398+0000] {taskinstance.py:430} INFO - ::endgroup::
[2026-02-14T17:25:58.356+0000] {file_store.py:306} WARNING - Malformed experiment '1'. Detailed error Yaml file '/opt/***/project/mlflow/mlruns/1/meta.yaml' does not exist.
Traceback (most recent call last):
  File "/home/airflow/.local/lib/python3.12/site-packages/mlflow/store/tracking/file_store.py", line 302, in search_experiments
    exp = self._get_experiment(exp_id, view_type)
          ^^^^^^^^^^^^^^^^^^^^^^^^^^^^^^^^^^^^^^^
  File "/home/airflow/.local/lib/python3.12/site-packages/mlflow/store/tracking/file_store.py", line 395, in _get_experiment
    meta = FileStore._read_yaml(experiment_dir, FileStore.META_DATA_FILE_NAME)
           ^^^^^^^^^^^^^^^^^^^^^^^^^^^^^^^^^^^^^^^^^^^^^^^^^^^^^^^^^^^^^^^^^^^
  File "/home/airflow/.local/lib/python3.12/site-packages/mlflow/store/tracking/file_store.py", line 1303, in _read_yaml
    return _read_helper(root, file_name, attempts_remaining=retries)
           ^^^^^^^^^^^^^^^^^^^^^^^^^^^^^^^^^^^^^^^^^^^^^^^^^^^^^^^^^
  File "/home/airflow/.local/lib/python3.12/site-packages/mlflow/store/tracking/file_store.py", line 1296, in _read_helper
    result = read_yaml(root, file_name)
             ^^^^^^^^^^^^^^^^^^^^^^^^^^
  File "/home/airflow/.local/lib/python3.12/site-packages/mlflow/utils/file_utils.py", line 303, in read_yaml
    raise MissingConfigException(f"Yaml file '{file_path}' does not exist.")
mlflow.exceptions.MissingConfigException: Yaml file '/opt/***/project/mlflow/mlruns/1/meta.yaml' does not exist.
[2026-02-14T17:25:58.362+0000] {logging_mixin.py:188} INFO - 🚀 Démarrage de l'entraînement du modèle...
[2026-02-14T17:25:58.375+0000] {taskinstance.py:441} INFO - ::group::Post task execution logs
[2026-02-14T17:25:58.375+0000] {taskinstance.py:2905} ERROR - Task failed with exception
Traceback (most recent call last):
  File "/home/airflow/.local/lib/python3.12/site-packages/airflow/models/taskinstance.py", line 465, in _execute_task
    result = _execute_callable(context=context, **execute_callable_kwargs)
             ^^^^^^^^^^^^^^^^^^^^^^^^^^^^^^^^^^^^^^^^^^^^^^^^^^^^^^^^^^^^^
  File "/home/airflow/.local/lib/python3.12/site-packages/airflow/models/taskinstance.py", line 432, in _execute_callable
    return execute_callable(context=context, **execute_callable_kwargs)
           ^^^^^^^^^^^^^^^^^^^^^^^^^^^^^^^^^^^^^^^^^^^^^^^^^^^^^^^^^^^^
  File "/home/airflow/.local/lib/python3.12/site-packages/airflow/models/baseoperator.py", line 401, in wrapper
    return func(self, *args, **kwargs)
           ^^^^^^^^^^^^^^^^^^^^^^^^^^^
  File "/home/airflow/.local/lib/python3.12/site-packages/airflow/operators/python.py", line 235, in execute
    return_value = self.execute_callable()
                   ^^^^^^^^^^^^^^^^^^^^^^^
  File "/home/airflow/.local/lib/python3.12/site-packages/airflow/operators/python.py", line 252, in execute_callable
    return self.python_callable(*self.op_args, **self.op_kwargs)
           ^^^^^^^^^^^^^^^^^^^^^^^^^^^^^^^^^^^^^^^^^^^^^^^^^^^^^
  File "/opt/airflow/dags/car_price_ml_pipeline.py", line 85, in train_model
    mlflow.set_experiment("car_price_prediction")
  File "/home/airflow/.local/lib/python3.12/site-packages/mlflow/tracking/fluent.py", line 135, in set_experiment
    experiment = client.get_experiment_by_name(experiment_name)
                 ^^^^^^^^^^^^^^^^^^^^^^^^^^^^^^^^^^^^^^^^^^^^^^
  File "/home/airflow/.local/lib/python3.12/site-packages/mlflow/tracking/client.py", line 520, in get_experiment_by_name
    return self._tracking_client.get_experiment_by_name(name)
           ^^^^^^^^^^^^^^^^^^^^^^^^^^^^^^^^^^^^^^^^^^^^^^^^^^
  File "/home/airflow/.local/lib/python3.12/site-packages/mlflow/tracking/_tracking_service/client.py", line 221, in get_experiment_by_name
    return self.store.get_experiment_by_name(name)
           ^^^^^^^^^^^^^^^^^^^^^^^^^^^^^^^^^^^^^^^
  File "/home/airflow/.local/lib/python3.12/site-packages/mlflow/store/tracking/rest_store.py", line 306, in get_experiment_by_name
    response_proto = self._call_endpoint(GetExperimentByName, req_body)
                     ^^^^^^^^^^^^^^^^^^^^^^^^^^^^^^^^^^^^^^^^^^^^^^^^^^
  File "/home/airflow/.local/lib/python3.12/site-packages/mlflow/store/tracking/rest_store.py", line 59, in _call_endpoint
    return call_endpoint(self.get_host_creds(), endpoint, method, json_body, response_proto)
           ^^^^^^^^^^^^^^^^^^^^^^^^^^^^^^^^^^^^^^^^^^^^^^^^^^^^^^^^^^^^^^^^^^^^^^^^^^^^^^^^^
  File "/home/airflow/.local/lib/python3.12/site-packages/mlflow/utils/rest_utils.py", line 219, in call_endpoint
    response = verify_rest_response(response, endpoint)
               ^^^^^^^^^^^^^^^^^^^^^^^^^^^^^^^^^^^^^^^^
  File "/home/airflow/.local/lib/python3.12/site-packages/mlflow/utils/rest_utils.py", line 157, in verify_rest_response
    raise MlflowException(
mlflow.exceptions.MlflowException: API request to endpoint /api/2.0/mlflow/experiments/get-by-name failed with error code 403 != 200. Response body: 'Invalid Host header - possible DNS rebinding attack detected'
[2026-02-14T17:25:58.380+0000] {taskinstance.py:1206} INFO - Marking task as UP_FOR_RETRY. dag_id=car_price_predictor_pipeline, task_id=train_model, run_id=manual__2026-02-14T17:20:53+00:00, execution_date=20260214T172053, start_date=20260214T172557, end_date=20260214T172558
[2026-02-14T17:25:58.385+0000] {standard_task_runner.py:110} ERROR - Failed to execute job 39 for task train_model (API request to endpoint /api/2.0/mlflow/experiments/get-by-name failed with error code 403 != 200. Response body: 'Invalid Host header - possible DNS rebinding attack detected'; 107)
[2026-02-14T17:25:58.403+0000] {local_task_job_runner.py:243} INFO - Task exited with return code 1
[2026-02-14T17:25:58.412+0000] {taskinstance.py:3503} INFO - 0 downstream tasks scheduled from follow-on schedule check
[2026-02-14T17:25:58.413+0000] {local_task_job_runner.py:222} INFO - ::endgroup::
