[2026-02-14T16:40:25.697+0000] {local_task_job_runner.py:120} INFO - ::group::Pre task execution logs
[2026-02-14T16:40:25.707+0000] {taskinstance.py:2076} INFO - Dependencies all met for dep_context=non-requeueable deps ti=<TaskInstance: car_price_predictor_pipeline.check_data_quality manual__2026-02-14T16:40:24.946765+00:00 [queued]>
[2026-02-14T16:40:25.710+0000] {taskinstance.py:2076} INFO - Dependencies all met for dep_context=requeueable deps ti=<TaskInstance: car_price_predictor_pipeline.check_data_quality manual__2026-02-14T16:40:24.946765+00:00 [queued]>
[2026-02-14T16:40:25.710+0000] {taskinstance.py:2306} INFO - Starting attempt 1 of 3
[2026-02-14T16:40:25.714+0000] {taskinstance.py:2330} INFO - Executing <Task(PythonOperator): check_data_quality> on 2026-02-14 16:40:24.946765+00:00
[2026-02-14T16:40:25.716+0000] {warnings.py:112} WARNING - /home/***/.local/lib/python3.12/site-packages/***/task/task_runner/standard_task_runner.py:62: DeprecationWarning: This process (pid=49) is multi-threaded, use of fork() may lead to deadlocks in the child.
  pid = os.fork()

[2026-02-14T16:40:25.717+0000] {standard_task_runner.py:64} INFO - Started process 50 to run task
[2026-02-14T16:40:25.717+0000] {standard_task_runner.py:90} INFO - Running: ['***', 'tasks', 'run', 'car_price_predictor_pipeline', 'check_data_quality', 'manual__2026-02-14T16:40:24.946765+00:00', '--job-id', '11', '--raw', '--subdir', 'DAGS_FOLDER/car_price_ml_pipeline.py', '--cfg-path', '/tmp/tmp64jxoelb']
[2026-02-14T16:40:25.718+0000] {standard_task_runner.py:91} INFO - Job 11: Subtask check_data_quality
[2026-02-14T16:40:25.746+0000] {task_command.py:426} INFO - Running <TaskInstance: car_price_predictor_pipeline.check_data_quality manual__2026-02-14T16:40:24.946765+00:00 [running]> on host ccf7b04a54f5
[2026-02-14T16:40:25.778+0000] {taskinstance.py:2648} INFO - Exporting env vars: AIRFLOW_CTX_DAG_EMAIL='alerts@example.com' AIRFLOW_CTX_DAG_OWNER='data-science-team' AIRFLOW_CTX_DAG_ID='car_price_predictor_pipeline' AIRFLOW_CTX_TASK_ID='check_data_quality' AIRFLOW_CTX_EXECUTION_DATE='2026-02-14T16:40:24.946765+00:00' AIRFLOW_CTX_TRY_NUMBER='1' AIRFLOW_CTX_DAG_RUN_ID='manual__2026-02-14T16:40:24.946765+00:00'
[2026-02-14T16:40:25.778+0000] {taskinstance.py:430} INFO - ::endgroup::
[2026-02-14T16:40:26.639+0000] {taskinstance.py:441} INFO - ::group::Post task execution logs
[2026-02-14T16:40:26.639+0000] {taskinstance.py:2905} ERROR - Task failed with exception
Traceback (most recent call last):
  File "/home/airflow/.local/lib/python3.12/site-packages/airflow/models/taskinstance.py", line 465, in _execute_task
    result = _execute_callable(context=context, **execute_callable_kwargs)
             ^^^^^^^^^^^^^^^^^^^^^^^^^^^^^^^^^^^^^^^^^^^^^^^^^^^^^^^^^^^^^
  File "/home/airflow/.local/lib/python3.12/site-packages/airflow/models/taskinstance.py", line 432, in _execute_callable
    return execute_callable(context=context, **execute_callable_kwargs)
           ^^^^^^^^^^^^^^^^^^^^^^^^^^^^^^^^^^^^^^^^^^^^^^^^^^^^^^^^^^^^
  File "/home/airflow/.local/lib/python3.12/site-packages/airflow/models/baseoperator.py", line 401, in wrapper
    return func(self, *args, **kwargs)
           ^^^^^^^^^^^^^^^^^^^^^^^^^^^
  File "/home/airflow/.local/lib/python3.12/site-packages/airflow/operators/python.py", line 235, in execute
    return_value = self.execute_callable()
                   ^^^^^^^^^^^^^^^^^^^^^^^
  File "/home/airflow/.local/lib/python3.12/site-packages/airflow/operators/python.py", line 252, in execute_callable
    return self.python_callable(*self.op_args, **self.op_kwargs)
           ^^^^^^^^^^^^^^^^^^^^^^^^^^^^^^^^^^^^^^^^^^^^^^^^^^^^^
  File "/opt/airflow/dags/car_price_ml_pipeline.py", line 43, in check_data_quality
    import mlflow
ModuleNotFoundError: No module named 'mlflow'
[2026-02-14T16:40:26.645+0000] {taskinstance.py:1206} INFO - Marking task as UP_FOR_RETRY. dag_id=car_price_predictor_pipeline, task_id=check_data_quality, run_id=manual__2026-02-14T16:40:24.946765+00:00, execution_date=20260214T164024, start_date=20260214T164025, end_date=20260214T164026
[2026-02-14T16:40:26.650+0000] {standard_task_runner.py:110} ERROR - Failed to execute job 11 for task check_data_quality (No module named 'mlflow'; 50)
[2026-02-14T16:40:26.668+0000] {local_task_job_runner.py:243} INFO - Task exited with return code 1
[2026-02-14T16:40:26.678+0000] {taskinstance.py:3503} INFO - 0 downstream tasks scheduled from follow-on schedule check
[2026-02-14T16:40:26.679+0000] {local_task_job_runner.py:222} INFO - ::endgroup::
