[2026-02-14T15:46:36.598+0000] {processor.py:161} INFO - Started process (PID=39) to work on /opt/airflow/dags/car_price_ml_pipeline.py
[2026-02-14T15:46:36.599+0000] {processor.py:830} INFO - Processing file /opt/airflow/dags/car_price_ml_pipeline.py for tasks to queue
[2026-02-14T15:46:36.602+0000] {logging_mixin.py:188} INFO - [2026-02-14T15:46:36.602+0000] {dagbag.py:545} INFO - Filling up the DagBag from /opt/airflow/dags/car_price_ml_pipeline.py
[2026-02-14T15:46:36.624+0000] {processor.py:840} INFO - DAG(s) 'car_price_predictor_pipeline' retrieved from /opt/airflow/dags/car_price_ml_pipeline.py
[2026-02-14T15:46:36.798+0000] {logging_mixin.py:188} INFO - [2026-02-14T15:46:36.798+0000] {override.py:1858} INFO - Created Permission View: can edit on DAG:car_price_predictor_pipeline
[2026-02-14T15:46:36.808+0000] {logging_mixin.py:188} INFO - [2026-02-14T15:46:36.808+0000] {override.py:1858} INFO - Created Permission View: can delete on DAG:car_price_predictor_pipeline
[2026-02-14T15:46:36.816+0000] {logging_mixin.py:188} INFO - [2026-02-14T15:46:36.816+0000] {override.py:1858} INFO - Created Permission View: can read on DAG:car_price_predictor_pipeline
[2026-02-14T15:46:36.818+0000] {logging_mixin.py:188} INFO - [2026-02-14T15:46:36.818+0000] {dag.py:3089} INFO - Sync 1 DAGs
[2026-02-14T15:46:36.830+0000] {logging_mixin.py:188} INFO - [2026-02-14T15:46:36.830+0000] {dag.py:3111} INFO - Creating ORM DAG for car_price_predictor_pipeline
[2026-02-14T15:46:36.842+0000] {logging_mixin.py:188} INFO - [2026-02-14T15:46:36.842+0000] {dag.py:3947} INFO - Setting next_dagrun for car_price_predictor_pipeline to 2026-02-15 00:00:00+00:00, run_after=2026-02-22 00:00:00+00:00
[2026-02-14T15:46:36.859+0000] {processor.py:183} INFO - Processing /opt/airflow/dags/car_price_ml_pipeline.py took 0.265 seconds
[2026-02-14T15:47:06.974+0000] {processor.py:161} INFO - Started process (PID=98) to work on /opt/airflow/dags/car_price_ml_pipeline.py
[2026-02-14T15:47:06.975+0000] {processor.py:830} INFO - Processing file /opt/airflow/dags/car_price_ml_pipeline.py for tasks to queue
[2026-02-14T15:47:06.977+0000] {logging_mixin.py:188} INFO - [2026-02-14T15:47:06.977+0000] {dagbag.py:545} INFO - Filling up the DagBag from /opt/airflow/dags/car_price_ml_pipeline.py
[2026-02-14T15:47:07.010+0000] {processor.py:840} INFO - DAG(s) 'car_price_predictor_pipeline' retrieved from /opt/airflow/dags/car_price_ml_pipeline.py
[2026-02-14T15:47:07.031+0000] {logging_mixin.py:188} INFO - [2026-02-14T15:47:07.031+0000] {dag.py:3089} INFO - Sync 1 DAGs
[2026-02-14T15:47:07.044+0000] {logging_mixin.py:188} INFO - [2026-02-14T15:47:07.043+0000] {dag.py:3947} INFO - Setting next_dagrun for car_price_predictor_pipeline to 2026-02-15 00:00:00+00:00, run_after=2026-02-22 00:00:00+00:00
[2026-02-14T15:47:07.052+0000] {processor.py:183} INFO - Processing /opt/airflow/dags/car_price_ml_pipeline.py took 0.085 seconds
[2026-02-14T15:47:37.228+0000] {processor.py:161} INFO - Started process (PID=157) to work on /opt/airflow/dags/car_price_ml_pipeline.py
[2026-02-14T15:47:37.229+0000] {processor.py:830} INFO - Processing file /opt/airflow/dags/car_price_ml_pipeline.py for tasks to queue
[2026-02-14T15:47:37.231+0000] {logging_mixin.py:188} INFO - [2026-02-14T15:47:37.230+0000] {dagbag.py:545} INFO - Filling up the DagBag from /opt/airflow/dags/car_price_ml_pipeline.py
[2026-02-14T15:47:37.241+0000] {processor.py:840} INFO - DAG(s) 'car_price_predictor_pipeline' retrieved from /opt/airflow/dags/car_price_ml_pipeline.py
[2026-02-14T15:47:37.257+0000] {logging_mixin.py:188} INFO - [2026-02-14T15:47:37.257+0000] {dag.py:3089} INFO - Sync 1 DAGs
[2026-02-14T15:47:37.270+0000] {logging_mixin.py:188} INFO - [2026-02-14T15:47:37.270+0000] {dag.py:3947} INFO - Setting next_dagrun for car_price_predictor_pipeline to 2026-02-15 00:00:00+00:00, run_after=2026-02-22 00:00:00+00:00
[2026-02-14T15:47:37.286+0000] {processor.py:183} INFO - Processing /opt/airflow/dags/car_price_ml_pipeline.py took 0.066 seconds
[2026-02-14T15:48:07.867+0000] {processor.py:161} INFO - Started process (PID=216) to work on /opt/airflow/dags/car_price_ml_pipeline.py
[2026-02-14T15:48:07.868+0000] {processor.py:830} INFO - Processing file /opt/airflow/dags/car_price_ml_pipeline.py for tasks to queue
[2026-02-14T15:48:07.871+0000] {logging_mixin.py:188} INFO - [2026-02-14T15:48:07.870+0000] {dagbag.py:545} INFO - Filling up the DagBag from /opt/airflow/dags/car_price_ml_pipeline.py
[2026-02-14T15:48:07.879+0000] {processor.py:840} INFO - DAG(s) 'car_price_predictor_pipeline' retrieved from /opt/airflow/dags/car_price_ml_pipeline.py
[2026-02-14T15:48:07.895+0000] {logging_mixin.py:188} INFO - [2026-02-14T15:48:07.895+0000] {dag.py:3089} INFO - Sync 1 DAGs
[2026-02-14T15:48:07.909+0000] {logging_mixin.py:188} INFO - [2026-02-14T15:48:07.909+0000] {dag.py:3947} INFO - Setting next_dagrun for car_price_predictor_pipeline to 2026-02-15 00:00:00+00:00, run_after=2026-02-22 00:00:00+00:00
[2026-02-14T15:48:07.918+0000] {processor.py:183} INFO - Processing /opt/airflow/dags/car_price_ml_pipeline.py took 0.056 seconds
[2026-02-14T15:48:38.437+0000] {processor.py:161} INFO - Started process (PID=275) to work on /opt/airflow/dags/car_price_ml_pipeline.py
[2026-02-14T15:48:38.439+0000] {processor.py:830} INFO - Processing file /opt/airflow/dags/car_price_ml_pipeline.py for tasks to queue
[2026-02-14T15:48:38.442+0000] {logging_mixin.py:188} INFO - [2026-02-14T15:48:38.441+0000] {dagbag.py:545} INFO - Filling up the DagBag from /opt/airflow/dags/car_price_ml_pipeline.py
[2026-02-14T15:48:38.455+0000] {processor.py:840} INFO - DAG(s) 'car_price_predictor_pipeline' retrieved from /opt/airflow/dags/car_price_ml_pipeline.py
[2026-02-14T15:48:38.473+0000] {logging_mixin.py:188} INFO - [2026-02-14T15:48:38.473+0000] {dag.py:3089} INFO - Sync 1 DAGs
[2026-02-14T15:48:38.494+0000] {logging_mixin.py:188} INFO - [2026-02-14T15:48:38.493+0000] {dag.py:3947} INFO - Setting next_dagrun for car_price_predictor_pipeline to 2026-02-15 00:00:00+00:00, run_after=2026-02-22 00:00:00+00:00
[2026-02-14T15:48:38.514+0000] {processor.py:183} INFO - Processing /opt/airflow/dags/car_price_ml_pipeline.py took 0.085 seconds
[2026-02-14T15:49:09.110+0000] {processor.py:161} INFO - Started process (PID=334) to work on /opt/airflow/dags/car_price_ml_pipeline.py
[2026-02-14T15:49:09.111+0000] {processor.py:830} INFO - Processing file /opt/airflow/dags/car_price_ml_pipeline.py for tasks to queue
[2026-02-14T15:49:09.114+0000] {logging_mixin.py:188} INFO - [2026-02-14T15:49:09.114+0000] {dagbag.py:545} INFO - Filling up the DagBag from /opt/airflow/dags/car_price_ml_pipeline.py
[2026-02-14T15:49:09.124+0000] {processor.py:840} INFO - DAG(s) 'car_price_predictor_pipeline' retrieved from /opt/airflow/dags/car_price_ml_pipeline.py
[2026-02-14T15:49:09.143+0000] {logging_mixin.py:188} INFO - [2026-02-14T15:49:09.142+0000] {dag.py:3089} INFO - Sync 1 DAGs
[2026-02-14T15:49:09.159+0000] {logging_mixin.py:188} INFO - [2026-02-14T15:49:09.159+0000] {dag.py:3947} INFO - Setting next_dagrun for car_price_predictor_pipeline to 2026-02-15 00:00:00+00:00, run_after=2026-02-22 00:00:00+00:00
[2026-02-14T15:49:09.172+0000] {processor.py:183} INFO - Processing /opt/airflow/dags/car_price_ml_pipeline.py took 0.072 seconds
[2026-02-14T15:49:39.569+0000] {processor.py:161} INFO - Started process (PID=399) to work on /opt/airflow/dags/car_price_ml_pipeline.py
[2026-02-14T15:49:39.571+0000] {processor.py:830} INFO - Processing file /opt/airflow/dags/car_price_ml_pipeline.py for tasks to queue
[2026-02-14T15:49:39.573+0000] {logging_mixin.py:188} INFO - [2026-02-14T15:49:39.573+0000] {dagbag.py:545} INFO - Filling up the DagBag from /opt/airflow/dags/car_price_ml_pipeline.py
[2026-02-14T15:49:39.586+0000] {processor.py:840} INFO - DAG(s) 'car_price_predictor_pipeline' retrieved from /opt/airflow/dags/car_price_ml_pipeline.py
[2026-02-14T15:49:39.596+0000] {logging_mixin.py:188} INFO - [2026-02-14T15:49:39.596+0000] {dag.py:3089} INFO - Sync 1 DAGs
[2026-02-14T15:49:39.604+0000] {logging_mixin.py:188} INFO - [2026-02-14T15:49:39.604+0000] {dag.py:3947} INFO - Setting next_dagrun for car_price_predictor_pipeline to 2026-02-15 00:00:00+00:00, run_after=2026-02-22 00:00:00+00:00
[2026-02-14T15:49:39.611+0000] {processor.py:183} INFO - Processing /opt/airflow/dags/car_price_ml_pipeline.py took 0.049 seconds
[2026-02-14T15:50:09.938+0000] {processor.py:161} INFO - Started process (PID=458) to work on /opt/airflow/dags/car_price_ml_pipeline.py
[2026-02-14T15:50:09.939+0000] {processor.py:830} INFO - Processing file /opt/airflow/dags/car_price_ml_pipeline.py for tasks to queue
[2026-02-14T15:50:09.940+0000] {logging_mixin.py:188} INFO - [2026-02-14T15:50:09.940+0000] {dagbag.py:545} INFO - Filling up the DagBag from /opt/airflow/dags/car_price_ml_pipeline.py
[2026-02-14T15:50:09.946+0000] {processor.py:840} INFO - DAG(s) 'car_price_predictor_pipeline' retrieved from /opt/airflow/dags/car_price_ml_pipeline.py
[2026-02-14T15:50:09.959+0000] {logging_mixin.py:188} INFO - [2026-02-14T15:50:09.959+0000] {dag.py:3089} INFO - Sync 1 DAGs
[2026-02-14T15:50:09.969+0000] {logging_mixin.py:188} INFO - [2026-02-14T15:50:09.969+0000] {dag.py:3947} INFO - Setting next_dagrun for car_price_predictor_pipeline to 2026-02-15 00:00:00+00:00, run_after=2026-02-22 00:00:00+00:00
[2026-02-14T15:50:09.977+0000] {processor.py:183} INFO - Processing /opt/airflow/dags/car_price_ml_pipeline.py took 0.041 seconds
[2026-02-14T15:50:40.342+0000] {processor.py:161} INFO - Started process (PID=517) to work on /opt/airflow/dags/car_price_ml_pipeline.py
[2026-02-14T15:50:40.343+0000] {processor.py:830} INFO - Processing file /opt/airflow/dags/car_price_ml_pipeline.py for tasks to queue
[2026-02-14T15:50:40.346+0000] {logging_mixin.py:188} INFO - [2026-02-14T15:50:40.345+0000] {dagbag.py:545} INFO - Filling up the DagBag from /opt/airflow/dags/car_price_ml_pipeline.py
[2026-02-14T15:50:40.354+0000] {processor.py:840} INFO - DAG(s) 'car_price_predictor_pipeline' retrieved from /opt/airflow/dags/car_price_ml_pipeline.py
[2026-02-14T15:50:40.366+0000] {logging_mixin.py:188} INFO - [2026-02-14T15:50:40.366+0000] {dag.py:3089} INFO - Sync 1 DAGs
[2026-02-14T15:50:40.377+0000] {logging_mixin.py:188} INFO - [2026-02-14T15:50:40.377+0000] {dag.py:3947} INFO - Setting next_dagrun for car_price_predictor_pipeline to 2026-02-15 00:00:00+00:00, run_after=2026-02-22 00:00:00+00:00
[2026-02-14T15:50:40.386+0000] {processor.py:183} INFO - Processing /opt/airflow/dags/car_price_ml_pipeline.py took 0.052 seconds
[2026-02-14T15:51:10.880+0000] {processor.py:161} INFO - Started process (PID=576) to work on /opt/airflow/dags/car_price_ml_pipeline.py
[2026-02-14T15:51:10.881+0000] {processor.py:830} INFO - Processing file /opt/airflow/dags/car_price_ml_pipeline.py for tasks to queue
[2026-02-14T15:51:10.889+0000] {logging_mixin.py:188} INFO - [2026-02-14T15:51:10.889+0000] {dagbag.py:545} INFO - Filling up the DagBag from /opt/airflow/dags/car_price_ml_pipeline.py
[2026-02-14T15:51:10.922+0000] {processor.py:840} INFO - DAG(s) 'car_price_predictor_pipeline' retrieved from /opt/airflow/dags/car_price_ml_pipeline.py
[2026-02-14T15:51:10.945+0000] {logging_mixin.py:188} INFO - [2026-02-14T15:51:10.945+0000] {dag.py:3089} INFO - Sync 1 DAGs
[2026-02-14T15:51:10.959+0000] {logging_mixin.py:188} INFO - [2026-02-14T15:51:10.959+0000] {dag.py:3947} INFO - Setting next_dagrun for car_price_predictor_pipeline to 2026-02-15 00:00:00+00:00, run_after=2026-02-22 00:00:00+00:00
[2026-02-14T15:51:10.969+0000] {processor.py:183} INFO - Processing /opt/airflow/dags/car_price_ml_pipeline.py took 0.109 seconds
[2026-02-14T15:51:41.557+0000] {processor.py:161} INFO - Started process (PID=635) to work on /opt/airflow/dags/car_price_ml_pipeline.py
[2026-02-14T15:51:41.558+0000] {processor.py:830} INFO - Processing file /opt/airflow/dags/car_price_ml_pipeline.py for tasks to queue
[2026-02-14T15:51:41.561+0000] {logging_mixin.py:188} INFO - [2026-02-14T15:51:41.561+0000] {dagbag.py:545} INFO - Filling up the DagBag from /opt/airflow/dags/car_price_ml_pipeline.py
[2026-02-14T15:51:41.572+0000] {processor.py:840} INFO - DAG(s) 'car_price_predictor_pipeline' retrieved from /opt/airflow/dags/car_price_ml_pipeline.py
[2026-02-14T15:51:41.588+0000] {logging_mixin.py:188} INFO - [2026-02-14T15:51:41.588+0000] {dag.py:3089} INFO - Sync 1 DAGs
[2026-02-14T15:51:41.598+0000] {logging_mixin.py:188} INFO - [2026-02-14T15:51:41.598+0000] {dag.py:3947} INFO - Setting next_dagrun for car_price_predictor_pipeline to 2026-02-15 00:00:00+00:00, run_after=2026-02-22 00:00:00+00:00
[2026-02-14T15:51:41.606+0000] {processor.py:183} INFO - Processing /opt/airflow/dags/car_price_ml_pipeline.py took 0.058 seconds
[2026-02-14T15:52:11.974+0000] {processor.py:161} INFO - Started process (PID=694) to work on /opt/airflow/dags/car_price_ml_pipeline.py
[2026-02-14T15:52:11.975+0000] {processor.py:830} INFO - Processing file /opt/airflow/dags/car_price_ml_pipeline.py for tasks to queue
[2026-02-14T15:52:11.978+0000] {logging_mixin.py:188} INFO - [2026-02-14T15:52:11.977+0000] {dagbag.py:545} INFO - Filling up the DagBag from /opt/airflow/dags/car_price_ml_pipeline.py
[2026-02-14T15:52:11.988+0000] {processor.py:840} INFO - DAG(s) 'car_price_predictor_pipeline' retrieved from /opt/airflow/dags/car_price_ml_pipeline.py
[2026-02-14T15:52:12.006+0000] {logging_mixin.py:188} INFO - [2026-02-14T15:52:12.006+0000] {dag.py:3089} INFO - Sync 1 DAGs
[2026-02-14T15:52:12.019+0000] {logging_mixin.py:188} INFO - [2026-02-14T15:52:12.019+0000] {dag.py:3947} INFO - Setting next_dagrun for car_price_predictor_pipeline to 2026-02-15 00:00:00+00:00, run_after=2026-02-22 00:00:00+00:00
[2026-02-14T15:52:12.028+0000] {processor.py:183} INFO - Processing /opt/airflow/dags/car_price_ml_pipeline.py took 0.063 seconds
[2026-02-14T15:52:42.498+0000] {processor.py:161} INFO - Started process (PID=753) to work on /opt/airflow/dags/car_price_ml_pipeline.py
[2026-02-14T15:52:42.499+0000] {processor.py:830} INFO - Processing file /opt/airflow/dags/car_price_ml_pipeline.py for tasks to queue
[2026-02-14T15:52:42.500+0000] {logging_mixin.py:188} INFO - [2026-02-14T15:52:42.500+0000] {dagbag.py:545} INFO - Filling up the DagBag from /opt/airflow/dags/car_price_ml_pipeline.py
[2026-02-14T15:52:42.505+0000] {processor.py:840} INFO - DAG(s) 'car_price_predictor_pipeline' retrieved from /opt/airflow/dags/car_price_ml_pipeline.py
[2026-02-14T15:52:42.517+0000] {logging_mixin.py:188} INFO - [2026-02-14T15:52:42.517+0000] {dag.py:3089} INFO - Sync 1 DAGs
[2026-02-14T15:52:42.526+0000] {logging_mixin.py:188} INFO - [2026-02-14T15:52:42.526+0000] {dag.py:3947} INFO - Setting next_dagrun for car_price_predictor_pipeline to 2026-02-15 00:00:00+00:00, run_after=2026-02-22 00:00:00+00:00
[2026-02-14T15:52:42.534+0000] {processor.py:183} INFO - Processing /opt/airflow/dags/car_price_ml_pipeline.py took 0.043 seconds
[2026-02-14T15:53:12.850+0000] {processor.py:161} INFO - Started process (PID=812) to work on /opt/airflow/dags/car_price_ml_pipeline.py
[2026-02-14T15:53:12.852+0000] {processor.py:830} INFO - Processing file /opt/airflow/dags/car_price_ml_pipeline.py for tasks to queue
[2026-02-14T15:53:12.854+0000] {logging_mixin.py:188} INFO - [2026-02-14T15:53:12.853+0000] {dagbag.py:545} INFO - Filling up the DagBag from /opt/airflow/dags/car_price_ml_pipeline.py
[2026-02-14T15:53:12.861+0000] {processor.py:840} INFO - DAG(s) 'car_price_predictor_pipeline' retrieved from /opt/airflow/dags/car_price_ml_pipeline.py
[2026-02-14T15:53:12.873+0000] {logging_mixin.py:188} INFO - [2026-02-14T15:53:12.873+0000] {dag.py:3089} INFO - Sync 1 DAGs
[2026-02-14T15:53:12.883+0000] {logging_mixin.py:188} INFO - [2026-02-14T15:53:12.883+0000] {dag.py:3947} INFO - Setting next_dagrun for car_price_predictor_pipeline to 2026-02-15 00:00:00+00:00, run_after=2026-02-22 00:00:00+00:00
[2026-02-14T15:53:12.890+0000] {processor.py:183} INFO - Processing /opt/airflow/dags/car_price_ml_pipeline.py took 0.046 seconds
[2026-02-14T15:53:43.153+0000] {processor.py:161} INFO - Started process (PID=871) to work on /opt/airflow/dags/car_price_ml_pipeline.py
[2026-02-14T15:53:43.154+0000] {processor.py:830} INFO - Processing file /opt/airflow/dags/car_price_ml_pipeline.py for tasks to queue
[2026-02-14T15:53:43.156+0000] {logging_mixin.py:188} INFO - [2026-02-14T15:53:43.156+0000] {dagbag.py:545} INFO - Filling up the DagBag from /opt/airflow/dags/car_price_ml_pipeline.py
[2026-02-14T15:53:43.166+0000] {processor.py:840} INFO - DAG(s) 'car_price_predictor_pipeline' retrieved from /opt/airflow/dags/car_price_ml_pipeline.py
[2026-02-14T15:53:43.178+0000] {logging_mixin.py:188} INFO - [2026-02-14T15:53:43.177+0000] {dag.py:3089} INFO - Sync 1 DAGs
[2026-02-14T15:53:43.187+0000] {logging_mixin.py:188} INFO - [2026-02-14T15:53:43.187+0000] {dag.py:3947} INFO - Setting next_dagrun for car_price_predictor_pipeline to 2026-02-15 00:00:00+00:00, run_after=2026-02-22 00:00:00+00:00
[2026-02-14T15:53:43.195+0000] {processor.py:183} INFO - Processing /opt/airflow/dags/car_price_ml_pipeline.py took 0.047 seconds
[2026-02-14T15:54:13.604+0000] {processor.py:161} INFO - Started process (PID=930) to work on /opt/airflow/dags/car_price_ml_pipeline.py
[2026-02-14T15:54:13.605+0000] {processor.py:830} INFO - Processing file /opt/airflow/dags/car_price_ml_pipeline.py for tasks to queue
[2026-02-14T15:54:13.607+0000] {logging_mixin.py:188} INFO - [2026-02-14T15:54:13.607+0000] {dagbag.py:545} INFO - Filling up the DagBag from /opt/airflow/dags/car_price_ml_pipeline.py
[2026-02-14T15:54:13.618+0000] {processor.py:840} INFO - DAG(s) 'car_price_predictor_pipeline' retrieved from /opt/airflow/dags/car_price_ml_pipeline.py
[2026-02-14T15:54:13.631+0000] {logging_mixin.py:188} INFO - [2026-02-14T15:54:13.630+0000] {dag.py:3089} INFO - Sync 1 DAGs
[2026-02-14T15:54:13.641+0000] {logging_mixin.py:188} INFO - [2026-02-14T15:54:13.641+0000] {dag.py:3947} INFO - Setting next_dagrun for car_price_predictor_pipeline to 2026-02-15 00:00:00+00:00, run_after=2026-02-22 00:00:00+00:00
[2026-02-14T15:54:13.648+0000] {processor.py:183} INFO - Processing /opt/airflow/dags/car_price_ml_pipeline.py took 0.050 seconds
[2026-02-14T15:54:44.052+0000] {processor.py:161} INFO - Started process (PID=989) to work on /opt/airflow/dags/car_price_ml_pipeline.py
[2026-02-14T15:54:44.054+0000] {processor.py:830} INFO - Processing file /opt/airflow/dags/car_price_ml_pipeline.py for tasks to queue
[2026-02-14T15:54:44.056+0000] {logging_mixin.py:188} INFO - [2026-02-14T15:54:44.056+0000] {dagbag.py:545} INFO - Filling up the DagBag from /opt/airflow/dags/car_price_ml_pipeline.py
[2026-02-14T15:54:44.070+0000] {processor.py:840} INFO - DAG(s) 'car_price_predictor_pipeline' retrieved from /opt/airflow/dags/car_price_ml_pipeline.py
[2026-02-14T15:54:44.088+0000] {logging_mixin.py:188} INFO - [2026-02-14T15:54:44.087+0000] {dag.py:3089} INFO - Sync 1 DAGs
[2026-02-14T15:54:44.099+0000] {logging_mixin.py:188} INFO - [2026-02-14T15:54:44.099+0000] {dag.py:3947} INFO - Setting next_dagrun for car_price_predictor_pipeline to 2026-02-15 00:00:00+00:00, run_after=2026-02-22 00:00:00+00:00
[2026-02-14T15:54:44.107+0000] {processor.py:183} INFO - Processing /opt/airflow/dags/car_price_ml_pipeline.py took 0.064 seconds
[2026-02-14T15:55:14.644+0000] {processor.py:161} INFO - Started process (PID=1048) to work on /opt/airflow/dags/car_price_ml_pipeline.py
[2026-02-14T15:55:14.647+0000] {processor.py:830} INFO - Processing file /opt/airflow/dags/car_price_ml_pipeline.py for tasks to queue
[2026-02-14T15:55:14.667+0000] {logging_mixin.py:188} INFO - [2026-02-14T15:55:14.665+0000] {dagbag.py:545} INFO - Filling up the DagBag from /opt/airflow/dags/car_price_ml_pipeline.py
[2026-02-14T15:55:14.701+0000] {processor.py:840} INFO - DAG(s) 'car_price_predictor_pipeline' retrieved from /opt/airflow/dags/car_price_ml_pipeline.py
[2026-02-14T15:55:14.783+0000] {logging_mixin.py:188} INFO - [2026-02-14T15:55:14.783+0000] {dag.py:3089} INFO - Sync 1 DAGs
[2026-02-14T15:55:14.856+0000] {logging_mixin.py:188} INFO - [2026-02-14T15:55:14.855+0000] {dag.py:3947} INFO - Setting next_dagrun for car_price_predictor_pipeline to 2026-02-15 00:00:00+00:00, run_after=2026-02-22 00:00:00+00:00
[2026-02-14T15:55:14.945+0000] {processor.py:183} INFO - Processing /opt/airflow/dags/car_price_ml_pipeline.py took 0.310 seconds
[2026-02-14T15:55:45.063+0000] {processor.py:161} INFO - Started process (PID=1106) to work on /opt/airflow/dags/car_price_ml_pipeline.py
[2026-02-14T15:55:45.064+0000] {processor.py:830} INFO - Processing file /opt/airflow/dags/car_price_ml_pipeline.py for tasks to queue
[2026-02-14T15:55:45.065+0000] {logging_mixin.py:188} INFO - [2026-02-14T15:55:45.065+0000] {dagbag.py:545} INFO - Filling up the DagBag from /opt/airflow/dags/car_price_ml_pipeline.py
[2026-02-14T15:55:45.070+0000] {processor.py:840} INFO - DAG(s) 'car_price_predictor_pipeline' retrieved from /opt/airflow/dags/car_price_ml_pipeline.py
[2026-02-14T15:55:45.079+0000] {logging_mixin.py:188} INFO - [2026-02-14T15:55:45.079+0000] {dag.py:3089} INFO - Sync 1 DAGs
[2026-02-14T15:55:45.088+0000] {logging_mixin.py:188} INFO - [2026-02-14T15:55:45.088+0000] {dag.py:3947} INFO - Setting next_dagrun for car_price_predictor_pipeline to 2026-02-15 00:00:00+00:00, run_after=2026-02-22 00:00:00+00:00
[2026-02-14T15:55:45.095+0000] {processor.py:183} INFO - Processing /opt/airflow/dags/car_price_ml_pipeline.py took 0.034 seconds
[2026-02-14T15:56:15.566+0000] {processor.py:161} INFO - Started process (PID=1165) to work on /opt/airflow/dags/car_price_ml_pipeline.py
[2026-02-14T15:56:15.566+0000] {processor.py:830} INFO - Processing file /opt/airflow/dags/car_price_ml_pipeline.py for tasks to queue
[2026-02-14T15:56:15.569+0000] {logging_mixin.py:188} INFO - [2026-02-14T15:56:15.569+0000] {dagbag.py:545} INFO - Filling up the DagBag from /opt/airflow/dags/car_price_ml_pipeline.py
[2026-02-14T15:56:15.579+0000] {processor.py:840} INFO - DAG(s) 'car_price_predictor_pipeline' retrieved from /opt/airflow/dags/car_price_ml_pipeline.py
[2026-02-14T15:56:15.595+0000] {logging_mixin.py:188} INFO - [2026-02-14T15:56:15.595+0000] {dag.py:3089} INFO - Sync 1 DAGs
[2026-02-14T15:56:15.606+0000] {logging_mixin.py:188} INFO - [2026-02-14T15:56:15.606+0000] {dag.py:3947} INFO - Setting next_dagrun for car_price_predictor_pipeline to 2026-02-15 00:00:00+00:00, run_after=2026-02-22 00:00:00+00:00
[2026-02-14T15:56:15.613+0000] {processor.py:183} INFO - Processing /opt/airflow/dags/car_price_ml_pipeline.py took 0.054 seconds
[2026-02-14T15:56:46.031+0000] {processor.py:161} INFO - Started process (PID=1224) to work on /opt/airflow/dags/car_price_ml_pipeline.py
[2026-02-14T15:56:46.031+0000] {processor.py:830} INFO - Processing file /opt/airflow/dags/car_price_ml_pipeline.py for tasks to queue
[2026-02-14T15:56:46.033+0000] {logging_mixin.py:188} INFO - [2026-02-14T15:56:46.033+0000] {dagbag.py:545} INFO - Filling up the DagBag from /opt/airflow/dags/car_price_ml_pipeline.py
[2026-02-14T15:56:46.042+0000] {processor.py:840} INFO - DAG(s) 'car_price_predictor_pipeline' retrieved from /opt/airflow/dags/car_price_ml_pipeline.py
[2026-02-14T15:56:46.057+0000] {logging_mixin.py:188} INFO - [2026-02-14T15:56:46.057+0000] {dag.py:3089} INFO - Sync 1 DAGs
[2026-02-14T15:56:46.070+0000] {logging_mixin.py:188} INFO - [2026-02-14T15:56:46.070+0000] {dag.py:3947} INFO - Setting next_dagrun for car_price_predictor_pipeline to 2026-02-15 00:00:00+00:00, run_after=2026-02-22 00:00:00+00:00
[2026-02-14T15:56:46.077+0000] {processor.py:183} INFO - Processing /opt/airflow/dags/car_price_ml_pipeline.py took 0.053 seconds
[2026-02-14T15:57:16.611+0000] {processor.py:161} INFO - Started process (PID=1283) to work on /opt/airflow/dags/car_price_ml_pipeline.py
[2026-02-14T15:57:16.611+0000] {processor.py:830} INFO - Processing file /opt/airflow/dags/car_price_ml_pipeline.py for tasks to queue
[2026-02-14T15:57:16.613+0000] {logging_mixin.py:188} INFO - [2026-02-14T15:57:16.613+0000] {dagbag.py:545} INFO - Filling up the DagBag from /opt/airflow/dags/car_price_ml_pipeline.py
[2026-02-14T15:57:16.622+0000] {processor.py:840} INFO - DAG(s) 'car_price_predictor_pipeline' retrieved from /opt/airflow/dags/car_price_ml_pipeline.py
[2026-02-14T15:57:16.638+0000] {logging_mixin.py:188} INFO - [2026-02-14T15:57:16.637+0000] {dag.py:3089} INFO - Sync 1 DAGs
[2026-02-14T15:57:16.648+0000] {logging_mixin.py:188} INFO - [2026-02-14T15:57:16.648+0000] {dag.py:3947} INFO - Setting next_dagrun for car_price_predictor_pipeline to 2026-02-15 00:00:00+00:00, run_after=2026-02-22 00:00:00+00:00
[2026-02-14T15:57:16.655+0000] {processor.py:183} INFO - Processing /opt/airflow/dags/car_price_ml_pipeline.py took 0.052 seconds
[2026-02-14T15:57:47.252+0000] {processor.py:161} INFO - Started process (PID=1342) to work on /opt/airflow/dags/car_price_ml_pipeline.py
[2026-02-14T15:57:47.253+0000] {processor.py:830} INFO - Processing file /opt/airflow/dags/car_price_ml_pipeline.py for tasks to queue
[2026-02-14T15:57:47.255+0000] {logging_mixin.py:188} INFO - [2026-02-14T15:57:47.255+0000] {dagbag.py:545} INFO - Filling up the DagBag from /opt/airflow/dags/car_price_ml_pipeline.py
[2026-02-14T15:57:47.262+0000] {processor.py:840} INFO - DAG(s) 'car_price_predictor_pipeline' retrieved from /opt/airflow/dags/car_price_ml_pipeline.py
[2026-02-14T15:57:47.276+0000] {logging_mixin.py:188} INFO - [2026-02-14T15:57:47.275+0000] {dag.py:3089} INFO - Sync 1 DAGs
[2026-02-14T15:57:47.286+0000] {logging_mixin.py:188} INFO - [2026-02-14T15:57:47.286+0000] {dag.py:3947} INFO - Setting next_dagrun for car_price_predictor_pipeline to 2026-02-15 00:00:00+00:00, run_after=2026-02-22 00:00:00+00:00
[2026-02-14T15:57:47.293+0000] {processor.py:183} INFO - Processing /opt/airflow/dags/car_price_ml_pipeline.py took 0.046 seconds
[2026-02-14T15:58:17.640+0000] {processor.py:161} INFO - Started process (PID=1401) to work on /opt/airflow/dags/car_price_ml_pipeline.py
[2026-02-14T15:58:17.640+0000] {processor.py:830} INFO - Processing file /opt/airflow/dags/car_price_ml_pipeline.py for tasks to queue
[2026-02-14T15:58:17.642+0000] {logging_mixin.py:188} INFO - [2026-02-14T15:58:17.642+0000] {dagbag.py:545} INFO - Filling up the DagBag from /opt/airflow/dags/car_price_ml_pipeline.py
[2026-02-14T15:58:17.656+0000] {processor.py:840} INFO - DAG(s) 'car_price_predictor_pipeline' retrieved from /opt/airflow/dags/car_price_ml_pipeline.py
[2026-02-14T15:58:17.678+0000] {logging_mixin.py:188} INFO - [2026-02-14T15:58:17.677+0000] {dag.py:3089} INFO - Sync 1 DAGs
[2026-02-14T15:58:17.692+0000] {logging_mixin.py:188} INFO - [2026-02-14T15:58:17.692+0000] {dag.py:3947} INFO - Setting next_dagrun for car_price_predictor_pipeline to 2026-02-15 00:00:00+00:00, run_after=2026-02-22 00:00:00+00:00
[2026-02-14T15:58:17.702+0000] {processor.py:183} INFO - Processing /opt/airflow/dags/car_price_ml_pipeline.py took 0.073 seconds
[2026-02-14T15:58:48.105+0000] {processor.py:161} INFO - Started process (PID=1460) to work on /opt/airflow/dags/car_price_ml_pipeline.py
[2026-02-14T15:58:48.106+0000] {processor.py:830} INFO - Processing file /opt/airflow/dags/car_price_ml_pipeline.py for tasks to queue
[2026-02-14T15:58:48.109+0000] {logging_mixin.py:188} INFO - [2026-02-14T15:58:48.109+0000] {dagbag.py:545} INFO - Filling up the DagBag from /opt/airflow/dags/car_price_ml_pipeline.py
[2026-02-14T15:58:48.121+0000] {processor.py:840} INFO - DAG(s) 'car_price_predictor_pipeline' retrieved from /opt/airflow/dags/car_price_ml_pipeline.py
[2026-02-14T15:58:48.136+0000] {logging_mixin.py:188} INFO - [2026-02-14T15:58:48.136+0000] {dag.py:3089} INFO - Sync 1 DAGs
[2026-02-14T15:58:48.148+0000] {logging_mixin.py:188} INFO - [2026-02-14T15:58:48.148+0000] {dag.py:3947} INFO - Setting next_dagrun for car_price_predictor_pipeline to 2026-02-15 00:00:00+00:00, run_after=2026-02-22 00:00:00+00:00
[2026-02-14T15:58:48.156+0000] {processor.py:183} INFO - Processing /opt/airflow/dags/car_price_ml_pipeline.py took 0.061 seconds
[2026-02-14T15:59:19.177+0000] {processor.py:161} INFO - Started process (PID=1519) to work on /opt/airflow/dags/car_price_ml_pipeline.py
[2026-02-14T15:59:19.177+0000] {processor.py:830} INFO - Processing file /opt/airflow/dags/car_price_ml_pipeline.py for tasks to queue
[2026-02-14T15:59:19.179+0000] {logging_mixin.py:188} INFO - [2026-02-14T15:59:19.179+0000] {dagbag.py:545} INFO - Filling up the DagBag from /opt/airflow/dags/car_price_ml_pipeline.py
[2026-02-14T15:59:19.186+0000] {processor.py:840} INFO - DAG(s) 'car_price_predictor_pipeline' retrieved from /opt/airflow/dags/car_price_ml_pipeline.py
[2026-02-14T15:59:19.199+0000] {logging_mixin.py:188} INFO - [2026-02-14T15:59:19.198+0000] {dag.py:3089} INFO - Sync 1 DAGs
[2026-02-14T15:59:19.276+0000] {logging_mixin.py:188} INFO - [2026-02-14T15:59:19.276+0000] {dag.py:3947} INFO - Setting next_dagrun for car_price_predictor_pipeline to 2026-02-15 00:00:00+00:00, run_after=2026-02-22 00:00:00+00:00
[2026-02-14T15:59:19.281+0000] {processor.py:183} INFO - Processing /opt/airflow/dags/car_price_ml_pipeline.py took 0.109 seconds
[2026-02-14T15:59:50.078+0000] {processor.py:161} INFO - Started process (PID=1578) to work on /opt/airflow/dags/car_price_ml_pipeline.py
[2026-02-14T15:59:50.079+0000] {processor.py:830} INFO - Processing file /opt/airflow/dags/car_price_ml_pipeline.py for tasks to queue
[2026-02-14T15:59:50.081+0000] {logging_mixin.py:188} INFO - [2026-02-14T15:59:50.080+0000] {dagbag.py:545} INFO - Filling up the DagBag from /opt/airflow/dags/car_price_ml_pipeline.py
[2026-02-14T15:59:50.092+0000] {processor.py:840} INFO - DAG(s) 'car_price_predictor_pipeline' retrieved from /opt/airflow/dags/car_price_ml_pipeline.py
[2026-02-14T15:59:50.106+0000] {logging_mixin.py:188} INFO - [2026-02-14T15:59:50.106+0000] {dag.py:3089} INFO - Sync 1 DAGs
[2026-02-14T15:59:50.119+0000] {logging_mixin.py:188} INFO - [2026-02-14T15:59:50.118+0000] {dag.py:3947} INFO - Setting next_dagrun for car_price_predictor_pipeline to 2026-02-15 00:00:00+00:00, run_after=2026-02-22 00:00:00+00:00
[2026-02-14T15:59:50.196+0000] {processor.py:183} INFO - Processing /opt/airflow/dags/car_price_ml_pipeline.py took 0.127 seconds
[2026-02-14T16:00:20.642+0000] {processor.py:161} INFO - Started process (PID=1637) to work on /opt/airflow/dags/car_price_ml_pipeline.py
[2026-02-14T16:00:20.644+0000] {processor.py:830} INFO - Processing file /opt/airflow/dags/car_price_ml_pipeline.py for tasks to queue
[2026-02-14T16:00:20.646+0000] {logging_mixin.py:188} INFO - [2026-02-14T16:00:20.645+0000] {dagbag.py:545} INFO - Filling up the DagBag from /opt/airflow/dags/car_price_ml_pipeline.py
[2026-02-14T16:00:20.656+0000] {processor.py:840} INFO - DAG(s) 'car_price_predictor_pipeline' retrieved from /opt/airflow/dags/car_price_ml_pipeline.py
[2026-02-14T16:00:20.668+0000] {logging_mixin.py:188} INFO - [2026-02-14T16:00:20.668+0000] {dag.py:3089} INFO - Sync 1 DAGs
[2026-02-14T16:00:20.680+0000] {logging_mixin.py:188} INFO - [2026-02-14T16:00:20.680+0000] {dag.py:3947} INFO - Setting next_dagrun for car_price_predictor_pipeline to 2026-02-15 00:00:00+00:00, run_after=2026-02-22 00:00:00+00:00
[2026-02-14T16:00:20.687+0000] {processor.py:183} INFO - Processing /opt/airflow/dags/car_price_ml_pipeline.py took 0.053 seconds
[2026-02-14T16:00:51.110+0000] {processor.py:161} INFO - Started process (PID=1696) to work on /opt/airflow/dags/car_price_ml_pipeline.py
[2026-02-14T16:00:51.112+0000] {processor.py:830} INFO - Processing file /opt/airflow/dags/car_price_ml_pipeline.py for tasks to queue
[2026-02-14T16:00:51.120+0000] {logging_mixin.py:188} INFO - [2026-02-14T16:00:51.116+0000] {dagbag.py:545} INFO - Filling up the DagBag from /opt/airflow/dags/car_price_ml_pipeline.py
[2026-02-14T16:00:51.132+0000] {processor.py:840} INFO - DAG(s) 'car_price_predictor_pipeline' retrieved from /opt/airflow/dags/car_price_ml_pipeline.py
[2026-02-14T16:00:51.149+0000] {logging_mixin.py:188} INFO - [2026-02-14T16:00:51.149+0000] {dag.py:3089} INFO - Sync 1 DAGs
[2026-02-14T16:00:51.168+0000] {logging_mixin.py:188} INFO - [2026-02-14T16:00:51.168+0000] {dag.py:3947} INFO - Setting next_dagrun for car_price_predictor_pipeline to 2026-02-15 00:00:00+00:00, run_after=2026-02-22 00:00:00+00:00
[2026-02-14T16:00:51.181+0000] {processor.py:183} INFO - Processing /opt/airflow/dags/car_price_ml_pipeline.py took 0.081 seconds
[2026-02-14T16:01:21.621+0000] {processor.py:161} INFO - Started process (PID=1755) to work on /opt/airflow/dags/car_price_ml_pipeline.py
[2026-02-14T16:01:21.621+0000] {processor.py:830} INFO - Processing file /opt/airflow/dags/car_price_ml_pipeline.py for tasks to queue
[2026-02-14T16:01:21.623+0000] {logging_mixin.py:188} INFO - [2026-02-14T16:01:21.623+0000] {dagbag.py:545} INFO - Filling up the DagBag from /opt/airflow/dags/car_price_ml_pipeline.py
[2026-02-14T16:01:21.631+0000] {processor.py:840} INFO - DAG(s) 'car_price_predictor_pipeline' retrieved from /opt/airflow/dags/car_price_ml_pipeline.py
[2026-02-14T16:01:21.645+0000] {logging_mixin.py:188} INFO - [2026-02-14T16:01:21.645+0000] {dag.py:3089} INFO - Sync 1 DAGs
[2026-02-14T16:01:21.658+0000] {logging_mixin.py:188} INFO - [2026-02-14T16:01:21.658+0000] {dag.py:3947} INFO - Setting next_dagrun for car_price_predictor_pipeline to 2026-02-15 00:00:00+00:00, run_after=2026-02-22 00:00:00+00:00
[2026-02-14T16:01:21.667+0000] {processor.py:183} INFO - Processing /opt/airflow/dags/car_price_ml_pipeline.py took 0.051 seconds
[2026-02-14T16:01:52.001+0000] {processor.py:161} INFO - Started process (PID=1814) to work on /opt/airflow/dags/car_price_ml_pipeline.py
[2026-02-14T16:01:52.001+0000] {processor.py:830} INFO - Processing file /opt/airflow/dags/car_price_ml_pipeline.py for tasks to queue
[2026-02-14T16:01:52.003+0000] {logging_mixin.py:188} INFO - [2026-02-14T16:01:52.003+0000] {dagbag.py:545} INFO - Filling up the DagBag from /opt/airflow/dags/car_price_ml_pipeline.py
[2026-02-14T16:01:52.011+0000] {processor.py:840} INFO - DAG(s) 'car_price_predictor_pipeline' retrieved from /opt/airflow/dags/car_price_ml_pipeline.py
[2026-02-14T16:01:52.026+0000] {logging_mixin.py:188} INFO - [2026-02-14T16:01:52.026+0000] {dag.py:3089} INFO - Sync 1 DAGs
[2026-02-14T16:01:52.037+0000] {logging_mixin.py:188} INFO - [2026-02-14T16:01:52.037+0000] {dag.py:3947} INFO - Setting next_dagrun for car_price_predictor_pipeline to 2026-02-15 00:00:00+00:00, run_after=2026-02-22 00:00:00+00:00
[2026-02-14T16:01:52.044+0000] {processor.py:183} INFO - Processing /opt/airflow/dags/car_price_ml_pipeline.py took 0.049 seconds
[2026-02-14T16:02:22.386+0000] {processor.py:161} INFO - Started process (PID=1873) to work on /opt/airflow/dags/car_price_ml_pipeline.py
[2026-02-14T16:02:22.387+0000] {processor.py:830} INFO - Processing file /opt/airflow/dags/car_price_ml_pipeline.py for tasks to queue
[2026-02-14T16:02:22.389+0000] {logging_mixin.py:188} INFO - [2026-02-14T16:02:22.388+0000] {dagbag.py:545} INFO - Filling up the DagBag from /opt/airflow/dags/car_price_ml_pipeline.py
[2026-02-14T16:02:22.399+0000] {processor.py:840} INFO - DAG(s) 'car_price_predictor_pipeline' retrieved from /opt/airflow/dags/car_price_ml_pipeline.py
[2026-02-14T16:02:22.413+0000] {logging_mixin.py:188} INFO - [2026-02-14T16:02:22.412+0000] {dag.py:3089} INFO - Sync 1 DAGs
[2026-02-14T16:02:22.425+0000] {logging_mixin.py:188} INFO - [2026-02-14T16:02:22.425+0000] {dag.py:3947} INFO - Setting next_dagrun for car_price_predictor_pipeline to 2026-02-15 00:00:00+00:00, run_after=2026-02-22 00:00:00+00:00
[2026-02-14T16:02:22.434+0000] {processor.py:183} INFO - Processing /opt/airflow/dags/car_price_ml_pipeline.py took 0.053 seconds
[2026-02-14T16:02:52.795+0000] {processor.py:161} INFO - Started process (PID=1932) to work on /opt/airflow/dags/car_price_ml_pipeline.py
[2026-02-14T16:02:52.797+0000] {processor.py:830} INFO - Processing file /opt/airflow/dags/car_price_ml_pipeline.py for tasks to queue
[2026-02-14T16:02:52.799+0000] {logging_mixin.py:188} INFO - [2026-02-14T16:02:52.799+0000] {dagbag.py:545} INFO - Filling up the DagBag from /opt/airflow/dags/car_price_ml_pipeline.py
[2026-02-14T16:02:52.814+0000] {processor.py:840} INFO - DAG(s) 'car_price_predictor_pipeline' retrieved from /opt/airflow/dags/car_price_ml_pipeline.py
[2026-02-14T16:02:52.834+0000] {logging_mixin.py:188} INFO - [2026-02-14T16:02:52.834+0000] {dag.py:3089} INFO - Sync 1 DAGs
[2026-02-14T16:02:52.855+0000] {logging_mixin.py:188} INFO - [2026-02-14T16:02:52.854+0000] {dag.py:3947} INFO - Setting next_dagrun for car_price_predictor_pipeline to 2026-02-15 00:00:00+00:00, run_after=2026-02-22 00:00:00+00:00
[2026-02-14T16:02:52.863+0000] {processor.py:183} INFO - Processing /opt/airflow/dags/car_price_ml_pipeline.py took 0.080 seconds
[2026-02-14T16:03:23.381+0000] {processor.py:161} INFO - Started process (PID=1991) to work on /opt/airflow/dags/car_price_ml_pipeline.py
[2026-02-14T16:03:23.382+0000] {processor.py:830} INFO - Processing file /opt/airflow/dags/car_price_ml_pipeline.py for tasks to queue
[2026-02-14T16:03:23.386+0000] {logging_mixin.py:188} INFO - [2026-02-14T16:03:23.386+0000] {dagbag.py:545} INFO - Filling up the DagBag from /opt/airflow/dags/car_price_ml_pipeline.py
[2026-02-14T16:03:23.398+0000] {processor.py:840} INFO - DAG(s) 'car_price_predictor_pipeline' retrieved from /opt/airflow/dags/car_price_ml_pipeline.py
[2026-02-14T16:03:23.415+0000] {logging_mixin.py:188} INFO - [2026-02-14T16:03:23.415+0000] {dag.py:3089} INFO - Sync 1 DAGs
[2026-02-14T16:03:23.429+0000] {logging_mixin.py:188} INFO - [2026-02-14T16:03:23.429+0000] {dag.py:3947} INFO - Setting next_dagrun for car_price_predictor_pipeline to 2026-02-15 00:00:00+00:00, run_after=2026-02-22 00:00:00+00:00
[2026-02-14T16:03:23.440+0000] {processor.py:183} INFO - Processing /opt/airflow/dags/car_price_ml_pipeline.py took 0.068 seconds
[2026-02-14T16:03:53.979+0000] {processor.py:161} INFO - Started process (PID=2050) to work on /opt/airflow/dags/car_price_ml_pipeline.py
[2026-02-14T16:03:53.980+0000] {processor.py:830} INFO - Processing file /opt/airflow/dags/car_price_ml_pipeline.py for tasks to queue
[2026-02-14T16:03:53.982+0000] {logging_mixin.py:188} INFO - [2026-02-14T16:03:53.981+0000] {dagbag.py:545} INFO - Filling up the DagBag from /opt/airflow/dags/car_price_ml_pipeline.py
[2026-02-14T16:03:53.992+0000] {processor.py:840} INFO - DAG(s) 'car_price_predictor_pipeline' retrieved from /opt/airflow/dags/car_price_ml_pipeline.py
[2026-02-14T16:03:54.003+0000] {logging_mixin.py:188} INFO - [2026-02-14T16:03:54.003+0000] {dag.py:3089} INFO - Sync 1 DAGs
[2026-02-14T16:03:54.014+0000] {logging_mixin.py:188} INFO - [2026-02-14T16:03:54.014+0000] {dag.py:3947} INFO - Setting next_dagrun for car_price_predictor_pipeline to 2026-02-15 00:00:00+00:00, run_after=2026-02-22 00:00:00+00:00
[2026-02-14T16:03:54.021+0000] {processor.py:183} INFO - Processing /opt/airflow/dags/car_price_ml_pipeline.py took 0.049 seconds
[2026-02-14T16:04:24.661+0000] {processor.py:161} INFO - Started process (PID=2109) to work on /opt/airflow/dags/car_price_ml_pipeline.py
[2026-02-14T16:04:24.661+0000] {processor.py:830} INFO - Processing file /opt/airflow/dags/car_price_ml_pipeline.py for tasks to queue
[2026-02-14T16:04:24.663+0000] {logging_mixin.py:188} INFO - [2026-02-14T16:04:24.663+0000] {dagbag.py:545} INFO - Filling up the DagBag from /opt/airflow/dags/car_price_ml_pipeline.py
[2026-02-14T16:04:24.674+0000] {processor.py:840} INFO - DAG(s) 'car_price_predictor_pipeline' retrieved from /opt/airflow/dags/car_price_ml_pipeline.py
[2026-02-14T16:04:24.686+0000] {logging_mixin.py:188} INFO - [2026-02-14T16:04:24.686+0000] {dag.py:3089} INFO - Sync 1 DAGs
[2026-02-14T16:04:24.696+0000] {logging_mixin.py:188} INFO - [2026-02-14T16:04:24.695+0000] {dag.py:3947} INFO - Setting next_dagrun for car_price_predictor_pipeline to 2026-02-15 00:00:00+00:00, run_after=2026-02-22 00:00:00+00:00
[2026-02-14T16:04:24.702+0000] {processor.py:183} INFO - Processing /opt/airflow/dags/car_price_ml_pipeline.py took 0.049 seconds
[2026-02-14T16:04:55.180+0000] {processor.py:161} INFO - Started process (PID=2168) to work on /opt/airflow/dags/car_price_ml_pipeline.py
[2026-02-14T16:04:55.181+0000] {processor.py:830} INFO - Processing file /opt/airflow/dags/car_price_ml_pipeline.py for tasks to queue
[2026-02-14T16:04:55.183+0000] {logging_mixin.py:188} INFO - [2026-02-14T16:04:55.183+0000] {dagbag.py:545} INFO - Filling up the DagBag from /opt/airflow/dags/car_price_ml_pipeline.py
[2026-02-14T16:04:55.194+0000] {processor.py:840} INFO - DAG(s) 'car_price_predictor_pipeline' retrieved from /opt/airflow/dags/car_price_ml_pipeline.py
[2026-02-14T16:04:55.206+0000] {logging_mixin.py:188} INFO - [2026-02-14T16:04:55.206+0000] {dag.py:3089} INFO - Sync 1 DAGs
[2026-02-14T16:04:55.215+0000] {logging_mixin.py:188} INFO - [2026-02-14T16:04:55.215+0000] {dag.py:3947} INFO - Setting next_dagrun for car_price_predictor_pipeline to 2026-02-15 00:00:00+00:00, run_after=2026-02-22 00:00:00+00:00
[2026-02-14T16:04:55.222+0000] {processor.py:183} INFO - Processing /opt/airflow/dags/car_price_ml_pipeline.py took 0.047 seconds
[2026-02-14T16:05:25.664+0000] {processor.py:161} INFO - Started process (PID=2227) to work on /opt/airflow/dags/car_price_ml_pipeline.py
[2026-02-14T16:05:25.665+0000] {processor.py:830} INFO - Processing file /opt/airflow/dags/car_price_ml_pipeline.py for tasks to queue
[2026-02-14T16:05:25.667+0000] {logging_mixin.py:188} INFO - [2026-02-14T16:05:25.667+0000] {dagbag.py:545} INFO - Filling up the DagBag from /opt/airflow/dags/car_price_ml_pipeline.py
[2026-02-14T16:05:25.678+0000] {processor.py:840} INFO - DAG(s) 'car_price_predictor_pipeline' retrieved from /opt/airflow/dags/car_price_ml_pipeline.py
[2026-02-14T16:05:25.692+0000] {logging_mixin.py:188} INFO - [2026-02-14T16:05:25.692+0000] {dag.py:3089} INFO - Sync 1 DAGs
[2026-02-14T16:05:25.703+0000] {logging_mixin.py:188} INFO - [2026-02-14T16:05:25.703+0000] {dag.py:3947} INFO - Setting next_dagrun for car_price_predictor_pipeline to 2026-02-15 00:00:00+00:00, run_after=2026-02-22 00:00:00+00:00
[2026-02-14T16:05:25.712+0000] {processor.py:183} INFO - Processing /opt/airflow/dags/car_price_ml_pipeline.py took 0.054 seconds
[2026-02-14T16:05:56.139+0000] {processor.py:161} INFO - Started process (PID=2286) to work on /opt/airflow/dags/car_price_ml_pipeline.py
[2026-02-14T16:05:56.140+0000] {processor.py:830} INFO - Processing file /opt/airflow/dags/car_price_ml_pipeline.py for tasks to queue
[2026-02-14T16:05:56.142+0000] {logging_mixin.py:188} INFO - [2026-02-14T16:05:56.142+0000] {dagbag.py:545} INFO - Filling up the DagBag from /opt/airflow/dags/car_price_ml_pipeline.py
[2026-02-14T16:05:56.152+0000] {processor.py:840} INFO - DAG(s) 'car_price_predictor_pipeline' retrieved from /opt/airflow/dags/car_price_ml_pipeline.py
[2026-02-14T16:05:56.164+0000] {logging_mixin.py:188} INFO - [2026-02-14T16:05:56.164+0000] {dag.py:3089} INFO - Sync 1 DAGs
[2026-02-14T16:05:56.176+0000] {logging_mixin.py:188} INFO - [2026-02-14T16:05:56.176+0000] {dag.py:3947} INFO - Setting next_dagrun for car_price_predictor_pipeline to 2026-02-15 00:00:00+00:00, run_after=2026-02-22 00:00:00+00:00
[2026-02-14T16:05:56.183+0000] {processor.py:183} INFO - Processing /opt/airflow/dags/car_price_ml_pipeline.py took 0.053 seconds
[2026-02-14T16:06:26.591+0000] {processor.py:161} INFO - Started process (PID=2345) to work on /opt/airflow/dags/car_price_ml_pipeline.py
[2026-02-14T16:06:26.592+0000] {processor.py:830} INFO - Processing file /opt/airflow/dags/car_price_ml_pipeline.py for tasks to queue
[2026-02-14T16:06:26.594+0000] {logging_mixin.py:188} INFO - [2026-02-14T16:06:26.594+0000] {dagbag.py:545} INFO - Filling up the DagBag from /opt/airflow/dags/car_price_ml_pipeline.py
[2026-02-14T16:06:26.605+0000] {processor.py:840} INFO - DAG(s) 'car_price_predictor_pipeline' retrieved from /opt/airflow/dags/car_price_ml_pipeline.py
[2026-02-14T16:06:26.619+0000] {logging_mixin.py:188} INFO - [2026-02-14T16:06:26.619+0000] {dag.py:3089} INFO - Sync 1 DAGs
[2026-02-14T16:06:26.632+0000] {logging_mixin.py:188} INFO - [2026-02-14T16:06:26.631+0000] {dag.py:3947} INFO - Setting next_dagrun for car_price_predictor_pipeline to 2026-02-15 00:00:00+00:00, run_after=2026-02-22 00:00:00+00:00
[2026-02-14T16:06:26.640+0000] {processor.py:183} INFO - Processing /opt/airflow/dags/car_price_ml_pipeline.py took 0.053 seconds
[2026-02-14T16:06:57.203+0000] {processor.py:161} INFO - Started process (PID=2404) to work on /opt/airflow/dags/car_price_ml_pipeline.py
[2026-02-14T16:06:57.206+0000] {processor.py:830} INFO - Processing file /opt/airflow/dags/car_price_ml_pipeline.py for tasks to queue
[2026-02-14T16:06:57.210+0000] {logging_mixin.py:188} INFO - [2026-02-14T16:06:57.209+0000] {dagbag.py:545} INFO - Filling up the DagBag from /opt/airflow/dags/car_price_ml_pipeline.py
[2026-02-14T16:06:57.234+0000] {processor.py:840} INFO - DAG(s) 'car_price_predictor_pipeline' retrieved from /opt/airflow/dags/car_price_ml_pipeline.py
[2026-02-14T16:06:57.262+0000] {logging_mixin.py:188} INFO - [2026-02-14T16:06:57.262+0000] {dag.py:3089} INFO - Sync 1 DAGs
[2026-02-14T16:06:57.304+0000] {logging_mixin.py:188} INFO - [2026-02-14T16:06:57.304+0000] {dag.py:3947} INFO - Setting next_dagrun for car_price_predictor_pipeline to 2026-02-15 00:00:00+00:00, run_after=2026-02-22 00:00:00+00:00
[2026-02-14T16:06:57.320+0000] {processor.py:183} INFO - Processing /opt/airflow/dags/car_price_ml_pipeline.py took 0.128 seconds
[2026-02-14T16:07:28.063+0000] {processor.py:161} INFO - Started process (PID=2463) to work on /opt/airflow/dags/car_price_ml_pipeline.py
[2026-02-14T16:07:28.064+0000] {processor.py:830} INFO - Processing file /opt/airflow/dags/car_price_ml_pipeline.py for tasks to queue
[2026-02-14T16:07:28.067+0000] {logging_mixin.py:188} INFO - [2026-02-14T16:07:28.066+0000] {dagbag.py:545} INFO - Filling up the DagBag from /opt/airflow/dags/car_price_ml_pipeline.py
[2026-02-14T16:07:28.080+0000] {processor.py:840} INFO - DAG(s) 'car_price_predictor_pipeline' retrieved from /opt/airflow/dags/car_price_ml_pipeline.py
[2026-02-14T16:07:28.104+0000] {logging_mixin.py:188} INFO - [2026-02-14T16:07:28.104+0000] {dag.py:3089} INFO - Sync 1 DAGs
[2026-02-14T16:07:28.127+0000] {logging_mixin.py:188} INFO - [2026-02-14T16:07:28.127+0000] {dag.py:3947} INFO - Setting next_dagrun for car_price_predictor_pipeline to 2026-02-15 00:00:00+00:00, run_after=2026-02-22 00:00:00+00:00
[2026-02-14T16:07:28.140+0000] {processor.py:183} INFO - Processing /opt/airflow/dags/car_price_ml_pipeline.py took 0.092 seconds
[2026-02-14T16:07:58.916+0000] {processor.py:161} INFO - Started process (PID=2522) to work on /opt/airflow/dags/car_price_ml_pipeline.py
[2026-02-14T16:07:58.916+0000] {processor.py:830} INFO - Processing file /opt/airflow/dags/car_price_ml_pipeline.py for tasks to queue
[2026-02-14T16:07:58.918+0000] {logging_mixin.py:188} INFO - [2026-02-14T16:07:58.918+0000] {dagbag.py:545} INFO - Filling up the DagBag from /opt/airflow/dags/car_price_ml_pipeline.py
[2026-02-14T16:07:58.927+0000] {processor.py:840} INFO - DAG(s) 'car_price_predictor_pipeline' retrieved from /opt/airflow/dags/car_price_ml_pipeline.py
[2026-02-14T16:07:58.938+0000] {logging_mixin.py:188} INFO - [2026-02-14T16:07:58.938+0000] {dag.py:3089} INFO - Sync 1 DAGs
[2026-02-14T16:07:58.947+0000] {logging_mixin.py:188} INFO - [2026-02-14T16:07:58.947+0000] {dag.py:3947} INFO - Setting next_dagrun for car_price_predictor_pipeline to 2026-02-15 00:00:00+00:00, run_after=2026-02-22 00:00:00+00:00
[2026-02-14T16:07:58.954+0000] {processor.py:183} INFO - Processing /opt/airflow/dags/car_price_ml_pipeline.py took 0.048 seconds
[2026-02-14T16:08:29.364+0000] {processor.py:161} INFO - Started process (PID=2581) to work on /opt/airflow/dags/car_price_ml_pipeline.py
[2026-02-14T16:08:29.365+0000] {processor.py:830} INFO - Processing file /opt/airflow/dags/car_price_ml_pipeline.py for tasks to queue
[2026-02-14T16:08:29.368+0000] {logging_mixin.py:188} INFO - [2026-02-14T16:08:29.368+0000] {dagbag.py:545} INFO - Filling up the DagBag from /opt/airflow/dags/car_price_ml_pipeline.py
[2026-02-14T16:08:29.380+0000] {processor.py:840} INFO - DAG(s) 'car_price_predictor_pipeline' retrieved from /opt/airflow/dags/car_price_ml_pipeline.py
[2026-02-14T16:08:29.404+0000] {logging_mixin.py:188} INFO - [2026-02-14T16:08:29.403+0000] {dag.py:3089} INFO - Sync 1 DAGs
[2026-02-14T16:08:29.416+0000] {logging_mixin.py:188} INFO - [2026-02-14T16:08:29.416+0000] {dag.py:3947} INFO - Setting next_dagrun for car_price_predictor_pipeline to 2026-02-15 00:00:00+00:00, run_after=2026-02-22 00:00:00+00:00
[2026-02-14T16:08:29.425+0000] {processor.py:183} INFO - Processing /opt/airflow/dags/car_price_ml_pipeline.py took 0.066 seconds
[2026-02-14T16:08:59.839+0000] {processor.py:161} INFO - Started process (PID=2640) to work on /opt/airflow/dags/car_price_ml_pipeline.py
[2026-02-14T16:08:59.840+0000] {processor.py:830} INFO - Processing file /opt/airflow/dags/car_price_ml_pipeline.py for tasks to queue
[2026-02-14T16:08:59.841+0000] {logging_mixin.py:188} INFO - [2026-02-14T16:08:59.841+0000] {dagbag.py:545} INFO - Filling up the DagBag from /opt/airflow/dags/car_price_ml_pipeline.py
[2026-02-14T16:08:59.849+0000] {processor.py:840} INFO - DAG(s) 'car_price_predictor_pipeline' retrieved from /opt/airflow/dags/car_price_ml_pipeline.py
[2026-02-14T16:08:59.862+0000] {logging_mixin.py:188} INFO - [2026-02-14T16:08:59.862+0000] {dag.py:3089} INFO - Sync 1 DAGs
[2026-02-14T16:08:59.871+0000] {logging_mixin.py:188} INFO - [2026-02-14T16:08:59.871+0000] {dag.py:3947} INFO - Setting next_dagrun for car_price_predictor_pipeline to 2026-02-15 00:00:00+00:00, run_after=2026-02-22 00:00:00+00:00
[2026-02-14T16:08:59.878+0000] {processor.py:183} INFO - Processing /opt/airflow/dags/car_price_ml_pipeline.py took 0.045 seconds
[2026-02-14T16:09:30.293+0000] {processor.py:161} INFO - Started process (PID=2699) to work on /opt/airflow/dags/car_price_ml_pipeline.py
[2026-02-14T16:09:30.294+0000] {processor.py:830} INFO - Processing file /opt/airflow/dags/car_price_ml_pipeline.py for tasks to queue
[2026-02-14T16:09:30.296+0000] {logging_mixin.py:188} INFO - [2026-02-14T16:09:30.296+0000] {dagbag.py:545} INFO - Filling up the DagBag from /opt/airflow/dags/car_price_ml_pipeline.py
[2026-02-14T16:09:30.314+0000] {processor.py:840} INFO - DAG(s) 'car_price_predictor_pipeline' retrieved from /opt/airflow/dags/car_price_ml_pipeline.py
[2026-02-14T16:09:30.331+0000] {logging_mixin.py:188} INFO - [2026-02-14T16:09:30.331+0000] {dag.py:3089} INFO - Sync 1 DAGs
[2026-02-14T16:09:30.342+0000] {logging_mixin.py:188} INFO - [2026-02-14T16:09:30.342+0000] {dag.py:3947} INFO - Setting next_dagrun for car_price_predictor_pipeline to 2026-02-15 00:00:00+00:00, run_after=2026-02-22 00:00:00+00:00
[2026-02-14T16:09:30.353+0000] {processor.py:183} INFO - Processing /opt/airflow/dags/car_price_ml_pipeline.py took 0.066 seconds
[2026-02-14T16:10:00.604+0000] {processor.py:161} INFO - Started process (PID=2758) to work on /opt/airflow/dags/car_price_ml_pipeline.py
[2026-02-14T16:10:00.605+0000] {processor.py:830} INFO - Processing file /opt/airflow/dags/car_price_ml_pipeline.py for tasks to queue
[2026-02-14T16:10:00.607+0000] {logging_mixin.py:188} INFO - [2026-02-14T16:10:00.607+0000] {dagbag.py:545} INFO - Filling up the DagBag from /opt/airflow/dags/car_price_ml_pipeline.py
[2026-02-14T16:10:00.616+0000] {processor.py:840} INFO - DAG(s) 'car_price_predictor_pipeline' retrieved from /opt/airflow/dags/car_price_ml_pipeline.py
[2026-02-14T16:10:00.631+0000] {logging_mixin.py:188} INFO - [2026-02-14T16:10:00.630+0000] {dag.py:3089} INFO - Sync 1 DAGs
[2026-02-14T16:10:00.642+0000] {logging_mixin.py:188} INFO - [2026-02-14T16:10:00.642+0000] {dag.py:3947} INFO - Setting next_dagrun for car_price_predictor_pipeline to 2026-02-15 00:00:00+00:00, run_after=2026-02-22 00:00:00+00:00
[2026-02-14T16:10:00.650+0000] {processor.py:183} INFO - Processing /opt/airflow/dags/car_price_ml_pipeline.py took 0.051 seconds
[2026-02-14T16:10:30.922+0000] {processor.py:161} INFO - Started process (PID=2816) to work on /opt/airflow/dags/car_price_ml_pipeline.py
[2026-02-14T16:10:30.923+0000] {processor.py:830} INFO - Processing file /opt/airflow/dags/car_price_ml_pipeline.py for tasks to queue
[2026-02-14T16:10:30.925+0000] {logging_mixin.py:188} INFO - [2026-02-14T16:10:30.924+0000] {dagbag.py:545} INFO - Filling up the DagBag from /opt/airflow/dags/car_price_ml_pipeline.py
[2026-02-14T16:10:30.933+0000] {processor.py:840} INFO - DAG(s) 'car_price_predictor_pipeline' retrieved from /opt/airflow/dags/car_price_ml_pipeline.py
[2026-02-14T16:10:30.950+0000] {logging_mixin.py:188} INFO - [2026-02-14T16:10:30.950+0000] {dag.py:3089} INFO - Sync 1 DAGs
[2026-02-14T16:10:30.965+0000] {logging_mixin.py:188} INFO - [2026-02-14T16:10:30.965+0000] {dag.py:3947} INFO - Setting next_dagrun for car_price_predictor_pipeline to 2026-02-15 00:00:00+00:00, run_after=2026-02-22 00:00:00+00:00
[2026-02-14T16:10:30.984+0000] {processor.py:183} INFO - Processing /opt/airflow/dags/car_price_ml_pipeline.py took 0.068 seconds
[2026-02-14T16:11:01.614+0000] {processor.py:161} INFO - Started process (PID=2875) to work on /opt/airflow/dags/car_price_ml_pipeline.py
[2026-02-14T16:11:01.615+0000] {processor.py:830} INFO - Processing file /opt/airflow/dags/car_price_ml_pipeline.py for tasks to queue
[2026-02-14T16:11:01.619+0000] {logging_mixin.py:188} INFO - [2026-02-14T16:11:01.618+0000] {dagbag.py:545} INFO - Filling up the DagBag from /opt/airflow/dags/car_price_ml_pipeline.py
[2026-02-14T16:11:01.641+0000] {processor.py:840} INFO - DAG(s) 'car_price_predictor_pipeline' retrieved from /opt/airflow/dags/car_price_ml_pipeline.py
[2026-02-14T16:11:01.666+0000] {logging_mixin.py:188} INFO - [2026-02-14T16:11:01.666+0000] {dag.py:3089} INFO - Sync 1 DAGs
[2026-02-14T16:11:01.685+0000] {logging_mixin.py:188} INFO - [2026-02-14T16:11:01.685+0000] {dag.py:3947} INFO - Setting next_dagrun for car_price_predictor_pipeline to 2026-02-15 00:00:00+00:00, run_after=2026-02-22 00:00:00+00:00
[2026-02-14T16:11:01.699+0000] {processor.py:183} INFO - Processing /opt/airflow/dags/car_price_ml_pipeline.py took 0.096 seconds
[2026-02-14T16:11:31.748+0000] {processor.py:161} INFO - Started process (PID=2934) to work on /opt/airflow/dags/car_price_ml_pipeline.py
[2026-02-14T16:11:31.749+0000] {processor.py:830} INFO - Processing file /opt/airflow/dags/car_price_ml_pipeline.py for tasks to queue
[2026-02-14T16:11:31.751+0000] {logging_mixin.py:188} INFO - [2026-02-14T16:11:31.751+0000] {dagbag.py:545} INFO - Filling up the DagBag from /opt/airflow/dags/car_price_ml_pipeline.py
[2026-02-14T16:11:31.764+0000] {processor.py:840} INFO - DAG(s) 'car_price_predictor_pipeline' retrieved from /opt/airflow/dags/car_price_ml_pipeline.py
[2026-02-14T16:11:31.781+0000] {logging_mixin.py:188} INFO - [2026-02-14T16:11:31.781+0000] {dag.py:3089} INFO - Sync 1 DAGs
[2026-02-14T16:11:31.800+0000] {logging_mixin.py:188} INFO - [2026-02-14T16:11:31.800+0000] {dag.py:3947} INFO - Setting next_dagrun for car_price_predictor_pipeline to 2026-02-15 00:00:00+00:00, run_after=2026-02-22 00:00:00+00:00
[2026-02-14T16:11:31.813+0000] {processor.py:183} INFO - Processing /opt/airflow/dags/car_price_ml_pipeline.py took 0.075 seconds
[2026-02-14T16:12:02.319+0000] {processor.py:161} INFO - Started process (PID=2993) to work on /opt/airflow/dags/car_price_ml_pipeline.py
[2026-02-14T16:12:02.320+0000] {processor.py:830} INFO - Processing file /opt/airflow/dags/car_price_ml_pipeline.py for tasks to queue
[2026-02-14T16:12:02.322+0000] {logging_mixin.py:188} INFO - [2026-02-14T16:12:02.321+0000] {dagbag.py:545} INFO - Filling up the DagBag from /opt/airflow/dags/car_price_ml_pipeline.py
[2026-02-14T16:12:02.330+0000] {processor.py:840} INFO - DAG(s) 'car_price_predictor_pipeline' retrieved from /opt/airflow/dags/car_price_ml_pipeline.py
[2026-02-14T16:12:02.346+0000] {logging_mixin.py:188} INFO - [2026-02-14T16:12:02.345+0000] {dag.py:3089} INFO - Sync 1 DAGs
[2026-02-14T16:12:02.359+0000] {logging_mixin.py:188} INFO - [2026-02-14T16:12:02.358+0000] {dag.py:3947} INFO - Setting next_dagrun for car_price_predictor_pipeline to 2026-02-15 00:00:00+00:00, run_after=2026-02-22 00:00:00+00:00
[2026-02-14T16:12:02.367+0000] {processor.py:183} INFO - Processing /opt/airflow/dags/car_price_ml_pipeline.py took 0.053 seconds
[2026-02-14T16:12:32.740+0000] {processor.py:161} INFO - Started process (PID=3052) to work on /opt/airflow/dags/car_price_ml_pipeline.py
[2026-02-14T16:12:32.741+0000] {processor.py:830} INFO - Processing file /opt/airflow/dags/car_price_ml_pipeline.py for tasks to queue
[2026-02-14T16:12:32.745+0000] {logging_mixin.py:188} INFO - [2026-02-14T16:12:32.744+0000] {dagbag.py:545} INFO - Filling up the DagBag from /opt/airflow/dags/car_price_ml_pipeline.py
[2026-02-14T16:12:32.762+0000] {processor.py:840} INFO - DAG(s) 'car_price_predictor_pipeline' retrieved from /opt/airflow/dags/car_price_ml_pipeline.py
[2026-02-14T16:12:32.781+0000] {logging_mixin.py:188} INFO - [2026-02-14T16:12:32.781+0000] {dag.py:3089} INFO - Sync 1 DAGs
[2026-02-14T16:12:32.795+0000] {logging_mixin.py:188} INFO - [2026-02-14T16:12:32.795+0000] {dag.py:3947} INFO - Setting next_dagrun for car_price_predictor_pipeline to 2026-02-15 00:00:00+00:00, run_after=2026-02-22 00:00:00+00:00
[2026-02-14T16:12:32.804+0000] {processor.py:183} INFO - Processing /opt/airflow/dags/car_price_ml_pipeline.py took 0.070 seconds
[2026-02-14T16:13:03.271+0000] {processor.py:161} INFO - Started process (PID=3111) to work on /opt/airflow/dags/car_price_ml_pipeline.py
[2026-02-14T16:13:03.272+0000] {processor.py:830} INFO - Processing file /opt/airflow/dags/car_price_ml_pipeline.py for tasks to queue
[2026-02-14T16:13:03.274+0000] {logging_mixin.py:188} INFO - [2026-02-14T16:13:03.274+0000] {dagbag.py:545} INFO - Filling up the DagBag from /opt/airflow/dags/car_price_ml_pipeline.py
[2026-02-14T16:13:03.284+0000] {processor.py:840} INFO - DAG(s) 'car_price_predictor_pipeline' retrieved from /opt/airflow/dags/car_price_ml_pipeline.py
[2026-02-14T16:13:03.298+0000] {logging_mixin.py:188} INFO - [2026-02-14T16:13:03.298+0000] {dag.py:3089} INFO - Sync 1 DAGs
[2026-02-14T16:13:03.312+0000] {logging_mixin.py:188} INFO - [2026-02-14T16:13:03.312+0000] {dag.py:3947} INFO - Setting next_dagrun for car_price_predictor_pipeline to 2026-02-15 00:00:00+00:00, run_after=2026-02-22 00:00:00+00:00
[2026-02-14T16:13:03.320+0000] {processor.py:183} INFO - Processing /opt/airflow/dags/car_price_ml_pipeline.py took 0.056 seconds
[2026-02-14T16:13:33.559+0000] {processor.py:161} INFO - Started process (PID=3170) to work on /opt/airflow/dags/car_price_ml_pipeline.py
[2026-02-14T16:13:33.560+0000] {processor.py:830} INFO - Processing file /opt/airflow/dags/car_price_ml_pipeline.py for tasks to queue
[2026-02-14T16:13:33.561+0000] {logging_mixin.py:188} INFO - [2026-02-14T16:13:33.561+0000] {dagbag.py:545} INFO - Filling up the DagBag from /opt/airflow/dags/car_price_ml_pipeline.py
[2026-02-14T16:13:33.568+0000] {processor.py:840} INFO - DAG(s) 'car_price_predictor_pipeline' retrieved from /opt/airflow/dags/car_price_ml_pipeline.py
[2026-02-14T16:13:33.578+0000] {logging_mixin.py:188} INFO - [2026-02-14T16:13:33.578+0000] {dag.py:3089} INFO - Sync 1 DAGs
[2026-02-14T16:13:33.588+0000] {logging_mixin.py:188} INFO - [2026-02-14T16:13:33.588+0000] {dag.py:3947} INFO - Setting next_dagrun for car_price_predictor_pipeline to 2026-02-15 00:00:00+00:00, run_after=2026-02-22 00:00:00+00:00
[2026-02-14T16:13:33.595+0000] {processor.py:183} INFO - Processing /opt/airflow/dags/car_price_ml_pipeline.py took 0.039 seconds
[2026-02-14T16:14:03.816+0000] {processor.py:161} INFO - Started process (PID=3229) to work on /opt/airflow/dags/car_price_ml_pipeline.py
[2026-02-14T16:14:03.817+0000] {processor.py:830} INFO - Processing file /opt/airflow/dags/car_price_ml_pipeline.py for tasks to queue
[2026-02-14T16:14:03.820+0000] {logging_mixin.py:188} INFO - [2026-02-14T16:14:03.820+0000] {dagbag.py:545} INFO - Filling up the DagBag from /opt/airflow/dags/car_price_ml_pipeline.py
[2026-02-14T16:14:03.829+0000] {processor.py:840} INFO - DAG(s) 'car_price_predictor_pipeline' retrieved from /opt/airflow/dags/car_price_ml_pipeline.py
[2026-02-14T16:14:03.853+0000] {logging_mixin.py:188} INFO - [2026-02-14T16:14:03.853+0000] {dag.py:3089} INFO - Sync 1 DAGs
[2026-02-14T16:14:03.869+0000] {logging_mixin.py:188} INFO - [2026-02-14T16:14:03.869+0000] {dag.py:3947} INFO - Setting next_dagrun for car_price_predictor_pipeline to 2026-02-15 00:00:00+00:00, run_after=2026-02-22 00:00:00+00:00
[2026-02-14T16:14:03.880+0000] {processor.py:183} INFO - Processing /opt/airflow/dags/car_price_ml_pipeline.py took 0.072 seconds
[2026-02-14T16:14:34.028+0000] {processor.py:161} INFO - Started process (PID=3288) to work on /opt/airflow/dags/car_price_ml_pipeline.py
[2026-02-14T16:14:34.029+0000] {processor.py:830} INFO - Processing file /opt/airflow/dags/car_price_ml_pipeline.py for tasks to queue
[2026-02-14T16:14:34.048+0000] {logging_mixin.py:188} INFO - [2026-02-14T16:14:34.046+0000] {dagbag.py:545} INFO - Filling up the DagBag from /opt/airflow/dags/car_price_ml_pipeline.py
[2026-02-14T16:14:34.133+0000] {processor.py:840} INFO - DAG(s) 'car_price_predictor_pipeline' retrieved from /opt/airflow/dags/car_price_ml_pipeline.py
[2026-02-14T16:14:34.197+0000] {logging_mixin.py:188} INFO - [2026-02-14T16:14:34.197+0000] {dag.py:3089} INFO - Sync 1 DAGs
[2026-02-14T16:14:34.225+0000] {logging_mixin.py:188} INFO - [2026-02-14T16:14:34.224+0000] {dag.py:3947} INFO - Setting next_dagrun for car_price_predictor_pipeline to 2026-02-15 00:00:00+00:00, run_after=2026-02-22 00:00:00+00:00
[2026-02-14T16:14:34.244+0000] {processor.py:183} INFO - Processing /opt/airflow/dags/car_price_ml_pipeline.py took 0.227 seconds
[2026-02-14T16:15:05.267+0000] {processor.py:161} INFO - Started process (PID=3347) to work on /opt/airflow/dags/car_price_ml_pipeline.py
[2026-02-14T16:15:05.268+0000] {processor.py:830} INFO - Processing file /opt/airflow/dags/car_price_ml_pipeline.py for tasks to queue
[2026-02-14T16:15:05.272+0000] {logging_mixin.py:188} INFO - [2026-02-14T16:15:05.272+0000] {dagbag.py:545} INFO - Filling up the DagBag from /opt/airflow/dags/car_price_ml_pipeline.py
[2026-02-14T16:15:05.291+0000] {processor.py:840} INFO - DAG(s) 'car_price_predictor_pipeline' retrieved from /opt/airflow/dags/car_price_ml_pipeline.py
[2026-02-14T16:15:05.317+0000] {logging_mixin.py:188} INFO - [2026-02-14T16:15:05.317+0000] {dag.py:3089} INFO - Sync 1 DAGs
[2026-02-14T16:15:05.336+0000] {logging_mixin.py:188} INFO - [2026-02-14T16:15:05.336+0000] {dag.py:3947} INFO - Setting next_dagrun for car_price_predictor_pipeline to 2026-02-15 00:00:00+00:00, run_after=2026-02-22 00:00:00+00:00
[2026-02-14T16:15:05.352+0000] {processor.py:183} INFO - Processing /opt/airflow/dags/car_price_ml_pipeline.py took 0.098 seconds
[2026-02-14T16:15:35.962+0000] {processor.py:161} INFO - Started process (PID=3406) to work on /opt/airflow/dags/car_price_ml_pipeline.py
[2026-02-14T16:15:35.963+0000] {processor.py:830} INFO - Processing file /opt/airflow/dags/car_price_ml_pipeline.py for tasks to queue
[2026-02-14T16:15:35.966+0000] {logging_mixin.py:188} INFO - [2026-02-14T16:15:35.965+0000] {dagbag.py:545} INFO - Filling up the DagBag from /opt/airflow/dags/car_price_ml_pipeline.py
[2026-02-14T16:15:35.981+0000] {processor.py:840} INFO - DAG(s) 'car_price_predictor_pipeline' retrieved from /opt/airflow/dags/car_price_ml_pipeline.py
[2026-02-14T16:15:35.999+0000] {logging_mixin.py:188} INFO - [2026-02-14T16:15:35.999+0000] {dag.py:3089} INFO - Sync 1 DAGs
[2026-02-14T16:15:36.018+0000] {logging_mixin.py:188} INFO - [2026-02-14T16:15:36.017+0000] {dag.py:3947} INFO - Setting next_dagrun for car_price_predictor_pipeline to 2026-02-15 00:00:00+00:00, run_after=2026-02-22 00:00:00+00:00
[2026-02-14T16:15:36.030+0000] {processor.py:183} INFO - Processing /opt/airflow/dags/car_price_ml_pipeline.py took 0.073 seconds
[2026-02-14T16:16:06.102+0000] {processor.py:161} INFO - Started process (PID=3465) to work on /opt/airflow/dags/car_price_ml_pipeline.py
[2026-02-14T16:16:06.104+0000] {processor.py:830} INFO - Processing file /opt/airflow/dags/car_price_ml_pipeline.py for tasks to queue
[2026-02-14T16:16:06.106+0000] {logging_mixin.py:188} INFO - [2026-02-14T16:16:06.106+0000] {dagbag.py:545} INFO - Filling up the DagBag from /opt/airflow/dags/car_price_ml_pipeline.py
[2026-02-14T16:16:06.118+0000] {processor.py:840} INFO - DAG(s) 'car_price_predictor_pipeline' retrieved from /opt/airflow/dags/car_price_ml_pipeline.py
[2026-02-14T16:16:06.143+0000] {logging_mixin.py:188} INFO - [2026-02-14T16:16:06.142+0000] {dag.py:3089} INFO - Sync 1 DAGs
[2026-02-14T16:16:06.155+0000] {logging_mixin.py:188} INFO - [2026-02-14T16:16:06.155+0000] {dag.py:3947} INFO - Setting next_dagrun for car_price_predictor_pipeline to 2026-02-15 00:00:00+00:00, run_after=2026-02-22 00:00:00+00:00
[2026-02-14T16:16:06.169+0000] {processor.py:183} INFO - Processing /opt/airflow/dags/car_price_ml_pipeline.py took 0.077 seconds
[2026-02-14T16:16:36.685+0000] {processor.py:161} INFO - Started process (PID=3524) to work on /opt/airflow/dags/car_price_ml_pipeline.py
[2026-02-14T16:16:36.686+0000] {processor.py:830} INFO - Processing file /opt/airflow/dags/car_price_ml_pipeline.py for tasks to queue
[2026-02-14T16:16:36.688+0000] {logging_mixin.py:188} INFO - [2026-02-14T16:16:36.687+0000] {dagbag.py:545} INFO - Filling up the DagBag from /opt/airflow/dags/car_price_ml_pipeline.py
[2026-02-14T16:16:36.704+0000] {processor.py:840} INFO - DAG(s) 'car_price_predictor_pipeline' retrieved from /opt/airflow/dags/car_price_ml_pipeline.py
[2026-02-14T16:16:36.725+0000] {logging_mixin.py:188} INFO - [2026-02-14T16:16:36.725+0000] {dag.py:3089} INFO - Sync 1 DAGs
[2026-02-14T16:16:36.742+0000] {logging_mixin.py:188} INFO - [2026-02-14T16:16:36.742+0000] {dag.py:3947} INFO - Setting next_dagrun for car_price_predictor_pipeline to 2026-02-15 00:00:00+00:00, run_after=2026-02-22 00:00:00+00:00
[2026-02-14T16:16:36.754+0000] {processor.py:183} INFO - Processing /opt/airflow/dags/car_price_ml_pipeline.py took 0.077 seconds
[2026-02-14T16:17:07.210+0000] {processor.py:161} INFO - Started process (PID=3583) to work on /opt/airflow/dags/car_price_ml_pipeline.py
[2026-02-14T16:17:07.212+0000] {processor.py:830} INFO - Processing file /opt/airflow/dags/car_price_ml_pipeline.py for tasks to queue
[2026-02-14T16:17:07.216+0000] {logging_mixin.py:188} INFO - [2026-02-14T16:17:07.216+0000] {dagbag.py:545} INFO - Filling up the DagBag from /opt/airflow/dags/car_price_ml_pipeline.py
[2026-02-14T16:17:07.228+0000] {processor.py:840} INFO - DAG(s) 'car_price_predictor_pipeline' retrieved from /opt/airflow/dags/car_price_ml_pipeline.py
[2026-02-14T16:17:07.250+0000] {logging_mixin.py:188} INFO - [2026-02-14T16:17:07.250+0000] {dag.py:3089} INFO - Sync 1 DAGs
[2026-02-14T16:17:07.272+0000] {logging_mixin.py:188} INFO - [2026-02-14T16:17:07.272+0000] {dag.py:3947} INFO - Setting next_dagrun for car_price_predictor_pipeline to 2026-02-15 00:00:00+00:00, run_after=2026-02-22 00:00:00+00:00
[2026-02-14T16:17:07.281+0000] {processor.py:183} INFO - Processing /opt/airflow/dags/car_price_ml_pipeline.py took 0.080 seconds
[2026-02-14T16:17:37.900+0000] {processor.py:161} INFO - Started process (PID=3642) to work on /opt/airflow/dags/car_price_ml_pipeline.py
[2026-02-14T16:17:37.902+0000] {processor.py:830} INFO - Processing file /opt/airflow/dags/car_price_ml_pipeline.py for tasks to queue
[2026-02-14T16:17:37.906+0000] {logging_mixin.py:188} INFO - [2026-02-14T16:17:37.905+0000] {dagbag.py:545} INFO - Filling up the DagBag from /opt/airflow/dags/car_price_ml_pipeline.py
[2026-02-14T16:17:37.919+0000] {processor.py:840} INFO - DAG(s) 'car_price_predictor_pipeline' retrieved from /opt/airflow/dags/car_price_ml_pipeline.py
[2026-02-14T16:17:37.934+0000] {logging_mixin.py:188} INFO - [2026-02-14T16:17:37.933+0000] {dag.py:3089} INFO - Sync 1 DAGs
[2026-02-14T16:17:37.946+0000] {logging_mixin.py:188} INFO - [2026-02-14T16:17:37.945+0000] {dag.py:3947} INFO - Setting next_dagrun for car_price_predictor_pipeline to 2026-02-15 00:00:00+00:00, run_after=2026-02-22 00:00:00+00:00
[2026-02-14T16:17:37.953+0000] {processor.py:183} INFO - Processing /opt/airflow/dags/car_price_ml_pipeline.py took 0.064 seconds
[2026-02-14T16:18:08.546+0000] {processor.py:161} INFO - Started process (PID=3701) to work on /opt/airflow/dags/car_price_ml_pipeline.py
[2026-02-14T16:18:08.548+0000] {processor.py:830} INFO - Processing file /opt/airflow/dags/car_price_ml_pipeline.py for tasks to queue
[2026-02-14T16:18:08.551+0000] {logging_mixin.py:188} INFO - [2026-02-14T16:18:08.550+0000] {dagbag.py:545} INFO - Filling up the DagBag from /opt/airflow/dags/car_price_ml_pipeline.py
[2026-02-14T16:18:08.564+0000] {processor.py:840} INFO - DAG(s) 'car_price_predictor_pipeline' retrieved from /opt/airflow/dags/car_price_ml_pipeline.py
[2026-02-14T16:18:08.578+0000] {logging_mixin.py:188} INFO - [2026-02-14T16:18:08.577+0000] {dag.py:3089} INFO - Sync 1 DAGs
[2026-02-14T16:18:08.589+0000] {logging_mixin.py:188} INFO - [2026-02-14T16:18:08.589+0000] {dag.py:3947} INFO - Setting next_dagrun for car_price_predictor_pipeline to 2026-02-15 00:00:00+00:00, run_after=2026-02-22 00:00:00+00:00
[2026-02-14T16:18:08.597+0000] {processor.py:183} INFO - Processing /opt/airflow/dags/car_price_ml_pipeline.py took 0.059 seconds
[2026-02-14T16:18:39.035+0000] {processor.py:161} INFO - Started process (PID=3760) to work on /opt/airflow/dags/car_price_ml_pipeline.py
[2026-02-14T16:18:39.036+0000] {processor.py:830} INFO - Processing file /opt/airflow/dags/car_price_ml_pipeline.py for tasks to queue
[2026-02-14T16:18:39.039+0000] {logging_mixin.py:188} INFO - [2026-02-14T16:18:39.039+0000] {dagbag.py:545} INFO - Filling up the DagBag from /opt/airflow/dags/car_price_ml_pipeline.py
[2026-02-14T16:18:39.063+0000] {processor.py:840} INFO - DAG(s) 'car_price_predictor_pipeline' retrieved from /opt/airflow/dags/car_price_ml_pipeline.py
[2026-02-14T16:18:39.089+0000] {logging_mixin.py:188} INFO - [2026-02-14T16:18:39.089+0000] {dag.py:3089} INFO - Sync 1 DAGs
[2026-02-14T16:18:39.110+0000] {logging_mixin.py:188} INFO - [2026-02-14T16:18:39.110+0000] {dag.py:3947} INFO - Setting next_dagrun for car_price_predictor_pipeline to 2026-02-15 00:00:00+00:00, run_after=2026-02-22 00:00:00+00:00
[2026-02-14T16:18:39.129+0000] {processor.py:183} INFO - Processing /opt/airflow/dags/car_price_ml_pipeline.py took 0.109 seconds
[2026-02-14T16:19:09.322+0000] {processor.py:161} INFO - Started process (PID=3819) to work on /opt/airflow/dags/car_price_ml_pipeline.py
[2026-02-14T16:19:09.323+0000] {processor.py:830} INFO - Processing file /opt/airflow/dags/car_price_ml_pipeline.py for tasks to queue
[2026-02-14T16:19:09.328+0000] {logging_mixin.py:188} INFO - [2026-02-14T16:19:09.327+0000] {dagbag.py:545} INFO - Filling up the DagBag from /opt/airflow/dags/car_price_ml_pipeline.py
[2026-02-14T16:19:09.346+0000] {processor.py:840} INFO - DAG(s) 'car_price_predictor_pipeline' retrieved from /opt/airflow/dags/car_price_ml_pipeline.py
[2026-02-14T16:19:09.366+0000] {logging_mixin.py:188} INFO - [2026-02-14T16:19:09.366+0000] {dag.py:3089} INFO - Sync 1 DAGs
[2026-02-14T16:19:09.382+0000] {logging_mixin.py:188} INFO - [2026-02-14T16:19:09.381+0000] {dag.py:3947} INFO - Setting next_dagrun for car_price_predictor_pipeline to 2026-02-15 00:00:00+00:00, run_after=2026-02-22 00:00:00+00:00
[2026-02-14T16:19:09.394+0000] {processor.py:183} INFO - Processing /opt/airflow/dags/car_price_ml_pipeline.py took 0.081 seconds
[2026-02-14T16:19:39.906+0000] {processor.py:161} INFO - Started process (PID=3878) to work on /opt/airflow/dags/car_price_ml_pipeline.py
[2026-02-14T16:19:39.911+0000] {processor.py:830} INFO - Processing file /opt/airflow/dags/car_price_ml_pipeline.py for tasks to queue
[2026-02-14T16:19:39.918+0000] {logging_mixin.py:188} INFO - [2026-02-14T16:19:39.917+0000] {dagbag.py:545} INFO - Filling up the DagBag from /opt/airflow/dags/car_price_ml_pipeline.py
[2026-02-14T16:19:39.930+0000] {processor.py:840} INFO - DAG(s) 'car_price_predictor_pipeline' retrieved from /opt/airflow/dags/car_price_ml_pipeline.py
[2026-02-14T16:19:39.966+0000] {logging_mixin.py:188} INFO - [2026-02-14T16:19:39.965+0000] {dag.py:3089} INFO - Sync 1 DAGs
[2026-02-14T16:19:39.991+0000] {logging_mixin.py:188} INFO - [2026-02-14T16:19:39.991+0000] {dag.py:3947} INFO - Setting next_dagrun for car_price_predictor_pipeline to 2026-02-15 00:00:00+00:00, run_after=2026-02-22 00:00:00+00:00
[2026-02-14T16:19:40.086+0000] {processor.py:183} INFO - Processing /opt/airflow/dags/car_price_ml_pipeline.py took 0.200 seconds
[2026-02-14T16:20:10.245+0000] {processor.py:161} INFO - Started process (PID=3937) to work on /opt/airflow/dags/car_price_ml_pipeline.py
[2026-02-14T16:20:10.246+0000] {processor.py:830} INFO - Processing file /opt/airflow/dags/car_price_ml_pipeline.py for tasks to queue
[2026-02-14T16:20:10.250+0000] {logging_mixin.py:188} INFO - [2026-02-14T16:20:10.249+0000] {dagbag.py:545} INFO - Filling up the DagBag from /opt/airflow/dags/car_price_ml_pipeline.py
[2026-02-14T16:20:10.273+0000] {processor.py:840} INFO - DAG(s) 'car_price_predictor_pipeline' retrieved from /opt/airflow/dags/car_price_ml_pipeline.py
[2026-02-14T16:20:10.300+0000] {logging_mixin.py:188} INFO - [2026-02-14T16:20:10.300+0000] {dag.py:3089} INFO - Sync 1 DAGs
[2026-02-14T16:20:10.331+0000] {logging_mixin.py:188} INFO - [2026-02-14T16:20:10.331+0000] {dag.py:3947} INFO - Setting next_dagrun for car_price_predictor_pipeline to 2026-02-15 00:00:00+00:00, run_after=2026-02-22 00:00:00+00:00
[2026-02-14T16:20:10.355+0000] {processor.py:183} INFO - Processing /opt/airflow/dags/car_price_ml_pipeline.py took 0.123 seconds
[2026-02-14T16:20:40.900+0000] {processor.py:161} INFO - Started process (PID=3996) to work on /opt/airflow/dags/car_price_ml_pipeline.py
[2026-02-14T16:20:40.902+0000] {processor.py:830} INFO - Processing file /opt/airflow/dags/car_price_ml_pipeline.py for tasks to queue
[2026-02-14T16:20:40.906+0000] {logging_mixin.py:188} INFO - [2026-02-14T16:20:40.905+0000] {dagbag.py:545} INFO - Filling up the DagBag from /opt/airflow/dags/car_price_ml_pipeline.py
[2026-02-14T16:20:40.925+0000] {processor.py:840} INFO - DAG(s) 'car_price_predictor_pipeline' retrieved from /opt/airflow/dags/car_price_ml_pipeline.py
[2026-02-14T16:20:40.943+0000] {logging_mixin.py:188} INFO - [2026-02-14T16:20:40.943+0000] {dag.py:3089} INFO - Sync 1 DAGs
[2026-02-14T16:20:40.958+0000] {logging_mixin.py:188} INFO - [2026-02-14T16:20:40.958+0000] {dag.py:3947} INFO - Setting next_dagrun for car_price_predictor_pipeline to 2026-02-15 00:00:00+00:00, run_after=2026-02-22 00:00:00+00:00
[2026-02-14T16:20:40.976+0000] {processor.py:183} INFO - Processing /opt/airflow/dags/car_price_ml_pipeline.py took 0.082 seconds
[2026-02-14T16:21:11.623+0000] {processor.py:161} INFO - Started process (PID=4055) to work on /opt/airflow/dags/car_price_ml_pipeline.py
[2026-02-14T16:21:11.624+0000] {processor.py:830} INFO - Processing file /opt/airflow/dags/car_price_ml_pipeline.py for tasks to queue
[2026-02-14T16:21:11.627+0000] {logging_mixin.py:188} INFO - [2026-02-14T16:21:11.627+0000] {dagbag.py:545} INFO - Filling up the DagBag from /opt/airflow/dags/car_price_ml_pipeline.py
[2026-02-14T16:21:11.637+0000] {processor.py:840} INFO - DAG(s) 'car_price_predictor_pipeline' retrieved from /opt/airflow/dags/car_price_ml_pipeline.py
[2026-02-14T16:21:11.654+0000] {logging_mixin.py:188} INFO - [2026-02-14T16:21:11.654+0000] {dag.py:3089} INFO - Sync 1 DAGs
[2026-02-14T16:21:11.666+0000] {logging_mixin.py:188} INFO - [2026-02-14T16:21:11.666+0000] {dag.py:3947} INFO - Setting next_dagrun for car_price_predictor_pipeline to 2026-02-15 00:00:00+00:00, run_after=2026-02-22 00:00:00+00:00
[2026-02-14T16:21:11.677+0000] {processor.py:183} INFO - Processing /opt/airflow/dags/car_price_ml_pipeline.py took 0.060 seconds
