[2026-02-14T18:05:33.516+0000] {local_task_job_runner.py:120} INFO - ::group::Pre task execution logs
[2026-02-14T18:05:33.524+0000] {taskinstance.py:2076} INFO - Dependencies all met for dep_context=non-requeueable deps ti=<TaskInstance: car_price_predictor_pipeline.send_pipeline_report manual__2026-02-14T18:05:21+00:00 [queued]>
[2026-02-14T18:05:33.526+0000] {taskinstance.py:2076} INFO - Dependencies all met for dep_context=requeueable deps ti=<TaskInstance: car_price_predictor_pipeline.send_pipeline_report manual__2026-02-14T18:05:21+00:00 [queued]>
[2026-02-14T18:05:33.527+0000] {taskinstance.py:2306} INFO - Starting attempt 1 of 3
[2026-02-14T18:05:33.532+0000] {taskinstance.py:2330} INFO - Executing <Task(PythonOperator): send_pipeline_report> on 2026-02-14 18:05:21+00:00
[2026-02-14T18:05:33.536+0000] {warnings.py:112} WARNING - /home/***/.local/lib/python3.12/site-packages/***/task/task_runner/standard_task_runner.py:62: DeprecationWarning: This process (pid=2204) is multi-threaded, use of fork() may lead to deadlocks in the child.
  pid = os.fork()

[2026-02-14T18:05:33.536+0000] {standard_task_runner.py:64} INFO - Started process 2205 to run task
[2026-02-14T18:05:33.536+0000] {standard_task_runner.py:90} INFO - Running: ['***', 'tasks', 'run', 'car_price_predictor_pipeline', 'send_pipeline_report', 'manual__2026-02-14T18:05:21+00:00', '--job-id', '185', '--raw', '--subdir', 'DAGS_FOLDER/car_price_ml_pipeline.py', '--cfg-path', '/tmp/tmp2tnvof8m']
[2026-02-14T18:05:33.537+0000] {standard_task_runner.py:91} INFO - Job 185: Subtask send_pipeline_report
[2026-02-14T18:05:33.558+0000] {task_command.py:426} INFO - Running <TaskInstance: car_price_predictor_pipeline.send_pipeline_report manual__2026-02-14T18:05:21+00:00 [running]> on host 2075ebc01f0b
[2026-02-14T18:05:33.584+0000] {taskinstance.py:2648} INFO - Exporting env vars: AIRFLOW_CTX_DAG_EMAIL='alerts@example.com' AIRFLOW_CTX_DAG_OWNER='data-science-team' AIRFLOW_CTX_DAG_ID='car_price_predictor_pipeline' AIRFLOW_CTX_TASK_ID='send_pipeline_report' AIRFLOW_CTX_EXECUTION_DATE='2026-02-14T18:05:21+00:00' AIRFLOW_CTX_TRY_NUMBER='1' AIRFLOW_CTX_DAG_RUN_ID='manual__2026-02-14T18:05:21+00:00'
[2026-02-14T18:05:33.585+0000] {taskinstance.py:430} INFO - ::endgroup::
[2026-02-14T18:05:33.591+0000] {logging_mixin.py:188} INFO - 📧 Génération du rapport de pipeline...
[2026-02-14T18:05:33.607+0000] {taskinstance.py:441} INFO - ::group::Post task execution logs
[2026-02-14T18:05:33.607+0000] {taskinstance.py:2905} ERROR - Task failed with exception
Traceback (most recent call last):
  File "/home/airflow/.local/lib/python3.12/site-packages/airflow/models/taskinstance.py", line 465, in _execute_task
    result = _execute_callable(context=context, **execute_callable_kwargs)
             ^^^^^^^^^^^^^^^^^^^^^^^^^^^^^^^^^^^^^^^^^^^^^^^^^^^^^^^^^^^^^
  File "/home/airflow/.local/lib/python3.12/site-packages/airflow/models/taskinstance.py", line 432, in _execute_callable
    return execute_callable(context=context, **execute_callable_kwargs)
           ^^^^^^^^^^^^^^^^^^^^^^^^^^^^^^^^^^^^^^^^^^^^^^^^^^^^^^^^^^^^
  File "/home/airflow/.local/lib/python3.12/site-packages/airflow/models/baseoperator.py", line 401, in wrapper
    return func(self, *args, **kwargs)
           ^^^^^^^^^^^^^^^^^^^^^^^^^^^
  File "/home/airflow/.local/lib/python3.12/site-packages/airflow/operators/python.py", line 235, in execute
    return_value = self.execute_callable()
                   ^^^^^^^^^^^^^^^^^^^^^^^
  File "/home/airflow/.local/lib/python3.12/site-packages/airflow/operators/python.py", line 252, in execute_callable
    return self.python_callable(*self.op_args, **self.op_kwargs)
           ^^^^^^^^^^^^^^^^^^^^^^^^^^^^^^^^^^^^^^^^^^^^^^^^^^^^^
  File "/opt/airflow/dags/car_price_ml_pipeline.py", line 391, in send_pipeline_report
    json.dump(report, f, indent=2)
  File "/usr/local/lib/python3.12/json/__init__.py", line 179, in dump
    for chunk in iterable:
  File "/usr/local/lib/python3.12/json/encoder.py", line 432, in _iterencode
    yield from _iterencode_dict(o, _current_indent_level)
  File "/usr/local/lib/python3.12/json/encoder.py", line 406, in _iterencode_dict
    yield from chunks
  File "/usr/local/lib/python3.12/json/encoder.py", line 406, in _iterencode_dict
    yield from chunks
  File "/usr/local/lib/python3.12/json/encoder.py", line 439, in _iterencode
    o = _default(o)
        ^^^^^^^^^^^
  File "/usr/local/lib/python3.12/json/encoder.py", line 180, in default
    raise TypeError(f'Object of type {o.__class__.__name__} '
TypeError: Object of type bool_ is not JSON serializable
[2026-02-14T18:05:33.611+0000] {taskinstance.py:1206} INFO - Marking task as UP_FOR_RETRY. dag_id=car_price_predictor_pipeline, task_id=send_pipeline_report, run_id=manual__2026-02-14T18:05:21+00:00, execution_date=20260214T180521, start_date=20260214T180533, end_date=20260214T180533
[2026-02-14T18:05:33.615+0000] {standard_task_runner.py:110} ERROR - Failed to execute job 185 for task send_pipeline_report (Object of type bool_ is not JSON serializable; 2205)
[2026-02-14T18:05:33.634+0000] {local_task_job_runner.py:243} INFO - Task exited with return code 1
[2026-02-14T18:05:33.641+0000] {taskinstance.py:3503} INFO - 0 downstream tasks scheduled from follow-on schedule check
[2026-02-14T18:05:33.641+0000] {local_task_job_runner.py:222} INFO - ::endgroup::
