[2026-02-14T17:49:27.329+0000] {local_task_job_runner.py:120} INFO - ::group::Pre task execution logs
[2026-02-14T17:49:27.342+0000] {taskinstance.py:2076} INFO - Dependencies all met for dep_context=non-requeueable deps ti=<TaskInstance: car_price_predictor_pipeline.train_model manual__2026-02-14T17:49:25+00:00 [queued]>
[2026-02-14T17:49:27.347+0000] {taskinstance.py:2076} INFO - Dependencies all met for dep_context=requeueable deps ti=<TaskInstance: car_price_predictor_pipeline.train_model manual__2026-02-14T17:49:25+00:00 [queued]>
[2026-02-14T17:49:27.347+0000] {taskinstance.py:2306} INFO - Starting attempt 1 of 3
[2026-02-14T17:49:27.351+0000] {taskinstance.py:2330} INFO - Executing <Task(PythonOperator): train_model> on 2026-02-14 17:49:25+00:00
[2026-02-14T17:49:27.354+0000] {warnings.py:112} WARNING - /home/***/.local/lib/python3.12/site-packages/***/task/task_runner/standard_task_runner.py:62: DeprecationWarning: This process (pid=611) is multi-threaded, use of fork() may lead to deadlocks in the child.
  pid = os.fork()

[2026-02-14T17:49:27.354+0000] {standard_task_runner.py:64} INFO - Started process 612 to run task
[2026-02-14T17:49:27.355+0000] {standard_task_runner.py:90} INFO - Running: ['***', 'tasks', 'run', 'car_price_predictor_pipeline', 'train_model', 'manual__2026-02-14T17:49:25+00:00', '--job-id', '72', '--raw', '--subdir', 'DAGS_FOLDER/car_price_ml_pipeline.py', '--cfg-path', '/tmp/tmpcw8fcuga']
[2026-02-14T17:49:27.355+0000] {standard_task_runner.py:91} INFO - Job 72: Subtask train_model
[2026-02-14T17:49:27.371+0000] {task_command.py:426} INFO - Running <TaskInstance: car_price_predictor_pipeline.train_model manual__2026-02-14T17:49:25+00:00 [running]> on host 2075ebc01f0b
[2026-02-14T17:49:27.394+0000] {taskinstance.py:2648} INFO - Exporting env vars: AIRFLOW_CTX_DAG_EMAIL='alerts@example.com' AIRFLOW_CTX_DAG_OWNER='data-science-team' AIRFLOW_CTX_DAG_ID='car_price_predictor_pipeline' AIRFLOW_CTX_TASK_ID='train_model' AIRFLOW_CTX_EXECUTION_DATE='2026-02-14T17:49:25+00:00' AIRFLOW_CTX_TRY_NUMBER='1' AIRFLOW_CTX_DAG_RUN_ID='manual__2026-02-14T17:49:25+00:00'
[2026-02-14T17:49:27.394+0000] {taskinstance.py:430} INFO - ::endgroup::
[2026-02-14T17:49:28.212+0000] {file_store.py:306} WARNING - Malformed experiment '1'. Detailed error Yaml file '/opt/***/project/mlflow/mlruns/1/meta.yaml' does not exist.
Traceback (most recent call last):
  File "/home/airflow/.local/lib/python3.12/site-packages/mlflow/store/tracking/file_store.py", line 302, in search_experiments
    exp = self._get_experiment(exp_id, view_type)
          ^^^^^^^^^^^^^^^^^^^^^^^^^^^^^^^^^^^^^^^
  File "/home/airflow/.local/lib/python3.12/site-packages/mlflow/store/tracking/file_store.py", line 395, in _get_experiment
    meta = FileStore._read_yaml(experiment_dir, FileStore.META_DATA_FILE_NAME)
           ^^^^^^^^^^^^^^^^^^^^^^^^^^^^^^^^^^^^^^^^^^^^^^^^^^^^^^^^^^^^^^^^^^^
  File "/home/airflow/.local/lib/python3.12/site-packages/mlflow/store/tracking/file_store.py", line 1303, in _read_yaml
    return _read_helper(root, file_name, attempts_remaining=retries)
           ^^^^^^^^^^^^^^^^^^^^^^^^^^^^^^^^^^^^^^^^^^^^^^^^^^^^^^^^^
  File "/home/airflow/.local/lib/python3.12/site-packages/mlflow/store/tracking/file_store.py", line 1296, in _read_helper
    result = read_yaml(root, file_name)
             ^^^^^^^^^^^^^^^^^^^^^^^^^^
  File "/home/airflow/.local/lib/python3.12/site-packages/mlflow/utils/file_utils.py", line 303, in read_yaml
    raise MissingConfigException(f"Yaml file '{file_path}' does not exist.")
mlflow.exceptions.MissingConfigException: Yaml file '/opt/***/project/mlflow/mlruns/1/meta.yaml' does not exist.
[2026-02-14T17:49:28.216+0000] {logging_mixin.py:188} INFO - 🚀 Démarrage de l'entraînement du modèle...
[2026-02-14T17:49:28.217+0000] {logging_mixin.py:188} INFO - 📡 MLflow URI: http://172.18.0.4:5000
[2026-02-14T17:49:28.241+0000] {logging_mixin.py:188} INFO - 📊 Données validées: 24776 lignes
[2026-02-14T17:49:28.409+0000] {logging_mixin.py:188} INFO - 📂 Chargement des données...
[2026-02-14T17:49:28.496+0000] {logging_mixin.py:188} INFO - ✅ Données chargées: (24776, 32)
[2026-02-14T17:49:28.594+0000] {logging_mixin.py:188} INFO - 🔧 Prétraitement des données...
[2026-02-14T17:49:28.598+0000] {logging_mixin.py:188} INFO -   • Origine: rempli avec mode = 'WW au Maroc'
[2026-02-14T17:49:28.600+0000] {logging_mixin.py:188} INFO -   • Première main: rempli avec mode = 'Non'
[2026-02-14T17:49:28.602+0000] {logging_mixin.py:188} INFO -   • État: rempli avec mode = 'Excellent'
[2026-02-14T17:49:28.602+0000] {logging_mixin.py:188} INFO -   • Nombre de portes: rempli avec médiane = 5.0
[2026-02-14T17:49:28.612+0000] {logging_mixin.py:188} INFO -   • Doublons supprimés: 16652
[2026-02-14T17:49:28.664+0000] {logging_mixin.py:188} INFO -   • Outliers supprimés: 600
[2026-02-14T17:49:28.712+0000] {logging_mixin.py:188} INFO - ✅ Shape après prétraitement: (7524, 28)
[2026-02-14T17:49:28.713+0000] {logging_mixin.py:188} INFO - 🎯 Préparation des features...
[2026-02-14T17:49:28.715+0000] {logging_mixin.py:188} INFO -   • Features totales: 27
[2026-02-14T17:49:28.715+0000] {logging_mixin.py:188} INFO -   • Features catégorielles: 9
[2026-02-14T17:49:28.715+0000] {logging_mixin.py:188} INFO -   • Features numériques: 3
[2026-02-14T17:49:28.871+0000] {logging_mixin.py:188} INFO - 🤖 Entraînement du modèle...
[2026-02-14T17:49:28.872+0000] {logging_mixin.py:188} INFO -   • Training set: 6019 samples
[2026-02-14T17:49:28.872+0000] {logging_mixin.py:188} INFO -   • Test set: 1505 samples
[2026-02-14T17:49:29.527+0000] {logging_mixin.py:188} INFO - ✅ Entraînement terminé!
[2026-02-14T17:49:29.528+0000] {warnings.py:112} WARNING - /home/***/.local/lib/python3.12/site-packages/sklearn/ensemble/_base.py:214: UserWarning: Loky-backed parallel loops cannot be called in a multiprocessing, setting n_jobs=1
  n_jobs = min(effective_n_jobs(n_jobs), n_estimators)

[2026-02-14T17:49:29.570+0000] {warnings.py:112} WARNING - /home/***/.local/lib/python3.12/site-packages/sklearn/ensemble/_base.py:214: UserWarning: Loky-backed parallel loops cannot be called in a multiprocessing, setting n_jobs=1
  n_jobs = min(effective_n_jobs(n_jobs), n_estimators)

[2026-02-14T17:49:29.918+0000] {logging_mixin.py:188} INFO - 
📊 Résultats:
[2026-02-14T17:49:29.918+0000] {logging_mixin.py:188} INFO -   Train R²: 0.8689
[2026-02-14T17:49:29.918+0000] {logging_mixin.py:188} INFO -   Test R²:  0.7299
[2026-02-14T17:49:29.919+0000] {logging_mixin.py:188} INFO -   Test RMSE: 0.5188
[2026-02-14T17:49:29.919+0000] {logging_mixin.py:188} INFO -   Test MAE:  0.3872
[2026-02-14T17:49:29.937+0000] {logging_mixin.py:188} INFO - 
🔝 Top 10 Features:
[2026-02-14T17:49:29.937+0000] {logging_mixin.py:188} INFO -   Année-Modèle: 0.3429
[2026-02-14T17:49:29.937+0000] {logging_mixin.py:188} INFO -   Boite de vitesses: 0.1007
[2026-02-14T17:49:29.937+0000] {logging_mixin.py:188} INFO -   Marque: 0.0991
[2026-02-14T17:49:29.937+0000] {logging_mixin.py:188} INFO -   Modèle: 0.0961
[2026-02-14T17:49:29.938+0000] {logging_mixin.py:188} INFO -   Puissance fiscale: 0.0935
[2026-02-14T17:49:29.938+0000] {logging_mixin.py:188} INFO -   Kilométrage: 0.0677
[2026-02-14T17:49:29.938+0000] {logging_mixin.py:188} INFO -   Ville: 0.0380
[2026-02-14T17:49:29.938+0000] {logging_mixin.py:188} INFO -   Première main: 0.0355
[2026-02-14T17:49:29.938+0000] {logging_mixin.py:188} INFO -   Type de carburant: 0.0345
[2026-02-14T17:49:29.938+0000] {logging_mixin.py:188} INFO -   ESP: 0.0253
[2026-02-14T17:49:30.310+0000] {logging_mixin.py:188} INFO - 💾 Sauvegarde du modèle...
[2026-02-14T17:49:30.361+0000] {taskinstance.py:441} INFO - ::group::Post task execution logs
[2026-02-14T17:49:30.362+0000] {taskinstance.py:2905} ERROR - Task failed with exception
Traceback (most recent call last):
  File "/home/airflow/.local/lib/python3.12/site-packages/airflow/models/taskinstance.py", line 465, in _execute_task
    result = _execute_callable(context=context, **execute_callable_kwargs)
             ^^^^^^^^^^^^^^^^^^^^^^^^^^^^^^^^^^^^^^^^^^^^^^^^^^^^^^^^^^^^^
  File "/home/airflow/.local/lib/python3.12/site-packages/airflow/models/taskinstance.py", line 432, in _execute_callable
    return execute_callable(context=context, **execute_callable_kwargs)
           ^^^^^^^^^^^^^^^^^^^^^^^^^^^^^^^^^^^^^^^^^^^^^^^^^^^^^^^^^^^^
  File "/home/airflow/.local/lib/python3.12/site-packages/airflow/models/baseoperator.py", line 401, in wrapper
    return func(self, *args, **kwargs)
           ^^^^^^^^^^^^^^^^^^^^^^^^^^^
  File "/home/airflow/.local/lib/python3.12/site-packages/airflow/operators/python.py", line 235, in execute
    return_value = self.execute_callable()
                   ^^^^^^^^^^^^^^^^^^^^^^^
  File "/home/airflow/.local/lib/python3.12/site-packages/airflow/operators/python.py", line 252, in execute_callable
    return self.python_callable(*self.op_args, **self.op_kwargs)
           ^^^^^^^^^^^^^^^^^^^^^^^^^^^^^^^^^^^^^^^^^^^^^^^^^^^^^
  File "/opt/airflow/dags/car_price_ml_pipeline.py", line 124, in train_model
    pipeline.save_model()
  File "/opt/airflow/project/scripts/train_with_mlflow.py", line 302, in save_model
    mlflow.log_artifact('models/car_model.pkl')
  File "/home/airflow/.local/lib/python3.12/site-packages/mlflow/tracking/fluent.py", line 996, in log_artifact
    MlflowClient().log_artifact(run_id, local_path, artifact_path)
  File "/home/airflow/.local/lib/python3.12/site-packages/mlflow/tracking/client.py", line 1149, in log_artifact
    self._tracking_client.log_artifact(run_id, local_path, artifact_path)
  File "/home/airflow/.local/lib/python3.12/site-packages/mlflow/tracking/_tracking_service/client.py", line 529, in log_artifact
    artifact_repo.log_artifact(local_path, artifact_path)
  File "/home/airflow/.local/lib/python3.12/site-packages/mlflow/store/artifact/local_artifact_repo.py", line 38, in log_artifact
    shutil.copy2(local_file, os.path.join(artifact_dir, os.path.basename(local_file)))
  File "/usr/local/lib/python3.12/shutil.py", line 475, in copy2
    copyfile(src, dst, follow_symlinks=follow_symlinks)
  File "/usr/local/lib/python3.12/shutil.py", line 260, in copyfile
    with open(src, 'rb') as fsrc:
         ^^^^^^^^^^^^^^^
FileNotFoundError: [Errno 2] No such file or directory: 'models/car_model.pkl'
[2026-02-14T17:49:30.370+0000] {taskinstance.py:1206} INFO - Marking task as UP_FOR_RETRY. dag_id=car_price_predictor_pipeline, task_id=train_model, run_id=manual__2026-02-14T17:49:25+00:00, execution_date=20260214T174925, start_date=20260214T174927, end_date=20260214T174930
[2026-02-14T17:49:30.374+0000] {standard_task_runner.py:110} ERROR - Failed to execute job 72 for task train_model ([Errno 2] No such file or directory: 'models/car_model.pkl'; 612)
[2026-02-14T17:49:30.421+0000] {local_task_job_runner.py:243} INFO - Task exited with return code 1
[2026-02-14T17:49:30.432+0000] {taskinstance.py:3503} INFO - 0 downstream tasks scheduled from follow-on schedule check
[2026-02-14T17:49:30.433+0000] {local_task_job_runner.py:222} INFO - ::endgroup::
