[2026-02-14T17:52:59.625+0000] {local_task_job_runner.py:120} INFO - ::group::Pre task execution logs
[2026-02-14T17:52:59.640+0000] {taskinstance.py:2076} INFO - Dependencies all met for dep_context=non-requeueable deps ti=<TaskInstance: car_price_predictor_pipeline.evaluate_model manual__2026-02-14T17:52:51+00:00 [queued]>
[2026-02-14T17:52:59.644+0000] {taskinstance.py:2076} INFO - Dependencies all met for dep_context=requeueable deps ti=<TaskInstance: car_price_predictor_pipeline.evaluate_model manual__2026-02-14T17:52:51+00:00 [queued]>
[2026-02-14T17:52:59.644+0000] {taskinstance.py:2306} INFO - Starting attempt 1 of 3
[2026-02-14T17:52:59.649+0000] {taskinstance.py:2330} INFO - Executing <Task(PythonOperator): evaluate_model> on 2026-02-14 17:52:51+00:00
[2026-02-14T17:52:59.652+0000] {warnings.py:112} WARNING - /home/***/.local/lib/python3.12/site-packages/***/task/task_runner/standard_task_runner.py:62: DeprecationWarning: This process (pid=1032) is multi-threaded, use of fork() may lead to deadlocks in the child.
  pid = os.fork()

[2026-02-14T17:52:59.654+0000] {standard_task_runner.py:64} INFO - Started process 1033 to run task
[2026-02-14T17:52:59.653+0000] {standard_task_runner.py:90} INFO - Running: ['***', 'tasks', 'run', 'car_price_predictor_pipeline', 'evaluate_model', 'manual__2026-02-14T17:52:51+00:00', '--job-id', '84', '--raw', '--subdir', 'DAGS_FOLDER/car_price_ml_pipeline.py', '--cfg-path', '/tmp/tmpzo0ylzt6']
[2026-02-14T17:52:59.654+0000] {standard_task_runner.py:91} INFO - Job 84: Subtask evaluate_model
[2026-02-14T17:52:59.679+0000] {task_command.py:426} INFO - Running <TaskInstance: car_price_predictor_pipeline.evaluate_model manual__2026-02-14T17:52:51+00:00 [running]> on host 2075ebc01f0b
[2026-02-14T17:52:59.712+0000] {taskinstance.py:2648} INFO - Exporting env vars: AIRFLOW_CTX_DAG_EMAIL='alerts@example.com' AIRFLOW_CTX_DAG_OWNER='data-science-team' AIRFLOW_CTX_DAG_ID='car_price_predictor_pipeline' AIRFLOW_CTX_TASK_ID='evaluate_model' AIRFLOW_CTX_EXECUTION_DATE='2026-02-14T17:52:51+00:00' AIRFLOW_CTX_TRY_NUMBER='1' AIRFLOW_CTX_DAG_RUN_ID='manual__2026-02-14T17:52:51+00:00'
[2026-02-14T17:52:59.712+0000] {taskinstance.py:430} INFO - ::endgroup::
[2026-02-14T17:53:00.185+0000] {logging_mixin.py:188} INFO - 🔍 Évaluation du modèle...
[2026-02-14T17:53:00.193+0000] {taskinstance.py:441} INFO - ::group::Post task execution logs
[2026-02-14T17:53:00.194+0000] {taskinstance.py:2905} ERROR - Task failed with exception
Traceback (most recent call last):
  File "/home/airflow/.local/lib/python3.12/site-packages/airflow/models/taskinstance.py", line 465, in _execute_task
    result = _execute_callable(context=context, **execute_callable_kwargs)
             ^^^^^^^^^^^^^^^^^^^^^^^^^^^^^^^^^^^^^^^^^^^^^^^^^^^^^^^^^^^^^
  File "/home/airflow/.local/lib/python3.12/site-packages/airflow/models/taskinstance.py", line 432, in _execute_callable
    return execute_callable(context=context, **execute_callable_kwargs)
           ^^^^^^^^^^^^^^^^^^^^^^^^^^^^^^^^^^^^^^^^^^^^^^^^^^^^^^^^^^^^
  File "/home/airflow/.local/lib/python3.12/site-packages/airflow/models/baseoperator.py", line 401, in wrapper
    return func(self, *args, **kwargs)
           ^^^^^^^^^^^^^^^^^^^^^^^^^^^
  File "/home/airflow/.local/lib/python3.12/site-packages/airflow/operators/python.py", line 235, in execute
    return_value = self.execute_callable()
                   ^^^^^^^^^^^^^^^^^^^^^^^
  File "/home/airflow/.local/lib/python3.12/site-packages/airflow/operators/python.py", line 252, in execute_callable
    return self.python_callable(*self.op_args, **self.op_kwargs)
           ^^^^^^^^^^^^^^^^^^^^^^^^^^^^^^^^^^^^^^^^^^^^^^^^^^^^^
  File "/opt/airflow/dags/car_price_ml_pipeline.py", line 156, in evaluate_model
    r2_score = metrics['r2_score']
               ~~~~~~~^^^^^^^^^^^^
TypeError: 'NoneType' object is not subscriptable
[2026-02-14T17:53:00.197+0000] {taskinstance.py:1206} INFO - Marking task as UP_FOR_RETRY. dag_id=car_price_predictor_pipeline, task_id=evaluate_model, run_id=manual__2026-02-14T17:52:51+00:00, execution_date=20260214T175251, start_date=20260214T175259, end_date=20260214T175300
[2026-02-14T17:53:00.201+0000] {standard_task_runner.py:110} ERROR - Failed to execute job 84 for task evaluate_model ('NoneType' object is not subscriptable; 1033)
[2026-02-14T17:53:00.244+0000] {local_task_job_runner.py:243} INFO - Task exited with return code 1
[2026-02-14T17:53:00.256+0000] {taskinstance.py:3503} INFO - 0 downstream tasks scheduled from follow-on schedule check
[2026-02-14T17:53:00.257+0000] {local_task_job_runner.py:222} INFO - ::endgroup::
