[2026-02-14T17:27:52.625+0000] {local_task_job_runner.py:120} INFO - ::group::Pre task execution logs
[2026-02-14T17:27:52.635+0000] {taskinstance.py:2076} INFO - Dependencies all met for dep_context=non-requeueable deps ti=<TaskInstance: car_price_predictor_pipeline.check_data_quality __airflow_temporary_run_2026-02-14T17:27:51.862300+00:00__ [queued]>
[2026-02-14T17:27:52.639+0000] {taskinstance.py:2076} INFO - Dependencies all met for dep_context=requeueable deps ti=<TaskInstance: car_price_predictor_pipeline.check_data_quality __airflow_temporary_run_2026-02-14T17:27:51.862300+00:00__ [queued]>
[2026-02-14T17:27:52.639+0000] {taskinstance.py:2306} INFO - Starting attempt 1 of 3
[2026-02-14T17:27:52.645+0000] {taskinstance.py:2330} INFO - Executing <Task(PythonOperator): check_data_quality> on 2026-02-14 00:00:00+00:00
[2026-02-14T17:27:52.647+0000] {warnings.py:112} WARNING - /home/***/.local/lib/python3.12/site-packages/***/task/task_runner/standard_task_runner.py:62: DeprecationWarning: This process (pid=135) is multi-threaded, use of fork() may lead to deadlocks in the child.
  pid = os.fork()

[2026-02-14T17:27:52.648+0000] {standard_task_runner.py:64} INFO - Started process 136 to run task
[2026-02-14T17:27:52.648+0000] {standard_task_runner.py:90} INFO - Running: ['***', 'tasks', 'run', 'car_price_predictor_pipeline', 'check_data_quality', '__***_temporary_run_2026-02-14T17:27:51.862300+00:00__', '--job-id', '42', '--raw', '--subdir', 'DAGS_FOLDER/car_price_ml_pipeline.py', '--cfg-path', '/tmp/tmpxsoes238']
[2026-02-14T17:27:52.649+0000] {standard_task_runner.py:91} INFO - Job 42: Subtask check_data_quality
[2026-02-14T17:27:52.690+0000] {task_command.py:426} INFO - Running <TaskInstance: car_price_predictor_pipeline.check_data_quality __airflow_temporary_run_2026-02-14T17:27:51.862300+00:00__ [running]> on host 2075ebc01f0b
[2026-02-14T17:27:52.724+0000] {taskinstance.py:2648} INFO - Exporting env vars: AIRFLOW_CTX_DAG_EMAIL='alerts@example.com' AIRFLOW_CTX_DAG_OWNER='data-science-team' AIRFLOW_CTX_DAG_ID='car_price_predictor_pipeline' AIRFLOW_CTX_TASK_ID='check_data_quality' AIRFLOW_CTX_EXECUTION_DATE='2026-02-14T00:00:00+00:00' AIRFLOW_CTX_TRY_NUMBER='1' AIRFLOW_CTX_DAG_RUN_ID='__***_temporary_run_2026-02-14T17:27:51.862300+00:00__'
[2026-02-14T17:27:52.725+0000] {taskinstance.py:430} INFO - ::endgroup::
[2026-02-14T17:27:53.270+0000] {logging_mixin.py:188} INFO - 📊 Vérification de la qualité des données...
[2026-02-14T17:27:53.377+0000] {logging_mixin.py:188} INFO - ✅ Lignes: 24776
[2026-02-14T17:27:53.378+0000] {logging_mixin.py:188} INFO - ✅ Valeurs manquantes: 4.61%
[2026-02-14T17:27:53.381+0000] {taskinstance.py:441} INFO - ::group::Post task execution logs
[2026-02-14T17:27:53.382+0000] {taskinstance.py:2905} ERROR - Task failed with exception
Traceback (most recent call last):
  File "/home/airflow/.local/lib/python3.12/site-packages/airflow/models/taskinstance.py", line 465, in _execute_task
    result = _execute_callable(context=context, **execute_callable_kwargs)
             ^^^^^^^^^^^^^^^^^^^^^^^^^^^^^^^^^^^^^^^^^^^^^^^^^^^^^^^^^^^^^
  File "/home/airflow/.local/lib/python3.12/site-packages/airflow/models/taskinstance.py", line 432, in _execute_callable
    return execute_callable(context=context, **execute_callable_kwargs)
           ^^^^^^^^^^^^^^^^^^^^^^^^^^^^^^^^^^^^^^^^^^^^^^^^^^^^^^^^^^^^
  File "/home/airflow/.local/lib/python3.12/site-packages/airflow/models/baseoperator.py", line 401, in wrapper
    return func(self, *args, **kwargs)
           ^^^^^^^^^^^^^^^^^^^^^^^^^^^
  File "/home/airflow/.local/lib/python3.12/site-packages/airflow/operators/python.py", line 235, in execute
    return_value = self.execute_callable()
                   ^^^^^^^^^^^^^^^^^^^^^^^
  File "/home/airflow/.local/lib/python3.12/site-packages/airflow/operators/python.py", line 252, in execute_callable
    return self.python_callable(*self.op_args, **self.op_kwargs)
           ^^^^^^^^^^^^^^^^^^^^^^^^^^^^^^^^^^^^^^^^^^^^^^^^^^^^^
  File "/opt/airflow/dags/car_price_ml_pipeline.py", line 68, in check_data_quality
    context['ti'].xcom_push(key='data_quality', value=quality_checks)
  File "/home/airflow/.local/lib/python3.12/site-packages/airflow/utils/session.py", line 79, in wrapper
    return func(*args, session=session, **kwargs)
           ^^^^^^^^^^^^^^^^^^^^^^^^^^^^^^^^^^^^^^
  File "/home/airflow/.local/lib/python3.12/site-packages/airflow/models/taskinstance.py", line 3197, in xcom_push
    XCom.set(
  File "/home/airflow/.local/lib/python3.12/site-packages/airflow/utils/session.py", line 76, in wrapper
    return func(*args, **kwargs)
           ^^^^^^^^^^^^^^^^^^^^^
  File "/home/airflow/.local/lib/python3.12/site-packages/airflow/models/xcom.py", line 223, in set
    raise ValueError(f"DAG run not found on DAG {dag_id!r} with ID {run_id!r}")
ValueError: DAG run not found on DAG 'car_price_predictor_pipeline' with ID '__***_temporary_run_2026-02-14T17:27:51.862300+00:00__'
[2026-02-14T17:27:53.386+0000] {taskinstance.py:1206} INFO - Marking task as UP_FOR_RETRY. dag_id=car_price_predictor_pipeline, task_id=check_data_quality, run_id=__***_temporary_run_2026-02-14T17:27:51.862300+00:00__, execution_date=20260214T000000, start_date=20260214T172752, end_date=20260214T172753
[2026-02-14T17:27:53.391+0000] {standard_task_runner.py:110} ERROR - Failed to execute job 42 for task check_data_quality ((psycopg2.errors.ForeignKeyViolation) insert or update on table "task_fail" violates foreign key constraint "task_fail_ti_fkey"
DETAIL:  Key (dag_id, task_id, run_id, map_index)=(car_price_predictor_pipeline, check_data_quality, __airflow_temporary_run_2026-02-14T17:27:51.862300+00:00__, -1) is not present in table "task_instance".

[SQL: INSERT INTO task_fail (task_id, dag_id, run_id, map_index, start_date, end_date, duration) VALUES (%(task_id)s, %(dag_id)s, %(run_id)s, %(map_index)s, %(start_date)s, %(end_date)s, %(duration)s) RETURNING task_fail.id]
[parameters: {'task_id': 'check_data_quality', 'dag_id': 'car_price_predictor_pipeline', 'run_id': '__airflow_temporary_run_2026-02-14T17:27:51.862300+00:00__', 'map_index': -1, 'start_date': datetime.datetime(2026, 2, 14, 17, 27, 52, 636199, tzinfo=Timezone('UTC')), 'end_date': datetime.datetime(2026, 2, 14, 17, 27, 53, 386434, tzinfo=Timezone('UTC')), 'duration': 0}]
(Background on this error at: https://sqlalche.me/e/14/gkpj); 136)
[2026-02-14T17:27:53.419+0000] {local_task_job_runner.py:243} INFO - Task exited with return code 1
[2026-02-14T17:27:53.424+0000] {local_task_job_runner.py:222} INFO - ::endgroup::
