[2026-02-14T17:02:35.564+0000] {local_task_job_runner.py:120} INFO - ::group::Pre task execution logs
[2026-02-14T17:02:35.575+0000] {taskinstance.py:2076} INFO - Dependencies all met for dep_context=non-requeueable deps ti=<TaskInstance: car_price_predictor_pipeline.check_data_quality manual__2026-02-14T16:57:32.588457+00:00 [queued]>
[2026-02-14T17:02:35.577+0000] {taskinstance.py:2076} INFO - Dependencies all met for dep_context=requeueable deps ti=<TaskInstance: car_price_predictor_pipeline.check_data_quality manual__2026-02-14T16:57:32.588457+00:00 [queued]>
[2026-02-14T17:02:35.578+0000] {taskinstance.py:2306} INFO - Starting attempt 2 of 3
[2026-02-14T17:02:35.582+0000] {taskinstance.py:2330} INFO - Executing <Task(PythonOperator): check_data_quality> on 2026-02-14 16:57:32.588457+00:00
[2026-02-14T17:02:35.584+0000] {warnings.py:112} WARNING - /home/***/.local/lib/python3.12/site-packages/***/task/task_runner/standard_task_runner.py:62: DeprecationWarning: This process (pid=53) is multi-threaded, use of fork() may lead to deadlocks in the child.
  pid = os.fork()

[2026-02-14T17:02:35.585+0000] {standard_task_runner.py:64} INFO - Started process 54 to run task
[2026-02-14T17:02:35.585+0000] {standard_task_runner.py:90} INFO - Running: ['***', 'tasks', 'run', 'car_price_predictor_pipeline', 'check_data_quality', 'manual__2026-02-14T16:57:32.588457+00:00', '--job-id', '18', '--raw', '--subdir', 'DAGS_FOLDER/car_price_ml_pipeline.py', '--cfg-path', '/tmp/tmp6mr0bp_1']
[2026-02-14T17:02:35.585+0000] {standard_task_runner.py:91} INFO - Job 18: Subtask check_data_quality
[2026-02-14T17:02:35.606+0000] {task_command.py:426} INFO - Running <TaskInstance: car_price_predictor_pipeline.check_data_quality manual__2026-02-14T16:57:32.588457+00:00 [running]> on host a5b995b77d34
[2026-02-14T17:02:35.638+0000] {taskinstance.py:2648} INFO - Exporting env vars: AIRFLOW_CTX_DAG_EMAIL='alerts@example.com' AIRFLOW_CTX_DAG_OWNER='data-science-team' AIRFLOW_CTX_DAG_ID='car_price_predictor_pipeline' AIRFLOW_CTX_TASK_ID='check_data_quality' AIRFLOW_CTX_EXECUTION_DATE='2026-02-14T16:57:32.588457+00:00' AIRFLOW_CTX_TRY_NUMBER='2' AIRFLOW_CTX_DAG_RUN_ID='manual__2026-02-14T16:57:32.588457+00:00'
[2026-02-14T17:02:35.639+0000] {taskinstance.py:430} INFO - ::endgroup::
[2026-02-14T17:02:36.143+0000] {logging_mixin.py:188} INFO - 📊 Vérification de la qualité des données...
[2026-02-14T17:02:36.234+0000] {logging_mixin.py:188} INFO - ✅ Lignes: 24776
[2026-02-14T17:02:36.234+0000] {logging_mixin.py:188} INFO - ✅ Valeurs manquantes: 4.61%
[2026-02-14T17:02:36.249+0000] {python.py:237} INFO - Done. Returned value was: {'total_rows': 24776, 'missing_percentage': 4.606272198902164, 'columns': ['Unnamed: 0', 'Lien', 'Ville', 'Secteur', 'Marque', 'Modèle', 'Année-Modèle', 'Kilométrage', 'Type de carburant', 'Puissance fiscale', 'Boite de vitesses', 'Nombre de portes', 'Origine', 'Première main', 'État', 'Jantes aluminium', 'Airbags', 'Climatisation', 'Système de navigation/GPS', 'Toit ouvrant', 'Sièges cuir', 'Radar de recul', 'Caméra de recul', 'Vitres électriques', 'ABS', 'ESP', 'Régulateur de vitesse', 'Limiteur de vitesse', 'CD/MP3/Bluetooth', 'Ordinateur de bord', 'Verrouillage centralisé à distance', 'Prix'], 'data_ok': True}
[2026-02-14T17:02:36.249+0000] {taskinstance.py:441} INFO - ::group::Post task execution logs
[2026-02-14T17:02:36.261+0000] {taskinstance.py:1206} INFO - Marking task as SUCCESS. dag_id=car_price_predictor_pipeline, task_id=check_data_quality, run_id=manual__2026-02-14T16:57:32.588457+00:00, execution_date=20260214T165732, start_date=20260214T170235, end_date=20260214T170236
[2026-02-14T17:02:36.299+0000] {local_task_job_runner.py:243} INFO - Task exited with return code 0
[2026-02-14T17:02:36.310+0000] {taskinstance.py:3503} INFO - 1 downstream tasks scheduled from follow-on schedule check
[2026-02-14T17:02:36.310+0000] {local_task_job_runner.py:222} INFO - ::endgroup::
