[2026-02-14T16:57:34.049+0000] {local_task_job_runner.py:120} INFO - ::group::Pre task execution logs
[2026-02-14T16:57:34.063+0000] {taskinstance.py:2076} INFO - Dependencies all met for dep_context=non-requeueable deps ti=<TaskInstance: car_price_predictor_pipeline.check_data_quality manual__2026-02-14T16:57:32.588457+00:00 [queued]>
[2026-02-14T16:57:34.065+0000] {taskinstance.py:2076} INFO - Dependencies all met for dep_context=requeueable deps ti=<TaskInstance: car_price_predictor_pipeline.check_data_quality manual__2026-02-14T16:57:32.588457+00:00 [queued]>
[2026-02-14T16:57:34.066+0000] {taskinstance.py:2306} INFO - Starting attempt 1 of 3
[2026-02-14T16:57:34.073+0000] {taskinstance.py:2330} INFO - Executing <Task(PythonOperator): check_data_quality> on 2026-02-14 16:57:32.588457+00:00
[2026-02-14T16:57:34.091+0000] {warnings.py:112} WARNING - /home/***/.local/lib/python3.12/site-packages/***/task/task_runner/standard_task_runner.py:62: DeprecationWarning: This process (pid=50) is multi-threaded, use of fork() may lead to deadlocks in the child.
  pid = os.fork()

[2026-02-14T16:57:34.096+0000] {standard_task_runner.py:64} INFO - Started process 51 to run task
[2026-02-14T16:57:34.094+0000] {standard_task_runner.py:90} INFO - Running: ['***', 'tasks', 'run', 'car_price_predictor_pipeline', 'check_data_quality', 'manual__2026-02-14T16:57:32.588457+00:00', '--job-id', '17', '--raw', '--subdir', 'DAGS_FOLDER/car_price_ml_pipeline.py', '--cfg-path', '/tmp/tmpja57ltns']
[2026-02-14T16:57:34.099+0000] {standard_task_runner.py:91} INFO - Job 17: Subtask check_data_quality
[2026-02-14T16:57:34.122+0000] {task_command.py:426} INFO - Running <TaskInstance: car_price_predictor_pipeline.check_data_quality manual__2026-02-14T16:57:32.588457+00:00 [running]> on host a5b995b77d34
[2026-02-14T16:57:34.153+0000] {taskinstance.py:2648} INFO - Exporting env vars: AIRFLOW_CTX_DAG_EMAIL='alerts@example.com' AIRFLOW_CTX_DAG_OWNER='data-science-team' AIRFLOW_CTX_DAG_ID='car_price_predictor_pipeline' AIRFLOW_CTX_TASK_ID='check_data_quality' AIRFLOW_CTX_EXECUTION_DATE='2026-02-14T16:57:32.588457+00:00' AIRFLOW_CTX_TRY_NUMBER='1' AIRFLOW_CTX_DAG_RUN_ID='manual__2026-02-14T16:57:32.588457+00:00'
[2026-02-14T16:57:34.154+0000] {taskinstance.py:430} INFO - ::endgroup::
[2026-02-14T16:57:35.313+0000] {logging_mixin.py:188} INFO - 📊 Vérification de la qualité des données...
[2026-02-14T16:57:35.315+0000] {taskinstance.py:441} INFO - ::group::Post task execution logs
[2026-02-14T16:57:35.315+0000] {taskinstance.py:2905} ERROR - Task failed with exception
Traceback (most recent call last):
  File "/home/airflow/.local/lib/python3.12/site-packages/airflow/models/taskinstance.py", line 465, in _execute_task
    result = _execute_callable(context=context, **execute_callable_kwargs)
             ^^^^^^^^^^^^^^^^^^^^^^^^^^^^^^^^^^^^^^^^^^^^^^^^^^^^^^^^^^^^^
  File "/home/airflow/.local/lib/python3.12/site-packages/airflow/models/taskinstance.py", line 432, in _execute_callable
    return execute_callable(context=context, **execute_callable_kwargs)
           ^^^^^^^^^^^^^^^^^^^^^^^^^^^^^^^^^^^^^^^^^^^^^^^^^^^^^^^^^^^^
  File "/home/airflow/.local/lib/python3.12/site-packages/airflow/models/baseoperator.py", line 401, in wrapper
    return func(self, *args, **kwargs)
           ^^^^^^^^^^^^^^^^^^^^^^^^^^^
  File "/home/airflow/.local/lib/python3.12/site-packages/airflow/operators/python.py", line 235, in execute
    return_value = self.execute_callable()
                   ^^^^^^^^^^^^^^^^^^^^^^^
  File "/home/airflow/.local/lib/python3.12/site-packages/airflow/operators/python.py", line 252, in execute_callable
    return self.python_callable(*self.op_args, **self.op_kwargs)
           ^^^^^^^^^^^^^^^^^^^^^^^^^^^^^^^^^^^^^^^^^^^^^^^^^^^^^
  File "/opt/airflow/dags/car_price_ml_pipeline.py", line 49, in check_data_quality
    df = pd.read_csv(data_path, encoding='latin1')
         ^^^^^^^^^^^^^^^^^^^^^^^^^^^^^^^^^^^^^^^^^
  File "/home/airflow/.local/lib/python3.12/site-packages/pandas/io/parsers/readers.py", line 948, in read_csv
    return _read(filepath_or_buffer, kwds)
           ^^^^^^^^^^^^^^^^^^^^^^^^^^^^^^^
  File "/home/airflow/.local/lib/python3.12/site-packages/pandas/io/parsers/readers.py", line 611, in _read
    parser = TextFileReader(filepath_or_buffer, **kwds)
             ^^^^^^^^^^^^^^^^^^^^^^^^^^^^^^^^^^^^^^^^^^
  File "/home/airflow/.local/lib/python3.12/site-packages/pandas/io/parsers/readers.py", line 1448, in __init__
    self._engine = self._make_engine(f, self.engine)
                   ^^^^^^^^^^^^^^^^^^^^^^^^^^^^^^^^^
  File "/home/airflow/.local/lib/python3.12/site-packages/pandas/io/parsers/readers.py", line 1705, in _make_engine
    self.handles = get_handle(
                   ^^^^^^^^^^^
  File "/home/airflow/.local/lib/python3.12/site-packages/pandas/io/common.py", line 863, in get_handle
    handle = open(
             ^^^^^
FileNotFoundError: [Errno 2] No such file or directory: '/opt/data/raw/avito_car_dataset_ALL.csv'
[2026-02-14T16:57:35.320+0000] {taskinstance.py:1206} INFO - Marking task as UP_FOR_RETRY. dag_id=car_price_predictor_pipeline, task_id=check_data_quality, run_id=manual__2026-02-14T16:57:32.588457+00:00, execution_date=20260214T165732, start_date=20260214T165734, end_date=20260214T165735
[2026-02-14T16:57:35.325+0000] {standard_task_runner.py:110} ERROR - Failed to execute job 17 for task check_data_quality ([Errno 2] No such file or directory: '/opt/data/raw/avito_car_dataset_ALL.csv'; 51)
[2026-02-14T16:57:35.333+0000] {local_task_job_runner.py:243} INFO - Task exited with return code 1
[2026-02-14T16:57:35.342+0000] {taskinstance.py:3503} INFO - 0 downstream tasks scheduled from follow-on schedule check
[2026-02-14T16:57:35.342+0000] {local_task_job_runner.py:222} INFO - ::endgroup::
