[2026-02-14T17:02:37.283+0000] {local_task_job_runner.py:120} INFO - ::group::Pre task execution logs
[2026-02-14T17:02:37.291+0000] {taskinstance.py:2076} INFO - Dependencies all met for dep_context=non-requeueable deps ti=<TaskInstance: car_price_predictor_pipeline.train_model manual__2026-02-14T16:57:32.588457+00:00 [queued]>
[2026-02-14T17:02:37.293+0000] {taskinstance.py:2076} INFO - Dependencies all met for dep_context=requeueable deps ti=<TaskInstance: car_price_predictor_pipeline.train_model manual__2026-02-14T16:57:32.588457+00:00 [queued]>
[2026-02-14T17:02:37.293+0000] {taskinstance.py:2306} INFO - Starting attempt 1 of 3
[2026-02-14T17:02:37.297+0000] {taskinstance.py:2330} INFO - Executing <Task(PythonOperator): train_model> on 2026-02-14 16:57:32.588457+00:00
[2026-02-14T17:02:37.299+0000] {warnings.py:112} WARNING - /home/***/.local/lib/python3.12/site-packages/***/task/task_runner/standard_task_runner.py:62: DeprecationWarning: This process (pid=56) is multi-threaded, use of fork() may lead to deadlocks in the child.
  pid = os.fork()

[2026-02-14T17:02:37.300+0000] {standard_task_runner.py:64} INFO - Started process 57 to run task
[2026-02-14T17:02:37.300+0000] {standard_task_runner.py:90} INFO - Running: ['***', 'tasks', 'run', 'car_price_predictor_pipeline', 'train_model', 'manual__2026-02-14T16:57:32.588457+00:00', '--job-id', '19', '--raw', '--subdir', 'DAGS_FOLDER/car_price_ml_pipeline.py', '--cfg-path', '/tmp/tmp8q8hcby4']
[2026-02-14T17:02:37.301+0000] {standard_task_runner.py:91} INFO - Job 19: Subtask train_model
[2026-02-14T17:02:37.315+0000] {task_command.py:426} INFO - Running <TaskInstance: car_price_predictor_pipeline.train_model manual__2026-02-14T16:57:32.588457+00:00 [running]> on host a5b995b77d34
[2026-02-14T17:02:37.336+0000] {taskinstance.py:2648} INFO - Exporting env vars: AIRFLOW_CTX_DAG_EMAIL='alerts@example.com' AIRFLOW_CTX_DAG_OWNER='data-science-team' AIRFLOW_CTX_DAG_ID='car_price_predictor_pipeline' AIRFLOW_CTX_TASK_ID='train_model' AIRFLOW_CTX_EXECUTION_DATE='2026-02-14T16:57:32.588457+00:00' AIRFLOW_CTX_TRY_NUMBER='1' AIRFLOW_CTX_DAG_RUN_ID='manual__2026-02-14T16:57:32.588457+00:00'
[2026-02-14T17:02:37.336+0000] {taskinstance.py:430} INFO - ::endgroup::
[2026-02-14T17:02:38.453+0000] {font_manager.py:1639} INFO - generated new fontManager
[2026-02-14T17:02:38.566+0000] {taskinstance.py:441} INFO - ::group::Post task execution logs
[2026-02-14T17:02:38.567+0000] {taskinstance.py:2905} ERROR - Task failed with exception
Traceback (most recent call last):
  File "/home/airflow/.local/lib/python3.12/site-packages/airflow/models/taskinstance.py", line 465, in _execute_task
    result = _execute_callable(context=context, **execute_callable_kwargs)
             ^^^^^^^^^^^^^^^^^^^^^^^^^^^^^^^^^^^^^^^^^^^^^^^^^^^^^^^^^^^^^
  File "/home/airflow/.local/lib/python3.12/site-packages/airflow/models/taskinstance.py", line 432, in _execute_callable
    return execute_callable(context=context, **execute_callable_kwargs)
           ^^^^^^^^^^^^^^^^^^^^^^^^^^^^^^^^^^^^^^^^^^^^^^^^^^^^^^^^^^^^
  File "/home/airflow/.local/lib/python3.12/site-packages/airflow/models/baseoperator.py", line 401, in wrapper
    return func(self, *args, **kwargs)
           ^^^^^^^^^^^^^^^^^^^^^^^^^^^
  File "/home/airflow/.local/lib/python3.12/site-packages/airflow/operators/python.py", line 235, in execute
    return_value = self.execute_callable()
                   ^^^^^^^^^^^^^^^^^^^^^^^
  File "/home/airflow/.local/lib/python3.12/site-packages/airflow/operators/python.py", line 252, in execute_callable
    return self.python_callable(*self.op_args, **self.op_kwargs)
           ^^^^^^^^^^^^^^^^^^^^^^^^^^^^^^^^^^^^^^^^^^^^^^^^^^^^^
  File "/opt/airflow/dags/car_price_ml_pipeline.py", line 79, in train_model
    from scripts.train_with_mlflow import CarPricePipeline
  File "/opt/airflow/project/scripts/train_with_mlflow.py", line 17, in <module>
    import seaborn as sns
ModuleNotFoundError: No module named 'seaborn'
[2026-02-14T17:02:38.571+0000] {taskinstance.py:1206} INFO - Marking task as UP_FOR_RETRY. dag_id=car_price_predictor_pipeline, task_id=train_model, run_id=manual__2026-02-14T16:57:32.588457+00:00, execution_date=20260214T165732, start_date=20260214T170237, end_date=20260214T170238
[2026-02-14T17:02:38.575+0000] {standard_task_runner.py:110} ERROR - Failed to execute job 19 for task train_model (No module named 'seaborn'; 57)
[2026-02-14T17:02:38.590+0000] {local_task_job_runner.py:243} INFO - Task exited with return code 1
[2026-02-14T17:02:38.600+0000] {taskinstance.py:3503} INFO - 0 downstream tasks scheduled from follow-on schedule check
[2026-02-14T17:02:38.600+0000] {local_task_job_runner.py:222} INFO - ::endgroup::
