[2026-02-16T16:35:41.045+0000] {local_task_job_runner.py:120} INFO - ::group::Pre task execution logs
[2026-02-16T16:35:41.052+0000] {taskinstance.py:2076} INFO - Dependencies all met for dep_context=non-requeueable deps ti=<TaskInstance: car_price_predictor_pipeline.send_pipeline_report manual__2026-02-16T16:35:29.599225+00:00 [queued]>
[2026-02-16T16:35:41.056+0000] {taskinstance.py:2076} INFO - Dependencies all met for dep_context=requeueable deps ti=<TaskInstance: car_price_predictor_pipeline.send_pipeline_report manual__2026-02-16T16:35:29.599225+00:00 [queued]>
[2026-02-16T16:35:41.056+0000] {taskinstance.py:2306} INFO - Starting attempt 1 of 3
[2026-02-16T16:35:41.059+0000] {taskinstance.py:2330} INFO - Executing <Task(PythonOperator): send_pipeline_report> on 2026-02-16 16:35:29.599225+00:00
[2026-02-16T16:35:41.061+0000] {warnings.py:112} WARNING - /home/***/.local/lib/python3.12/site-packages/***/task/task_runner/standard_task_runner.py:62: DeprecationWarning: This process (pid=137) is multi-threaded, use of fork() may lead to deadlocks in the child.
  pid = os.fork()

[2026-02-16T16:35:41.062+0000] {standard_task_runner.py:64} INFO - Started process 138 to run task
[2026-02-16T16:35:41.062+0000] {standard_task_runner.py:90} INFO - Running: ['***', 'tasks', 'run', 'car_price_predictor_pipeline', 'send_pipeline_report', 'manual__2026-02-16T16:35:29.599225+00:00', '--job-id', '232', '--raw', '--subdir', 'DAGS_FOLDER/car_price_ml_pipeline.py', '--cfg-path', '/tmp/tmp2loxducc']
[2026-02-16T16:35:41.062+0000] {standard_task_runner.py:91} INFO - Job 232: Subtask send_pipeline_report
[2026-02-16T16:35:41.075+0000] {task_command.py:426} INFO - Running <TaskInstance: car_price_predictor_pipeline.send_pipeline_report manual__2026-02-16T16:35:29.599225+00:00 [running]> on host 2075ebc01f0b
[2026-02-16T16:35:41.107+0000] {taskinstance.py:2648} INFO - Exporting env vars: AIRFLOW_CTX_DAG_EMAIL='alerts@example.com' AIRFLOW_CTX_DAG_OWNER='data-science-team' AIRFLOW_CTX_DAG_ID='car_price_predictor_pipeline' AIRFLOW_CTX_TASK_ID='send_pipeline_report' AIRFLOW_CTX_EXECUTION_DATE='2026-02-16T16:35:29.599225+00:00' AIRFLOW_CTX_TRY_NUMBER='1' AIRFLOW_CTX_DAG_RUN_ID='manual__2026-02-16T16:35:29.599225+00:00'
[2026-02-16T16:35:41.108+0000] {taskinstance.py:430} INFO - ::endgroup::
[2026-02-16T16:35:41.115+0000] {logging_mixin.py:188} INFO - 📧 Génération du rapport de pipeline...
[2026-02-16T16:35:41.129+0000] {logging_mixin.py:188} INFO - ✅ Rapport sauvegardé: /opt/***/project/reports/pipeline_report_20260216_163541.json
[2026-02-16T16:35:41.129+0000] {logging_mixin.py:188} INFO - 📊 Status: SUCCESS
[2026-02-16T16:35:41.129+0000] {python.py:237} INFO - Done. Returned value was: {'pipeline_date': '2026-02-16T16:35:41.128714', 'data_quality': {'total_rows': 24776, 'missing_percentage': 4.606272198902164, 'columns': ['Unnamed: 0', 'Lien', 'Ville', 'Secteur', 'Marque', 'Modèle', 'Année-Modèle', 'Kilométrage', 'Type de carburant', 'Puissance fiscale', 'Boite de vitesses', 'Nombre de portes', 'Origine', 'Première main', 'État', 'Jantes aluminium', 'Airbags', 'Climatisation', 'Système de navigation/GPS', 'Toit ouvrant', 'Sièges cuir', 'Radar de recul', 'Caméra de recul', 'Vitres électriques', 'ABS', 'ESP', 'Régulateur de vitesse', 'Limiteur de vitesse', 'CD/MP3/Bluetooth', 'Ordinateur de bord', 'Verrouillage centralisé à distance', 'Prix'], 'data_ok': True}, 'training': {'run_id': 'd05906cd12124d6eb6971f1cbeaac492', 'metrics': None}, 'evaluation': {'run_id': 'd05906cd12124d6eb6971f1cbeaac492', 'r2_score': 0.7298777337031419, 'rmse': 0.5187586175091933, 'mae': 0.387170867862612, 'is_promotable': True, 'evaluation_date': '2026-02-16T16:35:37.401950'}, 'status': 'SUCCESS'}
[2026-02-16T16:35:41.129+0000] {taskinstance.py:441} INFO - ::group::Post task execution logs
[2026-02-16T16:35:41.139+0000] {taskinstance.py:1206} INFO - Marking task as SUCCESS. dag_id=car_price_predictor_pipeline, task_id=send_pipeline_report, run_id=manual__2026-02-16T16:35:29.599225+00:00, execution_date=20260216T163529, start_date=20260216T163541, end_date=20260216T163541
[2026-02-16T16:35:41.161+0000] {local_task_job_runner.py:243} INFO - Task exited with return code 0
[2026-02-16T16:35:41.170+0000] {taskinstance.py:3503} INFO - 0 downstream tasks scheduled from follow-on schedule check
[2026-02-16T16:35:41.171+0000] {local_task_job_runner.py:222} INFO - ::endgroup::
