[2026-02-14T18:00:20.969+0000] {local_task_job_runner.py:120} INFO - ::group::Pre task execution logs
[2026-02-14T18:00:20.977+0000] {taskinstance.py:2076} INFO - Dependencies all met for dep_context=non-requeueable deps ti=<TaskInstance: car_price_predictor_pipeline.promote_to_production manual__2026-02-14T18:00:09+00:00 [queued]>
[2026-02-14T18:00:20.980+0000] {taskinstance.py:2076} INFO - Dependencies all met for dep_context=requeueable deps ti=<TaskInstance: car_price_predictor_pipeline.promote_to_production manual__2026-02-14T18:00:09+00:00 [queued]>
[2026-02-14T18:00:20.980+0000] {taskinstance.py:2306} INFO - Starting attempt 1 of 3
[2026-02-14T18:00:20.985+0000] {taskinstance.py:2330} INFO - Executing <Task(PythonOperator): promote_to_production> on 2026-02-14 18:00:09+00:00
[2026-02-14T18:00:20.988+0000] {warnings.py:112} WARNING - /home/***/.local/lib/python3.12/site-packages/***/task/task_runner/standard_task_runner.py:62: DeprecationWarning: This process (pid=2028) is multi-threaded, use of fork() may lead to deadlocks in the child.
  pid = os.fork()

[2026-02-14T18:00:20.989+0000] {standard_task_runner.py:64} INFO - Started process 2029 to run task
[2026-02-14T18:00:20.989+0000] {standard_task_runner.py:90} INFO - Running: ['***', 'tasks', 'run', 'car_price_predictor_pipeline', 'promote_to_production', 'manual__2026-02-14T18:00:09+00:00', '--job-id', '148', '--raw', '--subdir', 'DAGS_FOLDER/car_price_ml_pipeline.py', '--cfg-path', '/tmp/tmpt7srvnbu']
[2026-02-14T18:00:20.989+0000] {standard_task_runner.py:91} INFO - Job 148: Subtask promote_to_production
[2026-02-14T18:00:21.005+0000] {task_command.py:426} INFO - Running <TaskInstance: car_price_predictor_pipeline.promote_to_production manual__2026-02-14T18:00:09+00:00 [running]> on host 2075ebc01f0b
[2026-02-14T18:00:21.029+0000] {taskinstance.py:2648} INFO - Exporting env vars: AIRFLOW_CTX_DAG_EMAIL='alerts@example.com' AIRFLOW_CTX_DAG_OWNER='data-science-team' AIRFLOW_CTX_DAG_ID='car_price_predictor_pipeline' AIRFLOW_CTX_TASK_ID='promote_to_production' AIRFLOW_CTX_EXECUTION_DATE='2026-02-14T18:00:09+00:00' AIRFLOW_CTX_TRY_NUMBER='1' AIRFLOW_CTX_DAG_RUN_ID='manual__2026-02-14T18:00:09+00:00'
[2026-02-14T18:00:21.029+0000] {taskinstance.py:430} INFO - ::endgroup::
[2026-02-14T18:00:21.363+0000] {logging_mixin.py:188} INFO - 🚀 Promotion du modèle vers Production...
[2026-02-14T18:00:21.369+0000] {taskinstance.py:441} INFO - ::group::Post task execution logs
[2026-02-14T18:00:21.370+0000] {taskinstance.py:2905} ERROR - Task failed with exception
Traceback (most recent call last):
  File "/home/airflow/.local/lib/python3.12/site-packages/airflow/models/taskinstance.py", line 465, in _execute_task
    result = _execute_callable(context=context, **execute_callable_kwargs)
             ^^^^^^^^^^^^^^^^^^^^^^^^^^^^^^^^^^^^^^^^^^^^^^^^^^^^^^^^^^^^^
  File "/home/airflow/.local/lib/python3.12/site-packages/airflow/models/taskinstance.py", line 432, in _execute_callable
    return execute_callable(context=context, **execute_callable_kwargs)
           ^^^^^^^^^^^^^^^^^^^^^^^^^^^^^^^^^^^^^^^^^^^^^^^^^^^^^^^^^^^^
  File "/home/airflow/.local/lib/python3.12/site-packages/airflow/models/baseoperator.py", line 401, in wrapper
    return func(self, *args, **kwargs)
           ^^^^^^^^^^^^^^^^^^^^^^^^^^^
  File "/home/airflow/.local/lib/python3.12/site-packages/airflow/operators/python.py", line 235, in execute
    return_value = self.execute_callable()
                   ^^^^^^^^^^^^^^^^^^^^^^^
  File "/home/airflow/.local/lib/python3.12/site-packages/airflow/operators/python.py", line 252, in execute_callable
    return self.python_callable(*self.op_args, **self.op_kwargs)
           ^^^^^^^^^^^^^^^^^^^^^^^^^^^^^^^^^^^^^^^^^^^^^^^^^^^^^
  File "/opt/airflow/dags/car_price_ml_pipeline.py", line 332, in promote_to_production
    if not validation['validation_passed']:
           ~~~~~~~~~~^^^^^^^^^^^^^^^^^^^^^
TypeError: 'NoneType' object is not subscriptable
[2026-02-14T18:00:21.372+0000] {taskinstance.py:1206} INFO - Marking task as UP_FOR_RETRY. dag_id=car_price_predictor_pipeline, task_id=promote_to_production, run_id=manual__2026-02-14T18:00:09+00:00, execution_date=20260214T180009, start_date=20260214T180020, end_date=20260214T180021
[2026-02-14T18:00:21.376+0000] {standard_task_runner.py:110} ERROR - Failed to execute job 148 for task promote_to_production ('NoneType' object is not subscriptable; 2029)
[2026-02-14T18:00:21.416+0000] {local_task_job_runner.py:243} INFO - Task exited with return code 1
[2026-02-14T18:00:21.424+0000] {taskinstance.py:3503} INFO - 0 downstream tasks scheduled from follow-on schedule check
[2026-02-14T18:00:21.424+0000] {local_task_job_runner.py:222} INFO - ::endgroup::
