[2026-02-14T17:56:55.548+0000] {local_task_job_runner.py:120} INFO - ::group::Pre task execution logs
[2026-02-14T17:56:55.560+0000] {taskinstance.py:2076} INFO - Dependencies all met for dep_context=non-requeueable deps ti=<TaskInstance: car_price_predictor_pipeline.train_model manual__2026-02-14T17:51:45+00:00 [queued]>
[2026-02-14T17:56:55.563+0000] {taskinstance.py:2076} INFO - Dependencies all met for dep_context=requeueable deps ti=<TaskInstance: car_price_predictor_pipeline.train_model manual__2026-02-14T17:51:45+00:00 [queued]>
[2026-02-14T17:56:55.563+0000] {taskinstance.py:2306} INFO - Starting attempt 2 of 3
[2026-02-14T17:56:55.568+0000] {taskinstance.py:2330} INFO - Executing <Task(PythonOperator): train_model> on 2026-02-14 17:51:45+00:00
[2026-02-14T17:56:55.571+0000] {warnings.py:112} WARNING - /home/***/.local/lib/python3.12/site-packages/***/task/task_runner/standard_task_runner.py:62: DeprecationWarning: This process (pid=1737) is multi-threaded, use of fork() may lead to deadlocks in the child.
  pid = os.fork()

[2026-02-14T17:56:55.574+0000] {standard_task_runner.py:90} INFO - Running: ['***', 'tasks', 'run', 'car_price_predictor_pipeline', 'train_model', 'manual__2026-02-14T17:51:45+00:00', '--job-id', '118', '--raw', '--subdir', 'DAGS_FOLDER/car_price_ml_pipeline.py', '--cfg-path', '/tmp/tmpm5gv7gzb']
[2026-02-14T17:56:55.575+0000] {standard_task_runner.py:64} INFO - Started process 1738 to run task
[2026-02-14T17:56:55.575+0000] {standard_task_runner.py:91} INFO - Job 118: Subtask train_model
[2026-02-14T17:56:55.605+0000] {task_command.py:426} INFO - Running <TaskInstance: car_price_predictor_pipeline.train_model manual__2026-02-14T17:51:45+00:00 [running]> on host 2075ebc01f0b
[2026-02-14T17:56:55.639+0000] {taskinstance.py:2648} INFO - Exporting env vars: AIRFLOW_CTX_DAG_EMAIL='alerts@example.com' AIRFLOW_CTX_DAG_OWNER='data-science-team' AIRFLOW_CTX_DAG_ID='car_price_predictor_pipeline' AIRFLOW_CTX_TASK_ID='train_model' AIRFLOW_CTX_EXECUTION_DATE='2026-02-14T17:51:45+00:00' AIRFLOW_CTX_TRY_NUMBER='2' AIRFLOW_CTX_DAG_RUN_ID='manual__2026-02-14T17:51:45+00:00'
[2026-02-14T17:56:55.641+0000] {taskinstance.py:430} INFO - ::endgroup::
[2026-02-14T17:56:56.594+0000] {file_store.py:306} WARNING - Malformed experiment '1'. Detailed error Yaml file '/opt/***/project/mlflow/mlruns/1/meta.yaml' does not exist.
Traceback (most recent call last):
  File "/home/airflow/.local/lib/python3.12/site-packages/mlflow/store/tracking/file_store.py", line 302, in search_experiments
    exp = self._get_experiment(exp_id, view_type)
          ^^^^^^^^^^^^^^^^^^^^^^^^^^^^^^^^^^^^^^^
  File "/home/airflow/.local/lib/python3.12/site-packages/mlflow/store/tracking/file_store.py", line 395, in _get_experiment
    meta = FileStore._read_yaml(experiment_dir, FileStore.META_DATA_FILE_NAME)
           ^^^^^^^^^^^^^^^^^^^^^^^^^^^^^^^^^^^^^^^^^^^^^^^^^^^^^^^^^^^^^^^^^^^
  File "/home/airflow/.local/lib/python3.12/site-packages/mlflow/store/tracking/file_store.py", line 1303, in _read_yaml
    return _read_helper(root, file_name, attempts_remaining=retries)
           ^^^^^^^^^^^^^^^^^^^^^^^^^^^^^^^^^^^^^^^^^^^^^^^^^^^^^^^^^
  File "/home/airflow/.local/lib/python3.12/site-packages/mlflow/store/tracking/file_store.py", line 1296, in _read_helper
    result = read_yaml(root, file_name)
             ^^^^^^^^^^^^^^^^^^^^^^^^^^
  File "/home/airflow/.local/lib/python3.12/site-packages/mlflow/utils/file_utils.py", line 303, in read_yaml
    raise MissingConfigException(f"Yaml file '{file_path}' does not exist.")
mlflow.exceptions.MissingConfigException: Yaml file '/opt/***/project/mlflow/mlruns/1/meta.yaml' does not exist.
[2026-02-14T17:56:56.598+0000] {logging_mixin.py:188} INFO - 🚀 Démarrage de l'entraînement du modèle...
[2026-02-14T17:56:56.599+0000] {logging_mixin.py:188} INFO - 📡 MLflow URI: http://172.18.0.4:5000
[2026-02-14T17:56:56.621+0000] {logging_mixin.py:188} INFO - 📊 Données validées: 24776 lignes
[2026-02-14T17:56:56.777+0000] {logging_mixin.py:188} INFO - 📂 Chargement des données...
[2026-02-14T17:56:56.841+0000] {logging_mixin.py:188} INFO - ✅ Données chargées: (24776, 32)
[2026-02-14T17:56:56.933+0000] {logging_mixin.py:188} INFO - 🔧 Prétraitement des données...
[2026-02-14T17:56:56.939+0000] {logging_mixin.py:188} INFO -   • Origine: rempli avec mode = 'WW au Maroc'
[2026-02-14T17:56:56.941+0000] {logging_mixin.py:188} INFO -   • Première main: rempli avec mode = 'Non'
[2026-02-14T17:56:56.943+0000] {logging_mixin.py:188} INFO -   • État: rempli avec mode = 'Excellent'
[2026-02-14T17:56:56.944+0000] {logging_mixin.py:188} INFO -   • Nombre de portes: rempli avec médiane = 5.0
[2026-02-14T17:56:56.954+0000] {logging_mixin.py:188} INFO -   • Doublons supprimés: 16652
[2026-02-14T17:56:57.000+0000] {logging_mixin.py:188} INFO -   • Outliers supprimés: 600
[2026-02-14T17:56:57.045+0000] {logging_mixin.py:188} INFO - ✅ Shape après prétraitement: (7524, 28)
[2026-02-14T17:56:57.046+0000] {logging_mixin.py:188} INFO - 🎯 Préparation des features...
[2026-02-14T17:56:57.048+0000] {logging_mixin.py:188} INFO -   • Features totales: 27
[2026-02-14T17:56:57.048+0000] {logging_mixin.py:188} INFO -   • Features catégorielles: 9
[2026-02-14T17:56:57.049+0000] {logging_mixin.py:188} INFO -   • Features numériques: 3
[2026-02-14T17:56:57.216+0000] {logging_mixin.py:188} INFO - 🤖 Entraînement du modèle...
[2026-02-14T17:56:57.217+0000] {logging_mixin.py:188} INFO -   • Training set: 6019 samples
[2026-02-14T17:56:57.217+0000] {logging_mixin.py:188} INFO -   • Test set: 1505 samples
[2026-02-14T17:56:57.856+0000] {logging_mixin.py:188} INFO - ✅ Entraînement terminé!
[2026-02-14T17:56:57.857+0000] {warnings.py:112} WARNING - /home/***/.local/lib/python3.12/site-packages/sklearn/ensemble/_base.py:214: UserWarning: Loky-backed parallel loops cannot be called in a multiprocessing, setting n_jobs=1
  n_jobs = min(effective_n_jobs(n_jobs), n_estimators)

[2026-02-14T17:56:57.898+0000] {warnings.py:112} WARNING - /home/***/.local/lib/python3.12/site-packages/sklearn/ensemble/_base.py:214: UserWarning: Loky-backed parallel loops cannot be called in a multiprocessing, setting n_jobs=1
  n_jobs = min(effective_n_jobs(n_jobs), n_estimators)

[2026-02-14T17:56:58.238+0000] {logging_mixin.py:188} INFO - 
📊 Résultats:
[2026-02-14T17:56:58.239+0000] {logging_mixin.py:188} INFO -   Train R²: 0.8689
[2026-02-14T17:56:58.239+0000] {logging_mixin.py:188} INFO -   Test R²:  0.7299
[2026-02-14T17:56:58.239+0000] {logging_mixin.py:188} INFO -   Test RMSE: 0.5188
[2026-02-14T17:56:58.239+0000] {logging_mixin.py:188} INFO -   Test MAE:  0.3872
[2026-02-14T17:56:58.259+0000] {logging_mixin.py:188} INFO - 
🔝 Top 10 Features:
[2026-02-14T17:56:58.259+0000] {logging_mixin.py:188} INFO -   Année-Modèle: 0.3429
[2026-02-14T17:56:58.259+0000] {logging_mixin.py:188} INFO -   Boite de vitesses: 0.1007
[2026-02-14T17:56:58.260+0000] {logging_mixin.py:188} INFO -   Marque: 0.0991
[2026-02-14T17:56:58.260+0000] {logging_mixin.py:188} INFO -   Modèle: 0.0961
[2026-02-14T17:56:58.260+0000] {logging_mixin.py:188} INFO -   Puissance fiscale: 0.0935
[2026-02-14T17:56:58.260+0000] {logging_mixin.py:188} INFO -   Kilométrage: 0.0677
[2026-02-14T17:56:58.260+0000] {logging_mixin.py:188} INFO -   Ville: 0.0380
[2026-02-14T17:56:58.260+0000] {logging_mixin.py:188} INFO -   Première main: 0.0355
[2026-02-14T17:56:58.261+0000] {logging_mixin.py:188} INFO -   Type de carburant: 0.0345
[2026-02-14T17:56:58.261+0000] {logging_mixin.py:188} INFO -   ESP: 0.0253
[2026-02-14T17:56:58.607+0000] {logging_mixin.py:188} INFO - 💾 Sauvegarde du modèle...
[2026-02-14T17:57:00.305+0000] {logging_mixin.py:188} WARNING - Registered model 'CarPricePredictor' already exists. Creating a new version of this model...
[2026-02-14T17:57:00.360+0000] {logging_mixin.py:188} WARNING - 2026/02/14 17:57:00 INFO mlflow.store.model_registry.abstract_store: Waiting up to 300 seconds for model version to finish creation. Model name: CarPricePredictor, version 13
[2026-02-14T17:57:00.360+0000] {logging_mixin.py:188} WARNING - Created version '13' of model 'CarPricePredictor'.
[2026-02-14T17:57:00.361+0000] {logging_mixin.py:188} INFO - ✅ Modèle sauvegardé!
[2026-02-14T17:57:00.361+0000] {logging_mixin.py:188} INFO - ✅ Modèle entraîné - Run ID: 7bf7a053a90a401599ecee0bfd46f071
[2026-02-14T17:57:00.411+0000] {python.py:237} INFO - Done. Returned value was: 7bf7a053a90a401599ecee0bfd46f071
[2026-02-14T17:57:00.412+0000] {taskinstance.py:441} INFO - ::group::Post task execution logs
[2026-02-14T17:57:00.419+0000] {taskinstance.py:1206} INFO - Marking task as SUCCESS. dag_id=car_price_predictor_pipeline, task_id=train_model, run_id=manual__2026-02-14T17:51:45+00:00, execution_date=20260214T175145, start_date=20260214T175655, end_date=20260214T175700
[2026-02-14T17:57:00.439+0000] {local_task_job_runner.py:243} INFO - Task exited with return code 0
[2026-02-14T17:57:00.444+0000] {local_task_job_runner.py:222} INFO - ::endgroup::
