[2026-02-14T18:05:30.505+0000] {local_task_job_runner.py:120} INFO - ::group::Pre task execution logs
[2026-02-14T18:05:30.519+0000] {taskinstance.py:2076} INFO - Dependencies all met for dep_context=non-requeueable deps ti=<TaskInstance: car_price_predictor_pipeline.promote_to_staging manual__2026-02-14T18:05:21+00:00 [queued]>
[2026-02-14T18:05:30.522+0000] {taskinstance.py:2076} INFO - Dependencies all met for dep_context=requeueable deps ti=<TaskInstance: car_price_predictor_pipeline.promote_to_staging manual__2026-02-14T18:05:21+00:00 [queued]>
[2026-02-14T18:05:30.522+0000] {taskinstance.py:2306} INFO - Starting attempt 1 of 3
[2026-02-14T18:05:30.528+0000] {taskinstance.py:2330} INFO - Executing <Task(PythonOperator): promote_to_staging> on 2026-02-14 18:05:21+00:00
[2026-02-14T18:05:30.530+0000] {warnings.py:112} WARNING - /home/***/.local/lib/python3.12/site-packages/***/task/task_runner/standard_task_runner.py:62: DeprecationWarning: This process (pid=2191) is multi-threaded, use of fork() may lead to deadlocks in the child.
  pid = os.fork()

[2026-02-14T18:05:30.531+0000] {standard_task_runner.py:64} INFO - Started process 2193 to run task
[2026-02-14T18:05:30.531+0000] {standard_task_runner.py:90} INFO - Running: ['***', 'tasks', 'run', 'car_price_predictor_pipeline', 'promote_to_staging', 'manual__2026-02-14T18:05:21+00:00', '--job-id', '181', '--raw', '--subdir', 'DAGS_FOLDER/car_price_ml_pipeline.py', '--cfg-path', '/tmp/tmpiumnwslj']
[2026-02-14T18:05:30.532+0000] {standard_task_runner.py:91} INFO - Job 181: Subtask promote_to_staging
[2026-02-14T18:05:30.550+0000] {task_command.py:426} INFO - Running <TaskInstance: car_price_predictor_pipeline.promote_to_staging manual__2026-02-14T18:05:21+00:00 [running]> on host 2075ebc01f0b
[2026-02-14T18:05:30.577+0000] {taskinstance.py:2648} INFO - Exporting env vars: AIRFLOW_CTX_DAG_EMAIL='alerts@example.com' AIRFLOW_CTX_DAG_OWNER='data-science-team' AIRFLOW_CTX_DAG_ID='car_price_predictor_pipeline' AIRFLOW_CTX_TASK_ID='promote_to_staging' AIRFLOW_CTX_EXECUTION_DATE='2026-02-14T18:05:21+00:00' AIRFLOW_CTX_TRY_NUMBER='1' AIRFLOW_CTX_DAG_RUN_ID='manual__2026-02-14T18:05:21+00:00'
[2026-02-14T18:05:30.577+0000] {taskinstance.py:430} INFO - ::endgroup::
[2026-02-14T18:05:30.945+0000] {logging_mixin.py:188} INFO - 📦 Promotion du modèle vers Staging...
[2026-02-14T18:05:30.950+0000] {logging_mixin.py:188} INFO - ⚠️ Modèle non éligible, promotion annulée
[2026-02-14T18:05:30.950+0000] {python.py:237} INFO - Done. Returned value was: skipped
[2026-02-14T18:05:30.950+0000] {taskinstance.py:441} INFO - ::group::Post task execution logs
[2026-02-14T18:05:30.956+0000] {taskinstance.py:1206} INFO - Marking task as SUCCESS. dag_id=car_price_predictor_pipeline, task_id=promote_to_staging, run_id=manual__2026-02-14T18:05:21+00:00, execution_date=20260214T180521, start_date=20260214T180530, end_date=20260214T180530
[2026-02-14T18:05:31.000+0000] {local_task_job_runner.py:243} INFO - Task exited with return code 0
[2026-02-14T18:05:31.010+0000] {taskinstance.py:3503} INFO - 1 downstream tasks scheduled from follow-on schedule check
[2026-02-14T18:05:31.011+0000] {local_task_job_runner.py:222} INFO - ::endgroup::
