[2026-02-14T18:10:24.862+0000] {local_task_job_runner.py:120} INFO - ::group::Pre task execution logs
[2026-02-14T18:10:24.876+0000] {taskinstance.py:2076} INFO - Dependencies all met for dep_context=non-requeueable deps ti=<TaskInstance: car_price_predictor_pipeline.send_pipeline_report manual__2026-02-14T18:00:09+00:00 [queued]>
[2026-02-14T18:10:24.879+0000] {taskinstance.py:2076} INFO - Dependencies all met for dep_context=requeueable deps ti=<TaskInstance: car_price_predictor_pipeline.send_pipeline_report manual__2026-02-14T18:00:09+00:00 [queued]>
[2026-02-14T18:10:24.879+0000] {taskinstance.py:2306} INFO - Starting attempt 2 of 3
[2026-02-14T18:10:24.883+0000] {taskinstance.py:2330} INFO - Executing <Task(PythonOperator): send_pipeline_report> on 2026-02-14 18:00:09+00:00
[2026-02-14T18:10:24.888+0000] {warnings.py:112} WARNING - /home/***/.local/lib/python3.12/site-packages/***/task/task_runner/standard_task_runner.py:62: DeprecationWarning: This process (pid=2353) is multi-threaded, use of fork() may lead to deadlocks in the child.
  pid = os.fork()

[2026-02-14T18:10:24.890+0000] {standard_task_runner.py:64} INFO - Started process 2354 to run task
[2026-02-14T18:10:24.890+0000] {standard_task_runner.py:90} INFO - Running: ['***', 'tasks', 'run', 'car_price_predictor_pipeline', 'send_pipeline_report', 'manual__2026-02-14T18:00:09+00:00', '--job-id', '217', '--raw', '--subdir', 'DAGS_FOLDER/car_price_ml_pipeline.py', '--cfg-path', '/tmp/tmpj0cqonvm']
[2026-02-14T18:10:24.892+0000] {standard_task_runner.py:91} INFO - Job 217: Subtask send_pipeline_report
[2026-02-14T18:10:24.913+0000] {task_command.py:426} INFO - Running <TaskInstance: car_price_predictor_pipeline.send_pipeline_report manual__2026-02-14T18:00:09+00:00 [running]> on host 2075ebc01f0b
[2026-02-14T18:10:24.954+0000] {taskinstance.py:2648} INFO - Exporting env vars: AIRFLOW_CTX_DAG_EMAIL='alerts@example.com' AIRFLOW_CTX_DAG_OWNER='data-science-team' AIRFLOW_CTX_DAG_ID='car_price_predictor_pipeline' AIRFLOW_CTX_TASK_ID='send_pipeline_report' AIRFLOW_CTX_EXECUTION_DATE='2026-02-14T18:00:09+00:00' AIRFLOW_CTX_TRY_NUMBER='2' AIRFLOW_CTX_DAG_RUN_ID='manual__2026-02-14T18:00:09+00:00'
[2026-02-14T18:10:24.955+0000] {taskinstance.py:430} INFO - ::endgroup::
[2026-02-14T18:10:24.967+0000] {logging_mixin.py:188} INFO - 📧 Génération du rapport de pipeline...
[2026-02-14T18:10:24.984+0000] {logging_mixin.py:188} INFO - ✅ Rapport sauvegardé: /opt/***/project/reports/pipeline_report_20260214_181024.json
[2026-02-14T18:10:24.985+0000] {logging_mixin.py:188} INFO - 📊 Status: SUCCESS
[2026-02-14T18:10:24.985+0000] {python.py:237} INFO - Done. Returned value was: {'pipeline_date': '2026-02-14T18:10:24.981903', 'data_quality': {'total_rows': 24776, 'missing_percentage': 4.606272198902164, 'columns': ['Unnamed: 0', 'Lien', 'Ville', 'Secteur', 'Marque', 'Modèle', 'Année-Modèle', 'Kilométrage', 'Type de carburant', 'Puissance fiscale', 'Boite de vitesses', 'Nombre de portes', 'Origine', 'Première main', 'État', 'Jantes aluminium', 'Airbags', 'Climatisation', 'Système de navigation/GPS', 'Toit ouvrant', 'Sièges cuir', 'Radar de recul', 'Caméra de recul', 'Vitres électriques', 'ABS', 'ESP', 'Régulateur de vitesse', 'Limiteur de vitesse', 'CD/MP3/Bluetooth', 'Ordinateur de bord', 'Verrouillage centralisé à distance', 'Prix'], 'data_ok': True}, 'training': {'run_id': '1ccfcfc96fbb4af7aa4268f09bfa272b', 'metrics': None}, 'evaluation': {'run_id': '1ccfcfc96fbb4af7aa4268f09bfa272b', 'r2_score': 0.0, 'rmse': 0.5187586175091933, 'mae': 0.387170867862612, 'is_promotable': False, 'evaluation_date': '2026-02-14T18:00:18.052505'}, 'status': 'SUCCESS'}
[2026-02-14T18:10:24.985+0000] {taskinstance.py:441} INFO - ::group::Post task execution logs
[2026-02-14T18:10:24.995+0000] {taskinstance.py:1206} INFO - Marking task as SUCCESS. dag_id=car_price_predictor_pipeline, task_id=send_pipeline_report, run_id=manual__2026-02-14T18:00:09+00:00, execution_date=20260214T180009, start_date=20260214T181024, end_date=20260214T181024
[2026-02-14T18:10:25.032+0000] {local_task_job_runner.py:243} INFO - Task exited with return code 0
[2026-02-14T18:10:25.040+0000] {taskinstance.py:3503} INFO - 0 downstream tasks scheduled from follow-on schedule check
[2026-02-14T18:10:25.040+0000] {local_task_job_runner.py:222} INFO - ::endgroup::
