[2026-02-14T15:46:38.709+0000] {processor.py:161} INFO - Started process (PID=84) to work on /home/airflow/.local/lib/python3.12/site-packages/airflow/example_dags/example_latest_only.py
[2026-02-14T15:46:38.709+0000] {processor.py:830} INFO - Processing file /home/airflow/.local/lib/python3.12/site-packages/airflow/example_dags/example_latest_only.py for tasks to queue
[2026-02-14T15:46:38.710+0000] {logging_mixin.py:188} INFO - [2026-02-14T15:46:38.710+0000] {dagbag.py:545} INFO - Filling up the DagBag from /home/airflow/.local/lib/python3.12/site-packages/airflow/example_dags/example_latest_only.py
[2026-02-14T15:46:38.714+0000] {processor.py:840} INFO - DAG(s) 'latest_only' retrieved from /home/airflow/.local/lib/python3.12/site-packages/airflow/example_dags/example_latest_only.py
[2026-02-14T15:46:38.727+0000] {logging_mixin.py:188} INFO - [2026-02-14T15:46:38.727+0000] {dag.py:3089} INFO - Sync 1 DAGs
[2026-02-14T15:46:38.738+0000] {logging_mixin.py:188} INFO - [2026-02-14T15:46:38.738+0000] {dag.py:3947} INFO - Setting next_dagrun for latest_only to 2026-02-14 08:00:00+00:00, run_after=2026-02-14 12:00:00+00:00
[2026-02-14T15:46:38.748+0000] {processor.py:183} INFO - Processing /home/airflow/.local/lib/python3.12/site-packages/airflow/example_dags/example_latest_only.py took 0.042 seconds
[2026-02-14T15:47:09.650+0000] {processor.py:161} INFO - Started process (PID=149) to work on /home/airflow/.local/lib/python3.12/site-packages/airflow/example_dags/example_latest_only.py
[2026-02-14T15:47:09.650+0000] {processor.py:830} INFO - Processing file /home/airflow/.local/lib/python3.12/site-packages/airflow/example_dags/example_latest_only.py for tasks to queue
[2026-02-14T15:47:09.651+0000] {logging_mixin.py:188} INFO - [2026-02-14T15:47:09.651+0000] {dagbag.py:545} INFO - Filling up the DagBag from /home/airflow/.local/lib/python3.12/site-packages/airflow/example_dags/example_latest_only.py
[2026-02-14T15:47:09.654+0000] {processor.py:840} INFO - DAG(s) 'latest_only' retrieved from /home/airflow/.local/lib/python3.12/site-packages/airflow/example_dags/example_latest_only.py
[2026-02-14T15:47:09.687+0000] {logging_mixin.py:188} INFO - [2026-02-14T15:47:09.687+0000] {dag.py:3089} INFO - Sync 1 DAGs
[2026-02-14T15:47:09.695+0000] {logging_mixin.py:188} INFO - [2026-02-14T15:47:09.695+0000] {dag.py:3947} INFO - Setting next_dagrun for latest_only to 2026-02-14 08:00:00+00:00, run_after=2026-02-14 12:00:00+00:00
[2026-02-14T15:47:09.702+0000] {processor.py:183} INFO - Processing /home/airflow/.local/lib/python3.12/site-packages/airflow/example_dags/example_latest_only.py took 0.054 seconds
[2026-02-14T15:47:40.320+0000] {processor.py:161} INFO - Started process (PID=208) to work on /home/airflow/.local/lib/python3.12/site-packages/airflow/example_dags/example_latest_only.py
[2026-02-14T15:47:40.320+0000] {processor.py:830} INFO - Processing file /home/airflow/.local/lib/python3.12/site-packages/airflow/example_dags/example_latest_only.py for tasks to queue
[2026-02-14T15:47:40.321+0000] {logging_mixin.py:188} INFO - [2026-02-14T15:47:40.321+0000] {dagbag.py:545} INFO - Filling up the DagBag from /home/airflow/.local/lib/python3.12/site-packages/airflow/example_dags/example_latest_only.py
[2026-02-14T15:47:40.324+0000] {processor.py:840} INFO - DAG(s) 'latest_only' retrieved from /home/airflow/.local/lib/python3.12/site-packages/airflow/example_dags/example_latest_only.py
[2026-02-14T15:47:40.333+0000] {logging_mixin.py:188} INFO - [2026-02-14T15:47:40.333+0000] {dag.py:3089} INFO - Sync 1 DAGs
[2026-02-14T15:47:40.340+0000] {logging_mixin.py:188} INFO - [2026-02-14T15:47:40.340+0000] {dag.py:3947} INFO - Setting next_dagrun for latest_only to 2026-02-14 08:00:00+00:00, run_after=2026-02-14 12:00:00+00:00
[2026-02-14T15:47:40.349+0000] {processor.py:183} INFO - Processing /home/airflow/.local/lib/python3.12/site-packages/airflow/example_dags/example_latest_only.py took 0.031 seconds
[2026-02-14T15:48:10.904+0000] {processor.py:161} INFO - Started process (PID=267) to work on /home/airflow/.local/lib/python3.12/site-packages/airflow/example_dags/example_latest_only.py
[2026-02-14T15:48:10.905+0000] {processor.py:830} INFO - Processing file /home/airflow/.local/lib/python3.12/site-packages/airflow/example_dags/example_latest_only.py for tasks to queue
[2026-02-14T15:48:10.906+0000] {logging_mixin.py:188} INFO - [2026-02-14T15:48:10.905+0000] {dagbag.py:545} INFO - Filling up the DagBag from /home/airflow/.local/lib/python3.12/site-packages/airflow/example_dags/example_latest_only.py
[2026-02-14T15:48:10.907+0000] {processor.py:840} INFO - DAG(s) 'latest_only' retrieved from /home/airflow/.local/lib/python3.12/site-packages/airflow/example_dags/example_latest_only.py
[2026-02-14T15:48:10.914+0000] {logging_mixin.py:188} INFO - [2026-02-14T15:48:10.914+0000] {dag.py:3089} INFO - Sync 1 DAGs
[2026-02-14T15:48:10.920+0000] {logging_mixin.py:188} INFO - [2026-02-14T15:48:10.920+0000] {dag.py:3947} INFO - Setting next_dagrun for latest_only to 2026-02-14 08:00:00+00:00, run_after=2026-02-14 12:00:00+00:00
[2026-02-14T15:48:10.925+0000] {processor.py:183} INFO - Processing /home/airflow/.local/lib/python3.12/site-packages/airflow/example_dags/example_latest_only.py took 0.023 seconds
[2026-02-14T15:48:41.538+0000] {processor.py:161} INFO - Started process (PID=326) to work on /home/airflow/.local/lib/python3.12/site-packages/airflow/example_dags/example_latest_only.py
[2026-02-14T15:48:41.538+0000] {processor.py:830} INFO - Processing file /home/airflow/.local/lib/python3.12/site-packages/airflow/example_dags/example_latest_only.py for tasks to queue
[2026-02-14T15:48:41.539+0000] {logging_mixin.py:188} INFO - [2026-02-14T15:48:41.539+0000] {dagbag.py:545} INFO - Filling up the DagBag from /home/airflow/.local/lib/python3.12/site-packages/airflow/example_dags/example_latest_only.py
[2026-02-14T15:48:41.541+0000] {processor.py:840} INFO - DAG(s) 'latest_only' retrieved from /home/airflow/.local/lib/python3.12/site-packages/airflow/example_dags/example_latest_only.py
[2026-02-14T15:48:41.548+0000] {logging_mixin.py:188} INFO - [2026-02-14T15:48:41.548+0000] {dag.py:3089} INFO - Sync 1 DAGs
[2026-02-14T15:48:41.555+0000] {logging_mixin.py:188} INFO - [2026-02-14T15:48:41.555+0000] {dag.py:3947} INFO - Setting next_dagrun for latest_only to 2026-02-14 08:00:00+00:00, run_after=2026-02-14 12:00:00+00:00
[2026-02-14T15:48:41.561+0000] {processor.py:183} INFO - Processing /home/airflow/.local/lib/python3.12/site-packages/airflow/example_dags/example_latest_only.py took 0.025 seconds
[2026-02-14T15:49:12.176+0000] {processor.py:161} INFO - Started process (PID=385) to work on /home/airflow/.local/lib/python3.12/site-packages/airflow/example_dags/example_latest_only.py
[2026-02-14T15:49:12.177+0000] {processor.py:830} INFO - Processing file /home/airflow/.local/lib/python3.12/site-packages/airflow/example_dags/example_latest_only.py for tasks to queue
[2026-02-14T15:49:12.178+0000] {logging_mixin.py:188} INFO - [2026-02-14T15:49:12.178+0000] {dagbag.py:545} INFO - Filling up the DagBag from /home/airflow/.local/lib/python3.12/site-packages/airflow/example_dags/example_latest_only.py
[2026-02-14T15:49:12.181+0000] {processor.py:840} INFO - DAG(s) 'latest_only' retrieved from /home/airflow/.local/lib/python3.12/site-packages/airflow/example_dags/example_latest_only.py
[2026-02-14T15:49:12.187+0000] {logging_mixin.py:188} INFO - [2026-02-14T15:49:12.187+0000] {dag.py:3089} INFO - Sync 1 DAGs
[2026-02-14T15:49:12.195+0000] {logging_mixin.py:188} INFO - [2026-02-14T15:49:12.195+0000] {dag.py:3947} INFO - Setting next_dagrun for latest_only to 2026-02-14 08:00:00+00:00, run_after=2026-02-14 12:00:00+00:00
[2026-02-14T15:49:12.204+0000] {processor.py:183} INFO - Processing /home/airflow/.local/lib/python3.12/site-packages/airflow/example_dags/example_latest_only.py took 0.030 seconds
[2026-02-14T15:49:42.563+0000] {processor.py:161} INFO - Started process (PID=444) to work on /home/airflow/.local/lib/python3.12/site-packages/airflow/example_dags/example_latest_only.py
[2026-02-14T15:49:42.564+0000] {processor.py:830} INFO - Processing file /home/airflow/.local/lib/python3.12/site-packages/airflow/example_dags/example_latest_only.py for tasks to queue
[2026-02-14T15:49:42.564+0000] {logging_mixin.py:188} INFO - [2026-02-14T15:49:42.564+0000] {dagbag.py:545} INFO - Filling up the DagBag from /home/airflow/.local/lib/python3.12/site-packages/airflow/example_dags/example_latest_only.py
[2026-02-14T15:49:42.566+0000] {processor.py:840} INFO - DAG(s) 'latest_only' retrieved from /home/airflow/.local/lib/python3.12/site-packages/airflow/example_dags/example_latest_only.py
[2026-02-14T15:49:42.574+0000] {logging_mixin.py:188} INFO - [2026-02-14T15:49:42.574+0000] {dag.py:3089} INFO - Sync 1 DAGs
[2026-02-14T15:49:42.581+0000] {logging_mixin.py:188} INFO - [2026-02-14T15:49:42.581+0000] {dag.py:3947} INFO - Setting next_dagrun for latest_only to 2026-02-14 08:00:00+00:00, run_after=2026-02-14 12:00:00+00:00
[2026-02-14T15:49:42.588+0000] {processor.py:183} INFO - Processing /home/airflow/.local/lib/python3.12/site-packages/airflow/example_dags/example_latest_only.py took 0.027 seconds
[2026-02-14T15:50:13.002+0000] {processor.py:161} INFO - Started process (PID=503) to work on /home/airflow/.local/lib/python3.12/site-packages/airflow/example_dags/example_latest_only.py
[2026-02-14T15:50:13.002+0000] {processor.py:830} INFO - Processing file /home/airflow/.local/lib/python3.12/site-packages/airflow/example_dags/example_latest_only.py for tasks to queue
[2026-02-14T15:50:13.003+0000] {logging_mixin.py:188} INFO - [2026-02-14T15:50:13.003+0000] {dagbag.py:545} INFO - Filling up the DagBag from /home/airflow/.local/lib/python3.12/site-packages/airflow/example_dags/example_latest_only.py
[2026-02-14T15:50:13.005+0000] {processor.py:840} INFO - DAG(s) 'latest_only' retrieved from /home/airflow/.local/lib/python3.12/site-packages/airflow/example_dags/example_latest_only.py
[2026-02-14T15:50:13.014+0000] {logging_mixin.py:188} INFO - [2026-02-14T15:50:13.014+0000] {dag.py:3089} INFO - Sync 1 DAGs
[2026-02-14T15:50:13.023+0000] {logging_mixin.py:188} INFO - [2026-02-14T15:50:13.023+0000] {dag.py:3947} INFO - Setting next_dagrun for latest_only to 2026-02-14 08:00:00+00:00, run_after=2026-02-14 12:00:00+00:00
[2026-02-14T15:50:13.032+0000] {processor.py:183} INFO - Processing /home/airflow/.local/lib/python3.12/site-packages/airflow/example_dags/example_latest_only.py took 0.032 seconds
[2026-02-14T15:50:43.455+0000] {processor.py:161} INFO - Started process (PID=562) to work on /home/airflow/.local/lib/python3.12/site-packages/airflow/example_dags/example_latest_only.py
[2026-02-14T15:50:43.455+0000] {processor.py:830} INFO - Processing file /home/airflow/.local/lib/python3.12/site-packages/airflow/example_dags/example_latest_only.py for tasks to queue
[2026-02-14T15:50:43.456+0000] {logging_mixin.py:188} INFO - [2026-02-14T15:50:43.456+0000] {dagbag.py:545} INFO - Filling up the DagBag from /home/airflow/.local/lib/python3.12/site-packages/airflow/example_dags/example_latest_only.py
[2026-02-14T15:50:43.458+0000] {processor.py:840} INFO - DAG(s) 'latest_only' retrieved from /home/airflow/.local/lib/python3.12/site-packages/airflow/example_dags/example_latest_only.py
[2026-02-14T15:50:43.468+0000] {logging_mixin.py:188} INFO - [2026-02-14T15:50:43.468+0000] {dag.py:3089} INFO - Sync 1 DAGs
[2026-02-14T15:50:43.478+0000] {logging_mixin.py:188} INFO - [2026-02-14T15:50:43.478+0000] {dag.py:3947} INFO - Setting next_dagrun for latest_only to 2026-02-14 08:00:00+00:00, run_after=2026-02-14 12:00:00+00:00
[2026-02-14T15:50:43.490+0000] {processor.py:183} INFO - Processing /home/airflow/.local/lib/python3.12/site-packages/airflow/example_dags/example_latest_only.py took 0.038 seconds
[2026-02-14T15:51:14.185+0000] {processor.py:161} INFO - Started process (PID=621) to work on /home/airflow/.local/lib/python3.12/site-packages/airflow/example_dags/example_latest_only.py
[2026-02-14T15:51:14.186+0000] {processor.py:830} INFO - Processing file /home/airflow/.local/lib/python3.12/site-packages/airflow/example_dags/example_latest_only.py for tasks to queue
[2026-02-14T15:51:14.187+0000] {logging_mixin.py:188} INFO - [2026-02-14T15:51:14.187+0000] {dagbag.py:545} INFO - Filling up the DagBag from /home/airflow/.local/lib/python3.12/site-packages/airflow/example_dags/example_latest_only.py
[2026-02-14T15:51:14.189+0000] {processor.py:840} INFO - DAG(s) 'latest_only' retrieved from /home/airflow/.local/lib/python3.12/site-packages/airflow/example_dags/example_latest_only.py
[2026-02-14T15:51:14.198+0000] {logging_mixin.py:188} INFO - [2026-02-14T15:51:14.197+0000] {dag.py:3089} INFO - Sync 1 DAGs
[2026-02-14T15:51:14.205+0000] {logging_mixin.py:188} INFO - [2026-02-14T15:51:14.205+0000] {dag.py:3947} INFO - Setting next_dagrun for latest_only to 2026-02-14 08:00:00+00:00, run_after=2026-02-14 12:00:00+00:00
[2026-02-14T15:51:14.213+0000] {processor.py:183} INFO - Processing /home/airflow/.local/lib/python3.12/site-packages/airflow/example_dags/example_latest_only.py took 0.030 seconds
[2026-02-14T15:51:44.617+0000] {processor.py:161} INFO - Started process (PID=680) to work on /home/airflow/.local/lib/python3.12/site-packages/airflow/example_dags/example_latest_only.py
[2026-02-14T15:51:44.618+0000] {processor.py:830} INFO - Processing file /home/airflow/.local/lib/python3.12/site-packages/airflow/example_dags/example_latest_only.py for tasks to queue
[2026-02-14T15:51:44.620+0000] {logging_mixin.py:188} INFO - [2026-02-14T15:51:44.620+0000] {dagbag.py:545} INFO - Filling up the DagBag from /home/airflow/.local/lib/python3.12/site-packages/airflow/example_dags/example_latest_only.py
[2026-02-14T15:51:44.623+0000] {processor.py:840} INFO - DAG(s) 'latest_only' retrieved from /home/airflow/.local/lib/python3.12/site-packages/airflow/example_dags/example_latest_only.py
[2026-02-14T15:51:44.632+0000] {logging_mixin.py:188} INFO - [2026-02-14T15:51:44.632+0000] {dag.py:3089} INFO - Sync 1 DAGs
[2026-02-14T15:51:44.639+0000] {logging_mixin.py:188} INFO - [2026-02-14T15:51:44.639+0000] {dag.py:3947} INFO - Setting next_dagrun for latest_only to 2026-02-14 08:00:00+00:00, run_after=2026-02-14 12:00:00+00:00
[2026-02-14T15:51:44.644+0000] {processor.py:183} INFO - Processing /home/airflow/.local/lib/python3.12/site-packages/airflow/example_dags/example_latest_only.py took 0.030 seconds
[2026-02-14T15:52:15.158+0000] {processor.py:161} INFO - Started process (PID=739) to work on /home/airflow/.local/lib/python3.12/site-packages/airflow/example_dags/example_latest_only.py
[2026-02-14T15:52:15.159+0000] {processor.py:830} INFO - Processing file /home/airflow/.local/lib/python3.12/site-packages/airflow/example_dags/example_latest_only.py for tasks to queue
[2026-02-14T15:52:15.160+0000] {logging_mixin.py:188} INFO - [2026-02-14T15:52:15.160+0000] {dagbag.py:545} INFO - Filling up the DagBag from /home/airflow/.local/lib/python3.12/site-packages/airflow/example_dags/example_latest_only.py
[2026-02-14T15:52:15.162+0000] {processor.py:840} INFO - DAG(s) 'latest_only' retrieved from /home/airflow/.local/lib/python3.12/site-packages/airflow/example_dags/example_latest_only.py
[2026-02-14T15:52:15.170+0000] {logging_mixin.py:188} INFO - [2026-02-14T15:52:15.170+0000] {dag.py:3089} INFO - Sync 1 DAGs
[2026-02-14T15:52:15.180+0000] {logging_mixin.py:188} INFO - [2026-02-14T15:52:15.180+0000] {dag.py:3947} INFO - Setting next_dagrun for latest_only to 2026-02-14 08:00:00+00:00, run_after=2026-02-14 12:00:00+00:00
[2026-02-14T15:52:15.189+0000] {processor.py:183} INFO - Processing /home/airflow/.local/lib/python3.12/site-packages/airflow/example_dags/example_latest_only.py took 0.033 seconds
[2026-02-14T15:52:45.511+0000] {processor.py:161} INFO - Started process (PID=798) to work on /home/airflow/.local/lib/python3.12/site-packages/airflow/example_dags/example_latest_only.py
[2026-02-14T15:52:45.511+0000] {processor.py:830} INFO - Processing file /home/airflow/.local/lib/python3.12/site-packages/airflow/example_dags/example_latest_only.py for tasks to queue
[2026-02-14T15:52:45.512+0000] {logging_mixin.py:188} INFO - [2026-02-14T15:52:45.512+0000] {dagbag.py:545} INFO - Filling up the DagBag from /home/airflow/.local/lib/python3.12/site-packages/airflow/example_dags/example_latest_only.py
[2026-02-14T15:52:45.514+0000] {processor.py:840} INFO - DAG(s) 'latest_only' retrieved from /home/airflow/.local/lib/python3.12/site-packages/airflow/example_dags/example_latest_only.py
[2026-02-14T15:52:45.521+0000] {logging_mixin.py:188} INFO - [2026-02-14T15:52:45.521+0000] {dag.py:3089} INFO - Sync 1 DAGs
[2026-02-14T15:52:45.529+0000] {logging_mixin.py:188} INFO - [2026-02-14T15:52:45.529+0000] {dag.py:3947} INFO - Setting next_dagrun for latest_only to 2026-02-14 08:00:00+00:00, run_after=2026-02-14 12:00:00+00:00
[2026-02-14T15:52:45.537+0000] {processor.py:183} INFO - Processing /home/airflow/.local/lib/python3.12/site-packages/airflow/example_dags/example_latest_only.py took 0.028 seconds
[2026-02-14T15:53:15.848+0000] {processor.py:161} INFO - Started process (PID=857) to work on /home/airflow/.local/lib/python3.12/site-packages/airflow/example_dags/example_latest_only.py
[2026-02-14T15:53:15.849+0000] {processor.py:830} INFO - Processing file /home/airflow/.local/lib/python3.12/site-packages/airflow/example_dags/example_latest_only.py for tasks to queue
[2026-02-14T15:53:15.850+0000] {logging_mixin.py:188} INFO - [2026-02-14T15:53:15.850+0000] {dagbag.py:545} INFO - Filling up the DagBag from /home/airflow/.local/lib/python3.12/site-packages/airflow/example_dags/example_latest_only.py
[2026-02-14T15:53:15.852+0000] {processor.py:840} INFO - DAG(s) 'latest_only' retrieved from /home/airflow/.local/lib/python3.12/site-packages/airflow/example_dags/example_latest_only.py
[2026-02-14T15:53:15.860+0000] {logging_mixin.py:188} INFO - [2026-02-14T15:53:15.860+0000] {dag.py:3089} INFO - Sync 1 DAGs
[2026-02-14T15:53:15.868+0000] {logging_mixin.py:188} INFO - [2026-02-14T15:53:15.867+0000] {dag.py:3947} INFO - Setting next_dagrun for latest_only to 2026-02-14 08:00:00+00:00, run_after=2026-02-14 12:00:00+00:00
[2026-02-14T15:53:15.874+0000] {processor.py:183} INFO - Processing /home/airflow/.local/lib/python3.12/site-packages/airflow/example_dags/example_latest_only.py took 0.028 seconds
[2026-02-14T15:53:46.224+0000] {processor.py:161} INFO - Started process (PID=916) to work on /home/airflow/.local/lib/python3.12/site-packages/airflow/example_dags/example_latest_only.py
[2026-02-14T15:53:46.225+0000] {processor.py:830} INFO - Processing file /home/airflow/.local/lib/python3.12/site-packages/airflow/example_dags/example_latest_only.py for tasks to queue
[2026-02-14T15:53:46.226+0000] {logging_mixin.py:188} INFO - [2026-02-14T15:53:46.226+0000] {dagbag.py:545} INFO - Filling up the DagBag from /home/airflow/.local/lib/python3.12/site-packages/airflow/example_dags/example_latest_only.py
[2026-02-14T15:53:46.228+0000] {processor.py:840} INFO - DAG(s) 'latest_only' retrieved from /home/airflow/.local/lib/python3.12/site-packages/airflow/example_dags/example_latest_only.py
[2026-02-14T15:53:46.236+0000] {logging_mixin.py:188} INFO - [2026-02-14T15:53:46.236+0000] {dag.py:3089} INFO - Sync 1 DAGs
[2026-02-14T15:53:46.244+0000] {logging_mixin.py:188} INFO - [2026-02-14T15:53:46.244+0000] {dag.py:3947} INFO - Setting next_dagrun for latest_only to 2026-02-14 08:00:00+00:00, run_after=2026-02-14 12:00:00+00:00
[2026-02-14T15:53:46.249+0000] {processor.py:183} INFO - Processing /home/airflow/.local/lib/python3.12/site-packages/airflow/example_dags/example_latest_only.py took 0.028 seconds
[2026-02-14T15:54:16.662+0000] {processor.py:161} INFO - Started process (PID=975) to work on /home/airflow/.local/lib/python3.12/site-packages/airflow/example_dags/example_latest_only.py
[2026-02-14T15:54:16.663+0000] {processor.py:830} INFO - Processing file /home/airflow/.local/lib/python3.12/site-packages/airflow/example_dags/example_latest_only.py for tasks to queue
[2026-02-14T15:54:16.663+0000] {logging_mixin.py:188} INFO - [2026-02-14T15:54:16.663+0000] {dagbag.py:545} INFO - Filling up the DagBag from /home/airflow/.local/lib/python3.12/site-packages/airflow/example_dags/example_latest_only.py
[2026-02-14T15:54:16.665+0000] {processor.py:840} INFO - DAG(s) 'latest_only' retrieved from /home/airflow/.local/lib/python3.12/site-packages/airflow/example_dags/example_latest_only.py
[2026-02-14T15:54:16.672+0000] {logging_mixin.py:188} INFO - [2026-02-14T15:54:16.672+0000] {dag.py:3089} INFO - Sync 1 DAGs
[2026-02-14T15:54:16.680+0000] {logging_mixin.py:188} INFO - [2026-02-14T15:54:16.680+0000] {dag.py:3947} INFO - Setting next_dagrun for latest_only to 2026-02-14 08:00:00+00:00, run_after=2026-02-14 12:00:00+00:00
[2026-02-14T15:54:16.689+0000] {processor.py:183} INFO - Processing /home/airflow/.local/lib/python3.12/site-packages/airflow/example_dags/example_latest_only.py took 0.030 seconds
[2026-02-14T15:54:47.146+0000] {processor.py:161} INFO - Started process (PID=1034) to work on /home/airflow/.local/lib/python3.12/site-packages/airflow/example_dags/example_latest_only.py
[2026-02-14T15:54:47.146+0000] {processor.py:830} INFO - Processing file /home/airflow/.local/lib/python3.12/site-packages/airflow/example_dags/example_latest_only.py for tasks to queue
[2026-02-14T15:54:47.147+0000] {logging_mixin.py:188} INFO - [2026-02-14T15:54:47.147+0000] {dagbag.py:545} INFO - Filling up the DagBag from /home/airflow/.local/lib/python3.12/site-packages/airflow/example_dags/example_latest_only.py
[2026-02-14T15:54:47.149+0000] {processor.py:840} INFO - DAG(s) 'latest_only' retrieved from /home/airflow/.local/lib/python3.12/site-packages/airflow/example_dags/example_latest_only.py
[2026-02-14T15:54:47.156+0000] {logging_mixin.py:188} INFO - [2026-02-14T15:54:47.156+0000] {dag.py:3089} INFO - Sync 1 DAGs
[2026-02-14T15:54:47.163+0000] {logging_mixin.py:188} INFO - [2026-02-14T15:54:47.163+0000] {dag.py:3947} INFO - Setting next_dagrun for latest_only to 2026-02-14 08:00:00+00:00, run_after=2026-02-14 12:00:00+00:00
[2026-02-14T15:54:47.170+0000] {processor.py:183} INFO - Processing /home/airflow/.local/lib/python3.12/site-packages/airflow/example_dags/example_latest_only.py took 0.027 seconds
[2026-02-14T15:55:20.168+0000] {processor.py:161} INFO - Started process (PID=1093) to work on /home/airflow/.local/lib/python3.12/site-packages/airflow/example_dags/example_latest_only.py
[2026-02-14T15:55:20.171+0000] {processor.py:830} INFO - Processing file /home/airflow/.local/lib/python3.12/site-packages/airflow/example_dags/example_latest_only.py for tasks to queue
[2026-02-14T15:55:20.174+0000] {logging_mixin.py:188} INFO - [2026-02-14T15:55:20.174+0000] {dagbag.py:545} INFO - Filling up the DagBag from /home/airflow/.local/lib/python3.12/site-packages/airflow/example_dags/example_latest_only.py
[2026-02-14T15:55:20.181+0000] {processor.py:840} INFO - DAG(s) 'latest_only' retrieved from /home/airflow/.local/lib/python3.12/site-packages/airflow/example_dags/example_latest_only.py
[2026-02-14T15:55:20.226+0000] {logging_mixin.py:188} INFO - [2026-02-14T15:55:20.225+0000] {dag.py:3089} INFO - Sync 1 DAGs
[2026-02-14T15:55:20.273+0000] {logging_mixin.py:188} INFO - [2026-02-14T15:55:20.272+0000] {dag.py:3947} INFO - Setting next_dagrun for latest_only to 2026-02-14 08:00:00+00:00, run_after=2026-02-14 12:00:00+00:00
[2026-02-14T15:55:20.361+0000] {processor.py:183} INFO - Processing /home/airflow/.local/lib/python3.12/site-packages/airflow/example_dags/example_latest_only.py took 0.201 seconds
[2026-02-14T15:55:51.234+0000] {processor.py:161} INFO - Started process (PID=1151) to work on /home/airflow/.local/lib/python3.12/site-packages/airflow/example_dags/example_latest_only.py
[2026-02-14T15:55:51.236+0000] {processor.py:830} INFO - Processing file /home/airflow/.local/lib/python3.12/site-packages/airflow/example_dags/example_latest_only.py for tasks to queue
[2026-02-14T15:55:51.238+0000] {logging_mixin.py:188} INFO - [2026-02-14T15:55:51.238+0000] {dagbag.py:545} INFO - Filling up the DagBag from /home/airflow/.local/lib/python3.12/site-packages/airflow/example_dags/example_latest_only.py
[2026-02-14T15:55:51.243+0000] {processor.py:840} INFO - DAG(s) 'latest_only' retrieved from /home/airflow/.local/lib/python3.12/site-packages/airflow/example_dags/example_latest_only.py
[2026-02-14T15:55:51.259+0000] {logging_mixin.py:188} INFO - [2026-02-14T15:55:51.259+0000] {dag.py:3089} INFO - Sync 1 DAGs
[2026-02-14T15:55:51.271+0000] {logging_mixin.py:188} INFO - [2026-02-14T15:55:51.271+0000] {dag.py:3947} INFO - Setting next_dagrun for latest_only to 2026-02-14 08:00:00+00:00, run_after=2026-02-14 12:00:00+00:00
[2026-02-14T15:55:51.280+0000] {processor.py:183} INFO - Processing /home/airflow/.local/lib/python3.12/site-packages/airflow/example_dags/example_latest_only.py took 0.052 seconds
[2026-02-14T15:56:21.688+0000] {processor.py:161} INFO - Started process (PID=1210) to work on /home/airflow/.local/lib/python3.12/site-packages/airflow/example_dags/example_latest_only.py
[2026-02-14T15:56:21.689+0000] {processor.py:830} INFO - Processing file /home/airflow/.local/lib/python3.12/site-packages/airflow/example_dags/example_latest_only.py for tasks to queue
[2026-02-14T15:56:21.691+0000] {logging_mixin.py:188} INFO - [2026-02-14T15:56:21.690+0000] {dagbag.py:545} INFO - Filling up the DagBag from /home/airflow/.local/lib/python3.12/site-packages/airflow/example_dags/example_latest_only.py
[2026-02-14T15:56:21.695+0000] {processor.py:840} INFO - DAG(s) 'latest_only' retrieved from /home/airflow/.local/lib/python3.12/site-packages/airflow/example_dags/example_latest_only.py
[2026-02-14T15:56:21.714+0000] {logging_mixin.py:188} INFO - [2026-02-14T15:56:21.714+0000] {dag.py:3089} INFO - Sync 1 DAGs
[2026-02-14T15:56:21.724+0000] {logging_mixin.py:188} INFO - [2026-02-14T15:56:21.724+0000] {dag.py:3947} INFO - Setting next_dagrun for latest_only to 2026-02-14 08:00:00+00:00, run_after=2026-02-14 12:00:00+00:00
[2026-02-14T15:56:21.734+0000] {processor.py:183} INFO - Processing /home/airflow/.local/lib/python3.12/site-packages/airflow/example_dags/example_latest_only.py took 0.054 seconds
[2026-02-14T15:56:52.218+0000] {processor.py:161} INFO - Started process (PID=1269) to work on /home/airflow/.local/lib/python3.12/site-packages/airflow/example_dags/example_latest_only.py
[2026-02-14T15:56:52.219+0000] {processor.py:830} INFO - Processing file /home/airflow/.local/lib/python3.12/site-packages/airflow/example_dags/example_latest_only.py for tasks to queue
[2026-02-14T15:56:52.220+0000] {logging_mixin.py:188} INFO - [2026-02-14T15:56:52.220+0000] {dagbag.py:545} INFO - Filling up the DagBag from /home/airflow/.local/lib/python3.12/site-packages/airflow/example_dags/example_latest_only.py
[2026-02-14T15:56:52.225+0000] {processor.py:840} INFO - DAG(s) 'latest_only' retrieved from /home/airflow/.local/lib/python3.12/site-packages/airflow/example_dags/example_latest_only.py
[2026-02-14T15:56:52.242+0000] {logging_mixin.py:188} INFO - [2026-02-14T15:56:52.242+0000] {dag.py:3089} INFO - Sync 1 DAGs
[2026-02-14T15:56:52.252+0000] {logging_mixin.py:188} INFO - [2026-02-14T15:56:52.252+0000] {dag.py:3947} INFO - Setting next_dagrun for latest_only to 2026-02-14 08:00:00+00:00, run_after=2026-02-14 12:00:00+00:00
[2026-02-14T15:56:52.264+0000] {processor.py:183} INFO - Processing /home/airflow/.local/lib/python3.12/site-packages/airflow/example_dags/example_latest_only.py took 0.053 seconds
[2026-02-14T15:57:22.930+0000] {processor.py:161} INFO - Started process (PID=1328) to work on /home/airflow/.local/lib/python3.12/site-packages/airflow/example_dags/example_latest_only.py
[2026-02-14T15:57:22.931+0000] {processor.py:830} INFO - Processing file /home/airflow/.local/lib/python3.12/site-packages/airflow/example_dags/example_latest_only.py for tasks to queue
[2026-02-14T15:57:22.933+0000] {logging_mixin.py:188} INFO - [2026-02-14T15:57:22.933+0000] {dagbag.py:545} INFO - Filling up the DagBag from /home/airflow/.local/lib/python3.12/site-packages/airflow/example_dags/example_latest_only.py
[2026-02-14T15:57:22.938+0000] {processor.py:840} INFO - DAG(s) 'latest_only' retrieved from /home/airflow/.local/lib/python3.12/site-packages/airflow/example_dags/example_latest_only.py
[2026-02-14T15:57:22.952+0000] {logging_mixin.py:188} INFO - [2026-02-14T15:57:22.952+0000] {dag.py:3089} INFO - Sync 1 DAGs
[2026-02-14T15:57:22.963+0000] {logging_mixin.py:188} INFO - [2026-02-14T15:57:22.963+0000] {dag.py:3947} INFO - Setting next_dagrun for latest_only to 2026-02-14 08:00:00+00:00, run_after=2026-02-14 12:00:00+00:00
[2026-02-14T15:57:22.973+0000] {processor.py:183} INFO - Processing /home/airflow/.local/lib/python3.12/site-packages/airflow/example_dags/example_latest_only.py took 0.050 seconds
[2026-02-14T15:57:53.289+0000] {processor.py:161} INFO - Started process (PID=1387) to work on /home/airflow/.local/lib/python3.12/site-packages/airflow/example_dags/example_latest_only.py
[2026-02-14T15:57:53.291+0000] {processor.py:830} INFO - Processing file /home/airflow/.local/lib/python3.12/site-packages/airflow/example_dags/example_latest_only.py for tasks to queue
[2026-02-14T15:57:53.293+0000] {logging_mixin.py:188} INFO - [2026-02-14T15:57:53.292+0000] {dagbag.py:545} INFO - Filling up the DagBag from /home/airflow/.local/lib/python3.12/site-packages/airflow/example_dags/example_latest_only.py
[2026-02-14T15:57:53.298+0000] {processor.py:840} INFO - DAG(s) 'latest_only' retrieved from /home/airflow/.local/lib/python3.12/site-packages/airflow/example_dags/example_latest_only.py
[2026-02-14T15:57:53.314+0000] {logging_mixin.py:188} INFO - [2026-02-14T15:57:53.314+0000] {dag.py:3089} INFO - Sync 1 DAGs
[2026-02-14T15:57:53.324+0000] {logging_mixin.py:188} INFO - [2026-02-14T15:57:53.324+0000] {dag.py:3947} INFO - Setting next_dagrun for latest_only to 2026-02-14 08:00:00+00:00, run_after=2026-02-14 12:00:00+00:00
[2026-02-14T15:57:53.334+0000] {processor.py:183} INFO - Processing /home/airflow/.local/lib/python3.12/site-packages/airflow/example_dags/example_latest_only.py took 0.053 seconds
[2026-02-14T15:58:23.680+0000] {processor.py:161} INFO - Started process (PID=1446) to work on /home/airflow/.local/lib/python3.12/site-packages/airflow/example_dags/example_latest_only.py
[2026-02-14T15:58:23.681+0000] {processor.py:830} INFO - Processing file /home/airflow/.local/lib/python3.12/site-packages/airflow/example_dags/example_latest_only.py for tasks to queue
[2026-02-14T15:58:23.682+0000] {logging_mixin.py:188} INFO - [2026-02-14T15:58:23.681+0000] {dagbag.py:545} INFO - Filling up the DagBag from /home/airflow/.local/lib/python3.12/site-packages/airflow/example_dags/example_latest_only.py
[2026-02-14T15:58:23.683+0000] {processor.py:840} INFO - DAG(s) 'latest_only' retrieved from /home/airflow/.local/lib/python3.12/site-packages/airflow/example_dags/example_latest_only.py
[2026-02-14T15:58:23.691+0000] {logging_mixin.py:188} INFO - [2026-02-14T15:58:23.690+0000] {dag.py:3089} INFO - Sync 1 DAGs
[2026-02-14T15:58:23.769+0000] {logging_mixin.py:188} INFO - [2026-02-14T15:58:23.769+0000] {dag.py:3947} INFO - Setting next_dagrun for latest_only to 2026-02-14 08:00:00+00:00, run_after=2026-02-14 12:00:00+00:00
[2026-02-14T15:58:23.777+0000] {processor.py:183} INFO - Processing /home/airflow/.local/lib/python3.12/site-packages/airflow/example_dags/example_latest_only.py took 0.099 seconds
[2026-02-14T15:58:54.594+0000] {processor.py:161} INFO - Started process (PID=1505) to work on /home/airflow/.local/lib/python3.12/site-packages/airflow/example_dags/example_latest_only.py
[2026-02-14T15:58:54.597+0000] {processor.py:830} INFO - Processing file /home/airflow/.local/lib/python3.12/site-packages/airflow/example_dags/example_latest_only.py for tasks to queue
[2026-02-14T15:58:54.598+0000] {logging_mixin.py:188} INFO - [2026-02-14T15:58:54.598+0000] {dagbag.py:545} INFO - Filling up the DagBag from /home/airflow/.local/lib/python3.12/site-packages/airflow/example_dags/example_latest_only.py
[2026-02-14T15:58:54.600+0000] {processor.py:840} INFO - DAG(s) 'latest_only' retrieved from /home/airflow/.local/lib/python3.12/site-packages/airflow/example_dags/example_latest_only.py
[2026-02-14T15:58:54.609+0000] {logging_mixin.py:188} INFO - [2026-02-14T15:58:54.609+0000] {dag.py:3089} INFO - Sync 1 DAGs
[2026-02-14T15:58:54.621+0000] {logging_mixin.py:188} INFO - [2026-02-14T15:58:54.621+0000] {dag.py:3947} INFO - Setting next_dagrun for latest_only to 2026-02-14 08:00:00+00:00, run_after=2026-02-14 12:00:00+00:00
[2026-02-14T15:58:54.702+0000] {processor.py:183} INFO - Processing /home/airflow/.local/lib/python3.12/site-packages/airflow/example_dags/example_latest_only.py took 0.111 seconds
[2026-02-14T15:59:24.715+0000] {processor.py:161} INFO - Started process (PID=1564) to work on /home/airflow/.local/lib/python3.12/site-packages/airflow/example_dags/example_latest_only.py
[2026-02-14T15:59:24.716+0000] {processor.py:830} INFO - Processing file /home/airflow/.local/lib/python3.12/site-packages/airflow/example_dags/example_latest_only.py for tasks to queue
[2026-02-14T15:59:24.718+0000] {logging_mixin.py:188} INFO - [2026-02-14T15:59:24.718+0000] {dagbag.py:545} INFO - Filling up the DagBag from /home/airflow/.local/lib/python3.12/site-packages/airflow/example_dags/example_latest_only.py
[2026-02-14T15:59:24.720+0000] {processor.py:840} INFO - DAG(s) 'latest_only' retrieved from /home/airflow/.local/lib/python3.12/site-packages/airflow/example_dags/example_latest_only.py
[2026-02-14T15:59:24.734+0000] {logging_mixin.py:188} INFO - [2026-02-14T15:59:24.733+0000] {dag.py:3089} INFO - Sync 1 DAGs
[2026-02-14T15:59:24.745+0000] {logging_mixin.py:188} INFO - [2026-02-14T15:59:24.745+0000] {dag.py:3947} INFO - Setting next_dagrun for latest_only to 2026-02-14 08:00:00+00:00, run_after=2026-02-14 12:00:00+00:00
[2026-02-14T15:59:24.754+0000] {processor.py:183} INFO - Processing /home/airflow/.local/lib/python3.12/site-packages/airflow/example_dags/example_latest_only.py took 0.041 seconds
[2026-02-14T15:59:55.266+0000] {processor.py:161} INFO - Started process (PID=1623) to work on /home/airflow/.local/lib/python3.12/site-packages/airflow/example_dags/example_latest_only.py
[2026-02-14T15:59:55.266+0000] {processor.py:830} INFO - Processing file /home/airflow/.local/lib/python3.12/site-packages/airflow/example_dags/example_latest_only.py for tasks to queue
[2026-02-14T15:59:55.267+0000] {logging_mixin.py:188} INFO - [2026-02-14T15:59:55.267+0000] {dagbag.py:545} INFO - Filling up the DagBag from /home/airflow/.local/lib/python3.12/site-packages/airflow/example_dags/example_latest_only.py
[2026-02-14T15:59:55.269+0000] {processor.py:840} INFO - DAG(s) 'latest_only' retrieved from /home/airflow/.local/lib/python3.12/site-packages/airflow/example_dags/example_latest_only.py
[2026-02-14T15:59:55.277+0000] {logging_mixin.py:188} INFO - [2026-02-14T15:59:55.277+0000] {dag.py:3089} INFO - Sync 1 DAGs
[2026-02-14T15:59:55.284+0000] {logging_mixin.py:188} INFO - [2026-02-14T15:59:55.284+0000] {dag.py:3947} INFO - Setting next_dagrun for latest_only to 2026-02-14 08:00:00+00:00, run_after=2026-02-14 12:00:00+00:00
[2026-02-14T15:59:55.291+0000] {processor.py:183} INFO - Processing /home/airflow/.local/lib/python3.12/site-packages/airflow/example_dags/example_latest_only.py took 0.027 seconds
[2026-02-14T16:00:25.702+0000] {processor.py:161} INFO - Started process (PID=1682) to work on /home/airflow/.local/lib/python3.12/site-packages/airflow/example_dags/example_latest_only.py
[2026-02-14T16:00:25.703+0000] {processor.py:830} INFO - Processing file /home/airflow/.local/lib/python3.12/site-packages/airflow/example_dags/example_latest_only.py for tasks to queue
[2026-02-14T16:00:25.704+0000] {logging_mixin.py:188} INFO - [2026-02-14T16:00:25.704+0000] {dagbag.py:545} INFO - Filling up the DagBag from /home/airflow/.local/lib/python3.12/site-packages/airflow/example_dags/example_latest_only.py
[2026-02-14T16:00:25.707+0000] {processor.py:840} INFO - DAG(s) 'latest_only' retrieved from /home/airflow/.local/lib/python3.12/site-packages/airflow/example_dags/example_latest_only.py
[2026-02-14T16:00:25.717+0000] {logging_mixin.py:188} INFO - [2026-02-14T16:00:25.717+0000] {dag.py:3089} INFO - Sync 1 DAGs
[2026-02-14T16:00:25.724+0000] {logging_mixin.py:188} INFO - [2026-02-14T16:00:25.724+0000] {dag.py:3947} INFO - Setting next_dagrun for latest_only to 2026-02-14 12:00:00+00:00, run_after=2026-02-14 16:00:00+00:00
[2026-02-14T16:00:25.733+0000] {processor.py:183} INFO - Processing /home/airflow/.local/lib/python3.12/site-packages/airflow/example_dags/example_latest_only.py took 0.032 seconds
[2026-02-14T16:00:56.307+0000] {processor.py:161} INFO - Started process (PID=1741) to work on /home/airflow/.local/lib/python3.12/site-packages/airflow/example_dags/example_latest_only.py
[2026-02-14T16:00:56.307+0000] {processor.py:830} INFO - Processing file /home/airflow/.local/lib/python3.12/site-packages/airflow/example_dags/example_latest_only.py for tasks to queue
[2026-02-14T16:00:56.308+0000] {logging_mixin.py:188} INFO - [2026-02-14T16:00:56.308+0000] {dagbag.py:545} INFO - Filling up the DagBag from /home/airflow/.local/lib/python3.12/site-packages/airflow/example_dags/example_latest_only.py
[2026-02-14T16:00:56.310+0000] {processor.py:840} INFO - DAG(s) 'latest_only' retrieved from /home/airflow/.local/lib/python3.12/site-packages/airflow/example_dags/example_latest_only.py
[2026-02-14T16:00:56.319+0000] {logging_mixin.py:188} INFO - [2026-02-14T16:00:56.319+0000] {dag.py:3089} INFO - Sync 1 DAGs
[2026-02-14T16:00:56.326+0000] {logging_mixin.py:188} INFO - [2026-02-14T16:00:56.326+0000] {dag.py:3947} INFO - Setting next_dagrun for latest_only to 2026-02-14 12:00:00+00:00, run_after=2026-02-14 16:00:00+00:00
[2026-02-14T16:00:56.333+0000] {processor.py:183} INFO - Processing /home/airflow/.local/lib/python3.12/site-packages/airflow/example_dags/example_latest_only.py took 0.028 seconds
[2026-02-14T16:01:26.706+0000] {processor.py:161} INFO - Started process (PID=1800) to work on /home/airflow/.local/lib/python3.12/site-packages/airflow/example_dags/example_latest_only.py
[2026-02-14T16:01:26.707+0000] {processor.py:830} INFO - Processing file /home/airflow/.local/lib/python3.12/site-packages/airflow/example_dags/example_latest_only.py for tasks to queue
[2026-02-14T16:01:26.708+0000] {logging_mixin.py:188} INFO - [2026-02-14T16:01:26.708+0000] {dagbag.py:545} INFO - Filling up the DagBag from /home/airflow/.local/lib/python3.12/site-packages/airflow/example_dags/example_latest_only.py
[2026-02-14T16:01:26.710+0000] {processor.py:840} INFO - DAG(s) 'latest_only' retrieved from /home/airflow/.local/lib/python3.12/site-packages/airflow/example_dags/example_latest_only.py
[2026-02-14T16:01:26.719+0000] {logging_mixin.py:188} INFO - [2026-02-14T16:01:26.719+0000] {dag.py:3089} INFO - Sync 1 DAGs
[2026-02-14T16:01:26.726+0000] {logging_mixin.py:188} INFO - [2026-02-14T16:01:26.726+0000] {dag.py:3947} INFO - Setting next_dagrun for latest_only to 2026-02-14 12:00:00+00:00, run_after=2026-02-14 16:00:00+00:00
[2026-02-14T16:01:26.733+0000] {processor.py:183} INFO - Processing /home/airflow/.local/lib/python3.12/site-packages/airflow/example_dags/example_latest_only.py took 0.029 seconds
[2026-02-14T16:01:57.079+0000] {processor.py:161} INFO - Started process (PID=1859) to work on /home/airflow/.local/lib/python3.12/site-packages/airflow/example_dags/example_latest_only.py
[2026-02-14T16:01:57.081+0000] {processor.py:830} INFO - Processing file /home/airflow/.local/lib/python3.12/site-packages/airflow/example_dags/example_latest_only.py for tasks to queue
[2026-02-14T16:01:57.081+0000] {logging_mixin.py:188} INFO - [2026-02-14T16:01:57.081+0000] {dagbag.py:545} INFO - Filling up the DagBag from /home/airflow/.local/lib/python3.12/site-packages/airflow/example_dags/example_latest_only.py
[2026-02-14T16:01:57.084+0000] {processor.py:840} INFO - DAG(s) 'latest_only' retrieved from /home/airflow/.local/lib/python3.12/site-packages/airflow/example_dags/example_latest_only.py
[2026-02-14T16:01:57.093+0000] {logging_mixin.py:188} INFO - [2026-02-14T16:01:57.093+0000] {dag.py:3089} INFO - Sync 1 DAGs
[2026-02-14T16:01:57.101+0000] {logging_mixin.py:188} INFO - [2026-02-14T16:01:57.101+0000] {dag.py:3947} INFO - Setting next_dagrun for latest_only to 2026-02-14 12:00:00+00:00, run_after=2026-02-14 16:00:00+00:00
[2026-02-14T16:01:57.109+0000] {processor.py:183} INFO - Processing /home/airflow/.local/lib/python3.12/site-packages/airflow/example_dags/example_latest_only.py took 0.032 seconds
[2026-02-14T16:02:27.550+0000] {processor.py:161} INFO - Started process (PID=1918) to work on /home/airflow/.local/lib/python3.12/site-packages/airflow/example_dags/example_latest_only.py
[2026-02-14T16:02:27.551+0000] {processor.py:830} INFO - Processing file /home/airflow/.local/lib/python3.12/site-packages/airflow/example_dags/example_latest_only.py for tasks to queue
[2026-02-14T16:02:27.551+0000] {logging_mixin.py:188} INFO - [2026-02-14T16:02:27.551+0000] {dagbag.py:545} INFO - Filling up the DagBag from /home/airflow/.local/lib/python3.12/site-packages/airflow/example_dags/example_latest_only.py
[2026-02-14T16:02:27.553+0000] {processor.py:840} INFO - DAG(s) 'latest_only' retrieved from /home/airflow/.local/lib/python3.12/site-packages/airflow/example_dags/example_latest_only.py
[2026-02-14T16:02:27.563+0000] {logging_mixin.py:188} INFO - [2026-02-14T16:02:27.563+0000] {dag.py:3089} INFO - Sync 1 DAGs
[2026-02-14T16:02:27.573+0000] {logging_mixin.py:188} INFO - [2026-02-14T16:02:27.573+0000] {dag.py:3947} INFO - Setting next_dagrun for latest_only to 2026-02-14 12:00:00+00:00, run_after=2026-02-14 16:00:00+00:00
[2026-02-14T16:02:27.582+0000] {processor.py:183} INFO - Processing /home/airflow/.local/lib/python3.12/site-packages/airflow/example_dags/example_latest_only.py took 0.035 seconds
[2026-02-14T16:02:58.092+0000] {processor.py:161} INFO - Started process (PID=1977) to work on /home/airflow/.local/lib/python3.12/site-packages/airflow/example_dags/example_latest_only.py
[2026-02-14T16:02:58.093+0000] {processor.py:830} INFO - Processing file /home/airflow/.local/lib/python3.12/site-packages/airflow/example_dags/example_latest_only.py for tasks to queue
[2026-02-14T16:02:58.094+0000] {logging_mixin.py:188} INFO - [2026-02-14T16:02:58.094+0000] {dagbag.py:545} INFO - Filling up the DagBag from /home/airflow/.local/lib/python3.12/site-packages/airflow/example_dags/example_latest_only.py
[2026-02-14T16:02:58.097+0000] {processor.py:840} INFO - DAG(s) 'latest_only' retrieved from /home/airflow/.local/lib/python3.12/site-packages/airflow/example_dags/example_latest_only.py
[2026-02-14T16:02:58.107+0000] {logging_mixin.py:188} INFO - [2026-02-14T16:02:58.106+0000] {dag.py:3089} INFO - Sync 1 DAGs
[2026-02-14T16:02:58.116+0000] {logging_mixin.py:188} INFO - [2026-02-14T16:02:58.116+0000] {dag.py:3947} INFO - Setting next_dagrun for latest_only to 2026-02-14 12:00:00+00:00, run_after=2026-02-14 16:00:00+00:00
[2026-02-14T16:02:58.124+0000] {processor.py:183} INFO - Processing /home/airflow/.local/lib/python3.12/site-packages/airflow/example_dags/example_latest_only.py took 0.035 seconds
[2026-02-14T16:03:28.597+0000] {processor.py:161} INFO - Started process (PID=2036) to work on /home/airflow/.local/lib/python3.12/site-packages/airflow/example_dags/example_latest_only.py
[2026-02-14T16:03:28.598+0000] {processor.py:830} INFO - Processing file /home/airflow/.local/lib/python3.12/site-packages/airflow/example_dags/example_latest_only.py for tasks to queue
[2026-02-14T16:03:28.599+0000] {logging_mixin.py:188} INFO - [2026-02-14T16:03:28.599+0000] {dagbag.py:545} INFO - Filling up the DagBag from /home/airflow/.local/lib/python3.12/site-packages/airflow/example_dags/example_latest_only.py
[2026-02-14T16:03:28.602+0000] {processor.py:840} INFO - DAG(s) 'latest_only' retrieved from /home/airflow/.local/lib/python3.12/site-packages/airflow/example_dags/example_latest_only.py
[2026-02-14T16:03:28.610+0000] {logging_mixin.py:188} INFO - [2026-02-14T16:03:28.610+0000] {dag.py:3089} INFO - Sync 1 DAGs
[2026-02-14T16:03:28.617+0000] {logging_mixin.py:188} INFO - [2026-02-14T16:03:28.617+0000] {dag.py:3947} INFO - Setting next_dagrun for latest_only to 2026-02-14 12:00:00+00:00, run_after=2026-02-14 16:00:00+00:00
[2026-02-14T16:03:28.624+0000] {processor.py:183} INFO - Processing /home/airflow/.local/lib/python3.12/site-packages/airflow/example_dags/example_latest_only.py took 0.029 seconds
[2026-02-14T16:03:59.300+0000] {processor.py:161} INFO - Started process (PID=2095) to work on /home/airflow/.local/lib/python3.12/site-packages/airflow/example_dags/example_latest_only.py
[2026-02-14T16:03:59.301+0000] {processor.py:830} INFO - Processing file /home/airflow/.local/lib/python3.12/site-packages/airflow/example_dags/example_latest_only.py for tasks to queue
[2026-02-14T16:03:59.302+0000] {logging_mixin.py:188} INFO - [2026-02-14T16:03:59.301+0000] {dagbag.py:545} INFO - Filling up the DagBag from /home/airflow/.local/lib/python3.12/site-packages/airflow/example_dags/example_latest_only.py
[2026-02-14T16:03:59.303+0000] {processor.py:840} INFO - DAG(s) 'latest_only' retrieved from /home/airflow/.local/lib/python3.12/site-packages/airflow/example_dags/example_latest_only.py
[2026-02-14T16:03:59.313+0000] {logging_mixin.py:188} INFO - [2026-02-14T16:03:59.313+0000] {dag.py:3089} INFO - Sync 1 DAGs
[2026-02-14T16:03:59.322+0000] {logging_mixin.py:188} INFO - [2026-02-14T16:03:59.322+0000] {dag.py:3947} INFO - Setting next_dagrun for latest_only to 2026-02-14 12:00:00+00:00, run_after=2026-02-14 16:00:00+00:00
[2026-02-14T16:03:59.330+0000] {processor.py:183} INFO - Processing /home/airflow/.local/lib/python3.12/site-packages/airflow/example_dags/example_latest_only.py took 0.032 seconds
[2026-02-14T16:04:29.843+0000] {processor.py:161} INFO - Started process (PID=2154) to work on /home/airflow/.local/lib/python3.12/site-packages/airflow/example_dags/example_latest_only.py
[2026-02-14T16:04:29.843+0000] {processor.py:830} INFO - Processing file /home/airflow/.local/lib/python3.12/site-packages/airflow/example_dags/example_latest_only.py for tasks to queue
[2026-02-14T16:04:29.844+0000] {logging_mixin.py:188} INFO - [2026-02-14T16:04:29.844+0000] {dagbag.py:545} INFO - Filling up the DagBag from /home/airflow/.local/lib/python3.12/site-packages/airflow/example_dags/example_latest_only.py
[2026-02-14T16:04:29.847+0000] {processor.py:840} INFO - DAG(s) 'latest_only' retrieved from /home/airflow/.local/lib/python3.12/site-packages/airflow/example_dags/example_latest_only.py
[2026-02-14T16:04:29.855+0000] {logging_mixin.py:188} INFO - [2026-02-14T16:04:29.855+0000] {dag.py:3089} INFO - Sync 1 DAGs
[2026-02-14T16:04:29.863+0000] {logging_mixin.py:188} INFO - [2026-02-14T16:04:29.863+0000] {dag.py:3947} INFO - Setting next_dagrun for latest_only to 2026-02-14 12:00:00+00:00, run_after=2026-02-14 16:00:00+00:00
[2026-02-14T16:04:29.871+0000] {processor.py:183} INFO - Processing /home/airflow/.local/lib/python3.12/site-packages/airflow/example_dags/example_latest_only.py took 0.031 seconds
[2026-02-14T16:05:00.260+0000] {processor.py:161} INFO - Started process (PID=2213) to work on /home/airflow/.local/lib/python3.12/site-packages/airflow/example_dags/example_latest_only.py
[2026-02-14T16:05:00.262+0000] {processor.py:830} INFO - Processing file /home/airflow/.local/lib/python3.12/site-packages/airflow/example_dags/example_latest_only.py for tasks to queue
[2026-02-14T16:05:00.263+0000] {logging_mixin.py:188} INFO - [2026-02-14T16:05:00.263+0000] {dagbag.py:545} INFO - Filling up the DagBag from /home/airflow/.local/lib/python3.12/site-packages/airflow/example_dags/example_latest_only.py
[2026-02-14T16:05:00.266+0000] {processor.py:840} INFO - DAG(s) 'latest_only' retrieved from /home/airflow/.local/lib/python3.12/site-packages/airflow/example_dags/example_latest_only.py
[2026-02-14T16:05:00.276+0000] {logging_mixin.py:188} INFO - [2026-02-14T16:05:00.276+0000] {dag.py:3089} INFO - Sync 1 DAGs
[2026-02-14T16:05:00.288+0000] {logging_mixin.py:188} INFO - [2026-02-14T16:05:00.288+0000] {dag.py:3947} INFO - Setting next_dagrun for latest_only to 2026-02-14 12:00:00+00:00, run_after=2026-02-14 16:00:00+00:00
[2026-02-14T16:05:00.298+0000] {processor.py:183} INFO - Processing /home/airflow/.local/lib/python3.12/site-packages/airflow/example_dags/example_latest_only.py took 0.040 seconds
[2026-02-14T16:05:30.764+0000] {processor.py:161} INFO - Started process (PID=2272) to work on /home/airflow/.local/lib/python3.12/site-packages/airflow/example_dags/example_latest_only.py
[2026-02-14T16:05:30.765+0000] {processor.py:830} INFO - Processing file /home/airflow/.local/lib/python3.12/site-packages/airflow/example_dags/example_latest_only.py for tasks to queue
[2026-02-14T16:05:30.767+0000] {logging_mixin.py:188} INFO - [2026-02-14T16:05:30.767+0000] {dagbag.py:545} INFO - Filling up the DagBag from /home/airflow/.local/lib/python3.12/site-packages/airflow/example_dags/example_latest_only.py
[2026-02-14T16:05:30.769+0000] {processor.py:840} INFO - DAG(s) 'latest_only' retrieved from /home/airflow/.local/lib/python3.12/site-packages/airflow/example_dags/example_latest_only.py
[2026-02-14T16:05:30.778+0000] {logging_mixin.py:188} INFO - [2026-02-14T16:05:30.778+0000] {dag.py:3089} INFO - Sync 1 DAGs
[2026-02-14T16:05:30.785+0000] {logging_mixin.py:188} INFO - [2026-02-14T16:05:30.785+0000] {dag.py:3947} INFO - Setting next_dagrun for latest_only to 2026-02-14 12:00:00+00:00, run_after=2026-02-14 16:00:00+00:00
[2026-02-14T16:05:30.793+0000] {processor.py:183} INFO - Processing /home/airflow/.local/lib/python3.12/site-packages/airflow/example_dags/example_latest_only.py took 0.031 seconds
[2026-02-14T16:06:01.238+0000] {processor.py:161} INFO - Started process (PID=2331) to work on /home/airflow/.local/lib/python3.12/site-packages/airflow/example_dags/example_latest_only.py
[2026-02-14T16:06:01.239+0000] {processor.py:830} INFO - Processing file /home/airflow/.local/lib/python3.12/site-packages/airflow/example_dags/example_latest_only.py for tasks to queue
[2026-02-14T16:06:01.239+0000] {logging_mixin.py:188} INFO - [2026-02-14T16:06:01.239+0000] {dagbag.py:545} INFO - Filling up the DagBag from /home/airflow/.local/lib/python3.12/site-packages/airflow/example_dags/example_latest_only.py
[2026-02-14T16:06:01.242+0000] {processor.py:840} INFO - DAG(s) 'latest_only' retrieved from /home/airflow/.local/lib/python3.12/site-packages/airflow/example_dags/example_latest_only.py
[2026-02-14T16:06:01.252+0000] {logging_mixin.py:188} INFO - [2026-02-14T16:06:01.252+0000] {dag.py:3089} INFO - Sync 1 DAGs
[2026-02-14T16:06:01.264+0000] {logging_mixin.py:188} INFO - [2026-02-14T16:06:01.264+0000] {dag.py:3947} INFO - Setting next_dagrun for latest_only to 2026-02-14 12:00:00+00:00, run_after=2026-02-14 16:00:00+00:00
[2026-02-14T16:06:01.278+0000] {processor.py:183} INFO - Processing /home/airflow/.local/lib/python3.12/site-packages/airflow/example_dags/example_latest_only.py took 0.042 seconds
[2026-02-14T16:06:31.895+0000] {processor.py:161} INFO - Started process (PID=2390) to work on /home/airflow/.local/lib/python3.12/site-packages/airflow/example_dags/example_latest_only.py
[2026-02-14T16:06:31.896+0000] {processor.py:830} INFO - Processing file /home/airflow/.local/lib/python3.12/site-packages/airflow/example_dags/example_latest_only.py for tasks to queue
[2026-02-14T16:06:31.897+0000] {logging_mixin.py:188} INFO - [2026-02-14T16:06:31.897+0000] {dagbag.py:545} INFO - Filling up the DagBag from /home/airflow/.local/lib/python3.12/site-packages/airflow/example_dags/example_latest_only.py
[2026-02-14T16:06:31.901+0000] {processor.py:840} INFO - DAG(s) 'latest_only' retrieved from /home/airflow/.local/lib/python3.12/site-packages/airflow/example_dags/example_latest_only.py
[2026-02-14T16:06:31.910+0000] {logging_mixin.py:188} INFO - [2026-02-14T16:06:31.910+0000] {dag.py:3089} INFO - Sync 1 DAGs
[2026-02-14T16:06:31.918+0000] {logging_mixin.py:188} INFO - [2026-02-14T16:06:31.918+0000] {dag.py:3947} INFO - Setting next_dagrun for latest_only to 2026-02-14 12:00:00+00:00, run_after=2026-02-14 16:00:00+00:00
[2026-02-14T16:06:31.925+0000] {processor.py:183} INFO - Processing /home/airflow/.local/lib/python3.12/site-packages/airflow/example_dags/example_latest_only.py took 0.033 seconds
[2026-02-14T16:07:02.648+0000] {processor.py:161} INFO - Started process (PID=2449) to work on /home/airflow/.local/lib/python3.12/site-packages/airflow/example_dags/example_latest_only.py
[2026-02-14T16:07:02.649+0000] {processor.py:830} INFO - Processing file /home/airflow/.local/lib/python3.12/site-packages/airflow/example_dags/example_latest_only.py for tasks to queue
[2026-02-14T16:07:02.649+0000] {logging_mixin.py:188} INFO - [2026-02-14T16:07:02.649+0000] {dagbag.py:545} INFO - Filling up the DagBag from /home/airflow/.local/lib/python3.12/site-packages/airflow/example_dags/example_latest_only.py
[2026-02-14T16:07:02.653+0000] {processor.py:840} INFO - DAG(s) 'latest_only' retrieved from /home/airflow/.local/lib/python3.12/site-packages/airflow/example_dags/example_latest_only.py
[2026-02-14T16:07:02.664+0000] {logging_mixin.py:188} INFO - [2026-02-14T16:07:02.664+0000] {dag.py:3089} INFO - Sync 1 DAGs
[2026-02-14T16:07:02.674+0000] {logging_mixin.py:188} INFO - [2026-02-14T16:07:02.674+0000] {dag.py:3947} INFO - Setting next_dagrun for latest_only to 2026-02-14 12:00:00+00:00, run_after=2026-02-14 16:00:00+00:00
[2026-02-14T16:07:02.685+0000] {processor.py:183} INFO - Processing /home/airflow/.local/lib/python3.12/site-packages/airflow/example_dags/example_latest_only.py took 0.039 seconds
[2026-02-14T16:07:33.572+0000] {processor.py:161} INFO - Started process (PID=2508) to work on /home/airflow/.local/lib/python3.12/site-packages/airflow/example_dags/example_latest_only.py
[2026-02-14T16:07:33.573+0000] {processor.py:830} INFO - Processing file /home/airflow/.local/lib/python3.12/site-packages/airflow/example_dags/example_latest_only.py for tasks to queue
[2026-02-14T16:07:33.575+0000] {logging_mixin.py:188} INFO - [2026-02-14T16:07:33.574+0000] {dagbag.py:545} INFO - Filling up the DagBag from /home/airflow/.local/lib/python3.12/site-packages/airflow/example_dags/example_latest_only.py
[2026-02-14T16:07:33.577+0000] {processor.py:840} INFO - DAG(s) 'latest_only' retrieved from /home/airflow/.local/lib/python3.12/site-packages/airflow/example_dags/example_latest_only.py
[2026-02-14T16:07:33.587+0000] {logging_mixin.py:188} INFO - [2026-02-14T16:07:33.587+0000] {dag.py:3089} INFO - Sync 1 DAGs
[2026-02-14T16:07:33.595+0000] {logging_mixin.py:188} INFO - [2026-02-14T16:07:33.595+0000] {dag.py:3947} INFO - Setting next_dagrun for latest_only to 2026-02-14 12:00:00+00:00, run_after=2026-02-14 16:00:00+00:00
[2026-02-14T16:07:33.601+0000] {processor.py:183} INFO - Processing /home/airflow/.local/lib/python3.12/site-packages/airflow/example_dags/example_latest_only.py took 0.031 seconds
[2026-02-14T16:08:04.050+0000] {processor.py:161} INFO - Started process (PID=2567) to work on /home/airflow/.local/lib/python3.12/site-packages/airflow/example_dags/example_latest_only.py
[2026-02-14T16:08:04.051+0000] {processor.py:830} INFO - Processing file /home/airflow/.local/lib/python3.12/site-packages/airflow/example_dags/example_latest_only.py for tasks to queue
[2026-02-14T16:08:04.052+0000] {logging_mixin.py:188} INFO - [2026-02-14T16:08:04.052+0000] {dagbag.py:545} INFO - Filling up the DagBag from /home/airflow/.local/lib/python3.12/site-packages/airflow/example_dags/example_latest_only.py
[2026-02-14T16:08:04.054+0000] {processor.py:840} INFO - DAG(s) 'latest_only' retrieved from /home/airflow/.local/lib/python3.12/site-packages/airflow/example_dags/example_latest_only.py
[2026-02-14T16:08:04.065+0000] {logging_mixin.py:188} INFO - [2026-02-14T16:08:04.065+0000] {dag.py:3089} INFO - Sync 1 DAGs
[2026-02-14T16:08:04.074+0000] {logging_mixin.py:188} INFO - [2026-02-14T16:08:04.074+0000] {dag.py:3947} INFO - Setting next_dagrun for latest_only to 2026-02-14 12:00:00+00:00, run_after=2026-02-14 16:00:00+00:00
[2026-02-14T16:08:04.081+0000] {processor.py:183} INFO - Processing /home/airflow/.local/lib/python3.12/site-packages/airflow/example_dags/example_latest_only.py took 0.033 seconds
[2026-02-14T16:08:34.449+0000] {processor.py:161} INFO - Started process (PID=2626) to work on /home/airflow/.local/lib/python3.12/site-packages/airflow/example_dags/example_latest_only.py
[2026-02-14T16:08:34.450+0000] {processor.py:830} INFO - Processing file /home/airflow/.local/lib/python3.12/site-packages/airflow/example_dags/example_latest_only.py for tasks to queue
[2026-02-14T16:08:34.452+0000] {logging_mixin.py:188} INFO - [2026-02-14T16:08:34.451+0000] {dagbag.py:545} INFO - Filling up the DagBag from /home/airflow/.local/lib/python3.12/site-packages/airflow/example_dags/example_latest_only.py
[2026-02-14T16:08:34.454+0000] {processor.py:840} INFO - DAG(s) 'latest_only' retrieved from /home/airflow/.local/lib/python3.12/site-packages/airflow/example_dags/example_latest_only.py
[2026-02-14T16:08:34.462+0000] {logging_mixin.py:188} INFO - [2026-02-14T16:08:34.462+0000] {dag.py:3089} INFO - Sync 1 DAGs
[2026-02-14T16:08:34.469+0000] {logging_mixin.py:188} INFO - [2026-02-14T16:08:34.468+0000] {dag.py:3947} INFO - Setting next_dagrun for latest_only to 2026-02-14 12:00:00+00:00, run_after=2026-02-14 16:00:00+00:00
[2026-02-14T16:08:34.478+0000] {processor.py:183} INFO - Processing /home/airflow/.local/lib/python3.12/site-packages/airflow/example_dags/example_latest_only.py took 0.031 seconds
[2026-02-14T16:09:04.930+0000] {processor.py:161} INFO - Started process (PID=2685) to work on /home/airflow/.local/lib/python3.12/site-packages/airflow/example_dags/example_latest_only.py
[2026-02-14T16:09:04.932+0000] {processor.py:830} INFO - Processing file /home/airflow/.local/lib/python3.12/site-packages/airflow/example_dags/example_latest_only.py for tasks to queue
[2026-02-14T16:09:04.934+0000] {logging_mixin.py:188} INFO - [2026-02-14T16:09:04.933+0000] {dagbag.py:545} INFO - Filling up the DagBag from /home/airflow/.local/lib/python3.12/site-packages/airflow/example_dags/example_latest_only.py
[2026-02-14T16:09:04.936+0000] {processor.py:840} INFO - DAG(s) 'latest_only' retrieved from /home/airflow/.local/lib/python3.12/site-packages/airflow/example_dags/example_latest_only.py
[2026-02-14T16:09:04.945+0000] {logging_mixin.py:188} INFO - [2026-02-14T16:09:04.945+0000] {dag.py:3089} INFO - Sync 1 DAGs
[2026-02-14T16:09:04.953+0000] {logging_mixin.py:188} INFO - [2026-02-14T16:09:04.953+0000] {dag.py:3947} INFO - Setting next_dagrun for latest_only to 2026-02-14 12:00:00+00:00, run_after=2026-02-14 16:00:00+00:00
[2026-02-14T16:09:04.961+0000] {processor.py:183} INFO - Processing /home/airflow/.local/lib/python3.12/site-packages/airflow/example_dags/example_latest_only.py took 0.033 seconds
[2026-02-14T16:09:35.287+0000] {processor.py:161} INFO - Started process (PID=2744) to work on /home/airflow/.local/lib/python3.12/site-packages/airflow/example_dags/example_latest_only.py
[2026-02-14T16:09:35.287+0000] {processor.py:830} INFO - Processing file /home/airflow/.local/lib/python3.12/site-packages/airflow/example_dags/example_latest_only.py for tasks to queue
[2026-02-14T16:09:35.288+0000] {logging_mixin.py:188} INFO - [2026-02-14T16:09:35.288+0000] {dagbag.py:545} INFO - Filling up the DagBag from /home/airflow/.local/lib/python3.12/site-packages/airflow/example_dags/example_latest_only.py
[2026-02-14T16:09:35.290+0000] {processor.py:840} INFO - DAG(s) 'latest_only' retrieved from /home/airflow/.local/lib/python3.12/site-packages/airflow/example_dags/example_latest_only.py
[2026-02-14T16:09:35.298+0000] {logging_mixin.py:188} INFO - [2026-02-14T16:09:35.298+0000] {dag.py:3089} INFO - Sync 1 DAGs
[2026-02-14T16:09:35.305+0000] {logging_mixin.py:188} INFO - [2026-02-14T16:09:35.305+0000] {dag.py:3947} INFO - Setting next_dagrun for latest_only to 2026-02-14 12:00:00+00:00, run_after=2026-02-14 16:00:00+00:00
[2026-02-14T16:09:35.311+0000] {processor.py:183} INFO - Processing /home/airflow/.local/lib/python3.12/site-packages/airflow/example_dags/example_latest_only.py took 0.026 seconds
[2026-02-14T16:10:05.549+0000] {processor.py:161} INFO - Started process (PID=2803) to work on /home/airflow/.local/lib/python3.12/site-packages/airflow/example_dags/example_latest_only.py
[2026-02-14T16:10:05.550+0000] {processor.py:830} INFO - Processing file /home/airflow/.local/lib/python3.12/site-packages/airflow/example_dags/example_latest_only.py for tasks to queue
[2026-02-14T16:10:05.551+0000] {logging_mixin.py:188} INFO - [2026-02-14T16:10:05.550+0000] {dagbag.py:545} INFO - Filling up the DagBag from /home/airflow/.local/lib/python3.12/site-packages/airflow/example_dags/example_latest_only.py
[2026-02-14T16:10:05.553+0000] {processor.py:840} INFO - DAG(s) 'latest_only' retrieved from /home/airflow/.local/lib/python3.12/site-packages/airflow/example_dags/example_latest_only.py
[2026-02-14T16:10:05.561+0000] {logging_mixin.py:188} INFO - [2026-02-14T16:10:05.560+0000] {dag.py:3089} INFO - Sync 1 DAGs
[2026-02-14T16:10:05.568+0000] {logging_mixin.py:188} INFO - [2026-02-14T16:10:05.568+0000] {dag.py:3947} INFO - Setting next_dagrun for latest_only to 2026-02-14 12:00:00+00:00, run_after=2026-02-14 16:00:00+00:00
[2026-02-14T16:10:05.574+0000] {processor.py:183} INFO - Processing /home/airflow/.local/lib/python3.12/site-packages/airflow/example_dags/example_latest_only.py took 0.027 seconds
[2026-02-14T16:10:36.267+0000] {processor.py:161} INFO - Started process (PID=2861) to work on /home/airflow/.local/lib/python3.12/site-packages/airflow/example_dags/example_latest_only.py
[2026-02-14T16:10:36.267+0000] {processor.py:830} INFO - Processing file /home/airflow/.local/lib/python3.12/site-packages/airflow/example_dags/example_latest_only.py for tasks to queue
[2026-02-14T16:10:36.267+0000] {logging_mixin.py:188} INFO - [2026-02-14T16:10:36.267+0000] {dagbag.py:545} INFO - Filling up the DagBag from /home/airflow/.local/lib/python3.12/site-packages/airflow/example_dags/example_latest_only.py
[2026-02-14T16:10:36.269+0000] {processor.py:840} INFO - DAG(s) 'latest_only' retrieved from /home/airflow/.local/lib/python3.12/site-packages/airflow/example_dags/example_latest_only.py
[2026-02-14T16:10:36.277+0000] {logging_mixin.py:188} INFO - [2026-02-14T16:10:36.277+0000] {dag.py:3089} INFO - Sync 1 DAGs
[2026-02-14T16:10:36.285+0000] {logging_mixin.py:188} INFO - [2026-02-14T16:10:36.285+0000] {dag.py:3947} INFO - Setting next_dagrun for latest_only to 2026-02-14 12:00:00+00:00, run_after=2026-02-14 16:00:00+00:00
[2026-02-14T16:10:36.291+0000] {processor.py:183} INFO - Processing /home/airflow/.local/lib/python3.12/site-packages/airflow/example_dags/example_latest_only.py took 0.027 seconds
[2026-02-14T16:11:06.416+0000] {processor.py:161} INFO - Started process (PID=2920) to work on /home/airflow/.local/lib/python3.12/site-packages/airflow/example_dags/example_latest_only.py
[2026-02-14T16:11:06.416+0000] {processor.py:830} INFO - Processing file /home/airflow/.local/lib/python3.12/site-packages/airflow/example_dags/example_latest_only.py for tasks to queue
[2026-02-14T16:11:06.419+0000] {logging_mixin.py:188} INFO - [2026-02-14T16:11:06.419+0000] {dagbag.py:545} INFO - Filling up the DagBag from /home/airflow/.local/lib/python3.12/site-packages/airflow/example_dags/example_latest_only.py
[2026-02-14T16:11:06.429+0000] {processor.py:840} INFO - DAG(s) 'latest_only' retrieved from /home/airflow/.local/lib/python3.12/site-packages/airflow/example_dags/example_latest_only.py
[2026-02-14T16:11:06.443+0000] {logging_mixin.py:188} INFO - [2026-02-14T16:11:06.443+0000] {dag.py:3089} INFO - Sync 1 DAGs
[2026-02-14T16:11:06.453+0000] {logging_mixin.py:188} INFO - [2026-02-14T16:11:06.453+0000] {dag.py:3947} INFO - Setting next_dagrun for latest_only to 2026-02-14 12:00:00+00:00, run_after=2026-02-14 16:00:00+00:00
[2026-02-14T16:11:06.462+0000] {processor.py:183} INFO - Processing /home/airflow/.local/lib/python3.12/site-packages/airflow/example_dags/example_latest_only.py took 0.049 seconds
[2026-02-14T16:11:37.744+0000] {processor.py:161} INFO - Started process (PID=2979) to work on /home/airflow/.local/lib/python3.12/site-packages/airflow/example_dags/example_latest_only.py
[2026-02-14T16:11:37.746+0000] {processor.py:830} INFO - Processing file /home/airflow/.local/lib/python3.12/site-packages/airflow/example_dags/example_latest_only.py for tasks to queue
[2026-02-14T16:11:37.748+0000] {logging_mixin.py:188} INFO - [2026-02-14T16:11:37.748+0000] {dagbag.py:545} INFO - Filling up the DagBag from /home/airflow/.local/lib/python3.12/site-packages/airflow/example_dags/example_latest_only.py
[2026-02-14T16:11:37.754+0000] {processor.py:840} INFO - DAG(s) 'latest_only' retrieved from /home/airflow/.local/lib/python3.12/site-packages/airflow/example_dags/example_latest_only.py
[2026-02-14T16:11:37.773+0000] {logging_mixin.py:188} INFO - [2026-02-14T16:11:37.773+0000] {dag.py:3089} INFO - Sync 1 DAGs
[2026-02-14T16:11:37.797+0000] {logging_mixin.py:188} INFO - [2026-02-14T16:11:37.797+0000] {dag.py:3947} INFO - Setting next_dagrun for latest_only to 2026-02-14 12:00:00+00:00, run_after=2026-02-14 16:00:00+00:00
[2026-02-14T16:11:37.823+0000] {processor.py:183} INFO - Processing /home/airflow/.local/lib/python3.12/site-packages/airflow/example_dags/example_latest_only.py took 0.084 seconds
[2026-02-14T16:12:08.459+0000] {processor.py:161} INFO - Started process (PID=3038) to work on /home/airflow/.local/lib/python3.12/site-packages/airflow/example_dags/example_latest_only.py
[2026-02-14T16:12:08.459+0000] {processor.py:830} INFO - Processing file /home/airflow/.local/lib/python3.12/site-packages/airflow/example_dags/example_latest_only.py for tasks to queue
[2026-02-14T16:12:08.460+0000] {logging_mixin.py:188} INFO - [2026-02-14T16:12:08.460+0000] {dagbag.py:545} INFO - Filling up the DagBag from /home/airflow/.local/lib/python3.12/site-packages/airflow/example_dags/example_latest_only.py
[2026-02-14T16:12:08.462+0000] {processor.py:840} INFO - DAG(s) 'latest_only' retrieved from /home/airflow/.local/lib/python3.12/site-packages/airflow/example_dags/example_latest_only.py
[2026-02-14T16:12:08.470+0000] {logging_mixin.py:188} INFO - [2026-02-14T16:12:08.470+0000] {dag.py:3089} INFO - Sync 1 DAGs
[2026-02-14T16:12:08.477+0000] {logging_mixin.py:188} INFO - [2026-02-14T16:12:08.477+0000] {dag.py:3947} INFO - Setting next_dagrun for latest_only to 2026-02-14 12:00:00+00:00, run_after=2026-02-14 16:00:00+00:00
[2026-02-14T16:12:08.483+0000] {processor.py:183} INFO - Processing /home/airflow/.local/lib/python3.12/site-packages/airflow/example_dags/example_latest_only.py took 0.028 seconds
[2026-02-14T16:12:38.994+0000] {processor.py:161} INFO - Started process (PID=3097) to work on /home/airflow/.local/lib/python3.12/site-packages/airflow/example_dags/example_latest_only.py
[2026-02-14T16:12:38.994+0000] {processor.py:830} INFO - Processing file /home/airflow/.local/lib/python3.12/site-packages/airflow/example_dags/example_latest_only.py for tasks to queue
[2026-02-14T16:12:38.996+0000] {logging_mixin.py:188} INFO - [2026-02-14T16:12:38.996+0000] {dagbag.py:545} INFO - Filling up the DagBag from /home/airflow/.local/lib/python3.12/site-packages/airflow/example_dags/example_latest_only.py
[2026-02-14T16:12:38.999+0000] {processor.py:840} INFO - DAG(s) 'latest_only' retrieved from /home/airflow/.local/lib/python3.12/site-packages/airflow/example_dags/example_latest_only.py
[2026-02-14T16:12:39.007+0000] {logging_mixin.py:188} INFO - [2026-02-14T16:12:39.007+0000] {dag.py:3089} INFO - Sync 1 DAGs
[2026-02-14T16:12:39.015+0000] {logging_mixin.py:188} INFO - [2026-02-14T16:12:39.015+0000] {dag.py:3947} INFO - Setting next_dagrun for latest_only to 2026-02-14 12:00:00+00:00, run_after=2026-02-14 16:00:00+00:00
[2026-02-14T16:12:39.022+0000] {processor.py:183} INFO - Processing /home/airflow/.local/lib/python3.12/site-packages/airflow/example_dags/example_latest_only.py took 0.030 seconds
[2026-02-14T16:13:09.288+0000] {processor.py:161} INFO - Started process (PID=3156) to work on /home/airflow/.local/lib/python3.12/site-packages/airflow/example_dags/example_latest_only.py
[2026-02-14T16:13:09.288+0000] {processor.py:830} INFO - Processing file /home/airflow/.local/lib/python3.12/site-packages/airflow/example_dags/example_latest_only.py for tasks to queue
[2026-02-14T16:13:09.289+0000] {logging_mixin.py:188} INFO - [2026-02-14T16:13:09.289+0000] {dagbag.py:545} INFO - Filling up the DagBag from /home/airflow/.local/lib/python3.12/site-packages/airflow/example_dags/example_latest_only.py
[2026-02-14T16:13:09.292+0000] {processor.py:840} INFO - DAG(s) 'latest_only' retrieved from /home/airflow/.local/lib/python3.12/site-packages/airflow/example_dags/example_latest_only.py
[2026-02-14T16:13:09.300+0000] {logging_mixin.py:188} INFO - [2026-02-14T16:13:09.300+0000] {dag.py:3089} INFO - Sync 1 DAGs
[2026-02-14T16:13:09.308+0000] {logging_mixin.py:188} INFO - [2026-02-14T16:13:09.307+0000] {dag.py:3947} INFO - Setting next_dagrun for latest_only to 2026-02-14 12:00:00+00:00, run_after=2026-02-14 16:00:00+00:00
[2026-02-14T16:13:09.316+0000] {processor.py:183} INFO - Processing /home/airflow/.local/lib/python3.12/site-packages/airflow/example_dags/example_latest_only.py took 0.030 seconds
[2026-02-14T16:13:39.538+0000] {processor.py:161} INFO - Started process (PID=3215) to work on /home/airflow/.local/lib/python3.12/site-packages/airflow/example_dags/example_latest_only.py
[2026-02-14T16:13:39.539+0000] {processor.py:830} INFO - Processing file /home/airflow/.local/lib/python3.12/site-packages/airflow/example_dags/example_latest_only.py for tasks to queue
[2026-02-14T16:13:39.540+0000] {logging_mixin.py:188} INFO - [2026-02-14T16:13:39.540+0000] {dagbag.py:545} INFO - Filling up the DagBag from /home/airflow/.local/lib/python3.12/site-packages/airflow/example_dags/example_latest_only.py
[2026-02-14T16:13:39.543+0000] {processor.py:840} INFO - DAG(s) 'latest_only' retrieved from /home/airflow/.local/lib/python3.12/site-packages/airflow/example_dags/example_latest_only.py
[2026-02-14T16:13:39.562+0000] {logging_mixin.py:188} INFO - [2026-02-14T16:13:39.562+0000] {dag.py:3089} INFO - Sync 1 DAGs
[2026-02-14T16:13:39.574+0000] {logging_mixin.py:188} INFO - [2026-02-14T16:13:39.573+0000] {dag.py:3947} INFO - Setting next_dagrun for latest_only to 2026-02-14 12:00:00+00:00, run_after=2026-02-14 16:00:00+00:00
[2026-02-14T16:13:39.581+0000] {processor.py:183} INFO - Processing /home/airflow/.local/lib/python3.12/site-packages/airflow/example_dags/example_latest_only.py took 0.045 seconds
[2026-02-14T16:14:10.570+0000] {processor.py:161} INFO - Started process (PID=3274) to work on /home/airflow/.local/lib/python3.12/site-packages/airflow/example_dags/example_latest_only.py
[2026-02-14T16:14:10.570+0000] {processor.py:830} INFO - Processing file /home/airflow/.local/lib/python3.12/site-packages/airflow/example_dags/example_latest_only.py for tasks to queue
[2026-02-14T16:14:10.573+0000] {logging_mixin.py:188} INFO - [2026-02-14T16:14:10.572+0000] {dagbag.py:545} INFO - Filling up the DagBag from /home/airflow/.local/lib/python3.12/site-packages/airflow/example_dags/example_latest_only.py
[2026-02-14T16:14:10.575+0000] {processor.py:840} INFO - DAG(s) 'latest_only' retrieved from /home/airflow/.local/lib/python3.12/site-packages/airflow/example_dags/example_latest_only.py
[2026-02-14T16:14:10.587+0000] {logging_mixin.py:188} INFO - [2026-02-14T16:14:10.586+0000] {dag.py:3089} INFO - Sync 1 DAGs
[2026-02-14T16:14:10.599+0000] {logging_mixin.py:188} INFO - [2026-02-14T16:14:10.599+0000] {dag.py:3947} INFO - Setting next_dagrun for latest_only to 2026-02-14 12:00:00+00:00, run_after=2026-02-14 16:00:00+00:00
[2026-02-14T16:14:10.609+0000] {processor.py:183} INFO - Processing /home/airflow/.local/lib/python3.12/site-packages/airflow/example_dags/example_latest_only.py took 0.043 seconds
[2026-02-14T16:14:40.787+0000] {processor.py:161} INFO - Started process (PID=3333) to work on /home/airflow/.local/lib/python3.12/site-packages/airflow/example_dags/example_latest_only.py
[2026-02-14T16:14:40.787+0000] {processor.py:830} INFO - Processing file /home/airflow/.local/lib/python3.12/site-packages/airflow/example_dags/example_latest_only.py for tasks to queue
[2026-02-14T16:14:40.788+0000] {logging_mixin.py:188} INFO - [2026-02-14T16:14:40.788+0000] {dagbag.py:545} INFO - Filling up the DagBag from /home/airflow/.local/lib/python3.12/site-packages/airflow/example_dags/example_latest_only.py
[2026-02-14T16:14:40.790+0000] {processor.py:840} INFO - DAG(s) 'latest_only' retrieved from /home/airflow/.local/lib/python3.12/site-packages/airflow/example_dags/example_latest_only.py
[2026-02-14T16:14:40.804+0000] {logging_mixin.py:188} INFO - [2026-02-14T16:14:40.804+0000] {dag.py:3089} INFO - Sync 1 DAGs
[2026-02-14T16:14:40.815+0000] {logging_mixin.py:188} INFO - [2026-02-14T16:14:40.815+0000] {dag.py:3947} INFO - Setting next_dagrun for latest_only to 2026-02-14 12:00:00+00:00, run_after=2026-02-14 16:00:00+00:00
[2026-02-14T16:14:40.824+0000] {processor.py:183} INFO - Processing /home/airflow/.local/lib/python3.12/site-packages/airflow/example_dags/example_latest_only.py took 0.040 seconds
[2026-02-14T16:15:11.713+0000] {processor.py:161} INFO - Started process (PID=3392) to work on /home/airflow/.local/lib/python3.12/site-packages/airflow/example_dags/example_latest_only.py
[2026-02-14T16:15:11.714+0000] {processor.py:830} INFO - Processing file /home/airflow/.local/lib/python3.12/site-packages/airflow/example_dags/example_latest_only.py for tasks to queue
[2026-02-14T16:15:11.715+0000] {logging_mixin.py:188} INFO - [2026-02-14T16:15:11.715+0000] {dagbag.py:545} INFO - Filling up the DagBag from /home/airflow/.local/lib/python3.12/site-packages/airflow/example_dags/example_latest_only.py
[2026-02-14T16:15:11.718+0000] {processor.py:840} INFO - DAG(s) 'latest_only' retrieved from /home/airflow/.local/lib/python3.12/site-packages/airflow/example_dags/example_latest_only.py
[2026-02-14T16:15:11.727+0000] {logging_mixin.py:188} INFO - [2026-02-14T16:15:11.727+0000] {dag.py:3089} INFO - Sync 1 DAGs
[2026-02-14T16:15:11.737+0000] {logging_mixin.py:188} INFO - [2026-02-14T16:15:11.737+0000] {dag.py:3947} INFO - Setting next_dagrun for latest_only to 2026-02-14 12:00:00+00:00, run_after=2026-02-14 16:00:00+00:00
[2026-02-14T16:15:11.747+0000] {processor.py:183} INFO - Processing /home/airflow/.local/lib/python3.12/site-packages/airflow/example_dags/example_latest_only.py took 0.037 seconds
[2026-02-14T16:15:42.558+0000] {processor.py:161} INFO - Started process (PID=3457) to work on /home/airflow/.local/lib/python3.12/site-packages/airflow/example_dags/example_latest_only.py
[2026-02-14T16:15:42.559+0000] {processor.py:830} INFO - Processing file /home/airflow/.local/lib/python3.12/site-packages/airflow/example_dags/example_latest_only.py for tasks to queue
[2026-02-14T16:15:42.560+0000] {logging_mixin.py:188} INFO - [2026-02-14T16:15:42.560+0000] {dagbag.py:545} INFO - Filling up the DagBag from /home/airflow/.local/lib/python3.12/site-packages/airflow/example_dags/example_latest_only.py
[2026-02-14T16:15:42.563+0000] {processor.py:840} INFO - DAG(s) 'latest_only' retrieved from /home/airflow/.local/lib/python3.12/site-packages/airflow/example_dags/example_latest_only.py
[2026-02-14T16:15:42.577+0000] {logging_mixin.py:188} INFO - [2026-02-14T16:15:42.576+0000] {dag.py:3089} INFO - Sync 1 DAGs
[2026-02-14T16:15:42.589+0000] {logging_mixin.py:188} INFO - [2026-02-14T16:15:42.589+0000] {dag.py:3947} INFO - Setting next_dagrun for latest_only to 2026-02-14 12:00:00+00:00, run_after=2026-02-14 16:00:00+00:00
[2026-02-14T16:15:42.614+0000] {processor.py:183} INFO - Processing /home/airflow/.local/lib/python3.12/site-packages/airflow/example_dags/example_latest_only.py took 0.060 seconds
[2026-02-14T16:16:13.391+0000] {processor.py:161} INFO - Started process (PID=3516) to work on /home/airflow/.local/lib/python3.12/site-packages/airflow/example_dags/example_latest_only.py
[2026-02-14T16:16:13.391+0000] {processor.py:830} INFO - Processing file /home/airflow/.local/lib/python3.12/site-packages/airflow/example_dags/example_latest_only.py for tasks to queue
[2026-02-14T16:16:13.392+0000] {logging_mixin.py:188} INFO - [2026-02-14T16:16:13.392+0000] {dagbag.py:545} INFO - Filling up the DagBag from /home/airflow/.local/lib/python3.12/site-packages/airflow/example_dags/example_latest_only.py
[2026-02-14T16:16:13.394+0000] {processor.py:840} INFO - DAG(s) 'latest_only' retrieved from /home/airflow/.local/lib/python3.12/site-packages/airflow/example_dags/example_latest_only.py
[2026-02-14T16:16:13.402+0000] {logging_mixin.py:188} INFO - [2026-02-14T16:16:13.402+0000] {dag.py:3089} INFO - Sync 1 DAGs
[2026-02-14T16:16:13.410+0000] {logging_mixin.py:188} INFO - [2026-02-14T16:16:13.410+0000] {dag.py:3947} INFO - Setting next_dagrun for latest_only to 2026-02-14 12:00:00+00:00, run_after=2026-02-14 16:00:00+00:00
[2026-02-14T16:16:13.416+0000] {processor.py:183} INFO - Processing /home/airflow/.local/lib/python3.12/site-packages/airflow/example_dags/example_latest_only.py took 0.027 seconds
[2026-02-14T16:16:43.897+0000] {processor.py:161} INFO - Started process (PID=3575) to work on /home/airflow/.local/lib/python3.12/site-packages/airflow/example_dags/example_latest_only.py
[2026-02-14T16:16:43.899+0000] {processor.py:830} INFO - Processing file /home/airflow/.local/lib/python3.12/site-packages/airflow/example_dags/example_latest_only.py for tasks to queue
[2026-02-14T16:16:43.900+0000] {logging_mixin.py:188} INFO - [2026-02-14T16:16:43.900+0000] {dagbag.py:545} INFO - Filling up the DagBag from /home/airflow/.local/lib/python3.12/site-packages/airflow/example_dags/example_latest_only.py
[2026-02-14T16:16:43.903+0000] {processor.py:840} INFO - DAG(s) 'latest_only' retrieved from /home/airflow/.local/lib/python3.12/site-packages/airflow/example_dags/example_latest_only.py
[2026-02-14T16:16:43.911+0000] {logging_mixin.py:188} INFO - [2026-02-14T16:16:43.911+0000] {dag.py:3089} INFO - Sync 1 DAGs
[2026-02-14T16:16:43.919+0000] {logging_mixin.py:188} INFO - [2026-02-14T16:16:43.919+0000] {dag.py:3947} INFO - Setting next_dagrun for latest_only to 2026-02-14 12:00:00+00:00, run_after=2026-02-14 16:00:00+00:00
[2026-02-14T16:16:43.924+0000] {processor.py:183} INFO - Processing /home/airflow/.local/lib/python3.12/site-packages/airflow/example_dags/example_latest_only.py took 0.030 seconds
[2026-02-14T16:17:14.432+0000] {processor.py:161} INFO - Started process (PID=3634) to work on /home/airflow/.local/lib/python3.12/site-packages/airflow/example_dags/example_latest_only.py
[2026-02-14T16:17:14.433+0000] {processor.py:830} INFO - Processing file /home/airflow/.local/lib/python3.12/site-packages/airflow/example_dags/example_latest_only.py for tasks to queue
[2026-02-14T16:17:14.433+0000] {logging_mixin.py:188} INFO - [2026-02-14T16:17:14.433+0000] {dagbag.py:545} INFO - Filling up the DagBag from /home/airflow/.local/lib/python3.12/site-packages/airflow/example_dags/example_latest_only.py
[2026-02-14T16:17:14.436+0000] {processor.py:840} INFO - DAG(s) 'latest_only' retrieved from /home/airflow/.local/lib/python3.12/site-packages/airflow/example_dags/example_latest_only.py
[2026-02-14T16:17:14.445+0000] {logging_mixin.py:188} INFO - [2026-02-14T16:17:14.445+0000] {dag.py:3089} INFO - Sync 1 DAGs
[2026-02-14T16:17:14.452+0000] {logging_mixin.py:188} INFO - [2026-02-14T16:17:14.452+0000] {dag.py:3947} INFO - Setting next_dagrun for latest_only to 2026-02-14 12:00:00+00:00, run_after=2026-02-14 16:00:00+00:00
[2026-02-14T16:17:14.459+0000] {processor.py:183} INFO - Processing /home/airflow/.local/lib/python3.12/site-packages/airflow/example_dags/example_latest_only.py took 0.029 seconds
[2026-02-14T16:17:45.189+0000] {processor.py:161} INFO - Started process (PID=3693) to work on /home/airflow/.local/lib/python3.12/site-packages/airflow/example_dags/example_latest_only.py
[2026-02-14T16:17:45.190+0000] {processor.py:830} INFO - Processing file /home/airflow/.local/lib/python3.12/site-packages/airflow/example_dags/example_latest_only.py for tasks to queue
[2026-02-14T16:17:45.191+0000] {logging_mixin.py:188} INFO - [2026-02-14T16:17:45.190+0000] {dagbag.py:545} INFO - Filling up the DagBag from /home/airflow/.local/lib/python3.12/site-packages/airflow/example_dags/example_latest_only.py
[2026-02-14T16:17:45.193+0000] {processor.py:840} INFO - DAG(s) 'latest_only' retrieved from /home/airflow/.local/lib/python3.12/site-packages/airflow/example_dags/example_latest_only.py
[2026-02-14T16:17:45.200+0000] {logging_mixin.py:188} INFO - [2026-02-14T16:17:45.200+0000] {dag.py:3089} INFO - Sync 1 DAGs
[2026-02-14T16:17:45.209+0000] {logging_mixin.py:188} INFO - [2026-02-14T16:17:45.209+0000] {dag.py:3947} INFO - Setting next_dagrun for latest_only to 2026-02-14 12:00:00+00:00, run_after=2026-02-14 16:00:00+00:00
[2026-02-14T16:17:45.220+0000] {processor.py:183} INFO - Processing /home/airflow/.local/lib/python3.12/site-packages/airflow/example_dags/example_latest_only.py took 0.033 seconds
[2026-02-14T16:18:15.715+0000] {processor.py:161} INFO - Started process (PID=3752) to work on /home/airflow/.local/lib/python3.12/site-packages/airflow/example_dags/example_latest_only.py
[2026-02-14T16:18:15.716+0000] {processor.py:830} INFO - Processing file /home/airflow/.local/lib/python3.12/site-packages/airflow/example_dags/example_latest_only.py for tasks to queue
[2026-02-14T16:18:15.718+0000] {logging_mixin.py:188} INFO - [2026-02-14T16:18:15.718+0000] {dagbag.py:545} INFO - Filling up the DagBag from /home/airflow/.local/lib/python3.12/site-packages/airflow/example_dags/example_latest_only.py
[2026-02-14T16:18:15.721+0000] {processor.py:840} INFO - DAG(s) 'latest_only' retrieved from /home/airflow/.local/lib/python3.12/site-packages/airflow/example_dags/example_latest_only.py
[2026-02-14T16:18:15.731+0000] {logging_mixin.py:188} INFO - [2026-02-14T16:18:15.731+0000] {dag.py:3089} INFO - Sync 1 DAGs
[2026-02-14T16:18:15.740+0000] {logging_mixin.py:188} INFO - [2026-02-14T16:18:15.740+0000] {dag.py:3947} INFO - Setting next_dagrun for latest_only to 2026-02-14 12:00:00+00:00, run_after=2026-02-14 16:00:00+00:00
[2026-02-14T16:18:15.746+0000] {processor.py:183} INFO - Processing /home/airflow/.local/lib/python3.12/site-packages/airflow/example_dags/example_latest_only.py took 0.034 seconds
[2026-02-14T16:18:46.739+0000] {processor.py:161} INFO - Started process (PID=3811) to work on /home/airflow/.local/lib/python3.12/site-packages/airflow/example_dags/example_latest_only.py
[2026-02-14T16:18:46.739+0000] {processor.py:830} INFO - Processing file /home/airflow/.local/lib/python3.12/site-packages/airflow/example_dags/example_latest_only.py for tasks to queue
[2026-02-14T16:18:46.741+0000] {logging_mixin.py:188} INFO - [2026-02-14T16:18:46.740+0000] {dagbag.py:545} INFO - Filling up the DagBag from /home/airflow/.local/lib/python3.12/site-packages/airflow/example_dags/example_latest_only.py
[2026-02-14T16:18:46.745+0000] {processor.py:840} INFO - DAG(s) 'latest_only' retrieved from /home/airflow/.local/lib/python3.12/site-packages/airflow/example_dags/example_latest_only.py
[2026-02-14T16:18:46.759+0000] {logging_mixin.py:188} INFO - [2026-02-14T16:18:46.759+0000] {dag.py:3089} INFO - Sync 1 DAGs
[2026-02-14T16:18:46.774+0000] {logging_mixin.py:188} INFO - [2026-02-14T16:18:46.774+0000] {dag.py:3947} INFO - Setting next_dagrun for latest_only to 2026-02-14 12:00:00+00:00, run_after=2026-02-14 16:00:00+00:00
[2026-02-14T16:18:46.789+0000] {processor.py:183} INFO - Processing /home/airflow/.local/lib/python3.12/site-packages/airflow/example_dags/example_latest_only.py took 0.057 seconds
[2026-02-14T16:19:17.634+0000] {processor.py:161} INFO - Started process (PID=3870) to work on /home/airflow/.local/lib/python3.12/site-packages/airflow/example_dags/example_latest_only.py
[2026-02-14T16:19:17.635+0000] {processor.py:830} INFO - Processing file /home/airflow/.local/lib/python3.12/site-packages/airflow/example_dags/example_latest_only.py for tasks to queue
[2026-02-14T16:19:17.635+0000] {logging_mixin.py:188} INFO - [2026-02-14T16:19:17.635+0000] {dagbag.py:545} INFO - Filling up the DagBag from /home/airflow/.local/lib/python3.12/site-packages/airflow/example_dags/example_latest_only.py
[2026-02-14T16:19:17.637+0000] {processor.py:840} INFO - DAG(s) 'latest_only' retrieved from /home/airflow/.local/lib/python3.12/site-packages/airflow/example_dags/example_latest_only.py
[2026-02-14T16:19:17.654+0000] {logging_mixin.py:188} INFO - [2026-02-14T16:19:17.654+0000] {dag.py:3089} INFO - Sync 1 DAGs
[2026-02-14T16:19:17.663+0000] {logging_mixin.py:188} INFO - [2026-02-14T16:19:17.663+0000] {dag.py:3947} INFO - Setting next_dagrun for latest_only to 2026-02-14 12:00:00+00:00, run_after=2026-02-14 16:00:00+00:00
[2026-02-14T16:19:17.672+0000] {processor.py:183} INFO - Processing /home/airflow/.local/lib/python3.12/site-packages/airflow/example_dags/example_latest_only.py took 0.041 seconds
[2026-02-14T16:19:48.612+0000] {processor.py:161} INFO - Started process (PID=3929) to work on /home/airflow/.local/lib/python3.12/site-packages/airflow/example_dags/example_latest_only.py
[2026-02-14T16:19:48.613+0000] {processor.py:830} INFO - Processing file /home/airflow/.local/lib/python3.12/site-packages/airflow/example_dags/example_latest_only.py for tasks to queue
[2026-02-14T16:19:48.614+0000] {logging_mixin.py:188} INFO - [2026-02-14T16:19:48.614+0000] {dagbag.py:545} INFO - Filling up the DagBag from /home/airflow/.local/lib/python3.12/site-packages/airflow/example_dags/example_latest_only.py
[2026-02-14T16:19:48.618+0000] {processor.py:840} INFO - DAG(s) 'latest_only' retrieved from /home/airflow/.local/lib/python3.12/site-packages/airflow/example_dags/example_latest_only.py
[2026-02-14T16:19:48.632+0000] {logging_mixin.py:188} INFO - [2026-02-14T16:19:48.632+0000] {dag.py:3089} INFO - Sync 1 DAGs
[2026-02-14T16:19:48.644+0000] {logging_mixin.py:188} INFO - [2026-02-14T16:19:48.644+0000] {dag.py:3947} INFO - Setting next_dagrun for latest_only to 2026-02-14 12:00:00+00:00, run_after=2026-02-14 16:00:00+00:00
[2026-02-14T16:19:48.660+0000] {processor.py:183} INFO - Processing /home/airflow/.local/lib/python3.12/site-packages/airflow/example_dags/example_latest_only.py took 0.051 seconds
[2026-02-14T16:20:19.407+0000] {processor.py:161} INFO - Started process (PID=3988) to work on /home/airflow/.local/lib/python3.12/site-packages/airflow/example_dags/example_latest_only.py
[2026-02-14T16:20:19.408+0000] {processor.py:830} INFO - Processing file /home/airflow/.local/lib/python3.12/site-packages/airflow/example_dags/example_latest_only.py for tasks to queue
[2026-02-14T16:20:19.412+0000] {logging_mixin.py:188} INFO - [2026-02-14T16:20:19.412+0000] {dagbag.py:545} INFO - Filling up the DagBag from /home/airflow/.local/lib/python3.12/site-packages/airflow/example_dags/example_latest_only.py
[2026-02-14T16:20:19.418+0000] {processor.py:840} INFO - DAG(s) 'latest_only' retrieved from /home/airflow/.local/lib/python3.12/site-packages/airflow/example_dags/example_latest_only.py
[2026-02-14T16:20:19.446+0000] {logging_mixin.py:188} INFO - [2026-02-14T16:20:19.446+0000] {dag.py:3089} INFO - Sync 1 DAGs
[2026-02-14T16:20:19.475+0000] {logging_mixin.py:188} INFO - [2026-02-14T16:20:19.475+0000] {dag.py:3947} INFO - Setting next_dagrun for latest_only to 2026-02-14 12:00:00+00:00, run_after=2026-02-14 16:00:00+00:00
[2026-02-14T16:20:19.653+0000] {processor.py:183} INFO - Processing /home/airflow/.local/lib/python3.12/site-packages/airflow/example_dags/example_latest_only.py took 0.248 seconds
[2026-02-14T16:20:50.363+0000] {processor.py:161} INFO - Started process (PID=4047) to work on /home/airflow/.local/lib/python3.12/site-packages/airflow/example_dags/example_latest_only.py
[2026-02-14T16:20:50.364+0000] {processor.py:830} INFO - Processing file /home/airflow/.local/lib/python3.12/site-packages/airflow/example_dags/example_latest_only.py for tasks to queue
[2026-02-14T16:20:50.365+0000] {logging_mixin.py:188} INFO - [2026-02-14T16:20:50.365+0000] {dagbag.py:545} INFO - Filling up the DagBag from /home/airflow/.local/lib/python3.12/site-packages/airflow/example_dags/example_latest_only.py
[2026-02-14T16:20:50.369+0000] {processor.py:840} INFO - DAG(s) 'latest_only' retrieved from /home/airflow/.local/lib/python3.12/site-packages/airflow/example_dags/example_latest_only.py
[2026-02-14T16:20:50.377+0000] {logging_mixin.py:188} INFO - [2026-02-14T16:20:50.377+0000] {dag.py:3089} INFO - Sync 1 DAGs
[2026-02-14T16:20:50.385+0000] {logging_mixin.py:188} INFO - [2026-02-14T16:20:50.385+0000] {dag.py:3947} INFO - Setting next_dagrun for latest_only to 2026-02-14 12:00:00+00:00, run_after=2026-02-14 16:00:00+00:00
[2026-02-14T16:20:50.393+0000] {processor.py:183} INFO - Processing /home/airflow/.local/lib/python3.12/site-packages/airflow/example_dags/example_latest_only.py took 0.032 seconds
[2026-02-14T16:21:20.801+0000] {processor.py:161} INFO - Started process (PID=4106) to work on /home/airflow/.local/lib/python3.12/site-packages/airflow/example_dags/example_latest_only.py
[2026-02-14T16:21:20.801+0000] {processor.py:830} INFO - Processing file /home/airflow/.local/lib/python3.12/site-packages/airflow/example_dags/example_latest_only.py for tasks to queue
[2026-02-14T16:21:20.803+0000] {logging_mixin.py:188} INFO - [2026-02-14T16:21:20.803+0000] {dagbag.py:545} INFO - Filling up the DagBag from /home/airflow/.local/lib/python3.12/site-packages/airflow/example_dags/example_latest_only.py
[2026-02-14T16:21:20.805+0000] {processor.py:840} INFO - DAG(s) 'latest_only' retrieved from /home/airflow/.local/lib/python3.12/site-packages/airflow/example_dags/example_latest_only.py
[2026-02-14T16:21:20.817+0000] {logging_mixin.py:188} INFO - [2026-02-14T16:21:20.817+0000] {dag.py:3089} INFO - Sync 1 DAGs
[2026-02-14T16:21:20.827+0000] {logging_mixin.py:188} INFO - [2026-02-14T16:21:20.827+0000] {dag.py:3947} INFO - Setting next_dagrun for latest_only to 2026-02-14 12:00:00+00:00, run_after=2026-02-14 16:00:00+00:00
[2026-02-14T16:21:20.833+0000] {processor.py:183} INFO - Processing /home/airflow/.local/lib/python3.12/site-packages/airflow/example_dags/example_latest_only.py took 0.035 seconds
