[2026-02-14T15:46:38.176+0000] {processor.py:161} INFO - Started process (PID=65) to work on /home/airflow/.local/lib/python3.12/site-packages/airflow/example_dags/example_short_circuit_decorator.py
[2026-02-14T15:46:38.178+0000] {processor.py:830} INFO - Processing file /home/airflow/.local/lib/python3.12/site-packages/airflow/example_dags/example_short_circuit_decorator.py for tasks to queue
[2026-02-14T15:46:38.182+0000] {logging_mixin.py:188} INFO - [2026-02-14T15:46:38.181+0000] {dagbag.py:545} INFO - Filling up the DagBag from /home/airflow/.local/lib/python3.12/site-packages/airflow/example_dags/example_short_circuit_decorator.py
[2026-02-14T15:46:38.197+0000] {processor.py:840} INFO - DAG(s) 'example_short_circuit_decorator' retrieved from /home/airflow/.local/lib/python3.12/site-packages/airflow/example_dags/example_short_circuit_decorator.py
[2026-02-14T15:46:38.208+0000] {logging_mixin.py:188} INFO - [2026-02-14T15:46:38.208+0000] {dag.py:3089} INFO - Sync 1 DAGs
[2026-02-14T15:46:38.223+0000] {logging_mixin.py:188} INFO - [2026-02-14T15:46:38.223+0000] {dag.py:3947} INFO - Setting next_dagrun for example_short_circuit_decorator to 2026-02-13 00:00:00+00:00, run_after=2026-02-14 00:00:00+00:00
[2026-02-14T15:46:38.234+0000] {processor.py:183} INFO - Processing /home/airflow/.local/lib/python3.12/site-packages/airflow/example_dags/example_short_circuit_decorator.py took 0.064 seconds
[2026-02-14T15:47:09.001+0000] {processor.py:161} INFO - Started process (PID=130) to work on /home/airflow/.local/lib/python3.12/site-packages/airflow/example_dags/example_short_circuit_decorator.py
[2026-02-14T15:47:09.001+0000] {processor.py:830} INFO - Processing file /home/airflow/.local/lib/python3.12/site-packages/airflow/example_dags/example_short_circuit_decorator.py for tasks to queue
[2026-02-14T15:47:09.002+0000] {logging_mixin.py:188} INFO - [2026-02-14T15:47:09.002+0000] {dagbag.py:545} INFO - Filling up the DagBag from /home/airflow/.local/lib/python3.12/site-packages/airflow/example_dags/example_short_circuit_decorator.py
[2026-02-14T15:47:09.005+0000] {processor.py:840} INFO - DAG(s) 'example_short_circuit_decorator' retrieved from /home/airflow/.local/lib/python3.12/site-packages/airflow/example_dags/example_short_circuit_decorator.py
[2026-02-14T15:47:09.045+0000] {logging_mixin.py:188} INFO - [2026-02-14T15:47:09.045+0000] {dag.py:3089} INFO - Sync 1 DAGs
[2026-02-14T15:47:09.052+0000] {logging_mixin.py:188} INFO - [2026-02-14T15:47:09.052+0000] {dag.py:3947} INFO - Setting next_dagrun for example_short_circuit_decorator to 2026-02-13 00:00:00+00:00, run_after=2026-02-14 00:00:00+00:00
[2026-02-14T15:47:09.057+0000] {processor.py:183} INFO - Processing /home/airflow/.local/lib/python3.12/site-packages/airflow/example_dags/example_short_circuit_decorator.py took 0.059 seconds
[2026-02-14T15:47:39.940+0000] {processor.py:161} INFO - Started process (PID=189) to work on /home/airflow/.local/lib/python3.12/site-packages/airflow/example_dags/example_short_circuit_decorator.py
[2026-02-14T15:47:39.940+0000] {processor.py:830} INFO - Processing file /home/airflow/.local/lib/python3.12/site-packages/airflow/example_dags/example_short_circuit_decorator.py for tasks to queue
[2026-02-14T15:47:39.941+0000] {logging_mixin.py:188} INFO - [2026-02-14T15:47:39.941+0000] {dagbag.py:545} INFO - Filling up the DagBag from /home/airflow/.local/lib/python3.12/site-packages/airflow/example_dags/example_short_circuit_decorator.py
[2026-02-14T15:47:39.946+0000] {processor.py:840} INFO - DAG(s) 'example_short_circuit_decorator' retrieved from /home/airflow/.local/lib/python3.12/site-packages/airflow/example_dags/example_short_circuit_decorator.py
[2026-02-14T15:47:39.954+0000] {logging_mixin.py:188} INFO - [2026-02-14T15:47:39.954+0000] {dag.py:3089} INFO - Sync 1 DAGs
[2026-02-14T15:47:39.962+0000] {logging_mixin.py:188} INFO - [2026-02-14T15:47:39.962+0000] {dag.py:3947} INFO - Setting next_dagrun for example_short_circuit_decorator to 2026-02-13 00:00:00+00:00, run_after=2026-02-14 00:00:00+00:00
[2026-02-14T15:47:39.969+0000] {processor.py:183} INFO - Processing /home/airflow/.local/lib/python3.12/site-packages/airflow/example_dags/example_short_circuit_decorator.py took 0.031 seconds
[2026-02-14T15:48:10.529+0000] {processor.py:161} INFO - Started process (PID=248) to work on /home/airflow/.local/lib/python3.12/site-packages/airflow/example_dags/example_short_circuit_decorator.py
[2026-02-14T15:48:10.530+0000] {processor.py:830} INFO - Processing file /home/airflow/.local/lib/python3.12/site-packages/airflow/example_dags/example_short_circuit_decorator.py for tasks to queue
[2026-02-14T15:48:10.531+0000] {logging_mixin.py:188} INFO - [2026-02-14T15:48:10.530+0000] {dagbag.py:545} INFO - Filling up the DagBag from /home/airflow/.local/lib/python3.12/site-packages/airflow/example_dags/example_short_circuit_decorator.py
[2026-02-14T15:48:10.534+0000] {processor.py:840} INFO - DAG(s) 'example_short_circuit_decorator' retrieved from /home/airflow/.local/lib/python3.12/site-packages/airflow/example_dags/example_short_circuit_decorator.py
[2026-02-14T15:48:10.541+0000] {logging_mixin.py:188} INFO - [2026-02-14T15:48:10.541+0000] {dag.py:3089} INFO - Sync 1 DAGs
[2026-02-14T15:48:10.549+0000] {logging_mixin.py:188} INFO - [2026-02-14T15:48:10.548+0000] {dag.py:3947} INFO - Setting next_dagrun for example_short_circuit_decorator to 2026-02-13 00:00:00+00:00, run_after=2026-02-14 00:00:00+00:00
[2026-02-14T15:48:10.556+0000] {processor.py:183} INFO - Processing /home/airflow/.local/lib/python3.12/site-packages/airflow/example_dags/example_short_circuit_decorator.py took 0.029 seconds
[2026-02-14T15:48:41.131+0000] {processor.py:161} INFO - Started process (PID=307) to work on /home/airflow/.local/lib/python3.12/site-packages/airflow/example_dags/example_short_circuit_decorator.py
[2026-02-14T15:48:41.132+0000] {processor.py:830} INFO - Processing file /home/airflow/.local/lib/python3.12/site-packages/airflow/example_dags/example_short_circuit_decorator.py for tasks to queue
[2026-02-14T15:48:41.132+0000] {logging_mixin.py:188} INFO - [2026-02-14T15:48:41.132+0000] {dagbag.py:545} INFO - Filling up the DagBag from /home/airflow/.local/lib/python3.12/site-packages/airflow/example_dags/example_short_circuit_decorator.py
[2026-02-14T15:48:41.137+0000] {processor.py:840} INFO - DAG(s) 'example_short_circuit_decorator' retrieved from /home/airflow/.local/lib/python3.12/site-packages/airflow/example_dags/example_short_circuit_decorator.py
[2026-02-14T15:48:41.146+0000] {logging_mixin.py:188} INFO - [2026-02-14T15:48:41.146+0000] {dag.py:3089} INFO - Sync 1 DAGs
[2026-02-14T15:48:41.153+0000] {logging_mixin.py:188} INFO - [2026-02-14T15:48:41.153+0000] {dag.py:3947} INFO - Setting next_dagrun for example_short_circuit_decorator to 2026-02-13 00:00:00+00:00, run_after=2026-02-14 00:00:00+00:00
[2026-02-14T15:48:41.159+0000] {processor.py:183} INFO - Processing /home/airflow/.local/lib/python3.12/site-packages/airflow/example_dags/example_short_circuit_decorator.py took 0.031 seconds
[2026-02-14T15:49:11.773+0000] {processor.py:161} INFO - Started process (PID=366) to work on /home/airflow/.local/lib/python3.12/site-packages/airflow/example_dags/example_short_circuit_decorator.py
[2026-02-14T15:49:11.773+0000] {processor.py:830} INFO - Processing file /home/airflow/.local/lib/python3.12/site-packages/airflow/example_dags/example_short_circuit_decorator.py for tasks to queue
[2026-02-14T15:49:11.774+0000] {logging_mixin.py:188} INFO - [2026-02-14T15:49:11.774+0000] {dagbag.py:545} INFO - Filling up the DagBag from /home/airflow/.local/lib/python3.12/site-packages/airflow/example_dags/example_short_circuit_decorator.py
[2026-02-14T15:49:11.777+0000] {processor.py:840} INFO - DAG(s) 'example_short_circuit_decorator' retrieved from /home/airflow/.local/lib/python3.12/site-packages/airflow/example_dags/example_short_circuit_decorator.py
[2026-02-14T15:49:11.789+0000] {logging_mixin.py:188} INFO - [2026-02-14T15:49:11.788+0000] {dag.py:3089} INFO - Sync 1 DAGs
[2026-02-14T15:49:11.797+0000] {logging_mixin.py:188} INFO - [2026-02-14T15:49:11.797+0000] {dag.py:3947} INFO - Setting next_dagrun for example_short_circuit_decorator to 2026-02-13 00:00:00+00:00, run_after=2026-02-14 00:00:00+00:00
[2026-02-14T15:49:11.805+0000] {processor.py:183} INFO - Processing /home/airflow/.local/lib/python3.12/site-packages/airflow/example_dags/example_short_circuit_decorator.py took 0.034 seconds
[2026-02-14T15:49:42.177+0000] {processor.py:161} INFO - Started process (PID=425) to work on /home/airflow/.local/lib/python3.12/site-packages/airflow/example_dags/example_short_circuit_decorator.py
[2026-02-14T15:49:42.178+0000] {processor.py:830} INFO - Processing file /home/airflow/.local/lib/python3.12/site-packages/airflow/example_dags/example_short_circuit_decorator.py for tasks to queue
[2026-02-14T15:49:42.178+0000] {logging_mixin.py:188} INFO - [2026-02-14T15:49:42.178+0000] {dagbag.py:545} INFO - Filling up the DagBag from /home/airflow/.local/lib/python3.12/site-packages/airflow/example_dags/example_short_circuit_decorator.py
[2026-02-14T15:49:42.182+0000] {processor.py:840} INFO - DAG(s) 'example_short_circuit_decorator' retrieved from /home/airflow/.local/lib/python3.12/site-packages/airflow/example_dags/example_short_circuit_decorator.py
[2026-02-14T15:49:42.192+0000] {logging_mixin.py:188} INFO - [2026-02-14T15:49:42.192+0000] {dag.py:3089} INFO - Sync 1 DAGs
[2026-02-14T15:49:42.200+0000] {logging_mixin.py:188} INFO - [2026-02-14T15:49:42.200+0000] {dag.py:3947} INFO - Setting next_dagrun for example_short_circuit_decorator to 2026-02-13 00:00:00+00:00, run_after=2026-02-14 00:00:00+00:00
[2026-02-14T15:49:42.206+0000] {processor.py:183} INFO - Processing /home/airflow/.local/lib/python3.12/site-packages/airflow/example_dags/example_short_circuit_decorator.py took 0.031 seconds
[2026-02-14T15:50:12.574+0000] {processor.py:161} INFO - Started process (PID=484) to work on /home/airflow/.local/lib/python3.12/site-packages/airflow/example_dags/example_short_circuit_decorator.py
[2026-02-14T15:50:12.575+0000] {processor.py:830} INFO - Processing file /home/airflow/.local/lib/python3.12/site-packages/airflow/example_dags/example_short_circuit_decorator.py for tasks to queue
[2026-02-14T15:50:12.575+0000] {logging_mixin.py:188} INFO - [2026-02-14T15:50:12.575+0000] {dagbag.py:545} INFO - Filling up the DagBag from /home/airflow/.local/lib/python3.12/site-packages/airflow/example_dags/example_short_circuit_decorator.py
[2026-02-14T15:50:12.580+0000] {processor.py:840} INFO - DAG(s) 'example_short_circuit_decorator' retrieved from /home/airflow/.local/lib/python3.12/site-packages/airflow/example_dags/example_short_circuit_decorator.py
[2026-02-14T15:50:12.589+0000] {logging_mixin.py:188} INFO - [2026-02-14T15:50:12.589+0000] {dag.py:3089} INFO - Sync 1 DAGs
[2026-02-14T15:50:12.598+0000] {logging_mixin.py:188} INFO - [2026-02-14T15:50:12.598+0000] {dag.py:3947} INFO - Setting next_dagrun for example_short_circuit_decorator to 2026-02-13 00:00:00+00:00, run_after=2026-02-14 00:00:00+00:00
[2026-02-14T15:50:12.606+0000] {processor.py:183} INFO - Processing /home/airflow/.local/lib/python3.12/site-packages/airflow/example_dags/example_short_circuit_decorator.py took 0.034 seconds
[2026-02-14T15:50:43.006+0000] {processor.py:161} INFO - Started process (PID=543) to work on /home/airflow/.local/lib/python3.12/site-packages/airflow/example_dags/example_short_circuit_decorator.py
[2026-02-14T15:50:43.007+0000] {processor.py:830} INFO - Processing file /home/airflow/.local/lib/python3.12/site-packages/airflow/example_dags/example_short_circuit_decorator.py for tasks to queue
[2026-02-14T15:50:43.008+0000] {logging_mixin.py:188} INFO - [2026-02-14T15:50:43.008+0000] {dagbag.py:545} INFO - Filling up the DagBag from /home/airflow/.local/lib/python3.12/site-packages/airflow/example_dags/example_short_circuit_decorator.py
[2026-02-14T15:50:43.012+0000] {processor.py:840} INFO - DAG(s) 'example_short_circuit_decorator' retrieved from /home/airflow/.local/lib/python3.12/site-packages/airflow/example_dags/example_short_circuit_decorator.py
[2026-02-14T15:50:43.024+0000] {logging_mixin.py:188} INFO - [2026-02-14T15:50:43.024+0000] {dag.py:3089} INFO - Sync 1 DAGs
[2026-02-14T15:50:43.032+0000] {logging_mixin.py:188} INFO - [2026-02-14T15:50:43.032+0000] {dag.py:3947} INFO - Setting next_dagrun for example_short_circuit_decorator to 2026-02-13 00:00:00+00:00, run_after=2026-02-14 00:00:00+00:00
[2026-02-14T15:50:43.041+0000] {processor.py:183} INFO - Processing /home/airflow/.local/lib/python3.12/site-packages/airflow/example_dags/example_short_circuit_decorator.py took 0.037 seconds
[2026-02-14T15:51:13.753+0000] {processor.py:161} INFO - Started process (PID=602) to work on /home/airflow/.local/lib/python3.12/site-packages/airflow/example_dags/example_short_circuit_decorator.py
[2026-02-14T15:51:13.754+0000] {processor.py:830} INFO - Processing file /home/airflow/.local/lib/python3.12/site-packages/airflow/example_dags/example_short_circuit_decorator.py for tasks to queue
[2026-02-14T15:51:13.755+0000] {logging_mixin.py:188} INFO - [2026-02-14T15:51:13.755+0000] {dagbag.py:545} INFO - Filling up the DagBag from /home/airflow/.local/lib/python3.12/site-packages/airflow/example_dags/example_short_circuit_decorator.py
[2026-02-14T15:51:13.760+0000] {processor.py:840} INFO - DAG(s) 'example_short_circuit_decorator' retrieved from /home/airflow/.local/lib/python3.12/site-packages/airflow/example_dags/example_short_circuit_decorator.py
[2026-02-14T15:51:13.771+0000] {logging_mixin.py:188} INFO - [2026-02-14T15:51:13.771+0000] {dag.py:3089} INFO - Sync 1 DAGs
[2026-02-14T15:51:13.781+0000] {logging_mixin.py:188} INFO - [2026-02-14T15:51:13.781+0000] {dag.py:3947} INFO - Setting next_dagrun for example_short_circuit_decorator to 2026-02-13 00:00:00+00:00, run_after=2026-02-14 00:00:00+00:00
[2026-02-14T15:51:13.790+0000] {processor.py:183} INFO - Processing /home/airflow/.local/lib/python3.12/site-packages/airflow/example_dags/example_short_circuit_decorator.py took 0.040 seconds
[2026-02-14T15:51:44.237+0000] {processor.py:161} INFO - Started process (PID=661) to work on /home/airflow/.local/lib/python3.12/site-packages/airflow/example_dags/example_short_circuit_decorator.py
[2026-02-14T15:51:44.237+0000] {processor.py:830} INFO - Processing file /home/airflow/.local/lib/python3.12/site-packages/airflow/example_dags/example_short_circuit_decorator.py for tasks to queue
[2026-02-14T15:51:44.239+0000] {logging_mixin.py:188} INFO - [2026-02-14T15:51:44.238+0000] {dagbag.py:545} INFO - Filling up the DagBag from /home/airflow/.local/lib/python3.12/site-packages/airflow/example_dags/example_short_circuit_decorator.py
[2026-02-14T15:51:44.242+0000] {processor.py:840} INFO - DAG(s) 'example_short_circuit_decorator' retrieved from /home/airflow/.local/lib/python3.12/site-packages/airflow/example_dags/example_short_circuit_decorator.py
[2026-02-14T15:51:44.254+0000] {logging_mixin.py:188} INFO - [2026-02-14T15:51:44.254+0000] {dag.py:3089} INFO - Sync 1 DAGs
[2026-02-14T15:51:44.262+0000] {logging_mixin.py:188} INFO - [2026-02-14T15:51:44.262+0000] {dag.py:3947} INFO - Setting next_dagrun for example_short_circuit_decorator to 2026-02-13 00:00:00+00:00, run_after=2026-02-14 00:00:00+00:00
[2026-02-14T15:51:44.267+0000] {processor.py:183} INFO - Processing /home/airflow/.local/lib/python3.12/site-packages/airflow/example_dags/example_short_circuit_decorator.py took 0.032 seconds
[2026-02-14T15:52:14.702+0000] {processor.py:161} INFO - Started process (PID=720) to work on /home/airflow/.local/lib/python3.12/site-packages/airflow/example_dags/example_short_circuit_decorator.py
[2026-02-14T15:52:14.703+0000] {processor.py:830} INFO - Processing file /home/airflow/.local/lib/python3.12/site-packages/airflow/example_dags/example_short_circuit_decorator.py for tasks to queue
[2026-02-14T15:52:14.705+0000] {logging_mixin.py:188} INFO - [2026-02-14T15:52:14.704+0000] {dagbag.py:545} INFO - Filling up the DagBag from /home/airflow/.local/lib/python3.12/site-packages/airflow/example_dags/example_short_circuit_decorator.py
[2026-02-14T15:52:14.709+0000] {processor.py:840} INFO - DAG(s) 'example_short_circuit_decorator' retrieved from /home/airflow/.local/lib/python3.12/site-packages/airflow/example_dags/example_short_circuit_decorator.py
[2026-02-14T15:52:14.721+0000] {logging_mixin.py:188} INFO - [2026-02-14T15:52:14.721+0000] {dag.py:3089} INFO - Sync 1 DAGs
[2026-02-14T15:52:14.729+0000] {logging_mixin.py:188} INFO - [2026-02-14T15:52:14.729+0000] {dag.py:3947} INFO - Setting next_dagrun for example_short_circuit_decorator to 2026-02-13 00:00:00+00:00, run_after=2026-02-14 00:00:00+00:00
[2026-02-14T15:52:14.736+0000] {processor.py:183} INFO - Processing /home/airflow/.local/lib/python3.12/site-packages/airflow/example_dags/example_short_circuit_decorator.py took 0.036 seconds
[2026-02-14T15:52:45.129+0000] {processor.py:161} INFO - Started process (PID=779) to work on /home/airflow/.local/lib/python3.12/site-packages/airflow/example_dags/example_short_circuit_decorator.py
[2026-02-14T15:52:45.130+0000] {processor.py:830} INFO - Processing file /home/airflow/.local/lib/python3.12/site-packages/airflow/example_dags/example_short_circuit_decorator.py for tasks to queue
[2026-02-14T15:52:45.131+0000] {logging_mixin.py:188} INFO - [2026-02-14T15:52:45.131+0000] {dagbag.py:545} INFO - Filling up the DagBag from /home/airflow/.local/lib/python3.12/site-packages/airflow/example_dags/example_short_circuit_decorator.py
[2026-02-14T15:52:45.135+0000] {processor.py:840} INFO - DAG(s) 'example_short_circuit_decorator' retrieved from /home/airflow/.local/lib/python3.12/site-packages/airflow/example_dags/example_short_circuit_decorator.py
[2026-02-14T15:52:45.146+0000] {logging_mixin.py:188} INFO - [2026-02-14T15:52:45.146+0000] {dag.py:3089} INFO - Sync 1 DAGs
[2026-02-14T15:52:45.154+0000] {logging_mixin.py:188} INFO - [2026-02-14T15:52:45.154+0000] {dag.py:3947} INFO - Setting next_dagrun for example_short_circuit_decorator to 2026-02-13 00:00:00+00:00, run_after=2026-02-14 00:00:00+00:00
[2026-02-14T15:52:45.162+0000] {processor.py:183} INFO - Processing /home/airflow/.local/lib/python3.12/site-packages/airflow/example_dags/example_short_circuit_decorator.py took 0.035 seconds
[2026-02-14T15:53:15.471+0000] {processor.py:161} INFO - Started process (PID=838) to work on /home/airflow/.local/lib/python3.12/site-packages/airflow/example_dags/example_short_circuit_decorator.py
[2026-02-14T15:53:15.472+0000] {processor.py:830} INFO - Processing file /home/airflow/.local/lib/python3.12/site-packages/airflow/example_dags/example_short_circuit_decorator.py for tasks to queue
[2026-02-14T15:53:15.473+0000] {logging_mixin.py:188} INFO - [2026-02-14T15:53:15.473+0000] {dagbag.py:545} INFO - Filling up the DagBag from /home/airflow/.local/lib/python3.12/site-packages/airflow/example_dags/example_short_circuit_decorator.py
[2026-02-14T15:53:15.476+0000] {processor.py:840} INFO - DAG(s) 'example_short_circuit_decorator' retrieved from /home/airflow/.local/lib/python3.12/site-packages/airflow/example_dags/example_short_circuit_decorator.py
[2026-02-14T15:53:15.486+0000] {logging_mixin.py:188} INFO - [2026-02-14T15:53:15.486+0000] {dag.py:3089} INFO - Sync 1 DAGs
[2026-02-14T15:53:15.494+0000] {logging_mixin.py:188} INFO - [2026-02-14T15:53:15.493+0000] {dag.py:3947} INFO - Setting next_dagrun for example_short_circuit_decorator to 2026-02-13 00:00:00+00:00, run_after=2026-02-14 00:00:00+00:00
[2026-02-14T15:53:15.499+0000] {processor.py:183} INFO - Processing /home/airflow/.local/lib/python3.12/site-packages/airflow/example_dags/example_short_circuit_decorator.py took 0.030 seconds
[2026-02-14T15:53:45.815+0000] {processor.py:161} INFO - Started process (PID=897) to work on /home/airflow/.local/lib/python3.12/site-packages/airflow/example_dags/example_short_circuit_decorator.py
[2026-02-14T15:53:45.816+0000] {processor.py:830} INFO - Processing file /home/airflow/.local/lib/python3.12/site-packages/airflow/example_dags/example_short_circuit_decorator.py for tasks to queue
[2026-02-14T15:53:45.817+0000] {logging_mixin.py:188} INFO - [2026-02-14T15:53:45.816+0000] {dagbag.py:545} INFO - Filling up the DagBag from /home/airflow/.local/lib/python3.12/site-packages/airflow/example_dags/example_short_circuit_decorator.py
[2026-02-14T15:53:45.820+0000] {processor.py:840} INFO - DAG(s) 'example_short_circuit_decorator' retrieved from /home/airflow/.local/lib/python3.12/site-packages/airflow/example_dags/example_short_circuit_decorator.py
[2026-02-14T15:53:45.830+0000] {logging_mixin.py:188} INFO - [2026-02-14T15:53:45.830+0000] {dag.py:3089} INFO - Sync 1 DAGs
[2026-02-14T15:53:45.837+0000] {logging_mixin.py:188} INFO - [2026-02-14T15:53:45.836+0000] {dag.py:3947} INFO - Setting next_dagrun for example_short_circuit_decorator to 2026-02-13 00:00:00+00:00, run_after=2026-02-14 00:00:00+00:00
[2026-02-14T15:53:45.844+0000] {processor.py:183} INFO - Processing /home/airflow/.local/lib/python3.12/site-packages/airflow/example_dags/example_short_circuit_decorator.py took 0.031 seconds
[2026-02-14T15:54:16.241+0000] {processor.py:161} INFO - Started process (PID=956) to work on /home/airflow/.local/lib/python3.12/site-packages/airflow/example_dags/example_short_circuit_decorator.py
[2026-02-14T15:54:16.241+0000] {processor.py:830} INFO - Processing file /home/airflow/.local/lib/python3.12/site-packages/airflow/example_dags/example_short_circuit_decorator.py for tasks to queue
[2026-02-14T15:54:16.242+0000] {logging_mixin.py:188} INFO - [2026-02-14T15:54:16.242+0000] {dagbag.py:545} INFO - Filling up the DagBag from /home/airflow/.local/lib/python3.12/site-packages/airflow/example_dags/example_short_circuit_decorator.py
[2026-02-14T15:54:16.246+0000] {processor.py:840} INFO - DAG(s) 'example_short_circuit_decorator' retrieved from /home/airflow/.local/lib/python3.12/site-packages/airflow/example_dags/example_short_circuit_decorator.py
[2026-02-14T15:54:16.256+0000] {logging_mixin.py:188} INFO - [2026-02-14T15:54:16.256+0000] {dag.py:3089} INFO - Sync 1 DAGs
[2026-02-14T15:54:16.263+0000] {logging_mixin.py:188} INFO - [2026-02-14T15:54:16.263+0000] {dag.py:3947} INFO - Setting next_dagrun for example_short_circuit_decorator to 2026-02-13 00:00:00+00:00, run_after=2026-02-14 00:00:00+00:00
[2026-02-14T15:54:16.269+0000] {processor.py:183} INFO - Processing /home/airflow/.local/lib/python3.12/site-packages/airflow/example_dags/example_short_circuit_decorator.py took 0.031 seconds
[2026-02-14T15:54:46.766+0000] {processor.py:161} INFO - Started process (PID=1015) to work on /home/airflow/.local/lib/python3.12/site-packages/airflow/example_dags/example_short_circuit_decorator.py
[2026-02-14T15:54:46.768+0000] {processor.py:830} INFO - Processing file /home/airflow/.local/lib/python3.12/site-packages/airflow/example_dags/example_short_circuit_decorator.py for tasks to queue
[2026-02-14T15:54:46.768+0000] {logging_mixin.py:188} INFO - [2026-02-14T15:54:46.768+0000] {dagbag.py:545} INFO - Filling up the DagBag from /home/airflow/.local/lib/python3.12/site-packages/airflow/example_dags/example_short_circuit_decorator.py
[2026-02-14T15:54:46.772+0000] {processor.py:840} INFO - DAG(s) 'example_short_circuit_decorator' retrieved from /home/airflow/.local/lib/python3.12/site-packages/airflow/example_dags/example_short_circuit_decorator.py
[2026-02-14T15:54:46.780+0000] {logging_mixin.py:188} INFO - [2026-02-14T15:54:46.780+0000] {dag.py:3089} INFO - Sync 1 DAGs
[2026-02-14T15:54:46.788+0000] {logging_mixin.py:188} INFO - [2026-02-14T15:54:46.788+0000] {dag.py:3947} INFO - Setting next_dagrun for example_short_circuit_decorator to 2026-02-13 00:00:00+00:00, run_after=2026-02-14 00:00:00+00:00
[2026-02-14T15:54:46.794+0000] {processor.py:183} INFO - Processing /home/airflow/.local/lib/python3.12/site-packages/airflow/example_dags/example_short_circuit_decorator.py took 0.030 seconds
[2026-02-14T15:55:18.103+0000] {processor.py:161} INFO - Started process (PID=1074) to work on /home/airflow/.local/lib/python3.12/site-packages/airflow/example_dags/example_short_circuit_decorator.py
[2026-02-14T15:55:18.105+0000] {processor.py:830} INFO - Processing file /home/airflow/.local/lib/python3.12/site-packages/airflow/example_dags/example_short_circuit_decorator.py for tasks to queue
[2026-02-14T15:55:18.110+0000] {logging_mixin.py:188} INFO - [2026-02-14T15:55:18.109+0000] {dagbag.py:545} INFO - Filling up the DagBag from /home/airflow/.local/lib/python3.12/site-packages/airflow/example_dags/example_short_circuit_decorator.py
[2026-02-14T15:55:18.121+0000] {processor.py:840} INFO - DAG(s) 'example_short_circuit_decorator' retrieved from /home/airflow/.local/lib/python3.12/site-packages/airflow/example_dags/example_short_circuit_decorator.py
[2026-02-14T15:55:18.170+0000] {logging_mixin.py:188} INFO - [2026-02-14T15:55:18.167+0000] {dag.py:3089} INFO - Sync 1 DAGs
[2026-02-14T15:55:18.207+0000] {logging_mixin.py:188} INFO - [2026-02-14T15:55:18.207+0000] {dag.py:3947} INFO - Setting next_dagrun for example_short_circuit_decorator to 2026-02-13 00:00:00+00:00, run_after=2026-02-14 00:00:00+00:00
[2026-02-14T15:55:18.255+0000] {processor.py:183} INFO - Processing /home/airflow/.local/lib/python3.12/site-packages/airflow/example_dags/example_short_circuit_decorator.py took 0.159 seconds
[2026-02-14T15:55:48.733+0000] {processor.py:161} INFO - Started process (PID=1132) to work on /home/airflow/.local/lib/python3.12/site-packages/airflow/example_dags/example_short_circuit_decorator.py
[2026-02-14T15:55:48.734+0000] {processor.py:830} INFO - Processing file /home/airflow/.local/lib/python3.12/site-packages/airflow/example_dags/example_short_circuit_decorator.py for tasks to queue
[2026-02-14T15:55:48.735+0000] {logging_mixin.py:188} INFO - [2026-02-14T15:55:48.735+0000] {dagbag.py:545} INFO - Filling up the DagBag from /home/airflow/.local/lib/python3.12/site-packages/airflow/example_dags/example_short_circuit_decorator.py
[2026-02-14T15:55:48.739+0000] {processor.py:840} INFO - DAG(s) 'example_short_circuit_decorator' retrieved from /home/airflow/.local/lib/python3.12/site-packages/airflow/example_dags/example_short_circuit_decorator.py
[2026-02-14T15:55:48.750+0000] {logging_mixin.py:188} INFO - [2026-02-14T15:55:48.750+0000] {dag.py:3089} INFO - Sync 1 DAGs
[2026-02-14T15:55:48.760+0000] {logging_mixin.py:188} INFO - [2026-02-14T15:55:48.759+0000] {dag.py:3947} INFO - Setting next_dagrun for example_short_circuit_decorator to 2026-02-13 00:00:00+00:00, run_after=2026-02-14 00:00:00+00:00
[2026-02-14T15:55:48.765+0000] {processor.py:183} INFO - Processing /home/airflow/.local/lib/python3.12/site-packages/airflow/example_dags/example_short_circuit_decorator.py took 0.035 seconds
[2026-02-14T15:56:19.224+0000] {processor.py:161} INFO - Started process (PID=1191) to work on /home/airflow/.local/lib/python3.12/site-packages/airflow/example_dags/example_short_circuit_decorator.py
[2026-02-14T15:56:19.225+0000] {processor.py:830} INFO - Processing file /home/airflow/.local/lib/python3.12/site-packages/airflow/example_dags/example_short_circuit_decorator.py for tasks to queue
[2026-02-14T15:56:19.226+0000] {logging_mixin.py:188} INFO - [2026-02-14T15:56:19.226+0000] {dagbag.py:545} INFO - Filling up the DagBag from /home/airflow/.local/lib/python3.12/site-packages/airflow/example_dags/example_short_circuit_decorator.py
[2026-02-14T15:56:19.230+0000] {processor.py:840} INFO - DAG(s) 'example_short_circuit_decorator' retrieved from /home/airflow/.local/lib/python3.12/site-packages/airflow/example_dags/example_short_circuit_decorator.py
[2026-02-14T15:56:19.239+0000] {logging_mixin.py:188} INFO - [2026-02-14T15:56:19.239+0000] {dag.py:3089} INFO - Sync 1 DAGs
[2026-02-14T15:56:19.246+0000] {logging_mixin.py:188} INFO - [2026-02-14T15:56:19.246+0000] {dag.py:3947} INFO - Setting next_dagrun for example_short_circuit_decorator to 2026-02-13 00:00:00+00:00, run_after=2026-02-14 00:00:00+00:00
[2026-02-14T15:56:19.254+0000] {processor.py:183} INFO - Processing /home/airflow/.local/lib/python3.12/site-packages/airflow/example_dags/example_short_circuit_decorator.py took 0.031 seconds
[2026-02-14T15:56:49.754+0000] {processor.py:161} INFO - Started process (PID=1250) to work on /home/airflow/.local/lib/python3.12/site-packages/airflow/example_dags/example_short_circuit_decorator.py
[2026-02-14T15:56:49.755+0000] {processor.py:830} INFO - Processing file /home/airflow/.local/lib/python3.12/site-packages/airflow/example_dags/example_short_circuit_decorator.py for tasks to queue
[2026-02-14T15:56:49.756+0000] {logging_mixin.py:188} INFO - [2026-02-14T15:56:49.756+0000] {dagbag.py:545} INFO - Filling up the DagBag from /home/airflow/.local/lib/python3.12/site-packages/airflow/example_dags/example_short_circuit_decorator.py
[2026-02-14T15:56:49.761+0000] {processor.py:840} INFO - DAG(s) 'example_short_circuit_decorator' retrieved from /home/airflow/.local/lib/python3.12/site-packages/airflow/example_dags/example_short_circuit_decorator.py
[2026-02-14T15:56:49.769+0000] {logging_mixin.py:188} INFO - [2026-02-14T15:56:49.769+0000] {dag.py:3089} INFO - Sync 1 DAGs
[2026-02-14T15:56:49.777+0000] {logging_mixin.py:188} INFO - [2026-02-14T15:56:49.777+0000] {dag.py:3947} INFO - Setting next_dagrun for example_short_circuit_decorator to 2026-02-13 00:00:00+00:00, run_after=2026-02-14 00:00:00+00:00
[2026-02-14T15:56:49.783+0000] {processor.py:183} INFO - Processing /home/airflow/.local/lib/python3.12/site-packages/airflow/example_dags/example_short_circuit_decorator.py took 0.031 seconds
[2026-02-14T15:57:20.477+0000] {processor.py:161} INFO - Started process (PID=1309) to work on /home/airflow/.local/lib/python3.12/site-packages/airflow/example_dags/example_short_circuit_decorator.py
[2026-02-14T15:57:20.478+0000] {processor.py:830} INFO - Processing file /home/airflow/.local/lib/python3.12/site-packages/airflow/example_dags/example_short_circuit_decorator.py for tasks to queue
[2026-02-14T15:57:20.480+0000] {logging_mixin.py:188} INFO - [2026-02-14T15:57:20.480+0000] {dagbag.py:545} INFO - Filling up the DagBag from /home/airflow/.local/lib/python3.12/site-packages/airflow/example_dags/example_short_circuit_decorator.py
[2026-02-14T15:57:20.483+0000] {processor.py:840} INFO - DAG(s) 'example_short_circuit_decorator' retrieved from /home/airflow/.local/lib/python3.12/site-packages/airflow/example_dags/example_short_circuit_decorator.py
[2026-02-14T15:57:20.494+0000] {logging_mixin.py:188} INFO - [2026-02-14T15:57:20.494+0000] {dag.py:3089} INFO - Sync 1 DAGs
[2026-02-14T15:57:20.502+0000] {logging_mixin.py:188} INFO - [2026-02-14T15:57:20.502+0000] {dag.py:3947} INFO - Setting next_dagrun for example_short_circuit_decorator to 2026-02-13 00:00:00+00:00, run_after=2026-02-14 00:00:00+00:00
[2026-02-14T15:57:20.510+0000] {processor.py:183} INFO - Processing /home/airflow/.local/lib/python3.12/site-packages/airflow/example_dags/example_short_circuit_decorator.py took 0.035 seconds
[2026-02-14T15:57:51.547+0000] {processor.py:161} INFO - Started process (PID=1368) to work on /home/airflow/.local/lib/python3.12/site-packages/airflow/example_dags/example_short_circuit_decorator.py
[2026-02-14T15:57:51.547+0000] {processor.py:830} INFO - Processing file /home/airflow/.local/lib/python3.12/site-packages/airflow/example_dags/example_short_circuit_decorator.py for tasks to queue
[2026-02-14T15:57:51.548+0000] {logging_mixin.py:188} INFO - [2026-02-14T15:57:51.548+0000] {dagbag.py:545} INFO - Filling up the DagBag from /home/airflow/.local/lib/python3.12/site-packages/airflow/example_dags/example_short_circuit_decorator.py
[2026-02-14T15:57:51.551+0000] {processor.py:840} INFO - DAG(s) 'example_short_circuit_decorator' retrieved from /home/airflow/.local/lib/python3.12/site-packages/airflow/example_dags/example_short_circuit_decorator.py
[2026-02-14T15:57:51.559+0000] {logging_mixin.py:188} INFO - [2026-02-14T15:57:51.559+0000] {dag.py:3089} INFO - Sync 1 DAGs
[2026-02-14T15:57:51.638+0000] {logging_mixin.py:188} INFO - [2026-02-14T15:57:51.638+0000] {dag.py:3947} INFO - Setting next_dagrun for example_short_circuit_decorator to 2026-02-13 00:00:00+00:00, run_after=2026-02-14 00:00:00+00:00
[2026-02-14T15:57:51.645+0000] {processor.py:183} INFO - Processing /home/airflow/.local/lib/python3.12/site-packages/airflow/example_dags/example_short_circuit_decorator.py took 0.101 seconds
[2026-02-14T15:58:22.488+0000] {processor.py:161} INFO - Started process (PID=1427) to work on /home/airflow/.local/lib/python3.12/site-packages/airflow/example_dags/example_short_circuit_decorator.py
[2026-02-14T15:58:22.489+0000] {processor.py:830} INFO - Processing file /home/airflow/.local/lib/python3.12/site-packages/airflow/example_dags/example_short_circuit_decorator.py for tasks to queue
[2026-02-14T15:58:22.490+0000] {logging_mixin.py:188} INFO - [2026-02-14T15:58:22.490+0000] {dagbag.py:545} INFO - Filling up the DagBag from /home/airflow/.local/lib/python3.12/site-packages/airflow/example_dags/example_short_circuit_decorator.py
[2026-02-14T15:58:22.493+0000] {processor.py:840} INFO - DAG(s) 'example_short_circuit_decorator' retrieved from /home/airflow/.local/lib/python3.12/site-packages/airflow/example_dags/example_short_circuit_decorator.py
[2026-02-14T15:58:22.506+0000] {logging_mixin.py:188} INFO - [2026-02-14T15:58:22.506+0000] {dag.py:3089} INFO - Sync 1 DAGs
[2026-02-14T15:58:22.516+0000] {logging_mixin.py:188} INFO - [2026-02-14T15:58:22.516+0000] {dag.py:3947} INFO - Setting next_dagrun for example_short_circuit_decorator to 2026-02-13 00:00:00+00:00, run_after=2026-02-14 00:00:00+00:00
[2026-02-14T15:58:22.591+0000] {processor.py:183} INFO - Processing /home/airflow/.local/lib/python3.12/site-packages/airflow/example_dags/example_short_circuit_decorator.py took 0.105 seconds
[2026-02-14T15:58:52.932+0000] {processor.py:161} INFO - Started process (PID=1486) to work on /home/airflow/.local/lib/python3.12/site-packages/airflow/example_dags/example_short_circuit_decorator.py
[2026-02-14T15:58:52.933+0000] {processor.py:830} INFO - Processing file /home/airflow/.local/lib/python3.12/site-packages/airflow/example_dags/example_short_circuit_decorator.py for tasks to queue
[2026-02-14T15:58:52.934+0000] {logging_mixin.py:188} INFO - [2026-02-14T15:58:52.934+0000] {dagbag.py:545} INFO - Filling up the DagBag from /home/airflow/.local/lib/python3.12/site-packages/airflow/example_dags/example_short_circuit_decorator.py
[2026-02-14T15:58:52.938+0000] {processor.py:840} INFO - DAG(s) 'example_short_circuit_decorator' retrieved from /home/airflow/.local/lib/python3.12/site-packages/airflow/example_dags/example_short_circuit_decorator.py
[2026-02-14T15:58:52.950+0000] {logging_mixin.py:188} INFO - [2026-02-14T15:58:52.950+0000] {dag.py:3089} INFO - Sync 1 DAGs
[2026-02-14T15:58:52.959+0000] {logging_mixin.py:188} INFO - [2026-02-14T15:58:52.959+0000] {dag.py:3947} INFO - Setting next_dagrun for example_short_circuit_decorator to 2026-02-13 00:00:00+00:00, run_after=2026-02-14 00:00:00+00:00
[2026-02-14T15:58:52.967+0000] {processor.py:183} INFO - Processing /home/airflow/.local/lib/python3.12/site-packages/airflow/example_dags/example_short_circuit_decorator.py took 0.036 seconds
[2026-02-14T15:59:23.199+0000] {processor.py:161} INFO - Started process (PID=1545) to work on /home/airflow/.local/lib/python3.12/site-packages/airflow/example_dags/example_short_circuit_decorator.py
[2026-02-14T15:59:23.199+0000] {processor.py:830} INFO - Processing file /home/airflow/.local/lib/python3.12/site-packages/airflow/example_dags/example_short_circuit_decorator.py for tasks to queue
[2026-02-14T15:59:23.200+0000] {logging_mixin.py:188} INFO - [2026-02-14T15:59:23.200+0000] {dagbag.py:545} INFO - Filling up the DagBag from /home/airflow/.local/lib/python3.12/site-packages/airflow/example_dags/example_short_circuit_decorator.py
[2026-02-14T15:59:23.204+0000] {processor.py:840} INFO - DAG(s) 'example_short_circuit_decorator' retrieved from /home/airflow/.local/lib/python3.12/site-packages/airflow/example_dags/example_short_circuit_decorator.py
[2026-02-14T15:59:23.215+0000] {logging_mixin.py:188} INFO - [2026-02-14T15:59:23.215+0000] {dag.py:3089} INFO - Sync 1 DAGs
[2026-02-14T15:59:23.224+0000] {logging_mixin.py:188} INFO - [2026-02-14T15:59:23.223+0000] {dag.py:3947} INFO - Setting next_dagrun for example_short_circuit_decorator to 2026-02-13 00:00:00+00:00, run_after=2026-02-14 00:00:00+00:00
[2026-02-14T15:59:23.232+0000] {processor.py:183} INFO - Processing /home/airflow/.local/lib/python3.12/site-packages/airflow/example_dags/example_short_circuit_decorator.py took 0.036 seconds
[2026-02-14T15:59:53.500+0000] {processor.py:161} INFO - Started process (PID=1604) to work on /home/airflow/.local/lib/python3.12/site-packages/airflow/example_dags/example_short_circuit_decorator.py
[2026-02-14T15:59:53.501+0000] {processor.py:830} INFO - Processing file /home/airflow/.local/lib/python3.12/site-packages/airflow/example_dags/example_short_circuit_decorator.py for tasks to queue
[2026-02-14T15:59:53.501+0000] {logging_mixin.py:188} INFO - [2026-02-14T15:59:53.501+0000] {dagbag.py:545} INFO - Filling up the DagBag from /home/airflow/.local/lib/python3.12/site-packages/airflow/example_dags/example_short_circuit_decorator.py
[2026-02-14T15:59:53.575+0000] {processor.py:840} INFO - DAG(s) 'example_short_circuit_decorator' retrieved from /home/airflow/.local/lib/python3.12/site-packages/airflow/example_dags/example_short_circuit_decorator.py
[2026-02-14T15:59:53.584+0000] {logging_mixin.py:188} INFO - [2026-02-14T15:59:53.584+0000] {dag.py:3089} INFO - Sync 1 DAGs
[2026-02-14T15:59:53.591+0000] {logging_mixin.py:188} INFO - [2026-02-14T15:59:53.591+0000] {dag.py:3947} INFO - Setting next_dagrun for example_short_circuit_decorator to 2026-02-13 00:00:00+00:00, run_after=2026-02-14 00:00:00+00:00
[2026-02-14T15:59:53.596+0000] {processor.py:183} INFO - Processing /home/airflow/.local/lib/python3.12/site-packages/airflow/example_dags/example_short_circuit_decorator.py took 0.098 seconds
[2026-02-14T16:00:24.284+0000] {processor.py:161} INFO - Started process (PID=1663) to work on /home/airflow/.local/lib/python3.12/site-packages/airflow/example_dags/example_short_circuit_decorator.py
[2026-02-14T16:00:24.285+0000] {processor.py:830} INFO - Processing file /home/airflow/.local/lib/python3.12/site-packages/airflow/example_dags/example_short_circuit_decorator.py for tasks to queue
[2026-02-14T16:00:24.285+0000] {logging_mixin.py:188} INFO - [2026-02-14T16:00:24.285+0000] {dagbag.py:545} INFO - Filling up the DagBag from /home/airflow/.local/lib/python3.12/site-packages/airflow/example_dags/example_short_circuit_decorator.py
[2026-02-14T16:00:24.289+0000] {processor.py:840} INFO - DAG(s) 'example_short_circuit_decorator' retrieved from /home/airflow/.local/lib/python3.12/site-packages/airflow/example_dags/example_short_circuit_decorator.py
[2026-02-14T16:00:24.300+0000] {logging_mixin.py:188} INFO - [2026-02-14T16:00:24.300+0000] {dag.py:3089} INFO - Sync 1 DAGs
[2026-02-14T16:00:24.307+0000] {logging_mixin.py:188} INFO - [2026-02-14T16:00:24.307+0000] {dag.py:3947} INFO - Setting next_dagrun for example_short_circuit_decorator to 2026-02-13 00:00:00+00:00, run_after=2026-02-14 00:00:00+00:00
[2026-02-14T16:00:24.316+0000] {processor.py:183} INFO - Processing /home/airflow/.local/lib/python3.12/site-packages/airflow/example_dags/example_short_circuit_decorator.py took 0.034 seconds
[2026-02-14T16:00:54.848+0000] {processor.py:161} INFO - Started process (PID=1722) to work on /home/airflow/.local/lib/python3.12/site-packages/airflow/example_dags/example_short_circuit_decorator.py
[2026-02-14T16:00:54.850+0000] {processor.py:830} INFO - Processing file /home/airflow/.local/lib/python3.12/site-packages/airflow/example_dags/example_short_circuit_decorator.py for tasks to queue
[2026-02-14T16:00:54.851+0000] {logging_mixin.py:188} INFO - [2026-02-14T16:00:54.851+0000] {dagbag.py:545} INFO - Filling up the DagBag from /home/airflow/.local/lib/python3.12/site-packages/airflow/example_dags/example_short_circuit_decorator.py
[2026-02-14T16:00:54.854+0000] {processor.py:840} INFO - DAG(s) 'example_short_circuit_decorator' retrieved from /home/airflow/.local/lib/python3.12/site-packages/airflow/example_dags/example_short_circuit_decorator.py
[2026-02-14T16:00:54.863+0000] {logging_mixin.py:188} INFO - [2026-02-14T16:00:54.863+0000] {dag.py:3089} INFO - Sync 1 DAGs
[2026-02-14T16:00:54.871+0000] {logging_mixin.py:188} INFO - [2026-02-14T16:00:54.871+0000] {dag.py:3947} INFO - Setting next_dagrun for example_short_circuit_decorator to 2026-02-13 00:00:00+00:00, run_after=2026-02-14 00:00:00+00:00
[2026-02-14T16:00:54.880+0000] {processor.py:183} INFO - Processing /home/airflow/.local/lib/python3.12/site-packages/airflow/example_dags/example_short_circuit_decorator.py took 0.035 seconds
[2026-02-14T16:01:25.267+0000] {processor.py:161} INFO - Started process (PID=1781) to work on /home/airflow/.local/lib/python3.12/site-packages/airflow/example_dags/example_short_circuit_decorator.py
[2026-02-14T16:01:25.268+0000] {processor.py:830} INFO - Processing file /home/airflow/.local/lib/python3.12/site-packages/airflow/example_dags/example_short_circuit_decorator.py for tasks to queue
[2026-02-14T16:01:25.270+0000] {logging_mixin.py:188} INFO - [2026-02-14T16:01:25.269+0000] {dagbag.py:545} INFO - Filling up the DagBag from /home/airflow/.local/lib/python3.12/site-packages/airflow/example_dags/example_short_circuit_decorator.py
[2026-02-14T16:01:25.273+0000] {processor.py:840} INFO - DAG(s) 'example_short_circuit_decorator' retrieved from /home/airflow/.local/lib/python3.12/site-packages/airflow/example_dags/example_short_circuit_decorator.py
[2026-02-14T16:01:25.294+0000] {logging_mixin.py:188} INFO - [2026-02-14T16:01:25.294+0000] {dag.py:3089} INFO - Sync 1 DAGs
[2026-02-14T16:01:25.304+0000] {logging_mixin.py:188} INFO - [2026-02-14T16:01:25.304+0000] {dag.py:3947} INFO - Setting next_dagrun for example_short_circuit_decorator to 2026-02-13 00:00:00+00:00, run_after=2026-02-14 00:00:00+00:00
[2026-02-14T16:01:25.314+0000] {processor.py:183} INFO - Processing /home/airflow/.local/lib/python3.12/site-packages/airflow/example_dags/example_short_circuit_decorator.py took 0.050 seconds
[2026-02-14T16:01:55.601+0000] {processor.py:161} INFO - Started process (PID=1840) to work on /home/airflow/.local/lib/python3.12/site-packages/airflow/example_dags/example_short_circuit_decorator.py
[2026-02-14T16:01:55.602+0000] {processor.py:830} INFO - Processing file /home/airflow/.local/lib/python3.12/site-packages/airflow/example_dags/example_short_circuit_decorator.py for tasks to queue
[2026-02-14T16:01:55.604+0000] {logging_mixin.py:188} INFO - [2026-02-14T16:01:55.604+0000] {dagbag.py:545} INFO - Filling up the DagBag from /home/airflow/.local/lib/python3.12/site-packages/airflow/example_dags/example_short_circuit_decorator.py
[2026-02-14T16:01:55.607+0000] {processor.py:840} INFO - DAG(s) 'example_short_circuit_decorator' retrieved from /home/airflow/.local/lib/python3.12/site-packages/airflow/example_dags/example_short_circuit_decorator.py
[2026-02-14T16:01:55.621+0000] {logging_mixin.py:188} INFO - [2026-02-14T16:01:55.621+0000] {dag.py:3089} INFO - Sync 1 DAGs
[2026-02-14T16:01:55.629+0000] {logging_mixin.py:188} INFO - [2026-02-14T16:01:55.629+0000] {dag.py:3947} INFO - Setting next_dagrun for example_short_circuit_decorator to 2026-02-13 00:00:00+00:00, run_after=2026-02-14 00:00:00+00:00
[2026-02-14T16:01:55.634+0000] {processor.py:183} INFO - Processing /home/airflow/.local/lib/python3.12/site-packages/airflow/example_dags/example_short_circuit_decorator.py took 0.035 seconds
[2026-02-14T16:02:26.054+0000] {processor.py:161} INFO - Started process (PID=1899) to work on /home/airflow/.local/lib/python3.12/site-packages/airflow/example_dags/example_short_circuit_decorator.py
[2026-02-14T16:02:26.056+0000] {processor.py:830} INFO - Processing file /home/airflow/.local/lib/python3.12/site-packages/airflow/example_dags/example_short_circuit_decorator.py for tasks to queue
[2026-02-14T16:02:26.057+0000] {logging_mixin.py:188} INFO - [2026-02-14T16:02:26.057+0000] {dagbag.py:545} INFO - Filling up the DagBag from /home/airflow/.local/lib/python3.12/site-packages/airflow/example_dags/example_short_circuit_decorator.py
[2026-02-14T16:02:26.062+0000] {processor.py:840} INFO - DAG(s) 'example_short_circuit_decorator' retrieved from /home/airflow/.local/lib/python3.12/site-packages/airflow/example_dags/example_short_circuit_decorator.py
[2026-02-14T16:02:26.075+0000] {logging_mixin.py:188} INFO - [2026-02-14T16:02:26.075+0000] {dag.py:3089} INFO - Sync 1 DAGs
[2026-02-14T16:02:26.084+0000] {logging_mixin.py:188} INFO - [2026-02-14T16:02:26.084+0000] {dag.py:3947} INFO - Setting next_dagrun for example_short_circuit_decorator to 2026-02-13 00:00:00+00:00, run_after=2026-02-14 00:00:00+00:00
[2026-02-14T16:02:26.092+0000] {processor.py:183} INFO - Processing /home/airflow/.local/lib/python3.12/site-packages/airflow/example_dags/example_short_circuit_decorator.py took 0.041 seconds
[2026-02-14T16:02:56.596+0000] {processor.py:161} INFO - Started process (PID=1958) to work on /home/airflow/.local/lib/python3.12/site-packages/airflow/example_dags/example_short_circuit_decorator.py
[2026-02-14T16:02:56.597+0000] {processor.py:830} INFO - Processing file /home/airflow/.local/lib/python3.12/site-packages/airflow/example_dags/example_short_circuit_decorator.py for tasks to queue
[2026-02-14T16:02:56.597+0000] {logging_mixin.py:188} INFO - [2026-02-14T16:02:56.597+0000] {dagbag.py:545} INFO - Filling up the DagBag from /home/airflow/.local/lib/python3.12/site-packages/airflow/example_dags/example_short_circuit_decorator.py
[2026-02-14T16:02:56.602+0000] {processor.py:840} INFO - DAG(s) 'example_short_circuit_decorator' retrieved from /home/airflow/.local/lib/python3.12/site-packages/airflow/example_dags/example_short_circuit_decorator.py
[2026-02-14T16:02:56.615+0000] {logging_mixin.py:188} INFO - [2026-02-14T16:02:56.615+0000] {dag.py:3089} INFO - Sync 1 DAGs
[2026-02-14T16:02:56.624+0000] {logging_mixin.py:188} INFO - [2026-02-14T16:02:56.624+0000] {dag.py:3947} INFO - Setting next_dagrun for example_short_circuit_decorator to 2026-02-13 00:00:00+00:00, run_after=2026-02-14 00:00:00+00:00
[2026-02-14T16:02:56.633+0000] {processor.py:183} INFO - Processing /home/airflow/.local/lib/python3.12/site-packages/airflow/example_dags/example_short_circuit_decorator.py took 0.040 seconds
[2026-02-14T16:03:27.111+0000] {processor.py:161} INFO - Started process (PID=2017) to work on /home/airflow/.local/lib/python3.12/site-packages/airflow/example_dags/example_short_circuit_decorator.py
[2026-02-14T16:03:27.112+0000] {processor.py:830} INFO - Processing file /home/airflow/.local/lib/python3.12/site-packages/airflow/example_dags/example_short_circuit_decorator.py for tasks to queue
[2026-02-14T16:03:27.113+0000] {logging_mixin.py:188} INFO - [2026-02-14T16:03:27.113+0000] {dagbag.py:545} INFO - Filling up the DagBag from /home/airflow/.local/lib/python3.12/site-packages/airflow/example_dags/example_short_circuit_decorator.py
[2026-02-14T16:03:27.117+0000] {processor.py:840} INFO - DAG(s) 'example_short_circuit_decorator' retrieved from /home/airflow/.local/lib/python3.12/site-packages/airflow/example_dags/example_short_circuit_decorator.py
[2026-02-14T16:03:27.126+0000] {logging_mixin.py:188} INFO - [2026-02-14T16:03:27.126+0000] {dag.py:3089} INFO - Sync 1 DAGs
[2026-02-14T16:03:27.137+0000] {logging_mixin.py:188} INFO - [2026-02-14T16:03:27.137+0000] {dag.py:3947} INFO - Setting next_dagrun for example_short_circuit_decorator to 2026-02-13 00:00:00+00:00, run_after=2026-02-14 00:00:00+00:00
[2026-02-14T16:03:27.144+0000] {processor.py:183} INFO - Processing /home/airflow/.local/lib/python3.12/site-packages/airflow/example_dags/example_short_circuit_decorator.py took 0.037 seconds
[2026-02-14T16:03:57.734+0000] {processor.py:161} INFO - Started process (PID=2076) to work on /home/airflow/.local/lib/python3.12/site-packages/airflow/example_dags/example_short_circuit_decorator.py
[2026-02-14T16:03:57.735+0000] {processor.py:830} INFO - Processing file /home/airflow/.local/lib/python3.12/site-packages/airflow/example_dags/example_short_circuit_decorator.py for tasks to queue
[2026-02-14T16:03:57.736+0000] {logging_mixin.py:188} INFO - [2026-02-14T16:03:57.736+0000] {dagbag.py:545} INFO - Filling up the DagBag from /home/airflow/.local/lib/python3.12/site-packages/airflow/example_dags/example_short_circuit_decorator.py
[2026-02-14T16:03:57.741+0000] {processor.py:840} INFO - DAG(s) 'example_short_circuit_decorator' retrieved from /home/airflow/.local/lib/python3.12/site-packages/airflow/example_dags/example_short_circuit_decorator.py
[2026-02-14T16:03:57.754+0000] {logging_mixin.py:188} INFO - [2026-02-14T16:03:57.753+0000] {dag.py:3089} INFO - Sync 1 DAGs
[2026-02-14T16:03:57.765+0000] {logging_mixin.py:188} INFO - [2026-02-14T16:03:57.765+0000] {dag.py:3947} INFO - Setting next_dagrun for example_short_circuit_decorator to 2026-02-13 00:00:00+00:00, run_after=2026-02-14 00:00:00+00:00
[2026-02-14T16:03:57.778+0000] {processor.py:183} INFO - Processing /home/airflow/.local/lib/python3.12/site-packages/airflow/example_dags/example_short_circuit_decorator.py took 0.047 seconds
[2026-02-14T16:04:28.358+0000] {processor.py:161} INFO - Started process (PID=2135) to work on /home/airflow/.local/lib/python3.12/site-packages/airflow/example_dags/example_short_circuit_decorator.py
[2026-02-14T16:04:28.359+0000] {processor.py:830} INFO - Processing file /home/airflow/.local/lib/python3.12/site-packages/airflow/example_dags/example_short_circuit_decorator.py for tasks to queue
[2026-02-14T16:04:28.360+0000] {logging_mixin.py:188} INFO - [2026-02-14T16:04:28.360+0000] {dagbag.py:545} INFO - Filling up the DagBag from /home/airflow/.local/lib/python3.12/site-packages/airflow/example_dags/example_short_circuit_decorator.py
[2026-02-14T16:04:28.365+0000] {processor.py:840} INFO - DAG(s) 'example_short_circuit_decorator' retrieved from /home/airflow/.local/lib/python3.12/site-packages/airflow/example_dags/example_short_circuit_decorator.py
[2026-02-14T16:04:28.379+0000] {logging_mixin.py:188} INFO - [2026-02-14T16:04:28.379+0000] {dag.py:3089} INFO - Sync 1 DAGs
[2026-02-14T16:04:28.390+0000] {logging_mixin.py:188} INFO - [2026-02-14T16:04:28.390+0000] {dag.py:3947} INFO - Setting next_dagrun for example_short_circuit_decorator to 2026-02-13 00:00:00+00:00, run_after=2026-02-14 00:00:00+00:00
[2026-02-14T16:04:28.398+0000] {processor.py:183} INFO - Processing /home/airflow/.local/lib/python3.12/site-packages/airflow/example_dags/example_short_circuit_decorator.py took 0.042 seconds
[2026-02-14T16:04:58.782+0000] {processor.py:161} INFO - Started process (PID=2194) to work on /home/airflow/.local/lib/python3.12/site-packages/airflow/example_dags/example_short_circuit_decorator.py
[2026-02-14T16:04:58.783+0000] {processor.py:830} INFO - Processing file /home/airflow/.local/lib/python3.12/site-packages/airflow/example_dags/example_short_circuit_decorator.py for tasks to queue
[2026-02-14T16:04:58.784+0000] {logging_mixin.py:188} INFO - [2026-02-14T16:04:58.784+0000] {dagbag.py:545} INFO - Filling up the DagBag from /home/airflow/.local/lib/python3.12/site-packages/airflow/example_dags/example_short_circuit_decorator.py
[2026-02-14T16:04:58.788+0000] {processor.py:840} INFO - DAG(s) 'example_short_circuit_decorator' retrieved from /home/airflow/.local/lib/python3.12/site-packages/airflow/example_dags/example_short_circuit_decorator.py
[2026-02-14T16:04:58.797+0000] {logging_mixin.py:188} INFO - [2026-02-14T16:04:58.797+0000] {dag.py:3089} INFO - Sync 1 DAGs
[2026-02-14T16:04:58.805+0000] {logging_mixin.py:188} INFO - [2026-02-14T16:04:58.805+0000] {dag.py:3947} INFO - Setting next_dagrun for example_short_circuit_decorator to 2026-02-13 00:00:00+00:00, run_after=2026-02-14 00:00:00+00:00
[2026-02-14T16:04:58.811+0000] {processor.py:183} INFO - Processing /home/airflow/.local/lib/python3.12/site-packages/airflow/example_dags/example_short_circuit_decorator.py took 0.031 seconds
[2026-02-14T16:05:29.326+0000] {processor.py:161} INFO - Started process (PID=2253) to work on /home/airflow/.local/lib/python3.12/site-packages/airflow/example_dags/example_short_circuit_decorator.py
[2026-02-14T16:05:29.326+0000] {processor.py:830} INFO - Processing file /home/airflow/.local/lib/python3.12/site-packages/airflow/example_dags/example_short_circuit_decorator.py for tasks to queue
[2026-02-14T16:05:29.327+0000] {logging_mixin.py:188} INFO - [2026-02-14T16:05:29.327+0000] {dagbag.py:545} INFO - Filling up the DagBag from /home/airflow/.local/lib/python3.12/site-packages/airflow/example_dags/example_short_circuit_decorator.py
[2026-02-14T16:05:29.331+0000] {processor.py:840} INFO - DAG(s) 'example_short_circuit_decorator' retrieved from /home/airflow/.local/lib/python3.12/site-packages/airflow/example_dags/example_short_circuit_decorator.py
[2026-02-14T16:05:29.339+0000] {logging_mixin.py:188} INFO - [2026-02-14T16:05:29.339+0000] {dag.py:3089} INFO - Sync 1 DAGs
[2026-02-14T16:05:29.347+0000] {logging_mixin.py:188} INFO - [2026-02-14T16:05:29.347+0000] {dag.py:3947} INFO - Setting next_dagrun for example_short_circuit_decorator to 2026-02-13 00:00:00+00:00, run_after=2026-02-14 00:00:00+00:00
[2026-02-14T16:05:29.357+0000] {processor.py:183} INFO - Processing /home/airflow/.local/lib/python3.12/site-packages/airflow/example_dags/example_short_circuit_decorator.py took 0.034 seconds
[2026-02-14T16:05:59.796+0000] {processor.py:161} INFO - Started process (PID=2312) to work on /home/airflow/.local/lib/python3.12/site-packages/airflow/example_dags/example_short_circuit_decorator.py
[2026-02-14T16:05:59.798+0000] {processor.py:830} INFO - Processing file /home/airflow/.local/lib/python3.12/site-packages/airflow/example_dags/example_short_circuit_decorator.py for tasks to queue
[2026-02-14T16:05:59.799+0000] {logging_mixin.py:188} INFO - [2026-02-14T16:05:59.798+0000] {dagbag.py:545} INFO - Filling up the DagBag from /home/airflow/.local/lib/python3.12/site-packages/airflow/example_dags/example_short_circuit_decorator.py
[2026-02-14T16:05:59.803+0000] {processor.py:840} INFO - DAG(s) 'example_short_circuit_decorator' retrieved from /home/airflow/.local/lib/python3.12/site-packages/airflow/example_dags/example_short_circuit_decorator.py
[2026-02-14T16:05:59.814+0000] {logging_mixin.py:188} INFO - [2026-02-14T16:05:59.814+0000] {dag.py:3089} INFO - Sync 1 DAGs
[2026-02-14T16:05:59.822+0000] {logging_mixin.py:188} INFO - [2026-02-14T16:05:59.822+0000] {dag.py:3947} INFO - Setting next_dagrun for example_short_circuit_decorator to 2026-02-13 00:00:00+00:00, run_after=2026-02-14 00:00:00+00:00
[2026-02-14T16:05:59.828+0000] {processor.py:183} INFO - Processing /home/airflow/.local/lib/python3.12/site-packages/airflow/example_dags/example_short_circuit_decorator.py took 0.035 seconds
[2026-02-14T16:06:30.274+0000] {processor.py:161} INFO - Started process (PID=2371) to work on /home/airflow/.local/lib/python3.12/site-packages/airflow/example_dags/example_short_circuit_decorator.py
[2026-02-14T16:06:30.275+0000] {processor.py:830} INFO - Processing file /home/airflow/.local/lib/python3.12/site-packages/airflow/example_dags/example_short_circuit_decorator.py for tasks to queue
[2026-02-14T16:06:30.276+0000] {logging_mixin.py:188} INFO - [2026-02-14T16:06:30.276+0000] {dagbag.py:545} INFO - Filling up the DagBag from /home/airflow/.local/lib/python3.12/site-packages/airflow/example_dags/example_short_circuit_decorator.py
[2026-02-14T16:06:30.281+0000] {processor.py:840} INFO - DAG(s) 'example_short_circuit_decorator' retrieved from /home/airflow/.local/lib/python3.12/site-packages/airflow/example_dags/example_short_circuit_decorator.py
[2026-02-14T16:06:30.294+0000] {logging_mixin.py:188} INFO - [2026-02-14T16:06:30.293+0000] {dag.py:3089} INFO - Sync 1 DAGs
[2026-02-14T16:06:30.306+0000] {logging_mixin.py:188} INFO - [2026-02-14T16:06:30.305+0000] {dag.py:3947} INFO - Setting next_dagrun for example_short_circuit_decorator to 2026-02-13 00:00:00+00:00, run_after=2026-02-14 00:00:00+00:00
[2026-02-14T16:06:30.315+0000] {processor.py:183} INFO - Processing /home/airflow/.local/lib/python3.12/site-packages/airflow/example_dags/example_short_circuit_decorator.py took 0.044 seconds
[2026-02-14T16:07:01.183+0000] {processor.py:161} INFO - Started process (PID=2430) to work on /home/airflow/.local/lib/python3.12/site-packages/airflow/example_dags/example_short_circuit_decorator.py
[2026-02-14T16:07:01.185+0000] {processor.py:830} INFO - Processing file /home/airflow/.local/lib/python3.12/site-packages/airflow/example_dags/example_short_circuit_decorator.py for tasks to queue
[2026-02-14T16:07:01.186+0000] {logging_mixin.py:188} INFO - [2026-02-14T16:07:01.186+0000] {dagbag.py:545} INFO - Filling up the DagBag from /home/airflow/.local/lib/python3.12/site-packages/airflow/example_dags/example_short_circuit_decorator.py
[2026-02-14T16:07:01.189+0000] {processor.py:840} INFO - DAG(s) 'example_short_circuit_decorator' retrieved from /home/airflow/.local/lib/python3.12/site-packages/airflow/example_dags/example_short_circuit_decorator.py
[2026-02-14T16:07:01.200+0000] {logging_mixin.py:188} INFO - [2026-02-14T16:07:01.200+0000] {dag.py:3089} INFO - Sync 1 DAGs
[2026-02-14T16:07:01.210+0000] {logging_mixin.py:188} INFO - [2026-02-14T16:07:01.210+0000] {dag.py:3947} INFO - Setting next_dagrun for example_short_circuit_decorator to 2026-02-13 00:00:00+00:00, run_after=2026-02-14 00:00:00+00:00
[2026-02-14T16:07:01.219+0000] {processor.py:183} INFO - Processing /home/airflow/.local/lib/python3.12/site-packages/airflow/example_dags/example_short_circuit_decorator.py took 0.038 seconds
[2026-02-14T16:07:31.831+0000] {processor.py:161} INFO - Started process (PID=2489) to work on /home/airflow/.local/lib/python3.12/site-packages/airflow/example_dags/example_short_circuit_decorator.py
[2026-02-14T16:07:31.833+0000] {processor.py:830} INFO - Processing file /home/airflow/.local/lib/python3.12/site-packages/airflow/example_dags/example_short_circuit_decorator.py for tasks to queue
[2026-02-14T16:07:31.834+0000] {logging_mixin.py:188} INFO - [2026-02-14T16:07:31.834+0000] {dagbag.py:545} INFO - Filling up the DagBag from /home/airflow/.local/lib/python3.12/site-packages/airflow/example_dags/example_short_circuit_decorator.py
[2026-02-14T16:07:31.838+0000] {processor.py:840} INFO - DAG(s) 'example_short_circuit_decorator' retrieved from /home/airflow/.local/lib/python3.12/site-packages/airflow/example_dags/example_short_circuit_decorator.py
[2026-02-14T16:07:31.850+0000] {logging_mixin.py:188} INFO - [2026-02-14T16:07:31.850+0000] {dag.py:3089} INFO - Sync 1 DAGs
[2026-02-14T16:07:31.858+0000] {logging_mixin.py:188} INFO - [2026-02-14T16:07:31.858+0000] {dag.py:3947} INFO - Setting next_dagrun for example_short_circuit_decorator to 2026-02-13 00:00:00+00:00, run_after=2026-02-14 00:00:00+00:00
[2026-02-14T16:07:31.866+0000] {processor.py:183} INFO - Processing /home/airflow/.local/lib/python3.12/site-packages/airflow/example_dags/example_short_circuit_decorator.py took 0.038 seconds
[2026-02-14T16:08:02.566+0000] {processor.py:161} INFO - Started process (PID=2548) to work on /home/airflow/.local/lib/python3.12/site-packages/airflow/example_dags/example_short_circuit_decorator.py
[2026-02-14T16:08:02.567+0000] {processor.py:830} INFO - Processing file /home/airflow/.local/lib/python3.12/site-packages/airflow/example_dags/example_short_circuit_decorator.py for tasks to queue
[2026-02-14T16:08:02.568+0000] {logging_mixin.py:188} INFO - [2026-02-14T16:08:02.568+0000] {dagbag.py:545} INFO - Filling up the DagBag from /home/airflow/.local/lib/python3.12/site-packages/airflow/example_dags/example_short_circuit_decorator.py
[2026-02-14T16:08:02.572+0000] {processor.py:840} INFO - DAG(s) 'example_short_circuit_decorator' retrieved from /home/airflow/.local/lib/python3.12/site-packages/airflow/example_dags/example_short_circuit_decorator.py
[2026-02-14T16:08:02.583+0000] {logging_mixin.py:188} INFO - [2026-02-14T16:08:02.583+0000] {dag.py:3089} INFO - Sync 1 DAGs
[2026-02-14T16:08:02.593+0000] {logging_mixin.py:188} INFO - [2026-02-14T16:08:02.593+0000] {dag.py:3947} INFO - Setting next_dagrun for example_short_circuit_decorator to 2026-02-13 00:00:00+00:00, run_after=2026-02-14 00:00:00+00:00
[2026-02-14T16:08:02.601+0000] {processor.py:183} INFO - Processing /home/airflow/.local/lib/python3.12/site-packages/airflow/example_dags/example_short_circuit_decorator.py took 0.039 seconds
[2026-02-14T16:08:33.022+0000] {processor.py:161} INFO - Started process (PID=2607) to work on /home/airflow/.local/lib/python3.12/site-packages/airflow/example_dags/example_short_circuit_decorator.py
[2026-02-14T16:08:33.023+0000] {processor.py:830} INFO - Processing file /home/airflow/.local/lib/python3.12/site-packages/airflow/example_dags/example_short_circuit_decorator.py for tasks to queue
[2026-02-14T16:08:33.024+0000] {logging_mixin.py:188} INFO - [2026-02-14T16:08:33.024+0000] {dagbag.py:545} INFO - Filling up the DagBag from /home/airflow/.local/lib/python3.12/site-packages/airflow/example_dags/example_short_circuit_decorator.py
[2026-02-14T16:08:33.030+0000] {processor.py:840} INFO - DAG(s) 'example_short_circuit_decorator' retrieved from /home/airflow/.local/lib/python3.12/site-packages/airflow/example_dags/example_short_circuit_decorator.py
[2026-02-14T16:08:33.039+0000] {logging_mixin.py:188} INFO - [2026-02-14T16:08:33.039+0000] {dag.py:3089} INFO - Sync 1 DAGs
[2026-02-14T16:08:33.047+0000] {logging_mixin.py:188} INFO - [2026-02-14T16:08:33.047+0000] {dag.py:3947} INFO - Setting next_dagrun for example_short_circuit_decorator to 2026-02-13 00:00:00+00:00, run_after=2026-02-14 00:00:00+00:00
[2026-02-14T16:08:33.053+0000] {processor.py:183} INFO - Processing /home/airflow/.local/lib/python3.12/site-packages/airflow/example_dags/example_short_circuit_decorator.py took 0.033 seconds
[2026-02-14T16:09:03.503+0000] {processor.py:161} INFO - Started process (PID=2666) to work on /home/airflow/.local/lib/python3.12/site-packages/airflow/example_dags/example_short_circuit_decorator.py
[2026-02-14T16:09:03.503+0000] {processor.py:830} INFO - Processing file /home/airflow/.local/lib/python3.12/site-packages/airflow/example_dags/example_short_circuit_decorator.py for tasks to queue
[2026-02-14T16:09:03.504+0000] {logging_mixin.py:188} INFO - [2026-02-14T16:09:03.504+0000] {dagbag.py:545} INFO - Filling up the DagBag from /home/airflow/.local/lib/python3.12/site-packages/airflow/example_dags/example_short_circuit_decorator.py
[2026-02-14T16:09:03.507+0000] {processor.py:840} INFO - DAG(s) 'example_short_circuit_decorator' retrieved from /home/airflow/.local/lib/python3.12/site-packages/airflow/example_dags/example_short_circuit_decorator.py
[2026-02-14T16:09:03.517+0000] {logging_mixin.py:188} INFO - [2026-02-14T16:09:03.517+0000] {dag.py:3089} INFO - Sync 1 DAGs
[2026-02-14T16:09:03.524+0000] {logging_mixin.py:188} INFO - [2026-02-14T16:09:03.524+0000] {dag.py:3947} INFO - Setting next_dagrun for example_short_circuit_decorator to 2026-02-13 00:00:00+00:00, run_after=2026-02-14 00:00:00+00:00
[2026-02-14T16:09:03.532+0000] {processor.py:183} INFO - Processing /home/airflow/.local/lib/python3.12/site-packages/airflow/example_dags/example_short_circuit_decorator.py took 0.032 seconds
[2026-02-14T16:09:33.903+0000] {processor.py:161} INFO - Started process (PID=2725) to work on /home/airflow/.local/lib/python3.12/site-packages/airflow/example_dags/example_short_circuit_decorator.py
[2026-02-14T16:09:33.903+0000] {processor.py:830} INFO - Processing file /home/airflow/.local/lib/python3.12/site-packages/airflow/example_dags/example_short_circuit_decorator.py for tasks to queue
[2026-02-14T16:09:33.904+0000] {logging_mixin.py:188} INFO - [2026-02-14T16:09:33.904+0000] {dagbag.py:545} INFO - Filling up the DagBag from /home/airflow/.local/lib/python3.12/site-packages/airflow/example_dags/example_short_circuit_decorator.py
[2026-02-14T16:09:33.908+0000] {processor.py:840} INFO - DAG(s) 'example_short_circuit_decorator' retrieved from /home/airflow/.local/lib/python3.12/site-packages/airflow/example_dags/example_short_circuit_decorator.py
[2026-02-14T16:09:33.916+0000] {logging_mixin.py:188} INFO - [2026-02-14T16:09:33.916+0000] {dag.py:3089} INFO - Sync 1 DAGs
[2026-02-14T16:09:33.924+0000] {logging_mixin.py:188} INFO - [2026-02-14T16:09:33.923+0000] {dag.py:3947} INFO - Setting next_dagrun for example_short_circuit_decorator to 2026-02-13 00:00:00+00:00, run_after=2026-02-14 00:00:00+00:00
[2026-02-14T16:09:33.930+0000] {processor.py:183} INFO - Processing /home/airflow/.local/lib/python3.12/site-packages/airflow/example_dags/example_short_circuit_decorator.py took 0.029 seconds
[2026-02-14T16:10:04.165+0000] {processor.py:161} INFO - Started process (PID=2784) to work on /home/airflow/.local/lib/python3.12/site-packages/airflow/example_dags/example_short_circuit_decorator.py
[2026-02-14T16:10:04.167+0000] {processor.py:830} INFO - Processing file /home/airflow/.local/lib/python3.12/site-packages/airflow/example_dags/example_short_circuit_decorator.py for tasks to queue
[2026-02-14T16:10:04.167+0000] {logging_mixin.py:188} INFO - [2026-02-14T16:10:04.167+0000] {dagbag.py:545} INFO - Filling up the DagBag from /home/airflow/.local/lib/python3.12/site-packages/airflow/example_dags/example_short_circuit_decorator.py
[2026-02-14T16:10:04.172+0000] {processor.py:840} INFO - DAG(s) 'example_short_circuit_decorator' retrieved from /home/airflow/.local/lib/python3.12/site-packages/airflow/example_dags/example_short_circuit_decorator.py
[2026-02-14T16:10:04.183+0000] {logging_mixin.py:188} INFO - [2026-02-14T16:10:04.183+0000] {dag.py:3089} INFO - Sync 1 DAGs
[2026-02-14T16:10:04.192+0000] {logging_mixin.py:188} INFO - [2026-02-14T16:10:04.192+0000] {dag.py:3947} INFO - Setting next_dagrun for example_short_circuit_decorator to 2026-02-13 00:00:00+00:00, run_after=2026-02-14 00:00:00+00:00
[2026-02-14T16:10:04.198+0000] {processor.py:183} INFO - Processing /home/airflow/.local/lib/python3.12/site-packages/airflow/example_dags/example_short_circuit_decorator.py took 0.035 seconds
[2026-02-14T16:10:34.803+0000] {processor.py:161} INFO - Started process (PID=2842) to work on /home/airflow/.local/lib/python3.12/site-packages/airflow/example_dags/example_short_circuit_decorator.py
[2026-02-14T16:10:34.805+0000] {processor.py:830} INFO - Processing file /home/airflow/.local/lib/python3.12/site-packages/airflow/example_dags/example_short_circuit_decorator.py for tasks to queue
[2026-02-14T16:10:34.806+0000] {logging_mixin.py:188} INFO - [2026-02-14T16:10:34.806+0000] {dagbag.py:545} INFO - Filling up the DagBag from /home/airflow/.local/lib/python3.12/site-packages/airflow/example_dags/example_short_circuit_decorator.py
[2026-02-14T16:10:34.811+0000] {processor.py:840} INFO - DAG(s) 'example_short_circuit_decorator' retrieved from /home/airflow/.local/lib/python3.12/site-packages/airflow/example_dags/example_short_circuit_decorator.py
[2026-02-14T16:10:34.821+0000] {logging_mixin.py:188} INFO - [2026-02-14T16:10:34.821+0000] {dag.py:3089} INFO - Sync 1 DAGs
[2026-02-14T16:10:34.830+0000] {logging_mixin.py:188} INFO - [2026-02-14T16:10:34.830+0000] {dag.py:3947} INFO - Setting next_dagrun for example_short_circuit_decorator to 2026-02-13 00:00:00+00:00, run_after=2026-02-14 00:00:00+00:00
[2026-02-14T16:10:34.838+0000] {processor.py:183} INFO - Processing /home/airflow/.local/lib/python3.12/site-packages/airflow/example_dags/example_short_circuit_decorator.py took 0.040 seconds
[2026-02-14T16:11:05.825+0000] {processor.py:161} INFO - Started process (PID=2901) to work on /home/airflow/.local/lib/python3.12/site-packages/airflow/example_dags/example_short_circuit_decorator.py
[2026-02-14T16:11:05.826+0000] {processor.py:830} INFO - Processing file /home/airflow/.local/lib/python3.12/site-packages/airflow/example_dags/example_short_circuit_decorator.py for tasks to queue
[2026-02-14T16:11:05.828+0000] {logging_mixin.py:188} INFO - [2026-02-14T16:11:05.827+0000] {dagbag.py:545} INFO - Filling up the DagBag from /home/airflow/.local/lib/python3.12/site-packages/airflow/example_dags/example_short_circuit_decorator.py
[2026-02-14T16:11:05.833+0000] {processor.py:840} INFO - DAG(s) 'example_short_circuit_decorator' retrieved from /home/airflow/.local/lib/python3.12/site-packages/airflow/example_dags/example_short_circuit_decorator.py
[2026-02-14T16:11:05.844+0000] {logging_mixin.py:188} INFO - [2026-02-14T16:11:05.844+0000] {dag.py:3089} INFO - Sync 1 DAGs
[2026-02-14T16:11:05.856+0000] {logging_mixin.py:188} INFO - [2026-02-14T16:11:05.855+0000] {dag.py:3947} INFO - Setting next_dagrun for example_short_circuit_decorator to 2026-02-13 00:00:00+00:00, run_after=2026-02-14 00:00:00+00:00
[2026-02-14T16:11:05.869+0000] {processor.py:183} INFO - Processing /home/airflow/.local/lib/python3.12/site-packages/airflow/example_dags/example_short_circuit_decorator.py took 0.047 seconds
[2026-02-14T16:11:35.952+0000] {processor.py:161} INFO - Started process (PID=2960) to work on /home/airflow/.local/lib/python3.12/site-packages/airflow/example_dags/example_short_circuit_decorator.py
[2026-02-14T16:11:35.955+0000] {processor.py:830} INFO - Processing file /home/airflow/.local/lib/python3.12/site-packages/airflow/example_dags/example_short_circuit_decorator.py for tasks to queue
[2026-02-14T16:11:35.959+0000] {logging_mixin.py:188} INFO - [2026-02-14T16:11:35.958+0000] {dagbag.py:545} INFO - Filling up the DagBag from /home/airflow/.local/lib/python3.12/site-packages/airflow/example_dags/example_short_circuit_decorator.py
[2026-02-14T16:11:35.973+0000] {processor.py:840} INFO - DAG(s) 'example_short_circuit_decorator' retrieved from /home/airflow/.local/lib/python3.12/site-packages/airflow/example_dags/example_short_circuit_decorator.py
[2026-02-14T16:11:36.020+0000] {logging_mixin.py:188} INFO - [2026-02-14T16:11:36.019+0000] {dag.py:3089} INFO - Sync 1 DAGs
[2026-02-14T16:11:36.059+0000] {logging_mixin.py:188} INFO - [2026-02-14T16:11:36.059+0000] {dag.py:3947} INFO - Setting next_dagrun for example_short_circuit_decorator to 2026-02-13 00:00:00+00:00, run_after=2026-02-14 00:00:00+00:00
[2026-02-14T16:11:36.215+0000] {processor.py:183} INFO - Processing /home/airflow/.local/lib/python3.12/site-packages/airflow/example_dags/example_short_circuit_decorator.py took 0.271 seconds
[2026-02-14T16:12:06.977+0000] {processor.py:161} INFO - Started process (PID=3019) to work on /home/airflow/.local/lib/python3.12/site-packages/airflow/example_dags/example_short_circuit_decorator.py
[2026-02-14T16:12:06.978+0000] {processor.py:830} INFO - Processing file /home/airflow/.local/lib/python3.12/site-packages/airflow/example_dags/example_short_circuit_decorator.py for tasks to queue
[2026-02-14T16:12:06.980+0000] {logging_mixin.py:188} INFO - [2026-02-14T16:12:06.980+0000] {dagbag.py:545} INFO - Filling up the DagBag from /home/airflow/.local/lib/python3.12/site-packages/airflow/example_dags/example_short_circuit_decorator.py
[2026-02-14T16:12:06.987+0000] {processor.py:840} INFO - DAG(s) 'example_short_circuit_decorator' retrieved from /home/airflow/.local/lib/python3.12/site-packages/airflow/example_dags/example_short_circuit_decorator.py
[2026-02-14T16:12:06.999+0000] {logging_mixin.py:188} INFO - [2026-02-14T16:12:06.999+0000] {dag.py:3089} INFO - Sync 1 DAGs
[2026-02-14T16:12:07.008+0000] {logging_mixin.py:188} INFO - [2026-02-14T16:12:07.008+0000] {dag.py:3947} INFO - Setting next_dagrun for example_short_circuit_decorator to 2026-02-13 00:00:00+00:00, run_after=2026-02-14 00:00:00+00:00
[2026-02-14T16:12:07.016+0000] {processor.py:183} INFO - Processing /home/airflow/.local/lib/python3.12/site-packages/airflow/example_dags/example_short_circuit_decorator.py took 0.044 seconds
[2026-02-14T16:12:37.539+0000] {processor.py:161} INFO - Started process (PID=3078) to work on /home/airflow/.local/lib/python3.12/site-packages/airflow/example_dags/example_short_circuit_decorator.py
[2026-02-14T16:12:37.539+0000] {processor.py:830} INFO - Processing file /home/airflow/.local/lib/python3.12/site-packages/airflow/example_dags/example_short_circuit_decorator.py for tasks to queue
[2026-02-14T16:12:37.541+0000] {logging_mixin.py:188} INFO - [2026-02-14T16:12:37.540+0000] {dagbag.py:545} INFO - Filling up the DagBag from /home/airflow/.local/lib/python3.12/site-packages/airflow/example_dags/example_short_circuit_decorator.py
[2026-02-14T16:12:37.548+0000] {processor.py:840} INFO - DAG(s) 'example_short_circuit_decorator' retrieved from /home/airflow/.local/lib/python3.12/site-packages/airflow/example_dags/example_short_circuit_decorator.py
[2026-02-14T16:12:37.560+0000] {logging_mixin.py:188} INFO - [2026-02-14T16:12:37.560+0000] {dag.py:3089} INFO - Sync 1 DAGs
[2026-02-14T16:12:37.570+0000] {logging_mixin.py:188} INFO - [2026-02-14T16:12:37.570+0000] {dag.py:3947} INFO - Setting next_dagrun for example_short_circuit_decorator to 2026-02-13 00:00:00+00:00, run_after=2026-02-14 00:00:00+00:00
[2026-02-14T16:12:37.579+0000] {processor.py:183} INFO - Processing /home/airflow/.local/lib/python3.12/site-packages/airflow/example_dags/example_short_circuit_decorator.py took 0.043 seconds
[2026-02-14T16:13:07.846+0000] {processor.py:161} INFO - Started process (PID=3137) to work on /home/airflow/.local/lib/python3.12/site-packages/airflow/example_dags/example_short_circuit_decorator.py
[2026-02-14T16:13:07.846+0000] {processor.py:830} INFO - Processing file /home/airflow/.local/lib/python3.12/site-packages/airflow/example_dags/example_short_circuit_decorator.py for tasks to queue
[2026-02-14T16:13:07.847+0000] {logging_mixin.py:188} INFO - [2026-02-14T16:13:07.847+0000] {dagbag.py:545} INFO - Filling up the DagBag from /home/airflow/.local/lib/python3.12/site-packages/airflow/example_dags/example_short_circuit_decorator.py
[2026-02-14T16:13:07.853+0000] {processor.py:840} INFO - DAG(s) 'example_short_circuit_decorator' retrieved from /home/airflow/.local/lib/python3.12/site-packages/airflow/example_dags/example_short_circuit_decorator.py
[2026-02-14T16:13:07.864+0000] {logging_mixin.py:188} INFO - [2026-02-14T16:13:07.864+0000] {dag.py:3089} INFO - Sync 1 DAGs
[2026-02-14T16:13:07.872+0000] {logging_mixin.py:188} INFO - [2026-02-14T16:13:07.872+0000] {dag.py:3947} INFO - Setting next_dagrun for example_short_circuit_decorator to 2026-02-13 00:00:00+00:00, run_after=2026-02-14 00:00:00+00:00
[2026-02-14T16:13:07.879+0000] {processor.py:183} INFO - Processing /home/airflow/.local/lib/python3.12/site-packages/airflow/example_dags/example_short_circuit_decorator.py took 0.037 seconds
[2026-02-14T16:13:38.115+0000] {processor.py:161} INFO - Started process (PID=3196) to work on /home/airflow/.local/lib/python3.12/site-packages/airflow/example_dags/example_short_circuit_decorator.py
[2026-02-14T16:13:38.116+0000] {processor.py:830} INFO - Processing file /home/airflow/.local/lib/python3.12/site-packages/airflow/example_dags/example_short_circuit_decorator.py for tasks to queue
[2026-02-14T16:13:38.117+0000] {logging_mixin.py:188} INFO - [2026-02-14T16:13:38.117+0000] {dagbag.py:545} INFO - Filling up the DagBag from /home/airflow/.local/lib/python3.12/site-packages/airflow/example_dags/example_short_circuit_decorator.py
[2026-02-14T16:13:38.122+0000] {processor.py:840} INFO - DAG(s) 'example_short_circuit_decorator' retrieved from /home/airflow/.local/lib/python3.12/site-packages/airflow/example_dags/example_short_circuit_decorator.py
[2026-02-14T16:13:38.131+0000] {logging_mixin.py:188} INFO - [2026-02-14T16:13:38.131+0000] {dag.py:3089} INFO - Sync 1 DAGs
[2026-02-14T16:13:38.140+0000] {logging_mixin.py:188} INFO - [2026-02-14T16:13:38.140+0000] {dag.py:3947} INFO - Setting next_dagrun for example_short_circuit_decorator to 2026-02-13 00:00:00+00:00, run_after=2026-02-14 00:00:00+00:00
[2026-02-14T16:13:38.146+0000] {processor.py:183} INFO - Processing /home/airflow/.local/lib/python3.12/site-packages/airflow/example_dags/example_short_circuit_decorator.py took 0.035 seconds
[2026-02-14T16:14:08.916+0000] {processor.py:161} INFO - Started process (PID=3255) to work on /home/airflow/.local/lib/python3.12/site-packages/airflow/example_dags/example_short_circuit_decorator.py
[2026-02-14T16:14:08.916+0000] {processor.py:830} INFO - Processing file /home/airflow/.local/lib/python3.12/site-packages/airflow/example_dags/example_short_circuit_decorator.py for tasks to queue
[2026-02-14T16:14:08.918+0000] {logging_mixin.py:188} INFO - [2026-02-14T16:14:08.917+0000] {dagbag.py:545} INFO - Filling up the DagBag from /home/airflow/.local/lib/python3.12/site-packages/airflow/example_dags/example_short_circuit_decorator.py
[2026-02-14T16:14:08.925+0000] {processor.py:840} INFO - DAG(s) 'example_short_circuit_decorator' retrieved from /home/airflow/.local/lib/python3.12/site-packages/airflow/example_dags/example_short_circuit_decorator.py
[2026-02-14T16:14:08.937+0000] {logging_mixin.py:188} INFO - [2026-02-14T16:14:08.937+0000] {dag.py:3089} INFO - Sync 1 DAGs
[2026-02-14T16:14:08.950+0000] {logging_mixin.py:188} INFO - [2026-02-14T16:14:08.950+0000] {dag.py:3947} INFO - Setting next_dagrun for example_short_circuit_decorator to 2026-02-13 00:00:00+00:00, run_after=2026-02-14 00:00:00+00:00
[2026-02-14T16:14:08.963+0000] {processor.py:183} INFO - Processing /home/airflow/.local/lib/python3.12/site-packages/airflow/example_dags/example_short_circuit_decorator.py took 0.052 seconds
[2026-02-14T16:14:39.082+0000] {processor.py:161} INFO - Started process (PID=3314) to work on /home/airflow/.local/lib/python3.12/site-packages/airflow/example_dags/example_short_circuit_decorator.py
[2026-02-14T16:14:39.084+0000] {processor.py:830} INFO - Processing file /home/airflow/.local/lib/python3.12/site-packages/airflow/example_dags/example_short_circuit_decorator.py for tasks to queue
[2026-02-14T16:14:39.088+0000] {logging_mixin.py:188} INFO - [2026-02-14T16:14:39.087+0000] {dagbag.py:545} INFO - Filling up the DagBag from /home/airflow/.local/lib/python3.12/site-packages/airflow/example_dags/example_short_circuit_decorator.py
[2026-02-14T16:14:39.093+0000] {processor.py:840} INFO - DAG(s) 'example_short_circuit_decorator' retrieved from /home/airflow/.local/lib/python3.12/site-packages/airflow/example_dags/example_short_circuit_decorator.py
[2026-02-14T16:14:39.115+0000] {logging_mixin.py:188} INFO - [2026-02-14T16:14:39.115+0000] {dag.py:3089} INFO - Sync 1 DAGs
[2026-02-14T16:14:39.129+0000] {logging_mixin.py:188} INFO - [2026-02-14T16:14:39.129+0000] {dag.py:3947} INFO - Setting next_dagrun for example_short_circuit_decorator to 2026-02-13 00:00:00+00:00, run_after=2026-02-14 00:00:00+00:00
[2026-02-14T16:14:39.156+0000] {processor.py:183} INFO - Processing /home/airflow/.local/lib/python3.12/site-packages/airflow/example_dags/example_short_circuit_decorator.py took 0.080 seconds
[2026-02-14T16:15:10.108+0000] {processor.py:161} INFO - Started process (PID=3373) to work on /home/airflow/.local/lib/python3.12/site-packages/airflow/example_dags/example_short_circuit_decorator.py
[2026-02-14T16:15:10.109+0000] {processor.py:830} INFO - Processing file /home/airflow/.local/lib/python3.12/site-packages/airflow/example_dags/example_short_circuit_decorator.py for tasks to queue
[2026-02-14T16:15:10.110+0000] {logging_mixin.py:188} INFO - [2026-02-14T16:15:10.110+0000] {dagbag.py:545} INFO - Filling up the DagBag from /home/airflow/.local/lib/python3.12/site-packages/airflow/example_dags/example_short_circuit_decorator.py
[2026-02-14T16:15:10.115+0000] {processor.py:840} INFO - DAG(s) 'example_short_circuit_decorator' retrieved from /home/airflow/.local/lib/python3.12/site-packages/airflow/example_dags/example_short_circuit_decorator.py
[2026-02-14T16:15:10.129+0000] {logging_mixin.py:188} INFO - [2026-02-14T16:15:10.129+0000] {dag.py:3089} INFO - Sync 1 DAGs
[2026-02-14T16:15:10.139+0000] {logging_mixin.py:188} INFO - [2026-02-14T16:15:10.139+0000] {dag.py:3947} INFO - Setting next_dagrun for example_short_circuit_decorator to 2026-02-13 00:00:00+00:00, run_after=2026-02-14 00:00:00+00:00
[2026-02-14T16:15:10.150+0000] {processor.py:183} INFO - Processing /home/airflow/.local/lib/python3.12/site-packages/airflow/example_dags/example_short_circuit_decorator.py took 0.048 seconds
[2026-02-14T16:15:40.735+0000] {processor.py:161} INFO - Started process (PID=3432) to work on /home/airflow/.local/lib/python3.12/site-packages/airflow/example_dags/example_short_circuit_decorator.py
[2026-02-14T16:15:40.737+0000] {processor.py:830} INFO - Processing file /home/airflow/.local/lib/python3.12/site-packages/airflow/example_dags/example_short_circuit_decorator.py for tasks to queue
[2026-02-14T16:15:40.739+0000] {logging_mixin.py:188} INFO - [2026-02-14T16:15:40.739+0000] {dagbag.py:545} INFO - Filling up the DagBag from /home/airflow/.local/lib/python3.12/site-packages/airflow/example_dags/example_short_circuit_decorator.py
[2026-02-14T16:15:40.752+0000] {processor.py:840} INFO - DAG(s) 'example_short_circuit_decorator' retrieved from /home/airflow/.local/lib/python3.12/site-packages/airflow/example_dags/example_short_circuit_decorator.py
[2026-02-14T16:15:40.778+0000] {logging_mixin.py:188} INFO - [2026-02-14T16:15:40.778+0000] {dag.py:3089} INFO - Sync 1 DAGs
[2026-02-14T16:15:40.803+0000] {logging_mixin.py:188} INFO - [2026-02-14T16:15:40.803+0000] {dag.py:3947} INFO - Setting next_dagrun for example_short_circuit_decorator to 2026-02-13 00:00:00+00:00, run_after=2026-02-14 00:00:00+00:00
[2026-02-14T16:15:40.820+0000] {processor.py:183} INFO - Processing /home/airflow/.local/lib/python3.12/site-packages/airflow/example_dags/example_short_circuit_decorator.py took 0.089 seconds
[2026-02-14T16:16:10.868+0000] {processor.py:161} INFO - Started process (PID=3491) to work on /home/airflow/.local/lib/python3.12/site-packages/airflow/example_dags/example_short_circuit_decorator.py
[2026-02-14T16:16:10.869+0000] {processor.py:830} INFO - Processing file /home/airflow/.local/lib/python3.12/site-packages/airflow/example_dags/example_short_circuit_decorator.py for tasks to queue
[2026-02-14T16:16:10.872+0000] {logging_mixin.py:188} INFO - [2026-02-14T16:16:10.872+0000] {dagbag.py:545} INFO - Filling up the DagBag from /home/airflow/.local/lib/python3.12/site-packages/airflow/example_dags/example_short_circuit_decorator.py
[2026-02-14T16:16:10.879+0000] {processor.py:840} INFO - DAG(s) 'example_short_circuit_decorator' retrieved from /home/airflow/.local/lib/python3.12/site-packages/airflow/example_dags/example_short_circuit_decorator.py
[2026-02-14T16:16:10.898+0000] {logging_mixin.py:188} INFO - [2026-02-14T16:16:10.898+0000] {dag.py:3089} INFO - Sync 1 DAGs
[2026-02-14T16:16:10.912+0000] {logging_mixin.py:188} INFO - [2026-02-14T16:16:10.912+0000] {dag.py:3947} INFO - Setting next_dagrun for example_short_circuit_decorator to 2026-02-13 00:00:00+00:00, run_after=2026-02-14 00:00:00+00:00
[2026-02-14T16:16:10.925+0000] {processor.py:183} INFO - Processing /home/airflow/.local/lib/python3.12/site-packages/airflow/example_dags/example_short_circuit_decorator.py took 0.061 seconds
[2026-02-14T16:16:41.409+0000] {processor.py:161} INFO - Started process (PID=3550) to work on /home/airflow/.local/lib/python3.12/site-packages/airflow/example_dags/example_short_circuit_decorator.py
[2026-02-14T16:16:41.410+0000] {processor.py:830} INFO - Processing file /home/airflow/.local/lib/python3.12/site-packages/airflow/example_dags/example_short_circuit_decorator.py for tasks to queue
[2026-02-14T16:16:41.411+0000] {logging_mixin.py:188} INFO - [2026-02-14T16:16:41.410+0000] {dagbag.py:545} INFO - Filling up the DagBag from /home/airflow/.local/lib/python3.12/site-packages/airflow/example_dags/example_short_circuit_decorator.py
[2026-02-14T16:16:41.416+0000] {processor.py:840} INFO - DAG(s) 'example_short_circuit_decorator' retrieved from /home/airflow/.local/lib/python3.12/site-packages/airflow/example_dags/example_short_circuit_decorator.py
[2026-02-14T16:16:41.430+0000] {logging_mixin.py:188} INFO - [2026-02-14T16:16:41.429+0000] {dag.py:3089} INFO - Sync 1 DAGs
[2026-02-14T16:16:41.439+0000] {logging_mixin.py:188} INFO - [2026-02-14T16:16:41.439+0000] {dag.py:3947} INFO - Setting next_dagrun for example_short_circuit_decorator to 2026-02-13 00:00:00+00:00, run_after=2026-02-14 00:00:00+00:00
[2026-02-14T16:16:41.449+0000] {processor.py:183} INFO - Processing /home/airflow/.local/lib/python3.12/site-packages/airflow/example_dags/example_short_circuit_decorator.py took 0.045 seconds
[2026-02-14T16:17:11.956+0000] {processor.py:161} INFO - Started process (PID=3609) to work on /home/airflow/.local/lib/python3.12/site-packages/airflow/example_dags/example_short_circuit_decorator.py
[2026-02-14T16:17:11.957+0000] {processor.py:830} INFO - Processing file /home/airflow/.local/lib/python3.12/site-packages/airflow/example_dags/example_short_circuit_decorator.py for tasks to queue
[2026-02-14T16:17:11.960+0000] {logging_mixin.py:188} INFO - [2026-02-14T16:17:11.959+0000] {dagbag.py:545} INFO - Filling up the DagBag from /home/airflow/.local/lib/python3.12/site-packages/airflow/example_dags/example_short_circuit_decorator.py
[2026-02-14T16:17:11.968+0000] {processor.py:840} INFO - DAG(s) 'example_short_circuit_decorator' retrieved from /home/airflow/.local/lib/python3.12/site-packages/airflow/example_dags/example_short_circuit_decorator.py
[2026-02-14T16:17:11.981+0000] {logging_mixin.py:188} INFO - [2026-02-14T16:17:11.981+0000] {dag.py:3089} INFO - Sync 1 DAGs
[2026-02-14T16:17:11.993+0000] {logging_mixin.py:188} INFO - [2026-02-14T16:17:11.993+0000] {dag.py:3947} INFO - Setting next_dagrun for example_short_circuit_decorator to 2026-02-13 00:00:00+00:00, run_after=2026-02-14 00:00:00+00:00
[2026-02-14T16:17:12.003+0000] {processor.py:183} INFO - Processing /home/airflow/.local/lib/python3.12/site-packages/airflow/example_dags/example_short_circuit_decorator.py took 0.052 seconds
[2026-02-14T16:17:42.652+0000] {processor.py:161} INFO - Started process (PID=3668) to work on /home/airflow/.local/lib/python3.12/site-packages/airflow/example_dags/example_short_circuit_decorator.py
[2026-02-14T16:17:42.653+0000] {processor.py:830} INFO - Processing file /home/airflow/.local/lib/python3.12/site-packages/airflow/example_dags/example_short_circuit_decorator.py for tasks to queue
[2026-02-14T16:17:42.655+0000] {logging_mixin.py:188} INFO - [2026-02-14T16:17:42.655+0000] {dagbag.py:545} INFO - Filling up the DagBag from /home/airflow/.local/lib/python3.12/site-packages/airflow/example_dags/example_short_circuit_decorator.py
[2026-02-14T16:17:42.662+0000] {processor.py:840} INFO - DAG(s) 'example_short_circuit_decorator' retrieved from /home/airflow/.local/lib/python3.12/site-packages/airflow/example_dags/example_short_circuit_decorator.py
[2026-02-14T16:17:42.684+0000] {logging_mixin.py:188} INFO - [2026-02-14T16:17:42.684+0000] {dag.py:3089} INFO - Sync 1 DAGs
[2026-02-14T16:17:42.711+0000] {logging_mixin.py:188} INFO - [2026-02-14T16:17:42.711+0000] {dag.py:3947} INFO - Setting next_dagrun for example_short_circuit_decorator to 2026-02-13 00:00:00+00:00, run_after=2026-02-14 00:00:00+00:00
[2026-02-14T16:17:42.734+0000] {processor.py:183} INFO - Processing /home/airflow/.local/lib/python3.12/site-packages/airflow/example_dags/example_short_circuit_decorator.py took 0.088 seconds
[2026-02-14T16:18:13.215+0000] {processor.py:161} INFO - Started process (PID=3733) to work on /home/airflow/.local/lib/python3.12/site-packages/airflow/example_dags/example_short_circuit_decorator.py
[2026-02-14T16:18:13.216+0000] {processor.py:830} INFO - Processing file /home/airflow/.local/lib/python3.12/site-packages/airflow/example_dags/example_short_circuit_decorator.py for tasks to queue
[2026-02-14T16:18:13.219+0000] {logging_mixin.py:188} INFO - [2026-02-14T16:18:13.219+0000] {dagbag.py:545} INFO - Filling up the DagBag from /home/airflow/.local/lib/python3.12/site-packages/airflow/example_dags/example_short_circuit_decorator.py
[2026-02-14T16:18:13.228+0000] {processor.py:840} INFO - DAG(s) 'example_short_circuit_decorator' retrieved from /home/airflow/.local/lib/python3.12/site-packages/airflow/example_dags/example_short_circuit_decorator.py
[2026-02-14T16:18:13.241+0000] {logging_mixin.py:188} INFO - [2026-02-14T16:18:13.241+0000] {dag.py:3089} INFO - Sync 1 DAGs
[2026-02-14T16:18:13.250+0000] {logging_mixin.py:188} INFO - [2026-02-14T16:18:13.250+0000] {dag.py:3947} INFO - Setting next_dagrun for example_short_circuit_decorator to 2026-02-13 00:00:00+00:00, run_after=2026-02-14 00:00:00+00:00
[2026-02-14T16:18:13.259+0000] {processor.py:183} INFO - Processing /home/airflow/.local/lib/python3.12/site-packages/airflow/example_dags/example_short_circuit_decorator.py took 0.049 seconds
[2026-02-14T16:18:43.939+0000] {processor.py:161} INFO - Started process (PID=3792) to work on /home/airflow/.local/lib/python3.12/site-packages/airflow/example_dags/example_short_circuit_decorator.py
[2026-02-14T16:18:43.941+0000] {processor.py:830} INFO - Processing file /home/airflow/.local/lib/python3.12/site-packages/airflow/example_dags/example_short_circuit_decorator.py for tasks to queue
[2026-02-14T16:18:43.943+0000] {logging_mixin.py:188} INFO - [2026-02-14T16:18:43.942+0000] {dagbag.py:545} INFO - Filling up the DagBag from /home/airflow/.local/lib/python3.12/site-packages/airflow/example_dags/example_short_circuit_decorator.py
[2026-02-14T16:18:43.951+0000] {processor.py:840} INFO - DAG(s) 'example_short_circuit_decorator' retrieved from /home/airflow/.local/lib/python3.12/site-packages/airflow/example_dags/example_short_circuit_decorator.py
[2026-02-14T16:18:43.964+0000] {logging_mixin.py:188} INFO - [2026-02-14T16:18:43.963+0000] {dag.py:3089} INFO - Sync 1 DAGs
[2026-02-14T16:18:43.973+0000] {logging_mixin.py:188} INFO - [2026-02-14T16:18:43.973+0000] {dag.py:3947} INFO - Setting next_dagrun for example_short_circuit_decorator to 2026-02-13 00:00:00+00:00, run_after=2026-02-14 00:00:00+00:00
[2026-02-14T16:18:43.986+0000] {processor.py:183} INFO - Processing /home/airflow/.local/lib/python3.12/site-packages/airflow/example_dags/example_short_circuit_decorator.py took 0.055 seconds
[2026-02-14T16:19:14.095+0000] {processor.py:161} INFO - Started process (PID=3851) to work on /home/airflow/.local/lib/python3.12/site-packages/airflow/example_dags/example_short_circuit_decorator.py
[2026-02-14T16:19:14.097+0000] {processor.py:830} INFO - Processing file /home/airflow/.local/lib/python3.12/site-packages/airflow/example_dags/example_short_circuit_decorator.py for tasks to queue
[2026-02-14T16:19:14.098+0000] {logging_mixin.py:188} INFO - [2026-02-14T16:19:14.098+0000] {dagbag.py:545} INFO - Filling up the DagBag from /home/airflow/.local/lib/python3.12/site-packages/airflow/example_dags/example_short_circuit_decorator.py
[2026-02-14T16:19:14.106+0000] {processor.py:840} INFO - DAG(s) 'example_short_circuit_decorator' retrieved from /home/airflow/.local/lib/python3.12/site-packages/airflow/example_dags/example_short_circuit_decorator.py
[2026-02-14T16:19:14.120+0000] {logging_mixin.py:188} INFO - [2026-02-14T16:19:14.120+0000] {dag.py:3089} INFO - Sync 1 DAGs
[2026-02-14T16:19:14.131+0000] {logging_mixin.py:188} INFO - [2026-02-14T16:19:14.131+0000] {dag.py:3947} INFO - Setting next_dagrun for example_short_circuit_decorator to 2026-02-13 00:00:00+00:00, run_after=2026-02-14 00:00:00+00:00
[2026-02-14T16:19:14.140+0000] {processor.py:183} INFO - Processing /home/airflow/.local/lib/python3.12/site-packages/airflow/example_dags/example_short_circuit_decorator.py took 0.051 seconds
[2026-02-14T16:19:45.017+0000] {processor.py:161} INFO - Started process (PID=3910) to work on /home/airflow/.local/lib/python3.12/site-packages/airflow/example_dags/example_short_circuit_decorator.py
[2026-02-14T16:19:45.018+0000] {processor.py:830} INFO - Processing file /home/airflow/.local/lib/python3.12/site-packages/airflow/example_dags/example_short_circuit_decorator.py for tasks to queue
[2026-02-14T16:19:45.019+0000] {logging_mixin.py:188} INFO - [2026-02-14T16:19:45.019+0000] {dagbag.py:545} INFO - Filling up the DagBag from /home/airflow/.local/lib/python3.12/site-packages/airflow/example_dags/example_short_circuit_decorator.py
[2026-02-14T16:19:45.030+0000] {processor.py:840} INFO - DAG(s) 'example_short_circuit_decorator' retrieved from /home/airflow/.local/lib/python3.12/site-packages/airflow/example_dags/example_short_circuit_decorator.py
[2026-02-14T16:19:45.044+0000] {logging_mixin.py:188} INFO - [2026-02-14T16:19:45.044+0000] {dag.py:3089} INFO - Sync 1 DAGs
[2026-02-14T16:19:45.061+0000] {logging_mixin.py:188} INFO - [2026-02-14T16:19:45.061+0000] {dag.py:3947} INFO - Setting next_dagrun for example_short_circuit_decorator to 2026-02-13 00:00:00+00:00, run_after=2026-02-14 00:00:00+00:00
[2026-02-14T16:19:45.072+0000] {processor.py:183} INFO - Processing /home/airflow/.local/lib/python3.12/site-packages/airflow/example_dags/example_short_circuit_decorator.py took 0.057 seconds
[2026-02-14T16:20:15.483+0000] {processor.py:161} INFO - Started process (PID=3969) to work on /home/airflow/.local/lib/python3.12/site-packages/airflow/example_dags/example_short_circuit_decorator.py
[2026-02-14T16:20:15.484+0000] {processor.py:830} INFO - Processing file /home/airflow/.local/lib/python3.12/site-packages/airflow/example_dags/example_short_circuit_decorator.py for tasks to queue
[2026-02-14T16:20:15.488+0000] {logging_mixin.py:188} INFO - [2026-02-14T16:20:15.488+0000] {dagbag.py:545} INFO - Filling up the DagBag from /home/airflow/.local/lib/python3.12/site-packages/airflow/example_dags/example_short_circuit_decorator.py
[2026-02-14T16:20:15.500+0000] {processor.py:840} INFO - DAG(s) 'example_short_circuit_decorator' retrieved from /home/airflow/.local/lib/python3.12/site-packages/airflow/example_dags/example_short_circuit_decorator.py
[2026-02-14T16:20:15.520+0000] {logging_mixin.py:188} INFO - [2026-02-14T16:20:15.520+0000] {dag.py:3089} INFO - Sync 1 DAGs
[2026-02-14T16:20:15.542+0000] {logging_mixin.py:188} INFO - [2026-02-14T16:20:15.542+0000] {dag.py:3947} INFO - Setting next_dagrun for example_short_circuit_decorator to 2026-02-13 00:00:00+00:00, run_after=2026-02-14 00:00:00+00:00
[2026-02-14T16:20:15.559+0000] {processor.py:183} INFO - Processing /home/airflow/.local/lib/python3.12/site-packages/airflow/example_dags/example_short_circuit_decorator.py took 0.082 seconds
[2026-02-14T16:20:45.753+0000] {processor.py:161} INFO - Started process (PID=4028) to work on /home/airflow/.local/lib/python3.12/site-packages/airflow/example_dags/example_short_circuit_decorator.py
[2026-02-14T16:20:45.754+0000] {processor.py:830} INFO - Processing file /home/airflow/.local/lib/python3.12/site-packages/airflow/example_dags/example_short_circuit_decorator.py for tasks to queue
[2026-02-14T16:20:45.756+0000] {logging_mixin.py:188} INFO - [2026-02-14T16:20:45.755+0000] {dagbag.py:545} INFO - Filling up the DagBag from /home/airflow/.local/lib/python3.12/site-packages/airflow/example_dags/example_short_circuit_decorator.py
[2026-02-14T16:20:45.762+0000] {processor.py:840} INFO - DAG(s) 'example_short_circuit_decorator' retrieved from /home/airflow/.local/lib/python3.12/site-packages/airflow/example_dags/example_short_circuit_decorator.py
[2026-02-14T16:20:45.776+0000] {logging_mixin.py:188} INFO - [2026-02-14T16:20:45.776+0000] {dag.py:3089} INFO - Sync 1 DAGs
[2026-02-14T16:20:45.786+0000] {logging_mixin.py:188} INFO - [2026-02-14T16:20:45.785+0000] {dag.py:3947} INFO - Setting next_dagrun for example_short_circuit_decorator to 2026-02-13 00:00:00+00:00, run_after=2026-02-14 00:00:00+00:00
[2026-02-14T16:20:45.796+0000] {processor.py:183} INFO - Processing /home/airflow/.local/lib/python3.12/site-packages/airflow/example_dags/example_short_circuit_decorator.py took 0.046 seconds
[2026-02-14T16:21:16.348+0000] {processor.py:161} INFO - Started process (PID=4087) to work on /home/airflow/.local/lib/python3.12/site-packages/airflow/example_dags/example_short_circuit_decorator.py
[2026-02-14T16:21:16.350+0000] {processor.py:830} INFO - Processing file /home/airflow/.local/lib/python3.12/site-packages/airflow/example_dags/example_short_circuit_decorator.py for tasks to queue
[2026-02-14T16:21:16.353+0000] {logging_mixin.py:188} INFO - [2026-02-14T16:21:16.353+0000] {dagbag.py:545} INFO - Filling up the DagBag from /home/airflow/.local/lib/python3.12/site-packages/airflow/example_dags/example_short_circuit_decorator.py
[2026-02-14T16:21:16.360+0000] {processor.py:840} INFO - DAG(s) 'example_short_circuit_decorator' retrieved from /home/airflow/.local/lib/python3.12/site-packages/airflow/example_dags/example_short_circuit_decorator.py
[2026-02-14T16:21:16.371+0000] {logging_mixin.py:188} INFO - [2026-02-14T16:21:16.371+0000] {dag.py:3089} INFO - Sync 1 DAGs
[2026-02-14T16:21:16.382+0000] {logging_mixin.py:188} INFO - [2026-02-14T16:21:16.382+0000] {dag.py:3947} INFO - Setting next_dagrun for example_short_circuit_decorator to 2026-02-13 00:00:00+00:00, run_after=2026-02-14 00:00:00+00:00
[2026-02-14T16:21:16.392+0000] {processor.py:183} INFO - Processing /home/airflow/.local/lib/python3.12/site-packages/airflow/example_dags/example_short_circuit_decorator.py took 0.050 seconds
