[2026-02-14T15:46:36.963+0000] {processor.py:161} INFO - Started process (PID=43) to work on /home/airflow/.local/lib/python3.12/site-packages/airflow/example_dags/example_trigger_controller_dag.py
[2026-02-14T15:46:36.965+0000] {processor.py:830} INFO - Processing file /home/airflow/.local/lib/python3.12/site-packages/airflow/example_dags/example_trigger_controller_dag.py for tasks to queue
[2026-02-14T15:46:36.967+0000] {logging_mixin.py:188} INFO - [2026-02-14T15:46:36.967+0000] {dagbag.py:545} INFO - Filling up the DagBag from /home/airflow/.local/lib/python3.12/site-packages/airflow/example_dags/example_trigger_controller_dag.py
[2026-02-14T15:46:36.972+0000] {processor.py:840} INFO - DAG(s) 'example_trigger_controller_dag' retrieved from /home/airflow/.local/lib/python3.12/site-packages/airflow/example_dags/example_trigger_controller_dag.py
[2026-02-14T15:46:36.986+0000] {logging_mixin.py:188} INFO - [2026-02-14T15:46:36.986+0000] {dag.py:3089} INFO - Sync 1 DAGs
[2026-02-14T15:46:37.008+0000] {logging_mixin.py:188} INFO - [2026-02-14T15:46:37.008+0000] {dag.py:3947} INFO - Setting next_dagrun for example_trigger_controller_dag to 2021-01-01 00:00:00+00:00, run_after=2021-01-01 00:00:00+00:00
[2026-02-14T15:46:37.029+0000] {processor.py:183} INFO - Processing /home/airflow/.local/lib/python3.12/site-packages/airflow/example_dags/example_trigger_controller_dag.py took 0.073 seconds
[2026-02-14T15:47:07.138+0000] {processor.py:161} INFO - Started process (PID=102) to work on /home/airflow/.local/lib/python3.12/site-packages/airflow/example_dags/example_trigger_controller_dag.py
[2026-02-14T15:47:07.139+0000] {processor.py:830} INFO - Processing file /home/airflow/.local/lib/python3.12/site-packages/airflow/example_dags/example_trigger_controller_dag.py for tasks to queue
[2026-02-14T15:47:07.142+0000] {logging_mixin.py:188} INFO - [2026-02-14T15:47:07.141+0000] {dagbag.py:545} INFO - Filling up the DagBag from /home/airflow/.local/lib/python3.12/site-packages/airflow/example_dags/example_trigger_controller_dag.py
[2026-02-14T15:47:07.144+0000] {processor.py:840} INFO - DAG(s) 'example_trigger_controller_dag' retrieved from /home/airflow/.local/lib/python3.12/site-packages/airflow/example_dags/example_trigger_controller_dag.py
[2026-02-14T15:47:07.181+0000] {logging_mixin.py:188} INFO - [2026-02-14T15:47:07.181+0000] {dag.py:3089} INFO - Sync 1 DAGs
[2026-02-14T15:47:07.189+0000] {logging_mixin.py:188} INFO - [2026-02-14T15:47:07.189+0000] {dag.py:3947} INFO - Setting next_dagrun for example_trigger_controller_dag to 2021-01-01 00:00:00+00:00, run_after=2021-01-01 00:00:00+00:00
[2026-02-14T15:47:07.196+0000] {processor.py:183} INFO - Processing /home/airflow/.local/lib/python3.12/site-packages/airflow/example_dags/example_trigger_controller_dag.py took 0.061 seconds
[2026-02-14T15:47:37.380+0000] {processor.py:161} INFO - Started process (PID=161) to work on /home/airflow/.local/lib/python3.12/site-packages/airflow/example_dags/example_trigger_controller_dag.py
[2026-02-14T15:47:37.381+0000] {processor.py:830} INFO - Processing file /home/airflow/.local/lib/python3.12/site-packages/airflow/example_dags/example_trigger_controller_dag.py for tasks to queue
[2026-02-14T15:47:37.382+0000] {logging_mixin.py:188} INFO - [2026-02-14T15:47:37.382+0000] {dagbag.py:545} INFO - Filling up the DagBag from /home/airflow/.local/lib/python3.12/site-packages/airflow/example_dags/example_trigger_controller_dag.py
[2026-02-14T15:47:37.384+0000] {processor.py:840} INFO - DAG(s) 'example_trigger_controller_dag' retrieved from /home/airflow/.local/lib/python3.12/site-packages/airflow/example_dags/example_trigger_controller_dag.py
[2026-02-14T15:47:37.392+0000] {logging_mixin.py:188} INFO - [2026-02-14T15:47:37.392+0000] {dag.py:3089} INFO - Sync 1 DAGs
[2026-02-14T15:47:37.402+0000] {logging_mixin.py:188} INFO - [2026-02-14T15:47:37.402+0000] {dag.py:3947} INFO - Setting next_dagrun for example_trigger_controller_dag to 2021-01-01 00:00:00+00:00, run_after=2021-01-01 00:00:00+00:00
[2026-02-14T15:47:37.413+0000] {processor.py:183} INFO - Processing /home/airflow/.local/lib/python3.12/site-packages/airflow/example_dags/example_trigger_controller_dag.py took 0.037 seconds
[2026-02-14T15:48:08.005+0000] {processor.py:161} INFO - Started process (PID=220) to work on /home/airflow/.local/lib/python3.12/site-packages/airflow/example_dags/example_trigger_controller_dag.py
[2026-02-14T15:48:08.006+0000] {processor.py:830} INFO - Processing file /home/airflow/.local/lib/python3.12/site-packages/airflow/example_dags/example_trigger_controller_dag.py for tasks to queue
[2026-02-14T15:48:08.007+0000] {logging_mixin.py:188} INFO - [2026-02-14T15:48:08.007+0000] {dagbag.py:545} INFO - Filling up the DagBag from /home/airflow/.local/lib/python3.12/site-packages/airflow/example_dags/example_trigger_controller_dag.py
[2026-02-14T15:48:08.009+0000] {processor.py:840} INFO - DAG(s) 'example_trigger_controller_dag' retrieved from /home/airflow/.local/lib/python3.12/site-packages/airflow/example_dags/example_trigger_controller_dag.py
[2026-02-14T15:48:08.017+0000] {logging_mixin.py:188} INFO - [2026-02-14T15:48:08.016+0000] {dag.py:3089} INFO - Sync 1 DAGs
[2026-02-14T15:48:08.025+0000] {logging_mixin.py:188} INFO - [2026-02-14T15:48:08.025+0000] {dag.py:3947} INFO - Setting next_dagrun for example_trigger_controller_dag to 2021-01-01 00:00:00+00:00, run_after=2021-01-01 00:00:00+00:00
[2026-02-14T15:48:08.035+0000] {processor.py:183} INFO - Processing /home/airflow/.local/lib/python3.12/site-packages/airflow/example_dags/example_trigger_controller_dag.py took 0.033 seconds
[2026-02-14T15:48:38.606+0000] {processor.py:161} INFO - Started process (PID=279) to work on /home/airflow/.local/lib/python3.12/site-packages/airflow/example_dags/example_trigger_controller_dag.py
[2026-02-14T15:48:38.607+0000] {processor.py:830} INFO - Processing file /home/airflow/.local/lib/python3.12/site-packages/airflow/example_dags/example_trigger_controller_dag.py for tasks to queue
[2026-02-14T15:48:38.608+0000] {logging_mixin.py:188} INFO - [2026-02-14T15:48:38.608+0000] {dagbag.py:545} INFO - Filling up the DagBag from /home/airflow/.local/lib/python3.12/site-packages/airflow/example_dags/example_trigger_controller_dag.py
[2026-02-14T15:48:38.611+0000] {processor.py:840} INFO - DAG(s) 'example_trigger_controller_dag' retrieved from /home/airflow/.local/lib/python3.12/site-packages/airflow/example_dags/example_trigger_controller_dag.py
[2026-02-14T15:48:38.622+0000] {logging_mixin.py:188} INFO - [2026-02-14T15:48:38.622+0000] {dag.py:3089} INFO - Sync 1 DAGs
[2026-02-14T15:48:38.631+0000] {logging_mixin.py:188} INFO - [2026-02-14T15:48:38.630+0000] {dag.py:3947} INFO - Setting next_dagrun for example_trigger_controller_dag to 2021-01-01 00:00:00+00:00, run_after=2021-01-01 00:00:00+00:00
[2026-02-14T15:48:38.639+0000] {processor.py:183} INFO - Processing /home/airflow/.local/lib/python3.12/site-packages/airflow/example_dags/example_trigger_controller_dag.py took 0.037 seconds
[2026-02-14T15:49:09.269+0000] {processor.py:161} INFO - Started process (PID=344) to work on /home/airflow/.local/lib/python3.12/site-packages/airflow/example_dags/example_trigger_controller_dag.py
[2026-02-14T15:49:09.270+0000] {processor.py:830} INFO - Processing file /home/airflow/.local/lib/python3.12/site-packages/airflow/example_dags/example_trigger_controller_dag.py for tasks to queue
[2026-02-14T15:49:09.271+0000] {logging_mixin.py:188} INFO - [2026-02-14T15:49:09.271+0000] {dagbag.py:545} INFO - Filling up the DagBag from /home/airflow/.local/lib/python3.12/site-packages/airflow/example_dags/example_trigger_controller_dag.py
[2026-02-14T15:49:09.274+0000] {processor.py:840} INFO - DAG(s) 'example_trigger_controller_dag' retrieved from /home/airflow/.local/lib/python3.12/site-packages/airflow/example_dags/example_trigger_controller_dag.py
[2026-02-14T15:49:09.284+0000] {logging_mixin.py:188} INFO - [2026-02-14T15:49:09.283+0000] {dag.py:3089} INFO - Sync 1 DAGs
[2026-02-14T15:49:09.292+0000] {logging_mixin.py:188} INFO - [2026-02-14T15:49:09.292+0000] {dag.py:3947} INFO - Setting next_dagrun for example_trigger_controller_dag to 2021-01-01 00:00:00+00:00, run_after=2021-01-01 00:00:00+00:00
[2026-02-14T15:49:09.304+0000] {processor.py:183} INFO - Processing /home/airflow/.local/lib/python3.12/site-packages/airflow/example_dags/example_trigger_controller_dag.py took 0.038 seconds
[2026-02-14T15:49:39.685+0000] {processor.py:161} INFO - Started process (PID=403) to work on /home/airflow/.local/lib/python3.12/site-packages/airflow/example_dags/example_trigger_controller_dag.py
[2026-02-14T15:49:39.685+0000] {processor.py:830} INFO - Processing file /home/airflow/.local/lib/python3.12/site-packages/airflow/example_dags/example_trigger_controller_dag.py for tasks to queue
[2026-02-14T15:49:39.686+0000] {logging_mixin.py:188} INFO - [2026-02-14T15:49:39.686+0000] {dagbag.py:545} INFO - Filling up the DagBag from /home/airflow/.local/lib/python3.12/site-packages/airflow/example_dags/example_trigger_controller_dag.py
[2026-02-14T15:49:39.688+0000] {processor.py:840} INFO - DAG(s) 'example_trigger_controller_dag' retrieved from /home/airflow/.local/lib/python3.12/site-packages/airflow/example_dags/example_trigger_controller_dag.py
[2026-02-14T15:49:39.695+0000] {logging_mixin.py:188} INFO - [2026-02-14T15:49:39.695+0000] {dag.py:3089} INFO - Sync 1 DAGs
[2026-02-14T15:49:39.703+0000] {logging_mixin.py:188} INFO - [2026-02-14T15:49:39.703+0000] {dag.py:3947} INFO - Setting next_dagrun for example_trigger_controller_dag to 2021-01-01 00:00:00+00:00, run_after=2021-01-01 00:00:00+00:00
[2026-02-14T15:49:39.710+0000] {processor.py:183} INFO - Processing /home/airflow/.local/lib/python3.12/site-packages/airflow/example_dags/example_trigger_controller_dag.py took 0.027 seconds
[2026-02-14T15:50:10.052+0000] {processor.py:161} INFO - Started process (PID=462) to work on /home/airflow/.local/lib/python3.12/site-packages/airflow/example_dags/example_trigger_controller_dag.py
[2026-02-14T15:50:10.052+0000] {processor.py:830} INFO - Processing file /home/airflow/.local/lib/python3.12/site-packages/airflow/example_dags/example_trigger_controller_dag.py for tasks to queue
[2026-02-14T15:50:10.053+0000] {logging_mixin.py:188} INFO - [2026-02-14T15:50:10.053+0000] {dagbag.py:545} INFO - Filling up the DagBag from /home/airflow/.local/lib/python3.12/site-packages/airflow/example_dags/example_trigger_controller_dag.py
[2026-02-14T15:50:10.055+0000] {processor.py:840} INFO - DAG(s) 'example_trigger_controller_dag' retrieved from /home/airflow/.local/lib/python3.12/site-packages/airflow/example_dags/example_trigger_controller_dag.py
[2026-02-14T15:50:10.062+0000] {logging_mixin.py:188} INFO - [2026-02-14T15:50:10.062+0000] {dag.py:3089} INFO - Sync 1 DAGs
[2026-02-14T15:50:10.071+0000] {logging_mixin.py:188} INFO - [2026-02-14T15:50:10.071+0000] {dag.py:3947} INFO - Setting next_dagrun for example_trigger_controller_dag to 2021-01-01 00:00:00+00:00, run_after=2021-01-01 00:00:00+00:00
[2026-02-14T15:50:10.081+0000] {processor.py:183} INFO - Processing /home/airflow/.local/lib/python3.12/site-packages/airflow/example_dags/example_trigger_controller_dag.py took 0.031 seconds
[2026-02-14T15:50:40.467+0000] {processor.py:161} INFO - Started process (PID=521) to work on /home/airflow/.local/lib/python3.12/site-packages/airflow/example_dags/example_trigger_controller_dag.py
[2026-02-14T15:50:40.467+0000] {processor.py:830} INFO - Processing file /home/airflow/.local/lib/python3.12/site-packages/airflow/example_dags/example_trigger_controller_dag.py for tasks to queue
[2026-02-14T15:50:40.468+0000] {logging_mixin.py:188} INFO - [2026-02-14T15:50:40.468+0000] {dagbag.py:545} INFO - Filling up the DagBag from /home/airflow/.local/lib/python3.12/site-packages/airflow/example_dags/example_trigger_controller_dag.py
[2026-02-14T15:50:40.472+0000] {processor.py:840} INFO - DAG(s) 'example_trigger_controller_dag' retrieved from /home/airflow/.local/lib/python3.12/site-packages/airflow/example_dags/example_trigger_controller_dag.py
[2026-02-14T15:50:40.480+0000] {logging_mixin.py:188} INFO - [2026-02-14T15:50:40.480+0000] {dag.py:3089} INFO - Sync 1 DAGs
[2026-02-14T15:50:40.489+0000] {logging_mixin.py:188} INFO - [2026-02-14T15:50:40.488+0000] {dag.py:3947} INFO - Setting next_dagrun for example_trigger_controller_dag to 2021-01-01 00:00:00+00:00, run_after=2021-01-01 00:00:00+00:00
[2026-02-14T15:50:40.497+0000] {processor.py:183} INFO - Processing /home/airflow/.local/lib/python3.12/site-packages/airflow/example_dags/example_trigger_controller_dag.py took 0.033 seconds
[2026-02-14T15:51:11.074+0000] {processor.py:161} INFO - Started process (PID=580) to work on /home/airflow/.local/lib/python3.12/site-packages/airflow/example_dags/example_trigger_controller_dag.py
[2026-02-14T15:51:11.075+0000] {processor.py:830} INFO - Processing file /home/airflow/.local/lib/python3.12/site-packages/airflow/example_dags/example_trigger_controller_dag.py for tasks to queue
[2026-02-14T15:51:11.076+0000] {logging_mixin.py:188} INFO - [2026-02-14T15:51:11.076+0000] {dagbag.py:545} INFO - Filling up the DagBag from /home/airflow/.local/lib/python3.12/site-packages/airflow/example_dags/example_trigger_controller_dag.py
[2026-02-14T15:51:11.079+0000] {processor.py:840} INFO - DAG(s) 'example_trigger_controller_dag' retrieved from /home/airflow/.local/lib/python3.12/site-packages/airflow/example_dags/example_trigger_controller_dag.py
[2026-02-14T15:51:11.092+0000] {logging_mixin.py:188} INFO - [2026-02-14T15:51:11.092+0000] {dag.py:3089} INFO - Sync 1 DAGs
[2026-02-14T15:51:11.105+0000] {logging_mixin.py:188} INFO - [2026-02-14T15:51:11.105+0000] {dag.py:3947} INFO - Setting next_dagrun for example_trigger_controller_dag to 2021-01-01 00:00:00+00:00, run_after=2021-01-01 00:00:00+00:00
[2026-02-14T15:51:11.121+0000] {processor.py:183} INFO - Processing /home/airflow/.local/lib/python3.12/site-packages/airflow/example_dags/example_trigger_controller_dag.py took 0.050 seconds
[2026-02-14T15:51:41.697+0000] {processor.py:161} INFO - Started process (PID=639) to work on /home/airflow/.local/lib/python3.12/site-packages/airflow/example_dags/example_trigger_controller_dag.py
[2026-02-14T15:51:41.697+0000] {processor.py:830} INFO - Processing file /home/airflow/.local/lib/python3.12/site-packages/airflow/example_dags/example_trigger_controller_dag.py for tasks to queue
[2026-02-14T15:51:41.698+0000] {logging_mixin.py:188} INFO - [2026-02-14T15:51:41.698+0000] {dagbag.py:545} INFO - Filling up the DagBag from /home/airflow/.local/lib/python3.12/site-packages/airflow/example_dags/example_trigger_controller_dag.py
[2026-02-14T15:51:41.701+0000] {processor.py:840} INFO - DAG(s) 'example_trigger_controller_dag' retrieved from /home/airflow/.local/lib/python3.12/site-packages/airflow/example_dags/example_trigger_controller_dag.py
[2026-02-14T15:51:41.709+0000] {logging_mixin.py:188} INFO - [2026-02-14T15:51:41.709+0000] {dag.py:3089} INFO - Sync 1 DAGs
[2026-02-14T15:51:41.717+0000] {logging_mixin.py:188} INFO - [2026-02-14T15:51:41.717+0000] {dag.py:3947} INFO - Setting next_dagrun for example_trigger_controller_dag to 2021-01-01 00:00:00+00:00, run_after=2021-01-01 00:00:00+00:00
[2026-02-14T15:51:41.723+0000] {processor.py:183} INFO - Processing /home/airflow/.local/lib/python3.12/site-packages/airflow/example_dags/example_trigger_controller_dag.py took 0.030 seconds
[2026-02-14T15:52:12.137+0000] {processor.py:161} INFO - Started process (PID=698) to work on /home/airflow/.local/lib/python3.12/site-packages/airflow/example_dags/example_trigger_controller_dag.py
[2026-02-14T15:52:12.138+0000] {processor.py:830} INFO - Processing file /home/airflow/.local/lib/python3.12/site-packages/airflow/example_dags/example_trigger_controller_dag.py for tasks to queue
[2026-02-14T15:52:12.139+0000] {logging_mixin.py:188} INFO - [2026-02-14T15:52:12.138+0000] {dagbag.py:545} INFO - Filling up the DagBag from /home/airflow/.local/lib/python3.12/site-packages/airflow/example_dags/example_trigger_controller_dag.py
[2026-02-14T15:52:12.140+0000] {processor.py:840} INFO - DAG(s) 'example_trigger_controller_dag' retrieved from /home/airflow/.local/lib/python3.12/site-packages/airflow/example_dags/example_trigger_controller_dag.py
[2026-02-14T15:52:12.148+0000] {logging_mixin.py:188} INFO - [2026-02-14T15:52:12.148+0000] {dag.py:3089} INFO - Sync 1 DAGs
[2026-02-14T15:52:12.155+0000] {logging_mixin.py:188} INFO - [2026-02-14T15:52:12.155+0000] {dag.py:3947} INFO - Setting next_dagrun for example_trigger_controller_dag to 2021-01-01 00:00:00+00:00, run_after=2021-01-01 00:00:00+00:00
[2026-02-14T15:52:12.162+0000] {processor.py:183} INFO - Processing /home/airflow/.local/lib/python3.12/site-packages/airflow/example_dags/example_trigger_controller_dag.py took 0.027 seconds
[2026-02-14T15:52:42.644+0000] {processor.py:161} INFO - Started process (PID=757) to work on /home/airflow/.local/lib/python3.12/site-packages/airflow/example_dags/example_trigger_controller_dag.py
[2026-02-14T15:52:42.645+0000] {processor.py:830} INFO - Processing file /home/airflow/.local/lib/python3.12/site-packages/airflow/example_dags/example_trigger_controller_dag.py for tasks to queue
[2026-02-14T15:52:42.646+0000] {logging_mixin.py:188} INFO - [2026-02-14T15:52:42.645+0000] {dagbag.py:545} INFO - Filling up the DagBag from /home/airflow/.local/lib/python3.12/site-packages/airflow/example_dags/example_trigger_controller_dag.py
[2026-02-14T15:52:42.648+0000] {processor.py:840} INFO - DAG(s) 'example_trigger_controller_dag' retrieved from /home/airflow/.local/lib/python3.12/site-packages/airflow/example_dags/example_trigger_controller_dag.py
[2026-02-14T15:52:42.656+0000] {logging_mixin.py:188} INFO - [2026-02-14T15:52:42.656+0000] {dag.py:3089} INFO - Sync 1 DAGs
[2026-02-14T15:52:42.664+0000] {logging_mixin.py:188} INFO - [2026-02-14T15:52:42.664+0000] {dag.py:3947} INFO - Setting next_dagrun for example_trigger_controller_dag to 2021-01-01 00:00:00+00:00, run_after=2021-01-01 00:00:00+00:00
[2026-02-14T15:52:42.675+0000] {processor.py:183} INFO - Processing /home/airflow/.local/lib/python3.12/site-packages/airflow/example_dags/example_trigger_controller_dag.py took 0.033 seconds
[2026-02-14T15:53:12.982+0000] {processor.py:161} INFO - Started process (PID=816) to work on /home/airflow/.local/lib/python3.12/site-packages/airflow/example_dags/example_trigger_controller_dag.py
[2026-02-14T15:53:12.982+0000] {processor.py:830} INFO - Processing file /home/airflow/.local/lib/python3.12/site-packages/airflow/example_dags/example_trigger_controller_dag.py for tasks to queue
[2026-02-14T15:53:12.983+0000] {logging_mixin.py:188} INFO - [2026-02-14T15:53:12.983+0000] {dagbag.py:545} INFO - Filling up the DagBag from /home/airflow/.local/lib/python3.12/site-packages/airflow/example_dags/example_trigger_controller_dag.py
[2026-02-14T15:53:12.985+0000] {processor.py:840} INFO - DAG(s) 'example_trigger_controller_dag' retrieved from /home/airflow/.local/lib/python3.12/site-packages/airflow/example_dags/example_trigger_controller_dag.py
[2026-02-14T15:53:12.992+0000] {logging_mixin.py:188} INFO - [2026-02-14T15:53:12.992+0000] {dag.py:3089} INFO - Sync 1 DAGs
[2026-02-14T15:53:12.999+0000] {logging_mixin.py:188} INFO - [2026-02-14T15:53:12.999+0000] {dag.py:3947} INFO - Setting next_dagrun for example_trigger_controller_dag to 2021-01-01 00:00:00+00:00, run_after=2021-01-01 00:00:00+00:00
[2026-02-14T15:53:13.005+0000] {processor.py:183} INFO - Processing /home/airflow/.local/lib/python3.12/site-packages/airflow/example_dags/example_trigger_controller_dag.py took 0.025 seconds
[2026-02-14T15:53:43.284+0000] {processor.py:161} INFO - Started process (PID=875) to work on /home/airflow/.local/lib/python3.12/site-packages/airflow/example_dags/example_trigger_controller_dag.py
[2026-02-14T15:53:43.285+0000] {processor.py:830} INFO - Processing file /home/airflow/.local/lib/python3.12/site-packages/airflow/example_dags/example_trigger_controller_dag.py for tasks to queue
[2026-02-14T15:53:43.286+0000] {logging_mixin.py:188} INFO - [2026-02-14T15:53:43.285+0000] {dagbag.py:545} INFO - Filling up the DagBag from /home/airflow/.local/lib/python3.12/site-packages/airflow/example_dags/example_trigger_controller_dag.py
[2026-02-14T15:53:43.288+0000] {processor.py:840} INFO - DAG(s) 'example_trigger_controller_dag' retrieved from /home/airflow/.local/lib/python3.12/site-packages/airflow/example_dags/example_trigger_controller_dag.py
[2026-02-14T15:53:43.295+0000] {logging_mixin.py:188} INFO - [2026-02-14T15:53:43.295+0000] {dag.py:3089} INFO - Sync 1 DAGs
[2026-02-14T15:53:43.302+0000] {logging_mixin.py:188} INFO - [2026-02-14T15:53:43.302+0000] {dag.py:3947} INFO - Setting next_dagrun for example_trigger_controller_dag to 2021-01-01 00:00:00+00:00, run_after=2021-01-01 00:00:00+00:00
[2026-02-14T15:53:43.309+0000] {processor.py:183} INFO - Processing /home/airflow/.local/lib/python3.12/site-packages/airflow/example_dags/example_trigger_controller_dag.py took 0.027 seconds
[2026-02-14T15:54:13.733+0000] {processor.py:161} INFO - Started process (PID=934) to work on /home/airflow/.local/lib/python3.12/site-packages/airflow/example_dags/example_trigger_controller_dag.py
[2026-02-14T15:54:13.733+0000] {processor.py:830} INFO - Processing file /home/airflow/.local/lib/python3.12/site-packages/airflow/example_dags/example_trigger_controller_dag.py for tasks to queue
[2026-02-14T15:54:13.734+0000] {logging_mixin.py:188} INFO - [2026-02-14T15:54:13.734+0000] {dagbag.py:545} INFO - Filling up the DagBag from /home/airflow/.local/lib/python3.12/site-packages/airflow/example_dags/example_trigger_controller_dag.py
[2026-02-14T15:54:13.736+0000] {processor.py:840} INFO - DAG(s) 'example_trigger_controller_dag' retrieved from /home/airflow/.local/lib/python3.12/site-packages/airflow/example_dags/example_trigger_controller_dag.py
[2026-02-14T15:54:13.743+0000] {logging_mixin.py:188} INFO - [2026-02-14T15:54:13.743+0000] {dag.py:3089} INFO - Sync 1 DAGs
[2026-02-14T15:54:13.751+0000] {logging_mixin.py:188} INFO - [2026-02-14T15:54:13.751+0000] {dag.py:3947} INFO - Setting next_dagrun for example_trigger_controller_dag to 2021-01-01 00:00:00+00:00, run_after=2021-01-01 00:00:00+00:00
[2026-02-14T15:54:13.761+0000] {processor.py:183} INFO - Processing /home/airflow/.local/lib/python3.12/site-packages/airflow/example_dags/example_trigger_controller_dag.py took 0.031 seconds
[2026-02-14T15:54:44.221+0000] {processor.py:161} INFO - Started process (PID=993) to work on /home/airflow/.local/lib/python3.12/site-packages/airflow/example_dags/example_trigger_controller_dag.py
[2026-02-14T15:54:44.222+0000] {processor.py:830} INFO - Processing file /home/airflow/.local/lib/python3.12/site-packages/airflow/example_dags/example_trigger_controller_dag.py for tasks to queue
[2026-02-14T15:54:44.223+0000] {logging_mixin.py:188} INFO - [2026-02-14T15:54:44.223+0000] {dagbag.py:545} INFO - Filling up the DagBag from /home/airflow/.local/lib/python3.12/site-packages/airflow/example_dags/example_trigger_controller_dag.py
[2026-02-14T15:54:44.225+0000] {processor.py:840} INFO - DAG(s) 'example_trigger_controller_dag' retrieved from /home/airflow/.local/lib/python3.12/site-packages/airflow/example_dags/example_trigger_controller_dag.py
[2026-02-14T15:54:44.237+0000] {logging_mixin.py:188} INFO - [2026-02-14T15:54:44.237+0000] {dag.py:3089} INFO - Sync 1 DAGs
[2026-02-14T15:54:44.248+0000] {logging_mixin.py:188} INFO - [2026-02-14T15:54:44.248+0000] {dag.py:3947} INFO - Setting next_dagrun for example_trigger_controller_dag to 2021-01-01 00:00:00+00:00, run_after=2021-01-01 00:00:00+00:00
[2026-02-14T15:54:44.256+0000] {processor.py:183} INFO - Processing /home/airflow/.local/lib/python3.12/site-packages/airflow/example_dags/example_trigger_controller_dag.py took 0.040 seconds
[2026-02-14T15:55:15.232+0000] {processor.py:161} INFO - Started process (PID=1052) to work on /home/airflow/.local/lib/python3.12/site-packages/airflow/example_dags/example_trigger_controller_dag.py
[2026-02-14T15:55:15.234+0000] {processor.py:830} INFO - Processing file /home/airflow/.local/lib/python3.12/site-packages/airflow/example_dags/example_trigger_controller_dag.py for tasks to queue
[2026-02-14T15:55:15.235+0000] {logging_mixin.py:188} INFO - [2026-02-14T15:55:15.235+0000] {dagbag.py:545} INFO - Filling up the DagBag from /home/airflow/.local/lib/python3.12/site-packages/airflow/example_dags/example_trigger_controller_dag.py
[2026-02-14T15:55:15.239+0000] {processor.py:840} INFO - DAG(s) 'example_trigger_controller_dag' retrieved from /home/airflow/.local/lib/python3.12/site-packages/airflow/example_dags/example_trigger_controller_dag.py
[2026-02-14T15:55:15.271+0000] {logging_mixin.py:188} INFO - [2026-02-14T15:55:15.270+0000] {dag.py:3089} INFO - Sync 1 DAGs
[2026-02-14T15:55:15.288+0000] {logging_mixin.py:188} INFO - [2026-02-14T15:55:15.287+0000] {dag.py:3947} INFO - Setting next_dagrun for example_trigger_controller_dag to 2021-01-01 00:00:00+00:00, run_after=2021-01-01 00:00:00+00:00
[2026-02-14T15:55:15.333+0000] {processor.py:183} INFO - Processing /home/airflow/.local/lib/python3.12/site-packages/airflow/example_dags/example_trigger_controller_dag.py took 0.104 seconds
[2026-02-14T15:55:46.175+0000] {processor.py:161} INFO - Started process (PID=1110) to work on /home/airflow/.local/lib/python3.12/site-packages/airflow/example_dags/example_trigger_controller_dag.py
[2026-02-14T15:55:46.176+0000] {processor.py:830} INFO - Processing file /home/airflow/.local/lib/python3.12/site-packages/airflow/example_dags/example_trigger_controller_dag.py for tasks to queue
[2026-02-14T15:55:46.177+0000] {logging_mixin.py:188} INFO - [2026-02-14T15:55:46.176+0000] {dagbag.py:545} INFO - Filling up the DagBag from /home/airflow/.local/lib/python3.12/site-packages/airflow/example_dags/example_trigger_controller_dag.py
[2026-02-14T15:55:46.179+0000] {processor.py:840} INFO - DAG(s) 'example_trigger_controller_dag' retrieved from /home/airflow/.local/lib/python3.12/site-packages/airflow/example_dags/example_trigger_controller_dag.py
[2026-02-14T15:55:46.188+0000] {logging_mixin.py:188} INFO - [2026-02-14T15:55:46.188+0000] {dag.py:3089} INFO - Sync 1 DAGs
[2026-02-14T15:55:46.196+0000] {logging_mixin.py:188} INFO - [2026-02-14T15:55:46.196+0000] {dag.py:3947} INFO - Setting next_dagrun for example_trigger_controller_dag to 2021-01-01 00:00:00+00:00, run_after=2021-01-01 00:00:00+00:00
[2026-02-14T15:55:46.203+0000] {processor.py:183} INFO - Processing /home/airflow/.local/lib/python3.12/site-packages/airflow/example_dags/example_trigger_controller_dag.py took 0.032 seconds
[2026-02-14T15:56:16.686+0000] {processor.py:161} INFO - Started process (PID=1169) to work on /home/airflow/.local/lib/python3.12/site-packages/airflow/example_dags/example_trigger_controller_dag.py
[2026-02-14T15:56:16.686+0000] {processor.py:830} INFO - Processing file /home/airflow/.local/lib/python3.12/site-packages/airflow/example_dags/example_trigger_controller_dag.py for tasks to queue
[2026-02-14T15:56:16.687+0000] {logging_mixin.py:188} INFO - [2026-02-14T15:56:16.687+0000] {dagbag.py:545} INFO - Filling up the DagBag from /home/airflow/.local/lib/python3.12/site-packages/airflow/example_dags/example_trigger_controller_dag.py
[2026-02-14T15:56:16.689+0000] {processor.py:840} INFO - DAG(s) 'example_trigger_controller_dag' retrieved from /home/airflow/.local/lib/python3.12/site-packages/airflow/example_dags/example_trigger_controller_dag.py
[2026-02-14T15:56:16.698+0000] {logging_mixin.py:188} INFO - [2026-02-14T15:56:16.698+0000] {dag.py:3089} INFO - Sync 1 DAGs
[2026-02-14T15:56:16.705+0000] {logging_mixin.py:188} INFO - [2026-02-14T15:56:16.705+0000] {dag.py:3947} INFO - Setting next_dagrun for example_trigger_controller_dag to 2021-01-01 00:00:00+00:00, run_after=2021-01-01 00:00:00+00:00
[2026-02-14T15:56:16.711+0000] {processor.py:183} INFO - Processing /home/airflow/.local/lib/python3.12/site-packages/airflow/example_dags/example_trigger_controller_dag.py took 0.028 seconds
[2026-02-14T15:56:47.186+0000] {processor.py:161} INFO - Started process (PID=1228) to work on /home/airflow/.local/lib/python3.12/site-packages/airflow/example_dags/example_trigger_controller_dag.py
[2026-02-14T15:56:47.187+0000] {processor.py:830} INFO - Processing file /home/airflow/.local/lib/python3.12/site-packages/airflow/example_dags/example_trigger_controller_dag.py for tasks to queue
[2026-02-14T15:56:47.188+0000] {logging_mixin.py:188} INFO - [2026-02-14T15:56:47.187+0000] {dagbag.py:545} INFO - Filling up the DagBag from /home/airflow/.local/lib/python3.12/site-packages/airflow/example_dags/example_trigger_controller_dag.py
[2026-02-14T15:56:47.190+0000] {processor.py:840} INFO - DAG(s) 'example_trigger_controller_dag' retrieved from /home/airflow/.local/lib/python3.12/site-packages/airflow/example_dags/example_trigger_controller_dag.py
[2026-02-14T15:56:47.199+0000] {logging_mixin.py:188} INFO - [2026-02-14T15:56:47.199+0000] {dag.py:3089} INFO - Sync 1 DAGs
[2026-02-14T15:56:47.207+0000] {logging_mixin.py:188} INFO - [2026-02-14T15:56:47.207+0000] {dag.py:3947} INFO - Setting next_dagrun for example_trigger_controller_dag to 2021-01-01 00:00:00+00:00, run_after=2021-01-01 00:00:00+00:00
[2026-02-14T15:56:47.213+0000] {processor.py:183} INFO - Processing /home/airflow/.local/lib/python3.12/site-packages/airflow/example_dags/example_trigger_controller_dag.py took 0.031 seconds
[2026-02-14T15:57:17.739+0000] {processor.py:161} INFO - Started process (PID=1287) to work on /home/airflow/.local/lib/python3.12/site-packages/airflow/example_dags/example_trigger_controller_dag.py
[2026-02-14T15:57:17.739+0000] {processor.py:830} INFO - Processing file /home/airflow/.local/lib/python3.12/site-packages/airflow/example_dags/example_trigger_controller_dag.py for tasks to queue
[2026-02-14T15:57:17.740+0000] {logging_mixin.py:188} INFO - [2026-02-14T15:57:17.740+0000] {dagbag.py:545} INFO - Filling up the DagBag from /home/airflow/.local/lib/python3.12/site-packages/airflow/example_dags/example_trigger_controller_dag.py
[2026-02-14T15:57:17.742+0000] {processor.py:840} INFO - DAG(s) 'example_trigger_controller_dag' retrieved from /home/airflow/.local/lib/python3.12/site-packages/airflow/example_dags/example_trigger_controller_dag.py
[2026-02-14T15:57:17.749+0000] {logging_mixin.py:188} INFO - [2026-02-14T15:57:17.749+0000] {dag.py:3089} INFO - Sync 1 DAGs
[2026-02-14T15:57:17.756+0000] {logging_mixin.py:188} INFO - [2026-02-14T15:57:17.756+0000] {dag.py:3947} INFO - Setting next_dagrun for example_trigger_controller_dag to 2021-01-01 00:00:00+00:00, run_after=2021-01-01 00:00:00+00:00
[2026-02-14T15:57:17.763+0000] {processor.py:183} INFO - Processing /home/airflow/.local/lib/python3.12/site-packages/airflow/example_dags/example_trigger_controller_dag.py took 0.027 seconds
[2026-02-14T15:57:48.499+0000] {processor.py:161} INFO - Started process (PID=1346) to work on /home/airflow/.local/lib/python3.12/site-packages/airflow/example_dags/example_trigger_controller_dag.py
[2026-02-14T15:57:48.499+0000] {processor.py:830} INFO - Processing file /home/airflow/.local/lib/python3.12/site-packages/airflow/example_dags/example_trigger_controller_dag.py for tasks to queue
[2026-02-14T15:57:48.500+0000] {logging_mixin.py:188} INFO - [2026-02-14T15:57:48.500+0000] {dagbag.py:545} INFO - Filling up the DagBag from /home/airflow/.local/lib/python3.12/site-packages/airflow/example_dags/example_trigger_controller_dag.py
[2026-02-14T15:57:48.503+0000] {processor.py:840} INFO - DAG(s) 'example_trigger_controller_dag' retrieved from /home/airflow/.local/lib/python3.12/site-packages/airflow/example_dags/example_trigger_controller_dag.py
[2026-02-14T15:57:48.521+0000] {logging_mixin.py:188} INFO - [2026-02-14T15:57:48.521+0000] {dag.py:3089} INFO - Sync 1 DAGs
[2026-02-14T15:57:48.534+0000] {logging_mixin.py:188} INFO - [2026-02-14T15:57:48.533+0000] {dag.py:3947} INFO - Setting next_dagrun for example_trigger_controller_dag to 2021-01-01 00:00:00+00:00, run_after=2021-01-01 00:00:00+00:00
[2026-02-14T15:57:48.541+0000] {processor.py:183} INFO - Processing /home/airflow/.local/lib/python3.12/site-packages/airflow/example_dags/example_trigger_controller_dag.py took 0.045 seconds
[2026-02-14T15:58:18.843+0000] {processor.py:161} INFO - Started process (PID=1405) to work on /home/airflow/.local/lib/python3.12/site-packages/airflow/example_dags/example_trigger_controller_dag.py
[2026-02-14T15:58:18.843+0000] {processor.py:830} INFO - Processing file /home/airflow/.local/lib/python3.12/site-packages/airflow/example_dags/example_trigger_controller_dag.py for tasks to queue
[2026-02-14T15:58:18.845+0000] {logging_mixin.py:188} INFO - [2026-02-14T15:58:18.845+0000] {dagbag.py:545} INFO - Filling up the DagBag from /home/airflow/.local/lib/python3.12/site-packages/airflow/example_dags/example_trigger_controller_dag.py
[2026-02-14T15:58:18.848+0000] {processor.py:840} INFO - DAG(s) 'example_trigger_controller_dag' retrieved from /home/airflow/.local/lib/python3.12/site-packages/airflow/example_dags/example_trigger_controller_dag.py
[2026-02-14T15:58:18.866+0000] {logging_mixin.py:188} INFO - [2026-02-14T15:58:18.866+0000] {dag.py:3089} INFO - Sync 1 DAGs
[2026-02-14T15:58:18.875+0000] {logging_mixin.py:188} INFO - [2026-02-14T15:58:18.875+0000] {dag.py:3947} INFO - Setting next_dagrun for example_trigger_controller_dag to 2021-01-01 00:00:00+00:00, run_after=2021-01-01 00:00:00+00:00
[2026-02-14T15:58:18.891+0000] {processor.py:183} INFO - Processing /home/airflow/.local/lib/python3.12/site-packages/airflow/example_dags/example_trigger_controller_dag.py took 0.051 seconds
[2026-02-14T15:58:49.239+0000] {processor.py:161} INFO - Started process (PID=1464) to work on /home/airflow/.local/lib/python3.12/site-packages/airflow/example_dags/example_trigger_controller_dag.py
[2026-02-14T15:58:49.240+0000] {processor.py:830} INFO - Processing file /home/airflow/.local/lib/python3.12/site-packages/airflow/example_dags/example_trigger_controller_dag.py for tasks to queue
[2026-02-14T15:58:49.241+0000] {logging_mixin.py:188} INFO - [2026-02-14T15:58:49.241+0000] {dagbag.py:545} INFO - Filling up the DagBag from /home/airflow/.local/lib/python3.12/site-packages/airflow/example_dags/example_trigger_controller_dag.py
[2026-02-14T15:58:49.243+0000] {processor.py:840} INFO - DAG(s) 'example_trigger_controller_dag' retrieved from /home/airflow/.local/lib/python3.12/site-packages/airflow/example_dags/example_trigger_controller_dag.py
[2026-02-14T15:58:49.251+0000] {logging_mixin.py:188} INFO - [2026-02-14T15:58:49.251+0000] {dag.py:3089} INFO - Sync 1 DAGs
[2026-02-14T15:58:49.259+0000] {logging_mixin.py:188} INFO - [2026-02-14T15:58:49.259+0000] {dag.py:3947} INFO - Setting next_dagrun for example_trigger_controller_dag to 2021-01-01 00:00:00+00:00, run_after=2021-01-01 00:00:00+00:00
[2026-02-14T15:58:49.265+0000] {processor.py:183} INFO - Processing /home/airflow/.local/lib/python3.12/site-packages/airflow/example_dags/example_trigger_controller_dag.py took 0.029 seconds
[2026-02-14T15:59:19.399+0000] {processor.py:161} INFO - Started process (PID=1522) to work on /home/airflow/.local/lib/python3.12/site-packages/airflow/example_dags/example_trigger_controller_dag.py
[2026-02-14T15:59:19.399+0000] {processor.py:830} INFO - Processing file /home/airflow/.local/lib/python3.12/site-packages/airflow/example_dags/example_trigger_controller_dag.py for tasks to queue
[2026-02-14T15:59:19.400+0000] {logging_mixin.py:188} INFO - [2026-02-14T15:59:19.400+0000] {dagbag.py:545} INFO - Filling up the DagBag from /home/airflow/.local/lib/python3.12/site-packages/airflow/example_dags/example_trigger_controller_dag.py
[2026-02-14T15:59:19.402+0000] {processor.py:840} INFO - DAG(s) 'example_trigger_controller_dag' retrieved from /home/airflow/.local/lib/python3.12/site-packages/airflow/example_dags/example_trigger_controller_dag.py
[2026-02-14T15:59:19.408+0000] {logging_mixin.py:188} INFO - [2026-02-14T15:59:19.408+0000] {dag.py:3089} INFO - Sync 1 DAGs
[2026-02-14T15:59:19.470+0000] {logging_mixin.py:188} INFO - [2026-02-14T15:59:19.470+0000] {dag.py:3947} INFO - Setting next_dagrun for example_trigger_controller_dag to 2021-01-01 00:00:00+00:00, run_after=2021-01-01 00:00:00+00:00
[2026-02-14T15:59:19.475+0000] {processor.py:183} INFO - Processing /home/airflow/.local/lib/python3.12/site-packages/airflow/example_dags/example_trigger_controller_dag.py took 0.079 seconds
[2026-02-14T15:59:50.321+0000] {processor.py:161} INFO - Started process (PID=1582) to work on /home/airflow/.local/lib/python3.12/site-packages/airflow/example_dags/example_trigger_controller_dag.py
[2026-02-14T15:59:50.321+0000] {processor.py:830} INFO - Processing file /home/airflow/.local/lib/python3.12/site-packages/airflow/example_dags/example_trigger_controller_dag.py for tasks to queue
[2026-02-14T15:59:50.322+0000] {logging_mixin.py:188} INFO - [2026-02-14T15:59:50.322+0000] {dagbag.py:545} INFO - Filling up the DagBag from /home/airflow/.local/lib/python3.12/site-packages/airflow/example_dags/example_trigger_controller_dag.py
[2026-02-14T15:59:50.324+0000] {processor.py:840} INFO - DAG(s) 'example_trigger_controller_dag' retrieved from /home/airflow/.local/lib/python3.12/site-packages/airflow/example_dags/example_trigger_controller_dag.py
[2026-02-14T15:59:50.332+0000] {logging_mixin.py:188} INFO - [2026-02-14T15:59:50.332+0000] {dag.py:3089} INFO - Sync 1 DAGs
[2026-02-14T15:59:50.339+0000] {logging_mixin.py:188} INFO - [2026-02-14T15:59:50.339+0000] {dag.py:3947} INFO - Setting next_dagrun for example_trigger_controller_dag to 2021-01-01 00:00:00+00:00, run_after=2021-01-01 00:00:00+00:00
[2026-02-14T15:59:50.420+0000] {processor.py:183} INFO - Processing /home/airflow/.local/lib/python3.12/site-packages/airflow/example_dags/example_trigger_controller_dag.py took 0.102 seconds
[2026-02-14T16:00:20.768+0000] {processor.py:161} INFO - Started process (PID=1641) to work on /home/airflow/.local/lib/python3.12/site-packages/airflow/example_dags/example_trigger_controller_dag.py
[2026-02-14T16:00:20.769+0000] {processor.py:830} INFO - Processing file /home/airflow/.local/lib/python3.12/site-packages/airflow/example_dags/example_trigger_controller_dag.py for tasks to queue
[2026-02-14T16:00:20.769+0000] {logging_mixin.py:188} INFO - [2026-02-14T16:00:20.769+0000] {dagbag.py:545} INFO - Filling up the DagBag from /home/airflow/.local/lib/python3.12/site-packages/airflow/example_dags/example_trigger_controller_dag.py
[2026-02-14T16:00:20.772+0000] {processor.py:840} INFO - DAG(s) 'example_trigger_controller_dag' retrieved from /home/airflow/.local/lib/python3.12/site-packages/airflow/example_dags/example_trigger_controller_dag.py
[2026-02-14T16:00:20.779+0000] {logging_mixin.py:188} INFO - [2026-02-14T16:00:20.779+0000] {dag.py:3089} INFO - Sync 1 DAGs
[2026-02-14T16:00:20.787+0000] {logging_mixin.py:188} INFO - [2026-02-14T16:00:20.787+0000] {dag.py:3947} INFO - Setting next_dagrun for example_trigger_controller_dag to 2021-01-01 00:00:00+00:00, run_after=2021-01-01 00:00:00+00:00
[2026-02-14T16:00:20.796+0000] {processor.py:183} INFO - Processing /home/airflow/.local/lib/python3.12/site-packages/airflow/example_dags/example_trigger_controller_dag.py took 0.031 seconds
[2026-02-14T16:00:51.269+0000] {processor.py:161} INFO - Started process (PID=1700) to work on /home/airflow/.local/lib/python3.12/site-packages/airflow/example_dags/example_trigger_controller_dag.py
[2026-02-14T16:00:51.270+0000] {processor.py:830} INFO - Processing file /home/airflow/.local/lib/python3.12/site-packages/airflow/example_dags/example_trigger_controller_dag.py for tasks to queue
[2026-02-14T16:00:51.271+0000] {logging_mixin.py:188} INFO - [2026-02-14T16:00:51.271+0000] {dagbag.py:545} INFO - Filling up the DagBag from /home/airflow/.local/lib/python3.12/site-packages/airflow/example_dags/example_trigger_controller_dag.py
[2026-02-14T16:00:51.273+0000] {processor.py:840} INFO - DAG(s) 'example_trigger_controller_dag' retrieved from /home/airflow/.local/lib/python3.12/site-packages/airflow/example_dags/example_trigger_controller_dag.py
[2026-02-14T16:00:51.283+0000] {logging_mixin.py:188} INFO - [2026-02-14T16:00:51.283+0000] {dag.py:3089} INFO - Sync 1 DAGs
[2026-02-14T16:00:51.293+0000] {logging_mixin.py:188} INFO - [2026-02-14T16:00:51.293+0000] {dag.py:3947} INFO - Setting next_dagrun for example_trigger_controller_dag to 2021-01-01 00:00:00+00:00, run_after=2021-01-01 00:00:00+00:00
[2026-02-14T16:00:51.300+0000] {processor.py:183} INFO - Processing /home/airflow/.local/lib/python3.12/site-packages/airflow/example_dags/example_trigger_controller_dag.py took 0.036 seconds
[2026-02-14T16:01:21.773+0000] {processor.py:161} INFO - Started process (PID=1759) to work on /home/airflow/.local/lib/python3.12/site-packages/airflow/example_dags/example_trigger_controller_dag.py
[2026-02-14T16:01:21.773+0000] {processor.py:830} INFO - Processing file /home/airflow/.local/lib/python3.12/site-packages/airflow/example_dags/example_trigger_controller_dag.py for tasks to queue
[2026-02-14T16:01:21.774+0000] {logging_mixin.py:188} INFO - [2026-02-14T16:01:21.774+0000] {dagbag.py:545} INFO - Filling up the DagBag from /home/airflow/.local/lib/python3.12/site-packages/airflow/example_dags/example_trigger_controller_dag.py
[2026-02-14T16:01:21.776+0000] {processor.py:840} INFO - DAG(s) 'example_trigger_controller_dag' retrieved from /home/airflow/.local/lib/python3.12/site-packages/airflow/example_dags/example_trigger_controller_dag.py
[2026-02-14T16:01:21.783+0000] {logging_mixin.py:188} INFO - [2026-02-14T16:01:21.783+0000] {dag.py:3089} INFO - Sync 1 DAGs
[2026-02-14T16:01:21.790+0000] {logging_mixin.py:188} INFO - [2026-02-14T16:01:21.790+0000] {dag.py:3947} INFO - Setting next_dagrun for example_trigger_controller_dag to 2021-01-01 00:00:00+00:00, run_after=2021-01-01 00:00:00+00:00
[2026-02-14T16:01:21.795+0000] {processor.py:183} INFO - Processing /home/airflow/.local/lib/python3.12/site-packages/airflow/example_dags/example_trigger_controller_dag.py took 0.025 seconds
[2026-02-14T16:01:52.127+0000] {processor.py:161} INFO - Started process (PID=1818) to work on /home/airflow/.local/lib/python3.12/site-packages/airflow/example_dags/example_trigger_controller_dag.py
[2026-02-14T16:01:52.128+0000] {processor.py:830} INFO - Processing file /home/airflow/.local/lib/python3.12/site-packages/airflow/example_dags/example_trigger_controller_dag.py for tasks to queue
[2026-02-14T16:01:52.129+0000] {logging_mixin.py:188} INFO - [2026-02-14T16:01:52.129+0000] {dagbag.py:545} INFO - Filling up the DagBag from /home/airflow/.local/lib/python3.12/site-packages/airflow/example_dags/example_trigger_controller_dag.py
[2026-02-14T16:01:52.131+0000] {processor.py:840} INFO - DAG(s) 'example_trigger_controller_dag' retrieved from /home/airflow/.local/lib/python3.12/site-packages/airflow/example_dags/example_trigger_controller_dag.py
[2026-02-14T16:01:52.139+0000] {logging_mixin.py:188} INFO - [2026-02-14T16:01:52.139+0000] {dag.py:3089} INFO - Sync 1 DAGs
[2026-02-14T16:01:52.147+0000] {logging_mixin.py:188} INFO - [2026-02-14T16:01:52.147+0000] {dag.py:3947} INFO - Setting next_dagrun for example_trigger_controller_dag to 2021-01-01 00:00:00+00:00, run_after=2021-01-01 00:00:00+00:00
[2026-02-14T16:01:52.154+0000] {processor.py:183} INFO - Processing /home/airflow/.local/lib/python3.12/site-packages/airflow/example_dags/example_trigger_controller_dag.py took 0.029 seconds
[2026-02-14T16:02:22.520+0000] {processor.py:161} INFO - Started process (PID=1877) to work on /home/airflow/.local/lib/python3.12/site-packages/airflow/example_dags/example_trigger_controller_dag.py
[2026-02-14T16:02:22.520+0000] {processor.py:830} INFO - Processing file /home/airflow/.local/lib/python3.12/site-packages/airflow/example_dags/example_trigger_controller_dag.py for tasks to queue
[2026-02-14T16:02:22.522+0000] {logging_mixin.py:188} INFO - [2026-02-14T16:02:22.522+0000] {dagbag.py:545} INFO - Filling up the DagBag from /home/airflow/.local/lib/python3.12/site-packages/airflow/example_dags/example_trigger_controller_dag.py
[2026-02-14T16:02:22.524+0000] {processor.py:840} INFO - DAG(s) 'example_trigger_controller_dag' retrieved from /home/airflow/.local/lib/python3.12/site-packages/airflow/example_dags/example_trigger_controller_dag.py
[2026-02-14T16:02:22.535+0000] {logging_mixin.py:188} INFO - [2026-02-14T16:02:22.535+0000] {dag.py:3089} INFO - Sync 1 DAGs
[2026-02-14T16:02:22.543+0000] {logging_mixin.py:188} INFO - [2026-02-14T16:02:22.543+0000] {dag.py:3947} INFO - Setting next_dagrun for example_trigger_controller_dag to 2021-01-01 00:00:00+00:00, run_after=2021-01-01 00:00:00+00:00
[2026-02-14T16:02:22.553+0000] {processor.py:183} INFO - Processing /home/airflow/.local/lib/python3.12/site-packages/airflow/example_dags/example_trigger_controller_dag.py took 0.036 seconds
[2026-02-14T16:02:52.942+0000] {processor.py:161} INFO - Started process (PID=1936) to work on /home/airflow/.local/lib/python3.12/site-packages/airflow/example_dags/example_trigger_controller_dag.py
[2026-02-14T16:02:52.942+0000] {processor.py:830} INFO - Processing file /home/airflow/.local/lib/python3.12/site-packages/airflow/example_dags/example_trigger_controller_dag.py for tasks to queue
[2026-02-14T16:02:52.943+0000] {logging_mixin.py:188} INFO - [2026-02-14T16:02:52.943+0000] {dagbag.py:545} INFO - Filling up the DagBag from /home/airflow/.local/lib/python3.12/site-packages/airflow/example_dags/example_trigger_controller_dag.py
[2026-02-14T16:02:52.950+0000] {processor.py:840} INFO - DAG(s) 'example_trigger_controller_dag' retrieved from /home/airflow/.local/lib/python3.12/site-packages/airflow/example_dags/example_trigger_controller_dag.py
[2026-02-14T16:02:52.966+0000] {logging_mixin.py:188} INFO - [2026-02-14T16:02:52.966+0000] {dag.py:3089} INFO - Sync 1 DAGs
[2026-02-14T16:02:52.976+0000] {logging_mixin.py:188} INFO - [2026-02-14T16:02:52.976+0000] {dag.py:3947} INFO - Setting next_dagrun for example_trigger_controller_dag to 2021-01-01 00:00:00+00:00, run_after=2021-01-01 00:00:00+00:00
[2026-02-14T16:02:52.983+0000] {processor.py:183} INFO - Processing /home/airflow/.local/lib/python3.12/site-packages/airflow/example_dags/example_trigger_controller_dag.py took 0.045 seconds
[2026-02-14T16:03:23.529+0000] {processor.py:161} INFO - Started process (PID=1995) to work on /home/airflow/.local/lib/python3.12/site-packages/airflow/example_dags/example_trigger_controller_dag.py
[2026-02-14T16:03:23.529+0000] {processor.py:830} INFO - Processing file /home/airflow/.local/lib/python3.12/site-packages/airflow/example_dags/example_trigger_controller_dag.py for tasks to queue
[2026-02-14T16:03:23.531+0000] {logging_mixin.py:188} INFO - [2026-02-14T16:03:23.530+0000] {dagbag.py:545} INFO - Filling up the DagBag from /home/airflow/.local/lib/python3.12/site-packages/airflow/example_dags/example_trigger_controller_dag.py
[2026-02-14T16:03:23.533+0000] {processor.py:840} INFO - DAG(s) 'example_trigger_controller_dag' retrieved from /home/airflow/.local/lib/python3.12/site-packages/airflow/example_dags/example_trigger_controller_dag.py
[2026-02-14T16:03:23.542+0000] {logging_mixin.py:188} INFO - [2026-02-14T16:03:23.542+0000] {dag.py:3089} INFO - Sync 1 DAGs
[2026-02-14T16:03:23.551+0000] {logging_mixin.py:188} INFO - [2026-02-14T16:03:23.551+0000] {dag.py:3947} INFO - Setting next_dagrun for example_trigger_controller_dag to 2021-01-01 00:00:00+00:00, run_after=2021-01-01 00:00:00+00:00
[2026-02-14T16:03:23.564+0000] {processor.py:183} INFO - Processing /home/airflow/.local/lib/python3.12/site-packages/airflow/example_dags/example_trigger_controller_dag.py took 0.037 seconds
[2026-02-14T16:03:54.101+0000] {processor.py:161} INFO - Started process (PID=2054) to work on /home/airflow/.local/lib/python3.12/site-packages/airflow/example_dags/example_trigger_controller_dag.py
[2026-02-14T16:03:54.101+0000] {processor.py:830} INFO - Processing file /home/airflow/.local/lib/python3.12/site-packages/airflow/example_dags/example_trigger_controller_dag.py for tasks to queue
[2026-02-14T16:03:54.102+0000] {logging_mixin.py:188} INFO - [2026-02-14T16:03:54.102+0000] {dagbag.py:545} INFO - Filling up the DagBag from /home/airflow/.local/lib/python3.12/site-packages/airflow/example_dags/example_trigger_controller_dag.py
[2026-02-14T16:03:54.104+0000] {processor.py:840} INFO - DAG(s) 'example_trigger_controller_dag' retrieved from /home/airflow/.local/lib/python3.12/site-packages/airflow/example_dags/example_trigger_controller_dag.py
[2026-02-14T16:03:54.112+0000] {logging_mixin.py:188} INFO - [2026-02-14T16:03:54.112+0000] {dag.py:3089} INFO - Sync 1 DAGs
[2026-02-14T16:03:54.120+0000] {logging_mixin.py:188} INFO - [2026-02-14T16:03:54.120+0000] {dag.py:3947} INFO - Setting next_dagrun for example_trigger_controller_dag to 2021-01-01 00:00:00+00:00, run_after=2021-01-01 00:00:00+00:00
[2026-02-14T16:03:54.132+0000] {processor.py:183} INFO - Processing /home/airflow/.local/lib/python3.12/site-packages/airflow/example_dags/example_trigger_controller_dag.py took 0.035 seconds
[2026-02-14T16:04:24.790+0000] {processor.py:161} INFO - Started process (PID=2113) to work on /home/airflow/.local/lib/python3.12/site-packages/airflow/example_dags/example_trigger_controller_dag.py
[2026-02-14T16:04:24.792+0000] {processor.py:830} INFO - Processing file /home/airflow/.local/lib/python3.12/site-packages/airflow/example_dags/example_trigger_controller_dag.py for tasks to queue
[2026-02-14T16:04:24.792+0000] {logging_mixin.py:188} INFO - [2026-02-14T16:04:24.792+0000] {dagbag.py:545} INFO - Filling up the DagBag from /home/airflow/.local/lib/python3.12/site-packages/airflow/example_dags/example_trigger_controller_dag.py
[2026-02-14T16:04:24.794+0000] {processor.py:840} INFO - DAG(s) 'example_trigger_controller_dag' retrieved from /home/airflow/.local/lib/python3.12/site-packages/airflow/example_dags/example_trigger_controller_dag.py
[2026-02-14T16:04:24.802+0000] {logging_mixin.py:188} INFO - [2026-02-14T16:04:24.802+0000] {dag.py:3089} INFO - Sync 1 DAGs
[2026-02-14T16:04:24.811+0000] {logging_mixin.py:188} INFO - [2026-02-14T16:04:24.811+0000] {dag.py:3947} INFO - Setting next_dagrun for example_trigger_controller_dag to 2021-01-01 00:00:00+00:00, run_after=2021-01-01 00:00:00+00:00
[2026-02-14T16:04:24.821+0000] {processor.py:183} INFO - Processing /home/airflow/.local/lib/python3.12/site-packages/airflow/example_dags/example_trigger_controller_dag.py took 0.033 seconds
[2026-02-14T16:04:55.291+0000] {processor.py:161} INFO - Started process (PID=2172) to work on /home/airflow/.local/lib/python3.12/site-packages/airflow/example_dags/example_trigger_controller_dag.py
[2026-02-14T16:04:55.292+0000] {processor.py:830} INFO - Processing file /home/airflow/.local/lib/python3.12/site-packages/airflow/example_dags/example_trigger_controller_dag.py for tasks to queue
[2026-02-14T16:04:55.293+0000] {logging_mixin.py:188} INFO - [2026-02-14T16:04:55.293+0000] {dagbag.py:545} INFO - Filling up the DagBag from /home/airflow/.local/lib/python3.12/site-packages/airflow/example_dags/example_trigger_controller_dag.py
[2026-02-14T16:04:55.296+0000] {processor.py:840} INFO - DAG(s) 'example_trigger_controller_dag' retrieved from /home/airflow/.local/lib/python3.12/site-packages/airflow/example_dags/example_trigger_controller_dag.py
[2026-02-14T16:04:55.304+0000] {logging_mixin.py:188} INFO - [2026-02-14T16:04:55.304+0000] {dag.py:3089} INFO - Sync 1 DAGs
[2026-02-14T16:04:55.312+0000] {logging_mixin.py:188} INFO - [2026-02-14T16:04:55.312+0000] {dag.py:3947} INFO - Setting next_dagrun for example_trigger_controller_dag to 2021-01-01 00:00:00+00:00, run_after=2021-01-01 00:00:00+00:00
[2026-02-14T16:04:55.317+0000] {processor.py:183} INFO - Processing /home/airflow/.local/lib/python3.12/site-packages/airflow/example_dags/example_trigger_controller_dag.py took 0.029 seconds
[2026-02-14T16:05:25.787+0000] {processor.py:161} INFO - Started process (PID=2231) to work on /home/airflow/.local/lib/python3.12/site-packages/airflow/example_dags/example_trigger_controller_dag.py
[2026-02-14T16:05:25.788+0000] {processor.py:830} INFO - Processing file /home/airflow/.local/lib/python3.12/site-packages/airflow/example_dags/example_trigger_controller_dag.py for tasks to queue
[2026-02-14T16:05:25.789+0000] {logging_mixin.py:188} INFO - [2026-02-14T16:05:25.789+0000] {dagbag.py:545} INFO - Filling up the DagBag from /home/airflow/.local/lib/python3.12/site-packages/airflow/example_dags/example_trigger_controller_dag.py
[2026-02-14T16:05:25.791+0000] {processor.py:840} INFO - DAG(s) 'example_trigger_controller_dag' retrieved from /home/airflow/.local/lib/python3.12/site-packages/airflow/example_dags/example_trigger_controller_dag.py
[2026-02-14T16:05:25.798+0000] {logging_mixin.py:188} INFO - [2026-02-14T16:05:25.798+0000] {dag.py:3089} INFO - Sync 1 DAGs
[2026-02-14T16:05:25.807+0000] {logging_mixin.py:188} INFO - [2026-02-14T16:05:25.806+0000] {dag.py:3947} INFO - Setting next_dagrun for example_trigger_controller_dag to 2021-01-01 00:00:00+00:00, run_after=2021-01-01 00:00:00+00:00
[2026-02-14T16:05:25.817+0000] {processor.py:183} INFO - Processing /home/airflow/.local/lib/python3.12/site-packages/airflow/example_dags/example_trigger_controller_dag.py took 0.033 seconds
[2026-02-14T16:05:56.262+0000] {processor.py:161} INFO - Started process (PID=2290) to work on /home/airflow/.local/lib/python3.12/site-packages/airflow/example_dags/example_trigger_controller_dag.py
[2026-02-14T16:05:56.262+0000] {processor.py:830} INFO - Processing file /home/airflow/.local/lib/python3.12/site-packages/airflow/example_dags/example_trigger_controller_dag.py for tasks to queue
[2026-02-14T16:05:56.263+0000] {logging_mixin.py:188} INFO - [2026-02-14T16:05:56.263+0000] {dagbag.py:545} INFO - Filling up the DagBag from /home/airflow/.local/lib/python3.12/site-packages/airflow/example_dags/example_trigger_controller_dag.py
[2026-02-14T16:05:56.265+0000] {processor.py:840} INFO - DAG(s) 'example_trigger_controller_dag' retrieved from /home/airflow/.local/lib/python3.12/site-packages/airflow/example_dags/example_trigger_controller_dag.py
[2026-02-14T16:05:56.275+0000] {logging_mixin.py:188} INFO - [2026-02-14T16:05:56.275+0000] {dag.py:3089} INFO - Sync 1 DAGs
[2026-02-14T16:05:56.286+0000] {logging_mixin.py:188} INFO - [2026-02-14T16:05:56.286+0000] {dag.py:3947} INFO - Setting next_dagrun for example_trigger_controller_dag to 2021-01-01 00:00:00+00:00, run_after=2021-01-01 00:00:00+00:00
[2026-02-14T16:05:56.299+0000] {processor.py:183} INFO - Processing /home/airflow/.local/lib/python3.12/site-packages/airflow/example_dags/example_trigger_controller_dag.py took 0.039 seconds
[2026-02-14T16:06:26.708+0000] {processor.py:161} INFO - Started process (PID=2349) to work on /home/airflow/.local/lib/python3.12/site-packages/airflow/example_dags/example_trigger_controller_dag.py
[2026-02-14T16:06:26.708+0000] {processor.py:830} INFO - Processing file /home/airflow/.local/lib/python3.12/site-packages/airflow/example_dags/example_trigger_controller_dag.py for tasks to queue
[2026-02-14T16:06:26.709+0000] {logging_mixin.py:188} INFO - [2026-02-14T16:06:26.709+0000] {dagbag.py:545} INFO - Filling up the DagBag from /home/airflow/.local/lib/python3.12/site-packages/airflow/example_dags/example_trigger_controller_dag.py
[2026-02-14T16:06:26.711+0000] {processor.py:840} INFO - DAG(s) 'example_trigger_controller_dag' retrieved from /home/airflow/.local/lib/python3.12/site-packages/airflow/example_dags/example_trigger_controller_dag.py
[2026-02-14T16:06:26.718+0000] {logging_mixin.py:188} INFO - [2026-02-14T16:06:26.718+0000] {dag.py:3089} INFO - Sync 1 DAGs
[2026-02-14T16:06:26.726+0000] {logging_mixin.py:188} INFO - [2026-02-14T16:06:26.726+0000] {dag.py:3947} INFO - Setting next_dagrun for example_trigger_controller_dag to 2021-01-01 00:00:00+00:00, run_after=2021-01-01 00:00:00+00:00
[2026-02-14T16:06:26.732+0000] {processor.py:183} INFO - Processing /home/airflow/.local/lib/python3.12/site-packages/airflow/example_dags/example_trigger_controller_dag.py took 0.027 seconds
[2026-02-14T16:06:57.441+0000] {processor.py:161} INFO - Started process (PID=2408) to work on /home/airflow/.local/lib/python3.12/site-packages/airflow/example_dags/example_trigger_controller_dag.py
[2026-02-14T16:06:57.442+0000] {processor.py:830} INFO - Processing file /home/airflow/.local/lib/python3.12/site-packages/airflow/example_dags/example_trigger_controller_dag.py for tasks to queue
[2026-02-14T16:06:57.444+0000] {logging_mixin.py:188} INFO - [2026-02-14T16:06:57.444+0000] {dagbag.py:545} INFO - Filling up the DagBag from /home/airflow/.local/lib/python3.12/site-packages/airflow/example_dags/example_trigger_controller_dag.py
[2026-02-14T16:06:57.449+0000] {processor.py:840} INFO - DAG(s) 'example_trigger_controller_dag' retrieved from /home/airflow/.local/lib/python3.12/site-packages/airflow/example_dags/example_trigger_controller_dag.py
[2026-02-14T16:06:57.465+0000] {logging_mixin.py:188} INFO - [2026-02-14T16:06:57.465+0000] {dag.py:3089} INFO - Sync 1 DAGs
[2026-02-14T16:06:57.489+0000] {logging_mixin.py:188} INFO - [2026-02-14T16:06:57.489+0000] {dag.py:3947} INFO - Setting next_dagrun for example_trigger_controller_dag to 2021-01-01 00:00:00+00:00, run_after=2021-01-01 00:00:00+00:00
[2026-02-14T16:06:57.504+0000] {processor.py:183} INFO - Processing /home/airflow/.local/lib/python3.12/site-packages/airflow/example_dags/example_trigger_controller_dag.py took 0.069 seconds
[2026-02-14T16:07:28.243+0000] {processor.py:161} INFO - Started process (PID=2467) to work on /home/airflow/.local/lib/python3.12/site-packages/airflow/example_dags/example_trigger_controller_dag.py
[2026-02-14T16:07:28.244+0000] {processor.py:830} INFO - Processing file /home/airflow/.local/lib/python3.12/site-packages/airflow/example_dags/example_trigger_controller_dag.py for tasks to queue
[2026-02-14T16:07:28.244+0000] {logging_mixin.py:188} INFO - [2026-02-14T16:07:28.244+0000] {dagbag.py:545} INFO - Filling up the DagBag from /home/airflow/.local/lib/python3.12/site-packages/airflow/example_dags/example_trigger_controller_dag.py
[2026-02-14T16:07:28.250+0000] {processor.py:840} INFO - DAG(s) 'example_trigger_controller_dag' retrieved from /home/airflow/.local/lib/python3.12/site-packages/airflow/example_dags/example_trigger_controller_dag.py
[2026-02-14T16:07:28.265+0000] {logging_mixin.py:188} INFO - [2026-02-14T16:07:28.265+0000] {dag.py:3089} INFO - Sync 1 DAGs
[2026-02-14T16:07:28.273+0000] {logging_mixin.py:188} INFO - [2026-02-14T16:07:28.272+0000] {dag.py:3947} INFO - Setting next_dagrun for example_trigger_controller_dag to 2021-01-01 00:00:00+00:00, run_after=2021-01-01 00:00:00+00:00
[2026-02-14T16:07:28.287+0000] {processor.py:183} INFO - Processing /home/airflow/.local/lib/python3.12/site-packages/airflow/example_dags/example_trigger_controller_dag.py took 0.046 seconds
[2026-02-14T16:07:59.029+0000] {processor.py:161} INFO - Started process (PID=2526) to work on /home/airflow/.local/lib/python3.12/site-packages/airflow/example_dags/example_trigger_controller_dag.py
[2026-02-14T16:07:59.030+0000] {processor.py:830} INFO - Processing file /home/airflow/.local/lib/python3.12/site-packages/airflow/example_dags/example_trigger_controller_dag.py for tasks to queue
[2026-02-14T16:07:59.031+0000] {logging_mixin.py:188} INFO - [2026-02-14T16:07:59.030+0000] {dagbag.py:545} INFO - Filling up the DagBag from /home/airflow/.local/lib/python3.12/site-packages/airflow/example_dags/example_trigger_controller_dag.py
[2026-02-14T16:07:59.033+0000] {processor.py:840} INFO - DAG(s) 'example_trigger_controller_dag' retrieved from /home/airflow/.local/lib/python3.12/site-packages/airflow/example_dags/example_trigger_controller_dag.py
[2026-02-14T16:07:59.040+0000] {logging_mixin.py:188} INFO - [2026-02-14T16:07:59.040+0000] {dag.py:3089} INFO - Sync 1 DAGs
[2026-02-14T16:07:59.047+0000] {logging_mixin.py:188} INFO - [2026-02-14T16:07:59.047+0000] {dag.py:3947} INFO - Setting next_dagrun for example_trigger_controller_dag to 2021-01-01 00:00:00+00:00, run_after=2021-01-01 00:00:00+00:00
[2026-02-14T16:07:59.056+0000] {processor.py:183} INFO - Processing /home/airflow/.local/lib/python3.12/site-packages/airflow/example_dags/example_trigger_controller_dag.py took 0.030 seconds
[2026-02-14T16:08:29.504+0000] {processor.py:161} INFO - Started process (PID=2585) to work on /home/airflow/.local/lib/python3.12/site-packages/airflow/example_dags/example_trigger_controller_dag.py
[2026-02-14T16:08:29.504+0000] {processor.py:830} INFO - Processing file /home/airflow/.local/lib/python3.12/site-packages/airflow/example_dags/example_trigger_controller_dag.py for tasks to queue
[2026-02-14T16:08:29.505+0000] {logging_mixin.py:188} INFO - [2026-02-14T16:08:29.505+0000] {dagbag.py:545} INFO - Filling up the DagBag from /home/airflow/.local/lib/python3.12/site-packages/airflow/example_dags/example_trigger_controller_dag.py
[2026-02-14T16:08:29.507+0000] {processor.py:840} INFO - DAG(s) 'example_trigger_controller_dag' retrieved from /home/airflow/.local/lib/python3.12/site-packages/airflow/example_dags/example_trigger_controller_dag.py
[2026-02-14T16:08:29.517+0000] {logging_mixin.py:188} INFO - [2026-02-14T16:08:29.517+0000] {dag.py:3089} INFO - Sync 1 DAGs
[2026-02-14T16:08:29.525+0000] {logging_mixin.py:188} INFO - [2026-02-14T16:08:29.525+0000] {dag.py:3947} INFO - Setting next_dagrun for example_trigger_controller_dag to 2021-01-01 00:00:00+00:00, run_after=2021-01-01 00:00:00+00:00
[2026-02-14T16:08:29.533+0000] {processor.py:183} INFO - Processing /home/airflow/.local/lib/python3.12/site-packages/airflow/example_dags/example_trigger_controller_dag.py took 0.032 seconds
[2026-02-14T16:08:59.954+0000] {processor.py:161} INFO - Started process (PID=2644) to work on /home/airflow/.local/lib/python3.12/site-packages/airflow/example_dags/example_trigger_controller_dag.py
[2026-02-14T16:08:59.954+0000] {processor.py:830} INFO - Processing file /home/airflow/.local/lib/python3.12/site-packages/airflow/example_dags/example_trigger_controller_dag.py for tasks to queue
[2026-02-14T16:08:59.955+0000] {logging_mixin.py:188} INFO - [2026-02-14T16:08:59.955+0000] {dagbag.py:545} INFO - Filling up the DagBag from /home/airflow/.local/lib/python3.12/site-packages/airflow/example_dags/example_trigger_controller_dag.py
[2026-02-14T16:08:59.957+0000] {processor.py:840} INFO - DAG(s) 'example_trigger_controller_dag' retrieved from /home/airflow/.local/lib/python3.12/site-packages/airflow/example_dags/example_trigger_controller_dag.py
[2026-02-14T16:08:59.965+0000] {logging_mixin.py:188} INFO - [2026-02-14T16:08:59.965+0000] {dag.py:3089} INFO - Sync 1 DAGs
[2026-02-14T16:08:59.975+0000] {logging_mixin.py:188} INFO - [2026-02-14T16:08:59.974+0000] {dag.py:3947} INFO - Setting next_dagrun for example_trigger_controller_dag to 2021-01-01 00:00:00+00:00, run_after=2021-01-01 00:00:00+00:00
[2026-02-14T16:08:59.983+0000] {processor.py:183} INFO - Processing /home/airflow/.local/lib/python3.12/site-packages/airflow/example_dags/example_trigger_controller_dag.py took 0.032 seconds
[2026-02-14T16:09:30.432+0000] {processor.py:161} INFO - Started process (PID=2703) to work on /home/airflow/.local/lib/python3.12/site-packages/airflow/example_dags/example_trigger_controller_dag.py
[2026-02-14T16:09:30.432+0000] {processor.py:830} INFO - Processing file /home/airflow/.local/lib/python3.12/site-packages/airflow/example_dags/example_trigger_controller_dag.py for tasks to queue
[2026-02-14T16:09:30.433+0000] {logging_mixin.py:188} INFO - [2026-02-14T16:09:30.433+0000] {dagbag.py:545} INFO - Filling up the DagBag from /home/airflow/.local/lib/python3.12/site-packages/airflow/example_dags/example_trigger_controller_dag.py
[2026-02-14T16:09:30.435+0000] {processor.py:840} INFO - DAG(s) 'example_trigger_controller_dag' retrieved from /home/airflow/.local/lib/python3.12/site-packages/airflow/example_dags/example_trigger_controller_dag.py
[2026-02-14T16:09:30.443+0000] {logging_mixin.py:188} INFO - [2026-02-14T16:09:30.443+0000] {dag.py:3089} INFO - Sync 1 DAGs
[2026-02-14T16:09:30.451+0000] {logging_mixin.py:188} INFO - [2026-02-14T16:09:30.451+0000] {dag.py:3947} INFO - Setting next_dagrun for example_trigger_controller_dag to 2021-01-01 00:00:00+00:00, run_after=2021-01-01 00:00:00+00:00
[2026-02-14T16:09:30.456+0000] {processor.py:183} INFO - Processing /home/airflow/.local/lib/python3.12/site-packages/airflow/example_dags/example_trigger_controller_dag.py took 0.027 seconds
[2026-02-14T16:10:00.737+0000] {processor.py:161} INFO - Started process (PID=2762) to work on /home/airflow/.local/lib/python3.12/site-packages/airflow/example_dags/example_trigger_controller_dag.py
[2026-02-14T16:10:00.737+0000] {processor.py:830} INFO - Processing file /home/airflow/.local/lib/python3.12/site-packages/airflow/example_dags/example_trigger_controller_dag.py for tasks to queue
[2026-02-14T16:10:00.738+0000] {logging_mixin.py:188} INFO - [2026-02-14T16:10:00.738+0000] {dagbag.py:545} INFO - Filling up the DagBag from /home/airflow/.local/lib/python3.12/site-packages/airflow/example_dags/example_trigger_controller_dag.py
[2026-02-14T16:10:00.740+0000] {processor.py:840} INFO - DAG(s) 'example_trigger_controller_dag' retrieved from /home/airflow/.local/lib/python3.12/site-packages/airflow/example_dags/example_trigger_controller_dag.py
[2026-02-14T16:10:00.748+0000] {logging_mixin.py:188} INFO - [2026-02-14T16:10:00.748+0000] {dag.py:3089} INFO - Sync 1 DAGs
[2026-02-14T16:10:00.757+0000] {logging_mixin.py:188} INFO - [2026-02-14T16:10:00.757+0000] {dag.py:3947} INFO - Setting next_dagrun for example_trigger_controller_dag to 2021-01-01 00:00:00+00:00, run_after=2021-01-01 00:00:00+00:00
[2026-02-14T16:10:00.765+0000] {processor.py:183} INFO - Processing /home/airflow/.local/lib/python3.12/site-packages/airflow/example_dags/example_trigger_controller_dag.py took 0.031 seconds
[2026-02-14T16:10:31.096+0000] {processor.py:161} INFO - Started process (PID=2820) to work on /home/airflow/.local/lib/python3.12/site-packages/airflow/example_dags/example_trigger_controller_dag.py
[2026-02-14T16:10:31.097+0000] {processor.py:830} INFO - Processing file /home/airflow/.local/lib/python3.12/site-packages/airflow/example_dags/example_trigger_controller_dag.py for tasks to queue
[2026-02-14T16:10:31.099+0000] {logging_mixin.py:188} INFO - [2026-02-14T16:10:31.099+0000] {dagbag.py:545} INFO - Filling up the DagBag from /home/airflow/.local/lib/python3.12/site-packages/airflow/example_dags/example_trigger_controller_dag.py
[2026-02-14T16:10:31.102+0000] {processor.py:840} INFO - DAG(s) 'example_trigger_controller_dag' retrieved from /home/airflow/.local/lib/python3.12/site-packages/airflow/example_dags/example_trigger_controller_dag.py
[2026-02-14T16:10:31.110+0000] {logging_mixin.py:188} INFO - [2026-02-14T16:10:31.110+0000] {dag.py:3089} INFO - Sync 1 DAGs
[2026-02-14T16:10:31.120+0000] {logging_mixin.py:188} INFO - [2026-02-14T16:10:31.120+0000] {dag.py:3947} INFO - Setting next_dagrun for example_trigger_controller_dag to 2021-01-01 00:00:00+00:00, run_after=2021-01-01 00:00:00+00:00
[2026-02-14T16:10:31.130+0000] {processor.py:183} INFO - Processing /home/airflow/.local/lib/python3.12/site-packages/airflow/example_dags/example_trigger_controller_dag.py took 0.037 seconds
[2026-02-14T16:11:01.834+0000] {processor.py:161} INFO - Started process (PID=2879) to work on /home/airflow/.local/lib/python3.12/site-packages/airflow/example_dags/example_trigger_controller_dag.py
[2026-02-14T16:11:01.834+0000] {processor.py:830} INFO - Processing file /home/airflow/.local/lib/python3.12/site-packages/airflow/example_dags/example_trigger_controller_dag.py for tasks to queue
[2026-02-14T16:11:01.835+0000] {logging_mixin.py:188} INFO - [2026-02-14T16:11:01.835+0000] {dagbag.py:545} INFO - Filling up the DagBag from /home/airflow/.local/lib/python3.12/site-packages/airflow/example_dags/example_trigger_controller_dag.py
[2026-02-14T16:11:01.839+0000] {processor.py:840} INFO - DAG(s) 'example_trigger_controller_dag' retrieved from /home/airflow/.local/lib/python3.12/site-packages/airflow/example_dags/example_trigger_controller_dag.py
[2026-02-14T16:11:01.850+0000] {logging_mixin.py:188} INFO - [2026-02-14T16:11:01.850+0000] {dag.py:3089} INFO - Sync 1 DAGs
[2026-02-14T16:11:01.868+0000] {logging_mixin.py:188} INFO - [2026-02-14T16:11:01.868+0000] {dag.py:3947} INFO - Setting next_dagrun for example_trigger_controller_dag to 2021-01-01 00:00:00+00:00, run_after=2021-01-01 00:00:00+00:00
[2026-02-14T16:11:01.879+0000] {processor.py:183} INFO - Processing /home/airflow/.local/lib/python3.12/site-packages/airflow/example_dags/example_trigger_controller_dag.py took 0.050 seconds
[2026-02-14T16:11:32.069+0000] {processor.py:161} INFO - Started process (PID=2938) to work on /home/airflow/.local/lib/python3.12/site-packages/airflow/example_dags/example_trigger_controller_dag.py
[2026-02-14T16:11:32.071+0000] {processor.py:830} INFO - Processing file /home/airflow/.local/lib/python3.12/site-packages/airflow/example_dags/example_trigger_controller_dag.py for tasks to queue
[2026-02-14T16:11:32.072+0000] {logging_mixin.py:188} INFO - [2026-02-14T16:11:32.072+0000] {dagbag.py:545} INFO - Filling up the DagBag from /home/airflow/.local/lib/python3.12/site-packages/airflow/example_dags/example_trigger_controller_dag.py
[2026-02-14T16:11:32.075+0000] {processor.py:840} INFO - DAG(s) 'example_trigger_controller_dag' retrieved from /home/airflow/.local/lib/python3.12/site-packages/airflow/example_dags/example_trigger_controller_dag.py
[2026-02-14T16:11:32.086+0000] {logging_mixin.py:188} INFO - [2026-02-14T16:11:32.086+0000] {dag.py:3089} INFO - Sync 1 DAGs
[2026-02-14T16:11:32.095+0000] {logging_mixin.py:188} INFO - [2026-02-14T16:11:32.095+0000] {dag.py:3947} INFO - Setting next_dagrun for example_trigger_controller_dag to 2021-01-01 00:00:00+00:00, run_after=2021-01-01 00:00:00+00:00
[2026-02-14T16:11:32.103+0000] {processor.py:183} INFO - Processing /home/airflow/.local/lib/python3.12/site-packages/airflow/example_dags/example_trigger_controller_dag.py took 0.038 seconds
[2026-02-14T16:12:02.454+0000] {processor.py:161} INFO - Started process (PID=2997) to work on /home/airflow/.local/lib/python3.12/site-packages/airflow/example_dags/example_trigger_controller_dag.py
[2026-02-14T16:12:02.455+0000] {processor.py:830} INFO - Processing file /home/airflow/.local/lib/python3.12/site-packages/airflow/example_dags/example_trigger_controller_dag.py for tasks to queue
[2026-02-14T16:12:02.456+0000] {logging_mixin.py:188} INFO - [2026-02-14T16:12:02.455+0000] {dagbag.py:545} INFO - Filling up the DagBag from /home/airflow/.local/lib/python3.12/site-packages/airflow/example_dags/example_trigger_controller_dag.py
[2026-02-14T16:12:02.458+0000] {processor.py:840} INFO - DAG(s) 'example_trigger_controller_dag' retrieved from /home/airflow/.local/lib/python3.12/site-packages/airflow/example_dags/example_trigger_controller_dag.py
[2026-02-14T16:12:02.466+0000] {logging_mixin.py:188} INFO - [2026-02-14T16:12:02.466+0000] {dag.py:3089} INFO - Sync 1 DAGs
[2026-02-14T16:12:02.475+0000] {logging_mixin.py:188} INFO - [2026-02-14T16:12:02.475+0000] {dag.py:3947} INFO - Setting next_dagrun for example_trigger_controller_dag to 2021-01-01 00:00:00+00:00, run_after=2021-01-01 00:00:00+00:00
[2026-02-14T16:12:02.482+0000] {processor.py:183} INFO - Processing /home/airflow/.local/lib/python3.12/site-packages/airflow/example_dags/example_trigger_controller_dag.py took 0.030 seconds
[2026-02-14T16:12:32.912+0000] {processor.py:161} INFO - Started process (PID=3056) to work on /home/airflow/.local/lib/python3.12/site-packages/airflow/example_dags/example_trigger_controller_dag.py
[2026-02-14T16:12:32.912+0000] {processor.py:830} INFO - Processing file /home/airflow/.local/lib/python3.12/site-packages/airflow/example_dags/example_trigger_controller_dag.py for tasks to queue
[2026-02-14T16:12:32.913+0000] {logging_mixin.py:188} INFO - [2026-02-14T16:12:32.913+0000] {dagbag.py:545} INFO - Filling up the DagBag from /home/airflow/.local/lib/python3.12/site-packages/airflow/example_dags/example_trigger_controller_dag.py
[2026-02-14T16:12:32.916+0000] {processor.py:840} INFO - DAG(s) 'example_trigger_controller_dag' retrieved from /home/airflow/.local/lib/python3.12/site-packages/airflow/example_dags/example_trigger_controller_dag.py
[2026-02-14T16:12:32.925+0000] {logging_mixin.py:188} INFO - [2026-02-14T16:12:32.924+0000] {dag.py:3089} INFO - Sync 1 DAGs
[2026-02-14T16:12:32.934+0000] {logging_mixin.py:188} INFO - [2026-02-14T16:12:32.934+0000] {dag.py:3947} INFO - Setting next_dagrun for example_trigger_controller_dag to 2021-01-01 00:00:00+00:00, run_after=2021-01-01 00:00:00+00:00
[2026-02-14T16:12:32.941+0000] {processor.py:183} INFO - Processing /home/airflow/.local/lib/python3.12/site-packages/airflow/example_dags/example_trigger_controller_dag.py took 0.032 seconds
[2026-02-14T16:13:03.397+0000] {processor.py:161} INFO - Started process (PID=3115) to work on /home/airflow/.local/lib/python3.12/site-packages/airflow/example_dags/example_trigger_controller_dag.py
[2026-02-14T16:13:03.398+0000] {processor.py:830} INFO - Processing file /home/airflow/.local/lib/python3.12/site-packages/airflow/example_dags/example_trigger_controller_dag.py for tasks to queue
[2026-02-14T16:13:03.399+0000] {logging_mixin.py:188} INFO - [2026-02-14T16:13:03.399+0000] {dagbag.py:545} INFO - Filling up the DagBag from /home/airflow/.local/lib/python3.12/site-packages/airflow/example_dags/example_trigger_controller_dag.py
[2026-02-14T16:13:03.401+0000] {processor.py:840} INFO - DAG(s) 'example_trigger_controller_dag' retrieved from /home/airflow/.local/lib/python3.12/site-packages/airflow/example_dags/example_trigger_controller_dag.py
[2026-02-14T16:13:03.409+0000] {logging_mixin.py:188} INFO - [2026-02-14T16:13:03.409+0000] {dag.py:3089} INFO - Sync 1 DAGs
[2026-02-14T16:13:03.417+0000] {logging_mixin.py:188} INFO - [2026-02-14T16:13:03.417+0000] {dag.py:3947} INFO - Setting next_dagrun for example_trigger_controller_dag to 2021-01-01 00:00:00+00:00, run_after=2021-01-01 00:00:00+00:00
[2026-02-14T16:13:03.423+0000] {processor.py:183} INFO - Processing /home/airflow/.local/lib/python3.12/site-packages/airflow/example_dags/example_trigger_controller_dag.py took 0.029 seconds
[2026-02-14T16:13:33.668+0000] {processor.py:161} INFO - Started process (PID=3174) to work on /home/airflow/.local/lib/python3.12/site-packages/airflow/example_dags/example_trigger_controller_dag.py
[2026-02-14T16:13:33.669+0000] {processor.py:830} INFO - Processing file /home/airflow/.local/lib/python3.12/site-packages/airflow/example_dags/example_trigger_controller_dag.py for tasks to queue
[2026-02-14T16:13:33.669+0000] {logging_mixin.py:188} INFO - [2026-02-14T16:13:33.669+0000] {dagbag.py:545} INFO - Filling up the DagBag from /home/airflow/.local/lib/python3.12/site-packages/airflow/example_dags/example_trigger_controller_dag.py
[2026-02-14T16:13:33.671+0000] {processor.py:840} INFO - DAG(s) 'example_trigger_controller_dag' retrieved from /home/airflow/.local/lib/python3.12/site-packages/airflow/example_dags/example_trigger_controller_dag.py
[2026-02-14T16:13:33.679+0000] {logging_mixin.py:188} INFO - [2026-02-14T16:13:33.679+0000] {dag.py:3089} INFO - Sync 1 DAGs
[2026-02-14T16:13:33.687+0000] {logging_mixin.py:188} INFO - [2026-02-14T16:13:33.686+0000] {dag.py:3947} INFO - Setting next_dagrun for example_trigger_controller_dag to 2021-01-01 00:00:00+00:00, run_after=2021-01-01 00:00:00+00:00
[2026-02-14T16:13:33.692+0000] {processor.py:183} INFO - Processing /home/airflow/.local/lib/python3.12/site-packages/airflow/example_dags/example_trigger_controller_dag.py took 0.027 seconds
[2026-02-14T16:14:03.991+0000] {processor.py:161} INFO - Started process (PID=3233) to work on /home/airflow/.local/lib/python3.12/site-packages/airflow/example_dags/example_trigger_controller_dag.py
[2026-02-14T16:14:03.991+0000] {processor.py:830} INFO - Processing file /home/airflow/.local/lib/python3.12/site-packages/airflow/example_dags/example_trigger_controller_dag.py for tasks to queue
[2026-02-14T16:14:03.992+0000] {logging_mixin.py:188} INFO - [2026-02-14T16:14:03.992+0000] {dagbag.py:545} INFO - Filling up the DagBag from /home/airflow/.local/lib/python3.12/site-packages/airflow/example_dags/example_trigger_controller_dag.py
[2026-02-14T16:14:03.995+0000] {processor.py:840} INFO - DAG(s) 'example_trigger_controller_dag' retrieved from /home/airflow/.local/lib/python3.12/site-packages/airflow/example_dags/example_trigger_controller_dag.py
[2026-02-14T16:14:04.004+0000] {logging_mixin.py:188} INFO - [2026-02-14T16:14:04.004+0000] {dag.py:3089} INFO - Sync 1 DAGs
[2026-02-14T16:14:04.015+0000] {logging_mixin.py:188} INFO - [2026-02-14T16:14:04.014+0000] {dag.py:3947} INFO - Setting next_dagrun for example_trigger_controller_dag to 2021-01-01 00:00:00+00:00, run_after=2021-01-01 00:00:00+00:00
[2026-02-14T16:14:04.024+0000] {processor.py:183} INFO - Processing /home/airflow/.local/lib/python3.12/site-packages/airflow/example_dags/example_trigger_controller_dag.py took 0.036 seconds
[2026-02-14T16:14:34.566+0000] {processor.py:161} INFO - Started process (PID=3292) to work on /home/airflow/.local/lib/python3.12/site-packages/airflow/example_dags/example_trigger_controller_dag.py
[2026-02-14T16:14:34.569+0000] {processor.py:830} INFO - Processing file /home/airflow/.local/lib/python3.12/site-packages/airflow/example_dags/example_trigger_controller_dag.py for tasks to queue
[2026-02-14T16:14:34.572+0000] {logging_mixin.py:188} INFO - [2026-02-14T16:14:34.572+0000] {dagbag.py:545} INFO - Filling up the DagBag from /home/airflow/.local/lib/python3.12/site-packages/airflow/example_dags/example_trigger_controller_dag.py
[2026-02-14T16:14:34.580+0000] {processor.py:840} INFO - DAG(s) 'example_trigger_controller_dag' retrieved from /home/airflow/.local/lib/python3.12/site-packages/airflow/example_dags/example_trigger_controller_dag.py
[2026-02-14T16:14:34.599+0000] {logging_mixin.py:188} INFO - [2026-02-14T16:14:34.599+0000] {dag.py:3089} INFO - Sync 1 DAGs
[2026-02-14T16:14:34.620+0000] {logging_mixin.py:188} INFO - [2026-02-14T16:14:34.620+0000] {dag.py:3947} INFO - Setting next_dagrun for example_trigger_controller_dag to 2021-01-01 00:00:00+00:00, run_after=2021-01-01 00:00:00+00:00
[2026-02-14T16:14:34.666+0000] {processor.py:183} INFO - Processing /home/airflow/.local/lib/python3.12/site-packages/airflow/example_dags/example_trigger_controller_dag.py took 0.110 seconds
[2026-02-14T16:15:05.461+0000] {processor.py:161} INFO - Started process (PID=3351) to work on /home/airflow/.local/lib/python3.12/site-packages/airflow/example_dags/example_trigger_controller_dag.py
[2026-02-14T16:15:05.462+0000] {processor.py:830} INFO - Processing file /home/airflow/.local/lib/python3.12/site-packages/airflow/example_dags/example_trigger_controller_dag.py for tasks to queue
[2026-02-14T16:15:05.463+0000] {logging_mixin.py:188} INFO - [2026-02-14T16:15:05.462+0000] {dagbag.py:545} INFO - Filling up the DagBag from /home/airflow/.local/lib/python3.12/site-packages/airflow/example_dags/example_trigger_controller_dag.py
[2026-02-14T16:15:05.465+0000] {processor.py:840} INFO - DAG(s) 'example_trigger_controller_dag' retrieved from /home/airflow/.local/lib/python3.12/site-packages/airflow/example_dags/example_trigger_controller_dag.py
[2026-02-14T16:15:05.476+0000] {logging_mixin.py:188} INFO - [2026-02-14T16:15:05.476+0000] {dag.py:3089} INFO - Sync 1 DAGs
[2026-02-14T16:15:05.487+0000] {logging_mixin.py:188} INFO - [2026-02-14T16:15:05.487+0000] {dag.py:3947} INFO - Setting next_dagrun for example_trigger_controller_dag to 2021-01-01 00:00:00+00:00, run_after=2021-01-01 00:00:00+00:00
[2026-02-14T16:15:05.495+0000] {processor.py:183} INFO - Processing /home/airflow/.local/lib/python3.12/site-packages/airflow/example_dags/example_trigger_controller_dag.py took 0.039 seconds
[2026-02-14T16:15:36.135+0000] {processor.py:161} INFO - Started process (PID=3410) to work on /home/airflow/.local/lib/python3.12/site-packages/airflow/example_dags/example_trigger_controller_dag.py
[2026-02-14T16:15:36.136+0000] {processor.py:830} INFO - Processing file /home/airflow/.local/lib/python3.12/site-packages/airflow/example_dags/example_trigger_controller_dag.py for tasks to queue
[2026-02-14T16:15:36.138+0000] {logging_mixin.py:188} INFO - [2026-02-14T16:15:36.137+0000] {dagbag.py:545} INFO - Filling up the DagBag from /home/airflow/.local/lib/python3.12/site-packages/airflow/example_dags/example_trigger_controller_dag.py
[2026-02-14T16:15:36.140+0000] {processor.py:840} INFO - DAG(s) 'example_trigger_controller_dag' retrieved from /home/airflow/.local/lib/python3.12/site-packages/airflow/example_dags/example_trigger_controller_dag.py
[2026-02-14T16:15:36.149+0000] {logging_mixin.py:188} INFO - [2026-02-14T16:15:36.149+0000] {dag.py:3089} INFO - Sync 1 DAGs
[2026-02-14T16:15:36.159+0000] {logging_mixin.py:188} INFO - [2026-02-14T16:15:36.159+0000] {dag.py:3947} INFO - Setting next_dagrun for example_trigger_controller_dag to 2021-01-01 00:00:00+00:00, run_after=2021-01-01 00:00:00+00:00
[2026-02-14T16:15:36.169+0000] {processor.py:183} INFO - Processing /home/airflow/.local/lib/python3.12/site-packages/airflow/example_dags/example_trigger_controller_dag.py took 0.039 seconds
[2026-02-14T16:16:06.289+0000] {processor.py:161} INFO - Started process (PID=3469) to work on /home/airflow/.local/lib/python3.12/site-packages/airflow/example_dags/example_trigger_controller_dag.py
[2026-02-14T16:16:06.289+0000] {processor.py:830} INFO - Processing file /home/airflow/.local/lib/python3.12/site-packages/airflow/example_dags/example_trigger_controller_dag.py for tasks to queue
[2026-02-14T16:16:06.290+0000] {logging_mixin.py:188} INFO - [2026-02-14T16:16:06.290+0000] {dagbag.py:545} INFO - Filling up the DagBag from /home/airflow/.local/lib/python3.12/site-packages/airflow/example_dags/example_trigger_controller_dag.py
[2026-02-14T16:16:06.292+0000] {processor.py:840} INFO - DAG(s) 'example_trigger_controller_dag' retrieved from /home/airflow/.local/lib/python3.12/site-packages/airflow/example_dags/example_trigger_controller_dag.py
[2026-02-14T16:16:06.306+0000] {logging_mixin.py:188} INFO - [2026-02-14T16:16:06.306+0000] {dag.py:3089} INFO - Sync 1 DAGs
[2026-02-14T16:16:06.319+0000] {logging_mixin.py:188} INFO - [2026-02-14T16:16:06.319+0000] {dag.py:3947} INFO - Setting next_dagrun for example_trigger_controller_dag to 2021-01-01 00:00:00+00:00, run_after=2021-01-01 00:00:00+00:00
[2026-02-14T16:16:06.327+0000] {processor.py:183} INFO - Processing /home/airflow/.local/lib/python3.12/site-packages/airflow/example_dags/example_trigger_controller_dag.py took 0.041 seconds
[2026-02-14T16:16:36.838+0000] {processor.py:161} INFO - Started process (PID=3528) to work on /home/airflow/.local/lib/python3.12/site-packages/airflow/example_dags/example_trigger_controller_dag.py
[2026-02-14T16:16:36.839+0000] {processor.py:830} INFO - Processing file /home/airflow/.local/lib/python3.12/site-packages/airflow/example_dags/example_trigger_controller_dag.py for tasks to queue
[2026-02-14T16:16:36.839+0000] {logging_mixin.py:188} INFO - [2026-02-14T16:16:36.839+0000] {dagbag.py:545} INFO - Filling up the DagBag from /home/airflow/.local/lib/python3.12/site-packages/airflow/example_dags/example_trigger_controller_dag.py
[2026-02-14T16:16:36.841+0000] {processor.py:840} INFO - DAG(s) 'example_trigger_controller_dag' retrieved from /home/airflow/.local/lib/python3.12/site-packages/airflow/example_dags/example_trigger_controller_dag.py
[2026-02-14T16:16:36.851+0000] {logging_mixin.py:188} INFO - [2026-02-14T16:16:36.851+0000] {dag.py:3089} INFO - Sync 1 DAGs
[2026-02-14T16:16:36.861+0000] {logging_mixin.py:188} INFO - [2026-02-14T16:16:36.861+0000] {dag.py:3947} INFO - Setting next_dagrun for example_trigger_controller_dag to 2021-01-01 00:00:00+00:00, run_after=2021-01-01 00:00:00+00:00
[2026-02-14T16:16:36.869+0000] {processor.py:183} INFO - Processing /home/airflow/.local/lib/python3.12/site-packages/airflow/example_dags/example_trigger_controller_dag.py took 0.033 seconds
[2026-02-14T16:17:07.377+0000] {processor.py:161} INFO - Started process (PID=3587) to work on /home/airflow/.local/lib/python3.12/site-packages/airflow/example_dags/example_trigger_controller_dag.py
[2026-02-14T16:17:07.378+0000] {processor.py:830} INFO - Processing file /home/airflow/.local/lib/python3.12/site-packages/airflow/example_dags/example_trigger_controller_dag.py for tasks to queue
[2026-02-14T16:17:07.379+0000] {logging_mixin.py:188} INFO - [2026-02-14T16:17:07.379+0000] {dagbag.py:545} INFO - Filling up the DagBag from /home/airflow/.local/lib/python3.12/site-packages/airflow/example_dags/example_trigger_controller_dag.py
[2026-02-14T16:17:07.382+0000] {processor.py:840} INFO - DAG(s) 'example_trigger_controller_dag' retrieved from /home/airflow/.local/lib/python3.12/site-packages/airflow/example_dags/example_trigger_controller_dag.py
[2026-02-14T16:17:07.391+0000] {logging_mixin.py:188} INFO - [2026-02-14T16:17:07.391+0000] {dag.py:3089} INFO - Sync 1 DAGs
[2026-02-14T16:17:07.403+0000] {logging_mixin.py:188} INFO - [2026-02-14T16:17:07.403+0000] {dag.py:3947} INFO - Setting next_dagrun for example_trigger_controller_dag to 2021-01-01 00:00:00+00:00, run_after=2021-01-01 00:00:00+00:00
[2026-02-14T16:17:07.412+0000] {processor.py:183} INFO - Processing /home/airflow/.local/lib/python3.12/site-packages/airflow/example_dags/example_trigger_controller_dag.py took 0.040 seconds
[2026-02-14T16:17:38.043+0000] {processor.py:161} INFO - Started process (PID=3646) to work on /home/airflow/.local/lib/python3.12/site-packages/airflow/example_dags/example_trigger_controller_dag.py
[2026-02-14T16:17:38.043+0000] {processor.py:830} INFO - Processing file /home/airflow/.local/lib/python3.12/site-packages/airflow/example_dags/example_trigger_controller_dag.py for tasks to queue
[2026-02-14T16:17:38.044+0000] {logging_mixin.py:188} INFO - [2026-02-14T16:17:38.044+0000] {dagbag.py:545} INFO - Filling up the DagBag from /home/airflow/.local/lib/python3.12/site-packages/airflow/example_dags/example_trigger_controller_dag.py
[2026-02-14T16:17:38.046+0000] {processor.py:840} INFO - DAG(s) 'example_trigger_controller_dag' retrieved from /home/airflow/.local/lib/python3.12/site-packages/airflow/example_dags/example_trigger_controller_dag.py
[2026-02-14T16:17:38.054+0000] {logging_mixin.py:188} INFO - [2026-02-14T16:17:38.054+0000] {dag.py:3089} INFO - Sync 1 DAGs
[2026-02-14T16:17:38.066+0000] {logging_mixin.py:188} INFO - [2026-02-14T16:17:38.066+0000] {dag.py:3947} INFO - Setting next_dagrun for example_trigger_controller_dag to 2021-01-01 00:00:00+00:00, run_after=2021-01-01 00:00:00+00:00
[2026-02-14T16:17:38.074+0000] {processor.py:183} INFO - Processing /home/airflow/.local/lib/python3.12/site-packages/airflow/example_dags/example_trigger_controller_dag.py took 0.035 seconds
[2026-02-14T16:18:08.677+0000] {processor.py:161} INFO - Started process (PID=3705) to work on /home/airflow/.local/lib/python3.12/site-packages/airflow/example_dags/example_trigger_controller_dag.py
[2026-02-14T16:18:08.677+0000] {processor.py:830} INFO - Processing file /home/airflow/.local/lib/python3.12/site-packages/airflow/example_dags/example_trigger_controller_dag.py for tasks to queue
[2026-02-14T16:18:08.678+0000] {logging_mixin.py:188} INFO - [2026-02-14T16:18:08.678+0000] {dagbag.py:545} INFO - Filling up the DagBag from /home/airflow/.local/lib/python3.12/site-packages/airflow/example_dags/example_trigger_controller_dag.py
[2026-02-14T16:18:08.680+0000] {processor.py:840} INFO - DAG(s) 'example_trigger_controller_dag' retrieved from /home/airflow/.local/lib/python3.12/site-packages/airflow/example_dags/example_trigger_controller_dag.py
[2026-02-14T16:18:08.688+0000] {logging_mixin.py:188} INFO - [2026-02-14T16:18:08.687+0000] {dag.py:3089} INFO - Sync 1 DAGs
[2026-02-14T16:18:08.696+0000] {logging_mixin.py:188} INFO - [2026-02-14T16:18:08.696+0000] {dag.py:3947} INFO - Setting next_dagrun for example_trigger_controller_dag to 2021-01-01 00:00:00+00:00, run_after=2021-01-01 00:00:00+00:00
[2026-02-14T16:18:08.706+0000] {processor.py:183} INFO - Processing /home/airflow/.local/lib/python3.12/site-packages/airflow/example_dags/example_trigger_controller_dag.py took 0.032 seconds
[2026-02-14T16:18:39.248+0000] {processor.py:161} INFO - Started process (PID=3764) to work on /home/airflow/.local/lib/python3.12/site-packages/airflow/example_dags/example_trigger_controller_dag.py
[2026-02-14T16:18:39.250+0000] {processor.py:830} INFO - Processing file /home/airflow/.local/lib/python3.12/site-packages/airflow/example_dags/example_trigger_controller_dag.py for tasks to queue
[2026-02-14T16:18:39.251+0000] {logging_mixin.py:188} INFO - [2026-02-14T16:18:39.251+0000] {dagbag.py:545} INFO - Filling up the DagBag from /home/airflow/.local/lib/python3.12/site-packages/airflow/example_dags/example_trigger_controller_dag.py
[2026-02-14T16:18:39.254+0000] {processor.py:840} INFO - DAG(s) 'example_trigger_controller_dag' retrieved from /home/airflow/.local/lib/python3.12/site-packages/airflow/example_dags/example_trigger_controller_dag.py
[2026-02-14T16:18:39.268+0000] {logging_mixin.py:188} INFO - [2026-02-14T16:18:39.268+0000] {dag.py:3089} INFO - Sync 1 DAGs
[2026-02-14T16:18:39.280+0000] {logging_mixin.py:188} INFO - [2026-02-14T16:18:39.280+0000] {dag.py:3947} INFO - Setting next_dagrun for example_trigger_controller_dag to 2021-01-01 00:00:00+00:00, run_after=2021-01-01 00:00:00+00:00
[2026-02-14T16:18:39.295+0000] {processor.py:183} INFO - Processing /home/airflow/.local/lib/python3.12/site-packages/airflow/example_dags/example_trigger_controller_dag.py took 0.050 seconds
[2026-02-14T16:19:09.488+0000] {processor.py:161} INFO - Started process (PID=3823) to work on /home/airflow/.local/lib/python3.12/site-packages/airflow/example_dags/example_trigger_controller_dag.py
[2026-02-14T16:19:09.489+0000] {processor.py:830} INFO - Processing file /home/airflow/.local/lib/python3.12/site-packages/airflow/example_dags/example_trigger_controller_dag.py for tasks to queue
[2026-02-14T16:19:09.490+0000] {logging_mixin.py:188} INFO - [2026-02-14T16:19:09.490+0000] {dagbag.py:545} INFO - Filling up the DagBag from /home/airflow/.local/lib/python3.12/site-packages/airflow/example_dags/example_trigger_controller_dag.py
[2026-02-14T16:19:09.492+0000] {processor.py:840} INFO - DAG(s) 'example_trigger_controller_dag' retrieved from /home/airflow/.local/lib/python3.12/site-packages/airflow/example_dags/example_trigger_controller_dag.py
[2026-02-14T16:19:09.501+0000] {logging_mixin.py:188} INFO - [2026-02-14T16:19:09.501+0000] {dag.py:3089} INFO - Sync 1 DAGs
[2026-02-14T16:19:09.512+0000] {logging_mixin.py:188} INFO - [2026-02-14T16:19:09.511+0000] {dag.py:3947} INFO - Setting next_dagrun for example_trigger_controller_dag to 2021-01-01 00:00:00+00:00, run_after=2021-01-01 00:00:00+00:00
[2026-02-14T16:19:09.520+0000] {processor.py:183} INFO - Processing /home/airflow/.local/lib/python3.12/site-packages/airflow/example_dags/example_trigger_controller_dag.py took 0.034 seconds
[2026-02-14T16:19:40.160+0000] {processor.py:161} INFO - Started process (PID=3882) to work on /home/airflow/.local/lib/python3.12/site-packages/airflow/example_dags/example_trigger_controller_dag.py
[2026-02-14T16:19:40.160+0000] {processor.py:830} INFO - Processing file /home/airflow/.local/lib/python3.12/site-packages/airflow/example_dags/example_trigger_controller_dag.py for tasks to queue
[2026-02-14T16:19:40.162+0000] {logging_mixin.py:188} INFO - [2026-02-14T16:19:40.162+0000] {dagbag.py:545} INFO - Filling up the DagBag from /home/airflow/.local/lib/python3.12/site-packages/airflow/example_dags/example_trigger_controller_dag.py
[2026-02-14T16:19:40.164+0000] {processor.py:840} INFO - DAG(s) 'example_trigger_controller_dag' retrieved from /home/airflow/.local/lib/python3.12/site-packages/airflow/example_dags/example_trigger_controller_dag.py
[2026-02-14T16:19:40.180+0000] {logging_mixin.py:188} INFO - [2026-02-14T16:19:40.180+0000] {dag.py:3089} INFO - Sync 1 DAGs
[2026-02-14T16:19:40.190+0000] {logging_mixin.py:188} INFO - [2026-02-14T16:19:40.189+0000] {dag.py:3947} INFO - Setting next_dagrun for example_trigger_controller_dag to 2021-01-01 00:00:00+00:00, run_after=2021-01-01 00:00:00+00:00
[2026-02-14T16:19:40.200+0000] {processor.py:183} INFO - Processing /home/airflow/.local/lib/python3.12/site-packages/airflow/example_dags/example_trigger_controller_dag.py took 0.044 seconds
[2026-02-14T16:20:10.506+0000] {processor.py:161} INFO - Started process (PID=3940) to work on /home/airflow/.local/lib/python3.12/site-packages/airflow/example_dags/example_trigger_controller_dag.py
[2026-02-14T16:20:10.508+0000] {processor.py:830} INFO - Processing file /home/airflow/.local/lib/python3.12/site-packages/airflow/example_dags/example_trigger_controller_dag.py for tasks to queue
[2026-02-14T16:20:10.510+0000] {logging_mixin.py:188} INFO - [2026-02-14T16:20:10.509+0000] {dagbag.py:545} INFO - Filling up the DagBag from /home/airflow/.local/lib/python3.12/site-packages/airflow/example_dags/example_trigger_controller_dag.py
[2026-02-14T16:20:10.512+0000] {processor.py:840} INFO - DAG(s) 'example_trigger_controller_dag' retrieved from /home/airflow/.local/lib/python3.12/site-packages/airflow/example_dags/example_trigger_controller_dag.py
[2026-02-14T16:20:10.525+0000] {logging_mixin.py:188} INFO - [2026-02-14T16:20:10.524+0000] {dag.py:3089} INFO - Sync 1 DAGs
[2026-02-14T16:20:10.557+0000] {logging_mixin.py:188} INFO - [2026-02-14T16:20:10.556+0000] {dag.py:3947} INFO - Setting next_dagrun for example_trigger_controller_dag to 2021-01-01 00:00:00+00:00, run_after=2021-01-01 00:00:00+00:00
[2026-02-14T16:20:10.583+0000] {processor.py:183} INFO - Processing /home/airflow/.local/lib/python3.12/site-packages/airflow/example_dags/example_trigger_controller_dag.py took 0.083 seconds
[2026-02-14T16:20:41.113+0000] {processor.py:161} INFO - Started process (PID=4000) to work on /home/airflow/.local/lib/python3.12/site-packages/airflow/example_dags/example_trigger_controller_dag.py
[2026-02-14T16:20:41.114+0000] {processor.py:830} INFO - Processing file /home/airflow/.local/lib/python3.12/site-packages/airflow/example_dags/example_trigger_controller_dag.py for tasks to queue
[2026-02-14T16:20:41.115+0000] {logging_mixin.py:188} INFO - [2026-02-14T16:20:41.115+0000] {dagbag.py:545} INFO - Filling up the DagBag from /home/airflow/.local/lib/python3.12/site-packages/airflow/example_dags/example_trigger_controller_dag.py
[2026-02-14T16:20:41.119+0000] {processor.py:840} INFO - DAG(s) 'example_trigger_controller_dag' retrieved from /home/airflow/.local/lib/python3.12/site-packages/airflow/example_dags/example_trigger_controller_dag.py
[2026-02-14T16:20:41.132+0000] {logging_mixin.py:188} INFO - [2026-02-14T16:20:41.131+0000] {dag.py:3089} INFO - Sync 1 DAGs
[2026-02-14T16:20:41.141+0000] {logging_mixin.py:188} INFO - [2026-02-14T16:20:41.141+0000] {dag.py:3947} INFO - Setting next_dagrun for example_trigger_controller_dag to 2021-01-01 00:00:00+00:00, run_after=2021-01-01 00:00:00+00:00
[2026-02-14T16:20:41.153+0000] {processor.py:183} INFO - Processing /home/airflow/.local/lib/python3.12/site-packages/airflow/example_dags/example_trigger_controller_dag.py took 0.043 seconds
[2026-02-14T16:21:11.780+0000] {processor.py:161} INFO - Started process (PID=4059) to work on /home/airflow/.local/lib/python3.12/site-packages/airflow/example_dags/example_trigger_controller_dag.py
[2026-02-14T16:21:11.781+0000] {processor.py:830} INFO - Processing file /home/airflow/.local/lib/python3.12/site-packages/airflow/example_dags/example_trigger_controller_dag.py for tasks to queue
[2026-02-14T16:21:11.782+0000] {logging_mixin.py:188} INFO - [2026-02-14T16:21:11.781+0000] {dagbag.py:545} INFO - Filling up the DagBag from /home/airflow/.local/lib/python3.12/site-packages/airflow/example_dags/example_trigger_controller_dag.py
[2026-02-14T16:21:11.784+0000] {processor.py:840} INFO - DAG(s) 'example_trigger_controller_dag' retrieved from /home/airflow/.local/lib/python3.12/site-packages/airflow/example_dags/example_trigger_controller_dag.py
[2026-02-14T16:21:11.791+0000] {logging_mixin.py:188} INFO - [2026-02-14T16:21:11.791+0000] {dag.py:3089} INFO - Sync 1 DAGs
[2026-02-14T16:21:11.799+0000] {logging_mixin.py:188} INFO - [2026-02-14T16:21:11.799+0000] {dag.py:3947} INFO - Setting next_dagrun for example_trigger_controller_dag to 2021-01-01 00:00:00+00:00, run_after=2021-01-01 00:00:00+00:00
[2026-02-14T16:21:11.808+0000] {processor.py:183} INFO - Processing /home/airflow/.local/lib/python3.12/site-packages/airflow/example_dags/example_trigger_controller_dag.py took 0.031 seconds
