[2026-02-14T15:46:37.047+0000] {processor.py:161} INFO - Started process (PID=44) to work on /home/airflow/.local/lib/python3.12/site-packages/airflow/example_dags/example_complex.py
[2026-02-14T15:46:37.049+0000] {processor.py:830} INFO - Processing file /home/airflow/.local/lib/python3.12/site-packages/airflow/example_dags/example_complex.py for tasks to queue
[2026-02-14T15:46:37.053+0000] {logging_mixin.py:188} INFO - [2026-02-14T15:46:37.053+0000] {dagbag.py:545} INFO - Filling up the DagBag from /home/airflow/.local/lib/python3.12/site-packages/airflow/example_dags/example_complex.py
[2026-02-14T15:46:37.071+0000] {processor.py:840} INFO - DAG(s) 'example_complex' retrieved from /home/airflow/.local/lib/python3.12/site-packages/airflow/example_dags/example_complex.py
[2026-02-14T15:46:37.082+0000] {logging_mixin.py:188} INFO - [2026-02-14T15:46:37.082+0000] {dag.py:3089} INFO - Sync 1 DAGs
[2026-02-14T15:46:37.093+0000] {logging_mixin.py:188} INFO - [2026-02-14T15:46:37.093+0000] {dag.py:3947} INFO - Setting next_dagrun for example_complex to None, run_after=None
[2026-02-14T15:46:37.109+0000] {processor.py:183} INFO - Processing /home/airflow/.local/lib/python3.12/site-packages/airflow/example_dags/example_complex.py took 0.066 seconds
[2026-02-14T15:47:07.211+0000] {processor.py:161} INFO - Started process (PID=103) to work on /home/airflow/.local/lib/python3.12/site-packages/airflow/example_dags/example_complex.py
[2026-02-14T15:47:07.212+0000] {processor.py:830} INFO - Processing file /home/airflow/.local/lib/python3.12/site-packages/airflow/example_dags/example_complex.py for tasks to queue
[2026-02-14T15:47:07.213+0000] {logging_mixin.py:188} INFO - [2026-02-14T15:47:07.213+0000] {dagbag.py:545} INFO - Filling up the DagBag from /home/airflow/.local/lib/python3.12/site-packages/airflow/example_dags/example_complex.py
[2026-02-14T15:47:07.216+0000] {processor.py:840} INFO - DAG(s) 'example_complex' retrieved from /home/airflow/.local/lib/python3.12/site-packages/airflow/example_dags/example_complex.py
[2026-02-14T15:47:07.249+0000] {logging_mixin.py:188} INFO - [2026-02-14T15:47:07.249+0000] {dag.py:3089} INFO - Sync 1 DAGs
[2026-02-14T15:47:07.252+0000] {logging_mixin.py:188} INFO - [2026-02-14T15:47:07.252+0000] {dag.py:3947} INFO - Setting next_dagrun for example_complex to None, run_after=None
[2026-02-14T15:47:07.258+0000] {processor.py:183} INFO - Processing /home/airflow/.local/lib/python3.12/site-packages/airflow/example_dags/example_complex.py took 0.055 seconds
[2026-02-14T15:47:37.396+0000] {processor.py:161} INFO - Started process (PID=162) to work on /home/airflow/.local/lib/python3.12/site-packages/airflow/example_dags/example_complex.py
[2026-02-14T15:47:37.396+0000] {processor.py:830} INFO - Processing file /home/airflow/.local/lib/python3.12/site-packages/airflow/example_dags/example_complex.py for tasks to queue
[2026-02-14T15:47:37.399+0000] {logging_mixin.py:188} INFO - [2026-02-14T15:47:37.399+0000] {dagbag.py:545} INFO - Filling up the DagBag from /home/airflow/.local/lib/python3.12/site-packages/airflow/example_dags/example_complex.py
[2026-02-14T15:47:37.403+0000] {processor.py:840} INFO - DAG(s) 'example_complex' retrieved from /home/airflow/.local/lib/python3.12/site-packages/airflow/example_dags/example_complex.py
[2026-02-14T15:47:37.416+0000] {logging_mixin.py:188} INFO - [2026-02-14T15:47:37.416+0000] {dag.py:3089} INFO - Sync 1 DAGs
[2026-02-14T15:47:37.421+0000] {logging_mixin.py:188} INFO - [2026-02-14T15:47:37.421+0000] {dag.py:3947} INFO - Setting next_dagrun for example_complex to None, run_after=None
[2026-02-14T15:47:37.428+0000] {processor.py:183} INFO - Processing /home/airflow/.local/lib/python3.12/site-packages/airflow/example_dags/example_complex.py took 0.035 seconds
[2026-02-14T15:48:08.018+0000] {processor.py:161} INFO - Started process (PID=221) to work on /home/airflow/.local/lib/python3.12/site-packages/airflow/example_dags/example_complex.py
[2026-02-14T15:48:08.020+0000] {processor.py:830} INFO - Processing file /home/airflow/.local/lib/python3.12/site-packages/airflow/example_dags/example_complex.py for tasks to queue
[2026-02-14T15:48:08.022+0000] {logging_mixin.py:188} INFO - [2026-02-14T15:48:08.021+0000] {dagbag.py:545} INFO - Filling up the DagBag from /home/airflow/.local/lib/python3.12/site-packages/airflow/example_dags/example_complex.py
[2026-02-14T15:48:08.027+0000] {processor.py:840} INFO - DAG(s) 'example_complex' retrieved from /home/airflow/.local/lib/python3.12/site-packages/airflow/example_dags/example_complex.py
[2026-02-14T15:48:08.039+0000] {logging_mixin.py:188} INFO - [2026-02-14T15:48:08.039+0000] {dag.py:3089} INFO - Sync 1 DAGs
[2026-02-14T15:48:08.044+0000] {logging_mixin.py:188} INFO - [2026-02-14T15:48:08.043+0000] {dag.py:3947} INFO - Setting next_dagrun for example_complex to None, run_after=None
[2026-02-14T15:48:08.050+0000] {processor.py:183} INFO - Processing /home/airflow/.local/lib/python3.12/site-packages/airflow/example_dags/example_complex.py took 0.034 seconds
[2026-02-14T15:48:38.641+0000] {processor.py:161} INFO - Started process (PID=280) to work on /home/airflow/.local/lib/python3.12/site-packages/airflow/example_dags/example_complex.py
[2026-02-14T15:48:38.642+0000] {processor.py:830} INFO - Processing file /home/airflow/.local/lib/python3.12/site-packages/airflow/example_dags/example_complex.py for tasks to queue
[2026-02-14T15:48:38.642+0000] {logging_mixin.py:188} INFO - [2026-02-14T15:48:38.642+0000] {dagbag.py:545} INFO - Filling up the DagBag from /home/airflow/.local/lib/python3.12/site-packages/airflow/example_dags/example_complex.py
[2026-02-14T15:48:38.647+0000] {processor.py:840} INFO - DAG(s) 'example_complex' retrieved from /home/airflow/.local/lib/python3.12/site-packages/airflow/example_dags/example_complex.py
[2026-02-14T15:48:38.664+0000] {logging_mixin.py:188} INFO - [2026-02-14T15:48:38.662+0000] {dag.py:3089} INFO - Sync 1 DAGs
[2026-02-14T15:48:38.669+0000] {logging_mixin.py:188} INFO - [2026-02-14T15:48:38.668+0000] {dag.py:3947} INFO - Setting next_dagrun for example_complex to None, run_after=None
[2026-02-14T15:48:38.679+0000] {processor.py:183} INFO - Processing /home/airflow/.local/lib/python3.12/site-packages/airflow/example_dags/example_complex.py took 0.041 seconds
[2026-02-14T15:49:09.290+0000] {processor.py:161} INFO - Started process (PID=345) to work on /home/airflow/.local/lib/python3.12/site-packages/airflow/example_dags/example_complex.py
[2026-02-14T15:49:09.290+0000] {processor.py:830} INFO - Processing file /home/airflow/.local/lib/python3.12/site-packages/airflow/example_dags/example_complex.py for tasks to queue
[2026-02-14T15:49:09.292+0000] {logging_mixin.py:188} INFO - [2026-02-14T15:49:09.292+0000] {dagbag.py:545} INFO - Filling up the DagBag from /home/airflow/.local/lib/python3.12/site-packages/airflow/example_dags/example_complex.py
[2026-02-14T15:49:09.296+0000] {processor.py:840} INFO - DAG(s) 'example_complex' retrieved from /home/airflow/.local/lib/python3.12/site-packages/airflow/example_dags/example_complex.py
[2026-02-14T15:49:09.308+0000] {logging_mixin.py:188} INFO - [2026-02-14T15:49:09.308+0000] {dag.py:3089} INFO - Sync 1 DAGs
[2026-02-14T15:49:09.313+0000] {logging_mixin.py:188} INFO - [2026-02-14T15:49:09.313+0000] {dag.py:3947} INFO - Setting next_dagrun for example_complex to None, run_after=None
[2026-02-14T15:49:09.320+0000] {processor.py:183} INFO - Processing /home/airflow/.local/lib/python3.12/site-packages/airflow/example_dags/example_complex.py took 0.033 seconds
[2026-02-14T15:49:39.693+0000] {processor.py:161} INFO - Started process (PID=404) to work on /home/airflow/.local/lib/python3.12/site-packages/airflow/example_dags/example_complex.py
[2026-02-14T15:49:39.694+0000] {processor.py:830} INFO - Processing file /home/airflow/.local/lib/python3.12/site-packages/airflow/example_dags/example_complex.py for tasks to queue
[2026-02-14T15:49:39.695+0000] {logging_mixin.py:188} INFO - [2026-02-14T15:49:39.694+0000] {dagbag.py:545} INFO - Filling up the DagBag from /home/airflow/.local/lib/python3.12/site-packages/airflow/example_dags/example_complex.py
[2026-02-14T15:49:39.698+0000] {processor.py:840} INFO - DAG(s) 'example_complex' retrieved from /home/airflow/.local/lib/python3.12/site-packages/airflow/example_dags/example_complex.py
[2026-02-14T15:49:39.708+0000] {logging_mixin.py:188} INFO - [2026-02-14T15:49:39.708+0000] {dag.py:3089} INFO - Sync 1 DAGs
[2026-02-14T15:49:39.713+0000] {logging_mixin.py:188} INFO - [2026-02-14T15:49:39.713+0000] {dag.py:3947} INFO - Setting next_dagrun for example_complex to None, run_after=None
[2026-02-14T15:49:39.719+0000] {processor.py:183} INFO - Processing /home/airflow/.local/lib/python3.12/site-packages/airflow/example_dags/example_complex.py took 0.028 seconds
[2026-02-14T15:50:10.058+0000] {processor.py:161} INFO - Started process (PID=463) to work on /home/airflow/.local/lib/python3.12/site-packages/airflow/example_dags/example_complex.py
[2026-02-14T15:50:10.059+0000] {processor.py:830} INFO - Processing file /home/airflow/.local/lib/python3.12/site-packages/airflow/example_dags/example_complex.py for tasks to queue
[2026-02-14T15:50:10.060+0000] {logging_mixin.py:188} INFO - [2026-02-14T15:50:10.060+0000] {dagbag.py:545} INFO - Filling up the DagBag from /home/airflow/.local/lib/python3.12/site-packages/airflow/example_dags/example_complex.py
[2026-02-14T15:50:10.065+0000] {processor.py:840} INFO - DAG(s) 'example_complex' retrieved from /home/airflow/.local/lib/python3.12/site-packages/airflow/example_dags/example_complex.py
[2026-02-14T15:50:10.077+0000] {logging_mixin.py:188} INFO - [2026-02-14T15:50:10.077+0000] {dag.py:3089} INFO - Sync 1 DAGs
[2026-02-14T15:50:10.082+0000] {logging_mixin.py:188} INFO - [2026-02-14T15:50:10.082+0000] {dag.py:3947} INFO - Setting next_dagrun for example_complex to None, run_after=None
[2026-02-14T15:50:10.089+0000] {processor.py:183} INFO - Processing /home/airflow/.local/lib/python3.12/site-packages/airflow/example_dags/example_complex.py took 0.033 seconds
[2026-02-14T15:50:40.489+0000] {processor.py:161} INFO - Started process (PID=522) to work on /home/airflow/.local/lib/python3.12/site-packages/airflow/example_dags/example_complex.py
[2026-02-14T15:50:40.490+0000] {processor.py:830} INFO - Processing file /home/airflow/.local/lib/python3.12/site-packages/airflow/example_dags/example_complex.py for tasks to queue
[2026-02-14T15:50:40.492+0000] {logging_mixin.py:188} INFO - [2026-02-14T15:50:40.492+0000] {dagbag.py:545} INFO - Filling up the DagBag from /home/airflow/.local/lib/python3.12/site-packages/airflow/example_dags/example_complex.py
[2026-02-14T15:50:40.497+0000] {processor.py:840} INFO - DAG(s) 'example_complex' retrieved from /home/airflow/.local/lib/python3.12/site-packages/airflow/example_dags/example_complex.py
[2026-02-14T15:50:40.509+0000] {logging_mixin.py:188} INFO - [2026-02-14T15:50:40.509+0000] {dag.py:3089} INFO - Sync 1 DAGs
[2026-02-14T15:50:40.516+0000] {logging_mixin.py:188} INFO - [2026-02-14T15:50:40.516+0000] {dag.py:3947} INFO - Setting next_dagrun for example_complex to None, run_after=None
[2026-02-14T15:50:40.526+0000] {processor.py:183} INFO - Processing /home/airflow/.local/lib/python3.12/site-packages/airflow/example_dags/example_complex.py took 0.039 seconds
[2026-02-14T15:51:11.139+0000] {processor.py:161} INFO - Started process (PID=581) to work on /home/airflow/.local/lib/python3.12/site-packages/airflow/example_dags/example_complex.py
[2026-02-14T15:51:11.140+0000] {processor.py:830} INFO - Processing file /home/airflow/.local/lib/python3.12/site-packages/airflow/example_dags/example_complex.py for tasks to queue
[2026-02-14T15:51:11.141+0000] {logging_mixin.py:188} INFO - [2026-02-14T15:51:11.141+0000] {dagbag.py:545} INFO - Filling up the DagBag from /home/airflow/.local/lib/python3.12/site-packages/airflow/example_dags/example_complex.py
[2026-02-14T15:51:11.146+0000] {processor.py:840} INFO - DAG(s) 'example_complex' retrieved from /home/airflow/.local/lib/python3.12/site-packages/airflow/example_dags/example_complex.py
[2026-02-14T15:51:11.165+0000] {logging_mixin.py:188} INFO - [2026-02-14T15:51:11.165+0000] {dag.py:3089} INFO - Sync 1 DAGs
[2026-02-14T15:51:11.172+0000] {logging_mixin.py:188} INFO - [2026-02-14T15:51:11.172+0000] {dag.py:3947} INFO - Setting next_dagrun for example_complex to None, run_after=None
[2026-02-14T15:51:11.180+0000] {processor.py:183} INFO - Processing /home/airflow/.local/lib/python3.12/site-packages/airflow/example_dags/example_complex.py took 0.044 seconds
[2026-02-14T15:51:41.735+0000] {processor.py:161} INFO - Started process (PID=640) to work on /home/airflow/.local/lib/python3.12/site-packages/airflow/example_dags/example_complex.py
[2026-02-14T15:51:41.736+0000] {processor.py:830} INFO - Processing file /home/airflow/.local/lib/python3.12/site-packages/airflow/example_dags/example_complex.py for tasks to queue
[2026-02-14T15:51:41.737+0000] {logging_mixin.py:188} INFO - [2026-02-14T15:51:41.737+0000] {dagbag.py:545} INFO - Filling up the DagBag from /home/airflow/.local/lib/python3.12/site-packages/airflow/example_dags/example_complex.py
[2026-02-14T15:51:41.740+0000] {processor.py:840} INFO - DAG(s) 'example_complex' retrieved from /home/airflow/.local/lib/python3.12/site-packages/airflow/example_dags/example_complex.py
[2026-02-14T15:51:41.751+0000] {logging_mixin.py:188} INFO - [2026-02-14T15:51:41.751+0000] {dag.py:3089} INFO - Sync 1 DAGs
[2026-02-14T15:51:41.756+0000] {logging_mixin.py:188} INFO - [2026-02-14T15:51:41.756+0000] {dag.py:3947} INFO - Setting next_dagrun for example_complex to None, run_after=None
[2026-02-14T15:51:41.763+0000] {processor.py:183} INFO - Processing /home/airflow/.local/lib/python3.12/site-packages/airflow/example_dags/example_complex.py took 0.031 seconds
[2026-02-14T15:52:12.173+0000] {processor.py:161} INFO - Started process (PID=699) to work on /home/airflow/.local/lib/python3.12/site-packages/airflow/example_dags/example_complex.py
[2026-02-14T15:52:12.174+0000] {processor.py:830} INFO - Processing file /home/airflow/.local/lib/python3.12/site-packages/airflow/example_dags/example_complex.py for tasks to queue
[2026-02-14T15:52:12.175+0000] {logging_mixin.py:188} INFO - [2026-02-14T15:52:12.175+0000] {dagbag.py:545} INFO - Filling up the DagBag from /home/airflow/.local/lib/python3.12/site-packages/airflow/example_dags/example_complex.py
[2026-02-14T15:52:12.179+0000] {processor.py:840} INFO - DAG(s) 'example_complex' retrieved from /home/airflow/.local/lib/python3.12/site-packages/airflow/example_dags/example_complex.py
[2026-02-14T15:52:12.196+0000] {logging_mixin.py:188} INFO - [2026-02-14T15:52:12.196+0000] {dag.py:3089} INFO - Sync 1 DAGs
[2026-02-14T15:52:12.202+0000] {logging_mixin.py:188} INFO - [2026-02-14T15:52:12.202+0000] {dag.py:3947} INFO - Setting next_dagrun for example_complex to None, run_after=None
[2026-02-14T15:52:12.209+0000] {processor.py:183} INFO - Processing /home/airflow/.local/lib/python3.12/site-packages/airflow/example_dags/example_complex.py took 0.038 seconds
[2026-02-14T15:52:42.685+0000] {processor.py:161} INFO - Started process (PID=758) to work on /home/airflow/.local/lib/python3.12/site-packages/airflow/example_dags/example_complex.py
[2026-02-14T15:52:42.686+0000] {processor.py:830} INFO - Processing file /home/airflow/.local/lib/python3.12/site-packages/airflow/example_dags/example_complex.py for tasks to queue
[2026-02-14T15:52:42.687+0000] {logging_mixin.py:188} INFO - [2026-02-14T15:52:42.687+0000] {dagbag.py:545} INFO - Filling up the DagBag from /home/airflow/.local/lib/python3.12/site-packages/airflow/example_dags/example_complex.py
[2026-02-14T15:52:42.691+0000] {processor.py:840} INFO - DAG(s) 'example_complex' retrieved from /home/airflow/.local/lib/python3.12/site-packages/airflow/example_dags/example_complex.py
[2026-02-14T15:52:42.703+0000] {logging_mixin.py:188} INFO - [2026-02-14T15:52:42.702+0000] {dag.py:3089} INFO - Sync 1 DAGs
[2026-02-14T15:52:42.707+0000] {logging_mixin.py:188} INFO - [2026-02-14T15:52:42.707+0000] {dag.py:3947} INFO - Setting next_dagrun for example_complex to None, run_after=None
[2026-02-14T15:52:42.715+0000] {processor.py:183} INFO - Processing /home/airflow/.local/lib/python3.12/site-packages/airflow/example_dags/example_complex.py took 0.033 seconds
[2026-02-14T15:53:13.013+0000] {processor.py:161} INFO - Started process (PID=817) to work on /home/airflow/.local/lib/python3.12/site-packages/airflow/example_dags/example_complex.py
[2026-02-14T15:53:13.014+0000] {processor.py:830} INFO - Processing file /home/airflow/.local/lib/python3.12/site-packages/airflow/example_dags/example_complex.py for tasks to queue
[2026-02-14T15:53:13.015+0000] {logging_mixin.py:188} INFO - [2026-02-14T15:53:13.015+0000] {dagbag.py:545} INFO - Filling up the DagBag from /home/airflow/.local/lib/python3.12/site-packages/airflow/example_dags/example_complex.py
[2026-02-14T15:53:13.019+0000] {processor.py:840} INFO - DAG(s) 'example_complex' retrieved from /home/airflow/.local/lib/python3.12/site-packages/airflow/example_dags/example_complex.py
[2026-02-14T15:53:13.032+0000] {logging_mixin.py:188} INFO - [2026-02-14T15:53:13.032+0000] {dag.py:3089} INFO - Sync 1 DAGs
[2026-02-14T15:53:13.037+0000] {logging_mixin.py:188} INFO - [2026-02-14T15:53:13.036+0000] {dag.py:3947} INFO - Setting next_dagrun for example_complex to None, run_after=None
[2026-02-14T15:53:13.046+0000] {processor.py:183} INFO - Processing /home/airflow/.local/lib/python3.12/site-packages/airflow/example_dags/example_complex.py took 0.035 seconds
[2026-02-14T15:53:43.318+0000] {processor.py:161} INFO - Started process (PID=876) to work on /home/airflow/.local/lib/python3.12/site-packages/airflow/example_dags/example_complex.py
[2026-02-14T15:53:43.318+0000] {processor.py:830} INFO - Processing file /home/airflow/.local/lib/python3.12/site-packages/airflow/example_dags/example_complex.py for tasks to queue
[2026-02-14T15:53:43.319+0000] {logging_mixin.py:188} INFO - [2026-02-14T15:53:43.319+0000] {dagbag.py:545} INFO - Filling up the DagBag from /home/airflow/.local/lib/python3.12/site-packages/airflow/example_dags/example_complex.py
[2026-02-14T15:53:43.322+0000] {processor.py:840} INFO - DAG(s) 'example_complex' retrieved from /home/airflow/.local/lib/python3.12/site-packages/airflow/example_dags/example_complex.py
[2026-02-14T15:53:43.334+0000] {logging_mixin.py:188} INFO - [2026-02-14T15:53:43.334+0000] {dag.py:3089} INFO - Sync 1 DAGs
[2026-02-14T15:53:43.340+0000] {logging_mixin.py:188} INFO - [2026-02-14T15:53:43.340+0000] {dag.py:3947} INFO - Setting next_dagrun for example_complex to None, run_after=None
[2026-02-14T15:53:43.346+0000] {processor.py:183} INFO - Processing /home/airflow/.local/lib/python3.12/site-packages/airflow/example_dags/example_complex.py took 0.030 seconds
[2026-02-14T15:54:13.771+0000] {processor.py:161} INFO - Started process (PID=935) to work on /home/airflow/.local/lib/python3.12/site-packages/airflow/example_dags/example_complex.py
[2026-02-14T15:54:13.772+0000] {processor.py:830} INFO - Processing file /home/airflow/.local/lib/python3.12/site-packages/airflow/example_dags/example_complex.py for tasks to queue
[2026-02-14T15:54:13.773+0000] {logging_mixin.py:188} INFO - [2026-02-14T15:54:13.773+0000] {dagbag.py:545} INFO - Filling up the DagBag from /home/airflow/.local/lib/python3.12/site-packages/airflow/example_dags/example_complex.py
[2026-02-14T15:54:13.778+0000] {processor.py:840} INFO - DAG(s) 'example_complex' retrieved from /home/airflow/.local/lib/python3.12/site-packages/airflow/example_dags/example_complex.py
[2026-02-14T15:54:13.790+0000] {logging_mixin.py:188} INFO - [2026-02-14T15:54:13.790+0000] {dag.py:3089} INFO - Sync 1 DAGs
[2026-02-14T15:54:13.796+0000] {logging_mixin.py:188} INFO - [2026-02-14T15:54:13.796+0000] {dag.py:3947} INFO - Setting next_dagrun for example_complex to None, run_after=None
[2026-02-14T15:54:13.807+0000] {processor.py:183} INFO - Processing /home/airflow/.local/lib/python3.12/site-packages/airflow/example_dags/example_complex.py took 0.039 seconds
[2026-02-14T15:54:44.268+0000] {processor.py:161} INFO - Started process (PID=994) to work on /home/airflow/.local/lib/python3.12/site-packages/airflow/example_dags/example_complex.py
[2026-02-14T15:54:44.269+0000] {processor.py:830} INFO - Processing file /home/airflow/.local/lib/python3.12/site-packages/airflow/example_dags/example_complex.py for tasks to queue
[2026-02-14T15:54:44.270+0000] {logging_mixin.py:188} INFO - [2026-02-14T15:54:44.270+0000] {dagbag.py:545} INFO - Filling up the DagBag from /home/airflow/.local/lib/python3.12/site-packages/airflow/example_dags/example_complex.py
[2026-02-14T15:54:44.273+0000] {processor.py:840} INFO - DAG(s) 'example_complex' retrieved from /home/airflow/.local/lib/python3.12/site-packages/airflow/example_dags/example_complex.py
[2026-02-14T15:54:44.285+0000] {logging_mixin.py:188} INFO - [2026-02-14T15:54:44.284+0000] {dag.py:3089} INFO - Sync 1 DAGs
[2026-02-14T15:54:44.289+0000] {logging_mixin.py:188} INFO - [2026-02-14T15:54:44.289+0000] {dag.py:3947} INFO - Setting next_dagrun for example_complex to None, run_after=None
[2026-02-14T15:54:44.295+0000] {processor.py:183} INFO - Processing /home/airflow/.local/lib/python3.12/site-packages/airflow/example_dags/example_complex.py took 0.030 seconds
[2026-02-14T15:55:15.312+0000] {processor.py:161} INFO - Started process (PID=1053) to work on /home/airflow/.local/lib/python3.12/site-packages/airflow/example_dags/example_complex.py
[2026-02-14T15:55:15.313+0000] {processor.py:830} INFO - Processing file /home/airflow/.local/lib/python3.12/site-packages/airflow/example_dags/example_complex.py for tasks to queue
[2026-02-14T15:55:15.315+0000] {logging_mixin.py:188} INFO - [2026-02-14T15:55:15.315+0000] {dagbag.py:545} INFO - Filling up the DagBag from /home/airflow/.local/lib/python3.12/site-packages/airflow/example_dags/example_complex.py
[2026-02-14T15:55:15.325+0000] {processor.py:840} INFO - DAG(s) 'example_complex' retrieved from /home/airflow/.local/lib/python3.12/site-packages/airflow/example_dags/example_complex.py
[2026-02-14T15:55:15.396+0000] {logging_mixin.py:188} INFO - [2026-02-14T15:55:15.396+0000] {dag.py:3089} INFO - Sync 1 DAGs
[2026-02-14T15:55:15.408+0000] {logging_mixin.py:188} INFO - [2026-02-14T15:55:15.408+0000] {dag.py:3947} INFO - Setting next_dagrun for example_complex to None, run_after=None
[2026-02-14T15:55:15.450+0000] {processor.py:183} INFO - Processing /home/airflow/.local/lib/python3.12/site-packages/airflow/example_dags/example_complex.py took 0.143 seconds
[2026-02-14T15:55:46.216+0000] {processor.py:161} INFO - Started process (PID=1111) to work on /home/airflow/.local/lib/python3.12/site-packages/airflow/example_dags/example_complex.py
[2026-02-14T15:55:46.217+0000] {processor.py:830} INFO - Processing file /home/airflow/.local/lib/python3.12/site-packages/airflow/example_dags/example_complex.py for tasks to queue
[2026-02-14T15:55:46.218+0000] {logging_mixin.py:188} INFO - [2026-02-14T15:55:46.218+0000] {dagbag.py:545} INFO - Filling up the DagBag from /home/airflow/.local/lib/python3.12/site-packages/airflow/example_dags/example_complex.py
[2026-02-14T15:55:46.222+0000] {processor.py:840} INFO - DAG(s) 'example_complex' retrieved from /home/airflow/.local/lib/python3.12/site-packages/airflow/example_dags/example_complex.py
[2026-02-14T15:55:46.234+0000] {logging_mixin.py:188} INFO - [2026-02-14T15:55:46.234+0000] {dag.py:3089} INFO - Sync 1 DAGs
[2026-02-14T15:55:46.239+0000] {logging_mixin.py:188} INFO - [2026-02-14T15:55:46.239+0000] {dag.py:3947} INFO - Setting next_dagrun for example_complex to None, run_after=None
[2026-02-14T15:55:46.249+0000] {processor.py:183} INFO - Processing /home/airflow/.local/lib/python3.12/site-packages/airflow/example_dags/example_complex.py took 0.036 seconds
[2026-02-14T15:56:16.720+0000] {processor.py:161} INFO - Started process (PID=1170) to work on /home/airflow/.local/lib/python3.12/site-packages/airflow/example_dags/example_complex.py
[2026-02-14T15:56:16.720+0000] {processor.py:830} INFO - Processing file /home/airflow/.local/lib/python3.12/site-packages/airflow/example_dags/example_complex.py for tasks to queue
[2026-02-14T15:56:16.721+0000] {logging_mixin.py:188} INFO - [2026-02-14T15:56:16.721+0000] {dagbag.py:545} INFO - Filling up the DagBag from /home/airflow/.local/lib/python3.12/site-packages/airflow/example_dags/example_complex.py
[2026-02-14T15:56:16.724+0000] {processor.py:840} INFO - DAG(s) 'example_complex' retrieved from /home/airflow/.local/lib/python3.12/site-packages/airflow/example_dags/example_complex.py
[2026-02-14T15:56:16.737+0000] {logging_mixin.py:188} INFO - [2026-02-14T15:56:16.736+0000] {dag.py:3089} INFO - Sync 1 DAGs
[2026-02-14T15:56:16.742+0000] {logging_mixin.py:188} INFO - [2026-02-14T15:56:16.742+0000] {dag.py:3947} INFO - Setting next_dagrun for example_complex to None, run_after=None
[2026-02-14T15:56:16.749+0000] {processor.py:183} INFO - Processing /home/airflow/.local/lib/python3.12/site-packages/airflow/example_dags/example_complex.py took 0.031 seconds
[2026-02-14T15:56:47.224+0000] {processor.py:161} INFO - Started process (PID=1229) to work on /home/airflow/.local/lib/python3.12/site-packages/airflow/example_dags/example_complex.py
[2026-02-14T15:56:47.224+0000] {processor.py:830} INFO - Processing file /home/airflow/.local/lib/python3.12/site-packages/airflow/example_dags/example_complex.py for tasks to queue
[2026-02-14T15:56:47.225+0000] {logging_mixin.py:188} INFO - [2026-02-14T15:56:47.225+0000] {dagbag.py:545} INFO - Filling up the DagBag from /home/airflow/.local/lib/python3.12/site-packages/airflow/example_dags/example_complex.py
[2026-02-14T15:56:47.229+0000] {processor.py:840} INFO - DAG(s) 'example_complex' retrieved from /home/airflow/.local/lib/python3.12/site-packages/airflow/example_dags/example_complex.py
[2026-02-14T15:56:47.241+0000] {logging_mixin.py:188} INFO - [2026-02-14T15:56:47.241+0000] {dag.py:3089} INFO - Sync 1 DAGs
[2026-02-14T15:56:47.247+0000] {logging_mixin.py:188} INFO - [2026-02-14T15:56:47.247+0000] {dag.py:3947} INFO - Setting next_dagrun for example_complex to None, run_after=None
[2026-02-14T15:56:47.256+0000] {processor.py:183} INFO - Processing /home/airflow/.local/lib/python3.12/site-packages/airflow/example_dags/example_complex.py took 0.035 seconds
[2026-02-14T15:57:17.772+0000] {processor.py:161} INFO - Started process (PID=1288) to work on /home/airflow/.local/lib/python3.12/site-packages/airflow/example_dags/example_complex.py
[2026-02-14T15:57:17.772+0000] {processor.py:830} INFO - Processing file /home/airflow/.local/lib/python3.12/site-packages/airflow/example_dags/example_complex.py for tasks to queue
[2026-02-14T15:57:17.773+0000] {logging_mixin.py:188} INFO - [2026-02-14T15:57:17.773+0000] {dagbag.py:545} INFO - Filling up the DagBag from /home/airflow/.local/lib/python3.12/site-packages/airflow/example_dags/example_complex.py
[2026-02-14T15:57:17.778+0000] {processor.py:840} INFO - DAG(s) 'example_complex' retrieved from /home/airflow/.local/lib/python3.12/site-packages/airflow/example_dags/example_complex.py
[2026-02-14T15:57:17.792+0000] {logging_mixin.py:188} INFO - [2026-02-14T15:57:17.792+0000] {dag.py:3089} INFO - Sync 1 DAGs
[2026-02-14T15:57:17.798+0000] {logging_mixin.py:188} INFO - [2026-02-14T15:57:17.798+0000] {dag.py:3947} INFO - Setting next_dagrun for example_complex to None, run_after=None
[2026-02-14T15:57:17.809+0000] {processor.py:183} INFO - Processing /home/airflow/.local/lib/python3.12/site-packages/airflow/example_dags/example_complex.py took 0.039 seconds
[2026-02-14T15:57:48.552+0000] {processor.py:161} INFO - Started process (PID=1347) to work on /home/airflow/.local/lib/python3.12/site-packages/airflow/example_dags/example_complex.py
[2026-02-14T15:57:48.553+0000] {processor.py:830} INFO - Processing file /home/airflow/.local/lib/python3.12/site-packages/airflow/example_dags/example_complex.py for tasks to queue
[2026-02-14T15:57:48.554+0000] {logging_mixin.py:188} INFO - [2026-02-14T15:57:48.554+0000] {dagbag.py:545} INFO - Filling up the DagBag from /home/airflow/.local/lib/python3.12/site-packages/airflow/example_dags/example_complex.py
[2026-02-14T15:57:48.558+0000] {processor.py:840} INFO - DAG(s) 'example_complex' retrieved from /home/airflow/.local/lib/python3.12/site-packages/airflow/example_dags/example_complex.py
[2026-02-14T15:57:48.572+0000] {logging_mixin.py:188} INFO - [2026-02-14T15:57:48.572+0000] {dag.py:3089} INFO - Sync 1 DAGs
[2026-02-14T15:57:48.577+0000] {logging_mixin.py:188} INFO - [2026-02-14T15:57:48.577+0000] {dag.py:3947} INFO - Setting next_dagrun for example_complex to None, run_after=None
[2026-02-14T15:57:48.586+0000] {processor.py:183} INFO - Processing /home/airflow/.local/lib/python3.12/site-packages/airflow/example_dags/example_complex.py took 0.036 seconds
[2026-02-14T15:58:18.901+0000] {processor.py:161} INFO - Started process (PID=1406) to work on /home/airflow/.local/lib/python3.12/site-packages/airflow/example_dags/example_complex.py
[2026-02-14T15:58:18.901+0000] {processor.py:830} INFO - Processing file /home/airflow/.local/lib/python3.12/site-packages/airflow/example_dags/example_complex.py for tasks to queue
[2026-02-14T15:58:18.902+0000] {logging_mixin.py:188} INFO - [2026-02-14T15:58:18.902+0000] {dagbag.py:545} INFO - Filling up the DagBag from /home/airflow/.local/lib/python3.12/site-packages/airflow/example_dags/example_complex.py
[2026-02-14T15:58:18.905+0000] {processor.py:840} INFO - DAG(s) 'example_complex' retrieved from /home/airflow/.local/lib/python3.12/site-packages/airflow/example_dags/example_complex.py
[2026-02-14T15:58:18.917+0000] {logging_mixin.py:188} INFO - [2026-02-14T15:58:18.917+0000] {dag.py:3089} INFO - Sync 1 DAGs
[2026-02-14T15:58:18.923+0000] {logging_mixin.py:188} INFO - [2026-02-14T15:58:18.923+0000] {dag.py:3947} INFO - Setting next_dagrun for example_complex to None, run_after=None
[2026-02-14T15:58:18.938+0000] {processor.py:183} INFO - Processing /home/airflow/.local/lib/python3.12/site-packages/airflow/example_dags/example_complex.py took 0.039 seconds
[2026-02-14T15:58:49.279+0000] {processor.py:161} INFO - Started process (PID=1465) to work on /home/airflow/.local/lib/python3.12/site-packages/airflow/example_dags/example_complex.py
[2026-02-14T15:58:49.280+0000] {processor.py:830} INFO - Processing file /home/airflow/.local/lib/python3.12/site-packages/airflow/example_dags/example_complex.py for tasks to queue
[2026-02-14T15:58:49.280+0000] {logging_mixin.py:188} INFO - [2026-02-14T15:58:49.280+0000] {dagbag.py:545} INFO - Filling up the DagBag from /home/airflow/.local/lib/python3.12/site-packages/airflow/example_dags/example_complex.py
[2026-02-14T15:58:49.284+0000] {processor.py:840} INFO - DAG(s) 'example_complex' retrieved from /home/airflow/.local/lib/python3.12/site-packages/airflow/example_dags/example_complex.py
[2026-02-14T15:58:49.295+0000] {logging_mixin.py:188} INFO - [2026-02-14T15:58:49.295+0000] {dag.py:3089} INFO - Sync 1 DAGs
[2026-02-14T15:58:49.300+0000] {logging_mixin.py:188} INFO - [2026-02-14T15:58:49.299+0000] {dag.py:3947} INFO - Setting next_dagrun for example_complex to None, run_after=None
[2026-02-14T15:58:49.310+0000] {processor.py:183} INFO - Processing /home/airflow/.local/lib/python3.12/site-packages/airflow/example_dags/example_complex.py took 0.037 seconds
[2026-02-14T15:59:19.487+0000] {processor.py:161} INFO - Started process (PID=1524) to work on /home/airflow/.local/lib/python3.12/site-packages/airflow/example_dags/example_complex.py
[2026-02-14T15:59:19.488+0000] {processor.py:830} INFO - Processing file /home/airflow/.local/lib/python3.12/site-packages/airflow/example_dags/example_complex.py for tasks to queue
[2026-02-14T15:59:19.489+0000] {logging_mixin.py:188} INFO - [2026-02-14T15:59:19.489+0000] {dagbag.py:545} INFO - Filling up the DagBag from /home/airflow/.local/lib/python3.12/site-packages/airflow/example_dags/example_complex.py
[2026-02-14T15:59:19.493+0000] {processor.py:840} INFO - DAG(s) 'example_complex' retrieved from /home/airflow/.local/lib/python3.12/site-packages/airflow/example_dags/example_complex.py
[2026-02-14T15:59:19.569+0000] {logging_mixin.py:188} INFO - [2026-02-14T15:59:19.568+0000] {dag.py:3089} INFO - Sync 1 DAGs
[2026-02-14T15:59:19.572+0000] {logging_mixin.py:188} INFO - [2026-02-14T15:59:19.572+0000] {dag.py:3947} INFO - Setting next_dagrun for example_complex to None, run_after=None
[2026-02-14T15:59:19.577+0000] {processor.py:183} INFO - Processing /home/airflow/.local/lib/python3.12/site-packages/airflow/example_dags/example_complex.py took 0.092 seconds
[2026-02-14T15:59:50.375+0000] {processor.py:161} INFO - Started process (PID=1583) to work on /home/airflow/.local/lib/python3.12/site-packages/airflow/example_dags/example_complex.py
[2026-02-14T15:59:50.376+0000] {processor.py:830} INFO - Processing file /home/airflow/.local/lib/python3.12/site-packages/airflow/example_dags/example_complex.py for tasks to queue
[2026-02-14T15:59:50.377+0000] {logging_mixin.py:188} INFO - [2026-02-14T15:59:50.377+0000] {dagbag.py:545} INFO - Filling up the DagBag from /home/airflow/.local/lib/python3.12/site-packages/airflow/example_dags/example_complex.py
[2026-02-14T15:59:50.381+0000] {processor.py:840} INFO - DAG(s) 'example_complex' retrieved from /home/airflow/.local/lib/python3.12/site-packages/airflow/example_dags/example_complex.py
[2026-02-14T15:59:50.392+0000] {logging_mixin.py:188} INFO - [2026-02-14T15:59:50.392+0000] {dag.py:3089} INFO - Sync 1 DAGs
[2026-02-14T15:59:50.468+0000] {logging_mixin.py:188} INFO - [2026-02-14T15:59:50.468+0000] {dag.py:3947} INFO - Setting next_dagrun for example_complex to None, run_after=None
[2026-02-14T15:59:50.479+0000] {processor.py:183} INFO - Processing /home/airflow/.local/lib/python3.12/site-packages/airflow/example_dags/example_complex.py took 0.107 seconds
[2026-02-14T16:00:20.778+0000] {processor.py:161} INFO - Started process (PID=1642) to work on /home/airflow/.local/lib/python3.12/site-packages/airflow/example_dags/example_complex.py
[2026-02-14T16:00:20.779+0000] {processor.py:830} INFO - Processing file /home/airflow/.local/lib/python3.12/site-packages/airflow/example_dags/example_complex.py for tasks to queue
[2026-02-14T16:00:20.781+0000] {logging_mixin.py:188} INFO - [2026-02-14T16:00:20.781+0000] {dagbag.py:545} INFO - Filling up the DagBag from /home/airflow/.local/lib/python3.12/site-packages/airflow/example_dags/example_complex.py
[2026-02-14T16:00:20.785+0000] {processor.py:840} INFO - DAG(s) 'example_complex' retrieved from /home/airflow/.local/lib/python3.12/site-packages/airflow/example_dags/example_complex.py
[2026-02-14T16:00:20.799+0000] {logging_mixin.py:188} INFO - [2026-02-14T16:00:20.799+0000] {dag.py:3089} INFO - Sync 1 DAGs
[2026-02-14T16:00:20.804+0000] {logging_mixin.py:188} INFO - [2026-02-14T16:00:20.804+0000] {dag.py:3947} INFO - Setting next_dagrun for example_complex to None, run_after=None
[2026-02-14T16:00:20.810+0000] {processor.py:183} INFO - Processing /home/airflow/.local/lib/python3.12/site-packages/airflow/example_dags/example_complex.py took 0.035 seconds
[2026-02-14T16:00:51.300+0000] {processor.py:161} INFO - Started process (PID=1701) to work on /home/airflow/.local/lib/python3.12/site-packages/airflow/example_dags/example_complex.py
[2026-02-14T16:00:51.301+0000] {processor.py:830} INFO - Processing file /home/airflow/.local/lib/python3.12/site-packages/airflow/example_dags/example_complex.py for tasks to queue
[2026-02-14T16:00:51.302+0000] {logging_mixin.py:188} INFO - [2026-02-14T16:00:51.302+0000] {dagbag.py:545} INFO - Filling up the DagBag from /home/airflow/.local/lib/python3.12/site-packages/airflow/example_dags/example_complex.py
[2026-02-14T16:00:51.307+0000] {processor.py:840} INFO - DAG(s) 'example_complex' retrieved from /home/airflow/.local/lib/python3.12/site-packages/airflow/example_dags/example_complex.py
[2026-02-14T16:00:51.319+0000] {logging_mixin.py:188} INFO - [2026-02-14T16:00:51.319+0000] {dag.py:3089} INFO - Sync 1 DAGs
[2026-02-14T16:00:51.323+0000] {logging_mixin.py:188} INFO - [2026-02-14T16:00:51.323+0000] {dag.py:3947} INFO - Setting next_dagrun for example_complex to None, run_after=None
[2026-02-14T16:00:51.335+0000] {processor.py:183} INFO - Processing /home/airflow/.local/lib/python3.12/site-packages/airflow/example_dags/example_complex.py took 0.038 seconds
[2026-02-14T16:01:21.805+0000] {processor.py:161} INFO - Started process (PID=1760) to work on /home/airflow/.local/lib/python3.12/site-packages/airflow/example_dags/example_complex.py
[2026-02-14T16:01:21.806+0000] {processor.py:830} INFO - Processing file /home/airflow/.local/lib/python3.12/site-packages/airflow/example_dags/example_complex.py for tasks to queue
[2026-02-14T16:01:21.806+0000] {logging_mixin.py:188} INFO - [2026-02-14T16:01:21.806+0000] {dagbag.py:545} INFO - Filling up the DagBag from /home/airflow/.local/lib/python3.12/site-packages/airflow/example_dags/example_complex.py
[2026-02-14T16:01:21.810+0000] {processor.py:840} INFO - DAG(s) 'example_complex' retrieved from /home/airflow/.local/lib/python3.12/site-packages/airflow/example_dags/example_complex.py
[2026-02-14T16:01:21.825+0000] {logging_mixin.py:188} INFO - [2026-02-14T16:01:21.825+0000] {dag.py:3089} INFO - Sync 1 DAGs
[2026-02-14T16:01:21.830+0000] {logging_mixin.py:188} INFO - [2026-02-14T16:01:21.830+0000] {dag.py:3947} INFO - Setting next_dagrun for example_complex to None, run_after=None
[2026-02-14T16:01:21.840+0000] {processor.py:183} INFO - Processing /home/airflow/.local/lib/python3.12/site-packages/airflow/example_dags/example_complex.py took 0.038 seconds
[2026-02-14T16:01:52.143+0000] {processor.py:161} INFO - Started process (PID=1819) to work on /home/airflow/.local/lib/python3.12/site-packages/airflow/example_dags/example_complex.py
[2026-02-14T16:01:52.143+0000] {processor.py:830} INFO - Processing file /home/airflow/.local/lib/python3.12/site-packages/airflow/example_dags/example_complex.py for tasks to queue
[2026-02-14T16:01:52.144+0000] {logging_mixin.py:188} INFO - [2026-02-14T16:01:52.144+0000] {dagbag.py:545} INFO - Filling up the DagBag from /home/airflow/.local/lib/python3.12/site-packages/airflow/example_dags/example_complex.py
[2026-02-14T16:01:52.148+0000] {processor.py:840} INFO - DAG(s) 'example_complex' retrieved from /home/airflow/.local/lib/python3.12/site-packages/airflow/example_dags/example_complex.py
[2026-02-14T16:01:52.160+0000] {logging_mixin.py:188} INFO - [2026-02-14T16:01:52.160+0000] {dag.py:3089} INFO - Sync 1 DAGs
[2026-02-14T16:01:52.164+0000] {logging_mixin.py:188} INFO - [2026-02-14T16:01:52.164+0000] {dag.py:3947} INFO - Setting next_dagrun for example_complex to None, run_after=None
[2026-02-14T16:01:52.171+0000] {processor.py:183} INFO - Processing /home/airflow/.local/lib/python3.12/site-packages/airflow/example_dags/example_complex.py took 0.031 seconds
[2026-02-14T16:02:22.539+0000] {processor.py:161} INFO - Started process (PID=1878) to work on /home/airflow/.local/lib/python3.12/site-packages/airflow/example_dags/example_complex.py
[2026-02-14T16:02:22.539+0000] {processor.py:830} INFO - Processing file /home/airflow/.local/lib/python3.12/site-packages/airflow/example_dags/example_complex.py for tasks to queue
[2026-02-14T16:02:22.540+0000] {logging_mixin.py:188} INFO - [2026-02-14T16:02:22.540+0000] {dagbag.py:545} INFO - Filling up the DagBag from /home/airflow/.local/lib/python3.12/site-packages/airflow/example_dags/example_complex.py
[2026-02-14T16:02:22.544+0000] {processor.py:840} INFO - DAG(s) 'example_complex' retrieved from /home/airflow/.local/lib/python3.12/site-packages/airflow/example_dags/example_complex.py
[2026-02-14T16:02:22.557+0000] {logging_mixin.py:188} INFO - [2026-02-14T16:02:22.557+0000] {dag.py:3089} INFO - Sync 1 DAGs
[2026-02-14T16:02:22.562+0000] {logging_mixin.py:188} INFO - [2026-02-14T16:02:22.562+0000] {dag.py:3947} INFO - Setting next_dagrun for example_complex to None, run_after=None
[2026-02-14T16:02:22.570+0000] {processor.py:183} INFO - Processing /home/airflow/.local/lib/python3.12/site-packages/airflow/example_dags/example_complex.py took 0.034 seconds
[2026-02-14T16:02:52.984+0000] {processor.py:161} INFO - Started process (PID=1937) to work on /home/airflow/.local/lib/python3.12/site-packages/airflow/example_dags/example_complex.py
[2026-02-14T16:02:52.985+0000] {processor.py:830} INFO - Processing file /home/airflow/.local/lib/python3.12/site-packages/airflow/example_dags/example_complex.py for tasks to queue
[2026-02-14T16:02:52.986+0000] {logging_mixin.py:188} INFO - [2026-02-14T16:02:52.986+0000] {dagbag.py:545} INFO - Filling up the DagBag from /home/airflow/.local/lib/python3.12/site-packages/airflow/example_dags/example_complex.py
[2026-02-14T16:02:52.991+0000] {processor.py:840} INFO - DAG(s) 'example_complex' retrieved from /home/airflow/.local/lib/python3.12/site-packages/airflow/example_dags/example_complex.py
[2026-02-14T16:02:53.003+0000] {logging_mixin.py:188} INFO - [2026-02-14T16:02:53.003+0000] {dag.py:3089} INFO - Sync 1 DAGs
[2026-02-14T16:02:53.008+0000] {logging_mixin.py:188} INFO - [2026-02-14T16:02:53.008+0000] {dag.py:3947} INFO - Setting next_dagrun for example_complex to None, run_after=None
[2026-02-14T16:02:53.017+0000] {processor.py:183} INFO - Processing /home/airflow/.local/lib/python3.12/site-packages/airflow/example_dags/example_complex.py took 0.036 seconds
[2026-02-14T16:03:23.543+0000] {processor.py:161} INFO - Started process (PID=1996) to work on /home/airflow/.local/lib/python3.12/site-packages/airflow/example_dags/example_complex.py
[2026-02-14T16:03:23.544+0000] {processor.py:830} INFO - Processing file /home/airflow/.local/lib/python3.12/site-packages/airflow/example_dags/example_complex.py for tasks to queue
[2026-02-14T16:03:23.546+0000] {logging_mixin.py:188} INFO - [2026-02-14T16:03:23.545+0000] {dagbag.py:545} INFO - Filling up the DagBag from /home/airflow/.local/lib/python3.12/site-packages/airflow/example_dags/example_complex.py
[2026-02-14T16:03:23.551+0000] {processor.py:840} INFO - DAG(s) 'example_complex' retrieved from /home/airflow/.local/lib/python3.12/site-packages/airflow/example_dags/example_complex.py
[2026-02-14T16:03:23.567+0000] {logging_mixin.py:188} INFO - [2026-02-14T16:03:23.567+0000] {dag.py:3089} INFO - Sync 1 DAGs
[2026-02-14T16:03:23.573+0000] {logging_mixin.py:188} INFO - [2026-02-14T16:03:23.573+0000] {dag.py:3947} INFO - Setting next_dagrun for example_complex to None, run_after=None
[2026-02-14T16:03:23.584+0000] {processor.py:183} INFO - Processing /home/airflow/.local/lib/python3.12/site-packages/airflow/example_dags/example_complex.py took 0.044 seconds
[2026-02-14T16:03:54.108+0000] {processor.py:161} INFO - Started process (PID=2055) to work on /home/airflow/.local/lib/python3.12/site-packages/airflow/example_dags/example_complex.py
[2026-02-14T16:03:54.109+0000] {processor.py:830} INFO - Processing file /home/airflow/.local/lib/python3.12/site-packages/airflow/example_dags/example_complex.py for tasks to queue
[2026-02-14T16:03:54.110+0000] {logging_mixin.py:188} INFO - [2026-02-14T16:03:54.110+0000] {dagbag.py:545} INFO - Filling up the DagBag from /home/airflow/.local/lib/python3.12/site-packages/airflow/example_dags/example_complex.py
[2026-02-14T16:03:54.114+0000] {processor.py:840} INFO - DAG(s) 'example_complex' retrieved from /home/airflow/.local/lib/python3.12/site-packages/airflow/example_dags/example_complex.py
[2026-02-14T16:03:54.126+0000] {logging_mixin.py:188} INFO - [2026-02-14T16:03:54.125+0000] {dag.py:3089} INFO - Sync 1 DAGs
[2026-02-14T16:03:54.130+0000] {logging_mixin.py:188} INFO - [2026-02-14T16:03:54.130+0000] {dag.py:3947} INFO - Setting next_dagrun for example_complex to None, run_after=None
[2026-02-14T16:03:54.137+0000] {processor.py:183} INFO - Processing /home/airflow/.local/lib/python3.12/site-packages/airflow/example_dags/example_complex.py took 0.032 seconds
[2026-02-14T16:04:24.806+0000] {processor.py:161} INFO - Started process (PID=2114) to work on /home/airflow/.local/lib/python3.12/site-packages/airflow/example_dags/example_complex.py
[2026-02-14T16:04:24.806+0000] {processor.py:830} INFO - Processing file /home/airflow/.local/lib/python3.12/site-packages/airflow/example_dags/example_complex.py for tasks to queue
[2026-02-14T16:04:24.807+0000] {logging_mixin.py:188} INFO - [2026-02-14T16:04:24.807+0000] {dagbag.py:545} INFO - Filling up the DagBag from /home/airflow/.local/lib/python3.12/site-packages/airflow/example_dags/example_complex.py
[2026-02-14T16:04:24.811+0000] {processor.py:840} INFO - DAG(s) 'example_complex' retrieved from /home/airflow/.local/lib/python3.12/site-packages/airflow/example_dags/example_complex.py
[2026-02-14T16:04:24.826+0000] {logging_mixin.py:188} INFO - [2026-02-14T16:04:24.826+0000] {dag.py:3089} INFO - Sync 1 DAGs
[2026-02-14T16:04:24.831+0000] {logging_mixin.py:188} INFO - [2026-02-14T16:04:24.831+0000] {dag.py:3947} INFO - Setting next_dagrun for example_complex to None, run_after=None
[2026-02-14T16:04:24.839+0000] {processor.py:183} INFO - Processing /home/airflow/.local/lib/python3.12/site-packages/airflow/example_dags/example_complex.py took 0.036 seconds
[2026-02-14T16:04:55.320+0000] {processor.py:161} INFO - Started process (PID=2173) to work on /home/airflow/.local/lib/python3.12/site-packages/airflow/example_dags/example_complex.py
[2026-02-14T16:04:55.321+0000] {processor.py:830} INFO - Processing file /home/airflow/.local/lib/python3.12/site-packages/airflow/example_dags/example_complex.py for tasks to queue
[2026-02-14T16:04:55.321+0000] {logging_mixin.py:188} INFO - [2026-02-14T16:04:55.321+0000] {dagbag.py:545} INFO - Filling up the DagBag from /home/airflow/.local/lib/python3.12/site-packages/airflow/example_dags/example_complex.py
[2026-02-14T16:04:55.325+0000] {processor.py:840} INFO - DAG(s) 'example_complex' retrieved from /home/airflow/.local/lib/python3.12/site-packages/airflow/example_dags/example_complex.py
[2026-02-14T16:04:55.340+0000] {logging_mixin.py:188} INFO - [2026-02-14T16:04:55.339+0000] {dag.py:3089} INFO - Sync 1 DAGs
[2026-02-14T16:04:55.344+0000] {logging_mixin.py:188} INFO - [2026-02-14T16:04:55.344+0000] {dag.py:3947} INFO - Setting next_dagrun for example_complex to None, run_after=None
[2026-02-14T16:04:55.350+0000] {processor.py:183} INFO - Processing /home/airflow/.local/lib/python3.12/site-packages/airflow/example_dags/example_complex.py took 0.032 seconds
[2026-02-14T16:05:25.802+0000] {processor.py:161} INFO - Started process (PID=2232) to work on /home/airflow/.local/lib/python3.12/site-packages/airflow/example_dags/example_complex.py
[2026-02-14T16:05:25.803+0000] {processor.py:830} INFO - Processing file /home/airflow/.local/lib/python3.12/site-packages/airflow/example_dags/example_complex.py for tasks to queue
[2026-02-14T16:05:25.804+0000] {logging_mixin.py:188} INFO - [2026-02-14T16:05:25.804+0000] {dagbag.py:545} INFO - Filling up the DagBag from /home/airflow/.local/lib/python3.12/site-packages/airflow/example_dags/example_complex.py
[2026-02-14T16:05:25.809+0000] {processor.py:840} INFO - DAG(s) 'example_complex' retrieved from /home/airflow/.local/lib/python3.12/site-packages/airflow/example_dags/example_complex.py
[2026-02-14T16:05:25.821+0000] {logging_mixin.py:188} INFO - [2026-02-14T16:05:25.821+0000] {dag.py:3089} INFO - Sync 1 DAGs
[2026-02-14T16:05:25.826+0000] {logging_mixin.py:188} INFO - [2026-02-14T16:05:25.826+0000] {dag.py:3947} INFO - Setting next_dagrun for example_complex to None, run_after=None
[2026-02-14T16:05:25.832+0000] {processor.py:183} INFO - Processing /home/airflow/.local/lib/python3.12/site-packages/airflow/example_dags/example_complex.py took 0.033 seconds
[2026-02-14T16:05:56.266+0000] {processor.py:161} INFO - Started process (PID=2291) to work on /home/airflow/.local/lib/python3.12/site-packages/airflow/example_dags/example_complex.py
[2026-02-14T16:05:56.267+0000] {processor.py:830} INFO - Processing file /home/airflow/.local/lib/python3.12/site-packages/airflow/example_dags/example_complex.py for tasks to queue
[2026-02-14T16:05:56.268+0000] {logging_mixin.py:188} INFO - [2026-02-14T16:05:56.267+0000] {dagbag.py:545} INFO - Filling up the DagBag from /home/airflow/.local/lib/python3.12/site-packages/airflow/example_dags/example_complex.py
[2026-02-14T16:05:56.272+0000] {processor.py:840} INFO - DAG(s) 'example_complex' retrieved from /home/airflow/.local/lib/python3.12/site-packages/airflow/example_dags/example_complex.py
[2026-02-14T16:05:56.287+0000] {logging_mixin.py:188} INFO - [2026-02-14T16:05:56.287+0000] {dag.py:3089} INFO - Sync 1 DAGs
[2026-02-14T16:05:56.292+0000] {logging_mixin.py:188} INFO - [2026-02-14T16:05:56.292+0000] {dag.py:3947} INFO - Setting next_dagrun for example_complex to None, run_after=None
[2026-02-14T16:05:56.305+0000] {processor.py:183} INFO - Processing /home/airflow/.local/lib/python3.12/site-packages/airflow/example_dags/example_complex.py took 0.041 seconds
[2026-02-14T16:06:26.730+0000] {processor.py:161} INFO - Started process (PID=2350) to work on /home/airflow/.local/lib/python3.12/site-packages/airflow/example_dags/example_complex.py
[2026-02-14T16:06:26.731+0000] {processor.py:830} INFO - Processing file /home/airflow/.local/lib/python3.12/site-packages/airflow/example_dags/example_complex.py for tasks to queue
[2026-02-14T16:06:26.731+0000] {logging_mixin.py:188} INFO - [2026-02-14T16:06:26.731+0000] {dagbag.py:545} INFO - Filling up the DagBag from /home/airflow/.local/lib/python3.12/site-packages/airflow/example_dags/example_complex.py
[2026-02-14T16:06:26.735+0000] {processor.py:840} INFO - DAG(s) 'example_complex' retrieved from /home/airflow/.local/lib/python3.12/site-packages/airflow/example_dags/example_complex.py
[2026-02-14T16:06:26.747+0000] {logging_mixin.py:188} INFO - [2026-02-14T16:06:26.747+0000] {dag.py:3089} INFO - Sync 1 DAGs
[2026-02-14T16:06:26.751+0000] {logging_mixin.py:188} INFO - [2026-02-14T16:06:26.751+0000] {dag.py:3947} INFO - Setting next_dagrun for example_complex to None, run_after=None
[2026-02-14T16:06:26.760+0000] {processor.py:183} INFO - Processing /home/airflow/.local/lib/python3.12/site-packages/airflow/example_dags/example_complex.py took 0.032 seconds
[2026-02-14T16:06:57.515+0000] {processor.py:161} INFO - Started process (PID=2409) to work on /home/airflow/.local/lib/python3.12/site-packages/airflow/example_dags/example_complex.py
[2026-02-14T16:06:57.516+0000] {processor.py:830} INFO - Processing file /home/airflow/.local/lib/python3.12/site-packages/airflow/example_dags/example_complex.py for tasks to queue
[2026-02-14T16:06:57.519+0000] {logging_mixin.py:188} INFO - [2026-02-14T16:06:57.518+0000] {dagbag.py:545} INFO - Filling up the DagBag from /home/airflow/.local/lib/python3.12/site-packages/airflow/example_dags/example_complex.py
[2026-02-14T16:06:57.531+0000] {processor.py:840} INFO - DAG(s) 'example_complex' retrieved from /home/airflow/.local/lib/python3.12/site-packages/airflow/example_dags/example_complex.py
[2026-02-14T16:06:57.554+0000] {logging_mixin.py:188} INFO - [2026-02-14T16:06:57.554+0000] {dag.py:3089} INFO - Sync 1 DAGs
[2026-02-14T16:06:57.566+0000] {logging_mixin.py:188} INFO - [2026-02-14T16:06:57.566+0000] {dag.py:3947} INFO - Setting next_dagrun for example_complex to None, run_after=None
[2026-02-14T16:06:57.588+0000] {processor.py:183} INFO - Processing /home/airflow/.local/lib/python3.12/site-packages/airflow/example_dags/example_complex.py took 0.077 seconds
[2026-02-14T16:07:28.251+0000] {processor.py:161} INFO - Started process (PID=2468) to work on /home/airflow/.local/lib/python3.12/site-packages/airflow/example_dags/example_complex.py
[2026-02-14T16:07:28.258+0000] {processor.py:830} INFO - Processing file /home/airflow/.local/lib/python3.12/site-packages/airflow/example_dags/example_complex.py for tasks to queue
[2026-02-14T16:07:28.262+0000] {logging_mixin.py:188} INFO - [2026-02-14T16:07:28.262+0000] {dagbag.py:545} INFO - Filling up the DagBag from /home/airflow/.local/lib/python3.12/site-packages/airflow/example_dags/example_complex.py
[2026-02-14T16:07:28.267+0000] {processor.py:840} INFO - DAG(s) 'example_complex' retrieved from /home/airflow/.local/lib/python3.12/site-packages/airflow/example_dags/example_complex.py
[2026-02-14T16:07:28.291+0000] {logging_mixin.py:188} INFO - [2026-02-14T16:07:28.291+0000] {dag.py:3089} INFO - Sync 1 DAGs
[2026-02-14T16:07:28.296+0000] {logging_mixin.py:188} INFO - [2026-02-14T16:07:28.296+0000] {dag.py:3947} INFO - Setting next_dagrun for example_complex to None, run_after=None
[2026-02-14T16:07:28.303+0000] {processor.py:183} INFO - Processing /home/airflow/.local/lib/python3.12/site-packages/airflow/example_dags/example_complex.py took 0.054 seconds
[2026-02-14T16:07:59.038+0000] {processor.py:161} INFO - Started process (PID=2527) to work on /home/airflow/.local/lib/python3.12/site-packages/airflow/example_dags/example_complex.py
[2026-02-14T16:07:59.040+0000] {processor.py:830} INFO - Processing file /home/airflow/.local/lib/python3.12/site-packages/airflow/example_dags/example_complex.py for tasks to queue
[2026-02-14T16:07:59.041+0000] {logging_mixin.py:188} INFO - [2026-02-14T16:07:59.040+0000] {dagbag.py:545} INFO - Filling up the DagBag from /home/airflow/.local/lib/python3.12/site-packages/airflow/example_dags/example_complex.py
[2026-02-14T16:07:59.045+0000] {processor.py:840} INFO - DAG(s) 'example_complex' retrieved from /home/airflow/.local/lib/python3.12/site-packages/airflow/example_dags/example_complex.py
[2026-02-14T16:07:59.057+0000] {logging_mixin.py:188} INFO - [2026-02-14T16:07:59.057+0000] {dag.py:3089} INFO - Sync 1 DAGs
[2026-02-14T16:07:59.062+0000] {logging_mixin.py:188} INFO - [2026-02-14T16:07:59.062+0000] {dag.py:3947} INFO - Setting next_dagrun for example_complex to None, run_after=None
[2026-02-14T16:07:59.068+0000] {processor.py:183} INFO - Processing /home/airflow/.local/lib/python3.12/site-packages/airflow/example_dags/example_complex.py took 0.032 seconds
[2026-02-14T16:08:29.529+0000] {processor.py:161} INFO - Started process (PID=2586) to work on /home/airflow/.local/lib/python3.12/site-packages/airflow/example_dags/example_complex.py
[2026-02-14T16:08:29.529+0000] {processor.py:830} INFO - Processing file /home/airflow/.local/lib/python3.12/site-packages/airflow/example_dags/example_complex.py for tasks to queue
[2026-02-14T16:08:29.531+0000] {logging_mixin.py:188} INFO - [2026-02-14T16:08:29.531+0000] {dagbag.py:545} INFO - Filling up the DagBag from /home/airflow/.local/lib/python3.12/site-packages/airflow/example_dags/example_complex.py
[2026-02-14T16:08:29.535+0000] {processor.py:840} INFO - DAG(s) 'example_complex' retrieved from /home/airflow/.local/lib/python3.12/site-packages/airflow/example_dags/example_complex.py
[2026-02-14T16:08:29.548+0000] {logging_mixin.py:188} INFO - [2026-02-14T16:08:29.548+0000] {dag.py:3089} INFO - Sync 1 DAGs
[2026-02-14T16:08:29.552+0000] {logging_mixin.py:188} INFO - [2026-02-14T16:08:29.552+0000] {dag.py:3947} INFO - Setting next_dagrun for example_complex to None, run_after=None
[2026-02-14T16:08:29.561+0000] {processor.py:183} INFO - Processing /home/airflow/.local/lib/python3.12/site-packages/airflow/example_dags/example_complex.py took 0.035 seconds
[2026-02-14T16:08:59.968+0000] {processor.py:161} INFO - Started process (PID=2645) to work on /home/airflow/.local/lib/python3.12/site-packages/airflow/example_dags/example_complex.py
[2026-02-14T16:08:59.969+0000] {processor.py:830} INFO - Processing file /home/airflow/.local/lib/python3.12/site-packages/airflow/example_dags/example_complex.py for tasks to queue
[2026-02-14T16:08:59.971+0000] {logging_mixin.py:188} INFO - [2026-02-14T16:08:59.970+0000] {dagbag.py:545} INFO - Filling up the DagBag from /home/airflow/.local/lib/python3.12/site-packages/airflow/example_dags/example_complex.py
[2026-02-14T16:08:59.976+0000] {processor.py:840} INFO - DAG(s) 'example_complex' retrieved from /home/airflow/.local/lib/python3.12/site-packages/airflow/example_dags/example_complex.py
[2026-02-14T16:08:59.988+0000] {logging_mixin.py:188} INFO - [2026-02-14T16:08:59.988+0000] {dag.py:3089} INFO - Sync 1 DAGs
[2026-02-14T16:08:59.993+0000] {logging_mixin.py:188} INFO - [2026-02-14T16:08:59.993+0000] {dag.py:3947} INFO - Setting next_dagrun for example_complex to None, run_after=None
[2026-02-14T16:09:00.001+0000] {processor.py:183} INFO - Processing /home/airflow/.local/lib/python3.12/site-packages/airflow/example_dags/example_complex.py took 0.036 seconds
[2026-02-14T16:09:30.453+0000] {processor.py:161} INFO - Started process (PID=2704) to work on /home/airflow/.local/lib/python3.12/site-packages/airflow/example_dags/example_complex.py
[2026-02-14T16:09:30.454+0000] {processor.py:830} INFO - Processing file /home/airflow/.local/lib/python3.12/site-packages/airflow/example_dags/example_complex.py for tasks to queue
[2026-02-14T16:09:30.454+0000] {logging_mixin.py:188} INFO - [2026-02-14T16:09:30.454+0000] {dagbag.py:545} INFO - Filling up the DagBag from /home/airflow/.local/lib/python3.12/site-packages/airflow/example_dags/example_complex.py
[2026-02-14T16:09:30.458+0000] {processor.py:840} INFO - DAG(s) 'example_complex' retrieved from /home/airflow/.local/lib/python3.12/site-packages/airflow/example_dags/example_complex.py
[2026-02-14T16:09:30.471+0000] {logging_mixin.py:188} INFO - [2026-02-14T16:09:30.471+0000] {dag.py:3089} INFO - Sync 1 DAGs
[2026-02-14T16:09:30.476+0000] {logging_mixin.py:188} INFO - [2026-02-14T16:09:30.476+0000] {dag.py:3947} INFO - Setting next_dagrun for example_complex to None, run_after=None
[2026-02-14T16:09:30.487+0000] {processor.py:183} INFO - Processing /home/airflow/.local/lib/python3.12/site-packages/airflow/example_dags/example_complex.py took 0.036 seconds
[2026-02-14T16:10:00.752+0000] {processor.py:161} INFO - Started process (PID=2763) to work on /home/airflow/.local/lib/python3.12/site-packages/airflow/example_dags/example_complex.py
[2026-02-14T16:10:00.753+0000] {processor.py:830} INFO - Processing file /home/airflow/.local/lib/python3.12/site-packages/airflow/example_dags/example_complex.py for tasks to queue
[2026-02-14T16:10:00.754+0000] {logging_mixin.py:188} INFO - [2026-02-14T16:10:00.754+0000] {dagbag.py:545} INFO - Filling up the DagBag from /home/airflow/.local/lib/python3.12/site-packages/airflow/example_dags/example_complex.py
[2026-02-14T16:10:00.759+0000] {processor.py:840} INFO - DAG(s) 'example_complex' retrieved from /home/airflow/.local/lib/python3.12/site-packages/airflow/example_dags/example_complex.py
[2026-02-14T16:10:00.773+0000] {logging_mixin.py:188} INFO - [2026-02-14T16:10:00.773+0000] {dag.py:3089} INFO - Sync 1 DAGs
[2026-02-14T16:10:00.778+0000] {logging_mixin.py:188} INFO - [2026-02-14T16:10:00.778+0000] {dag.py:3947} INFO - Setting next_dagrun for example_complex to None, run_after=None
[2026-02-14T16:10:00.785+0000] {processor.py:183} INFO - Processing /home/airflow/.local/lib/python3.12/site-packages/airflow/example_dags/example_complex.py took 0.036 seconds
[2026-02-14T16:10:31.128+0000] {processor.py:161} INFO - Started process (PID=2821) to work on /home/airflow/.local/lib/python3.12/site-packages/airflow/example_dags/example_complex.py
[2026-02-14T16:10:31.129+0000] {processor.py:830} INFO - Processing file /home/airflow/.local/lib/python3.12/site-packages/airflow/example_dags/example_complex.py for tasks to queue
[2026-02-14T16:10:31.130+0000] {logging_mixin.py:188} INFO - [2026-02-14T16:10:31.130+0000] {dagbag.py:545} INFO - Filling up the DagBag from /home/airflow/.local/lib/python3.12/site-packages/airflow/example_dags/example_complex.py
[2026-02-14T16:10:31.137+0000] {processor.py:840} INFO - DAG(s) 'example_complex' retrieved from /home/airflow/.local/lib/python3.12/site-packages/airflow/example_dags/example_complex.py
[2026-02-14T16:10:31.153+0000] {logging_mixin.py:188} INFO - [2026-02-14T16:10:31.153+0000] {dag.py:3089} INFO - Sync 1 DAGs
[2026-02-14T16:10:31.159+0000] {logging_mixin.py:188} INFO - [2026-02-14T16:10:31.159+0000] {dag.py:3947} INFO - Setting next_dagrun for example_complex to None, run_after=None
[2026-02-14T16:10:31.167+0000] {processor.py:183} INFO - Processing /home/airflow/.local/lib/python3.12/site-packages/airflow/example_dags/example_complex.py took 0.044 seconds
[2026-02-14T16:11:01.869+0000] {processor.py:161} INFO - Started process (PID=2880) to work on /home/airflow/.local/lib/python3.12/site-packages/airflow/example_dags/example_complex.py
[2026-02-14T16:11:01.870+0000] {processor.py:830} INFO - Processing file /home/airflow/.local/lib/python3.12/site-packages/airflow/example_dags/example_complex.py for tasks to queue
[2026-02-14T16:11:01.871+0000] {logging_mixin.py:188} INFO - [2026-02-14T16:11:01.871+0000] {dagbag.py:545} INFO - Filling up the DagBag from /home/airflow/.local/lib/python3.12/site-packages/airflow/example_dags/example_complex.py
[2026-02-14T16:11:01.878+0000] {processor.py:840} INFO - DAG(s) 'example_complex' retrieved from /home/airflow/.local/lib/python3.12/site-packages/airflow/example_dags/example_complex.py
[2026-02-14T16:11:01.892+0000] {logging_mixin.py:188} INFO - [2026-02-14T16:11:01.892+0000] {dag.py:3089} INFO - Sync 1 DAGs
[2026-02-14T16:11:01.897+0000] {logging_mixin.py:188} INFO - [2026-02-14T16:11:01.897+0000] {dag.py:3947} INFO - Setting next_dagrun for example_complex to None, run_after=None
[2026-02-14T16:11:01.905+0000] {processor.py:183} INFO - Processing /home/airflow/.local/lib/python3.12/site-packages/airflow/example_dags/example_complex.py took 0.040 seconds
[2026-02-14T16:11:32.115+0000] {processor.py:161} INFO - Started process (PID=2939) to work on /home/airflow/.local/lib/python3.12/site-packages/airflow/example_dags/example_complex.py
[2026-02-14T16:11:32.116+0000] {processor.py:830} INFO - Processing file /home/airflow/.local/lib/python3.12/site-packages/airflow/example_dags/example_complex.py for tasks to queue
[2026-02-14T16:11:32.117+0000] {logging_mixin.py:188} INFO - [2026-02-14T16:11:32.117+0000] {dagbag.py:545} INFO - Filling up the DagBag from /home/airflow/.local/lib/python3.12/site-packages/airflow/example_dags/example_complex.py
[2026-02-14T16:11:32.122+0000] {processor.py:840} INFO - DAG(s) 'example_complex' retrieved from /home/airflow/.local/lib/python3.12/site-packages/airflow/example_dags/example_complex.py
[2026-02-14T16:11:32.135+0000] {logging_mixin.py:188} INFO - [2026-02-14T16:11:32.135+0000] {dag.py:3089} INFO - Sync 1 DAGs
[2026-02-14T16:11:32.140+0000] {logging_mixin.py:188} INFO - [2026-02-14T16:11:32.140+0000] {dag.py:3947} INFO - Setting next_dagrun for example_complex to None, run_after=None
[2026-02-14T16:11:32.149+0000] {processor.py:183} INFO - Processing /home/airflow/.local/lib/python3.12/site-packages/airflow/example_dags/example_complex.py took 0.037 seconds
[2026-02-14T16:12:02.470+0000] {processor.py:161} INFO - Started process (PID=2998) to work on /home/airflow/.local/lib/python3.12/site-packages/airflow/example_dags/example_complex.py
[2026-02-14T16:12:02.470+0000] {processor.py:830} INFO - Processing file /home/airflow/.local/lib/python3.12/site-packages/airflow/example_dags/example_complex.py for tasks to queue
[2026-02-14T16:12:02.471+0000] {logging_mixin.py:188} INFO - [2026-02-14T16:12:02.471+0000] {dagbag.py:545} INFO - Filling up the DagBag from /home/airflow/.local/lib/python3.12/site-packages/airflow/example_dags/example_complex.py
[2026-02-14T16:12:02.478+0000] {processor.py:840} INFO - DAG(s) 'example_complex' retrieved from /home/airflow/.local/lib/python3.12/site-packages/airflow/example_dags/example_complex.py
[2026-02-14T16:12:02.492+0000] {logging_mixin.py:188} INFO - [2026-02-14T16:12:02.492+0000] {dag.py:3089} INFO - Sync 1 DAGs
[2026-02-14T16:12:02.498+0000] {logging_mixin.py:188} INFO - [2026-02-14T16:12:02.498+0000] {dag.py:3947} INFO - Setting next_dagrun for example_complex to None, run_after=None
[2026-02-14T16:12:02.504+0000] {processor.py:183} INFO - Processing /home/airflow/.local/lib/python3.12/site-packages/airflow/example_dags/example_complex.py took 0.038 seconds
[2026-02-14T16:12:32.918+0000] {processor.py:161} INFO - Started process (PID=3057) to work on /home/airflow/.local/lib/python3.12/site-packages/airflow/example_dags/example_complex.py
[2026-02-14T16:12:32.918+0000] {processor.py:830} INFO - Processing file /home/airflow/.local/lib/python3.12/site-packages/airflow/example_dags/example_complex.py for tasks to queue
[2026-02-14T16:12:32.919+0000] {logging_mixin.py:188} INFO - [2026-02-14T16:12:32.919+0000] {dagbag.py:545} INFO - Filling up the DagBag from /home/airflow/.local/lib/python3.12/site-packages/airflow/example_dags/example_complex.py
[2026-02-14T16:12:32.925+0000] {processor.py:840} INFO - DAG(s) 'example_complex' retrieved from /home/airflow/.local/lib/python3.12/site-packages/airflow/example_dags/example_complex.py
[2026-02-14T16:12:32.938+0000] {logging_mixin.py:188} INFO - [2026-02-14T16:12:32.938+0000] {dag.py:3089} INFO - Sync 1 DAGs
[2026-02-14T16:12:32.947+0000] {logging_mixin.py:188} INFO - [2026-02-14T16:12:32.947+0000] {dag.py:3947} INFO - Setting next_dagrun for example_complex to None, run_after=None
[2026-02-14T16:12:32.955+0000] {processor.py:183} INFO - Processing /home/airflow/.local/lib/python3.12/site-packages/airflow/example_dags/example_complex.py took 0.040 seconds
[2026-02-14T16:13:03.412+0000] {processor.py:161} INFO - Started process (PID=3116) to work on /home/airflow/.local/lib/python3.12/site-packages/airflow/example_dags/example_complex.py
[2026-02-14T16:13:03.412+0000] {processor.py:830} INFO - Processing file /home/airflow/.local/lib/python3.12/site-packages/airflow/example_dags/example_complex.py for tasks to queue
[2026-02-14T16:13:03.413+0000] {logging_mixin.py:188} INFO - [2026-02-14T16:13:03.412+0000] {dagbag.py:545} INFO - Filling up the DagBag from /home/airflow/.local/lib/python3.12/site-packages/airflow/example_dags/example_complex.py
[2026-02-14T16:13:03.416+0000] {processor.py:840} INFO - DAG(s) 'example_complex' retrieved from /home/airflow/.local/lib/python3.12/site-packages/airflow/example_dags/example_complex.py
[2026-02-14T16:13:03.428+0000] {logging_mixin.py:188} INFO - [2026-02-14T16:13:03.428+0000] {dag.py:3089} INFO - Sync 1 DAGs
[2026-02-14T16:13:03.434+0000] {logging_mixin.py:188} INFO - [2026-02-14T16:13:03.433+0000] {dag.py:3947} INFO - Setting next_dagrun for example_complex to None, run_after=None
[2026-02-14T16:13:03.441+0000] {processor.py:183} INFO - Processing /home/airflow/.local/lib/python3.12/site-packages/airflow/example_dags/example_complex.py took 0.032 seconds
[2026-02-14T16:13:33.690+0000] {processor.py:161} INFO - Started process (PID=3175) to work on /home/airflow/.local/lib/python3.12/site-packages/airflow/example_dags/example_complex.py
[2026-02-14T16:13:33.690+0000] {processor.py:830} INFO - Processing file /home/airflow/.local/lib/python3.12/site-packages/airflow/example_dags/example_complex.py for tasks to queue
[2026-02-14T16:13:33.691+0000] {logging_mixin.py:188} INFO - [2026-02-14T16:13:33.691+0000] {dagbag.py:545} INFO - Filling up the DagBag from /home/airflow/.local/lib/python3.12/site-packages/airflow/example_dags/example_complex.py
[2026-02-14T16:13:33.695+0000] {processor.py:840} INFO - DAG(s) 'example_complex' retrieved from /home/airflow/.local/lib/python3.12/site-packages/airflow/example_dags/example_complex.py
[2026-02-14T16:13:33.706+0000] {logging_mixin.py:188} INFO - [2026-02-14T16:13:33.706+0000] {dag.py:3089} INFO - Sync 1 DAGs
[2026-02-14T16:13:33.711+0000] {logging_mixin.py:188} INFO - [2026-02-14T16:13:33.711+0000] {dag.py:3947} INFO - Setting next_dagrun for example_complex to None, run_after=None
[2026-02-14T16:13:33.717+0000] {processor.py:183} INFO - Processing /home/airflow/.local/lib/python3.12/site-packages/airflow/example_dags/example_complex.py took 0.029 seconds
[2026-02-14T16:14:04.024+0000] {processor.py:161} INFO - Started process (PID=3234) to work on /home/airflow/.local/lib/python3.12/site-packages/airflow/example_dags/example_complex.py
[2026-02-14T16:14:04.025+0000] {processor.py:830} INFO - Processing file /home/airflow/.local/lib/python3.12/site-packages/airflow/example_dags/example_complex.py for tasks to queue
[2026-02-14T16:14:04.026+0000] {logging_mixin.py:188} INFO - [2026-02-14T16:14:04.026+0000] {dagbag.py:545} INFO - Filling up the DagBag from /home/airflow/.local/lib/python3.12/site-packages/airflow/example_dags/example_complex.py
[2026-02-14T16:14:04.031+0000] {processor.py:840} INFO - DAG(s) 'example_complex' retrieved from /home/airflow/.local/lib/python3.12/site-packages/airflow/example_dags/example_complex.py
[2026-02-14T16:14:04.069+0000] {logging_mixin.py:188} INFO - [2026-02-14T16:14:04.069+0000] {dag.py:3089} INFO - Sync 1 DAGs
[2026-02-14T16:14:04.085+0000] {logging_mixin.py:188} INFO - [2026-02-14T16:14:04.085+0000] {dag.py:3947} INFO - Setting next_dagrun for example_complex to None, run_after=None
[2026-02-14T16:14:04.105+0000] {processor.py:183} INFO - Processing /home/airflow/.local/lib/python3.12/site-packages/airflow/example_dags/example_complex.py took 0.084 seconds
[2026-02-14T16:14:34.620+0000] {processor.py:161} INFO - Started process (PID=3293) to work on /home/airflow/.local/lib/python3.12/site-packages/airflow/example_dags/example_complex.py
[2026-02-14T16:14:34.621+0000] {processor.py:830} INFO - Processing file /home/airflow/.local/lib/python3.12/site-packages/airflow/example_dags/example_complex.py for tasks to queue
[2026-02-14T16:14:34.623+0000] {logging_mixin.py:188} INFO - [2026-02-14T16:14:34.623+0000] {dagbag.py:545} INFO - Filling up the DagBag from /home/airflow/.local/lib/python3.12/site-packages/airflow/example_dags/example_complex.py
[2026-02-14T16:14:34.633+0000] {processor.py:840} INFO - DAG(s) 'example_complex' retrieved from /home/airflow/.local/lib/python3.12/site-packages/airflow/example_dags/example_complex.py
[2026-02-14T16:14:34.726+0000] {logging_mixin.py:188} INFO - [2026-02-14T16:14:34.716+0000] {dag.py:3089} INFO - Sync 1 DAGs
[2026-02-14T16:14:34.768+0000] {logging_mixin.py:188} INFO - [2026-02-14T16:14:34.768+0000] {dag.py:3947} INFO - Setting next_dagrun for example_complex to None, run_after=None
[2026-02-14T16:14:34.843+0000] {processor.py:183} INFO - Processing /home/airflow/.local/lib/python3.12/site-packages/airflow/example_dags/example_complex.py took 0.228 seconds
[2026-02-14T16:15:05.492+0000] {processor.py:161} INFO - Started process (PID=3352) to work on /home/airflow/.local/lib/python3.12/site-packages/airflow/example_dags/example_complex.py
[2026-02-14T16:15:05.493+0000] {processor.py:830} INFO - Processing file /home/airflow/.local/lib/python3.12/site-packages/airflow/example_dags/example_complex.py for tasks to queue
[2026-02-14T16:15:05.493+0000] {logging_mixin.py:188} INFO - [2026-02-14T16:15:05.493+0000] {dagbag.py:545} INFO - Filling up the DagBag from /home/airflow/.local/lib/python3.12/site-packages/airflow/example_dags/example_complex.py
[2026-02-14T16:15:05.498+0000] {processor.py:840} INFO - DAG(s) 'example_complex' retrieved from /home/airflow/.local/lib/python3.12/site-packages/airflow/example_dags/example_complex.py
[2026-02-14T16:15:05.512+0000] {logging_mixin.py:188} INFO - [2026-02-14T16:15:05.511+0000] {dag.py:3089} INFO - Sync 1 DAGs
[2026-02-14T16:15:05.518+0000] {logging_mixin.py:188} INFO - [2026-02-14T16:15:05.518+0000] {dag.py:3947} INFO - Setting next_dagrun for example_complex to None, run_after=None
[2026-02-14T16:15:05.529+0000] {processor.py:183} INFO - Processing /home/airflow/.local/lib/python3.12/site-packages/airflow/example_dags/example_complex.py took 0.040 seconds
[2026-02-14T16:15:36.147+0000] {processor.py:161} INFO - Started process (PID=3411) to work on /home/airflow/.local/lib/python3.12/site-packages/airflow/example_dags/example_complex.py
[2026-02-14T16:15:36.148+0000] {processor.py:830} INFO - Processing file /home/airflow/.local/lib/python3.12/site-packages/airflow/example_dags/example_complex.py for tasks to queue
[2026-02-14T16:15:36.150+0000] {logging_mixin.py:188} INFO - [2026-02-14T16:15:36.150+0000] {dagbag.py:545} INFO - Filling up the DagBag from /home/airflow/.local/lib/python3.12/site-packages/airflow/example_dags/example_complex.py
[2026-02-14T16:15:36.158+0000] {processor.py:840} INFO - DAG(s) 'example_complex' retrieved from /home/airflow/.local/lib/python3.12/site-packages/airflow/example_dags/example_complex.py
[2026-02-14T16:15:36.172+0000] {logging_mixin.py:188} INFO - [2026-02-14T16:15:36.172+0000] {dag.py:3089} INFO - Sync 1 DAGs
[2026-02-14T16:15:36.178+0000] {logging_mixin.py:188} INFO - [2026-02-14T16:15:36.178+0000] {dag.py:3947} INFO - Setting next_dagrun for example_complex to None, run_after=None
[2026-02-14T16:15:36.185+0000] {processor.py:183} INFO - Processing /home/airflow/.local/lib/python3.12/site-packages/airflow/example_dags/example_complex.py took 0.044 seconds
[2026-02-14T16:16:06.327+0000] {processor.py:161} INFO - Started process (PID=3470) to work on /home/airflow/.local/lib/python3.12/site-packages/airflow/example_dags/example_complex.py
[2026-02-14T16:16:06.327+0000] {processor.py:830} INFO - Processing file /home/airflow/.local/lib/python3.12/site-packages/airflow/example_dags/example_complex.py for tasks to queue
[2026-02-14T16:16:06.328+0000] {logging_mixin.py:188} INFO - [2026-02-14T16:16:06.328+0000] {dagbag.py:545} INFO - Filling up the DagBag from /home/airflow/.local/lib/python3.12/site-packages/airflow/example_dags/example_complex.py
[2026-02-14T16:16:06.332+0000] {processor.py:840} INFO - DAG(s) 'example_complex' retrieved from /home/airflow/.local/lib/python3.12/site-packages/airflow/example_dags/example_complex.py
[2026-02-14T16:16:06.346+0000] {logging_mixin.py:188} INFO - [2026-02-14T16:16:06.346+0000] {dag.py:3089} INFO - Sync 1 DAGs
[2026-02-14T16:16:06.351+0000] {logging_mixin.py:188} INFO - [2026-02-14T16:16:06.351+0000] {dag.py:3947} INFO - Setting next_dagrun for example_complex to None, run_after=None
[2026-02-14T16:16:06.358+0000] {processor.py:183} INFO - Processing /home/airflow/.local/lib/python3.12/site-packages/airflow/example_dags/example_complex.py took 0.034 seconds
[2026-02-14T16:16:36.867+0000] {processor.py:161} INFO - Started process (PID=3529) to work on /home/airflow/.local/lib/python3.12/site-packages/airflow/example_dags/example_complex.py
[2026-02-14T16:16:36.868+0000] {processor.py:830} INFO - Processing file /home/airflow/.local/lib/python3.12/site-packages/airflow/example_dags/example_complex.py for tasks to queue
[2026-02-14T16:16:36.869+0000] {logging_mixin.py:188} INFO - [2026-02-14T16:16:36.869+0000] {dagbag.py:545} INFO - Filling up the DagBag from /home/airflow/.local/lib/python3.12/site-packages/airflow/example_dags/example_complex.py
[2026-02-14T16:16:36.872+0000] {processor.py:840} INFO - DAG(s) 'example_complex' retrieved from /home/airflow/.local/lib/python3.12/site-packages/airflow/example_dags/example_complex.py
[2026-02-14T16:16:36.884+0000] {logging_mixin.py:188} INFO - [2026-02-14T16:16:36.884+0000] {dag.py:3089} INFO - Sync 1 DAGs
[2026-02-14T16:16:36.889+0000] {logging_mixin.py:188} INFO - [2026-02-14T16:16:36.889+0000] {dag.py:3947} INFO - Setting next_dagrun for example_complex to None, run_after=None
[2026-02-14T16:16:36.898+0000] {processor.py:183} INFO - Processing /home/airflow/.local/lib/python3.12/site-packages/airflow/example_dags/example_complex.py took 0.035 seconds
[2026-02-14T16:17:07.407+0000] {processor.py:161} INFO - Started process (PID=3588) to work on /home/airflow/.local/lib/python3.12/site-packages/airflow/example_dags/example_complex.py
[2026-02-14T16:17:07.407+0000] {processor.py:830} INFO - Processing file /home/airflow/.local/lib/python3.12/site-packages/airflow/example_dags/example_complex.py for tasks to queue
[2026-02-14T16:17:07.408+0000] {logging_mixin.py:188} INFO - [2026-02-14T16:17:07.408+0000] {dagbag.py:545} INFO - Filling up the DagBag from /home/airflow/.local/lib/python3.12/site-packages/airflow/example_dags/example_complex.py
[2026-02-14T16:17:07.414+0000] {processor.py:840} INFO - DAG(s) 'example_complex' retrieved from /home/airflow/.local/lib/python3.12/site-packages/airflow/example_dags/example_complex.py
[2026-02-14T16:17:07.427+0000] {logging_mixin.py:188} INFO - [2026-02-14T16:17:07.427+0000] {dag.py:3089} INFO - Sync 1 DAGs
[2026-02-14T16:17:07.433+0000] {logging_mixin.py:188} INFO - [2026-02-14T16:17:07.433+0000] {dag.py:3947} INFO - Setting next_dagrun for example_complex to None, run_after=None
[2026-02-14T16:17:07.441+0000] {processor.py:183} INFO - Processing /home/airflow/.local/lib/python3.12/site-packages/airflow/example_dags/example_complex.py took 0.037 seconds
[2026-02-14T16:17:38.059+0000] {processor.py:161} INFO - Started process (PID=3647) to work on /home/airflow/.local/lib/python3.12/site-packages/airflow/example_dags/example_complex.py
[2026-02-14T16:17:38.060+0000] {processor.py:830} INFO - Processing file /home/airflow/.local/lib/python3.12/site-packages/airflow/example_dags/example_complex.py for tasks to queue
[2026-02-14T16:17:38.063+0000] {logging_mixin.py:188} INFO - [2026-02-14T16:17:38.063+0000] {dagbag.py:545} INFO - Filling up the DagBag from /home/airflow/.local/lib/python3.12/site-packages/airflow/example_dags/example_complex.py
[2026-02-14T16:17:38.069+0000] {processor.py:840} INFO - DAG(s) 'example_complex' retrieved from /home/airflow/.local/lib/python3.12/site-packages/airflow/example_dags/example_complex.py
[2026-02-14T16:17:38.082+0000] {logging_mixin.py:188} INFO - [2026-02-14T16:17:38.082+0000] {dag.py:3089} INFO - Sync 1 DAGs
[2026-02-14T16:17:38.091+0000] {logging_mixin.py:188} INFO - [2026-02-14T16:17:38.090+0000] {dag.py:3947} INFO - Setting next_dagrun for example_complex to None, run_after=None
[2026-02-14T16:17:38.097+0000] {processor.py:183} INFO - Processing /home/airflow/.local/lib/python3.12/site-packages/airflow/example_dags/example_complex.py took 0.042 seconds
[2026-02-14T16:18:08.691+0000] {processor.py:161} INFO - Started process (PID=3706) to work on /home/airflow/.local/lib/python3.12/site-packages/airflow/example_dags/example_complex.py
[2026-02-14T16:18:08.692+0000] {processor.py:830} INFO - Processing file /home/airflow/.local/lib/python3.12/site-packages/airflow/example_dags/example_complex.py for tasks to queue
[2026-02-14T16:18:08.693+0000] {logging_mixin.py:188} INFO - [2026-02-14T16:18:08.693+0000] {dagbag.py:545} INFO - Filling up the DagBag from /home/airflow/.local/lib/python3.12/site-packages/airflow/example_dags/example_complex.py
[2026-02-14T16:18:08.697+0000] {processor.py:840} INFO - DAG(s) 'example_complex' retrieved from /home/airflow/.local/lib/python3.12/site-packages/airflow/example_dags/example_complex.py
[2026-02-14T16:18:08.710+0000] {logging_mixin.py:188} INFO - [2026-02-14T16:18:08.710+0000] {dag.py:3089} INFO - Sync 1 DAGs
[2026-02-14T16:18:08.716+0000] {logging_mixin.py:188} INFO - [2026-02-14T16:18:08.716+0000] {dag.py:3947} INFO - Setting next_dagrun for example_complex to None, run_after=None
[2026-02-14T16:18:08.723+0000] {processor.py:183} INFO - Processing /home/airflow/.local/lib/python3.12/site-packages/airflow/example_dags/example_complex.py took 0.034 seconds
[2026-02-14T16:18:39.299+0000] {processor.py:161} INFO - Started process (PID=3765) to work on /home/airflow/.local/lib/python3.12/site-packages/airflow/example_dags/example_complex.py
[2026-02-14T16:18:39.300+0000] {processor.py:830} INFO - Processing file /home/airflow/.local/lib/python3.12/site-packages/airflow/example_dags/example_complex.py for tasks to queue
[2026-02-14T16:18:39.301+0000] {logging_mixin.py:188} INFO - [2026-02-14T16:18:39.301+0000] {dagbag.py:545} INFO - Filling up the DagBag from /home/airflow/.local/lib/python3.12/site-packages/airflow/example_dags/example_complex.py
[2026-02-14T16:18:39.306+0000] {processor.py:840} INFO - DAG(s) 'example_complex' retrieved from /home/airflow/.local/lib/python3.12/site-packages/airflow/example_dags/example_complex.py
[2026-02-14T16:18:39.325+0000] {logging_mixin.py:188} INFO - [2026-02-14T16:18:39.325+0000] {dag.py:3089} INFO - Sync 1 DAGs
[2026-02-14T16:18:39.334+0000] {logging_mixin.py:188} INFO - [2026-02-14T16:18:39.334+0000] {dag.py:3947} INFO - Setting next_dagrun for example_complex to None, run_after=None
[2026-02-14T16:18:39.350+0000] {processor.py:183} INFO - Processing /home/airflow/.local/lib/python3.12/site-packages/airflow/example_dags/example_complex.py took 0.055 seconds
[2026-02-14T16:19:09.505+0000] {processor.py:161} INFO - Started process (PID=3824) to work on /home/airflow/.local/lib/python3.12/site-packages/airflow/example_dags/example_complex.py
[2026-02-14T16:19:09.505+0000] {processor.py:830} INFO - Processing file /home/airflow/.local/lib/python3.12/site-packages/airflow/example_dags/example_complex.py for tasks to queue
[2026-02-14T16:19:09.506+0000] {logging_mixin.py:188} INFO - [2026-02-14T16:19:09.506+0000] {dagbag.py:545} INFO - Filling up the DagBag from /home/airflow/.local/lib/python3.12/site-packages/airflow/example_dags/example_complex.py
[2026-02-14T16:19:09.511+0000] {processor.py:840} INFO - DAG(s) 'example_complex' retrieved from /home/airflow/.local/lib/python3.12/site-packages/airflow/example_dags/example_complex.py
[2026-02-14T16:19:09.524+0000] {logging_mixin.py:188} INFO - [2026-02-14T16:19:09.524+0000] {dag.py:3089} INFO - Sync 1 DAGs
[2026-02-14T16:19:09.529+0000] {logging_mixin.py:188} INFO - [2026-02-14T16:19:09.529+0000] {dag.py:3947} INFO - Setting next_dagrun for example_complex to None, run_after=None
[2026-02-14T16:19:09.535+0000] {processor.py:183} INFO - Processing /home/airflow/.local/lib/python3.12/site-packages/airflow/example_dags/example_complex.py took 0.036 seconds
[2026-02-14T16:19:40.213+0000] {processor.py:161} INFO - Started process (PID=3883) to work on /home/airflow/.local/lib/python3.12/site-packages/airflow/example_dags/example_complex.py
[2026-02-14T16:19:40.213+0000] {processor.py:830} INFO - Processing file /home/airflow/.local/lib/python3.12/site-packages/airflow/example_dags/example_complex.py for tasks to queue
[2026-02-14T16:19:40.214+0000] {logging_mixin.py:188} INFO - [2026-02-14T16:19:40.214+0000] {dagbag.py:545} INFO - Filling up the DagBag from /home/airflow/.local/lib/python3.12/site-packages/airflow/example_dags/example_complex.py
[2026-02-14T16:19:40.219+0000] {processor.py:840} INFO - DAG(s) 'example_complex' retrieved from /home/airflow/.local/lib/python3.12/site-packages/airflow/example_dags/example_complex.py
[2026-02-14T16:19:40.237+0000] {logging_mixin.py:188} INFO - [2026-02-14T16:19:40.237+0000] {dag.py:3089} INFO - Sync 1 DAGs
[2026-02-14T16:19:40.244+0000] {logging_mixin.py:188} INFO - [2026-02-14T16:19:40.244+0000] {dag.py:3947} INFO - Setting next_dagrun for example_complex to None, run_after=None
[2026-02-14T16:19:40.252+0000] {processor.py:183} INFO - Processing /home/airflow/.local/lib/python3.12/site-packages/airflow/example_dags/example_complex.py took 0.043 seconds
[2026-02-14T16:20:10.609+0000] {processor.py:161} INFO - Started process (PID=3942) to work on /home/airflow/.local/lib/python3.12/site-packages/airflow/example_dags/example_complex.py
[2026-02-14T16:20:10.612+0000] {processor.py:830} INFO - Processing file /home/airflow/.local/lib/python3.12/site-packages/airflow/example_dags/example_complex.py for tasks to queue
[2026-02-14T16:20:10.613+0000] {logging_mixin.py:188} INFO - [2026-02-14T16:20:10.613+0000] {dagbag.py:545} INFO - Filling up the DagBag from /home/airflow/.local/lib/python3.12/site-packages/airflow/example_dags/example_complex.py
[2026-02-14T16:20:10.618+0000] {processor.py:840} INFO - DAG(s) 'example_complex' retrieved from /home/airflow/.local/lib/python3.12/site-packages/airflow/example_dags/example_complex.py
[2026-02-14T16:20:10.641+0000] {logging_mixin.py:188} INFO - [2026-02-14T16:20:10.641+0000] {dag.py:3089} INFO - Sync 1 DAGs
[2026-02-14T16:20:10.650+0000] {logging_mixin.py:188} INFO - [2026-02-14T16:20:10.650+0000] {dag.py:3947} INFO - Setting next_dagrun for example_complex to None, run_after=None
[2026-02-14T16:20:10.663+0000] {processor.py:183} INFO - Processing /home/airflow/.local/lib/python3.12/site-packages/airflow/example_dags/example_complex.py took 0.061 seconds
[2026-02-14T16:20:41.140+0000] {processor.py:161} INFO - Started process (PID=4001) to work on /home/airflow/.local/lib/python3.12/site-packages/airflow/example_dags/example_complex.py
[2026-02-14T16:20:41.140+0000] {processor.py:830} INFO - Processing file /home/airflow/.local/lib/python3.12/site-packages/airflow/example_dags/example_complex.py for tasks to queue
[2026-02-14T16:20:41.142+0000] {logging_mixin.py:188} INFO - [2026-02-14T16:20:41.141+0000] {dagbag.py:545} INFO - Filling up the DagBag from /home/airflow/.local/lib/python3.12/site-packages/airflow/example_dags/example_complex.py
[2026-02-14T16:20:41.147+0000] {processor.py:840} INFO - DAG(s) 'example_complex' retrieved from /home/airflow/.local/lib/python3.12/site-packages/airflow/example_dags/example_complex.py
[2026-02-14T16:20:41.161+0000] {logging_mixin.py:188} INFO - [2026-02-14T16:20:41.161+0000] {dag.py:3089} INFO - Sync 1 DAGs
[2026-02-14T16:20:41.167+0000] {logging_mixin.py:188} INFO - [2026-02-14T16:20:41.167+0000] {dag.py:3947} INFO - Setting next_dagrun for example_complex to None, run_after=None
[2026-02-14T16:20:41.179+0000] {processor.py:183} INFO - Processing /home/airflow/.local/lib/python3.12/site-packages/airflow/example_dags/example_complex.py took 0.043 seconds
[2026-02-14T16:21:11.790+0000] {processor.py:161} INFO - Started process (PID=4060) to work on /home/airflow/.local/lib/python3.12/site-packages/airflow/example_dags/example_complex.py
[2026-02-14T16:21:11.791+0000] {processor.py:830} INFO - Processing file /home/airflow/.local/lib/python3.12/site-packages/airflow/example_dags/example_complex.py for tasks to queue
[2026-02-14T16:21:11.793+0000] {logging_mixin.py:188} INFO - [2026-02-14T16:21:11.793+0000] {dagbag.py:545} INFO - Filling up the DagBag from /home/airflow/.local/lib/python3.12/site-packages/airflow/example_dags/example_complex.py
[2026-02-14T16:21:11.797+0000] {processor.py:840} INFO - DAG(s) 'example_complex' retrieved from /home/airflow/.local/lib/python3.12/site-packages/airflow/example_dags/example_complex.py
[2026-02-14T16:21:11.809+0000] {logging_mixin.py:188} INFO - [2026-02-14T16:21:11.809+0000] {dag.py:3089} INFO - Sync 1 DAGs
[2026-02-14T16:21:11.814+0000] {logging_mixin.py:188} INFO - [2026-02-14T16:21:11.813+0000] {dag.py:3947} INFO - Setting next_dagrun for example_complex to None, run_after=None
[2026-02-14T16:21:11.820+0000] {processor.py:183} INFO - Processing /home/airflow/.local/lib/python3.12/site-packages/airflow/example_dags/example_complex.py took 0.033 seconds
