[2026-02-14T15:46:38.382+0000] {processor.py:161} INFO - Started process (PID=71) to work on /home/airflow/.local/lib/python3.12/site-packages/airflow/example_dags/example_xcom.py
[2026-02-14T15:46:38.383+0000] {processor.py:830} INFO - Processing file /home/airflow/.local/lib/python3.12/site-packages/airflow/example_dags/example_xcom.py for tasks to queue
[2026-02-14T15:46:38.384+0000] {logging_mixin.py:188} INFO - [2026-02-14T15:46:38.384+0000] {dagbag.py:545} INFO - Filling up the DagBag from /home/airflow/.local/lib/python3.12/site-packages/airflow/example_dags/example_xcom.py
[2026-02-14T15:46:38.390+0000] {processor.py:840} INFO - DAG(s) 'example_xcom' retrieved from /home/airflow/.local/lib/python3.12/site-packages/airflow/example_dags/example_xcom.py
[2026-02-14T15:46:38.395+0000] {logging_mixin.py:188} INFO - [2026-02-14T15:46:38.395+0000] {dag.py:3089} INFO - Sync 1 DAGs
[2026-02-14T15:46:38.405+0000] {logging_mixin.py:188} INFO - [2026-02-14T15:46:38.405+0000] {dag.py:3947} INFO - Setting next_dagrun for example_xcom to 2021-01-01 00:00:00+00:00, run_after=2021-01-01 00:00:00+00:00
[2026-02-14T15:46:38.413+0000] {processor.py:183} INFO - Processing /home/airflow/.local/lib/python3.12/site-packages/airflow/example_dags/example_xcom.py took 0.034 seconds
[2026-02-14T15:47:09.194+0000] {processor.py:161} INFO - Started process (PID=136) to work on /home/airflow/.local/lib/python3.12/site-packages/airflow/example_dags/example_xcom.py
[2026-02-14T15:47:09.195+0000] {processor.py:830} INFO - Processing file /home/airflow/.local/lib/python3.12/site-packages/airflow/example_dags/example_xcom.py for tasks to queue
[2026-02-14T15:47:09.196+0000] {logging_mixin.py:188} INFO - [2026-02-14T15:47:09.196+0000] {dagbag.py:545} INFO - Filling up the DagBag from /home/airflow/.local/lib/python3.12/site-packages/airflow/example_dags/example_xcom.py
[2026-02-14T15:47:09.199+0000] {processor.py:840} INFO - DAG(s) 'example_xcom' retrieved from /home/airflow/.local/lib/python3.12/site-packages/airflow/example_dags/example_xcom.py
[2026-02-14T15:47:09.233+0000] {logging_mixin.py:188} INFO - [2026-02-14T15:47:09.233+0000] {dag.py:3089} INFO - Sync 1 DAGs
[2026-02-14T15:47:09.240+0000] {logging_mixin.py:188} INFO - [2026-02-14T15:47:09.240+0000] {dag.py:3947} INFO - Setting next_dagrun for example_xcom to 2021-01-01 00:00:00+00:00, run_after=2021-01-01 00:00:00+00:00
[2026-02-14T15:47:09.250+0000] {processor.py:183} INFO - Processing /home/airflow/.local/lib/python3.12/site-packages/airflow/example_dags/example_xcom.py took 0.058 seconds
[2026-02-14T15:47:40.058+0000] {processor.py:161} INFO - Started process (PID=195) to work on /home/airflow/.local/lib/python3.12/site-packages/airflow/example_dags/example_xcom.py
[2026-02-14T15:47:40.059+0000] {processor.py:830} INFO - Processing file /home/airflow/.local/lib/python3.12/site-packages/airflow/example_dags/example_xcom.py for tasks to queue
[2026-02-14T15:47:40.059+0000] {logging_mixin.py:188} INFO - [2026-02-14T15:47:40.059+0000] {dagbag.py:545} INFO - Filling up the DagBag from /home/airflow/.local/lib/python3.12/site-packages/airflow/example_dags/example_xcom.py
[2026-02-14T15:47:40.062+0000] {processor.py:840} INFO - DAG(s) 'example_xcom' retrieved from /home/airflow/.local/lib/python3.12/site-packages/airflow/example_dags/example_xcom.py
[2026-02-14T15:47:40.069+0000] {logging_mixin.py:188} INFO - [2026-02-14T15:47:40.069+0000] {dag.py:3089} INFO - Sync 1 DAGs
[2026-02-14T15:47:40.075+0000] {logging_mixin.py:188} INFO - [2026-02-14T15:47:40.075+0000] {dag.py:3947} INFO - Setting next_dagrun for example_xcom to 2021-01-01 00:00:00+00:00, run_after=2021-01-01 00:00:00+00:00
[2026-02-14T15:47:40.080+0000] {processor.py:183} INFO - Processing /home/airflow/.local/lib/python3.12/site-packages/airflow/example_dags/example_xcom.py took 0.024 seconds
[2026-02-14T15:48:10.644+0000] {processor.py:161} INFO - Started process (PID=254) to work on /home/airflow/.local/lib/python3.12/site-packages/airflow/example_dags/example_xcom.py
[2026-02-14T15:48:10.644+0000] {processor.py:830} INFO - Processing file /home/airflow/.local/lib/python3.12/site-packages/airflow/example_dags/example_xcom.py for tasks to queue
[2026-02-14T15:48:10.645+0000] {logging_mixin.py:188} INFO - [2026-02-14T15:48:10.645+0000] {dagbag.py:545} INFO - Filling up the DagBag from /home/airflow/.local/lib/python3.12/site-packages/airflow/example_dags/example_xcom.py
[2026-02-14T15:48:10.647+0000] {processor.py:840} INFO - DAG(s) 'example_xcom' retrieved from /home/airflow/.local/lib/python3.12/site-packages/airflow/example_dags/example_xcom.py
[2026-02-14T15:48:10.654+0000] {logging_mixin.py:188} INFO - [2026-02-14T15:48:10.654+0000] {dag.py:3089} INFO - Sync 1 DAGs
[2026-02-14T15:48:10.661+0000] {logging_mixin.py:188} INFO - [2026-02-14T15:48:10.660+0000] {dag.py:3947} INFO - Setting next_dagrun for example_xcom to 2021-01-01 00:00:00+00:00, run_after=2021-01-01 00:00:00+00:00
[2026-02-14T15:48:10.665+0000] {processor.py:183} INFO - Processing /home/airflow/.local/lib/python3.12/site-packages/airflow/example_dags/example_xcom.py took 0.023 seconds
[2026-02-14T15:48:41.237+0000] {processor.py:161} INFO - Started process (PID=313) to work on /home/airflow/.local/lib/python3.12/site-packages/airflow/example_dags/example_xcom.py
[2026-02-14T15:48:41.239+0000] {processor.py:830} INFO - Processing file /home/airflow/.local/lib/python3.12/site-packages/airflow/example_dags/example_xcom.py for tasks to queue
[2026-02-14T15:48:41.240+0000] {logging_mixin.py:188} INFO - [2026-02-14T15:48:41.240+0000] {dagbag.py:545} INFO - Filling up the DagBag from /home/airflow/.local/lib/python3.12/site-packages/airflow/example_dags/example_xcom.py
[2026-02-14T15:48:41.243+0000] {processor.py:840} INFO - DAG(s) 'example_xcom' retrieved from /home/airflow/.local/lib/python3.12/site-packages/airflow/example_dags/example_xcom.py
[2026-02-14T15:48:41.253+0000] {logging_mixin.py:188} INFO - [2026-02-14T15:48:41.253+0000] {dag.py:3089} INFO - Sync 1 DAGs
[2026-02-14T15:48:41.260+0000] {logging_mixin.py:188} INFO - [2026-02-14T15:48:41.260+0000] {dag.py:3947} INFO - Setting next_dagrun for example_xcom to 2021-01-01 00:00:00+00:00, run_after=2021-01-01 00:00:00+00:00
[2026-02-14T15:48:41.271+0000] {processor.py:183} INFO - Processing /home/airflow/.local/lib/python3.12/site-packages/airflow/example_dags/example_xcom.py took 0.035 seconds
[2026-02-14T15:49:11.896+0000] {processor.py:161} INFO - Started process (PID=372) to work on /home/airflow/.local/lib/python3.12/site-packages/airflow/example_dags/example_xcom.py
[2026-02-14T15:49:11.897+0000] {processor.py:830} INFO - Processing file /home/airflow/.local/lib/python3.12/site-packages/airflow/example_dags/example_xcom.py for tasks to queue
[2026-02-14T15:49:11.898+0000] {logging_mixin.py:188} INFO - [2026-02-14T15:49:11.898+0000] {dagbag.py:545} INFO - Filling up the DagBag from /home/airflow/.local/lib/python3.12/site-packages/airflow/example_dags/example_xcom.py
[2026-02-14T15:49:11.902+0000] {processor.py:840} INFO - DAG(s) 'example_xcom' retrieved from /home/airflow/.local/lib/python3.12/site-packages/airflow/example_dags/example_xcom.py
[2026-02-14T15:49:11.913+0000] {logging_mixin.py:188} INFO - [2026-02-14T15:49:11.913+0000] {dag.py:3089} INFO - Sync 1 DAGs
[2026-02-14T15:49:11.920+0000] {logging_mixin.py:188} INFO - [2026-02-14T15:49:11.920+0000] {dag.py:3947} INFO - Setting next_dagrun for example_xcom to 2021-01-01 00:00:00+00:00, run_after=2021-01-01 00:00:00+00:00
[2026-02-14T15:49:11.927+0000] {processor.py:183} INFO - Processing /home/airflow/.local/lib/python3.12/site-packages/airflow/example_dags/example_xcom.py took 0.034 seconds
[2026-02-14T15:49:42.291+0000] {processor.py:161} INFO - Started process (PID=431) to work on /home/airflow/.local/lib/python3.12/site-packages/airflow/example_dags/example_xcom.py
[2026-02-14T15:49:42.291+0000] {processor.py:830} INFO - Processing file /home/airflow/.local/lib/python3.12/site-packages/airflow/example_dags/example_xcom.py for tasks to queue
[2026-02-14T15:49:42.292+0000] {logging_mixin.py:188} INFO - [2026-02-14T15:49:42.292+0000] {dagbag.py:545} INFO - Filling up the DagBag from /home/airflow/.local/lib/python3.12/site-packages/airflow/example_dags/example_xcom.py
[2026-02-14T15:49:42.294+0000] {processor.py:840} INFO - DAG(s) 'example_xcom' retrieved from /home/airflow/.local/lib/python3.12/site-packages/airflow/example_dags/example_xcom.py
[2026-02-14T15:49:42.301+0000] {logging_mixin.py:188} INFO - [2026-02-14T15:49:42.301+0000] {dag.py:3089} INFO - Sync 1 DAGs
[2026-02-14T15:49:42.307+0000] {logging_mixin.py:188} INFO - [2026-02-14T15:49:42.307+0000] {dag.py:3947} INFO - Setting next_dagrun for example_xcom to 2021-01-01 00:00:00+00:00, run_after=2021-01-01 00:00:00+00:00
[2026-02-14T15:49:42.313+0000] {processor.py:183} INFO - Processing /home/airflow/.local/lib/python3.12/site-packages/airflow/example_dags/example_xcom.py took 0.024 seconds
[2026-02-14T15:50:12.721+0000] {processor.py:161} INFO - Started process (PID=490) to work on /home/airflow/.local/lib/python3.12/site-packages/airflow/example_dags/example_xcom.py
[2026-02-14T15:50:12.721+0000] {processor.py:830} INFO - Processing file /home/airflow/.local/lib/python3.12/site-packages/airflow/example_dags/example_xcom.py for tasks to queue
[2026-02-14T15:50:12.722+0000] {logging_mixin.py:188} INFO - [2026-02-14T15:50:12.722+0000] {dagbag.py:545} INFO - Filling up the DagBag from /home/airflow/.local/lib/python3.12/site-packages/airflow/example_dags/example_xcom.py
[2026-02-14T15:50:12.726+0000] {processor.py:840} INFO - DAG(s) 'example_xcom' retrieved from /home/airflow/.local/lib/python3.12/site-packages/airflow/example_dags/example_xcom.py
[2026-02-14T15:50:12.735+0000] {logging_mixin.py:188} INFO - [2026-02-14T15:50:12.735+0000] {dag.py:3089} INFO - Sync 1 DAGs
[2026-02-14T15:50:12.742+0000] {logging_mixin.py:188} INFO - [2026-02-14T15:50:12.742+0000] {dag.py:3947} INFO - Setting next_dagrun for example_xcom to 2021-01-01 00:00:00+00:00, run_after=2021-01-01 00:00:00+00:00
[2026-02-14T15:50:12.754+0000] {processor.py:183} INFO - Processing /home/airflow/.local/lib/python3.12/site-packages/airflow/example_dags/example_xcom.py took 0.036 seconds
[2026-02-14T15:50:43.138+0000] {processor.py:161} INFO - Started process (PID=549) to work on /home/airflow/.local/lib/python3.12/site-packages/airflow/example_dags/example_xcom.py
[2026-02-14T15:50:43.139+0000] {processor.py:830} INFO - Processing file /home/airflow/.local/lib/python3.12/site-packages/airflow/example_dags/example_xcom.py for tasks to queue
[2026-02-14T15:50:43.141+0000] {logging_mixin.py:188} INFO - [2026-02-14T15:50:43.141+0000] {dagbag.py:545} INFO - Filling up the DagBag from /home/airflow/.local/lib/python3.12/site-packages/airflow/example_dags/example_xcom.py
[2026-02-14T15:50:43.145+0000] {processor.py:840} INFO - DAG(s) 'example_xcom' retrieved from /home/airflow/.local/lib/python3.12/site-packages/airflow/example_dags/example_xcom.py
[2026-02-14T15:50:43.158+0000] {logging_mixin.py:188} INFO - [2026-02-14T15:50:43.158+0000] {dag.py:3089} INFO - Sync 1 DAGs
[2026-02-14T15:50:43.167+0000] {logging_mixin.py:188} INFO - [2026-02-14T15:50:43.166+0000] {dag.py:3947} INFO - Setting next_dagrun for example_xcom to 2021-01-01 00:00:00+00:00, run_after=2021-01-01 00:00:00+00:00
[2026-02-14T15:50:43.174+0000] {processor.py:183} INFO - Processing /home/airflow/.local/lib/python3.12/site-packages/airflow/example_dags/example_xcom.py took 0.039 seconds
[2026-02-14T15:51:13.897+0000] {processor.py:161} INFO - Started process (PID=608) to work on /home/airflow/.local/lib/python3.12/site-packages/airflow/example_dags/example_xcom.py
[2026-02-14T15:51:13.898+0000] {processor.py:830} INFO - Processing file /home/airflow/.local/lib/python3.12/site-packages/airflow/example_dags/example_xcom.py for tasks to queue
[2026-02-14T15:51:13.899+0000] {logging_mixin.py:188} INFO - [2026-02-14T15:51:13.898+0000] {dagbag.py:545} INFO - Filling up the DagBag from /home/airflow/.local/lib/python3.12/site-packages/airflow/example_dags/example_xcom.py
[2026-02-14T15:51:13.902+0000] {processor.py:840} INFO - DAG(s) 'example_xcom' retrieved from /home/airflow/.local/lib/python3.12/site-packages/airflow/example_dags/example_xcom.py
[2026-02-14T15:51:13.912+0000] {logging_mixin.py:188} INFO - [2026-02-14T15:51:13.912+0000] {dag.py:3089} INFO - Sync 1 DAGs
[2026-02-14T15:51:13.920+0000] {logging_mixin.py:188} INFO - [2026-02-14T15:51:13.920+0000] {dag.py:3947} INFO - Setting next_dagrun for example_xcom to 2021-01-01 00:00:00+00:00, run_after=2021-01-01 00:00:00+00:00
[2026-02-14T15:51:13.929+0000] {processor.py:183} INFO - Processing /home/airflow/.local/lib/python3.12/site-packages/airflow/example_dags/example_xcom.py took 0.036 seconds
[2026-02-14T15:51:44.361+0000] {processor.py:161} INFO - Started process (PID=667) to work on /home/airflow/.local/lib/python3.12/site-packages/airflow/example_dags/example_xcom.py
[2026-02-14T15:51:44.362+0000] {processor.py:830} INFO - Processing file /home/airflow/.local/lib/python3.12/site-packages/airflow/example_dags/example_xcom.py for tasks to queue
[2026-02-14T15:51:44.363+0000] {logging_mixin.py:188} INFO - [2026-02-14T15:51:44.363+0000] {dagbag.py:545} INFO - Filling up the DagBag from /home/airflow/.local/lib/python3.12/site-packages/airflow/example_dags/example_xcom.py
[2026-02-14T15:51:44.367+0000] {processor.py:840} INFO - DAG(s) 'example_xcom' retrieved from /home/airflow/.local/lib/python3.12/site-packages/airflow/example_dags/example_xcom.py
[2026-02-14T15:51:44.375+0000] {logging_mixin.py:188} INFO - [2026-02-14T15:51:44.375+0000] {dag.py:3089} INFO - Sync 1 DAGs
[2026-02-14T15:51:44.382+0000] {logging_mixin.py:188} INFO - [2026-02-14T15:51:44.382+0000] {dag.py:3947} INFO - Setting next_dagrun for example_xcom to 2021-01-01 00:00:00+00:00, run_after=2021-01-01 00:00:00+00:00
[2026-02-14T15:51:44.387+0000] {processor.py:183} INFO - Processing /home/airflow/.local/lib/python3.12/site-packages/airflow/example_dags/example_xcom.py took 0.029 seconds
[2026-02-14T15:52:14.847+0000] {processor.py:161} INFO - Started process (PID=726) to work on /home/airflow/.local/lib/python3.12/site-packages/airflow/example_dags/example_xcom.py
[2026-02-14T15:52:14.848+0000] {processor.py:830} INFO - Processing file /home/airflow/.local/lib/python3.12/site-packages/airflow/example_dags/example_xcom.py for tasks to queue
[2026-02-14T15:52:14.849+0000] {logging_mixin.py:188} INFO - [2026-02-14T15:52:14.849+0000] {dagbag.py:545} INFO - Filling up the DagBag from /home/airflow/.local/lib/python3.12/site-packages/airflow/example_dags/example_xcom.py
[2026-02-14T15:52:14.853+0000] {processor.py:840} INFO - DAG(s) 'example_xcom' retrieved from /home/airflow/.local/lib/python3.12/site-packages/airflow/example_dags/example_xcom.py
[2026-02-14T15:52:14.862+0000] {logging_mixin.py:188} INFO - [2026-02-14T15:52:14.862+0000] {dag.py:3089} INFO - Sync 1 DAGs
[2026-02-14T15:52:14.870+0000] {logging_mixin.py:188} INFO - [2026-02-14T15:52:14.870+0000] {dag.py:3947} INFO - Setting next_dagrun for example_xcom to 2021-01-01 00:00:00+00:00, run_after=2021-01-01 00:00:00+00:00
[2026-02-14T15:52:14.879+0000] {processor.py:183} INFO - Processing /home/airflow/.local/lib/python3.12/site-packages/airflow/example_dags/example_xcom.py took 0.036 seconds
[2026-02-14T15:52:45.246+0000] {processor.py:161} INFO - Started process (PID=785) to work on /home/airflow/.local/lib/python3.12/site-packages/airflow/example_dags/example_xcom.py
[2026-02-14T15:52:45.247+0000] {processor.py:830} INFO - Processing file /home/airflow/.local/lib/python3.12/site-packages/airflow/example_dags/example_xcom.py for tasks to queue
[2026-02-14T15:52:45.247+0000] {logging_mixin.py:188} INFO - [2026-02-14T15:52:45.247+0000] {dagbag.py:545} INFO - Filling up the DagBag from /home/airflow/.local/lib/python3.12/site-packages/airflow/example_dags/example_xcom.py
[2026-02-14T15:52:45.250+0000] {processor.py:840} INFO - DAG(s) 'example_xcom' retrieved from /home/airflow/.local/lib/python3.12/site-packages/airflow/example_dags/example_xcom.py
[2026-02-14T15:52:45.259+0000] {logging_mixin.py:188} INFO - [2026-02-14T15:52:45.259+0000] {dag.py:3089} INFO - Sync 1 DAGs
[2026-02-14T15:52:45.267+0000] {logging_mixin.py:188} INFO - [2026-02-14T15:52:45.267+0000] {dag.py:3947} INFO - Setting next_dagrun for example_xcom to 2021-01-01 00:00:00+00:00, run_after=2021-01-01 00:00:00+00:00
[2026-02-14T15:52:45.273+0000] {processor.py:183} INFO - Processing /home/airflow/.local/lib/python3.12/site-packages/airflow/example_dags/example_xcom.py took 0.029 seconds
[2026-02-14T15:53:15.594+0000] {processor.py:161} INFO - Started process (PID=844) to work on /home/airflow/.local/lib/python3.12/site-packages/airflow/example_dags/example_xcom.py
[2026-02-14T15:53:15.594+0000] {processor.py:830} INFO - Processing file /home/airflow/.local/lib/python3.12/site-packages/airflow/example_dags/example_xcom.py for tasks to queue
[2026-02-14T15:53:15.595+0000] {logging_mixin.py:188} INFO - [2026-02-14T15:53:15.595+0000] {dagbag.py:545} INFO - Filling up the DagBag from /home/airflow/.local/lib/python3.12/site-packages/airflow/example_dags/example_xcom.py
[2026-02-14T15:53:15.598+0000] {processor.py:840} INFO - DAG(s) 'example_xcom' retrieved from /home/airflow/.local/lib/python3.12/site-packages/airflow/example_dags/example_xcom.py
[2026-02-14T15:53:15.605+0000] {logging_mixin.py:188} INFO - [2026-02-14T15:53:15.605+0000] {dag.py:3089} INFO - Sync 1 DAGs
[2026-02-14T15:53:15.613+0000] {logging_mixin.py:188} INFO - [2026-02-14T15:53:15.612+0000] {dag.py:3947} INFO - Setting next_dagrun for example_xcom to 2021-01-01 00:00:00+00:00, run_after=2021-01-01 00:00:00+00:00
[2026-02-14T15:53:15.622+0000] {processor.py:183} INFO - Processing /home/airflow/.local/lib/python3.12/site-packages/airflow/example_dags/example_xcom.py took 0.030 seconds
[2026-02-14T15:53:45.944+0000] {processor.py:161} INFO - Started process (PID=903) to work on /home/airflow/.local/lib/python3.12/site-packages/airflow/example_dags/example_xcom.py
[2026-02-14T15:53:45.944+0000] {processor.py:830} INFO - Processing file /home/airflow/.local/lib/python3.12/site-packages/airflow/example_dags/example_xcom.py for tasks to queue
[2026-02-14T15:53:45.945+0000] {logging_mixin.py:188} INFO - [2026-02-14T15:53:45.945+0000] {dagbag.py:545} INFO - Filling up the DagBag from /home/airflow/.local/lib/python3.12/site-packages/airflow/example_dags/example_xcom.py
[2026-02-14T15:53:45.948+0000] {processor.py:840} INFO - DAG(s) 'example_xcom' retrieved from /home/airflow/.local/lib/python3.12/site-packages/airflow/example_dags/example_xcom.py
[2026-02-14T15:53:45.958+0000] {logging_mixin.py:188} INFO - [2026-02-14T15:53:45.958+0000] {dag.py:3089} INFO - Sync 1 DAGs
[2026-02-14T15:53:45.968+0000] {logging_mixin.py:188} INFO - [2026-02-14T15:53:45.968+0000] {dag.py:3947} INFO - Setting next_dagrun for example_xcom to 2021-01-01 00:00:00+00:00, run_after=2021-01-01 00:00:00+00:00
[2026-02-14T15:53:45.974+0000] {processor.py:183} INFO - Processing /home/airflow/.local/lib/python3.12/site-packages/airflow/example_dags/example_xcom.py took 0.032 seconds
[2026-02-14T15:54:16.386+0000] {processor.py:161} INFO - Started process (PID=962) to work on /home/airflow/.local/lib/python3.12/site-packages/airflow/example_dags/example_xcom.py
[2026-02-14T15:54:16.387+0000] {processor.py:830} INFO - Processing file /home/airflow/.local/lib/python3.12/site-packages/airflow/example_dags/example_xcom.py for tasks to queue
[2026-02-14T15:54:16.388+0000] {logging_mixin.py:188} INFO - [2026-02-14T15:54:16.388+0000] {dagbag.py:545} INFO - Filling up the DagBag from /home/airflow/.local/lib/python3.12/site-packages/airflow/example_dags/example_xcom.py
[2026-02-14T15:54:16.395+0000] {processor.py:840} INFO - DAG(s) 'example_xcom' retrieved from /home/airflow/.local/lib/python3.12/site-packages/airflow/example_dags/example_xcom.py
[2026-02-14T15:54:16.408+0000] {logging_mixin.py:188} INFO - [2026-02-14T15:54:16.408+0000] {dag.py:3089} INFO - Sync 1 DAGs
[2026-02-14T15:54:16.415+0000] {logging_mixin.py:188} INFO - [2026-02-14T15:54:16.415+0000] {dag.py:3947} INFO - Setting next_dagrun for example_xcom to 2021-01-01 00:00:00+00:00, run_after=2021-01-01 00:00:00+00:00
[2026-02-14T15:54:16.424+0000] {processor.py:183} INFO - Processing /home/airflow/.local/lib/python3.12/site-packages/airflow/example_dags/example_xcom.py took 0.042 seconds
[2026-02-14T15:54:46.890+0000] {processor.py:161} INFO - Started process (PID=1021) to work on /home/airflow/.local/lib/python3.12/site-packages/airflow/example_dags/example_xcom.py
[2026-02-14T15:54:46.891+0000] {processor.py:830} INFO - Processing file /home/airflow/.local/lib/python3.12/site-packages/airflow/example_dags/example_xcom.py for tasks to queue
[2026-02-14T15:54:46.892+0000] {logging_mixin.py:188} INFO - [2026-02-14T15:54:46.892+0000] {dagbag.py:545} INFO - Filling up the DagBag from /home/airflow/.local/lib/python3.12/site-packages/airflow/example_dags/example_xcom.py
[2026-02-14T15:54:46.896+0000] {processor.py:840} INFO - DAG(s) 'example_xcom' retrieved from /home/airflow/.local/lib/python3.12/site-packages/airflow/example_dags/example_xcom.py
[2026-02-14T15:54:46.904+0000] {logging_mixin.py:188} INFO - [2026-02-14T15:54:46.904+0000] {dag.py:3089} INFO - Sync 1 DAGs
[2026-02-14T15:54:46.912+0000] {logging_mixin.py:188} INFO - [2026-02-14T15:54:46.912+0000] {dag.py:3947} INFO - Setting next_dagrun for example_xcom to 2021-01-01 00:00:00+00:00, run_after=2021-01-01 00:00:00+00:00
[2026-02-14T15:54:46.921+0000] {processor.py:183} INFO - Processing /home/airflow/.local/lib/python3.12/site-packages/airflow/example_dags/example_xcom.py took 0.033 seconds
[2026-02-14T15:55:18.786+0000] {processor.py:161} INFO - Started process (PID=1080) to work on /home/airflow/.local/lib/python3.12/site-packages/airflow/example_dags/example_xcom.py
[2026-02-14T15:55:18.788+0000] {processor.py:830} INFO - Processing file /home/airflow/.local/lib/python3.12/site-packages/airflow/example_dags/example_xcom.py for tasks to queue
[2026-02-14T15:55:18.790+0000] {logging_mixin.py:188} INFO - [2026-02-14T15:55:18.790+0000] {dagbag.py:545} INFO - Filling up the DagBag from /home/airflow/.local/lib/python3.12/site-packages/airflow/example_dags/example_xcom.py
[2026-02-14T15:55:18.799+0000] {processor.py:840} INFO - DAG(s) 'example_xcom' retrieved from /home/airflow/.local/lib/python3.12/site-packages/airflow/example_dags/example_xcom.py
[2026-02-14T15:55:18.841+0000] {logging_mixin.py:188} INFO - [2026-02-14T15:55:18.841+0000] {dag.py:3089} INFO - Sync 1 DAGs
[2026-02-14T15:55:18.878+0000] {logging_mixin.py:188} INFO - [2026-02-14T15:55:18.878+0000] {dag.py:3947} INFO - Setting next_dagrun for example_xcom to 2021-01-01 00:00:00+00:00, run_after=2021-01-01 00:00:00+00:00
[2026-02-14T15:55:18.923+0000] {processor.py:183} INFO - Processing /home/airflow/.local/lib/python3.12/site-packages/airflow/example_dags/example_xcom.py took 0.142 seconds
[2026-02-14T15:55:49.852+0000] {processor.py:161} INFO - Started process (PID=1138) to work on /home/airflow/.local/lib/python3.12/site-packages/airflow/example_dags/example_xcom.py
[2026-02-14T15:55:49.853+0000] {processor.py:830} INFO - Processing file /home/airflow/.local/lib/python3.12/site-packages/airflow/example_dags/example_xcom.py for tasks to queue
[2026-02-14T15:55:49.854+0000] {logging_mixin.py:188} INFO - [2026-02-14T15:55:49.854+0000] {dagbag.py:545} INFO - Filling up the DagBag from /home/airflow/.local/lib/python3.12/site-packages/airflow/example_dags/example_xcom.py
[2026-02-14T15:55:49.859+0000] {processor.py:840} INFO - DAG(s) 'example_xcom' retrieved from /home/airflow/.local/lib/python3.12/site-packages/airflow/example_dags/example_xcom.py
[2026-02-14T15:55:49.869+0000] {logging_mixin.py:188} INFO - [2026-02-14T15:55:49.869+0000] {dag.py:3089} INFO - Sync 1 DAGs
[2026-02-14T15:55:49.878+0000] {logging_mixin.py:188} INFO - [2026-02-14T15:55:49.878+0000] {dag.py:3947} INFO - Setting next_dagrun for example_xcom to 2021-01-01 00:00:00+00:00, run_after=2021-01-01 00:00:00+00:00
[2026-02-14T15:55:49.887+0000] {processor.py:183} INFO - Processing /home/airflow/.local/lib/python3.12/site-packages/airflow/example_dags/example_xcom.py took 0.038 seconds
[2026-02-14T15:56:20.353+0000] {processor.py:161} INFO - Started process (PID=1197) to work on /home/airflow/.local/lib/python3.12/site-packages/airflow/example_dags/example_xcom.py
[2026-02-14T15:56:20.355+0000] {processor.py:830} INFO - Processing file /home/airflow/.local/lib/python3.12/site-packages/airflow/example_dags/example_xcom.py for tasks to queue
[2026-02-14T15:56:20.358+0000] {logging_mixin.py:188} INFO - [2026-02-14T15:56:20.357+0000] {dagbag.py:545} INFO - Filling up the DagBag from /home/airflow/.local/lib/python3.12/site-packages/airflow/example_dags/example_xcom.py
[2026-02-14T15:56:20.363+0000] {processor.py:840} INFO - DAG(s) 'example_xcom' retrieved from /home/airflow/.local/lib/python3.12/site-packages/airflow/example_dags/example_xcom.py
[2026-02-14T15:56:20.375+0000] {logging_mixin.py:188} INFO - [2026-02-14T15:56:20.375+0000] {dag.py:3089} INFO - Sync 1 DAGs
[2026-02-14T15:56:20.385+0000] {logging_mixin.py:188} INFO - [2026-02-14T15:56:20.385+0000] {dag.py:3947} INFO - Setting next_dagrun for example_xcom to 2021-01-01 00:00:00+00:00, run_after=2021-01-01 00:00:00+00:00
[2026-02-14T15:56:20.394+0000] {processor.py:183} INFO - Processing /home/airflow/.local/lib/python3.12/site-packages/airflow/example_dags/example_xcom.py took 0.047 seconds
[2026-02-14T15:56:50.886+0000] {processor.py:161} INFO - Started process (PID=1256) to work on /home/airflow/.local/lib/python3.12/site-packages/airflow/example_dags/example_xcom.py
[2026-02-14T15:56:50.888+0000] {processor.py:830} INFO - Processing file /home/airflow/.local/lib/python3.12/site-packages/airflow/example_dags/example_xcom.py for tasks to queue
[2026-02-14T15:56:50.890+0000] {logging_mixin.py:188} INFO - [2026-02-14T15:56:50.890+0000] {dagbag.py:545} INFO - Filling up the DagBag from /home/airflow/.local/lib/python3.12/site-packages/airflow/example_dags/example_xcom.py
[2026-02-14T15:56:50.899+0000] {processor.py:840} INFO - DAG(s) 'example_xcom' retrieved from /home/airflow/.local/lib/python3.12/site-packages/airflow/example_dags/example_xcom.py
[2026-02-14T15:56:50.913+0000] {logging_mixin.py:188} INFO - [2026-02-14T15:56:50.913+0000] {dag.py:3089} INFO - Sync 1 DAGs
[2026-02-14T15:56:50.923+0000] {logging_mixin.py:188} INFO - [2026-02-14T15:56:50.923+0000] {dag.py:3947} INFO - Setting next_dagrun for example_xcom to 2021-01-01 00:00:00+00:00, run_after=2021-01-01 00:00:00+00:00
[2026-02-14T15:56:50.932+0000] {processor.py:183} INFO - Processing /home/airflow/.local/lib/python3.12/site-packages/airflow/example_dags/example_xcom.py took 0.051 seconds
[2026-02-14T15:57:21.627+0000] {processor.py:161} INFO - Started process (PID=1315) to work on /home/airflow/.local/lib/python3.12/site-packages/airflow/example_dags/example_xcom.py
[2026-02-14T15:57:21.628+0000] {processor.py:830} INFO - Processing file /home/airflow/.local/lib/python3.12/site-packages/airflow/example_dags/example_xcom.py for tasks to queue
[2026-02-14T15:57:21.629+0000] {logging_mixin.py:188} INFO - [2026-02-14T15:57:21.629+0000] {dagbag.py:545} INFO - Filling up the DagBag from /home/airflow/.local/lib/python3.12/site-packages/airflow/example_dags/example_xcom.py
[2026-02-14T15:57:21.634+0000] {processor.py:840} INFO - DAG(s) 'example_xcom' retrieved from /home/airflow/.local/lib/python3.12/site-packages/airflow/example_dags/example_xcom.py
[2026-02-14T15:57:21.646+0000] {logging_mixin.py:188} INFO - [2026-02-14T15:57:21.646+0000] {dag.py:3089} INFO - Sync 1 DAGs
[2026-02-14T15:57:21.657+0000] {logging_mixin.py:188} INFO - [2026-02-14T15:57:21.657+0000] {dag.py:3947} INFO - Setting next_dagrun for example_xcom to 2021-01-01 00:00:00+00:00, run_after=2021-01-01 00:00:00+00:00
[2026-02-14T15:57:21.664+0000] {processor.py:183} INFO - Processing /home/airflow/.local/lib/python3.12/site-packages/airflow/example_dags/example_xcom.py took 0.042 seconds
[2026-02-14T15:57:51.893+0000] {processor.py:161} INFO - Started process (PID=1374) to work on /home/airflow/.local/lib/python3.12/site-packages/airflow/example_dags/example_xcom.py
[2026-02-14T15:57:51.894+0000] {processor.py:830} INFO - Processing file /home/airflow/.local/lib/python3.12/site-packages/airflow/example_dags/example_xcom.py for tasks to queue
[2026-02-14T15:57:51.895+0000] {logging_mixin.py:188} INFO - [2026-02-14T15:57:51.894+0000] {dagbag.py:545} INFO - Filling up the DagBag from /home/airflow/.local/lib/python3.12/site-packages/airflow/example_dags/example_xcom.py
[2026-02-14T15:57:51.898+0000] {processor.py:840} INFO - DAG(s) 'example_xcom' retrieved from /home/airflow/.local/lib/python3.12/site-packages/airflow/example_dags/example_xcom.py
[2026-02-14T15:57:51.906+0000] {logging_mixin.py:188} INFO - [2026-02-14T15:57:51.906+0000] {dag.py:3089} INFO - Sync 1 DAGs
[2026-02-14T15:57:51.983+0000] {logging_mixin.py:188} INFO - [2026-02-14T15:57:51.983+0000] {dag.py:3947} INFO - Setting next_dagrun for example_xcom to 2021-01-01 00:00:00+00:00, run_after=2021-01-01 00:00:00+00:00
[2026-02-14T15:57:51.989+0000] {processor.py:183} INFO - Processing /home/airflow/.local/lib/python3.12/site-packages/airflow/example_dags/example_xcom.py took 0.099 seconds
[2026-02-14T15:58:22.837+0000] {processor.py:161} INFO - Started process (PID=1433) to work on /home/airflow/.local/lib/python3.12/site-packages/airflow/example_dags/example_xcom.py
[2026-02-14T15:58:22.839+0000] {processor.py:830} INFO - Processing file /home/airflow/.local/lib/python3.12/site-packages/airflow/example_dags/example_xcom.py for tasks to queue
[2026-02-14T15:58:22.840+0000] {logging_mixin.py:188} INFO - [2026-02-14T15:58:22.840+0000] {dagbag.py:545} INFO - Filling up the DagBag from /home/airflow/.local/lib/python3.12/site-packages/airflow/example_dags/example_xcom.py
[2026-02-14T15:58:22.845+0000] {processor.py:840} INFO - DAG(s) 'example_xcom' retrieved from /home/airflow/.local/lib/python3.12/site-packages/airflow/example_dags/example_xcom.py
[2026-02-14T15:58:22.854+0000] {logging_mixin.py:188} INFO - [2026-02-14T15:58:22.854+0000] {dag.py:3089} INFO - Sync 1 DAGs
[2026-02-14T15:58:22.863+0000] {logging_mixin.py:188} INFO - [2026-02-14T15:58:22.862+0000] {dag.py:3947} INFO - Setting next_dagrun for example_xcom to 2021-01-01 00:00:00+00:00, run_after=2021-01-01 00:00:00+00:00
[2026-02-14T15:58:23.008+0000] {processor.py:183} INFO - Processing /home/airflow/.local/lib/python3.12/site-packages/airflow/example_dags/example_xcom.py took 0.174 seconds
[2026-02-14T15:58:53.069+0000] {processor.py:161} INFO - Started process (PID=1492) to work on /home/airflow/.local/lib/python3.12/site-packages/airflow/example_dags/example_xcom.py
[2026-02-14T15:58:53.069+0000] {processor.py:830} INFO - Processing file /home/airflow/.local/lib/python3.12/site-packages/airflow/example_dags/example_xcom.py for tasks to queue
[2026-02-14T15:58:53.070+0000] {logging_mixin.py:188} INFO - [2026-02-14T15:58:53.070+0000] {dagbag.py:545} INFO - Filling up the DagBag from /home/airflow/.local/lib/python3.12/site-packages/airflow/example_dags/example_xcom.py
[2026-02-14T15:58:53.075+0000] {processor.py:840} INFO - DAG(s) 'example_xcom' retrieved from /home/airflow/.local/lib/python3.12/site-packages/airflow/example_dags/example_xcom.py
[2026-02-14T15:58:53.085+0000] {logging_mixin.py:188} INFO - [2026-02-14T15:58:53.085+0000] {dag.py:3089} INFO - Sync 1 DAGs
[2026-02-14T15:58:53.095+0000] {logging_mixin.py:188} INFO - [2026-02-14T15:58:53.095+0000] {dag.py:3947} INFO - Setting next_dagrun for example_xcom to 2021-01-01 00:00:00+00:00, run_after=2021-01-01 00:00:00+00:00
[2026-02-14T15:58:53.103+0000] {processor.py:183} INFO - Processing /home/airflow/.local/lib/python3.12/site-packages/airflow/example_dags/example_xcom.py took 0.037 seconds
[2026-02-14T15:59:23.337+0000] {processor.py:161} INFO - Started process (PID=1551) to work on /home/airflow/.local/lib/python3.12/site-packages/airflow/example_dags/example_xcom.py
[2026-02-14T15:59:23.338+0000] {processor.py:830} INFO - Processing file /home/airflow/.local/lib/python3.12/site-packages/airflow/example_dags/example_xcom.py for tasks to queue
[2026-02-14T15:59:23.339+0000] {logging_mixin.py:188} INFO - [2026-02-14T15:59:23.339+0000] {dagbag.py:545} INFO - Filling up the DagBag from /home/airflow/.local/lib/python3.12/site-packages/airflow/example_dags/example_xcom.py
[2026-02-14T15:59:23.342+0000] {processor.py:840} INFO - DAG(s) 'example_xcom' retrieved from /home/airflow/.local/lib/python3.12/site-packages/airflow/example_dags/example_xcom.py
[2026-02-14T15:59:23.350+0000] {logging_mixin.py:188} INFO - [2026-02-14T15:59:23.350+0000] {dag.py:3089} INFO - Sync 1 DAGs
[2026-02-14T15:59:23.358+0000] {logging_mixin.py:188} INFO - [2026-02-14T15:59:23.357+0000] {dag.py:3947} INFO - Setting next_dagrun for example_xcom to 2021-01-01 00:00:00+00:00, run_after=2021-01-01 00:00:00+00:00
[2026-02-14T15:59:23.365+0000] {processor.py:183} INFO - Processing /home/airflow/.local/lib/python3.12/site-packages/airflow/example_dags/example_xcom.py took 0.031 seconds
[2026-02-14T15:59:53.836+0000] {processor.py:161} INFO - Started process (PID=1610) to work on /home/airflow/.local/lib/python3.12/site-packages/airflow/example_dags/example_xcom.py
[2026-02-14T15:59:53.837+0000] {processor.py:830} INFO - Processing file /home/airflow/.local/lib/python3.12/site-packages/airflow/example_dags/example_xcom.py for tasks to queue
[2026-02-14T15:59:53.838+0000] {logging_mixin.py:188} INFO - [2026-02-14T15:59:53.838+0000] {dagbag.py:545} INFO - Filling up the DagBag from /home/airflow/.local/lib/python3.12/site-packages/airflow/example_dags/example_xcom.py
[2026-02-14T15:59:53.910+0000] {processor.py:840} INFO - DAG(s) 'example_xcom' retrieved from /home/airflow/.local/lib/python3.12/site-packages/airflow/example_dags/example_xcom.py
[2026-02-14T15:59:53.916+0000] {logging_mixin.py:188} INFO - [2026-02-14T15:59:53.916+0000] {dag.py:3089} INFO - Sync 1 DAGs
[2026-02-14T15:59:53.923+0000] {logging_mixin.py:188} INFO - [2026-02-14T15:59:53.923+0000] {dag.py:3947} INFO - Setting next_dagrun for example_xcom to 2021-01-01 00:00:00+00:00, run_after=2021-01-01 00:00:00+00:00
[2026-02-14T15:59:53.931+0000] {processor.py:183} INFO - Processing /home/airflow/.local/lib/python3.12/site-packages/airflow/example_dags/example_xcom.py took 0.097 seconds
[2026-02-14T16:00:24.397+0000] {processor.py:161} INFO - Started process (PID=1669) to work on /home/airflow/.local/lib/python3.12/site-packages/airflow/example_dags/example_xcom.py
[2026-02-14T16:00:24.398+0000] {processor.py:830} INFO - Processing file /home/airflow/.local/lib/python3.12/site-packages/airflow/example_dags/example_xcom.py for tasks to queue
[2026-02-14T16:00:24.398+0000] {logging_mixin.py:188} INFO - [2026-02-14T16:00:24.398+0000] {dagbag.py:545} INFO - Filling up the DagBag from /home/airflow/.local/lib/python3.12/site-packages/airflow/example_dags/example_xcom.py
[2026-02-14T16:00:24.401+0000] {processor.py:840} INFO - DAG(s) 'example_xcom' retrieved from /home/airflow/.local/lib/python3.12/site-packages/airflow/example_dags/example_xcom.py
[2026-02-14T16:00:24.411+0000] {logging_mixin.py:188} INFO - [2026-02-14T16:00:24.411+0000] {dag.py:3089} INFO - Sync 1 DAGs
[2026-02-14T16:00:24.417+0000] {logging_mixin.py:188} INFO - [2026-02-14T16:00:24.417+0000] {dag.py:3947} INFO - Setting next_dagrun for example_xcom to 2021-01-01 00:00:00+00:00, run_after=2021-01-01 00:00:00+00:00
[2026-02-14T16:00:24.425+0000] {processor.py:183} INFO - Processing /home/airflow/.local/lib/python3.12/site-packages/airflow/example_dags/example_xcom.py took 0.030 seconds
[2026-02-14T16:00:54.958+0000] {processor.py:161} INFO - Started process (PID=1728) to work on /home/airflow/.local/lib/python3.12/site-packages/airflow/example_dags/example_xcom.py
[2026-02-14T16:00:54.959+0000] {processor.py:830} INFO - Processing file /home/airflow/.local/lib/python3.12/site-packages/airflow/example_dags/example_xcom.py for tasks to queue
[2026-02-14T16:00:54.960+0000] {logging_mixin.py:188} INFO - [2026-02-14T16:00:54.960+0000] {dagbag.py:545} INFO - Filling up the DagBag from /home/airflow/.local/lib/python3.12/site-packages/airflow/example_dags/example_xcom.py
[2026-02-14T16:00:54.963+0000] {processor.py:840} INFO - DAG(s) 'example_xcom' retrieved from /home/airflow/.local/lib/python3.12/site-packages/airflow/example_dags/example_xcom.py
[2026-02-14T16:00:54.972+0000] {logging_mixin.py:188} INFO - [2026-02-14T16:00:54.972+0000] {dag.py:3089} INFO - Sync 1 DAGs
[2026-02-14T16:00:54.979+0000] {logging_mixin.py:188} INFO - [2026-02-14T16:00:54.979+0000] {dag.py:3947} INFO - Setting next_dagrun for example_xcom to 2021-01-01 00:00:00+00:00, run_after=2021-01-01 00:00:00+00:00
[2026-02-14T16:00:54.989+0000] {processor.py:183} INFO - Processing /home/airflow/.local/lib/python3.12/site-packages/airflow/example_dags/example_xcom.py took 0.033 seconds
[2026-02-14T16:01:25.409+0000] {processor.py:161} INFO - Started process (PID=1787) to work on /home/airflow/.local/lib/python3.12/site-packages/airflow/example_dags/example_xcom.py
[2026-02-14T16:01:25.410+0000] {processor.py:830} INFO - Processing file /home/airflow/.local/lib/python3.12/site-packages/airflow/example_dags/example_xcom.py for tasks to queue
[2026-02-14T16:01:25.411+0000] {logging_mixin.py:188} INFO - [2026-02-14T16:01:25.411+0000] {dagbag.py:545} INFO - Filling up the DagBag from /home/airflow/.local/lib/python3.12/site-packages/airflow/example_dags/example_xcom.py
[2026-02-14T16:01:25.415+0000] {processor.py:840} INFO - DAG(s) 'example_xcom' retrieved from /home/airflow/.local/lib/python3.12/site-packages/airflow/example_dags/example_xcom.py
[2026-02-14T16:01:25.423+0000] {logging_mixin.py:188} INFO - [2026-02-14T16:01:25.423+0000] {dag.py:3089} INFO - Sync 1 DAGs
[2026-02-14T16:01:25.431+0000] {logging_mixin.py:188} INFO - [2026-02-14T16:01:25.431+0000] {dag.py:3947} INFO - Setting next_dagrun for example_xcom to 2021-01-01 00:00:00+00:00, run_after=2021-01-01 00:00:00+00:00
[2026-02-14T16:01:25.437+0000] {processor.py:183} INFO - Processing /home/airflow/.local/lib/python3.12/site-packages/airflow/example_dags/example_xcom.py took 0.030 seconds
[2026-02-14T16:01:55.733+0000] {processor.py:161} INFO - Started process (PID=1846) to work on /home/airflow/.local/lib/python3.12/site-packages/airflow/example_dags/example_xcom.py
[2026-02-14T16:01:55.733+0000] {processor.py:830} INFO - Processing file /home/airflow/.local/lib/python3.12/site-packages/airflow/example_dags/example_xcom.py for tasks to queue
[2026-02-14T16:01:55.734+0000] {logging_mixin.py:188} INFO - [2026-02-14T16:01:55.734+0000] {dagbag.py:545} INFO - Filling up the DagBag from /home/airflow/.local/lib/python3.12/site-packages/airflow/example_dags/example_xcom.py
[2026-02-14T16:01:55.738+0000] {processor.py:840} INFO - DAG(s) 'example_xcom' retrieved from /home/airflow/.local/lib/python3.12/site-packages/airflow/example_dags/example_xcom.py
[2026-02-14T16:01:55.747+0000] {logging_mixin.py:188} INFO - [2026-02-14T16:01:55.747+0000] {dag.py:3089} INFO - Sync 1 DAGs
[2026-02-14T16:01:55.754+0000] {logging_mixin.py:188} INFO - [2026-02-14T16:01:55.754+0000] {dag.py:3947} INFO - Setting next_dagrun for example_xcom to 2021-01-01 00:00:00+00:00, run_after=2021-01-01 00:00:00+00:00
[2026-02-14T16:01:55.761+0000] {processor.py:183} INFO - Processing /home/airflow/.local/lib/python3.12/site-packages/airflow/example_dags/example_xcom.py took 0.030 seconds
[2026-02-14T16:02:26.196+0000] {processor.py:161} INFO - Started process (PID=1905) to work on /home/airflow/.local/lib/python3.12/site-packages/airflow/example_dags/example_xcom.py
[2026-02-14T16:02:26.196+0000] {processor.py:830} INFO - Processing file /home/airflow/.local/lib/python3.12/site-packages/airflow/example_dags/example_xcom.py for tasks to queue
[2026-02-14T16:02:26.197+0000] {logging_mixin.py:188} INFO - [2026-02-14T16:02:26.197+0000] {dagbag.py:545} INFO - Filling up the DagBag from /home/airflow/.local/lib/python3.12/site-packages/airflow/example_dags/example_xcom.py
[2026-02-14T16:02:26.200+0000] {processor.py:840} INFO - DAG(s) 'example_xcom' retrieved from /home/airflow/.local/lib/python3.12/site-packages/airflow/example_dags/example_xcom.py
[2026-02-14T16:02:26.210+0000] {logging_mixin.py:188} INFO - [2026-02-14T16:02:26.210+0000] {dag.py:3089} INFO - Sync 1 DAGs
[2026-02-14T16:02:26.220+0000] {logging_mixin.py:188} INFO - [2026-02-14T16:02:26.220+0000] {dag.py:3947} INFO - Setting next_dagrun for example_xcom to 2021-01-01 00:00:00+00:00, run_after=2021-01-01 00:00:00+00:00
[2026-02-14T16:02:26.237+0000] {processor.py:183} INFO - Processing /home/airflow/.local/lib/python3.12/site-packages/airflow/example_dags/example_xcom.py took 0.044 seconds
[2026-02-14T16:02:56.736+0000] {processor.py:161} INFO - Started process (PID=1964) to work on /home/airflow/.local/lib/python3.12/site-packages/airflow/example_dags/example_xcom.py
[2026-02-14T16:02:56.737+0000] {processor.py:830} INFO - Processing file /home/airflow/.local/lib/python3.12/site-packages/airflow/example_dags/example_xcom.py for tasks to queue
[2026-02-14T16:02:56.738+0000] {logging_mixin.py:188} INFO - [2026-02-14T16:02:56.738+0000] {dagbag.py:545} INFO - Filling up the DagBag from /home/airflow/.local/lib/python3.12/site-packages/airflow/example_dags/example_xcom.py
[2026-02-14T16:02:56.741+0000] {processor.py:840} INFO - DAG(s) 'example_xcom' retrieved from /home/airflow/.local/lib/python3.12/site-packages/airflow/example_dags/example_xcom.py
[2026-02-14T16:02:56.749+0000] {logging_mixin.py:188} INFO - [2026-02-14T16:02:56.748+0000] {dag.py:3089} INFO - Sync 1 DAGs
[2026-02-14T16:02:56.756+0000] {logging_mixin.py:188} INFO - [2026-02-14T16:02:56.756+0000] {dag.py:3947} INFO - Setting next_dagrun for example_xcom to 2021-01-01 00:00:00+00:00, run_after=2021-01-01 00:00:00+00:00
[2026-02-14T16:02:56.762+0000] {processor.py:183} INFO - Processing /home/airflow/.local/lib/python3.12/site-packages/airflow/example_dags/example_xcom.py took 0.027 seconds
[2026-02-14T16:03:27.262+0000] {processor.py:161} INFO - Started process (PID=2023) to work on /home/airflow/.local/lib/python3.12/site-packages/airflow/example_dags/example_xcom.py
[2026-02-14T16:03:27.264+0000] {processor.py:830} INFO - Processing file /home/airflow/.local/lib/python3.12/site-packages/airflow/example_dags/example_xcom.py for tasks to queue
[2026-02-14T16:03:27.265+0000] {logging_mixin.py:188} INFO - [2026-02-14T16:03:27.265+0000] {dagbag.py:545} INFO - Filling up the DagBag from /home/airflow/.local/lib/python3.12/site-packages/airflow/example_dags/example_xcom.py
[2026-02-14T16:03:27.274+0000] {processor.py:840} INFO - DAG(s) 'example_xcom' retrieved from /home/airflow/.local/lib/python3.12/site-packages/airflow/example_dags/example_xcom.py
[2026-02-14T16:03:27.297+0000] {logging_mixin.py:188} INFO - [2026-02-14T16:03:27.297+0000] {dag.py:3089} INFO - Sync 1 DAGs
[2026-02-14T16:03:27.313+0000] {logging_mixin.py:188} INFO - [2026-02-14T16:03:27.313+0000] {dag.py:3947} INFO - Setting next_dagrun for example_xcom to 2021-01-01 00:00:00+00:00, run_after=2021-01-01 00:00:00+00:00
[2026-02-14T16:03:27.325+0000] {processor.py:183} INFO - Processing /home/airflow/.local/lib/python3.12/site-packages/airflow/example_dags/example_xcom.py took 0.074 seconds
[2026-02-14T16:03:57.940+0000] {processor.py:161} INFO - Started process (PID=2082) to work on /home/airflow/.local/lib/python3.12/site-packages/airflow/example_dags/example_xcom.py
[2026-02-14T16:03:57.941+0000] {processor.py:830} INFO - Processing file /home/airflow/.local/lib/python3.12/site-packages/airflow/example_dags/example_xcom.py for tasks to queue
[2026-02-14T16:03:57.943+0000] {logging_mixin.py:188} INFO - [2026-02-14T16:03:57.943+0000] {dagbag.py:545} INFO - Filling up the DagBag from /home/airflow/.local/lib/python3.12/site-packages/airflow/example_dags/example_xcom.py
[2026-02-14T16:03:57.947+0000] {processor.py:840} INFO - DAG(s) 'example_xcom' retrieved from /home/airflow/.local/lib/python3.12/site-packages/airflow/example_dags/example_xcom.py
[2026-02-14T16:03:57.961+0000] {logging_mixin.py:188} INFO - [2026-02-14T16:03:57.961+0000] {dag.py:3089} INFO - Sync 1 DAGs
[2026-02-14T16:03:57.971+0000] {logging_mixin.py:188} INFO - [2026-02-14T16:03:57.971+0000] {dag.py:3947} INFO - Setting next_dagrun for example_xcom to 2021-01-01 00:00:00+00:00, run_after=2021-01-01 00:00:00+00:00
[2026-02-14T16:03:57.982+0000] {processor.py:183} INFO - Processing /home/airflow/.local/lib/python3.12/site-packages/airflow/example_dags/example_xcom.py took 0.044 seconds
[2026-02-14T16:04:28.503+0000] {processor.py:161} INFO - Started process (PID=2141) to work on /home/airflow/.local/lib/python3.12/site-packages/airflow/example_dags/example_xcom.py
[2026-02-14T16:04:28.504+0000] {processor.py:830} INFO - Processing file /home/airflow/.local/lib/python3.12/site-packages/airflow/example_dags/example_xcom.py for tasks to queue
[2026-02-14T16:04:28.505+0000] {logging_mixin.py:188} INFO - [2026-02-14T16:04:28.505+0000] {dagbag.py:545} INFO - Filling up the DagBag from /home/airflow/.local/lib/python3.12/site-packages/airflow/example_dags/example_xcom.py
[2026-02-14T16:04:28.510+0000] {processor.py:840} INFO - DAG(s) 'example_xcom' retrieved from /home/airflow/.local/lib/python3.12/site-packages/airflow/example_dags/example_xcom.py
[2026-02-14T16:04:28.519+0000] {logging_mixin.py:188} INFO - [2026-02-14T16:04:28.518+0000] {dag.py:3089} INFO - Sync 1 DAGs
[2026-02-14T16:04:28.527+0000] {logging_mixin.py:188} INFO - [2026-02-14T16:04:28.527+0000] {dag.py:3947} INFO - Setting next_dagrun for example_xcom to 2021-01-01 00:00:00+00:00, run_after=2021-01-01 00:00:00+00:00
[2026-02-14T16:04:28.534+0000] {processor.py:183} INFO - Processing /home/airflow/.local/lib/python3.12/site-packages/airflow/example_dags/example_xcom.py took 0.034 seconds
[2026-02-14T16:04:58.922+0000] {processor.py:161} INFO - Started process (PID=2200) to work on /home/airflow/.local/lib/python3.12/site-packages/airflow/example_dags/example_xcom.py
[2026-02-14T16:04:58.923+0000] {processor.py:830} INFO - Processing file /home/airflow/.local/lib/python3.12/site-packages/airflow/example_dags/example_xcom.py for tasks to queue
[2026-02-14T16:04:58.924+0000] {logging_mixin.py:188} INFO - [2026-02-14T16:04:58.924+0000] {dagbag.py:545} INFO - Filling up the DagBag from /home/airflow/.local/lib/python3.12/site-packages/airflow/example_dags/example_xcom.py
[2026-02-14T16:04:58.927+0000] {processor.py:840} INFO - DAG(s) 'example_xcom' retrieved from /home/airflow/.local/lib/python3.12/site-packages/airflow/example_dags/example_xcom.py
[2026-02-14T16:04:58.935+0000] {logging_mixin.py:188} INFO - [2026-02-14T16:04:58.935+0000] {dag.py:3089} INFO - Sync 1 DAGs
[2026-02-14T16:04:58.945+0000] {logging_mixin.py:188} INFO - [2026-02-14T16:04:58.943+0000] {dag.py:3947} INFO - Setting next_dagrun for example_xcom to 2021-01-01 00:00:00+00:00, run_after=2021-01-01 00:00:00+00:00
[2026-02-14T16:04:58.958+0000] {processor.py:183} INFO - Processing /home/airflow/.local/lib/python3.12/site-packages/airflow/example_dags/example_xcom.py took 0.037 seconds
[2026-02-14T16:05:29.459+0000] {processor.py:161} INFO - Started process (PID=2259) to work on /home/airflow/.local/lib/python3.12/site-packages/airflow/example_dags/example_xcom.py
[2026-02-14T16:05:29.460+0000] {processor.py:830} INFO - Processing file /home/airflow/.local/lib/python3.12/site-packages/airflow/example_dags/example_xcom.py for tasks to queue
[2026-02-14T16:05:29.461+0000] {logging_mixin.py:188} INFO - [2026-02-14T16:05:29.461+0000] {dagbag.py:545} INFO - Filling up the DagBag from /home/airflow/.local/lib/python3.12/site-packages/airflow/example_dags/example_xcom.py
[2026-02-14T16:05:29.464+0000] {processor.py:840} INFO - DAG(s) 'example_xcom' retrieved from /home/airflow/.local/lib/python3.12/site-packages/airflow/example_dags/example_xcom.py
[2026-02-14T16:05:29.472+0000] {logging_mixin.py:188} INFO - [2026-02-14T16:05:29.471+0000] {dag.py:3089} INFO - Sync 1 DAGs
[2026-02-14T16:05:29.479+0000] {logging_mixin.py:188} INFO - [2026-02-14T16:05:29.479+0000] {dag.py:3947} INFO - Setting next_dagrun for example_xcom to 2021-01-01 00:00:00+00:00, run_after=2021-01-01 00:00:00+00:00
[2026-02-14T16:05:29.489+0000] {processor.py:183} INFO - Processing /home/airflow/.local/lib/python3.12/site-packages/airflow/example_dags/example_xcom.py took 0.032 seconds
[2026-02-14T16:05:59.927+0000] {processor.py:161} INFO - Started process (PID=2318) to work on /home/airflow/.local/lib/python3.12/site-packages/airflow/example_dags/example_xcom.py
[2026-02-14T16:05:59.927+0000] {processor.py:830} INFO - Processing file /home/airflow/.local/lib/python3.12/site-packages/airflow/example_dags/example_xcom.py for tasks to queue
[2026-02-14T16:05:59.930+0000] {logging_mixin.py:188} INFO - [2026-02-14T16:05:59.930+0000] {dagbag.py:545} INFO - Filling up the DagBag from /home/airflow/.local/lib/python3.12/site-packages/airflow/example_dags/example_xcom.py
[2026-02-14T16:05:59.933+0000] {processor.py:840} INFO - DAG(s) 'example_xcom' retrieved from /home/airflow/.local/lib/python3.12/site-packages/airflow/example_dags/example_xcom.py
[2026-02-14T16:05:59.941+0000] {logging_mixin.py:188} INFO - [2026-02-14T16:05:59.941+0000] {dag.py:3089} INFO - Sync 1 DAGs
[2026-02-14T16:05:59.951+0000] {logging_mixin.py:188} INFO - [2026-02-14T16:05:59.951+0000] {dag.py:3947} INFO - Setting next_dagrun for example_xcom to 2021-01-01 00:00:00+00:00, run_after=2021-01-01 00:00:00+00:00
[2026-02-14T16:05:59.959+0000] {processor.py:183} INFO - Processing /home/airflow/.local/lib/python3.12/site-packages/airflow/example_dags/example_xcom.py took 0.035 seconds
[2026-02-14T16:06:30.440+0000] {processor.py:161} INFO - Started process (PID=2377) to work on /home/airflow/.local/lib/python3.12/site-packages/airflow/example_dags/example_xcom.py
[2026-02-14T16:06:30.441+0000] {processor.py:830} INFO - Processing file /home/airflow/.local/lib/python3.12/site-packages/airflow/example_dags/example_xcom.py for tasks to queue
[2026-02-14T16:06:30.442+0000] {logging_mixin.py:188} INFO - [2026-02-14T16:06:30.442+0000] {dagbag.py:545} INFO - Filling up the DagBag from /home/airflow/.local/lib/python3.12/site-packages/airflow/example_dags/example_xcom.py
[2026-02-14T16:06:30.446+0000] {processor.py:840} INFO - DAG(s) 'example_xcom' retrieved from /home/airflow/.local/lib/python3.12/site-packages/airflow/example_dags/example_xcom.py
[2026-02-14T16:06:30.457+0000] {logging_mixin.py:188} INFO - [2026-02-14T16:06:30.456+0000] {dag.py:3089} INFO - Sync 1 DAGs
[2026-02-14T16:06:30.466+0000] {logging_mixin.py:188} INFO - [2026-02-14T16:06:30.466+0000] {dag.py:3947} INFO - Setting next_dagrun for example_xcom to 2021-01-01 00:00:00+00:00, run_after=2021-01-01 00:00:00+00:00
[2026-02-14T16:06:30.477+0000] {processor.py:183} INFO - Processing /home/airflow/.local/lib/python3.12/site-packages/airflow/example_dags/example_xcom.py took 0.040 seconds
[2026-02-14T16:07:01.334+0000] {processor.py:161} INFO - Started process (PID=2436) to work on /home/airflow/.local/lib/python3.12/site-packages/airflow/example_dags/example_xcom.py
[2026-02-14T16:07:01.334+0000] {processor.py:830} INFO - Processing file /home/airflow/.local/lib/python3.12/site-packages/airflow/example_dags/example_xcom.py for tasks to queue
[2026-02-14T16:07:01.335+0000] {logging_mixin.py:188} INFO - [2026-02-14T16:07:01.335+0000] {dagbag.py:545} INFO - Filling up the DagBag from /home/airflow/.local/lib/python3.12/site-packages/airflow/example_dags/example_xcom.py
[2026-02-14T16:07:01.338+0000] {processor.py:840} INFO - DAG(s) 'example_xcom' retrieved from /home/airflow/.local/lib/python3.12/site-packages/airflow/example_dags/example_xcom.py
[2026-02-14T16:07:01.344+0000] {logging_mixin.py:188} INFO - [2026-02-14T16:07:01.344+0000] {dag.py:3089} INFO - Sync 1 DAGs
[2026-02-14T16:07:01.350+0000] {logging_mixin.py:188} INFO - [2026-02-14T16:07:01.350+0000] {dag.py:3947} INFO - Setting next_dagrun for example_xcom to 2021-01-01 00:00:00+00:00, run_after=2021-01-01 00:00:00+00:00
[2026-02-14T16:07:01.356+0000] {processor.py:183} INFO - Processing /home/airflow/.local/lib/python3.12/site-packages/airflow/example_dags/example_xcom.py took 0.024 seconds
[2026-02-14T16:07:31.953+0000] {processor.py:161} INFO - Started process (PID=2495) to work on /home/airflow/.local/lib/python3.12/site-packages/airflow/example_dags/example_xcom.py
[2026-02-14T16:07:31.954+0000] {processor.py:830} INFO - Processing file /home/airflow/.local/lib/python3.12/site-packages/airflow/example_dags/example_xcom.py for tasks to queue
[2026-02-14T16:07:31.954+0000] {logging_mixin.py:188} INFO - [2026-02-14T16:07:31.954+0000] {dagbag.py:545} INFO - Filling up the DagBag from /home/airflow/.local/lib/python3.12/site-packages/airflow/example_dags/example_xcom.py
[2026-02-14T16:07:31.957+0000] {processor.py:840} INFO - DAG(s) 'example_xcom' retrieved from /home/airflow/.local/lib/python3.12/site-packages/airflow/example_dags/example_xcom.py
[2026-02-14T16:07:31.963+0000] {logging_mixin.py:188} INFO - [2026-02-14T16:07:31.963+0000] {dag.py:3089} INFO - Sync 1 DAGs
[2026-02-14T16:07:31.969+0000] {logging_mixin.py:188} INFO - [2026-02-14T16:07:31.969+0000] {dag.py:3947} INFO - Setting next_dagrun for example_xcom to 2021-01-01 00:00:00+00:00, run_after=2021-01-01 00:00:00+00:00
[2026-02-14T16:07:31.974+0000] {processor.py:183} INFO - Processing /home/airflow/.local/lib/python3.12/site-packages/airflow/example_dags/example_xcom.py took 0.024 seconds
[2026-02-14T16:08:02.721+0000] {processor.py:161} INFO - Started process (PID=2554) to work on /home/airflow/.local/lib/python3.12/site-packages/airflow/example_dags/example_xcom.py
[2026-02-14T16:08:02.721+0000] {processor.py:830} INFO - Processing file /home/airflow/.local/lib/python3.12/site-packages/airflow/example_dags/example_xcom.py for tasks to queue
[2026-02-14T16:08:02.722+0000] {logging_mixin.py:188} INFO - [2026-02-14T16:08:02.722+0000] {dagbag.py:545} INFO - Filling up the DagBag from /home/airflow/.local/lib/python3.12/site-packages/airflow/example_dags/example_xcom.py
[2026-02-14T16:08:02.725+0000] {processor.py:840} INFO - DAG(s) 'example_xcom' retrieved from /home/airflow/.local/lib/python3.12/site-packages/airflow/example_dags/example_xcom.py
[2026-02-14T16:08:02.734+0000] {logging_mixin.py:188} INFO - [2026-02-14T16:08:02.734+0000] {dag.py:3089} INFO - Sync 1 DAGs
[2026-02-14T16:08:02.744+0000] {logging_mixin.py:188} INFO - [2026-02-14T16:08:02.744+0000] {dag.py:3947} INFO - Setting next_dagrun for example_xcom to 2021-01-01 00:00:00+00:00, run_after=2021-01-01 00:00:00+00:00
[2026-02-14T16:08:02.752+0000] {processor.py:183} INFO - Processing /home/airflow/.local/lib/python3.12/site-packages/airflow/example_dags/example_xcom.py took 0.037 seconds
[2026-02-14T16:08:33.152+0000] {processor.py:161} INFO - Started process (PID=2613) to work on /home/airflow/.local/lib/python3.12/site-packages/airflow/example_dags/example_xcom.py
[2026-02-14T16:08:33.153+0000] {processor.py:830} INFO - Processing file /home/airflow/.local/lib/python3.12/site-packages/airflow/example_dags/example_xcom.py for tasks to queue
[2026-02-14T16:08:33.154+0000] {logging_mixin.py:188} INFO - [2026-02-14T16:08:33.154+0000] {dagbag.py:545} INFO - Filling up the DagBag from /home/airflow/.local/lib/python3.12/site-packages/airflow/example_dags/example_xcom.py
[2026-02-14T16:08:33.158+0000] {processor.py:840} INFO - DAG(s) 'example_xcom' retrieved from /home/airflow/.local/lib/python3.12/site-packages/airflow/example_dags/example_xcom.py
[2026-02-14T16:08:33.166+0000] {logging_mixin.py:188} INFO - [2026-02-14T16:08:33.166+0000] {dag.py:3089} INFO - Sync 1 DAGs
[2026-02-14T16:08:33.174+0000] {logging_mixin.py:188} INFO - [2026-02-14T16:08:33.174+0000] {dag.py:3947} INFO - Setting next_dagrun for example_xcom to 2021-01-01 00:00:00+00:00, run_after=2021-01-01 00:00:00+00:00
[2026-02-14T16:08:33.182+0000] {processor.py:183} INFO - Processing /home/airflow/.local/lib/python3.12/site-packages/airflow/example_dags/example_xcom.py took 0.032 seconds
[2026-02-14T16:09:03.615+0000] {processor.py:161} INFO - Started process (PID=2672) to work on /home/airflow/.local/lib/python3.12/site-packages/airflow/example_dags/example_xcom.py
[2026-02-14T16:09:03.616+0000] {processor.py:830} INFO - Processing file /home/airflow/.local/lib/python3.12/site-packages/airflow/example_dags/example_xcom.py for tasks to queue
[2026-02-14T16:09:03.617+0000] {logging_mixin.py:188} INFO - [2026-02-14T16:09:03.616+0000] {dagbag.py:545} INFO - Filling up the DagBag from /home/airflow/.local/lib/python3.12/site-packages/airflow/example_dags/example_xcom.py
[2026-02-14T16:09:03.620+0000] {processor.py:840} INFO - DAG(s) 'example_xcom' retrieved from /home/airflow/.local/lib/python3.12/site-packages/airflow/example_dags/example_xcom.py
[2026-02-14T16:09:03.630+0000] {logging_mixin.py:188} INFO - [2026-02-14T16:09:03.630+0000] {dag.py:3089} INFO - Sync 1 DAGs
[2026-02-14T16:09:03.638+0000] {logging_mixin.py:188} INFO - [2026-02-14T16:09:03.638+0000] {dag.py:3947} INFO - Setting next_dagrun for example_xcom to 2021-01-01 00:00:00+00:00, run_after=2021-01-01 00:00:00+00:00
[2026-02-14T16:09:03.644+0000] {processor.py:183} INFO - Processing /home/airflow/.local/lib/python3.12/site-packages/airflow/example_dags/example_xcom.py took 0.032 seconds
[2026-02-14T16:09:34.014+0000] {processor.py:161} INFO - Started process (PID=2731) to work on /home/airflow/.local/lib/python3.12/site-packages/airflow/example_dags/example_xcom.py
[2026-02-14T16:09:34.015+0000] {processor.py:830} INFO - Processing file /home/airflow/.local/lib/python3.12/site-packages/airflow/example_dags/example_xcom.py for tasks to queue
[2026-02-14T16:09:34.015+0000] {logging_mixin.py:188} INFO - [2026-02-14T16:09:34.015+0000] {dagbag.py:545} INFO - Filling up the DagBag from /home/airflow/.local/lib/python3.12/site-packages/airflow/example_dags/example_xcom.py
[2026-02-14T16:09:34.018+0000] {processor.py:840} INFO - DAG(s) 'example_xcom' retrieved from /home/airflow/.local/lib/python3.12/site-packages/airflow/example_dags/example_xcom.py
[2026-02-14T16:09:34.027+0000] {logging_mixin.py:188} INFO - [2026-02-14T16:09:34.027+0000] {dag.py:3089} INFO - Sync 1 DAGs
[2026-02-14T16:09:34.034+0000] {logging_mixin.py:188} INFO - [2026-02-14T16:09:34.034+0000] {dag.py:3947} INFO - Setting next_dagrun for example_xcom to 2021-01-01 00:00:00+00:00, run_after=2021-01-01 00:00:00+00:00
[2026-02-14T16:09:34.042+0000] {processor.py:183} INFO - Processing /home/airflow/.local/lib/python3.12/site-packages/airflow/example_dags/example_xcom.py took 0.030 seconds
[2026-02-14T16:10:04.282+0000] {processor.py:161} INFO - Started process (PID=2790) to work on /home/airflow/.local/lib/python3.12/site-packages/airflow/example_dags/example_xcom.py
[2026-02-14T16:10:04.282+0000] {processor.py:830} INFO - Processing file /home/airflow/.local/lib/python3.12/site-packages/airflow/example_dags/example_xcom.py for tasks to queue
[2026-02-14T16:10:04.283+0000] {logging_mixin.py:188} INFO - [2026-02-14T16:10:04.282+0000] {dagbag.py:545} INFO - Filling up the DagBag from /home/airflow/.local/lib/python3.12/site-packages/airflow/example_dags/example_xcom.py
[2026-02-14T16:10:04.285+0000] {processor.py:840} INFO - DAG(s) 'example_xcom' retrieved from /home/airflow/.local/lib/python3.12/site-packages/airflow/example_dags/example_xcom.py
[2026-02-14T16:10:04.293+0000] {logging_mixin.py:188} INFO - [2026-02-14T16:10:04.293+0000] {dag.py:3089} INFO - Sync 1 DAGs
[2026-02-14T16:10:04.301+0000] {logging_mixin.py:188} INFO - [2026-02-14T16:10:04.301+0000] {dag.py:3947} INFO - Setting next_dagrun for example_xcom to 2021-01-01 00:00:00+00:00, run_after=2021-01-01 00:00:00+00:00
[2026-02-14T16:10:04.307+0000] {processor.py:183} INFO - Processing /home/airflow/.local/lib/python3.12/site-packages/airflow/example_dags/example_xcom.py took 0.028 seconds
[2026-02-14T16:10:34.971+0000] {processor.py:161} INFO - Started process (PID=2848) to work on /home/airflow/.local/lib/python3.12/site-packages/airflow/example_dags/example_xcom.py
[2026-02-14T16:10:34.972+0000] {processor.py:830} INFO - Processing file /home/airflow/.local/lib/python3.12/site-packages/airflow/example_dags/example_xcom.py for tasks to queue
[2026-02-14T16:10:34.973+0000] {logging_mixin.py:188} INFO - [2026-02-14T16:10:34.973+0000] {dagbag.py:545} INFO - Filling up the DagBag from /home/airflow/.local/lib/python3.12/site-packages/airflow/example_dags/example_xcom.py
[2026-02-14T16:10:34.979+0000] {processor.py:840} INFO - DAG(s) 'example_xcom' retrieved from /home/airflow/.local/lib/python3.12/site-packages/airflow/example_dags/example_xcom.py
[2026-02-14T16:10:34.995+0000] {logging_mixin.py:188} INFO - [2026-02-14T16:10:34.995+0000] {dag.py:3089} INFO - Sync 1 DAGs
[2026-02-14T16:10:35.004+0000] {logging_mixin.py:188} INFO - [2026-02-14T16:10:35.004+0000] {dag.py:3947} INFO - Setting next_dagrun for example_xcom to 2021-01-01 00:00:00+00:00, run_after=2021-01-01 00:00:00+00:00
[2026-02-14T16:10:35.012+0000] {processor.py:183} INFO - Processing /home/airflow/.local/lib/python3.12/site-packages/airflow/example_dags/example_xcom.py took 0.044 seconds
[2026-02-14T16:11:06.011+0000] {processor.py:161} INFO - Started process (PID=2907) to work on /home/airflow/.local/lib/python3.12/site-packages/airflow/example_dags/example_xcom.py
[2026-02-14T16:11:06.012+0000] {processor.py:830} INFO - Processing file /home/airflow/.local/lib/python3.12/site-packages/airflow/example_dags/example_xcom.py for tasks to queue
[2026-02-14T16:11:06.013+0000] {logging_mixin.py:188} INFO - [2026-02-14T16:11:06.013+0000] {dagbag.py:545} INFO - Filling up the DagBag from /home/airflow/.local/lib/python3.12/site-packages/airflow/example_dags/example_xcom.py
[2026-02-14T16:11:06.022+0000] {processor.py:840} INFO - DAG(s) 'example_xcom' retrieved from /home/airflow/.local/lib/python3.12/site-packages/airflow/example_dags/example_xcom.py
[2026-02-14T16:11:06.041+0000] {logging_mixin.py:188} INFO - [2026-02-14T16:11:06.041+0000] {dag.py:3089} INFO - Sync 1 DAGs
[2026-02-14T16:11:06.058+0000] {logging_mixin.py:188} INFO - [2026-02-14T16:11:06.058+0000] {dag.py:3947} INFO - Setting next_dagrun for example_xcom to 2021-01-01 00:00:00+00:00, run_after=2021-01-01 00:00:00+00:00
[2026-02-14T16:11:06.076+0000] {processor.py:183} INFO - Processing /home/airflow/.local/lib/python3.12/site-packages/airflow/example_dags/example_xcom.py took 0.068 seconds
[2026-02-14T16:11:36.537+0000] {processor.py:161} INFO - Started process (PID=2966) to work on /home/airflow/.local/lib/python3.12/site-packages/airflow/example_dags/example_xcom.py
[2026-02-14T16:11:36.539+0000] {processor.py:830} INFO - Processing file /home/airflow/.local/lib/python3.12/site-packages/airflow/example_dags/example_xcom.py for tasks to queue
[2026-02-14T16:11:36.544+0000] {logging_mixin.py:188} INFO - [2026-02-14T16:11:36.542+0000] {dagbag.py:545} INFO - Filling up the DagBag from /home/airflow/.local/lib/python3.12/site-packages/airflow/example_dags/example_xcom.py
[2026-02-14T16:11:36.565+0000] {processor.py:840} INFO - DAG(s) 'example_xcom' retrieved from /home/airflow/.local/lib/python3.12/site-packages/airflow/example_dags/example_xcom.py
[2026-02-14T16:11:36.623+0000] {logging_mixin.py:188} INFO - [2026-02-14T16:11:36.622+0000] {dag.py:3089} INFO - Sync 1 DAGs
[2026-02-14T16:11:36.661+0000] {logging_mixin.py:188} INFO - [2026-02-14T16:11:36.661+0000] {dag.py:3947} INFO - Setting next_dagrun for example_xcom to 2021-01-01 00:00:00+00:00, run_after=2021-01-01 00:00:00+00:00
[2026-02-14T16:11:36.734+0000] {processor.py:183} INFO - Processing /home/airflow/.local/lib/python3.12/site-packages/airflow/example_dags/example_xcom.py took 0.204 seconds
[2026-02-14T16:12:07.127+0000] {processor.py:161} INFO - Started process (PID=3025) to work on /home/airflow/.local/lib/python3.12/site-packages/airflow/example_dags/example_xcom.py
[2026-02-14T16:12:07.128+0000] {processor.py:830} INFO - Processing file /home/airflow/.local/lib/python3.12/site-packages/airflow/example_dags/example_xcom.py for tasks to queue
[2026-02-14T16:12:07.129+0000] {logging_mixin.py:188} INFO - [2026-02-14T16:12:07.128+0000] {dagbag.py:545} INFO - Filling up the DagBag from /home/airflow/.local/lib/python3.12/site-packages/airflow/example_dags/example_xcom.py
[2026-02-14T16:12:07.132+0000] {processor.py:840} INFO - DAG(s) 'example_xcom' retrieved from /home/airflow/.local/lib/python3.12/site-packages/airflow/example_dags/example_xcom.py
[2026-02-14T16:12:07.138+0000] {logging_mixin.py:188} INFO - [2026-02-14T16:12:07.138+0000] {dag.py:3089} INFO - Sync 1 DAGs
[2026-02-14T16:12:07.145+0000] {logging_mixin.py:188} INFO - [2026-02-14T16:12:07.145+0000] {dag.py:3947} INFO - Setting next_dagrun for example_xcom to 2021-01-01 00:00:00+00:00, run_after=2021-01-01 00:00:00+00:00
[2026-02-14T16:12:07.151+0000] {processor.py:183} INFO - Processing /home/airflow/.local/lib/python3.12/site-packages/airflow/example_dags/example_xcom.py took 0.026 seconds
[2026-02-14T16:12:37.716+0000] {processor.py:161} INFO - Started process (PID=3084) to work on /home/airflow/.local/lib/python3.12/site-packages/airflow/example_dags/example_xcom.py
[2026-02-14T16:12:37.716+0000] {processor.py:830} INFO - Processing file /home/airflow/.local/lib/python3.12/site-packages/airflow/example_dags/example_xcom.py for tasks to queue
[2026-02-14T16:12:37.717+0000] {logging_mixin.py:188} INFO - [2026-02-14T16:12:37.717+0000] {dagbag.py:545} INFO - Filling up the DagBag from /home/airflow/.local/lib/python3.12/site-packages/airflow/example_dags/example_xcom.py
[2026-02-14T16:12:37.720+0000] {processor.py:840} INFO - DAG(s) 'example_xcom' retrieved from /home/airflow/.local/lib/python3.12/site-packages/airflow/example_dags/example_xcom.py
[2026-02-14T16:12:37.730+0000] {logging_mixin.py:188} INFO - [2026-02-14T16:12:37.730+0000] {dag.py:3089} INFO - Sync 1 DAGs
[2026-02-14T16:12:37.741+0000] {logging_mixin.py:188} INFO - [2026-02-14T16:12:37.741+0000] {dag.py:3947} INFO - Setting next_dagrun for example_xcom to 2021-01-01 00:00:00+00:00, run_after=2021-01-01 00:00:00+00:00
[2026-02-14T16:12:37.753+0000] {processor.py:183} INFO - Processing /home/airflow/.local/lib/python3.12/site-packages/airflow/example_dags/example_xcom.py took 0.040 seconds
[2026-02-14T16:13:07.995+0000] {processor.py:161} INFO - Started process (PID=3143) to work on /home/airflow/.local/lib/python3.12/site-packages/airflow/example_dags/example_xcom.py
[2026-02-14T16:13:07.995+0000] {processor.py:830} INFO - Processing file /home/airflow/.local/lib/python3.12/site-packages/airflow/example_dags/example_xcom.py for tasks to queue
[2026-02-14T16:13:07.996+0000] {logging_mixin.py:188} INFO - [2026-02-14T16:13:07.996+0000] {dagbag.py:545} INFO - Filling up the DagBag from /home/airflow/.local/lib/python3.12/site-packages/airflow/example_dags/example_xcom.py
[2026-02-14T16:13:07.999+0000] {processor.py:840} INFO - DAG(s) 'example_xcom' retrieved from /home/airflow/.local/lib/python3.12/site-packages/airflow/example_dags/example_xcom.py
[2026-02-14T16:13:08.006+0000] {logging_mixin.py:188} INFO - [2026-02-14T16:13:08.006+0000] {dag.py:3089} INFO - Sync 1 DAGs
[2026-02-14T16:13:08.012+0000] {logging_mixin.py:188} INFO - [2026-02-14T16:13:08.012+0000] {dag.py:3947} INFO - Setting next_dagrun for example_xcom to 2021-01-01 00:00:00+00:00, run_after=2021-01-01 00:00:00+00:00
[2026-02-14T16:13:08.018+0000] {processor.py:183} INFO - Processing /home/airflow/.local/lib/python3.12/site-packages/airflow/example_dags/example_xcom.py took 0.025 seconds
[2026-02-14T16:13:38.249+0000] {processor.py:161} INFO - Started process (PID=3202) to work on /home/airflow/.local/lib/python3.12/site-packages/airflow/example_dags/example_xcom.py
[2026-02-14T16:13:38.249+0000] {processor.py:830} INFO - Processing file /home/airflow/.local/lib/python3.12/site-packages/airflow/example_dags/example_xcom.py for tasks to queue
[2026-02-14T16:13:38.250+0000] {logging_mixin.py:188} INFO - [2026-02-14T16:13:38.250+0000] {dagbag.py:545} INFO - Filling up the DagBag from /home/airflow/.local/lib/python3.12/site-packages/airflow/example_dags/example_xcom.py
[2026-02-14T16:13:38.252+0000] {processor.py:840} INFO - DAG(s) 'example_xcom' retrieved from /home/airflow/.local/lib/python3.12/site-packages/airflow/example_dags/example_xcom.py
[2026-02-14T16:13:38.259+0000] {logging_mixin.py:188} INFO - [2026-02-14T16:13:38.259+0000] {dag.py:3089} INFO - Sync 1 DAGs
[2026-02-14T16:13:38.266+0000] {logging_mixin.py:188} INFO - [2026-02-14T16:13:38.265+0000] {dag.py:3947} INFO - Setting next_dagrun for example_xcom to 2021-01-01 00:00:00+00:00, run_after=2021-01-01 00:00:00+00:00
[2026-02-14T16:13:38.272+0000] {processor.py:183} INFO - Processing /home/airflow/.local/lib/python3.12/site-packages/airflow/example_dags/example_xcom.py took 0.025 seconds
[2026-02-14T16:14:09.114+0000] {processor.py:161} INFO - Started process (PID=3261) to work on /home/airflow/.local/lib/python3.12/site-packages/airflow/example_dags/example_xcom.py
[2026-02-14T16:14:09.115+0000] {processor.py:830} INFO - Processing file /home/airflow/.local/lib/python3.12/site-packages/airflow/example_dags/example_xcom.py for tasks to queue
[2026-02-14T16:14:09.116+0000] {logging_mixin.py:188} INFO - [2026-02-14T16:14:09.116+0000] {dagbag.py:545} INFO - Filling up the DagBag from /home/airflow/.local/lib/python3.12/site-packages/airflow/example_dags/example_xcom.py
[2026-02-14T16:14:09.121+0000] {processor.py:840} INFO - DAG(s) 'example_xcom' retrieved from /home/airflow/.local/lib/python3.12/site-packages/airflow/example_dags/example_xcom.py
[2026-02-14T16:14:09.139+0000] {logging_mixin.py:188} INFO - [2026-02-14T16:14:09.139+0000] {dag.py:3089} INFO - Sync 1 DAGs
[2026-02-14T16:14:09.148+0000] {logging_mixin.py:188} INFO - [2026-02-14T16:14:09.148+0000] {dag.py:3947} INFO - Setting next_dagrun for example_xcom to 2021-01-01 00:00:00+00:00, run_after=2021-01-01 00:00:00+00:00
[2026-02-14T16:14:09.163+0000] {processor.py:183} INFO - Processing /home/airflow/.local/lib/python3.12/site-packages/airflow/example_dags/example_xcom.py took 0.051 seconds
[2026-02-14T16:14:39.310+0000] {processor.py:161} INFO - Started process (PID=3320) to work on /home/airflow/.local/lib/python3.12/site-packages/airflow/example_dags/example_xcom.py
[2026-02-14T16:14:39.310+0000] {processor.py:830} INFO - Processing file /home/airflow/.local/lib/python3.12/site-packages/airflow/example_dags/example_xcom.py for tasks to queue
[2026-02-14T16:14:39.313+0000] {logging_mixin.py:188} INFO - [2026-02-14T16:14:39.312+0000] {dagbag.py:545} INFO - Filling up the DagBag from /home/airflow/.local/lib/python3.12/site-packages/airflow/example_dags/example_xcom.py
[2026-02-14T16:14:39.322+0000] {processor.py:840} INFO - DAG(s) 'example_xcom' retrieved from /home/airflow/.local/lib/python3.12/site-packages/airflow/example_dags/example_xcom.py
[2026-02-14T16:14:39.339+0000] {logging_mixin.py:188} INFO - [2026-02-14T16:14:39.338+0000] {dag.py:3089} INFO - Sync 1 DAGs
[2026-02-14T16:14:39.352+0000] {logging_mixin.py:188} INFO - [2026-02-14T16:14:39.351+0000] {dag.py:3947} INFO - Setting next_dagrun for example_xcom to 2021-01-01 00:00:00+00:00, run_after=2021-01-01 00:00:00+00:00
[2026-02-14T16:14:39.363+0000] {processor.py:183} INFO - Processing /home/airflow/.local/lib/python3.12/site-packages/airflow/example_dags/example_xcom.py took 0.057 seconds
[2026-02-14T16:15:10.276+0000] {processor.py:161} INFO - Started process (PID=3379) to work on /home/airflow/.local/lib/python3.12/site-packages/airflow/example_dags/example_xcom.py
[2026-02-14T16:15:10.278+0000] {processor.py:830} INFO - Processing file /home/airflow/.local/lib/python3.12/site-packages/airflow/example_dags/example_xcom.py for tasks to queue
[2026-02-14T16:15:10.279+0000] {logging_mixin.py:188} INFO - [2026-02-14T16:15:10.279+0000] {dagbag.py:545} INFO - Filling up the DagBag from /home/airflow/.local/lib/python3.12/site-packages/airflow/example_dags/example_xcom.py
[2026-02-14T16:15:10.283+0000] {processor.py:840} INFO - DAG(s) 'example_xcom' retrieved from /home/airflow/.local/lib/python3.12/site-packages/airflow/example_dags/example_xcom.py
[2026-02-14T16:15:10.297+0000] {logging_mixin.py:188} INFO - [2026-02-14T16:15:10.297+0000] {dag.py:3089} INFO - Sync 1 DAGs
[2026-02-14T16:15:10.308+0000] {logging_mixin.py:188} INFO - [2026-02-14T16:15:10.308+0000] {dag.py:3947} INFO - Setting next_dagrun for example_xcom to 2021-01-01 00:00:00+00:00, run_after=2021-01-01 00:00:00+00:00
[2026-02-14T16:15:10.324+0000] {processor.py:183} INFO - Processing /home/airflow/.local/lib/python3.12/site-packages/airflow/example_dags/example_xcom.py took 0.052 seconds
[2026-02-14T16:15:41.002+0000] {processor.py:161} INFO - Started process (PID=3438) to work on /home/airflow/.local/lib/python3.12/site-packages/airflow/example_dags/example_xcom.py
[2026-02-14T16:15:41.003+0000] {processor.py:830} INFO - Processing file /home/airflow/.local/lib/python3.12/site-packages/airflow/example_dags/example_xcom.py for tasks to queue
[2026-02-14T16:15:41.003+0000] {logging_mixin.py:188} INFO - [2026-02-14T16:15:41.003+0000] {dagbag.py:545} INFO - Filling up the DagBag from /home/airflow/.local/lib/python3.12/site-packages/airflow/example_dags/example_xcom.py
[2026-02-14T16:15:41.011+0000] {processor.py:840} INFO - DAG(s) 'example_xcom' retrieved from /home/airflow/.local/lib/python3.12/site-packages/airflow/example_dags/example_xcom.py
[2026-02-14T16:15:41.023+0000] {logging_mixin.py:188} INFO - [2026-02-14T16:15:41.023+0000] {dag.py:3089} INFO - Sync 1 DAGs
[2026-02-14T16:15:41.034+0000] {logging_mixin.py:188} INFO - [2026-02-14T16:15:41.034+0000] {dag.py:3947} INFO - Setting next_dagrun for example_xcom to 2021-01-01 00:00:00+00:00, run_after=2021-01-01 00:00:00+00:00
[2026-02-14T16:15:41.044+0000] {processor.py:183} INFO - Processing /home/airflow/.local/lib/python3.12/site-packages/airflow/example_dags/example_xcom.py took 0.044 seconds
[2026-02-14T16:16:11.061+0000] {processor.py:161} INFO - Started process (PID=3497) to work on /home/airflow/.local/lib/python3.12/site-packages/airflow/example_dags/example_xcom.py
[2026-02-14T16:16:11.061+0000] {processor.py:830} INFO - Processing file /home/airflow/.local/lib/python3.12/site-packages/airflow/example_dags/example_xcom.py for tasks to queue
[2026-02-14T16:16:11.063+0000] {logging_mixin.py:188} INFO - [2026-02-14T16:16:11.063+0000] {dagbag.py:545} INFO - Filling up the DagBag from /home/airflow/.local/lib/python3.12/site-packages/airflow/example_dags/example_xcom.py
[2026-02-14T16:16:11.066+0000] {processor.py:840} INFO - DAG(s) 'example_xcom' retrieved from /home/airflow/.local/lib/python3.12/site-packages/airflow/example_dags/example_xcom.py
[2026-02-14T16:16:11.076+0000] {logging_mixin.py:188} INFO - [2026-02-14T16:16:11.076+0000] {dag.py:3089} INFO - Sync 1 DAGs
[2026-02-14T16:16:11.084+0000] {logging_mixin.py:188} INFO - [2026-02-14T16:16:11.084+0000] {dag.py:3947} INFO - Setting next_dagrun for example_xcom to 2021-01-01 00:00:00+00:00, run_after=2021-01-01 00:00:00+00:00
[2026-02-14T16:16:11.093+0000] {processor.py:183} INFO - Processing /home/airflow/.local/lib/python3.12/site-packages/airflow/example_dags/example_xcom.py took 0.035 seconds
[2026-02-14T16:16:41.589+0000] {processor.py:161} INFO - Started process (PID=3556) to work on /home/airflow/.local/lib/python3.12/site-packages/airflow/example_dags/example_xcom.py
[2026-02-14T16:16:41.590+0000] {processor.py:830} INFO - Processing file /home/airflow/.local/lib/python3.12/site-packages/airflow/example_dags/example_xcom.py for tasks to queue
[2026-02-14T16:16:41.591+0000] {logging_mixin.py:188} INFO - [2026-02-14T16:16:41.590+0000] {dagbag.py:545} INFO - Filling up the DagBag from /home/airflow/.local/lib/python3.12/site-packages/airflow/example_dags/example_xcom.py
[2026-02-14T16:16:41.595+0000] {processor.py:840} INFO - DAG(s) 'example_xcom' retrieved from /home/airflow/.local/lib/python3.12/site-packages/airflow/example_dags/example_xcom.py
[2026-02-14T16:16:41.606+0000] {logging_mixin.py:188} INFO - [2026-02-14T16:16:41.606+0000] {dag.py:3089} INFO - Sync 1 DAGs
[2026-02-14T16:16:41.616+0000] {logging_mixin.py:188} INFO - [2026-02-14T16:16:41.616+0000] {dag.py:3947} INFO - Setting next_dagrun for example_xcom to 2021-01-01 00:00:00+00:00, run_after=2021-01-01 00:00:00+00:00
[2026-02-14T16:16:41.624+0000] {processor.py:183} INFO - Processing /home/airflow/.local/lib/python3.12/site-packages/airflow/example_dags/example_xcom.py took 0.038 seconds
[2026-02-14T16:17:12.110+0000] {processor.py:161} INFO - Started process (PID=3615) to work on /home/airflow/.local/lib/python3.12/site-packages/airflow/example_dags/example_xcom.py
[2026-02-14T16:17:12.110+0000] {processor.py:830} INFO - Processing file /home/airflow/.local/lib/python3.12/site-packages/airflow/example_dags/example_xcom.py for tasks to queue
[2026-02-14T16:17:12.111+0000] {logging_mixin.py:188} INFO - [2026-02-14T16:17:12.111+0000] {dagbag.py:545} INFO - Filling up the DagBag from /home/airflow/.local/lib/python3.12/site-packages/airflow/example_dags/example_xcom.py
[2026-02-14T16:17:12.116+0000] {processor.py:840} INFO - DAG(s) 'example_xcom' retrieved from /home/airflow/.local/lib/python3.12/site-packages/airflow/example_dags/example_xcom.py
[2026-02-14T16:17:12.127+0000] {logging_mixin.py:188} INFO - [2026-02-14T16:17:12.127+0000] {dag.py:3089} INFO - Sync 1 DAGs
[2026-02-14T16:17:12.136+0000] {logging_mixin.py:188} INFO - [2026-02-14T16:17:12.135+0000] {dag.py:3947} INFO - Setting next_dagrun for example_xcom to 2021-01-01 00:00:00+00:00, run_after=2021-01-01 00:00:00+00:00
[2026-02-14T16:17:12.142+0000] {processor.py:183} INFO - Processing /home/airflow/.local/lib/python3.12/site-packages/airflow/example_dags/example_xcom.py took 0.036 seconds
[2026-02-14T16:17:42.867+0000] {processor.py:161} INFO - Started process (PID=3680) to work on /home/airflow/.local/lib/python3.12/site-packages/airflow/example_dags/example_xcom.py
[2026-02-14T16:17:42.867+0000] {processor.py:830} INFO - Processing file /home/airflow/.local/lib/python3.12/site-packages/airflow/example_dags/example_xcom.py for tasks to queue
[2026-02-14T16:17:42.868+0000] {logging_mixin.py:188} INFO - [2026-02-14T16:17:42.868+0000] {dagbag.py:545} INFO - Filling up the DagBag from /home/airflow/.local/lib/python3.12/site-packages/airflow/example_dags/example_xcom.py
[2026-02-14T16:17:42.871+0000] {processor.py:840} INFO - DAG(s) 'example_xcom' retrieved from /home/airflow/.local/lib/python3.12/site-packages/airflow/example_dags/example_xcom.py
[2026-02-14T16:17:42.882+0000] {logging_mixin.py:188} INFO - [2026-02-14T16:17:42.882+0000] {dag.py:3089} INFO - Sync 1 DAGs
[2026-02-14T16:17:42.889+0000] {logging_mixin.py:188} INFO - [2026-02-14T16:17:42.889+0000] {dag.py:3947} INFO - Setting next_dagrun for example_xcom to 2021-01-01 00:00:00+00:00, run_after=2021-01-01 00:00:00+00:00
[2026-02-14T16:17:42.897+0000] {processor.py:183} INFO - Processing /home/airflow/.local/lib/python3.12/site-packages/airflow/example_dags/example_xcom.py took 0.033 seconds
[2026-02-14T16:18:13.375+0000] {processor.py:161} INFO - Started process (PID=3739) to work on /home/airflow/.local/lib/python3.12/site-packages/airflow/example_dags/example_xcom.py
[2026-02-14T16:18:13.375+0000] {processor.py:830} INFO - Processing file /home/airflow/.local/lib/python3.12/site-packages/airflow/example_dags/example_xcom.py for tasks to queue
[2026-02-14T16:18:13.376+0000] {logging_mixin.py:188} INFO - [2026-02-14T16:18:13.376+0000] {dagbag.py:545} INFO - Filling up the DagBag from /home/airflow/.local/lib/python3.12/site-packages/airflow/example_dags/example_xcom.py
[2026-02-14T16:18:13.381+0000] {processor.py:840} INFO - DAG(s) 'example_xcom' retrieved from /home/airflow/.local/lib/python3.12/site-packages/airflow/example_dags/example_xcom.py
[2026-02-14T16:18:13.391+0000] {logging_mixin.py:188} INFO - [2026-02-14T16:18:13.391+0000] {dag.py:3089} INFO - Sync 1 DAGs
[2026-02-14T16:18:13.400+0000] {logging_mixin.py:188} INFO - [2026-02-14T16:18:13.399+0000] {dag.py:3947} INFO - Setting next_dagrun for example_xcom to 2021-01-01 00:00:00+00:00, run_after=2021-01-01 00:00:00+00:00
[2026-02-14T16:18:13.407+0000] {processor.py:183} INFO - Processing /home/airflow/.local/lib/python3.12/site-packages/airflow/example_dags/example_xcom.py took 0.034 seconds
[2026-02-14T16:18:44.129+0000] {processor.py:161} INFO - Started process (PID=3798) to work on /home/airflow/.local/lib/python3.12/site-packages/airflow/example_dags/example_xcom.py
[2026-02-14T16:18:44.131+0000] {processor.py:830} INFO - Processing file /home/airflow/.local/lib/python3.12/site-packages/airflow/example_dags/example_xcom.py for tasks to queue
[2026-02-14T16:18:44.131+0000] {logging_mixin.py:188} INFO - [2026-02-14T16:18:44.131+0000] {dagbag.py:545} INFO - Filling up the DagBag from /home/airflow/.local/lib/python3.12/site-packages/airflow/example_dags/example_xcom.py
[2026-02-14T16:18:44.136+0000] {processor.py:840} INFO - DAG(s) 'example_xcom' retrieved from /home/airflow/.local/lib/python3.12/site-packages/airflow/example_dags/example_xcom.py
[2026-02-14T16:18:44.150+0000] {logging_mixin.py:188} INFO - [2026-02-14T16:18:44.150+0000] {dag.py:3089} INFO - Sync 1 DAGs
[2026-02-14T16:18:44.160+0000] {logging_mixin.py:188} INFO - [2026-02-14T16:18:44.160+0000] {dag.py:3947} INFO - Setting next_dagrun for example_xcom to 2021-01-01 00:00:00+00:00, run_after=2021-01-01 00:00:00+00:00
[2026-02-14T16:18:44.174+0000] {processor.py:183} INFO - Processing /home/airflow/.local/lib/python3.12/site-packages/airflow/example_dags/example_xcom.py took 0.050 seconds
[2026-02-14T16:19:14.265+0000] {processor.py:161} INFO - Started process (PID=3857) to work on /home/airflow/.local/lib/python3.12/site-packages/airflow/example_dags/example_xcom.py
[2026-02-14T16:19:14.265+0000] {processor.py:830} INFO - Processing file /home/airflow/.local/lib/python3.12/site-packages/airflow/example_dags/example_xcom.py for tasks to queue
[2026-02-14T16:19:14.266+0000] {logging_mixin.py:188} INFO - [2026-02-14T16:19:14.266+0000] {dagbag.py:545} INFO - Filling up the DagBag from /home/airflow/.local/lib/python3.12/site-packages/airflow/example_dags/example_xcom.py
[2026-02-14T16:19:14.269+0000] {processor.py:840} INFO - DAG(s) 'example_xcom' retrieved from /home/airflow/.local/lib/python3.12/site-packages/airflow/example_dags/example_xcom.py
[2026-02-14T16:19:14.278+0000] {logging_mixin.py:188} INFO - [2026-02-14T16:19:14.278+0000] {dag.py:3089} INFO - Sync 1 DAGs
[2026-02-14T16:19:14.286+0000] {logging_mixin.py:188} INFO - [2026-02-14T16:19:14.286+0000] {dag.py:3947} INFO - Setting next_dagrun for example_xcom to 2021-01-01 00:00:00+00:00, run_after=2021-01-01 00:00:00+00:00
[2026-02-14T16:19:14.293+0000] {processor.py:183} INFO - Processing /home/airflow/.local/lib/python3.12/site-packages/airflow/example_dags/example_xcom.py took 0.031 seconds
[2026-02-14T16:19:45.218+0000] {processor.py:161} INFO - Started process (PID=3916) to work on /home/airflow/.local/lib/python3.12/site-packages/airflow/example_dags/example_xcom.py
[2026-02-14T16:19:45.218+0000] {processor.py:830} INFO - Processing file /home/airflow/.local/lib/python3.12/site-packages/airflow/example_dags/example_xcom.py for tasks to queue
[2026-02-14T16:19:45.219+0000] {logging_mixin.py:188} INFO - [2026-02-14T16:19:45.219+0000] {dagbag.py:545} INFO - Filling up the DagBag from /home/airflow/.local/lib/python3.12/site-packages/airflow/example_dags/example_xcom.py
[2026-02-14T16:19:45.222+0000] {processor.py:840} INFO - DAG(s) 'example_xcom' retrieved from /home/airflow/.local/lib/python3.12/site-packages/airflow/example_dags/example_xcom.py
[2026-02-14T16:19:45.234+0000] {logging_mixin.py:188} INFO - [2026-02-14T16:19:45.234+0000] {dag.py:3089} INFO - Sync 1 DAGs
[2026-02-14T16:19:45.244+0000] {logging_mixin.py:188} INFO - [2026-02-14T16:19:45.244+0000] {dag.py:3947} INFO - Setting next_dagrun for example_xcom to 2021-01-01 00:00:00+00:00, run_after=2021-01-01 00:00:00+00:00
[2026-02-14T16:19:45.251+0000] {processor.py:183} INFO - Processing /home/airflow/.local/lib/python3.12/site-packages/airflow/example_dags/example_xcom.py took 0.036 seconds
[2026-02-14T16:20:15.745+0000] {processor.py:161} INFO - Started process (PID=3975) to work on /home/airflow/.local/lib/python3.12/site-packages/airflow/example_dags/example_xcom.py
[2026-02-14T16:20:15.747+0000] {processor.py:830} INFO - Processing file /home/airflow/.local/lib/python3.12/site-packages/airflow/example_dags/example_xcom.py for tasks to queue
[2026-02-14T16:20:15.750+0000] {logging_mixin.py:188} INFO - [2026-02-14T16:20:15.750+0000] {dagbag.py:545} INFO - Filling up the DagBag from /home/airflow/.local/lib/python3.12/site-packages/airflow/example_dags/example_xcom.py
[2026-02-14T16:20:15.764+0000] {processor.py:840} INFO - DAG(s) 'example_xcom' retrieved from /home/airflow/.local/lib/python3.12/site-packages/airflow/example_dags/example_xcom.py
[2026-02-14T16:20:15.798+0000] {logging_mixin.py:188} INFO - [2026-02-14T16:20:15.797+0000] {dag.py:3089} INFO - Sync 1 DAGs
[2026-02-14T16:20:15.820+0000] {logging_mixin.py:188} INFO - [2026-02-14T16:20:15.819+0000] {dag.py:3947} INFO - Setting next_dagrun for example_xcom to 2021-01-01 00:00:00+00:00, run_after=2021-01-01 00:00:00+00:00
[2026-02-14T16:20:15.920+0000] {processor.py:183} INFO - Processing /home/airflow/.local/lib/python3.12/site-packages/airflow/example_dags/example_xcom.py took 0.179 seconds
[2026-02-14T16:20:45.975+0000] {processor.py:161} INFO - Started process (PID=4034) to work on /home/airflow/.local/lib/python3.12/site-packages/airflow/example_dags/example_xcom.py
[2026-02-14T16:20:45.976+0000] {processor.py:830} INFO - Processing file /home/airflow/.local/lib/python3.12/site-packages/airflow/example_dags/example_xcom.py for tasks to queue
[2026-02-14T16:20:45.977+0000] {logging_mixin.py:188} INFO - [2026-02-14T16:20:45.976+0000] {dagbag.py:545} INFO - Filling up the DagBag from /home/airflow/.local/lib/python3.12/site-packages/airflow/example_dags/example_xcom.py
[2026-02-14T16:20:45.981+0000] {processor.py:840} INFO - DAG(s) 'example_xcom' retrieved from /home/airflow/.local/lib/python3.12/site-packages/airflow/example_dags/example_xcom.py
[2026-02-14T16:20:45.991+0000] {logging_mixin.py:188} INFO - [2026-02-14T16:20:45.991+0000] {dag.py:3089} INFO - Sync 1 DAGs
[2026-02-14T16:20:46.001+0000] {logging_mixin.py:188} INFO - [2026-02-14T16:20:46.000+0000] {dag.py:3947} INFO - Setting next_dagrun for example_xcom to 2021-01-01 00:00:00+00:00, run_after=2021-01-01 00:00:00+00:00
[2026-02-14T16:20:46.009+0000] {processor.py:183} INFO - Processing /home/airflow/.local/lib/python3.12/site-packages/airflow/example_dags/example_xcom.py took 0.037 seconds
[2026-02-14T16:21:16.503+0000] {processor.py:161} INFO - Started process (PID=4093) to work on /home/airflow/.local/lib/python3.12/site-packages/airflow/example_dags/example_xcom.py
[2026-02-14T16:21:16.503+0000] {processor.py:830} INFO - Processing file /home/airflow/.local/lib/python3.12/site-packages/airflow/example_dags/example_xcom.py for tasks to queue
[2026-02-14T16:21:16.504+0000] {logging_mixin.py:188} INFO - [2026-02-14T16:21:16.504+0000] {dagbag.py:545} INFO - Filling up the DagBag from /home/airflow/.local/lib/python3.12/site-packages/airflow/example_dags/example_xcom.py
[2026-02-14T16:21:16.507+0000] {processor.py:840} INFO - DAG(s) 'example_xcom' retrieved from /home/airflow/.local/lib/python3.12/site-packages/airflow/example_dags/example_xcom.py
[2026-02-14T16:21:16.515+0000] {logging_mixin.py:188} INFO - [2026-02-14T16:21:16.515+0000] {dag.py:3089} INFO - Sync 1 DAGs
[2026-02-14T16:21:16.526+0000] {logging_mixin.py:188} INFO - [2026-02-14T16:21:16.526+0000] {dag.py:3947} INFO - Setting next_dagrun for example_xcom to 2021-01-01 00:00:00+00:00, run_after=2021-01-01 00:00:00+00:00
[2026-02-14T16:21:16.535+0000] {processor.py:183} INFO - Processing /home/airflow/.local/lib/python3.12/site-packages/airflow/example_dags/example_xcom.py took 0.035 seconds
