[2026-02-14T15:46:37.512+0000] {processor.py:161} INFO - Started process (PID=51) to work on /home/airflow/.local/lib/python3.12/site-packages/airflow/example_dags/example_skip_dag.py
[2026-02-14T15:46:37.533+0000] {processor.py:830} INFO - Processing file /home/airflow/.local/lib/python3.12/site-packages/airflow/example_dags/example_skip_dag.py for tasks to queue
[2026-02-14T15:46:37.536+0000] {logging_mixin.py:188} INFO - [2026-02-14T15:46:37.535+0000] {dagbag.py:545} INFO - Filling up the DagBag from /home/airflow/.local/lib/python3.12/site-packages/airflow/example_dags/example_skip_dag.py
[2026-02-14T15:46:37.549+0000] {processor.py:840} INFO - DAG(s) 'example_skip_dag' retrieved from /home/airflow/.local/lib/python3.12/site-packages/airflow/example_dags/example_skip_dag.py
[2026-02-14T15:46:37.559+0000] {logging_mixin.py:188} INFO - [2026-02-14T15:46:37.559+0000] {dag.py:3089} INFO - Sync 1 DAGs
[2026-02-14T15:46:37.574+0000] {logging_mixin.py:188} INFO - [2026-02-14T15:46:37.574+0000] {dag.py:3947} INFO - Setting next_dagrun for example_skip_dag to 2026-02-13 00:00:00+00:00, run_after=2026-02-14 00:00:00+00:00
[2026-02-14T15:46:37.592+0000] {processor.py:183} INFO - Processing /home/airflow/.local/lib/python3.12/site-packages/airflow/example_dags/example_skip_dag.py took 0.091 seconds
[2026-02-14T15:47:08.491+0000] {processor.py:161} INFO - Started process (PID=110) to work on /home/airflow/.local/lib/python3.12/site-packages/airflow/example_dags/example_skip_dag.py
[2026-02-14T15:47:08.492+0000] {processor.py:830} INFO - Processing file /home/airflow/.local/lib/python3.12/site-packages/airflow/example_dags/example_skip_dag.py for tasks to queue
[2026-02-14T15:47:08.492+0000] {logging_mixin.py:188} INFO - [2026-02-14T15:47:08.492+0000] {dagbag.py:545} INFO - Filling up the DagBag from /home/airflow/.local/lib/python3.12/site-packages/airflow/example_dags/example_skip_dag.py
[2026-02-14T15:47:08.495+0000] {processor.py:840} INFO - DAG(s) 'example_skip_dag' retrieved from /home/airflow/.local/lib/python3.12/site-packages/airflow/example_dags/example_skip_dag.py
[2026-02-14T15:47:08.536+0000] {logging_mixin.py:188} INFO - [2026-02-14T15:47:08.535+0000] {dag.py:3089} INFO - Sync 1 DAGs
[2026-02-14T15:47:08.544+0000] {logging_mixin.py:188} INFO - [2026-02-14T15:47:08.544+0000] {dag.py:3947} INFO - Setting next_dagrun for example_skip_dag to 2026-02-13 00:00:00+00:00, run_after=2026-02-14 00:00:00+00:00
[2026-02-14T15:47:08.552+0000] {processor.py:183} INFO - Processing /home/airflow/.local/lib/python3.12/site-packages/airflow/example_dags/example_skip_dag.py took 0.064 seconds
[2026-02-14T15:47:38.572+0000] {processor.py:161} INFO - Started process (PID=169) to work on /home/airflow/.local/lib/python3.12/site-packages/airflow/example_dags/example_skip_dag.py
[2026-02-14T15:47:38.573+0000] {processor.py:830} INFO - Processing file /home/airflow/.local/lib/python3.12/site-packages/airflow/example_dags/example_skip_dag.py for tasks to queue
[2026-02-14T15:47:38.574+0000] {logging_mixin.py:188} INFO - [2026-02-14T15:47:38.574+0000] {dagbag.py:545} INFO - Filling up the DagBag from /home/airflow/.local/lib/python3.12/site-packages/airflow/example_dags/example_skip_dag.py
[2026-02-14T15:47:38.577+0000] {processor.py:840} INFO - DAG(s) 'example_skip_dag' retrieved from /home/airflow/.local/lib/python3.12/site-packages/airflow/example_dags/example_skip_dag.py
[2026-02-14T15:47:38.590+0000] {logging_mixin.py:188} INFO - [2026-02-14T15:47:38.590+0000] {dag.py:3089} INFO - Sync 1 DAGs
[2026-02-14T15:47:38.601+0000] {logging_mixin.py:188} INFO - [2026-02-14T15:47:38.601+0000] {dag.py:3947} INFO - Setting next_dagrun for example_skip_dag to 2026-02-13 00:00:00+00:00, run_after=2026-02-14 00:00:00+00:00
[2026-02-14T15:47:38.609+0000] {processor.py:183} INFO - Processing /home/airflow/.local/lib/python3.12/site-packages/airflow/example_dags/example_skip_dag.py took 0.040 seconds
[2026-02-14T15:48:09.201+0000] {processor.py:161} INFO - Started process (PID=234) to work on /home/airflow/.local/lib/python3.12/site-packages/airflow/example_dags/example_skip_dag.py
[2026-02-14T15:48:09.201+0000] {processor.py:830} INFO - Processing file /home/airflow/.local/lib/python3.12/site-packages/airflow/example_dags/example_skip_dag.py for tasks to queue
[2026-02-14T15:48:09.202+0000] {logging_mixin.py:188} INFO - [2026-02-14T15:48:09.202+0000] {dagbag.py:545} INFO - Filling up the DagBag from /home/airflow/.local/lib/python3.12/site-packages/airflow/example_dags/example_skip_dag.py
[2026-02-14T15:48:09.205+0000] {processor.py:840} INFO - DAG(s) 'example_skip_dag' retrieved from /home/airflow/.local/lib/python3.12/site-packages/airflow/example_dags/example_skip_dag.py
[2026-02-14T15:48:09.215+0000] {logging_mixin.py:188} INFO - [2026-02-14T15:48:09.215+0000] {dag.py:3089} INFO - Sync 1 DAGs
[2026-02-14T15:48:09.224+0000] {logging_mixin.py:188} INFO - [2026-02-14T15:48:09.224+0000] {dag.py:3947} INFO - Setting next_dagrun for example_skip_dag to 2026-02-13 00:00:00+00:00, run_after=2026-02-14 00:00:00+00:00
[2026-02-14T15:48:09.235+0000] {processor.py:183} INFO - Processing /home/airflow/.local/lib/python3.12/site-packages/airflow/example_dags/example_skip_dag.py took 0.036 seconds
[2026-02-14T15:48:39.795+0000] {processor.py:161} INFO - Started process (PID=293) to work on /home/airflow/.local/lib/python3.12/site-packages/airflow/example_dags/example_skip_dag.py
[2026-02-14T15:48:39.795+0000] {processor.py:830} INFO - Processing file /home/airflow/.local/lib/python3.12/site-packages/airflow/example_dags/example_skip_dag.py for tasks to queue
[2026-02-14T15:48:39.796+0000] {logging_mixin.py:188} INFO - [2026-02-14T15:48:39.796+0000] {dagbag.py:545} INFO - Filling up the DagBag from /home/airflow/.local/lib/python3.12/site-packages/airflow/example_dags/example_skip_dag.py
[2026-02-14T15:48:39.800+0000] {processor.py:840} INFO - DAG(s) 'example_skip_dag' retrieved from /home/airflow/.local/lib/python3.12/site-packages/airflow/example_dags/example_skip_dag.py
[2026-02-14T15:48:39.815+0000] {logging_mixin.py:188} INFO - [2026-02-14T15:48:39.815+0000] {dag.py:3089} INFO - Sync 1 DAGs
[2026-02-14T15:48:39.828+0000] {logging_mixin.py:188} INFO - [2026-02-14T15:48:39.828+0000] {dag.py:3947} INFO - Setting next_dagrun for example_skip_dag to 2026-02-13 00:00:00+00:00, run_after=2026-02-14 00:00:00+00:00
[2026-02-14T15:48:39.835+0000] {processor.py:183} INFO - Processing /home/airflow/.local/lib/python3.12/site-packages/airflow/example_dags/example_skip_dag.py took 0.044 seconds
[2026-02-14T15:49:10.448+0000] {processor.py:161} INFO - Started process (PID=352) to work on /home/airflow/.local/lib/python3.12/site-packages/airflow/example_dags/example_skip_dag.py
[2026-02-14T15:49:10.448+0000] {processor.py:830} INFO - Processing file /home/airflow/.local/lib/python3.12/site-packages/airflow/example_dags/example_skip_dag.py for tasks to queue
[2026-02-14T15:49:10.449+0000] {logging_mixin.py:188} INFO - [2026-02-14T15:49:10.449+0000] {dagbag.py:545} INFO - Filling up the DagBag from /home/airflow/.local/lib/python3.12/site-packages/airflow/example_dags/example_skip_dag.py
[2026-02-14T15:49:10.451+0000] {processor.py:840} INFO - DAG(s) 'example_skip_dag' retrieved from /home/airflow/.local/lib/python3.12/site-packages/airflow/example_dags/example_skip_dag.py
[2026-02-14T15:49:10.459+0000] {logging_mixin.py:188} INFO - [2026-02-14T15:49:10.459+0000] {dag.py:3089} INFO - Sync 1 DAGs
[2026-02-14T15:49:10.466+0000] {logging_mixin.py:188} INFO - [2026-02-14T15:49:10.466+0000] {dag.py:3947} INFO - Setting next_dagrun for example_skip_dag to 2026-02-13 00:00:00+00:00, run_after=2026-02-14 00:00:00+00:00
[2026-02-14T15:49:10.472+0000] {processor.py:183} INFO - Processing /home/airflow/.local/lib/python3.12/site-packages/airflow/example_dags/example_skip_dag.py took 0.026 seconds
[2026-02-14T15:49:40.826+0000] {processor.py:161} INFO - Started process (PID=411) to work on /home/airflow/.local/lib/python3.12/site-packages/airflow/example_dags/example_skip_dag.py
[2026-02-14T15:49:40.827+0000] {processor.py:830} INFO - Processing file /home/airflow/.local/lib/python3.12/site-packages/airflow/example_dags/example_skip_dag.py for tasks to queue
[2026-02-14T15:49:40.828+0000] {logging_mixin.py:188} INFO - [2026-02-14T15:49:40.828+0000] {dagbag.py:545} INFO - Filling up the DagBag from /home/airflow/.local/lib/python3.12/site-packages/airflow/example_dags/example_skip_dag.py
[2026-02-14T15:49:40.833+0000] {processor.py:840} INFO - DAG(s) 'example_skip_dag' retrieved from /home/airflow/.local/lib/python3.12/site-packages/airflow/example_dags/example_skip_dag.py
[2026-02-14T15:49:40.844+0000] {logging_mixin.py:188} INFO - [2026-02-14T15:49:40.844+0000] {dag.py:3089} INFO - Sync 1 DAGs
[2026-02-14T15:49:40.852+0000] {logging_mixin.py:188} INFO - [2026-02-14T15:49:40.851+0000] {dag.py:3947} INFO - Setting next_dagrun for example_skip_dag to 2026-02-13 00:00:00+00:00, run_after=2026-02-14 00:00:00+00:00
[2026-02-14T15:49:40.858+0000] {processor.py:183} INFO - Processing /home/airflow/.local/lib/python3.12/site-packages/airflow/example_dags/example_skip_dag.py took 0.035 seconds
[2026-02-14T15:50:11.239+0000] {processor.py:161} INFO - Started process (PID=470) to work on /home/airflow/.local/lib/python3.12/site-packages/airflow/example_dags/example_skip_dag.py
[2026-02-14T15:50:11.240+0000] {processor.py:830} INFO - Processing file /home/airflow/.local/lib/python3.12/site-packages/airflow/example_dags/example_skip_dag.py for tasks to queue
[2026-02-14T15:50:11.241+0000] {logging_mixin.py:188} INFO - [2026-02-14T15:50:11.241+0000] {dagbag.py:545} INFO - Filling up the DagBag from /home/airflow/.local/lib/python3.12/site-packages/airflow/example_dags/example_skip_dag.py
[2026-02-14T15:50:11.243+0000] {processor.py:840} INFO - DAG(s) 'example_skip_dag' retrieved from /home/airflow/.local/lib/python3.12/site-packages/airflow/example_dags/example_skip_dag.py
[2026-02-14T15:50:11.255+0000] {logging_mixin.py:188} INFO - [2026-02-14T15:50:11.255+0000] {dag.py:3089} INFO - Sync 1 DAGs
[2026-02-14T15:50:11.262+0000] {logging_mixin.py:188} INFO - [2026-02-14T15:50:11.262+0000] {dag.py:3947} INFO - Setting next_dagrun for example_skip_dag to 2026-02-13 00:00:00+00:00, run_after=2026-02-14 00:00:00+00:00
[2026-02-14T15:50:11.270+0000] {processor.py:183} INFO - Processing /home/airflow/.local/lib/python3.12/site-packages/airflow/example_dags/example_skip_dag.py took 0.033 seconds
[2026-02-14T15:50:41.670+0000] {processor.py:161} INFO - Started process (PID=529) to work on /home/airflow/.local/lib/python3.12/site-packages/airflow/example_dags/example_skip_dag.py
[2026-02-14T15:50:41.671+0000] {processor.py:830} INFO - Processing file /home/airflow/.local/lib/python3.12/site-packages/airflow/example_dags/example_skip_dag.py for tasks to queue
[2026-02-14T15:50:41.672+0000] {logging_mixin.py:188} INFO - [2026-02-14T15:50:41.672+0000] {dagbag.py:545} INFO - Filling up the DagBag from /home/airflow/.local/lib/python3.12/site-packages/airflow/example_dags/example_skip_dag.py
[2026-02-14T15:50:41.676+0000] {processor.py:840} INFO - DAG(s) 'example_skip_dag' retrieved from /home/airflow/.local/lib/python3.12/site-packages/airflow/example_dags/example_skip_dag.py
[2026-02-14T15:50:41.684+0000] {logging_mixin.py:188} INFO - [2026-02-14T15:50:41.684+0000] {dag.py:3089} INFO - Sync 1 DAGs
[2026-02-14T15:50:41.693+0000] {logging_mixin.py:188} INFO - [2026-02-14T15:50:41.693+0000] {dag.py:3947} INFO - Setting next_dagrun for example_skip_dag to 2026-02-13 00:00:00+00:00, run_after=2026-02-14 00:00:00+00:00
[2026-02-14T15:50:41.702+0000] {processor.py:183} INFO - Processing /home/airflow/.local/lib/python3.12/site-packages/airflow/example_dags/example_skip_dag.py took 0.035 seconds
[2026-02-14T15:51:12.386+0000] {processor.py:161} INFO - Started process (PID=588) to work on /home/airflow/.local/lib/python3.12/site-packages/airflow/example_dags/example_skip_dag.py
[2026-02-14T15:51:12.387+0000] {processor.py:830} INFO - Processing file /home/airflow/.local/lib/python3.12/site-packages/airflow/example_dags/example_skip_dag.py for tasks to queue
[2026-02-14T15:51:12.388+0000] {logging_mixin.py:188} INFO - [2026-02-14T15:51:12.388+0000] {dagbag.py:545} INFO - Filling up the DagBag from /home/airflow/.local/lib/python3.12/site-packages/airflow/example_dags/example_skip_dag.py
[2026-02-14T15:51:12.391+0000] {processor.py:840} INFO - DAG(s) 'example_skip_dag' retrieved from /home/airflow/.local/lib/python3.12/site-packages/airflow/example_dags/example_skip_dag.py
[2026-02-14T15:51:12.400+0000] {logging_mixin.py:188} INFO - [2026-02-14T15:51:12.400+0000] {dag.py:3089} INFO - Sync 1 DAGs
[2026-02-14T15:51:12.408+0000] {logging_mixin.py:188} INFO - [2026-02-14T15:51:12.408+0000] {dag.py:3947} INFO - Setting next_dagrun for example_skip_dag to 2026-02-13 00:00:00+00:00, run_after=2026-02-14 00:00:00+00:00
[2026-02-14T15:51:12.415+0000] {processor.py:183} INFO - Processing /home/airflow/.local/lib/python3.12/site-packages/airflow/example_dags/example_skip_dag.py took 0.033 seconds
[2026-02-14T15:51:42.905+0000] {processor.py:161} INFO - Started process (PID=647) to work on /home/airflow/.local/lib/python3.12/site-packages/airflow/example_dags/example_skip_dag.py
[2026-02-14T15:51:42.906+0000] {processor.py:830} INFO - Processing file /home/airflow/.local/lib/python3.12/site-packages/airflow/example_dags/example_skip_dag.py for tasks to queue
[2026-02-14T15:51:42.906+0000] {logging_mixin.py:188} INFO - [2026-02-14T15:51:42.906+0000] {dagbag.py:545} INFO - Filling up the DagBag from /home/airflow/.local/lib/python3.12/site-packages/airflow/example_dags/example_skip_dag.py
[2026-02-14T15:51:42.909+0000] {processor.py:840} INFO - DAG(s) 'example_skip_dag' retrieved from /home/airflow/.local/lib/python3.12/site-packages/airflow/example_dags/example_skip_dag.py
[2026-02-14T15:51:42.920+0000] {logging_mixin.py:188} INFO - [2026-02-14T15:51:42.920+0000] {dag.py:3089} INFO - Sync 1 DAGs
[2026-02-14T15:51:42.929+0000] {logging_mixin.py:188} INFO - [2026-02-14T15:51:42.929+0000] {dag.py:3947} INFO - Setting next_dagrun for example_skip_dag to 2026-02-13 00:00:00+00:00, run_after=2026-02-14 00:00:00+00:00
[2026-02-14T15:51:42.937+0000] {processor.py:183} INFO - Processing /home/airflow/.local/lib/python3.12/site-packages/airflow/example_dags/example_skip_dag.py took 0.034 seconds
[2026-02-14T15:52:13.361+0000] {processor.py:161} INFO - Started process (PID=706) to work on /home/airflow/.local/lib/python3.12/site-packages/airflow/example_dags/example_skip_dag.py
[2026-02-14T15:52:13.362+0000] {processor.py:830} INFO - Processing file /home/airflow/.local/lib/python3.12/site-packages/airflow/example_dags/example_skip_dag.py for tasks to queue
[2026-02-14T15:52:13.363+0000] {logging_mixin.py:188} INFO - [2026-02-14T15:52:13.362+0000] {dagbag.py:545} INFO - Filling up the DagBag from /home/airflow/.local/lib/python3.12/site-packages/airflow/example_dags/example_skip_dag.py
[2026-02-14T15:52:13.366+0000] {processor.py:840} INFO - DAG(s) 'example_skip_dag' retrieved from /home/airflow/.local/lib/python3.12/site-packages/airflow/example_dags/example_skip_dag.py
[2026-02-14T15:52:13.374+0000] {logging_mixin.py:188} INFO - [2026-02-14T15:52:13.374+0000] {dag.py:3089} INFO - Sync 1 DAGs
[2026-02-14T15:52:13.384+0000] {logging_mixin.py:188} INFO - [2026-02-14T15:52:13.383+0000] {dag.py:3947} INFO - Setting next_dagrun for example_skip_dag to 2026-02-13 00:00:00+00:00, run_after=2026-02-14 00:00:00+00:00
[2026-02-14T15:52:13.393+0000] {processor.py:183} INFO - Processing /home/airflow/.local/lib/python3.12/site-packages/airflow/example_dags/example_skip_dag.py took 0.035 seconds
[2026-02-14T15:52:43.837+0000] {processor.py:161} INFO - Started process (PID=765) to work on /home/airflow/.local/lib/python3.12/site-packages/airflow/example_dags/example_skip_dag.py
[2026-02-14T15:52:43.837+0000] {processor.py:830} INFO - Processing file /home/airflow/.local/lib/python3.12/site-packages/airflow/example_dags/example_skip_dag.py for tasks to queue
[2026-02-14T15:52:43.838+0000] {logging_mixin.py:188} INFO - [2026-02-14T15:52:43.838+0000] {dagbag.py:545} INFO - Filling up the DagBag from /home/airflow/.local/lib/python3.12/site-packages/airflow/example_dags/example_skip_dag.py
[2026-02-14T15:52:43.841+0000] {processor.py:840} INFO - DAG(s) 'example_skip_dag' retrieved from /home/airflow/.local/lib/python3.12/site-packages/airflow/example_dags/example_skip_dag.py
[2026-02-14T15:52:43.852+0000] {logging_mixin.py:188} INFO - [2026-02-14T15:52:43.852+0000] {dag.py:3089} INFO - Sync 1 DAGs
[2026-02-14T15:52:43.861+0000] {logging_mixin.py:188} INFO - [2026-02-14T15:52:43.861+0000] {dag.py:3947} INFO - Setting next_dagrun for example_skip_dag to 2026-02-13 00:00:00+00:00, run_after=2026-02-14 00:00:00+00:00
[2026-02-14T15:52:43.868+0000] {processor.py:183} INFO - Processing /home/airflow/.local/lib/python3.12/site-packages/airflow/example_dags/example_skip_dag.py took 0.034 seconds
[2026-02-14T15:53:14.184+0000] {processor.py:161} INFO - Started process (PID=824) to work on /home/airflow/.local/lib/python3.12/site-packages/airflow/example_dags/example_skip_dag.py
[2026-02-14T15:53:14.184+0000] {processor.py:830} INFO - Processing file /home/airflow/.local/lib/python3.12/site-packages/airflow/example_dags/example_skip_dag.py for tasks to queue
[2026-02-14T15:53:14.185+0000] {logging_mixin.py:188} INFO - [2026-02-14T15:53:14.185+0000] {dagbag.py:545} INFO - Filling up the DagBag from /home/airflow/.local/lib/python3.12/site-packages/airflow/example_dags/example_skip_dag.py
[2026-02-14T15:53:14.187+0000] {processor.py:840} INFO - DAG(s) 'example_skip_dag' retrieved from /home/airflow/.local/lib/python3.12/site-packages/airflow/example_dags/example_skip_dag.py
[2026-02-14T15:53:14.195+0000] {logging_mixin.py:188} INFO - [2026-02-14T15:53:14.195+0000] {dag.py:3089} INFO - Sync 1 DAGs
[2026-02-14T15:53:14.201+0000] {logging_mixin.py:188} INFO - [2026-02-14T15:53:14.201+0000] {dag.py:3947} INFO - Setting next_dagrun for example_skip_dag to 2026-02-13 00:00:00+00:00, run_after=2026-02-14 00:00:00+00:00
[2026-02-14T15:53:14.207+0000] {processor.py:183} INFO - Processing /home/airflow/.local/lib/python3.12/site-packages/airflow/example_dags/example_skip_dag.py took 0.025 seconds
[2026-02-14T15:53:44.500+0000] {processor.py:161} INFO - Started process (PID=883) to work on /home/airflow/.local/lib/python3.12/site-packages/airflow/example_dags/example_skip_dag.py
[2026-02-14T15:53:44.500+0000] {processor.py:830} INFO - Processing file /home/airflow/.local/lib/python3.12/site-packages/airflow/example_dags/example_skip_dag.py for tasks to queue
[2026-02-14T15:53:44.501+0000] {logging_mixin.py:188} INFO - [2026-02-14T15:53:44.501+0000] {dagbag.py:545} INFO - Filling up the DagBag from /home/airflow/.local/lib/python3.12/site-packages/airflow/example_dags/example_skip_dag.py
[2026-02-14T15:53:44.504+0000] {processor.py:840} INFO - DAG(s) 'example_skip_dag' retrieved from /home/airflow/.local/lib/python3.12/site-packages/airflow/example_dags/example_skip_dag.py
[2026-02-14T15:53:44.514+0000] {logging_mixin.py:188} INFO - [2026-02-14T15:53:44.514+0000] {dag.py:3089} INFO - Sync 1 DAGs
[2026-02-14T15:53:44.523+0000] {logging_mixin.py:188} INFO - [2026-02-14T15:53:44.523+0000] {dag.py:3947} INFO - Setting next_dagrun for example_skip_dag to 2026-02-13 00:00:00+00:00, run_after=2026-02-14 00:00:00+00:00
[2026-02-14T15:53:44.531+0000] {processor.py:183} INFO - Processing /home/airflow/.local/lib/python3.12/site-packages/airflow/example_dags/example_skip_dag.py took 0.033 seconds
[2026-02-14T15:54:14.940+0000] {processor.py:161} INFO - Started process (PID=942) to work on /home/airflow/.local/lib/python3.12/site-packages/airflow/example_dags/example_skip_dag.py
[2026-02-14T15:54:14.940+0000] {processor.py:830} INFO - Processing file /home/airflow/.local/lib/python3.12/site-packages/airflow/example_dags/example_skip_dag.py for tasks to queue
[2026-02-14T15:54:14.941+0000] {logging_mixin.py:188} INFO - [2026-02-14T15:54:14.941+0000] {dagbag.py:545} INFO - Filling up the DagBag from /home/airflow/.local/lib/python3.12/site-packages/airflow/example_dags/example_skip_dag.py
[2026-02-14T15:54:14.943+0000] {processor.py:840} INFO - DAG(s) 'example_skip_dag' retrieved from /home/airflow/.local/lib/python3.12/site-packages/airflow/example_dags/example_skip_dag.py
[2026-02-14T15:54:14.951+0000] {logging_mixin.py:188} INFO - [2026-02-14T15:54:14.951+0000] {dag.py:3089} INFO - Sync 1 DAGs
[2026-02-14T15:54:14.959+0000] {logging_mixin.py:188} INFO - [2026-02-14T15:54:14.959+0000] {dag.py:3947} INFO - Setting next_dagrun for example_skip_dag to 2026-02-13 00:00:00+00:00, run_after=2026-02-14 00:00:00+00:00
[2026-02-14T15:54:14.969+0000] {processor.py:183} INFO - Processing /home/airflow/.local/lib/python3.12/site-packages/airflow/example_dags/example_skip_dag.py took 0.032 seconds
[2026-02-14T15:54:45.450+0000] {processor.py:161} INFO - Started process (PID=1001) to work on /home/airflow/.local/lib/python3.12/site-packages/airflow/example_dags/example_skip_dag.py
[2026-02-14T15:54:45.451+0000] {processor.py:830} INFO - Processing file /home/airflow/.local/lib/python3.12/site-packages/airflow/example_dags/example_skip_dag.py for tasks to queue
[2026-02-14T15:54:45.452+0000] {logging_mixin.py:188} INFO - [2026-02-14T15:54:45.451+0000] {dagbag.py:545} INFO - Filling up the DagBag from /home/airflow/.local/lib/python3.12/site-packages/airflow/example_dags/example_skip_dag.py
[2026-02-14T15:54:45.454+0000] {processor.py:840} INFO - DAG(s) 'example_skip_dag' retrieved from /home/airflow/.local/lib/python3.12/site-packages/airflow/example_dags/example_skip_dag.py
[2026-02-14T15:54:45.462+0000] {logging_mixin.py:188} INFO - [2026-02-14T15:54:45.462+0000] {dag.py:3089} INFO - Sync 1 DAGs
[2026-02-14T15:54:45.470+0000] {logging_mixin.py:188} INFO - [2026-02-14T15:54:45.470+0000] {dag.py:3947} INFO - Setting next_dagrun for example_skip_dag to 2026-02-13 00:00:00+00:00, run_after=2026-02-14 00:00:00+00:00
[2026-02-14T15:54:45.479+0000] {processor.py:183} INFO - Processing /home/airflow/.local/lib/python3.12/site-packages/airflow/example_dags/example_skip_dag.py took 0.032 seconds
[2026-02-14T15:55:15.801+0000] {processor.py:161} INFO - Started process (PID=1060) to work on /home/airflow/.local/lib/python3.12/site-packages/airflow/example_dags/example_skip_dag.py
[2026-02-14T15:55:15.803+0000] {processor.py:830} INFO - Processing file /home/airflow/.local/lib/python3.12/site-packages/airflow/example_dags/example_skip_dag.py for tasks to queue
[2026-02-14T15:55:15.805+0000] {logging_mixin.py:188} INFO - [2026-02-14T15:55:15.805+0000] {dagbag.py:545} INFO - Filling up the DagBag from /home/airflow/.local/lib/python3.12/site-packages/airflow/example_dags/example_skip_dag.py
[2026-02-14T15:55:15.810+0000] {processor.py:840} INFO - DAG(s) 'example_skip_dag' retrieved from /home/airflow/.local/lib/python3.12/site-packages/airflow/example_dags/example_skip_dag.py
[2026-02-14T15:55:15.826+0000] {logging_mixin.py:188} INFO - [2026-02-14T15:55:15.826+0000] {dag.py:3089} INFO - Sync 1 DAGs
[2026-02-14T15:55:15.846+0000] {logging_mixin.py:188} INFO - [2026-02-14T15:55:15.846+0000] {dag.py:3947} INFO - Setting next_dagrun for example_skip_dag to 2026-02-13 00:00:00+00:00, run_after=2026-02-14 00:00:00+00:00
[2026-02-14T15:55:15.887+0000] {processor.py:183} INFO - Processing /home/airflow/.local/lib/python3.12/site-packages/airflow/example_dags/example_skip_dag.py took 0.091 seconds
[2026-02-14T15:55:46.374+0000] {processor.py:161} INFO - Started process (PID=1118) to work on /home/airflow/.local/lib/python3.12/site-packages/airflow/example_dags/example_skip_dag.py
[2026-02-14T15:55:46.374+0000] {processor.py:830} INFO - Processing file /home/airflow/.local/lib/python3.12/site-packages/airflow/example_dags/example_skip_dag.py for tasks to queue
[2026-02-14T15:55:46.375+0000] {logging_mixin.py:188} INFO - [2026-02-14T15:55:46.375+0000] {dagbag.py:545} INFO - Filling up the DagBag from /home/airflow/.local/lib/python3.12/site-packages/airflow/example_dags/example_skip_dag.py
[2026-02-14T15:55:46.378+0000] {processor.py:840} INFO - DAG(s) 'example_skip_dag' retrieved from /home/airflow/.local/lib/python3.12/site-packages/airflow/example_dags/example_skip_dag.py
[2026-02-14T15:55:46.389+0000] {logging_mixin.py:188} INFO - [2026-02-14T15:55:46.388+0000] {dag.py:3089} INFO - Sync 1 DAGs
[2026-02-14T15:55:46.397+0000] {logging_mixin.py:188} INFO - [2026-02-14T15:55:46.397+0000] {dag.py:3947} INFO - Setting next_dagrun for example_skip_dag to 2026-02-13 00:00:00+00:00, run_after=2026-02-14 00:00:00+00:00
[2026-02-14T15:55:46.406+0000] {processor.py:183} INFO - Processing /home/airflow/.local/lib/python3.12/site-packages/airflow/example_dags/example_skip_dag.py took 0.035 seconds
[2026-02-14T15:56:16.879+0000] {processor.py:161} INFO - Started process (PID=1177) to work on /home/airflow/.local/lib/python3.12/site-packages/airflow/example_dags/example_skip_dag.py
[2026-02-14T15:56:16.880+0000] {processor.py:830} INFO - Processing file /home/airflow/.local/lib/python3.12/site-packages/airflow/example_dags/example_skip_dag.py for tasks to queue
[2026-02-14T15:56:16.880+0000] {logging_mixin.py:188} INFO - [2026-02-14T15:56:16.880+0000] {dagbag.py:545} INFO - Filling up the DagBag from /home/airflow/.local/lib/python3.12/site-packages/airflow/example_dags/example_skip_dag.py
[2026-02-14T15:56:16.883+0000] {processor.py:840} INFO - DAG(s) 'example_skip_dag' retrieved from /home/airflow/.local/lib/python3.12/site-packages/airflow/example_dags/example_skip_dag.py
[2026-02-14T15:56:16.894+0000] {logging_mixin.py:188} INFO - [2026-02-14T15:56:16.894+0000] {dag.py:3089} INFO - Sync 1 DAGs
[2026-02-14T15:56:16.901+0000] {logging_mixin.py:188} INFO - [2026-02-14T15:56:16.900+0000] {dag.py:3947} INFO - Setting next_dagrun for example_skip_dag to 2026-02-13 00:00:00+00:00, run_after=2026-02-14 00:00:00+00:00
[2026-02-14T15:56:16.906+0000] {processor.py:183} INFO - Processing /home/airflow/.local/lib/python3.12/site-packages/airflow/example_dags/example_skip_dag.py took 0.029 seconds
[2026-02-14T15:56:47.397+0000] {processor.py:161} INFO - Started process (PID=1236) to work on /home/airflow/.local/lib/python3.12/site-packages/airflow/example_dags/example_skip_dag.py
[2026-02-14T15:56:47.398+0000] {processor.py:830} INFO - Processing file /home/airflow/.local/lib/python3.12/site-packages/airflow/example_dags/example_skip_dag.py for tasks to queue
[2026-02-14T15:56:47.398+0000] {logging_mixin.py:188} INFO - [2026-02-14T15:56:47.398+0000] {dagbag.py:545} INFO - Filling up the DagBag from /home/airflow/.local/lib/python3.12/site-packages/airflow/example_dags/example_skip_dag.py
[2026-02-14T15:56:47.402+0000] {processor.py:840} INFO - DAG(s) 'example_skip_dag' retrieved from /home/airflow/.local/lib/python3.12/site-packages/airflow/example_dags/example_skip_dag.py
[2026-02-14T15:56:47.412+0000] {logging_mixin.py:188} INFO - [2026-02-14T15:56:47.412+0000] {dag.py:3089} INFO - Sync 1 DAGs
[2026-02-14T15:56:47.421+0000] {logging_mixin.py:188} INFO - [2026-02-14T15:56:47.421+0000] {dag.py:3947} INFO - Setting next_dagrun for example_skip_dag to 2026-02-13 00:00:00+00:00, run_after=2026-02-14 00:00:00+00:00
[2026-02-14T15:56:47.432+0000] {processor.py:183} INFO - Processing /home/airflow/.local/lib/python3.12/site-packages/airflow/example_dags/example_skip_dag.py took 0.036 seconds
[2026-02-14T15:57:18.062+0000] {processor.py:161} INFO - Started process (PID=1295) to work on /home/airflow/.local/lib/python3.12/site-packages/airflow/example_dags/example_skip_dag.py
[2026-02-14T15:57:18.064+0000] {processor.py:830} INFO - Processing file /home/airflow/.local/lib/python3.12/site-packages/airflow/example_dags/example_skip_dag.py for tasks to queue
[2026-02-14T15:57:18.065+0000] {logging_mixin.py:188} INFO - [2026-02-14T15:57:18.065+0000] {dagbag.py:545} INFO - Filling up the DagBag from /home/airflow/.local/lib/python3.12/site-packages/airflow/example_dags/example_skip_dag.py
[2026-02-14T15:57:18.068+0000] {processor.py:840} INFO - DAG(s) 'example_skip_dag' retrieved from /home/airflow/.local/lib/python3.12/site-packages/airflow/example_dags/example_skip_dag.py
[2026-02-14T15:57:18.076+0000] {logging_mixin.py:188} INFO - [2026-02-14T15:57:18.076+0000] {dag.py:3089} INFO - Sync 1 DAGs
[2026-02-14T15:57:18.084+0000] {logging_mixin.py:188} INFO - [2026-02-14T15:57:18.084+0000] {dag.py:3947} INFO - Setting next_dagrun for example_skip_dag to 2026-02-13 00:00:00+00:00, run_after=2026-02-14 00:00:00+00:00
[2026-02-14T15:57:18.167+0000] {processor.py:183} INFO - Processing /home/airflow/.local/lib/python3.12/site-packages/airflow/example_dags/example_skip_dag.py took 0.107 seconds
[2026-02-14T15:57:48.743+0000] {processor.py:161} INFO - Started process (PID=1354) to work on /home/airflow/.local/lib/python3.12/site-packages/airflow/example_dags/example_skip_dag.py
[2026-02-14T15:57:48.744+0000] {processor.py:830} INFO - Processing file /home/airflow/.local/lib/python3.12/site-packages/airflow/example_dags/example_skip_dag.py for tasks to queue
[2026-02-14T15:57:48.745+0000] {logging_mixin.py:188} INFO - [2026-02-14T15:57:48.744+0000] {dagbag.py:545} INFO - Filling up the DagBag from /home/airflow/.local/lib/python3.12/site-packages/airflow/example_dags/example_skip_dag.py
[2026-02-14T15:57:48.747+0000] {processor.py:840} INFO - DAG(s) 'example_skip_dag' retrieved from /home/airflow/.local/lib/python3.12/site-packages/airflow/example_dags/example_skip_dag.py
[2026-02-14T15:57:48.757+0000] {logging_mixin.py:188} INFO - [2026-02-14T15:57:48.757+0000] {dag.py:3089} INFO - Sync 1 DAGs
[2026-02-14T15:57:48.765+0000] {logging_mixin.py:188} INFO - [2026-02-14T15:57:48.765+0000] {dag.py:3947} INFO - Setting next_dagrun for example_skip_dag to 2026-02-13 00:00:00+00:00, run_after=2026-02-14 00:00:00+00:00
[2026-02-14T15:57:48.776+0000] {processor.py:183} INFO - Processing /home/airflow/.local/lib/python3.12/site-packages/airflow/example_dags/example_skip_dag.py took 0.035 seconds
[2026-02-14T15:58:19.087+0000] {processor.py:161} INFO - Started process (PID=1413) to work on /home/airflow/.local/lib/python3.12/site-packages/airflow/example_dags/example_skip_dag.py
[2026-02-14T15:58:19.087+0000] {processor.py:830} INFO - Processing file /home/airflow/.local/lib/python3.12/site-packages/airflow/example_dags/example_skip_dag.py for tasks to queue
[2026-02-14T15:58:19.088+0000] {logging_mixin.py:188} INFO - [2026-02-14T15:58:19.088+0000] {dagbag.py:545} INFO - Filling up the DagBag from /home/airflow/.local/lib/python3.12/site-packages/airflow/example_dags/example_skip_dag.py
[2026-02-14T15:58:19.092+0000] {processor.py:840} INFO - DAG(s) 'example_skip_dag' retrieved from /home/airflow/.local/lib/python3.12/site-packages/airflow/example_dags/example_skip_dag.py
[2026-02-14T15:58:19.100+0000] {logging_mixin.py:188} INFO - [2026-02-14T15:58:19.100+0000] {dag.py:3089} INFO - Sync 1 DAGs
[2026-02-14T15:58:19.107+0000] {logging_mixin.py:188} INFO - [2026-02-14T15:58:19.107+0000] {dag.py:3947} INFO - Setting next_dagrun for example_skip_dag to 2026-02-13 00:00:00+00:00, run_after=2026-02-14 00:00:00+00:00
[2026-02-14T15:58:19.113+0000] {processor.py:183} INFO - Processing /home/airflow/.local/lib/python3.12/site-packages/airflow/example_dags/example_skip_dag.py took 0.030 seconds
[2026-02-14T15:58:49.461+0000] {processor.py:161} INFO - Started process (PID=1472) to work on /home/airflow/.local/lib/python3.12/site-packages/airflow/example_dags/example_skip_dag.py
[2026-02-14T15:58:49.462+0000] {processor.py:830} INFO - Processing file /home/airflow/.local/lib/python3.12/site-packages/airflow/example_dags/example_skip_dag.py for tasks to queue
[2026-02-14T15:58:49.463+0000] {logging_mixin.py:188} INFO - [2026-02-14T15:58:49.463+0000] {dagbag.py:545} INFO - Filling up the DagBag from /home/airflow/.local/lib/python3.12/site-packages/airflow/example_dags/example_skip_dag.py
[2026-02-14T15:58:49.466+0000] {processor.py:840} INFO - DAG(s) 'example_skip_dag' retrieved from /home/airflow/.local/lib/python3.12/site-packages/airflow/example_dags/example_skip_dag.py
[2026-02-14T15:58:49.474+0000] {logging_mixin.py:188} INFO - [2026-02-14T15:58:49.474+0000] {dag.py:3089} INFO - Sync 1 DAGs
[2026-02-14T15:58:49.483+0000] {logging_mixin.py:188} INFO - [2026-02-14T15:58:49.483+0000] {dag.py:3947} INFO - Setting next_dagrun for example_skip_dag to 2026-02-13 00:00:00+00:00, run_after=2026-02-14 00:00:00+00:00
[2026-02-14T15:58:49.491+0000] {processor.py:183} INFO - Processing /home/airflow/.local/lib/python3.12/site-packages/airflow/example_dags/example_skip_dag.py took 0.032 seconds
[2026-02-14T15:59:19.783+0000] {processor.py:161} INFO - Started process (PID=1531) to work on /home/airflow/.local/lib/python3.12/site-packages/airflow/example_dags/example_skip_dag.py
[2026-02-14T15:59:19.784+0000] {processor.py:830} INFO - Processing file /home/airflow/.local/lib/python3.12/site-packages/airflow/example_dags/example_skip_dag.py for tasks to queue
[2026-02-14T15:59:19.785+0000] {logging_mixin.py:188} INFO - [2026-02-14T15:59:19.785+0000] {dagbag.py:545} INFO - Filling up the DagBag from /home/airflow/.local/lib/python3.12/site-packages/airflow/example_dags/example_skip_dag.py
[2026-02-14T15:59:19.788+0000] {processor.py:840} INFO - DAG(s) 'example_skip_dag' retrieved from /home/airflow/.local/lib/python3.12/site-packages/airflow/example_dags/example_skip_dag.py
[2026-02-14T15:59:19.799+0000] {logging_mixin.py:188} INFO - [2026-02-14T15:59:19.799+0000] {dag.py:3089} INFO - Sync 1 DAGs
[2026-02-14T15:59:19.806+0000] {logging_mixin.py:188} INFO - [2026-02-14T15:59:19.806+0000] {dag.py:3947} INFO - Setting next_dagrun for example_skip_dag to 2026-02-13 00:00:00+00:00, run_after=2026-02-14 00:00:00+00:00
[2026-02-14T15:59:19.814+0000] {processor.py:183} INFO - Processing /home/airflow/.local/lib/python3.12/site-packages/airflow/example_dags/example_skip_dag.py took 0.033 seconds
[2026-02-14T15:59:50.762+0000] {processor.py:161} INFO - Started process (PID=1590) to work on /home/airflow/.local/lib/python3.12/site-packages/airflow/example_dags/example_skip_dag.py
[2026-02-14T15:59:50.763+0000] {processor.py:830} INFO - Processing file /home/airflow/.local/lib/python3.12/site-packages/airflow/example_dags/example_skip_dag.py for tasks to queue
[2026-02-14T15:59:50.763+0000] {logging_mixin.py:188} INFO - [2026-02-14T15:59:50.763+0000] {dagbag.py:545} INFO - Filling up the DagBag from /home/airflow/.local/lib/python3.12/site-packages/airflow/example_dags/example_skip_dag.py
[2026-02-14T15:59:50.766+0000] {processor.py:840} INFO - DAG(s) 'example_skip_dag' retrieved from /home/airflow/.local/lib/python3.12/site-packages/airflow/example_dags/example_skip_dag.py
[2026-02-14T15:59:50.775+0000] {logging_mixin.py:188} INFO - [2026-02-14T15:59:50.775+0000] {dag.py:3089} INFO - Sync 1 DAGs
[2026-02-14T15:59:50.853+0000] {logging_mixin.py:188} INFO - [2026-02-14T15:59:50.853+0000] {dag.py:3947} INFO - Setting next_dagrun for example_skip_dag to 2026-02-13 00:00:00+00:00, run_after=2026-02-14 00:00:00+00:00
[2026-02-14T15:59:50.864+0000] {processor.py:183} INFO - Processing /home/airflow/.local/lib/python3.12/site-packages/airflow/example_dags/example_skip_dag.py took 0.104 seconds
[2026-02-14T16:00:20.921+0000] {processor.py:161} INFO - Started process (PID=1649) to work on /home/airflow/.local/lib/python3.12/site-packages/airflow/example_dags/example_skip_dag.py
[2026-02-14T16:00:20.922+0000] {processor.py:830} INFO - Processing file /home/airflow/.local/lib/python3.12/site-packages/airflow/example_dags/example_skip_dag.py for tasks to queue
[2026-02-14T16:00:20.922+0000] {logging_mixin.py:188} INFO - [2026-02-14T16:00:20.922+0000] {dagbag.py:545} INFO - Filling up the DagBag from /home/airflow/.local/lib/python3.12/site-packages/airflow/example_dags/example_skip_dag.py
[2026-02-14T16:00:20.925+0000] {processor.py:840} INFO - DAG(s) 'example_skip_dag' retrieved from /home/airflow/.local/lib/python3.12/site-packages/airflow/example_dags/example_skip_dag.py
[2026-02-14T16:00:20.933+0000] {logging_mixin.py:188} INFO - [2026-02-14T16:00:20.933+0000] {dag.py:3089} INFO - Sync 1 DAGs
[2026-02-14T16:00:20.941+0000] {logging_mixin.py:188} INFO - [2026-02-14T16:00:20.941+0000] {dag.py:3947} INFO - Setting next_dagrun for example_skip_dag to 2026-02-13 00:00:00+00:00, run_after=2026-02-14 00:00:00+00:00
[2026-02-14T16:00:20.951+0000] {processor.py:183} INFO - Processing /home/airflow/.local/lib/python3.12/site-packages/airflow/example_dags/example_skip_dag.py took 0.032 seconds
[2026-02-14T16:00:51.447+0000] {processor.py:161} INFO - Started process (PID=1708) to work on /home/airflow/.local/lib/python3.12/site-packages/airflow/example_dags/example_skip_dag.py
[2026-02-14T16:00:51.449+0000] {processor.py:830} INFO - Processing file /home/airflow/.local/lib/python3.12/site-packages/airflow/example_dags/example_skip_dag.py for tasks to queue
[2026-02-14T16:00:51.450+0000] {logging_mixin.py:188} INFO - [2026-02-14T16:00:51.449+0000] {dagbag.py:545} INFO - Filling up the DagBag from /home/airflow/.local/lib/python3.12/site-packages/airflow/example_dags/example_skip_dag.py
[2026-02-14T16:00:51.453+0000] {processor.py:840} INFO - DAG(s) 'example_skip_dag' retrieved from /home/airflow/.local/lib/python3.12/site-packages/airflow/example_dags/example_skip_dag.py
[2026-02-14T16:00:51.461+0000] {logging_mixin.py:188} INFO - [2026-02-14T16:00:51.461+0000] {dag.py:3089} INFO - Sync 1 DAGs
[2026-02-14T16:00:51.471+0000] {logging_mixin.py:188} INFO - [2026-02-14T16:00:51.471+0000] {dag.py:3947} INFO - Setting next_dagrun for example_skip_dag to 2026-02-13 00:00:00+00:00, run_after=2026-02-14 00:00:00+00:00
[2026-02-14T16:00:51.478+0000] {processor.py:183} INFO - Processing /home/airflow/.local/lib/python3.12/site-packages/airflow/example_dags/example_skip_dag.py took 0.034 seconds
[2026-02-14T16:01:21.939+0000] {processor.py:161} INFO - Started process (PID=1767) to work on /home/airflow/.local/lib/python3.12/site-packages/airflow/example_dags/example_skip_dag.py
[2026-02-14T16:01:21.940+0000] {processor.py:830} INFO - Processing file /home/airflow/.local/lib/python3.12/site-packages/airflow/example_dags/example_skip_dag.py for tasks to queue
[2026-02-14T16:01:21.941+0000] {logging_mixin.py:188} INFO - [2026-02-14T16:01:21.941+0000] {dagbag.py:545} INFO - Filling up the DagBag from /home/airflow/.local/lib/python3.12/site-packages/airflow/example_dags/example_skip_dag.py
[2026-02-14T16:01:21.944+0000] {processor.py:840} INFO - DAG(s) 'example_skip_dag' retrieved from /home/airflow/.local/lib/python3.12/site-packages/airflow/example_dags/example_skip_dag.py
[2026-02-14T16:01:21.955+0000] {logging_mixin.py:188} INFO - [2026-02-14T16:01:21.954+0000] {dag.py:3089} INFO - Sync 1 DAGs
[2026-02-14T16:01:21.962+0000] {logging_mixin.py:188} INFO - [2026-02-14T16:01:21.962+0000] {dag.py:3947} INFO - Setting next_dagrun for example_skip_dag to 2026-02-13 00:00:00+00:00, run_after=2026-02-14 00:00:00+00:00
[2026-02-14T16:01:21.968+0000] {processor.py:183} INFO - Processing /home/airflow/.local/lib/python3.12/site-packages/airflow/example_dags/example_skip_dag.py took 0.032 seconds
[2026-02-14T16:01:52.286+0000] {processor.py:161} INFO - Started process (PID=1826) to work on /home/airflow/.local/lib/python3.12/site-packages/airflow/example_dags/example_skip_dag.py
[2026-02-14T16:01:52.287+0000] {processor.py:830} INFO - Processing file /home/airflow/.local/lib/python3.12/site-packages/airflow/example_dags/example_skip_dag.py for tasks to queue
[2026-02-14T16:01:52.289+0000] {logging_mixin.py:188} INFO - [2026-02-14T16:01:52.289+0000] {dagbag.py:545} INFO - Filling up the DagBag from /home/airflow/.local/lib/python3.12/site-packages/airflow/example_dags/example_skip_dag.py
[2026-02-14T16:01:52.291+0000] {processor.py:840} INFO - DAG(s) 'example_skip_dag' retrieved from /home/airflow/.local/lib/python3.12/site-packages/airflow/example_dags/example_skip_dag.py
[2026-02-14T16:01:52.302+0000] {logging_mixin.py:188} INFO - [2026-02-14T16:01:52.302+0000] {dag.py:3089} INFO - Sync 1 DAGs
[2026-02-14T16:01:52.311+0000] {logging_mixin.py:188} INFO - [2026-02-14T16:01:52.311+0000] {dag.py:3947} INFO - Setting next_dagrun for example_skip_dag to 2026-02-13 00:00:00+00:00, run_after=2026-02-14 00:00:00+00:00
[2026-02-14T16:01:52.320+0000] {processor.py:183} INFO - Processing /home/airflow/.local/lib/python3.12/site-packages/airflow/example_dags/example_skip_dag.py took 0.036 seconds
[2026-02-14T16:02:22.697+0000] {processor.py:161} INFO - Started process (PID=1885) to work on /home/airflow/.local/lib/python3.12/site-packages/airflow/example_dags/example_skip_dag.py
[2026-02-14T16:02:22.697+0000] {processor.py:830} INFO - Processing file /home/airflow/.local/lib/python3.12/site-packages/airflow/example_dags/example_skip_dag.py for tasks to queue
[2026-02-14T16:02:22.698+0000] {logging_mixin.py:188} INFO - [2026-02-14T16:02:22.698+0000] {dagbag.py:545} INFO - Filling up the DagBag from /home/airflow/.local/lib/python3.12/site-packages/airflow/example_dags/example_skip_dag.py
[2026-02-14T16:02:22.701+0000] {processor.py:840} INFO - DAG(s) 'example_skip_dag' retrieved from /home/airflow/.local/lib/python3.12/site-packages/airflow/example_dags/example_skip_dag.py
[2026-02-14T16:02:22.709+0000] {logging_mixin.py:188} INFO - [2026-02-14T16:02:22.709+0000] {dag.py:3089} INFO - Sync 1 DAGs
[2026-02-14T16:02:22.716+0000] {logging_mixin.py:188} INFO - [2026-02-14T16:02:22.716+0000] {dag.py:3947} INFO - Setting next_dagrun for example_skip_dag to 2026-02-13 00:00:00+00:00, run_after=2026-02-14 00:00:00+00:00
[2026-02-14T16:02:22.727+0000] {processor.py:183} INFO - Processing /home/airflow/.local/lib/python3.12/site-packages/airflow/example_dags/example_skip_dag.py took 0.033 seconds
[2026-02-14T16:02:53.139+0000] {processor.py:161} INFO - Started process (PID=1944) to work on /home/airflow/.local/lib/python3.12/site-packages/airflow/example_dags/example_skip_dag.py
[2026-02-14T16:02:53.140+0000] {processor.py:830} INFO - Processing file /home/airflow/.local/lib/python3.12/site-packages/airflow/example_dags/example_skip_dag.py for tasks to queue
[2026-02-14T16:02:53.141+0000] {logging_mixin.py:188} INFO - [2026-02-14T16:02:53.141+0000] {dagbag.py:545} INFO - Filling up the DagBag from /home/airflow/.local/lib/python3.12/site-packages/airflow/example_dags/example_skip_dag.py
[2026-02-14T16:02:53.144+0000] {processor.py:840} INFO - DAG(s) 'example_skip_dag' retrieved from /home/airflow/.local/lib/python3.12/site-packages/airflow/example_dags/example_skip_dag.py
[2026-02-14T16:02:53.159+0000] {logging_mixin.py:188} INFO - [2026-02-14T16:02:53.159+0000] {dag.py:3089} INFO - Sync 1 DAGs
[2026-02-14T16:02:53.167+0000] {logging_mixin.py:188} INFO - [2026-02-14T16:02:53.167+0000] {dag.py:3947} INFO - Setting next_dagrun for example_skip_dag to 2026-02-13 00:00:00+00:00, run_after=2026-02-14 00:00:00+00:00
[2026-02-14T16:02:53.179+0000] {processor.py:183} INFO - Processing /home/airflow/.local/lib/python3.12/site-packages/airflow/example_dags/example_skip_dag.py took 0.042 seconds
[2026-02-14T16:03:23.731+0000] {processor.py:161} INFO - Started process (PID=2003) to work on /home/airflow/.local/lib/python3.12/site-packages/airflow/example_dags/example_skip_dag.py
[2026-02-14T16:03:23.732+0000] {processor.py:830} INFO - Processing file /home/airflow/.local/lib/python3.12/site-packages/airflow/example_dags/example_skip_dag.py for tasks to queue
[2026-02-14T16:03:23.733+0000] {logging_mixin.py:188} INFO - [2026-02-14T16:03:23.733+0000] {dagbag.py:545} INFO - Filling up the DagBag from /home/airflow/.local/lib/python3.12/site-packages/airflow/example_dags/example_skip_dag.py
[2026-02-14T16:03:23.736+0000] {processor.py:840} INFO - DAG(s) 'example_skip_dag' retrieved from /home/airflow/.local/lib/python3.12/site-packages/airflow/example_dags/example_skip_dag.py
[2026-02-14T16:03:23.743+0000] {logging_mixin.py:188} INFO - [2026-02-14T16:03:23.743+0000] {dag.py:3089} INFO - Sync 1 DAGs
[2026-02-14T16:03:23.752+0000] {logging_mixin.py:188} INFO - [2026-02-14T16:03:23.751+0000] {dag.py:3947} INFO - Setting next_dagrun for example_skip_dag to 2026-02-13 00:00:00+00:00, run_after=2026-02-14 00:00:00+00:00
[2026-02-14T16:03:23.759+0000] {processor.py:183} INFO - Processing /home/airflow/.local/lib/python3.12/site-packages/airflow/example_dags/example_skip_dag.py took 0.031 seconds
[2026-02-14T16:03:54.263+0000] {processor.py:161} INFO - Started process (PID=2062) to work on /home/airflow/.local/lib/python3.12/site-packages/airflow/example_dags/example_skip_dag.py
[2026-02-14T16:03:54.263+0000] {processor.py:830} INFO - Processing file /home/airflow/.local/lib/python3.12/site-packages/airflow/example_dags/example_skip_dag.py for tasks to queue
[2026-02-14T16:03:54.264+0000] {logging_mixin.py:188} INFO - [2026-02-14T16:03:54.263+0000] {dagbag.py:545} INFO - Filling up the DagBag from /home/airflow/.local/lib/python3.12/site-packages/airflow/example_dags/example_skip_dag.py
[2026-02-14T16:03:54.266+0000] {processor.py:840} INFO - DAG(s) 'example_skip_dag' retrieved from /home/airflow/.local/lib/python3.12/site-packages/airflow/example_dags/example_skip_dag.py
[2026-02-14T16:03:54.275+0000] {logging_mixin.py:188} INFO - [2026-02-14T16:03:54.275+0000] {dag.py:3089} INFO - Sync 1 DAGs
[2026-02-14T16:03:54.282+0000] {logging_mixin.py:188} INFO - [2026-02-14T16:03:54.281+0000] {dag.py:3947} INFO - Setting next_dagrun for example_skip_dag to 2026-02-13 00:00:00+00:00, run_after=2026-02-14 00:00:00+00:00
[2026-02-14T16:03:54.289+0000] {processor.py:183} INFO - Processing /home/airflow/.local/lib/python3.12/site-packages/airflow/example_dags/example_skip_dag.py took 0.028 seconds
[2026-02-14T16:04:24.975+0000] {processor.py:161} INFO - Started process (PID=2121) to work on /home/airflow/.local/lib/python3.12/site-packages/airflow/example_dags/example_skip_dag.py
[2026-02-14T16:04:24.976+0000] {processor.py:830} INFO - Processing file /home/airflow/.local/lib/python3.12/site-packages/airflow/example_dags/example_skip_dag.py for tasks to queue
[2026-02-14T16:04:24.978+0000] {logging_mixin.py:188} INFO - [2026-02-14T16:04:24.977+0000] {dagbag.py:545} INFO - Filling up the DagBag from /home/airflow/.local/lib/python3.12/site-packages/airflow/example_dags/example_skip_dag.py
[2026-02-14T16:04:24.981+0000] {processor.py:840} INFO - DAG(s) 'example_skip_dag' retrieved from /home/airflow/.local/lib/python3.12/site-packages/airflow/example_dags/example_skip_dag.py
[2026-02-14T16:04:24.989+0000] {logging_mixin.py:188} INFO - [2026-02-14T16:04:24.989+0000] {dag.py:3089} INFO - Sync 1 DAGs
[2026-02-14T16:04:24.999+0000] {logging_mixin.py:188} INFO - [2026-02-14T16:04:24.999+0000] {dag.py:3947} INFO - Setting next_dagrun for example_skip_dag to 2026-02-13 00:00:00+00:00, run_after=2026-02-14 00:00:00+00:00
[2026-02-14T16:04:25.008+0000] {processor.py:183} INFO - Processing /home/airflow/.local/lib/python3.12/site-packages/airflow/example_dags/example_skip_dag.py took 0.036 seconds
[2026-02-14T16:04:55.443+0000] {processor.py:161} INFO - Started process (PID=2180) to work on /home/airflow/.local/lib/python3.12/site-packages/airflow/example_dags/example_skip_dag.py
[2026-02-14T16:04:55.445+0000] {processor.py:830} INFO - Processing file /home/airflow/.local/lib/python3.12/site-packages/airflow/example_dags/example_skip_dag.py for tasks to queue
[2026-02-14T16:04:55.446+0000] {logging_mixin.py:188} INFO - [2026-02-14T16:04:55.446+0000] {dagbag.py:545} INFO - Filling up the DagBag from /home/airflow/.local/lib/python3.12/site-packages/airflow/example_dags/example_skip_dag.py
[2026-02-14T16:04:55.449+0000] {processor.py:840} INFO - DAG(s) 'example_skip_dag' retrieved from /home/airflow/.local/lib/python3.12/site-packages/airflow/example_dags/example_skip_dag.py
[2026-02-14T16:04:55.458+0000] {logging_mixin.py:188} INFO - [2026-02-14T16:04:55.458+0000] {dag.py:3089} INFO - Sync 1 DAGs
[2026-02-14T16:04:55.465+0000] {logging_mixin.py:188} INFO - [2026-02-14T16:04:55.465+0000] {dag.py:3947} INFO - Setting next_dagrun for example_skip_dag to 2026-02-13 00:00:00+00:00, run_after=2026-02-14 00:00:00+00:00
[2026-02-14T16:04:55.473+0000] {processor.py:183} INFO - Processing /home/airflow/.local/lib/python3.12/site-packages/airflow/example_dags/example_skip_dag.py took 0.032 seconds
[2026-02-14T16:05:25.954+0000] {processor.py:161} INFO - Started process (PID=2239) to work on /home/airflow/.local/lib/python3.12/site-packages/airflow/example_dags/example_skip_dag.py
[2026-02-14T16:05:25.955+0000] {processor.py:830} INFO - Processing file /home/airflow/.local/lib/python3.12/site-packages/airflow/example_dags/example_skip_dag.py for tasks to queue
[2026-02-14T16:05:25.956+0000] {logging_mixin.py:188} INFO - [2026-02-14T16:05:25.956+0000] {dagbag.py:545} INFO - Filling up the DagBag from /home/airflow/.local/lib/python3.12/site-packages/airflow/example_dags/example_skip_dag.py
[2026-02-14T16:05:25.958+0000] {processor.py:840} INFO - DAG(s) 'example_skip_dag' retrieved from /home/airflow/.local/lib/python3.12/site-packages/airflow/example_dags/example_skip_dag.py
[2026-02-14T16:05:25.966+0000] {logging_mixin.py:188} INFO - [2026-02-14T16:05:25.966+0000] {dag.py:3089} INFO - Sync 1 DAGs
[2026-02-14T16:05:25.974+0000] {logging_mixin.py:188} INFO - [2026-02-14T16:05:25.974+0000] {dag.py:3947} INFO - Setting next_dagrun for example_skip_dag to 2026-02-13 00:00:00+00:00, run_after=2026-02-14 00:00:00+00:00
[2026-02-14T16:05:25.982+0000] {processor.py:183} INFO - Processing /home/airflow/.local/lib/python3.12/site-packages/airflow/example_dags/example_skip_dag.py took 0.030 seconds
[2026-02-14T16:05:56.446+0000] {processor.py:161} INFO - Started process (PID=2298) to work on /home/airflow/.local/lib/python3.12/site-packages/airflow/example_dags/example_skip_dag.py
[2026-02-14T16:05:56.447+0000] {processor.py:830} INFO - Processing file /home/airflow/.local/lib/python3.12/site-packages/airflow/example_dags/example_skip_dag.py for tasks to queue
[2026-02-14T16:05:56.448+0000] {logging_mixin.py:188} INFO - [2026-02-14T16:05:56.447+0000] {dagbag.py:545} INFO - Filling up the DagBag from /home/airflow/.local/lib/python3.12/site-packages/airflow/example_dags/example_skip_dag.py
[2026-02-14T16:05:56.451+0000] {processor.py:840} INFO - DAG(s) 'example_skip_dag' retrieved from /home/airflow/.local/lib/python3.12/site-packages/airflow/example_dags/example_skip_dag.py
[2026-02-14T16:05:56.459+0000] {logging_mixin.py:188} INFO - [2026-02-14T16:05:56.459+0000] {dag.py:3089} INFO - Sync 1 DAGs
[2026-02-14T16:05:56.466+0000] {logging_mixin.py:188} INFO - [2026-02-14T16:05:56.466+0000] {dag.py:3947} INFO - Setting next_dagrun for example_skip_dag to 2026-02-13 00:00:00+00:00, run_after=2026-02-14 00:00:00+00:00
[2026-02-14T16:05:56.475+0000] {processor.py:183} INFO - Processing /home/airflow/.local/lib/python3.12/site-packages/airflow/example_dags/example_skip_dag.py took 0.031 seconds
[2026-02-14T16:06:26.877+0000] {processor.py:161} INFO - Started process (PID=2357) to work on /home/airflow/.local/lib/python3.12/site-packages/airflow/example_dags/example_skip_dag.py
[2026-02-14T16:06:26.879+0000] {processor.py:830} INFO - Processing file /home/airflow/.local/lib/python3.12/site-packages/airflow/example_dags/example_skip_dag.py for tasks to queue
[2026-02-14T16:06:26.879+0000] {logging_mixin.py:188} INFO - [2026-02-14T16:06:26.879+0000] {dagbag.py:545} INFO - Filling up the DagBag from /home/airflow/.local/lib/python3.12/site-packages/airflow/example_dags/example_skip_dag.py
[2026-02-14T16:06:26.882+0000] {processor.py:840} INFO - DAG(s) 'example_skip_dag' retrieved from /home/airflow/.local/lib/python3.12/site-packages/airflow/example_dags/example_skip_dag.py
[2026-02-14T16:06:26.892+0000] {logging_mixin.py:188} INFO - [2026-02-14T16:06:26.891+0000] {dag.py:3089} INFO - Sync 1 DAGs
[2026-02-14T16:06:26.900+0000] {logging_mixin.py:188} INFO - [2026-02-14T16:06:26.900+0000] {dag.py:3947} INFO - Setting next_dagrun for example_skip_dag to 2026-02-13 00:00:00+00:00, run_after=2026-02-14 00:00:00+00:00
[2026-02-14T16:06:26.906+0000] {processor.py:183} INFO - Processing /home/airflow/.local/lib/python3.12/site-packages/airflow/example_dags/example_skip_dag.py took 0.031 seconds
[2026-02-14T16:06:57.847+0000] {processor.py:161} INFO - Started process (PID=2416) to work on /home/airflow/.local/lib/python3.12/site-packages/airflow/example_dags/example_skip_dag.py
[2026-02-14T16:06:57.849+0000] {processor.py:830} INFO - Processing file /home/airflow/.local/lib/python3.12/site-packages/airflow/example_dags/example_skip_dag.py for tasks to queue
[2026-02-14T16:06:57.854+0000] {logging_mixin.py:188} INFO - [2026-02-14T16:06:57.853+0000] {dagbag.py:545} INFO - Filling up the DagBag from /home/airflow/.local/lib/python3.12/site-packages/airflow/example_dags/example_skip_dag.py
[2026-02-14T16:06:57.858+0000] {processor.py:840} INFO - DAG(s) 'example_skip_dag' retrieved from /home/airflow/.local/lib/python3.12/site-packages/airflow/example_dags/example_skip_dag.py
[2026-02-14T16:06:57.883+0000] {logging_mixin.py:188} INFO - [2026-02-14T16:06:57.883+0000] {dag.py:3089} INFO - Sync 1 DAGs
[2026-02-14T16:06:57.899+0000] {logging_mixin.py:188} INFO - [2026-02-14T16:06:57.899+0000] {dag.py:3947} INFO - Setting next_dagrun for example_skip_dag to 2026-02-13 00:00:00+00:00, run_after=2026-02-14 00:00:00+00:00
[2026-02-14T16:06:57.919+0000] {processor.py:183} INFO - Processing /home/airflow/.local/lib/python3.12/site-packages/airflow/example_dags/example_skip_dag.py took 0.076 seconds
[2026-02-14T16:07:28.422+0000] {processor.py:161} INFO - Started process (PID=2475) to work on /home/airflow/.local/lib/python3.12/site-packages/airflow/example_dags/example_skip_dag.py
[2026-02-14T16:07:28.423+0000] {processor.py:830} INFO - Processing file /home/airflow/.local/lib/python3.12/site-packages/airflow/example_dags/example_skip_dag.py for tasks to queue
[2026-02-14T16:07:28.423+0000] {logging_mixin.py:188} INFO - [2026-02-14T16:07:28.423+0000] {dagbag.py:545} INFO - Filling up the DagBag from /home/airflow/.local/lib/python3.12/site-packages/airflow/example_dags/example_skip_dag.py
[2026-02-14T16:07:28.426+0000] {processor.py:840} INFO - DAG(s) 'example_skip_dag' retrieved from /home/airflow/.local/lib/python3.12/site-packages/airflow/example_dags/example_skip_dag.py
[2026-02-14T16:07:28.433+0000] {logging_mixin.py:188} INFO - [2026-02-14T16:07:28.433+0000] {dag.py:3089} INFO - Sync 1 DAGs
[2026-02-14T16:07:28.441+0000] {logging_mixin.py:188} INFO - [2026-02-14T16:07:28.440+0000] {dag.py:3947} INFO - Setting next_dagrun for example_skip_dag to 2026-02-13 00:00:00+00:00, run_after=2026-02-14 00:00:00+00:00
[2026-02-14T16:07:28.450+0000] {processor.py:183} INFO - Processing /home/airflow/.local/lib/python3.12/site-packages/airflow/example_dags/example_skip_dag.py took 0.030 seconds
[2026-02-14T16:07:59.186+0000] {processor.py:161} INFO - Started process (PID=2534) to work on /home/airflow/.local/lib/python3.12/site-packages/airflow/example_dags/example_skip_dag.py
[2026-02-14T16:07:59.187+0000] {processor.py:830} INFO - Processing file /home/airflow/.local/lib/python3.12/site-packages/airflow/example_dags/example_skip_dag.py for tasks to queue
[2026-02-14T16:07:59.187+0000] {logging_mixin.py:188} INFO - [2026-02-14T16:07:59.187+0000] {dagbag.py:545} INFO - Filling up the DagBag from /home/airflow/.local/lib/python3.12/site-packages/airflow/example_dags/example_skip_dag.py
[2026-02-14T16:07:59.190+0000] {processor.py:840} INFO - DAG(s) 'example_skip_dag' retrieved from /home/airflow/.local/lib/python3.12/site-packages/airflow/example_dags/example_skip_dag.py
[2026-02-14T16:07:59.197+0000] {logging_mixin.py:188} INFO - [2026-02-14T16:07:59.197+0000] {dag.py:3089} INFO - Sync 1 DAGs
[2026-02-14T16:07:59.205+0000] {logging_mixin.py:188} INFO - [2026-02-14T16:07:59.205+0000] {dag.py:3947} INFO - Setting next_dagrun for example_skip_dag to 2026-02-13 00:00:00+00:00, run_after=2026-02-14 00:00:00+00:00
[2026-02-14T16:07:59.217+0000] {processor.py:183} INFO - Processing /home/airflow/.local/lib/python3.12/site-packages/airflow/example_dags/example_skip_dag.py took 0.033 seconds
[2026-02-14T16:08:29.694+0000] {processor.py:161} INFO - Started process (PID=2593) to work on /home/airflow/.local/lib/python3.12/site-packages/airflow/example_dags/example_skip_dag.py
[2026-02-14T16:08:29.694+0000] {processor.py:830} INFO - Processing file /home/airflow/.local/lib/python3.12/site-packages/airflow/example_dags/example_skip_dag.py for tasks to queue
[2026-02-14T16:08:29.695+0000] {logging_mixin.py:188} INFO - [2026-02-14T16:08:29.695+0000] {dagbag.py:545} INFO - Filling up the DagBag from /home/airflow/.local/lib/python3.12/site-packages/airflow/example_dags/example_skip_dag.py
[2026-02-14T16:08:29.699+0000] {processor.py:840} INFO - DAG(s) 'example_skip_dag' retrieved from /home/airflow/.local/lib/python3.12/site-packages/airflow/example_dags/example_skip_dag.py
[2026-02-14T16:08:29.707+0000] {logging_mixin.py:188} INFO - [2026-02-14T16:08:29.707+0000] {dag.py:3089} INFO - Sync 1 DAGs
[2026-02-14T16:08:29.715+0000] {logging_mixin.py:188} INFO - [2026-02-14T16:08:29.715+0000] {dag.py:3947} INFO - Setting next_dagrun for example_skip_dag to 2026-02-13 00:00:00+00:00, run_after=2026-02-14 00:00:00+00:00
[2026-02-14T16:08:29.723+0000] {processor.py:183} INFO - Processing /home/airflow/.local/lib/python3.12/site-packages/airflow/example_dags/example_skip_dag.py took 0.032 seconds
[2026-02-14T16:09:00.131+0000] {processor.py:161} INFO - Started process (PID=2652) to work on /home/airflow/.local/lib/python3.12/site-packages/airflow/example_dags/example_skip_dag.py
[2026-02-14T16:09:00.131+0000] {processor.py:830} INFO - Processing file /home/airflow/.local/lib/python3.12/site-packages/airflow/example_dags/example_skip_dag.py for tasks to queue
[2026-02-14T16:09:00.132+0000] {logging_mixin.py:188} INFO - [2026-02-14T16:09:00.132+0000] {dagbag.py:545} INFO - Filling up the DagBag from /home/airflow/.local/lib/python3.12/site-packages/airflow/example_dags/example_skip_dag.py
[2026-02-14T16:09:00.134+0000] {processor.py:840} INFO - DAG(s) 'example_skip_dag' retrieved from /home/airflow/.local/lib/python3.12/site-packages/airflow/example_dags/example_skip_dag.py
[2026-02-14T16:09:00.142+0000] {logging_mixin.py:188} INFO - [2026-02-14T16:09:00.142+0000] {dag.py:3089} INFO - Sync 1 DAGs
[2026-02-14T16:09:00.150+0000] {logging_mixin.py:188} INFO - [2026-02-14T16:09:00.150+0000] {dag.py:3947} INFO - Setting next_dagrun for example_skip_dag to 2026-02-13 00:00:00+00:00, run_after=2026-02-14 00:00:00+00:00
[2026-02-14T16:09:00.158+0000] {processor.py:183} INFO - Processing /home/airflow/.local/lib/python3.12/site-packages/airflow/example_dags/example_skip_dag.py took 0.030 seconds
[2026-02-14T16:09:30.605+0000] {processor.py:161} INFO - Started process (PID=2711) to work on /home/airflow/.local/lib/python3.12/site-packages/airflow/example_dags/example_skip_dag.py
[2026-02-14T16:09:30.606+0000] {processor.py:830} INFO - Processing file /home/airflow/.local/lib/python3.12/site-packages/airflow/example_dags/example_skip_dag.py for tasks to queue
[2026-02-14T16:09:30.606+0000] {logging_mixin.py:188} INFO - [2026-02-14T16:09:30.606+0000] {dagbag.py:545} INFO - Filling up the DagBag from /home/airflow/.local/lib/python3.12/site-packages/airflow/example_dags/example_skip_dag.py
[2026-02-14T16:09:30.610+0000] {processor.py:840} INFO - DAG(s) 'example_skip_dag' retrieved from /home/airflow/.local/lib/python3.12/site-packages/airflow/example_dags/example_skip_dag.py
[2026-02-14T16:09:30.618+0000] {logging_mixin.py:188} INFO - [2026-02-14T16:09:30.618+0000] {dag.py:3089} INFO - Sync 1 DAGs
[2026-02-14T16:09:30.625+0000] {logging_mixin.py:188} INFO - [2026-02-14T16:09:30.625+0000] {dag.py:3947} INFO - Setting next_dagrun for example_skip_dag to 2026-02-13 00:00:00+00:00, run_after=2026-02-14 00:00:00+00:00
[2026-02-14T16:09:30.631+0000] {processor.py:183} INFO - Processing /home/airflow/.local/lib/python3.12/site-packages/airflow/example_dags/example_skip_dag.py took 0.029 seconds
[2026-02-14T16:10:00.887+0000] {processor.py:161} INFO - Started process (PID=2770) to work on /home/airflow/.local/lib/python3.12/site-packages/airflow/example_dags/example_skip_dag.py
[2026-02-14T16:10:00.888+0000] {processor.py:830} INFO - Processing file /home/airflow/.local/lib/python3.12/site-packages/airflow/example_dags/example_skip_dag.py for tasks to queue
[2026-02-14T16:10:00.889+0000] {logging_mixin.py:188} INFO - [2026-02-14T16:10:00.888+0000] {dagbag.py:545} INFO - Filling up the DagBag from /home/airflow/.local/lib/python3.12/site-packages/airflow/example_dags/example_skip_dag.py
[2026-02-14T16:10:00.891+0000] {processor.py:840} INFO - DAG(s) 'example_skip_dag' retrieved from /home/airflow/.local/lib/python3.12/site-packages/airflow/example_dags/example_skip_dag.py
[2026-02-14T16:10:00.901+0000] {logging_mixin.py:188} INFO - [2026-02-14T16:10:00.901+0000] {dag.py:3089} INFO - Sync 1 DAGs
[2026-02-14T16:10:00.908+0000] {logging_mixin.py:188} INFO - [2026-02-14T16:10:00.908+0000] {dag.py:3947} INFO - Setting next_dagrun for example_skip_dag to 2026-02-13 00:00:00+00:00, run_after=2026-02-14 00:00:00+00:00
[2026-02-14T16:10:00.915+0000] {processor.py:183} INFO - Processing /home/airflow/.local/lib/python3.12/site-packages/airflow/example_dags/example_skip_dag.py took 0.029 seconds
[2026-02-14T16:10:31.320+0000] {processor.py:161} INFO - Started process (PID=2828) to work on /home/airflow/.local/lib/python3.12/site-packages/airflow/example_dags/example_skip_dag.py
[2026-02-14T16:10:31.320+0000] {processor.py:830} INFO - Processing file /home/airflow/.local/lib/python3.12/site-packages/airflow/example_dags/example_skip_dag.py for tasks to queue
[2026-02-14T16:10:31.321+0000] {logging_mixin.py:188} INFO - [2026-02-14T16:10:31.321+0000] {dagbag.py:545} INFO - Filling up the DagBag from /home/airflow/.local/lib/python3.12/site-packages/airflow/example_dags/example_skip_dag.py
[2026-02-14T16:10:31.325+0000] {processor.py:840} INFO - DAG(s) 'example_skip_dag' retrieved from /home/airflow/.local/lib/python3.12/site-packages/airflow/example_dags/example_skip_dag.py
[2026-02-14T16:10:31.337+0000] {logging_mixin.py:188} INFO - [2026-02-14T16:10:31.337+0000] {dag.py:3089} INFO - Sync 1 DAGs
[2026-02-14T16:10:31.348+0000] {logging_mixin.py:188} INFO - [2026-02-14T16:10:31.348+0000] {dag.py:3947} INFO - Setting next_dagrun for example_skip_dag to 2026-02-13 00:00:00+00:00, run_after=2026-02-14 00:00:00+00:00
[2026-02-14T16:10:31.356+0000] {processor.py:183} INFO - Processing /home/airflow/.local/lib/python3.12/site-packages/airflow/example_dags/example_skip_dag.py took 0.041 seconds
[2026-02-14T16:11:02.046+0000] {processor.py:161} INFO - Started process (PID=2887) to work on /home/airflow/.local/lib/python3.12/site-packages/airflow/example_dags/example_skip_dag.py
[2026-02-14T16:11:02.047+0000] {processor.py:830} INFO - Processing file /home/airflow/.local/lib/python3.12/site-packages/airflow/example_dags/example_skip_dag.py for tasks to queue
[2026-02-14T16:11:02.048+0000] {logging_mixin.py:188} INFO - [2026-02-14T16:11:02.048+0000] {dagbag.py:545} INFO - Filling up the DagBag from /home/airflow/.local/lib/python3.12/site-packages/airflow/example_dags/example_skip_dag.py
[2026-02-14T16:11:02.052+0000] {processor.py:840} INFO - DAG(s) 'example_skip_dag' retrieved from /home/airflow/.local/lib/python3.12/site-packages/airflow/example_dags/example_skip_dag.py
[2026-02-14T16:11:02.067+0000] {logging_mixin.py:188} INFO - [2026-02-14T16:11:02.067+0000] {dag.py:3089} INFO - Sync 1 DAGs
[2026-02-14T16:11:02.078+0000] {logging_mixin.py:188} INFO - [2026-02-14T16:11:02.078+0000] {dag.py:3947} INFO - Setting next_dagrun for example_skip_dag to 2026-02-13 00:00:00+00:00, run_after=2026-02-14 00:00:00+00:00
[2026-02-14T16:11:02.092+0000] {processor.py:183} INFO - Processing /home/airflow/.local/lib/python3.12/site-packages/airflow/example_dags/example_skip_dag.py took 0.049 seconds
[2026-02-14T16:11:32.269+0000] {processor.py:161} INFO - Started process (PID=2946) to work on /home/airflow/.local/lib/python3.12/site-packages/airflow/example_dags/example_skip_dag.py
[2026-02-14T16:11:32.270+0000] {processor.py:830} INFO - Processing file /home/airflow/.local/lib/python3.12/site-packages/airflow/example_dags/example_skip_dag.py for tasks to queue
[2026-02-14T16:11:32.271+0000] {logging_mixin.py:188} INFO - [2026-02-14T16:11:32.271+0000] {dagbag.py:545} INFO - Filling up the DagBag from /home/airflow/.local/lib/python3.12/site-packages/airflow/example_dags/example_skip_dag.py
[2026-02-14T16:11:32.275+0000] {processor.py:840} INFO - DAG(s) 'example_skip_dag' retrieved from /home/airflow/.local/lib/python3.12/site-packages/airflow/example_dags/example_skip_dag.py
[2026-02-14T16:11:32.288+0000] {logging_mixin.py:188} INFO - [2026-02-14T16:11:32.288+0000] {dag.py:3089} INFO - Sync 1 DAGs
[2026-02-14T16:11:32.299+0000] {logging_mixin.py:188} INFO - [2026-02-14T16:11:32.299+0000] {dag.py:3947} INFO - Setting next_dagrun for example_skip_dag to 2026-02-13 00:00:00+00:00, run_after=2026-02-14 00:00:00+00:00
[2026-02-14T16:11:32.308+0000] {processor.py:183} INFO - Processing /home/airflow/.local/lib/python3.12/site-packages/airflow/example_dags/example_skip_dag.py took 0.042 seconds
[2026-02-14T16:12:02.620+0000] {processor.py:161} INFO - Started process (PID=3005) to work on /home/airflow/.local/lib/python3.12/site-packages/airflow/example_dags/example_skip_dag.py
[2026-02-14T16:12:02.621+0000] {processor.py:830} INFO - Processing file /home/airflow/.local/lib/python3.12/site-packages/airflow/example_dags/example_skip_dag.py for tasks to queue
[2026-02-14T16:12:02.622+0000] {logging_mixin.py:188} INFO - [2026-02-14T16:12:02.622+0000] {dagbag.py:545} INFO - Filling up the DagBag from /home/airflow/.local/lib/python3.12/site-packages/airflow/example_dags/example_skip_dag.py
[2026-02-14T16:12:02.625+0000] {processor.py:840} INFO - DAG(s) 'example_skip_dag' retrieved from /home/airflow/.local/lib/python3.12/site-packages/airflow/example_dags/example_skip_dag.py
[2026-02-14T16:12:02.633+0000] {logging_mixin.py:188} INFO - [2026-02-14T16:12:02.633+0000] {dag.py:3089} INFO - Sync 1 DAGs
[2026-02-14T16:12:02.641+0000] {logging_mixin.py:188} INFO - [2026-02-14T16:12:02.641+0000] {dag.py:3947} INFO - Setting next_dagrun for example_skip_dag to 2026-02-13 00:00:00+00:00, run_after=2026-02-14 00:00:00+00:00
[2026-02-14T16:12:02.646+0000] {processor.py:183} INFO - Processing /home/airflow/.local/lib/python3.12/site-packages/airflow/example_dags/example_skip_dag.py took 0.029 seconds
[2026-02-14T16:12:33.080+0000] {processor.py:161} INFO - Started process (PID=3064) to work on /home/airflow/.local/lib/python3.12/site-packages/airflow/example_dags/example_skip_dag.py
[2026-02-14T16:12:33.080+0000] {processor.py:830} INFO - Processing file /home/airflow/.local/lib/python3.12/site-packages/airflow/example_dags/example_skip_dag.py for tasks to queue
[2026-02-14T16:12:33.081+0000] {logging_mixin.py:188} INFO - [2026-02-14T16:12:33.081+0000] {dagbag.py:545} INFO - Filling up the DagBag from /home/airflow/.local/lib/python3.12/site-packages/airflow/example_dags/example_skip_dag.py
[2026-02-14T16:12:33.084+0000] {processor.py:840} INFO - DAG(s) 'example_skip_dag' retrieved from /home/airflow/.local/lib/python3.12/site-packages/airflow/example_dags/example_skip_dag.py
[2026-02-14T16:12:33.091+0000] {logging_mixin.py:188} INFO - [2026-02-14T16:12:33.091+0000] {dag.py:3089} INFO - Sync 1 DAGs
[2026-02-14T16:12:33.100+0000] {logging_mixin.py:188} INFO - [2026-02-14T16:12:33.099+0000] {dag.py:3947} INFO - Setting next_dagrun for example_skip_dag to 2026-02-13 00:00:00+00:00, run_after=2026-02-14 00:00:00+00:00
[2026-02-14T16:12:33.106+0000] {processor.py:183} INFO - Processing /home/airflow/.local/lib/python3.12/site-packages/airflow/example_dags/example_skip_dag.py took 0.029 seconds
[2026-02-14T16:13:03.545+0000] {processor.py:161} INFO - Started process (PID=3123) to work on /home/airflow/.local/lib/python3.12/site-packages/airflow/example_dags/example_skip_dag.py
[2026-02-14T16:13:03.545+0000] {processor.py:830} INFO - Processing file /home/airflow/.local/lib/python3.12/site-packages/airflow/example_dags/example_skip_dag.py for tasks to queue
[2026-02-14T16:13:03.546+0000] {logging_mixin.py:188} INFO - [2026-02-14T16:13:03.546+0000] {dagbag.py:545} INFO - Filling up the DagBag from /home/airflow/.local/lib/python3.12/site-packages/airflow/example_dags/example_skip_dag.py
[2026-02-14T16:13:03.548+0000] {processor.py:840} INFO - DAG(s) 'example_skip_dag' retrieved from /home/airflow/.local/lib/python3.12/site-packages/airflow/example_dags/example_skip_dag.py
[2026-02-14T16:13:03.556+0000] {logging_mixin.py:188} INFO - [2026-02-14T16:13:03.556+0000] {dag.py:3089} INFO - Sync 1 DAGs
[2026-02-14T16:13:03.564+0000] {logging_mixin.py:188} INFO - [2026-02-14T16:13:03.564+0000] {dag.py:3947} INFO - Setting next_dagrun for example_skip_dag to 2026-02-13 00:00:00+00:00, run_after=2026-02-14 00:00:00+00:00
[2026-02-14T16:13:03.570+0000] {processor.py:183} INFO - Processing /home/airflow/.local/lib/python3.12/site-packages/airflow/example_dags/example_skip_dag.py took 0.028 seconds
[2026-02-14T16:13:33.818+0000] {processor.py:161} INFO - Started process (PID=3182) to work on /home/airflow/.local/lib/python3.12/site-packages/airflow/example_dags/example_skip_dag.py
[2026-02-14T16:13:33.819+0000] {processor.py:830} INFO - Processing file /home/airflow/.local/lib/python3.12/site-packages/airflow/example_dags/example_skip_dag.py for tasks to queue
[2026-02-14T16:13:33.819+0000] {logging_mixin.py:188} INFO - [2026-02-14T16:13:33.819+0000] {dagbag.py:545} INFO - Filling up the DagBag from /home/airflow/.local/lib/python3.12/site-packages/airflow/example_dags/example_skip_dag.py
[2026-02-14T16:13:33.822+0000] {processor.py:840} INFO - DAG(s) 'example_skip_dag' retrieved from /home/airflow/.local/lib/python3.12/site-packages/airflow/example_dags/example_skip_dag.py
[2026-02-14T16:13:33.829+0000] {logging_mixin.py:188} INFO - [2026-02-14T16:13:33.829+0000] {dag.py:3089} INFO - Sync 1 DAGs
[2026-02-14T16:13:33.838+0000] {logging_mixin.py:188} INFO - [2026-02-14T16:13:33.838+0000] {dag.py:3947} INFO - Setting next_dagrun for example_skip_dag to 2026-02-13 00:00:00+00:00, run_after=2026-02-14 00:00:00+00:00
[2026-02-14T16:13:33.844+0000] {processor.py:183} INFO - Processing /home/airflow/.local/lib/python3.12/site-packages/airflow/example_dags/example_skip_dag.py took 0.028 seconds
[2026-02-14T16:14:04.252+0000] {processor.py:161} INFO - Started process (PID=3241) to work on /home/airflow/.local/lib/python3.12/site-packages/airflow/example_dags/example_skip_dag.py
[2026-02-14T16:14:04.253+0000] {processor.py:830} INFO - Processing file /home/airflow/.local/lib/python3.12/site-packages/airflow/example_dags/example_skip_dag.py for tasks to queue
[2026-02-14T16:14:04.255+0000] {logging_mixin.py:188} INFO - [2026-02-14T16:14:04.255+0000] {dagbag.py:545} INFO - Filling up the DagBag from /home/airflow/.local/lib/python3.12/site-packages/airflow/example_dags/example_skip_dag.py
[2026-02-14T16:14:04.260+0000] {processor.py:840} INFO - DAG(s) 'example_skip_dag' retrieved from /home/airflow/.local/lib/python3.12/site-packages/airflow/example_dags/example_skip_dag.py
[2026-02-14T16:14:04.275+0000] {logging_mixin.py:188} INFO - [2026-02-14T16:14:04.275+0000] {dag.py:3089} INFO - Sync 1 DAGs
[2026-02-14T16:14:04.288+0000] {logging_mixin.py:188} INFO - [2026-02-14T16:14:04.288+0000] {dag.py:3947} INFO - Setting next_dagrun for example_skip_dag to 2026-02-13 00:00:00+00:00, run_after=2026-02-14 00:00:00+00:00
[2026-02-14T16:14:04.299+0000] {processor.py:183} INFO - Processing /home/airflow/.local/lib/python3.12/site-packages/airflow/example_dags/example_skip_dag.py took 0.051 seconds
[2026-02-14T16:14:35.241+0000] {processor.py:161} INFO - Started process (PID=3300) to work on /home/airflow/.local/lib/python3.12/site-packages/airflow/example_dags/example_skip_dag.py
[2026-02-14T16:14:35.243+0000] {processor.py:830} INFO - Processing file /home/airflow/.local/lib/python3.12/site-packages/airflow/example_dags/example_skip_dag.py for tasks to queue
[2026-02-14T16:14:35.250+0000] {logging_mixin.py:188} INFO - [2026-02-14T16:14:35.249+0000] {dagbag.py:545} INFO - Filling up the DagBag from /home/airflow/.local/lib/python3.12/site-packages/airflow/example_dags/example_skip_dag.py
[2026-02-14T16:14:35.279+0000] {processor.py:840} INFO - DAG(s) 'example_skip_dag' retrieved from /home/airflow/.local/lib/python3.12/site-packages/airflow/example_dags/example_skip_dag.py
[2026-02-14T16:14:35.371+0000] {logging_mixin.py:188} INFO - [2026-02-14T16:14:35.371+0000] {dag.py:3089} INFO - Sync 1 DAGs
[2026-02-14T16:14:35.454+0000] {logging_mixin.py:188} INFO - [2026-02-14T16:14:35.454+0000] {dag.py:3947} INFO - Setting next_dagrun for example_skip_dag to 2026-02-13 00:00:00+00:00, run_after=2026-02-14 00:00:00+00:00
[2026-02-14T16:14:35.643+0000] {processor.py:183} INFO - Processing /home/airflow/.local/lib/python3.12/site-packages/airflow/example_dags/example_skip_dag.py took 0.407 seconds
[2026-02-14T16:15:05.730+0000] {processor.py:161} INFO - Started process (PID=3360) to work on /home/airflow/.local/lib/python3.12/site-packages/airflow/example_dags/example_skip_dag.py
[2026-02-14T16:15:05.730+0000] {processor.py:830} INFO - Processing file /home/airflow/.local/lib/python3.12/site-packages/airflow/example_dags/example_skip_dag.py for tasks to queue
[2026-02-14T16:15:05.732+0000] {logging_mixin.py:188} INFO - [2026-02-14T16:15:05.732+0000] {dagbag.py:545} INFO - Filling up the DagBag from /home/airflow/.local/lib/python3.12/site-packages/airflow/example_dags/example_skip_dag.py
[2026-02-14T16:15:05.735+0000] {processor.py:840} INFO - DAG(s) 'example_skip_dag' retrieved from /home/airflow/.local/lib/python3.12/site-packages/airflow/example_dags/example_skip_dag.py
[2026-02-14T16:15:05.743+0000] {logging_mixin.py:188} INFO - [2026-02-14T16:15:05.743+0000] {dag.py:3089} INFO - Sync 1 DAGs
[2026-02-14T16:15:05.751+0000] {logging_mixin.py:188} INFO - [2026-02-14T16:15:05.751+0000] {dag.py:3947} INFO - Setting next_dagrun for example_skip_dag to 2026-02-13 00:00:00+00:00, run_after=2026-02-14 00:00:00+00:00
[2026-02-14T16:15:05.757+0000] {processor.py:183} INFO - Processing /home/airflow/.local/lib/python3.12/site-packages/airflow/example_dags/example_skip_dag.py took 0.029 seconds
[2026-02-14T16:15:36.324+0000] {processor.py:161} INFO - Started process (PID=3418) to work on /home/airflow/.local/lib/python3.12/site-packages/airflow/example_dags/example_skip_dag.py
[2026-02-14T16:15:36.325+0000] {processor.py:830} INFO - Processing file /home/airflow/.local/lib/python3.12/site-packages/airflow/example_dags/example_skip_dag.py for tasks to queue
[2026-02-14T16:15:36.327+0000] {logging_mixin.py:188} INFO - [2026-02-14T16:15:36.326+0000] {dagbag.py:545} INFO - Filling up the DagBag from /home/airflow/.local/lib/python3.12/site-packages/airflow/example_dags/example_skip_dag.py
[2026-02-14T16:15:36.330+0000] {processor.py:840} INFO - DAG(s) 'example_skip_dag' retrieved from /home/airflow/.local/lib/python3.12/site-packages/airflow/example_dags/example_skip_dag.py
[2026-02-14T16:15:36.339+0000] {logging_mixin.py:188} INFO - [2026-02-14T16:15:36.339+0000] {dag.py:3089} INFO - Sync 1 DAGs
[2026-02-14T16:15:36.349+0000] {logging_mixin.py:188} INFO - [2026-02-14T16:15:36.349+0000] {dag.py:3947} INFO - Setting next_dagrun for example_skip_dag to 2026-02-13 00:00:00+00:00, run_after=2026-02-14 00:00:00+00:00
[2026-02-14T16:15:36.355+0000] {processor.py:183} INFO - Processing /home/airflow/.local/lib/python3.12/site-packages/airflow/example_dags/example_skip_dag.py took 0.033 seconds
[2026-02-14T16:16:06.474+0000] {processor.py:161} INFO - Started process (PID=3477) to work on /home/airflow/.local/lib/python3.12/site-packages/airflow/example_dags/example_skip_dag.py
[2026-02-14T16:16:06.475+0000] {processor.py:830} INFO - Processing file /home/airflow/.local/lib/python3.12/site-packages/airflow/example_dags/example_skip_dag.py for tasks to queue
[2026-02-14T16:16:06.476+0000] {logging_mixin.py:188} INFO - [2026-02-14T16:16:06.476+0000] {dagbag.py:545} INFO - Filling up the DagBag from /home/airflow/.local/lib/python3.12/site-packages/airflow/example_dags/example_skip_dag.py
[2026-02-14T16:16:06.480+0000] {processor.py:840} INFO - DAG(s) 'example_skip_dag' retrieved from /home/airflow/.local/lib/python3.12/site-packages/airflow/example_dags/example_skip_dag.py
[2026-02-14T16:16:06.493+0000] {logging_mixin.py:188} INFO - [2026-02-14T16:16:06.493+0000] {dag.py:3089} INFO - Sync 1 DAGs
[2026-02-14T16:16:06.505+0000] {logging_mixin.py:188} INFO - [2026-02-14T16:16:06.505+0000] {dag.py:3947} INFO - Setting next_dagrun for example_skip_dag to 2026-02-13 00:00:00+00:00, run_after=2026-02-14 00:00:00+00:00
[2026-02-14T16:16:06.512+0000] {processor.py:183} INFO - Processing /home/airflow/.local/lib/python3.12/site-packages/airflow/example_dags/example_skip_dag.py took 0.041 seconds
[2026-02-14T16:16:37.029+0000] {processor.py:161} INFO - Started process (PID=3536) to work on /home/airflow/.local/lib/python3.12/site-packages/airflow/example_dags/example_skip_dag.py
[2026-02-14T16:16:37.030+0000] {processor.py:830} INFO - Processing file /home/airflow/.local/lib/python3.12/site-packages/airflow/example_dags/example_skip_dag.py for tasks to queue
[2026-02-14T16:16:37.031+0000] {logging_mixin.py:188} INFO - [2026-02-14T16:16:37.031+0000] {dagbag.py:545} INFO - Filling up the DagBag from /home/airflow/.local/lib/python3.12/site-packages/airflow/example_dags/example_skip_dag.py
[2026-02-14T16:16:37.034+0000] {processor.py:840} INFO - DAG(s) 'example_skip_dag' retrieved from /home/airflow/.local/lib/python3.12/site-packages/airflow/example_dags/example_skip_dag.py
[2026-02-14T16:16:37.044+0000] {logging_mixin.py:188} INFO - [2026-02-14T16:16:37.044+0000] {dag.py:3089} INFO - Sync 1 DAGs
[2026-02-14T16:16:37.052+0000] {logging_mixin.py:188} INFO - [2026-02-14T16:16:37.052+0000] {dag.py:3947} INFO - Setting next_dagrun for example_skip_dag to 2026-02-13 00:00:00+00:00, run_after=2026-02-14 00:00:00+00:00
[2026-02-14T16:16:37.059+0000] {processor.py:183} INFO - Processing /home/airflow/.local/lib/python3.12/site-packages/airflow/example_dags/example_skip_dag.py took 0.032 seconds
[2026-02-14T16:17:07.578+0000] {processor.py:161} INFO - Started process (PID=3595) to work on /home/airflow/.local/lib/python3.12/site-packages/airflow/example_dags/example_skip_dag.py
[2026-02-14T16:17:07.579+0000] {processor.py:830} INFO - Processing file /home/airflow/.local/lib/python3.12/site-packages/airflow/example_dags/example_skip_dag.py for tasks to queue
[2026-02-14T16:17:07.580+0000] {logging_mixin.py:188} INFO - [2026-02-14T16:17:07.580+0000] {dagbag.py:545} INFO - Filling up the DagBag from /home/airflow/.local/lib/python3.12/site-packages/airflow/example_dags/example_skip_dag.py
[2026-02-14T16:17:07.583+0000] {processor.py:840} INFO - DAG(s) 'example_skip_dag' retrieved from /home/airflow/.local/lib/python3.12/site-packages/airflow/example_dags/example_skip_dag.py
[2026-02-14T16:17:07.596+0000] {logging_mixin.py:188} INFO - [2026-02-14T16:17:07.596+0000] {dag.py:3089} INFO - Sync 1 DAGs
[2026-02-14T16:17:07.608+0000] {logging_mixin.py:188} INFO - [2026-02-14T16:17:07.607+0000] {dag.py:3947} INFO - Setting next_dagrun for example_skip_dag to 2026-02-13 00:00:00+00:00, run_after=2026-02-14 00:00:00+00:00
[2026-02-14T16:17:07.617+0000] {processor.py:183} INFO - Processing /home/airflow/.local/lib/python3.12/site-packages/airflow/example_dags/example_skip_dag.py took 0.041 seconds
[2026-02-14T16:17:38.225+0000] {processor.py:161} INFO - Started process (PID=3654) to work on /home/airflow/.local/lib/python3.12/site-packages/airflow/example_dags/example_skip_dag.py
[2026-02-14T16:17:38.226+0000] {processor.py:830} INFO - Processing file /home/airflow/.local/lib/python3.12/site-packages/airflow/example_dags/example_skip_dag.py for tasks to queue
[2026-02-14T16:17:38.227+0000] {logging_mixin.py:188} INFO - [2026-02-14T16:17:38.227+0000] {dagbag.py:545} INFO - Filling up the DagBag from /home/airflow/.local/lib/python3.12/site-packages/airflow/example_dags/example_skip_dag.py
[2026-02-14T16:17:38.230+0000] {processor.py:840} INFO - DAG(s) 'example_skip_dag' retrieved from /home/airflow/.local/lib/python3.12/site-packages/airflow/example_dags/example_skip_dag.py
[2026-02-14T16:17:38.238+0000] {logging_mixin.py:188} INFO - [2026-02-14T16:17:38.238+0000] {dag.py:3089} INFO - Sync 1 DAGs
[2026-02-14T16:17:38.246+0000] {logging_mixin.py:188} INFO - [2026-02-14T16:17:38.246+0000] {dag.py:3947} INFO - Setting next_dagrun for example_skip_dag to 2026-02-13 00:00:00+00:00, run_after=2026-02-14 00:00:00+00:00
[2026-02-14T16:17:38.255+0000] {processor.py:183} INFO - Processing /home/airflow/.local/lib/python3.12/site-packages/airflow/example_dags/example_skip_dag.py took 0.033 seconds
[2026-02-14T16:18:08.842+0000] {processor.py:161} INFO - Started process (PID=3713) to work on /home/airflow/.local/lib/python3.12/site-packages/airflow/example_dags/example_skip_dag.py
[2026-02-14T16:18:08.842+0000] {processor.py:830} INFO - Processing file /home/airflow/.local/lib/python3.12/site-packages/airflow/example_dags/example_skip_dag.py for tasks to queue
[2026-02-14T16:18:08.843+0000] {logging_mixin.py:188} INFO - [2026-02-14T16:18:08.843+0000] {dagbag.py:545} INFO - Filling up the DagBag from /home/airflow/.local/lib/python3.12/site-packages/airflow/example_dags/example_skip_dag.py
[2026-02-14T16:18:08.846+0000] {processor.py:840} INFO - DAG(s) 'example_skip_dag' retrieved from /home/airflow/.local/lib/python3.12/site-packages/airflow/example_dags/example_skip_dag.py
[2026-02-14T16:18:08.853+0000] {logging_mixin.py:188} INFO - [2026-02-14T16:18:08.853+0000] {dag.py:3089} INFO - Sync 1 DAGs
[2026-02-14T16:18:08.862+0000] {logging_mixin.py:188} INFO - [2026-02-14T16:18:08.862+0000] {dag.py:3947} INFO - Setting next_dagrun for example_skip_dag to 2026-02-13 00:00:00+00:00, run_after=2026-02-14 00:00:00+00:00
[2026-02-14T16:18:08.871+0000] {processor.py:183} INFO - Processing /home/airflow/.local/lib/python3.12/site-packages/airflow/example_dags/example_skip_dag.py took 0.032 seconds
[2026-02-14T16:18:39.496+0000] {processor.py:161} INFO - Started process (PID=3772) to work on /home/airflow/.local/lib/python3.12/site-packages/airflow/example_dags/example_skip_dag.py
[2026-02-14T16:18:39.498+0000] {processor.py:830} INFO - Processing file /home/airflow/.local/lib/python3.12/site-packages/airflow/example_dags/example_skip_dag.py for tasks to queue
[2026-02-14T16:18:39.500+0000] {logging_mixin.py:188} INFO - [2026-02-14T16:18:39.500+0000] {dagbag.py:545} INFO - Filling up the DagBag from /home/airflow/.local/lib/python3.12/site-packages/airflow/example_dags/example_skip_dag.py
[2026-02-14T16:18:39.503+0000] {processor.py:840} INFO - DAG(s) 'example_skip_dag' retrieved from /home/airflow/.local/lib/python3.12/site-packages/airflow/example_dags/example_skip_dag.py
[2026-02-14T16:18:39.513+0000] {logging_mixin.py:188} INFO - [2026-02-14T16:18:39.513+0000] {dag.py:3089} INFO - Sync 1 DAGs
[2026-02-14T16:18:39.534+0000] {logging_mixin.py:188} INFO - [2026-02-14T16:18:39.534+0000] {dag.py:3947} INFO - Setting next_dagrun for example_skip_dag to 2026-02-13 00:00:00+00:00, run_after=2026-02-14 00:00:00+00:00
[2026-02-14T16:18:39.547+0000] {processor.py:183} INFO - Processing /home/airflow/.local/lib/python3.12/site-packages/airflow/example_dags/example_skip_dag.py took 0.054 seconds
[2026-02-14T16:19:09.674+0000] {processor.py:161} INFO - Started process (PID=3831) to work on /home/airflow/.local/lib/python3.12/site-packages/airflow/example_dags/example_skip_dag.py
[2026-02-14T16:19:09.675+0000] {processor.py:830} INFO - Processing file /home/airflow/.local/lib/python3.12/site-packages/airflow/example_dags/example_skip_dag.py for tasks to queue
[2026-02-14T16:19:09.677+0000] {logging_mixin.py:188} INFO - [2026-02-14T16:19:09.676+0000] {dagbag.py:545} INFO - Filling up the DagBag from /home/airflow/.local/lib/python3.12/site-packages/airflow/example_dags/example_skip_dag.py
[2026-02-14T16:19:09.680+0000] {processor.py:840} INFO - DAG(s) 'example_skip_dag' retrieved from /home/airflow/.local/lib/python3.12/site-packages/airflow/example_dags/example_skip_dag.py
[2026-02-14T16:19:09.689+0000] {logging_mixin.py:188} INFO - [2026-02-14T16:19:09.689+0000] {dag.py:3089} INFO - Sync 1 DAGs
[2026-02-14T16:19:09.700+0000] {logging_mixin.py:188} INFO - [2026-02-14T16:19:09.700+0000] {dag.py:3947} INFO - Setting next_dagrun for example_skip_dag to 2026-02-13 00:00:00+00:00, run_after=2026-02-14 00:00:00+00:00
[2026-02-14T16:19:09.711+0000] {processor.py:183} INFO - Processing /home/airflow/.local/lib/python3.12/site-packages/airflow/example_dags/example_skip_dag.py took 0.039 seconds
[2026-02-14T16:19:40.436+0000] {processor.py:161} INFO - Started process (PID=3890) to work on /home/airflow/.local/lib/python3.12/site-packages/airflow/example_dags/example_skip_dag.py
[2026-02-14T16:19:40.437+0000] {processor.py:830} INFO - Processing file /home/airflow/.local/lib/python3.12/site-packages/airflow/example_dags/example_skip_dag.py for tasks to queue
[2026-02-14T16:19:40.438+0000] {logging_mixin.py:188} INFO - [2026-02-14T16:19:40.437+0000] {dagbag.py:545} INFO - Filling up the DagBag from /home/airflow/.local/lib/python3.12/site-packages/airflow/example_dags/example_skip_dag.py
[2026-02-14T16:19:40.441+0000] {processor.py:840} INFO - DAG(s) 'example_skip_dag' retrieved from /home/airflow/.local/lib/python3.12/site-packages/airflow/example_dags/example_skip_dag.py
[2026-02-14T16:19:40.456+0000] {logging_mixin.py:188} INFO - [2026-02-14T16:19:40.456+0000] {dag.py:3089} INFO - Sync 1 DAGs
[2026-02-14T16:19:40.469+0000] {logging_mixin.py:188} INFO - [2026-02-14T16:19:40.469+0000] {dag.py:3947} INFO - Setting next_dagrun for example_skip_dag to 2026-02-13 00:00:00+00:00, run_after=2026-02-14 00:00:00+00:00
[2026-02-14T16:19:40.478+0000] {processor.py:183} INFO - Processing /home/airflow/.local/lib/python3.12/site-packages/airflow/example_dags/example_skip_dag.py took 0.045 seconds
[2026-02-14T16:20:10.850+0000] {processor.py:161} INFO - Started process (PID=3949) to work on /home/airflow/.local/lib/python3.12/site-packages/airflow/example_dags/example_skip_dag.py
[2026-02-14T16:20:10.851+0000] {processor.py:830} INFO - Processing file /home/airflow/.local/lib/python3.12/site-packages/airflow/example_dags/example_skip_dag.py for tasks to queue
[2026-02-14T16:20:10.853+0000] {logging_mixin.py:188} INFO - [2026-02-14T16:20:10.853+0000] {dagbag.py:545} INFO - Filling up the DagBag from /home/airflow/.local/lib/python3.12/site-packages/airflow/example_dags/example_skip_dag.py
[2026-02-14T16:20:10.858+0000] {processor.py:840} INFO - DAG(s) 'example_skip_dag' retrieved from /home/airflow/.local/lib/python3.12/site-packages/airflow/example_dags/example_skip_dag.py
[2026-02-14T16:20:10.887+0000] {logging_mixin.py:188} INFO - [2026-02-14T16:20:10.886+0000] {dag.py:3089} INFO - Sync 1 DAGs
[2026-02-14T16:20:10.916+0000] {logging_mixin.py:188} INFO - [2026-02-14T16:20:10.916+0000] {dag.py:3947} INFO - Setting next_dagrun for example_skip_dag to 2026-02-13 00:00:00+00:00, run_after=2026-02-14 00:00:00+00:00
[2026-02-14T16:20:10.929+0000] {processor.py:183} INFO - Processing /home/airflow/.local/lib/python3.12/site-packages/airflow/example_dags/example_skip_dag.py took 0.081 seconds
[2026-02-14T16:20:41.335+0000] {processor.py:161} INFO - Started process (PID=4008) to work on /home/airflow/.local/lib/python3.12/site-packages/airflow/example_dags/example_skip_dag.py
[2026-02-14T16:20:41.336+0000] {processor.py:830} INFO - Processing file /home/airflow/.local/lib/python3.12/site-packages/airflow/example_dags/example_skip_dag.py for tasks to queue
[2026-02-14T16:20:41.338+0000] {logging_mixin.py:188} INFO - [2026-02-14T16:20:41.337+0000] {dagbag.py:545} INFO - Filling up the DagBag from /home/airflow/.local/lib/python3.12/site-packages/airflow/example_dags/example_skip_dag.py
[2026-02-14T16:20:41.341+0000] {processor.py:840} INFO - DAG(s) 'example_skip_dag' retrieved from /home/airflow/.local/lib/python3.12/site-packages/airflow/example_dags/example_skip_dag.py
[2026-02-14T16:20:41.353+0000] {logging_mixin.py:188} INFO - [2026-02-14T16:20:41.353+0000] {dag.py:3089} INFO - Sync 1 DAGs
[2026-02-14T16:20:41.362+0000] {logging_mixin.py:188} INFO - [2026-02-14T16:20:41.362+0000] {dag.py:3947} INFO - Setting next_dagrun for example_skip_dag to 2026-02-13 00:00:00+00:00, run_after=2026-02-14 00:00:00+00:00
[2026-02-14T16:20:41.372+0000] {processor.py:183} INFO - Processing /home/airflow/.local/lib/python3.12/site-packages/airflow/example_dags/example_skip_dag.py took 0.039 seconds
[2026-02-14T16:21:11.951+0000] {processor.py:161} INFO - Started process (PID=4067) to work on /home/airflow/.local/lib/python3.12/site-packages/airflow/example_dags/example_skip_dag.py
[2026-02-14T16:21:11.952+0000] {processor.py:830} INFO - Processing file /home/airflow/.local/lib/python3.12/site-packages/airflow/example_dags/example_skip_dag.py for tasks to queue
[2026-02-14T16:21:11.952+0000] {logging_mixin.py:188} INFO - [2026-02-14T16:21:11.952+0000] {dagbag.py:545} INFO - Filling up the DagBag from /home/airflow/.local/lib/python3.12/site-packages/airflow/example_dags/example_skip_dag.py
[2026-02-14T16:21:11.955+0000] {processor.py:840} INFO - DAG(s) 'example_skip_dag' retrieved from /home/airflow/.local/lib/python3.12/site-packages/airflow/example_dags/example_skip_dag.py
[2026-02-14T16:21:11.964+0000] {logging_mixin.py:188} INFO - [2026-02-14T16:21:11.964+0000] {dag.py:3089} INFO - Sync 1 DAGs
[2026-02-14T16:21:11.972+0000] {logging_mixin.py:188} INFO - [2026-02-14T16:21:11.972+0000] {dag.py:3947} INFO - Setting next_dagrun for example_skip_dag to 2026-02-13 00:00:00+00:00, run_after=2026-02-14 00:00:00+00:00
[2026-02-14T16:21:11.988+0000] {processor.py:183} INFO - Processing /home/airflow/.local/lib/python3.12/site-packages/airflow/example_dags/example_skip_dag.py took 0.040 seconds
