[2026-02-14T15:46:38.491+0000] {processor.py:161} INFO - Started process (PID=76) to work on /home/airflow/.local/lib/python3.12/site-packages/airflow/example_dags/example_python_operator.py
[2026-02-14T15:46:38.491+0000] {processor.py:830} INFO - Processing file /home/airflow/.local/lib/python3.12/site-packages/airflow/example_dags/example_python_operator.py for tasks to queue
[2026-02-14T15:46:38.492+0000] {logging_mixin.py:188} INFO - [2026-02-14T15:46:38.492+0000] {dagbag.py:545} INFO - Filling up the DagBag from /home/airflow/.local/lib/python3.12/site-packages/airflow/example_dags/example_python_operator.py
[2026-02-14T15:46:38.502+0000] {processor.py:840} INFO - DAG(s) 'example_python_operator' retrieved from /home/airflow/.local/lib/python3.12/site-packages/airflow/example_dags/example_python_operator.py
[2026-02-14T15:46:38.515+0000] {logging_mixin.py:188} INFO - [2026-02-14T15:46:38.514+0000] {dag.py:3089} INFO - Sync 1 DAGs
[2026-02-14T15:46:38.521+0000] {logging_mixin.py:188} INFO - [2026-02-14T15:46:38.521+0000] {dag.py:3947} INFO - Setting next_dagrun for example_python_operator to None, run_after=None
[2026-02-14T15:46:38.532+0000] {processor.py:183} INFO - Processing /home/airflow/.local/lib/python3.12/site-packages/airflow/example_dags/example_python_operator.py took 0.044 seconds
[2026-02-14T15:47:09.329+0000] {processor.py:161} INFO - Started process (PID=141) to work on /home/airflow/.local/lib/python3.12/site-packages/airflow/example_dags/example_python_operator.py
[2026-02-14T15:47:09.330+0000] {processor.py:830} INFO - Processing file /home/airflow/.local/lib/python3.12/site-packages/airflow/example_dags/example_python_operator.py for tasks to queue
[2026-02-14T15:47:09.331+0000] {logging_mixin.py:188} INFO - [2026-02-14T15:47:09.331+0000] {dagbag.py:545} INFO - Filling up the DagBag from /home/airflow/.local/lib/python3.12/site-packages/airflow/example_dags/example_python_operator.py
[2026-02-14T15:47:09.335+0000] {processor.py:840} INFO - DAG(s) 'example_python_operator' retrieved from /home/airflow/.local/lib/python3.12/site-packages/airflow/example_dags/example_python_operator.py
[2026-02-14T15:47:09.371+0000] {logging_mixin.py:188} INFO - [2026-02-14T15:47:09.371+0000] {dag.py:3089} INFO - Sync 1 DAGs
[2026-02-14T15:47:09.376+0000] {logging_mixin.py:188} INFO - [2026-02-14T15:47:09.376+0000] {dag.py:3947} INFO - Setting next_dagrun for example_python_operator to None, run_after=None
[2026-02-14T15:47:09.385+0000] {processor.py:183} INFO - Processing /home/airflow/.local/lib/python3.12/site-packages/airflow/example_dags/example_python_operator.py took 0.057 seconds
[2026-02-14T15:47:40.169+0000] {processor.py:161} INFO - Started process (PID=200) to work on /home/airflow/.local/lib/python3.12/site-packages/airflow/example_dags/example_python_operator.py
[2026-02-14T15:47:40.170+0000] {processor.py:830} INFO - Processing file /home/airflow/.local/lib/python3.12/site-packages/airflow/example_dags/example_python_operator.py for tasks to queue
[2026-02-14T15:47:40.171+0000] {logging_mixin.py:188} INFO - [2026-02-14T15:47:40.171+0000] {dagbag.py:545} INFO - Filling up the DagBag from /home/airflow/.local/lib/python3.12/site-packages/airflow/example_dags/example_python_operator.py
[2026-02-14T15:47:40.175+0000] {processor.py:840} INFO - DAG(s) 'example_python_operator' retrieved from /home/airflow/.local/lib/python3.12/site-packages/airflow/example_dags/example_python_operator.py
[2026-02-14T15:47:40.184+0000] {logging_mixin.py:188} INFO - [2026-02-14T15:47:40.184+0000] {dag.py:3089} INFO - Sync 1 DAGs
[2026-02-14T15:47:40.189+0000] {logging_mixin.py:188} INFO - [2026-02-14T15:47:40.189+0000] {dag.py:3947} INFO - Setting next_dagrun for example_python_operator to None, run_after=None
[2026-02-14T15:47:40.197+0000] {processor.py:183} INFO - Processing /home/airflow/.local/lib/python3.12/site-packages/airflow/example_dags/example_python_operator.py took 0.031 seconds
[2026-02-14T15:48:10.745+0000] {processor.py:161} INFO - Started process (PID=259) to work on /home/airflow/.local/lib/python3.12/site-packages/airflow/example_dags/example_python_operator.py
[2026-02-14T15:48:10.746+0000] {processor.py:830} INFO - Processing file /home/airflow/.local/lib/python3.12/site-packages/airflow/example_dags/example_python_operator.py for tasks to queue
[2026-02-14T15:48:10.747+0000] {logging_mixin.py:188} INFO - [2026-02-14T15:48:10.747+0000] {dagbag.py:545} INFO - Filling up the DagBag from /home/airflow/.local/lib/python3.12/site-packages/airflow/example_dags/example_python_operator.py
[2026-02-14T15:48:10.752+0000] {processor.py:840} INFO - DAG(s) 'example_python_operator' retrieved from /home/airflow/.local/lib/python3.12/site-packages/airflow/example_dags/example_python_operator.py
[2026-02-14T15:48:10.759+0000] {logging_mixin.py:188} INFO - [2026-02-14T15:48:10.759+0000] {dag.py:3089} INFO - Sync 1 DAGs
[2026-02-14T15:48:10.763+0000] {logging_mixin.py:188} INFO - [2026-02-14T15:48:10.763+0000] {dag.py:3947} INFO - Setting next_dagrun for example_python_operator to None, run_after=None
[2026-02-14T15:48:10.769+0000] {processor.py:183} INFO - Processing /home/airflow/.local/lib/python3.12/site-packages/airflow/example_dags/example_python_operator.py took 0.026 seconds
[2026-02-14T15:48:41.350+0000] {processor.py:161} INFO - Started process (PID=318) to work on /home/airflow/.local/lib/python3.12/site-packages/airflow/example_dags/example_python_operator.py
[2026-02-14T15:48:41.351+0000] {processor.py:830} INFO - Processing file /home/airflow/.local/lib/python3.12/site-packages/airflow/example_dags/example_python_operator.py for tasks to queue
[2026-02-14T15:48:41.353+0000] {logging_mixin.py:188} INFO - [2026-02-14T15:48:41.353+0000] {dagbag.py:545} INFO - Filling up the DagBag from /home/airflow/.local/lib/python3.12/site-packages/airflow/example_dags/example_python_operator.py
[2026-02-14T15:48:41.357+0000] {processor.py:840} INFO - DAG(s) 'example_python_operator' retrieved from /home/airflow/.local/lib/python3.12/site-packages/airflow/example_dags/example_python_operator.py
[2026-02-14T15:48:41.367+0000] {logging_mixin.py:188} INFO - [2026-02-14T15:48:41.367+0000] {dag.py:3089} INFO - Sync 1 DAGs
[2026-02-14T15:48:41.371+0000] {logging_mixin.py:188} INFO - [2026-02-14T15:48:41.371+0000] {dag.py:3947} INFO - Setting next_dagrun for example_python_operator to None, run_after=None
[2026-02-14T15:48:41.377+0000] {processor.py:183} INFO - Processing /home/airflow/.local/lib/python3.12/site-packages/airflow/example_dags/example_python_operator.py took 0.029 seconds
[2026-02-14T15:49:11.998+0000] {processor.py:161} INFO - Started process (PID=377) to work on /home/airflow/.local/lib/python3.12/site-packages/airflow/example_dags/example_python_operator.py
[2026-02-14T15:49:12.000+0000] {processor.py:830} INFO - Processing file /home/airflow/.local/lib/python3.12/site-packages/airflow/example_dags/example_python_operator.py for tasks to queue
[2026-02-14T15:49:12.001+0000] {logging_mixin.py:188} INFO - [2026-02-14T15:49:12.001+0000] {dagbag.py:545} INFO - Filling up the DagBag from /home/airflow/.local/lib/python3.12/site-packages/airflow/example_dags/example_python_operator.py
[2026-02-14T15:49:12.005+0000] {processor.py:840} INFO - DAG(s) 'example_python_operator' retrieved from /home/airflow/.local/lib/python3.12/site-packages/airflow/example_dags/example_python_operator.py
[2026-02-14T15:49:12.013+0000] {logging_mixin.py:188} INFO - [2026-02-14T15:49:12.013+0000] {dag.py:3089} INFO - Sync 1 DAGs
[2026-02-14T15:49:12.017+0000] {logging_mixin.py:188} INFO - [2026-02-14T15:49:12.017+0000] {dag.py:3947} INFO - Setting next_dagrun for example_python_operator to None, run_after=None
[2026-02-14T15:49:12.026+0000] {processor.py:183} INFO - Processing /home/airflow/.local/lib/python3.12/site-packages/airflow/example_dags/example_python_operator.py took 0.030 seconds
[2026-02-14T15:49:42.388+0000] {processor.py:161} INFO - Started process (PID=436) to work on /home/airflow/.local/lib/python3.12/site-packages/airflow/example_dags/example_python_operator.py
[2026-02-14T15:49:42.388+0000] {processor.py:830} INFO - Processing file /home/airflow/.local/lib/python3.12/site-packages/airflow/example_dags/example_python_operator.py for tasks to queue
[2026-02-14T15:49:42.391+0000] {logging_mixin.py:188} INFO - [2026-02-14T15:49:42.390+0000] {dagbag.py:545} INFO - Filling up the DagBag from /home/airflow/.local/lib/python3.12/site-packages/airflow/example_dags/example_python_operator.py
[2026-02-14T15:49:42.394+0000] {processor.py:840} INFO - DAG(s) 'example_python_operator' retrieved from /home/airflow/.local/lib/python3.12/site-packages/airflow/example_dags/example_python_operator.py
[2026-02-14T15:49:42.402+0000] {logging_mixin.py:188} INFO - [2026-02-14T15:49:42.402+0000] {dag.py:3089} INFO - Sync 1 DAGs
[2026-02-14T15:49:42.407+0000] {logging_mixin.py:188} INFO - [2026-02-14T15:49:42.407+0000] {dag.py:3947} INFO - Setting next_dagrun for example_python_operator to None, run_after=None
[2026-02-14T15:49:42.414+0000] {processor.py:183} INFO - Processing /home/airflow/.local/lib/python3.12/site-packages/airflow/example_dags/example_python_operator.py took 0.029 seconds
[2026-02-14T15:50:12.816+0000] {processor.py:161} INFO - Started process (PID=495) to work on /home/airflow/.local/lib/python3.12/site-packages/airflow/example_dags/example_python_operator.py
[2026-02-14T15:50:12.817+0000] {processor.py:830} INFO - Processing file /home/airflow/.local/lib/python3.12/site-packages/airflow/example_dags/example_python_operator.py for tasks to queue
[2026-02-14T15:50:12.818+0000] {logging_mixin.py:188} INFO - [2026-02-14T15:50:12.818+0000] {dagbag.py:545} INFO - Filling up the DagBag from /home/airflow/.local/lib/python3.12/site-packages/airflow/example_dags/example_python_operator.py
[2026-02-14T15:50:12.824+0000] {processor.py:840} INFO - DAG(s) 'example_python_operator' retrieved from /home/airflow/.local/lib/python3.12/site-packages/airflow/example_dags/example_python_operator.py
[2026-02-14T15:50:12.838+0000] {logging_mixin.py:188} INFO - [2026-02-14T15:50:12.838+0000] {dag.py:3089} INFO - Sync 1 DAGs
[2026-02-14T15:50:12.844+0000] {logging_mixin.py:188} INFO - [2026-02-14T15:50:12.844+0000] {dag.py:3947} INFO - Setting next_dagrun for example_python_operator to None, run_after=None
[2026-02-14T15:50:12.850+0000] {processor.py:183} INFO - Processing /home/airflow/.local/lib/python3.12/site-packages/airflow/example_dags/example_python_operator.py took 0.037 seconds
[2026-02-14T15:50:43.256+0000] {processor.py:161} INFO - Started process (PID=554) to work on /home/airflow/.local/lib/python3.12/site-packages/airflow/example_dags/example_python_operator.py
[2026-02-14T15:50:43.257+0000] {processor.py:830} INFO - Processing file /home/airflow/.local/lib/python3.12/site-packages/airflow/example_dags/example_python_operator.py for tasks to queue
[2026-02-14T15:50:43.257+0000] {logging_mixin.py:188} INFO - [2026-02-14T15:50:43.257+0000] {dagbag.py:545} INFO - Filling up the DagBag from /home/airflow/.local/lib/python3.12/site-packages/airflow/example_dags/example_python_operator.py
[2026-02-14T15:50:43.262+0000] {processor.py:840} INFO - DAG(s) 'example_python_operator' retrieved from /home/airflow/.local/lib/python3.12/site-packages/airflow/example_dags/example_python_operator.py
[2026-02-14T15:50:43.271+0000] {logging_mixin.py:188} INFO - [2026-02-14T15:50:43.271+0000] {dag.py:3089} INFO - Sync 1 DAGs
[2026-02-14T15:50:43.277+0000] {logging_mixin.py:188} INFO - [2026-02-14T15:50:43.277+0000] {dag.py:3947} INFO - Setting next_dagrun for example_python_operator to None, run_after=None
[2026-02-14T15:50:43.286+0000] {processor.py:183} INFO - Processing /home/airflow/.local/lib/python3.12/site-packages/airflow/example_dags/example_python_operator.py took 0.033 seconds
[2026-02-14T15:51:13.995+0000] {processor.py:161} INFO - Started process (PID=613) to work on /home/airflow/.local/lib/python3.12/site-packages/airflow/example_dags/example_python_operator.py
[2026-02-14T15:51:13.996+0000] {processor.py:830} INFO - Processing file /home/airflow/.local/lib/python3.12/site-packages/airflow/example_dags/example_python_operator.py for tasks to queue
[2026-02-14T15:51:13.997+0000] {logging_mixin.py:188} INFO - [2026-02-14T15:51:13.997+0000] {dagbag.py:545} INFO - Filling up the DagBag from /home/airflow/.local/lib/python3.12/site-packages/airflow/example_dags/example_python_operator.py
[2026-02-14T15:51:14.002+0000] {processor.py:840} INFO - DAG(s) 'example_python_operator' retrieved from /home/airflow/.local/lib/python3.12/site-packages/airflow/example_dags/example_python_operator.py
[2026-02-14T15:51:14.018+0000] {logging_mixin.py:188} INFO - [2026-02-14T15:51:14.018+0000] {dag.py:3089} INFO - Sync 1 DAGs
[2026-02-14T15:51:14.024+0000] {logging_mixin.py:188} INFO - [2026-02-14T15:51:14.024+0000] {dag.py:3947} INFO - Setting next_dagrun for example_python_operator to None, run_after=None
[2026-02-14T15:51:14.031+0000] {processor.py:183} INFO - Processing /home/airflow/.local/lib/python3.12/site-packages/airflow/example_dags/example_python_operator.py took 0.039 seconds
[2026-02-14T15:51:44.453+0000] {processor.py:161} INFO - Started process (PID=672) to work on /home/airflow/.local/lib/python3.12/site-packages/airflow/example_dags/example_python_operator.py
[2026-02-14T15:51:44.453+0000] {processor.py:830} INFO - Processing file /home/airflow/.local/lib/python3.12/site-packages/airflow/example_dags/example_python_operator.py for tasks to queue
[2026-02-14T15:51:44.454+0000] {logging_mixin.py:188} INFO - [2026-02-14T15:51:44.454+0000] {dagbag.py:545} INFO - Filling up the DagBag from /home/airflow/.local/lib/python3.12/site-packages/airflow/example_dags/example_python_operator.py
[2026-02-14T15:51:44.458+0000] {processor.py:840} INFO - DAG(s) 'example_python_operator' retrieved from /home/airflow/.local/lib/python3.12/site-packages/airflow/example_dags/example_python_operator.py
[2026-02-14T15:51:44.467+0000] {logging_mixin.py:188} INFO - [2026-02-14T15:51:44.467+0000] {dag.py:3089} INFO - Sync 1 DAGs
[2026-02-14T15:51:44.472+0000] {logging_mixin.py:188} INFO - [2026-02-14T15:51:44.472+0000] {dag.py:3947} INFO - Setting next_dagrun for example_python_operator to None, run_after=None
[2026-02-14T15:51:44.478+0000] {processor.py:183} INFO - Processing /home/airflow/.local/lib/python3.12/site-packages/airflow/example_dags/example_python_operator.py took 0.027 seconds
[2026-02-14T15:52:14.943+0000] {processor.py:161} INFO - Started process (PID=731) to work on /home/airflow/.local/lib/python3.12/site-packages/airflow/example_dags/example_python_operator.py
[2026-02-14T15:52:14.944+0000] {processor.py:830} INFO - Processing file /home/airflow/.local/lib/python3.12/site-packages/airflow/example_dags/example_python_operator.py for tasks to queue
[2026-02-14T15:52:14.945+0000] {logging_mixin.py:188} INFO - [2026-02-14T15:52:14.945+0000] {dagbag.py:545} INFO - Filling up the DagBag from /home/airflow/.local/lib/python3.12/site-packages/airflow/example_dags/example_python_operator.py
[2026-02-14T15:52:14.951+0000] {processor.py:840} INFO - DAG(s) 'example_python_operator' retrieved from /home/airflow/.local/lib/python3.12/site-packages/airflow/example_dags/example_python_operator.py
[2026-02-14T15:52:14.961+0000] {logging_mixin.py:188} INFO - [2026-02-14T15:52:14.961+0000] {dag.py:3089} INFO - Sync 1 DAGs
[2026-02-14T15:52:14.966+0000] {logging_mixin.py:188} INFO - [2026-02-14T15:52:14.966+0000] {dag.py:3947} INFO - Setting next_dagrun for example_python_operator to None, run_after=None
[2026-02-14T15:52:14.973+0000] {processor.py:183} INFO - Processing /home/airflow/.local/lib/python3.12/site-packages/airflow/example_dags/example_python_operator.py took 0.033 seconds
[2026-02-14T15:52:45.344+0000] {processor.py:161} INFO - Started process (PID=790) to work on /home/airflow/.local/lib/python3.12/site-packages/airflow/example_dags/example_python_operator.py
[2026-02-14T15:52:45.345+0000] {processor.py:830} INFO - Processing file /home/airflow/.local/lib/python3.12/site-packages/airflow/example_dags/example_python_operator.py for tasks to queue
[2026-02-14T15:52:45.346+0000] {logging_mixin.py:188} INFO - [2026-02-14T15:52:45.346+0000] {dagbag.py:545} INFO - Filling up the DagBag from /home/airflow/.local/lib/python3.12/site-packages/airflow/example_dags/example_python_operator.py
[2026-02-14T15:52:45.351+0000] {processor.py:840} INFO - DAG(s) 'example_python_operator' retrieved from /home/airflow/.local/lib/python3.12/site-packages/airflow/example_dags/example_python_operator.py
[2026-02-14T15:52:45.360+0000] {logging_mixin.py:188} INFO - [2026-02-14T15:52:45.360+0000] {dag.py:3089} INFO - Sync 1 DAGs
[2026-02-14T15:52:45.365+0000] {logging_mixin.py:188} INFO - [2026-02-14T15:52:45.365+0000] {dag.py:3947} INFO - Setting next_dagrun for example_python_operator to None, run_after=None
[2026-02-14T15:52:45.374+0000] {processor.py:183} INFO - Processing /home/airflow/.local/lib/python3.12/site-packages/airflow/example_dags/example_python_operator.py took 0.033 seconds
[2026-02-14T15:53:15.671+0000] {processor.py:161} INFO - Started process (PID=849) to work on /home/airflow/.local/lib/python3.12/site-packages/airflow/example_dags/example_python_operator.py
[2026-02-14T15:53:15.671+0000] {processor.py:830} INFO - Processing file /home/airflow/.local/lib/python3.12/site-packages/airflow/example_dags/example_python_operator.py for tasks to queue
[2026-02-14T15:53:15.672+0000] {logging_mixin.py:188} INFO - [2026-02-14T15:53:15.672+0000] {dagbag.py:545} INFO - Filling up the DagBag from /home/airflow/.local/lib/python3.12/site-packages/airflow/example_dags/example_python_operator.py
[2026-02-14T15:53:15.677+0000] {processor.py:840} INFO - DAG(s) 'example_python_operator' retrieved from /home/airflow/.local/lib/python3.12/site-packages/airflow/example_dags/example_python_operator.py
[2026-02-14T15:53:15.684+0000] {logging_mixin.py:188} INFO - [2026-02-14T15:53:15.684+0000] {dag.py:3089} INFO - Sync 1 DAGs
[2026-02-14T15:53:15.688+0000] {logging_mixin.py:188} INFO - [2026-02-14T15:53:15.688+0000] {dag.py:3947} INFO - Setting next_dagrun for example_python_operator to None, run_after=None
[2026-02-14T15:53:15.695+0000] {processor.py:183} INFO - Processing /home/airflow/.local/lib/python3.12/site-packages/airflow/example_dags/example_python_operator.py took 0.027 seconds
[2026-02-14T15:53:46.049+0000] {processor.py:161} INFO - Started process (PID=908) to work on /home/airflow/.local/lib/python3.12/site-packages/airflow/example_dags/example_python_operator.py
[2026-02-14T15:53:46.050+0000] {processor.py:830} INFO - Processing file /home/airflow/.local/lib/python3.12/site-packages/airflow/example_dags/example_python_operator.py for tasks to queue
[2026-02-14T15:53:46.051+0000] {logging_mixin.py:188} INFO - [2026-02-14T15:53:46.051+0000] {dagbag.py:545} INFO - Filling up the DagBag from /home/airflow/.local/lib/python3.12/site-packages/airflow/example_dags/example_python_operator.py
[2026-02-14T15:53:46.056+0000] {processor.py:840} INFO - DAG(s) 'example_python_operator' retrieved from /home/airflow/.local/lib/python3.12/site-packages/airflow/example_dags/example_python_operator.py
[2026-02-14T15:53:46.065+0000] {logging_mixin.py:188} INFO - [2026-02-14T15:53:46.065+0000] {dag.py:3089} INFO - Sync 1 DAGs
[2026-02-14T15:53:46.069+0000] {logging_mixin.py:188} INFO - [2026-02-14T15:53:46.069+0000] {dag.py:3947} INFO - Setting next_dagrun for example_python_operator to None, run_after=None
[2026-02-14T15:53:46.077+0000] {processor.py:183} INFO - Processing /home/airflow/.local/lib/python3.12/site-packages/airflow/example_dags/example_python_operator.py took 0.030 seconds
[2026-02-14T15:54:16.495+0000] {processor.py:161} INFO - Started process (PID=967) to work on /home/airflow/.local/lib/python3.12/site-packages/airflow/example_dags/example_python_operator.py
[2026-02-14T15:54:16.496+0000] {processor.py:830} INFO - Processing file /home/airflow/.local/lib/python3.12/site-packages/airflow/example_dags/example_python_operator.py for tasks to queue
[2026-02-14T15:54:16.496+0000] {logging_mixin.py:188} INFO - [2026-02-14T15:54:16.496+0000] {dagbag.py:545} INFO - Filling up the DagBag from /home/airflow/.local/lib/python3.12/site-packages/airflow/example_dags/example_python_operator.py
[2026-02-14T15:54:16.501+0000] {processor.py:840} INFO - DAG(s) 'example_python_operator' retrieved from /home/airflow/.local/lib/python3.12/site-packages/airflow/example_dags/example_python_operator.py
[2026-02-14T15:54:16.510+0000] {logging_mixin.py:188} INFO - [2026-02-14T15:54:16.510+0000] {dag.py:3089} INFO - Sync 1 DAGs
[2026-02-14T15:54:16.516+0000] {logging_mixin.py:188} INFO - [2026-02-14T15:54:16.516+0000] {dag.py:3947} INFO - Setting next_dagrun for example_python_operator to None, run_after=None
[2026-02-14T15:54:16.525+0000] {processor.py:183} INFO - Processing /home/airflow/.local/lib/python3.12/site-packages/airflow/example_dags/example_python_operator.py took 0.033 seconds
[2026-02-14T15:54:46.977+0000] {processor.py:161} INFO - Started process (PID=1026) to work on /home/airflow/.local/lib/python3.12/site-packages/airflow/example_dags/example_python_operator.py
[2026-02-14T15:54:46.978+0000] {processor.py:830} INFO - Processing file /home/airflow/.local/lib/python3.12/site-packages/airflow/example_dags/example_python_operator.py for tasks to queue
[2026-02-14T15:54:46.979+0000] {logging_mixin.py:188} INFO - [2026-02-14T15:54:46.978+0000] {dagbag.py:545} INFO - Filling up the DagBag from /home/airflow/.local/lib/python3.12/site-packages/airflow/example_dags/example_python_operator.py
[2026-02-14T15:54:46.983+0000] {processor.py:840} INFO - DAG(s) 'example_python_operator' retrieved from /home/airflow/.local/lib/python3.12/site-packages/airflow/example_dags/example_python_operator.py
[2026-02-14T15:54:46.991+0000] {logging_mixin.py:188} INFO - [2026-02-14T15:54:46.990+0000] {dag.py:3089} INFO - Sync 1 DAGs
[2026-02-14T15:54:46.995+0000] {logging_mixin.py:188} INFO - [2026-02-14T15:54:46.995+0000] {dag.py:3947} INFO - Setting next_dagrun for example_python_operator to None, run_after=None
[2026-02-14T15:54:47.002+0000] {processor.py:183} INFO - Processing /home/airflow/.local/lib/python3.12/site-packages/airflow/example_dags/example_python_operator.py took 0.028 seconds
[2026-02-14T15:55:19.343+0000] {processor.py:161} INFO - Started process (PID=1085) to work on /home/airflow/.local/lib/python3.12/site-packages/airflow/example_dags/example_python_operator.py
[2026-02-14T15:55:19.346+0000] {processor.py:830} INFO - Processing file /home/airflow/.local/lib/python3.12/site-packages/airflow/example_dags/example_python_operator.py for tasks to queue
[2026-02-14T15:55:19.348+0000] {logging_mixin.py:188} INFO - [2026-02-14T15:55:19.348+0000] {dagbag.py:545} INFO - Filling up the DagBag from /home/airflow/.local/lib/python3.12/site-packages/airflow/example_dags/example_python_operator.py
[2026-02-14T15:55:19.368+0000] {processor.py:840} INFO - DAG(s) 'example_python_operator' retrieved from /home/airflow/.local/lib/python3.12/site-packages/airflow/example_dags/example_python_operator.py
[2026-02-14T15:55:19.426+0000] {logging_mixin.py:188} INFO - [2026-02-14T15:55:19.422+0000] {dag.py:3089} INFO - Sync 1 DAGs
[2026-02-14T15:55:19.482+0000] {logging_mixin.py:188} INFO - [2026-02-14T15:55:19.482+0000] {dag.py:3947} INFO - Setting next_dagrun for example_python_operator to None, run_after=None
[2026-02-14T15:55:19.515+0000] {processor.py:183} INFO - Processing /home/airflow/.local/lib/python3.12/site-packages/airflow/example_dags/example_python_operator.py took 0.177 seconds
[2026-02-14T15:55:49.987+0000] {processor.py:161} INFO - Started process (PID=1143) to work on /home/airflow/.local/lib/python3.12/site-packages/airflow/example_dags/example_python_operator.py
[2026-02-14T15:55:49.988+0000] {processor.py:830} INFO - Processing file /home/airflow/.local/lib/python3.12/site-packages/airflow/example_dags/example_python_operator.py for tasks to queue
[2026-02-14T15:55:49.989+0000] {logging_mixin.py:188} INFO - [2026-02-14T15:55:49.989+0000] {dagbag.py:545} INFO - Filling up the DagBag from /home/airflow/.local/lib/python3.12/site-packages/airflow/example_dags/example_python_operator.py
[2026-02-14T15:55:49.993+0000] {processor.py:840} INFO - DAG(s) 'example_python_operator' retrieved from /home/airflow/.local/lib/python3.12/site-packages/airflow/example_dags/example_python_operator.py
[2026-02-14T15:55:50.004+0000] {logging_mixin.py:188} INFO - [2026-02-14T15:55:50.004+0000] {dag.py:3089} INFO - Sync 1 DAGs
[2026-02-14T15:55:50.008+0000] {logging_mixin.py:188} INFO - [2026-02-14T15:55:50.008+0000] {dag.py:3947} INFO - Setting next_dagrun for example_python_operator to None, run_after=None
[2026-02-14T15:55:50.015+0000] {processor.py:183} INFO - Processing /home/airflow/.local/lib/python3.12/site-packages/airflow/example_dags/example_python_operator.py took 0.031 seconds
[2026-02-14T15:56:20.472+0000] {processor.py:161} INFO - Started process (PID=1202) to work on /home/airflow/.local/lib/python3.12/site-packages/airflow/example_dags/example_python_operator.py
[2026-02-14T15:56:20.473+0000] {processor.py:830} INFO - Processing file /home/airflow/.local/lib/python3.12/site-packages/airflow/example_dags/example_python_operator.py for tasks to queue
[2026-02-14T15:56:20.475+0000] {logging_mixin.py:188} INFO - [2026-02-14T15:56:20.475+0000] {dagbag.py:545} INFO - Filling up the DagBag from /home/airflow/.local/lib/python3.12/site-packages/airflow/example_dags/example_python_operator.py
[2026-02-14T15:56:20.478+0000] {processor.py:840} INFO - DAG(s) 'example_python_operator' retrieved from /home/airflow/.local/lib/python3.12/site-packages/airflow/example_dags/example_python_operator.py
[2026-02-14T15:56:20.487+0000] {logging_mixin.py:188} INFO - [2026-02-14T15:56:20.487+0000] {dag.py:3089} INFO - Sync 1 DAGs
[2026-02-14T15:56:20.492+0000] {logging_mixin.py:188} INFO - [2026-02-14T15:56:20.492+0000] {dag.py:3947} INFO - Setting next_dagrun for example_python_operator to None, run_after=None
[2026-02-14T15:56:20.500+0000] {processor.py:183} INFO - Processing /home/airflow/.local/lib/python3.12/site-packages/airflow/example_dags/example_python_operator.py took 0.030 seconds
[2026-02-14T15:56:51.018+0000] {processor.py:161} INFO - Started process (PID=1261) to work on /home/airflow/.local/lib/python3.12/site-packages/airflow/example_dags/example_python_operator.py
[2026-02-14T15:56:51.019+0000] {processor.py:830} INFO - Processing file /home/airflow/.local/lib/python3.12/site-packages/airflow/example_dags/example_python_operator.py for tasks to queue
[2026-02-14T15:56:51.020+0000] {logging_mixin.py:188} INFO - [2026-02-14T15:56:51.020+0000] {dagbag.py:545} INFO - Filling up the DagBag from /home/airflow/.local/lib/python3.12/site-packages/airflow/example_dags/example_python_operator.py
[2026-02-14T15:56:51.025+0000] {processor.py:840} INFO - DAG(s) 'example_python_operator' retrieved from /home/airflow/.local/lib/python3.12/site-packages/airflow/example_dags/example_python_operator.py
[2026-02-14T15:56:51.036+0000] {logging_mixin.py:188} INFO - [2026-02-14T15:56:51.036+0000] {dag.py:3089} INFO - Sync 1 DAGs
[2026-02-14T15:56:51.040+0000] {logging_mixin.py:188} INFO - [2026-02-14T15:56:51.040+0000] {dag.py:3947} INFO - Setting next_dagrun for example_python_operator to None, run_after=None
[2026-02-14T15:56:51.048+0000] {processor.py:183} INFO - Processing /home/airflow/.local/lib/python3.12/site-packages/airflow/example_dags/example_python_operator.py took 0.033 seconds
[2026-02-14T15:57:21.777+0000] {processor.py:161} INFO - Started process (PID=1320) to work on /home/airflow/.local/lib/python3.12/site-packages/airflow/example_dags/example_python_operator.py
[2026-02-14T15:57:21.777+0000] {processor.py:830} INFO - Processing file /home/airflow/.local/lib/python3.12/site-packages/airflow/example_dags/example_python_operator.py for tasks to queue
[2026-02-14T15:57:21.778+0000] {logging_mixin.py:188} INFO - [2026-02-14T15:57:21.778+0000] {dagbag.py:545} INFO - Filling up the DagBag from /home/airflow/.local/lib/python3.12/site-packages/airflow/example_dags/example_python_operator.py
[2026-02-14T15:57:21.783+0000] {processor.py:840} INFO - DAG(s) 'example_python_operator' retrieved from /home/airflow/.local/lib/python3.12/site-packages/airflow/example_dags/example_python_operator.py
[2026-02-14T15:57:21.793+0000] {logging_mixin.py:188} INFO - [2026-02-14T15:57:21.793+0000] {dag.py:3089} INFO - Sync 1 DAGs
[2026-02-14T15:57:21.798+0000] {logging_mixin.py:188} INFO - [2026-02-14T15:57:21.798+0000] {dag.py:3947} INFO - Setting next_dagrun for example_python_operator to None, run_after=None
[2026-02-14T15:57:21.807+0000] {processor.py:183} INFO - Processing /home/airflow/.local/lib/python3.12/site-packages/airflow/example_dags/example_python_operator.py took 0.033 seconds
[2026-02-14T15:57:52.092+0000] {processor.py:161} INFO - Started process (PID=1379) to work on /home/airflow/.local/lib/python3.12/site-packages/airflow/example_dags/example_python_operator.py
[2026-02-14T15:57:52.093+0000] {processor.py:830} INFO - Processing file /home/airflow/.local/lib/python3.12/site-packages/airflow/example_dags/example_python_operator.py for tasks to queue
[2026-02-14T15:57:52.093+0000] {logging_mixin.py:188} INFO - [2026-02-14T15:57:52.093+0000] {dagbag.py:545} INFO - Filling up the DagBag from /home/airflow/.local/lib/python3.12/site-packages/airflow/example_dags/example_python_operator.py
[2026-02-14T15:57:52.098+0000] {processor.py:840} INFO - DAG(s) 'example_python_operator' retrieved from /home/airflow/.local/lib/python3.12/site-packages/airflow/example_dags/example_python_operator.py
[2026-02-14T15:57:52.108+0000] {logging_mixin.py:188} INFO - [2026-02-14T15:57:52.108+0000] {dag.py:3089} INFO - Sync 1 DAGs
[2026-02-14T15:57:52.117+0000] {logging_mixin.py:188} INFO - [2026-02-14T15:57:52.117+0000] {dag.py:3947} INFO - Setting next_dagrun for example_python_operator to None, run_after=None
[2026-02-14T15:57:52.126+0000] {processor.py:183} INFO - Processing /home/airflow/.local/lib/python3.12/site-packages/airflow/example_dags/example_python_operator.py took 0.037 seconds
[2026-02-14T15:58:23.167+0000] {processor.py:161} INFO - Started process (PID=1438) to work on /home/airflow/.local/lib/python3.12/site-packages/airflow/example_dags/example_python_operator.py
[2026-02-14T15:58:23.168+0000] {processor.py:830} INFO - Processing file /home/airflow/.local/lib/python3.12/site-packages/airflow/example_dags/example_python_operator.py for tasks to queue
[2026-02-14T15:58:23.168+0000] {logging_mixin.py:188} INFO - [2026-02-14T15:58:23.168+0000] {dagbag.py:545} INFO - Filling up the DagBag from /home/airflow/.local/lib/python3.12/site-packages/airflow/example_dags/example_python_operator.py
[2026-02-14T15:58:23.173+0000] {processor.py:840} INFO - DAG(s) 'example_python_operator' retrieved from /home/airflow/.local/lib/python3.12/site-packages/airflow/example_dags/example_python_operator.py
[2026-02-14T15:58:23.183+0000] {logging_mixin.py:188} INFO - [2026-02-14T15:58:23.183+0000] {dag.py:3089} INFO - Sync 1 DAGs
[2026-02-14T15:58:23.190+0000] {logging_mixin.py:188} INFO - [2026-02-14T15:58:23.190+0000] {dag.py:3947} INFO - Setting next_dagrun for example_python_operator to None, run_after=None
[2026-02-14T15:58:23.264+0000] {processor.py:183} INFO - Processing /home/airflow/.local/lib/python3.12/site-packages/airflow/example_dags/example_python_operator.py took 0.099 seconds
[2026-02-14T15:58:54.212+0000] {processor.py:161} INFO - Started process (PID=1497) to work on /home/airflow/.local/lib/python3.12/site-packages/airflow/example_dags/example_python_operator.py
[2026-02-14T15:58:54.213+0000] {processor.py:830} INFO - Processing file /home/airflow/.local/lib/python3.12/site-packages/airflow/example_dags/example_python_operator.py for tasks to queue
[2026-02-14T15:58:54.214+0000] {logging_mixin.py:188} INFO - [2026-02-14T15:58:54.214+0000] {dagbag.py:545} INFO - Filling up the DagBag from /home/airflow/.local/lib/python3.12/site-packages/airflow/example_dags/example_python_operator.py
[2026-02-14T15:58:54.221+0000] {processor.py:840} INFO - DAG(s) 'example_python_operator' retrieved from /home/airflow/.local/lib/python3.12/site-packages/airflow/example_dags/example_python_operator.py
[2026-02-14T15:58:54.232+0000] {logging_mixin.py:188} INFO - [2026-02-14T15:58:54.232+0000] {dag.py:3089} INFO - Sync 1 DAGs
[2026-02-14T15:58:54.238+0000] {logging_mixin.py:188} INFO - [2026-02-14T15:58:54.238+0000] {dag.py:3947} INFO - Setting next_dagrun for example_python_operator to None, run_after=None
[2026-02-14T15:58:54.246+0000] {processor.py:183} INFO - Processing /home/airflow/.local/lib/python3.12/site-packages/airflow/example_dags/example_python_operator.py took 0.038 seconds
[2026-02-14T15:59:24.469+0000] {processor.py:161} INFO - Started process (PID=1556) to work on /home/airflow/.local/lib/python3.12/site-packages/airflow/example_dags/example_python_operator.py
[2026-02-14T15:59:24.470+0000] {processor.py:830} INFO - Processing file /home/airflow/.local/lib/python3.12/site-packages/airflow/example_dags/example_python_operator.py for tasks to queue
[2026-02-14T15:59:24.471+0000] {logging_mixin.py:188} INFO - [2026-02-14T15:59:24.471+0000] {dagbag.py:545} INFO - Filling up the DagBag from /home/airflow/.local/lib/python3.12/site-packages/airflow/example_dags/example_python_operator.py
[2026-02-14T15:59:24.487+0000] {processor.py:840} INFO - DAG(s) 'example_python_operator' retrieved from /home/airflow/.local/lib/python3.12/site-packages/airflow/example_dags/example_python_operator.py
[2026-02-14T15:59:24.502+0000] {logging_mixin.py:188} INFO - [2026-02-14T15:59:24.502+0000] {dag.py:3089} INFO - Sync 1 DAGs
[2026-02-14T15:59:24.511+0000] {logging_mixin.py:188} INFO - [2026-02-14T15:59:24.511+0000] {dag.py:3947} INFO - Setting next_dagrun for example_python_operator to None, run_after=None
[2026-02-14T15:59:24.523+0000] {processor.py:183} INFO - Processing /home/airflow/.local/lib/python3.12/site-packages/airflow/example_dags/example_python_operator.py took 0.057 seconds
[2026-02-14T15:59:55.096+0000] {processor.py:161} INFO - Started process (PID=1615) to work on /home/airflow/.local/lib/python3.12/site-packages/airflow/example_dags/example_python_operator.py
[2026-02-14T15:59:55.097+0000] {processor.py:830} INFO - Processing file /home/airflow/.local/lib/python3.12/site-packages/airflow/example_dags/example_python_operator.py for tasks to queue
[2026-02-14T15:59:55.098+0000] {logging_mixin.py:188} INFO - [2026-02-14T15:59:55.098+0000] {dagbag.py:545} INFO - Filling up the DagBag from /home/airflow/.local/lib/python3.12/site-packages/airflow/example_dags/example_python_operator.py
[2026-02-14T15:59:55.104+0000] {processor.py:840} INFO - DAG(s) 'example_python_operator' retrieved from /home/airflow/.local/lib/python3.12/site-packages/airflow/example_dags/example_python_operator.py
[2026-02-14T15:59:55.116+0000] {logging_mixin.py:188} INFO - [2026-02-14T15:59:55.116+0000] {dag.py:3089} INFO - Sync 1 DAGs
[2026-02-14T15:59:55.121+0000] {logging_mixin.py:188} INFO - [2026-02-14T15:59:55.121+0000] {dag.py:3947} INFO - Setting next_dagrun for example_python_operator to None, run_after=None
[2026-02-14T15:59:55.131+0000] {processor.py:183} INFO - Processing /home/airflow/.local/lib/python3.12/site-packages/airflow/example_dags/example_python_operator.py took 0.038 seconds
[2026-02-14T16:00:25.543+0000] {processor.py:161} INFO - Started process (PID=1674) to work on /home/airflow/.local/lib/python3.12/site-packages/airflow/example_dags/example_python_operator.py
[2026-02-14T16:00:25.545+0000] {processor.py:830} INFO - Processing file /home/airflow/.local/lib/python3.12/site-packages/airflow/example_dags/example_python_operator.py for tasks to queue
[2026-02-14T16:00:25.545+0000] {logging_mixin.py:188} INFO - [2026-02-14T16:00:25.545+0000] {dagbag.py:545} INFO - Filling up the DagBag from /home/airflow/.local/lib/python3.12/site-packages/airflow/example_dags/example_python_operator.py
[2026-02-14T16:00:25.550+0000] {processor.py:840} INFO - DAG(s) 'example_python_operator' retrieved from /home/airflow/.local/lib/python3.12/site-packages/airflow/example_dags/example_python_operator.py
[2026-02-14T16:00:25.560+0000] {logging_mixin.py:188} INFO - [2026-02-14T16:00:25.560+0000] {dag.py:3089} INFO - Sync 1 DAGs
[2026-02-14T16:00:25.565+0000] {logging_mixin.py:188} INFO - [2026-02-14T16:00:25.565+0000] {dag.py:3947} INFO - Setting next_dagrun for example_python_operator to None, run_after=None
[2026-02-14T16:00:25.575+0000] {processor.py:183} INFO - Processing /home/airflow/.local/lib/python3.12/site-packages/airflow/example_dags/example_python_operator.py took 0.034 seconds
[2026-02-14T16:00:56.105+0000] {processor.py:161} INFO - Started process (PID=1733) to work on /home/airflow/.local/lib/python3.12/site-packages/airflow/example_dags/example_python_operator.py
[2026-02-14T16:00:56.106+0000] {processor.py:830} INFO - Processing file /home/airflow/.local/lib/python3.12/site-packages/airflow/example_dags/example_python_operator.py for tasks to queue
[2026-02-14T16:00:56.107+0000] {logging_mixin.py:188} INFO - [2026-02-14T16:00:56.107+0000] {dagbag.py:545} INFO - Filling up the DagBag from /home/airflow/.local/lib/python3.12/site-packages/airflow/example_dags/example_python_operator.py
[2026-02-14T16:00:56.111+0000] {processor.py:840} INFO - DAG(s) 'example_python_operator' retrieved from /home/airflow/.local/lib/python3.12/site-packages/airflow/example_dags/example_python_operator.py
[2026-02-14T16:00:56.120+0000] {logging_mixin.py:188} INFO - [2026-02-14T16:00:56.119+0000] {dag.py:3089} INFO - Sync 1 DAGs
[2026-02-14T16:00:56.124+0000] {logging_mixin.py:188} INFO - [2026-02-14T16:00:56.124+0000] {dag.py:3947} INFO - Setting next_dagrun for example_python_operator to None, run_after=None
[2026-02-14T16:00:56.130+0000] {processor.py:183} INFO - Processing /home/airflow/.local/lib/python3.12/site-packages/airflow/example_dags/example_python_operator.py took 0.027 seconds
[2026-02-14T16:01:26.537+0000] {processor.py:161} INFO - Started process (PID=1792) to work on /home/airflow/.local/lib/python3.12/site-packages/airflow/example_dags/example_python_operator.py
[2026-02-14T16:01:26.538+0000] {processor.py:830} INFO - Processing file /home/airflow/.local/lib/python3.12/site-packages/airflow/example_dags/example_python_operator.py for tasks to queue
[2026-02-14T16:01:26.539+0000] {logging_mixin.py:188} INFO - [2026-02-14T16:01:26.539+0000] {dagbag.py:545} INFO - Filling up the DagBag from /home/airflow/.local/lib/python3.12/site-packages/airflow/example_dags/example_python_operator.py
[2026-02-14T16:01:26.543+0000] {processor.py:840} INFO - DAG(s) 'example_python_operator' retrieved from /home/airflow/.local/lib/python3.12/site-packages/airflow/example_dags/example_python_operator.py
[2026-02-14T16:01:26.555+0000] {logging_mixin.py:188} INFO - [2026-02-14T16:01:26.555+0000] {dag.py:3089} INFO - Sync 1 DAGs
[2026-02-14T16:01:26.561+0000] {logging_mixin.py:188} INFO - [2026-02-14T16:01:26.561+0000] {dag.py:3947} INFO - Setting next_dagrun for example_python_operator to None, run_after=None
[2026-02-14T16:01:26.570+0000] {processor.py:183} INFO - Processing /home/airflow/.local/lib/python3.12/site-packages/airflow/example_dags/example_python_operator.py took 0.036 seconds
[2026-02-14T16:01:56.870+0000] {processor.py:161} INFO - Started process (PID=1851) to work on /home/airflow/.local/lib/python3.12/site-packages/airflow/example_dags/example_python_operator.py
[2026-02-14T16:01:56.870+0000] {processor.py:830} INFO - Processing file /home/airflow/.local/lib/python3.12/site-packages/airflow/example_dags/example_python_operator.py for tasks to queue
[2026-02-14T16:01:56.871+0000] {logging_mixin.py:188} INFO - [2026-02-14T16:01:56.871+0000] {dagbag.py:545} INFO - Filling up the DagBag from /home/airflow/.local/lib/python3.12/site-packages/airflow/example_dags/example_python_operator.py
[2026-02-14T16:01:56.876+0000] {processor.py:840} INFO - DAG(s) 'example_python_operator' retrieved from /home/airflow/.local/lib/python3.12/site-packages/airflow/example_dags/example_python_operator.py
[2026-02-14T16:01:56.886+0000] {logging_mixin.py:188} INFO - [2026-02-14T16:01:56.886+0000] {dag.py:3089} INFO - Sync 1 DAGs
[2026-02-14T16:01:56.891+0000] {logging_mixin.py:188} INFO - [2026-02-14T16:01:56.891+0000] {dag.py:3947} INFO - Setting next_dagrun for example_python_operator to None, run_after=None
[2026-02-14T16:01:56.902+0000] {processor.py:183} INFO - Processing /home/airflow/.local/lib/python3.12/site-packages/airflow/example_dags/example_python_operator.py took 0.035 seconds
[2026-02-14T16:02:27.335+0000] {processor.py:161} INFO - Started process (PID=1910) to work on /home/airflow/.local/lib/python3.12/site-packages/airflow/example_dags/example_python_operator.py
[2026-02-14T16:02:27.336+0000] {processor.py:830} INFO - Processing file /home/airflow/.local/lib/python3.12/site-packages/airflow/example_dags/example_python_operator.py for tasks to queue
[2026-02-14T16:02:27.337+0000] {logging_mixin.py:188} INFO - [2026-02-14T16:02:27.337+0000] {dagbag.py:545} INFO - Filling up the DagBag from /home/airflow/.local/lib/python3.12/site-packages/airflow/example_dags/example_python_operator.py
[2026-02-14T16:02:27.341+0000] {processor.py:840} INFO - DAG(s) 'example_python_operator' retrieved from /home/airflow/.local/lib/python3.12/site-packages/airflow/example_dags/example_python_operator.py
[2026-02-14T16:02:27.350+0000] {logging_mixin.py:188} INFO - [2026-02-14T16:02:27.350+0000] {dag.py:3089} INFO - Sync 1 DAGs
[2026-02-14T16:02:27.357+0000] {logging_mixin.py:188} INFO - [2026-02-14T16:02:27.357+0000] {dag.py:3947} INFO - Setting next_dagrun for example_python_operator to None, run_after=None
[2026-02-14T16:02:27.368+0000] {processor.py:183} INFO - Processing /home/airflow/.local/lib/python3.12/site-packages/airflow/example_dags/example_python_operator.py took 0.035 seconds
[2026-02-14T16:02:57.880+0000] {processor.py:161} INFO - Started process (PID=1969) to work on /home/airflow/.local/lib/python3.12/site-packages/airflow/example_dags/example_python_operator.py
[2026-02-14T16:02:57.881+0000] {processor.py:830} INFO - Processing file /home/airflow/.local/lib/python3.12/site-packages/airflow/example_dags/example_python_operator.py for tasks to queue
[2026-02-14T16:02:57.882+0000] {logging_mixin.py:188} INFO - [2026-02-14T16:02:57.882+0000] {dagbag.py:545} INFO - Filling up the DagBag from /home/airflow/.local/lib/python3.12/site-packages/airflow/example_dags/example_python_operator.py
[2026-02-14T16:02:57.887+0000] {processor.py:840} INFO - DAG(s) 'example_python_operator' retrieved from /home/airflow/.local/lib/python3.12/site-packages/airflow/example_dags/example_python_operator.py
[2026-02-14T16:02:57.897+0000] {logging_mixin.py:188} INFO - [2026-02-14T16:02:57.897+0000] {dag.py:3089} INFO - Sync 1 DAGs
[2026-02-14T16:02:57.902+0000] {logging_mixin.py:188} INFO - [2026-02-14T16:02:57.902+0000] {dag.py:3947} INFO - Setting next_dagrun for example_python_operator to None, run_after=None
[2026-02-14T16:02:57.909+0000] {processor.py:183} INFO - Processing /home/airflow/.local/lib/python3.12/site-packages/airflow/example_dags/example_python_operator.py took 0.032 seconds
[2026-02-14T16:03:28.427+0000] {processor.py:161} INFO - Started process (PID=2028) to work on /home/airflow/.local/lib/python3.12/site-packages/airflow/example_dags/example_python_operator.py
[2026-02-14T16:03:28.427+0000] {processor.py:830} INFO - Processing file /home/airflow/.local/lib/python3.12/site-packages/airflow/example_dags/example_python_operator.py for tasks to queue
[2026-02-14T16:03:28.428+0000] {logging_mixin.py:188} INFO - [2026-02-14T16:03:28.428+0000] {dagbag.py:545} INFO - Filling up the DagBag from /home/airflow/.local/lib/python3.12/site-packages/airflow/example_dags/example_python_operator.py
[2026-02-14T16:03:28.433+0000] {processor.py:840} INFO - DAG(s) 'example_python_operator' retrieved from /home/airflow/.local/lib/python3.12/site-packages/airflow/example_dags/example_python_operator.py
[2026-02-14T16:03:28.443+0000] {logging_mixin.py:188} INFO - [2026-02-14T16:03:28.443+0000] {dag.py:3089} INFO - Sync 1 DAGs
[2026-02-14T16:03:28.448+0000] {logging_mixin.py:188} INFO - [2026-02-14T16:03:28.448+0000] {dag.py:3947} INFO - Setting next_dagrun for example_python_operator to None, run_after=None
[2026-02-14T16:03:28.457+0000] {processor.py:183} INFO - Processing /home/airflow/.local/lib/python3.12/site-packages/airflow/example_dags/example_python_operator.py took 0.033 seconds
[2026-02-14T16:03:59.119+0000] {processor.py:161} INFO - Started process (PID=2087) to work on /home/airflow/.local/lib/python3.12/site-packages/airflow/example_dags/example_python_operator.py
[2026-02-14T16:03:59.120+0000] {processor.py:830} INFO - Processing file /home/airflow/.local/lib/python3.12/site-packages/airflow/example_dags/example_python_operator.py for tasks to queue
[2026-02-14T16:03:59.121+0000] {logging_mixin.py:188} INFO - [2026-02-14T16:03:59.121+0000] {dagbag.py:545} INFO - Filling up the DagBag from /home/airflow/.local/lib/python3.12/site-packages/airflow/example_dags/example_python_operator.py
[2026-02-14T16:03:59.126+0000] {processor.py:840} INFO - DAG(s) 'example_python_operator' retrieved from /home/airflow/.local/lib/python3.12/site-packages/airflow/example_dags/example_python_operator.py
[2026-02-14T16:03:59.136+0000] {logging_mixin.py:188} INFO - [2026-02-14T16:03:59.135+0000] {dag.py:3089} INFO - Sync 1 DAGs
[2026-02-14T16:03:59.141+0000] {logging_mixin.py:188} INFO - [2026-02-14T16:03:59.140+0000] {dag.py:3947} INFO - Setting next_dagrun for example_python_operator to None, run_after=None
[2026-02-14T16:03:59.147+0000] {processor.py:183} INFO - Processing /home/airflow/.local/lib/python3.12/site-packages/airflow/example_dags/example_python_operator.py took 0.031 seconds
[2026-02-14T16:04:29.665+0000] {processor.py:161} INFO - Started process (PID=2146) to work on /home/airflow/.local/lib/python3.12/site-packages/airflow/example_dags/example_python_operator.py
[2026-02-14T16:04:29.665+0000] {processor.py:830} INFO - Processing file /home/airflow/.local/lib/python3.12/site-packages/airflow/example_dags/example_python_operator.py for tasks to queue
[2026-02-14T16:04:29.666+0000] {logging_mixin.py:188} INFO - [2026-02-14T16:04:29.666+0000] {dagbag.py:545} INFO - Filling up the DagBag from /home/airflow/.local/lib/python3.12/site-packages/airflow/example_dags/example_python_operator.py
[2026-02-14T16:04:29.671+0000] {processor.py:840} INFO - DAG(s) 'example_python_operator' retrieved from /home/airflow/.local/lib/python3.12/site-packages/airflow/example_dags/example_python_operator.py
[2026-02-14T16:04:29.682+0000] {logging_mixin.py:188} INFO - [2026-02-14T16:04:29.682+0000] {dag.py:3089} INFO - Sync 1 DAGs
[2026-02-14T16:04:29.687+0000] {logging_mixin.py:188} INFO - [2026-02-14T16:04:29.687+0000] {dag.py:3947} INFO - Setting next_dagrun for example_python_operator to None, run_after=None
[2026-02-14T16:04:29.699+0000] {processor.py:183} INFO - Processing /home/airflow/.local/lib/python3.12/site-packages/airflow/example_dags/example_python_operator.py took 0.037 seconds
[2026-02-14T16:05:00.070+0000] {processor.py:161} INFO - Started process (PID=2205) to work on /home/airflow/.local/lib/python3.12/site-packages/airflow/example_dags/example_python_operator.py
[2026-02-14T16:05:00.071+0000] {processor.py:830} INFO - Processing file /home/airflow/.local/lib/python3.12/site-packages/airflow/example_dags/example_python_operator.py for tasks to queue
[2026-02-14T16:05:00.072+0000] {logging_mixin.py:188} INFO - [2026-02-14T16:05:00.071+0000] {dagbag.py:545} INFO - Filling up the DagBag from /home/airflow/.local/lib/python3.12/site-packages/airflow/example_dags/example_python_operator.py
[2026-02-14T16:05:00.076+0000] {processor.py:840} INFO - DAG(s) 'example_python_operator' retrieved from /home/airflow/.local/lib/python3.12/site-packages/airflow/example_dags/example_python_operator.py
[2026-02-14T16:05:00.084+0000] {logging_mixin.py:188} INFO - [2026-02-14T16:05:00.084+0000] {dag.py:3089} INFO - Sync 1 DAGs
[2026-02-14T16:05:00.089+0000] {logging_mixin.py:188} INFO - [2026-02-14T16:05:00.089+0000] {dag.py:3947} INFO - Setting next_dagrun for example_python_operator to None, run_after=None
[2026-02-14T16:05:00.095+0000] {processor.py:183} INFO - Processing /home/airflow/.local/lib/python3.12/site-packages/airflow/example_dags/example_python_operator.py took 0.027 seconds
[2026-02-14T16:05:30.590+0000] {processor.py:161} INFO - Started process (PID=2264) to work on /home/airflow/.local/lib/python3.12/site-packages/airflow/example_dags/example_python_operator.py
[2026-02-14T16:05:30.591+0000] {processor.py:830} INFO - Processing file /home/airflow/.local/lib/python3.12/site-packages/airflow/example_dags/example_python_operator.py for tasks to queue
[2026-02-14T16:05:30.592+0000] {logging_mixin.py:188} INFO - [2026-02-14T16:05:30.592+0000] {dagbag.py:545} INFO - Filling up the DagBag from /home/airflow/.local/lib/python3.12/site-packages/airflow/example_dags/example_python_operator.py
[2026-02-14T16:05:30.597+0000] {processor.py:840} INFO - DAG(s) 'example_python_operator' retrieved from /home/airflow/.local/lib/python3.12/site-packages/airflow/example_dags/example_python_operator.py
[2026-02-14T16:05:30.607+0000] {logging_mixin.py:188} INFO - [2026-02-14T16:05:30.607+0000] {dag.py:3089} INFO - Sync 1 DAGs
[2026-02-14T16:05:30.612+0000] {logging_mixin.py:188} INFO - [2026-02-14T16:05:30.612+0000] {dag.py:3947} INFO - Setting next_dagrun for example_python_operator to None, run_after=None
[2026-02-14T16:05:30.620+0000] {processor.py:183} INFO - Processing /home/airflow/.local/lib/python3.12/site-packages/airflow/example_dags/example_python_operator.py took 0.033 seconds
[2026-02-14T16:06:01.057+0000] {processor.py:161} INFO - Started process (PID=2323) to work on /home/airflow/.local/lib/python3.12/site-packages/airflow/example_dags/example_python_operator.py
[2026-02-14T16:06:01.057+0000] {processor.py:830} INFO - Processing file /home/airflow/.local/lib/python3.12/site-packages/airflow/example_dags/example_python_operator.py for tasks to queue
[2026-02-14T16:06:01.058+0000] {logging_mixin.py:188} INFO - [2026-02-14T16:06:01.058+0000] {dagbag.py:545} INFO - Filling up the DagBag from /home/airflow/.local/lib/python3.12/site-packages/airflow/example_dags/example_python_operator.py
[2026-02-14T16:06:01.063+0000] {processor.py:840} INFO - DAG(s) 'example_python_operator' retrieved from /home/airflow/.local/lib/python3.12/site-packages/airflow/example_dags/example_python_operator.py
[2026-02-14T16:06:01.071+0000] {logging_mixin.py:188} INFO - [2026-02-14T16:06:01.071+0000] {dag.py:3089} INFO - Sync 1 DAGs
[2026-02-14T16:06:01.075+0000] {logging_mixin.py:188} INFO - [2026-02-14T16:06:01.075+0000] {dag.py:3947} INFO - Setting next_dagrun for example_python_operator to None, run_after=None
[2026-02-14T16:06:01.085+0000] {processor.py:183} INFO - Processing /home/airflow/.local/lib/python3.12/site-packages/airflow/example_dags/example_python_operator.py took 0.031 seconds
[2026-02-14T16:06:31.627+0000] {processor.py:161} INFO - Started process (PID=2382) to work on /home/airflow/.local/lib/python3.12/site-packages/airflow/example_dags/example_python_operator.py
[2026-02-14T16:06:31.628+0000] {processor.py:830} INFO - Processing file /home/airflow/.local/lib/python3.12/site-packages/airflow/example_dags/example_python_operator.py for tasks to queue
[2026-02-14T16:06:31.629+0000] {logging_mixin.py:188} INFO - [2026-02-14T16:06:31.629+0000] {dagbag.py:545} INFO - Filling up the DagBag from /home/airflow/.local/lib/python3.12/site-packages/airflow/example_dags/example_python_operator.py
[2026-02-14T16:06:31.635+0000] {processor.py:840} INFO - DAG(s) 'example_python_operator' retrieved from /home/airflow/.local/lib/python3.12/site-packages/airflow/example_dags/example_python_operator.py
[2026-02-14T16:06:31.646+0000] {logging_mixin.py:188} INFO - [2026-02-14T16:06:31.646+0000] {dag.py:3089} INFO - Sync 1 DAGs
[2026-02-14T16:06:31.653+0000] {logging_mixin.py:188} INFO - [2026-02-14T16:06:31.653+0000] {dag.py:3947} INFO - Setting next_dagrun for example_python_operator to None, run_after=None
[2026-02-14T16:06:31.669+0000] {processor.py:183} INFO - Processing /home/airflow/.local/lib/python3.12/site-packages/airflow/example_dags/example_python_operator.py took 0.045 seconds
[2026-02-14T16:07:02.476+0000] {processor.py:161} INFO - Started process (PID=2441) to work on /home/airflow/.local/lib/python3.12/site-packages/airflow/example_dags/example_python_operator.py
[2026-02-14T16:07:02.476+0000] {processor.py:830} INFO - Processing file /home/airflow/.local/lib/python3.12/site-packages/airflow/example_dags/example_python_operator.py for tasks to queue
[2026-02-14T16:07:02.477+0000] {logging_mixin.py:188} INFO - [2026-02-14T16:07:02.477+0000] {dagbag.py:545} INFO - Filling up the DagBag from /home/airflow/.local/lib/python3.12/site-packages/airflow/example_dags/example_python_operator.py
[2026-02-14T16:07:02.482+0000] {processor.py:840} INFO - DAG(s) 'example_python_operator' retrieved from /home/airflow/.local/lib/python3.12/site-packages/airflow/example_dags/example_python_operator.py
[2026-02-14T16:07:02.495+0000] {logging_mixin.py:188} INFO - [2026-02-14T16:07:02.495+0000] {dag.py:3089} INFO - Sync 1 DAGs
[2026-02-14T16:07:02.500+0000] {logging_mixin.py:188} INFO - [2026-02-14T16:07:02.500+0000] {dag.py:3947} INFO - Setting next_dagrun for example_python_operator to None, run_after=None
[2026-02-14T16:07:02.508+0000] {processor.py:183} INFO - Processing /home/airflow/.local/lib/python3.12/site-packages/airflow/example_dags/example_python_operator.py took 0.035 seconds
[2026-02-14T16:07:33.383+0000] {processor.py:161} INFO - Started process (PID=2500) to work on /home/airflow/.local/lib/python3.12/site-packages/airflow/example_dags/example_python_operator.py
[2026-02-14T16:07:33.384+0000] {processor.py:830} INFO - Processing file /home/airflow/.local/lib/python3.12/site-packages/airflow/example_dags/example_python_operator.py for tasks to queue
[2026-02-14T16:07:33.385+0000] {logging_mixin.py:188} INFO - [2026-02-14T16:07:33.385+0000] {dagbag.py:545} INFO - Filling up the DagBag from /home/airflow/.local/lib/python3.12/site-packages/airflow/example_dags/example_python_operator.py
[2026-02-14T16:07:33.390+0000] {processor.py:840} INFO - DAG(s) 'example_python_operator' retrieved from /home/airflow/.local/lib/python3.12/site-packages/airflow/example_dags/example_python_operator.py
[2026-02-14T16:07:33.401+0000] {logging_mixin.py:188} INFO - [2026-02-14T16:07:33.401+0000] {dag.py:3089} INFO - Sync 1 DAGs
[2026-02-14T16:07:33.407+0000] {logging_mixin.py:188} INFO - [2026-02-14T16:07:33.407+0000] {dag.py:3947} INFO - Setting next_dagrun for example_python_operator to None, run_after=None
[2026-02-14T16:07:33.418+0000] {processor.py:183} INFO - Processing /home/airflow/.local/lib/python3.12/site-packages/airflow/example_dags/example_python_operator.py took 0.038 seconds
[2026-02-14T16:08:03.852+0000] {processor.py:161} INFO - Started process (PID=2559) to work on /home/airflow/.local/lib/python3.12/site-packages/airflow/example_dags/example_python_operator.py
[2026-02-14T16:08:03.853+0000] {processor.py:830} INFO - Processing file /home/airflow/.local/lib/python3.12/site-packages/airflow/example_dags/example_python_operator.py for tasks to queue
[2026-02-14T16:08:03.854+0000] {logging_mixin.py:188} INFO - [2026-02-14T16:08:03.853+0000] {dagbag.py:545} INFO - Filling up the DagBag from /home/airflow/.local/lib/python3.12/site-packages/airflow/example_dags/example_python_operator.py
[2026-02-14T16:08:03.861+0000] {processor.py:840} INFO - DAG(s) 'example_python_operator' retrieved from /home/airflow/.local/lib/python3.12/site-packages/airflow/example_dags/example_python_operator.py
[2026-02-14T16:08:03.871+0000] {logging_mixin.py:188} INFO - [2026-02-14T16:08:03.871+0000] {dag.py:3089} INFO - Sync 1 DAGs
[2026-02-14T16:08:03.878+0000] {logging_mixin.py:188} INFO - [2026-02-14T16:08:03.877+0000] {dag.py:3947} INFO - Setting next_dagrun for example_python_operator to None, run_after=None
[2026-02-14T16:08:03.887+0000] {processor.py:183} INFO - Processing /home/airflow/.local/lib/python3.12/site-packages/airflow/example_dags/example_python_operator.py took 0.038 seconds
[2026-02-14T16:08:34.263+0000] {processor.py:161} INFO - Started process (PID=2618) to work on /home/airflow/.local/lib/python3.12/site-packages/airflow/example_dags/example_python_operator.py
[2026-02-14T16:08:34.264+0000] {processor.py:830} INFO - Processing file /home/airflow/.local/lib/python3.12/site-packages/airflow/example_dags/example_python_operator.py for tasks to queue
[2026-02-14T16:08:34.265+0000] {logging_mixin.py:188} INFO - [2026-02-14T16:08:34.265+0000] {dagbag.py:545} INFO - Filling up the DagBag from /home/airflow/.local/lib/python3.12/site-packages/airflow/example_dags/example_python_operator.py
[2026-02-14T16:08:34.269+0000] {processor.py:840} INFO - DAG(s) 'example_python_operator' retrieved from /home/airflow/.local/lib/python3.12/site-packages/airflow/example_dags/example_python_operator.py
[2026-02-14T16:08:34.281+0000] {logging_mixin.py:188} INFO - [2026-02-14T16:08:34.281+0000] {dag.py:3089} INFO - Sync 1 DAGs
[2026-02-14T16:08:34.286+0000] {logging_mixin.py:188} INFO - [2026-02-14T16:08:34.286+0000] {dag.py:3947} INFO - Setting next_dagrun for example_python_operator to None, run_after=None
[2026-02-14T16:08:34.297+0000] {processor.py:183} INFO - Processing /home/airflow/.local/lib/python3.12/site-packages/airflow/example_dags/example_python_operator.py took 0.036 seconds
[2026-02-14T16:09:04.761+0000] {processor.py:161} INFO - Started process (PID=2677) to work on /home/airflow/.local/lib/python3.12/site-packages/airflow/example_dags/example_python_operator.py
[2026-02-14T16:09:04.763+0000] {processor.py:830} INFO - Processing file /home/airflow/.local/lib/python3.12/site-packages/airflow/example_dags/example_python_operator.py for tasks to queue
[2026-02-14T16:09:04.764+0000] {logging_mixin.py:188} INFO - [2026-02-14T16:09:04.764+0000] {dagbag.py:545} INFO - Filling up the DagBag from /home/airflow/.local/lib/python3.12/site-packages/airflow/example_dags/example_python_operator.py
[2026-02-14T16:09:04.768+0000] {processor.py:840} INFO - DAG(s) 'example_python_operator' retrieved from /home/airflow/.local/lib/python3.12/site-packages/airflow/example_dags/example_python_operator.py
[2026-02-14T16:09:04.776+0000] {logging_mixin.py:188} INFO - [2026-02-14T16:09:04.776+0000] {dag.py:3089} INFO - Sync 1 DAGs
[2026-02-14T16:09:04.781+0000] {logging_mixin.py:188} INFO - [2026-02-14T16:09:04.781+0000] {dag.py:3947} INFO - Setting next_dagrun for example_python_operator to None, run_after=None
[2026-02-14T16:09:04.791+0000] {processor.py:183} INFO - Processing /home/airflow/.local/lib/python3.12/site-packages/airflow/example_dags/example_python_operator.py took 0.032 seconds
[2026-02-14T16:09:35.121+0000] {processor.py:161} INFO - Started process (PID=2736) to work on /home/airflow/.local/lib/python3.12/site-packages/airflow/example_dags/example_python_operator.py
[2026-02-14T16:09:35.121+0000] {processor.py:830} INFO - Processing file /home/airflow/.local/lib/python3.12/site-packages/airflow/example_dags/example_python_operator.py for tasks to queue
[2026-02-14T16:09:35.122+0000] {logging_mixin.py:188} INFO - [2026-02-14T16:09:35.122+0000] {dagbag.py:545} INFO - Filling up the DagBag from /home/airflow/.local/lib/python3.12/site-packages/airflow/example_dags/example_python_operator.py
[2026-02-14T16:09:35.126+0000] {processor.py:840} INFO - DAG(s) 'example_python_operator' retrieved from /home/airflow/.local/lib/python3.12/site-packages/airflow/example_dags/example_python_operator.py
[2026-02-14T16:09:35.136+0000] {logging_mixin.py:188} INFO - [2026-02-14T16:09:35.136+0000] {dag.py:3089} INFO - Sync 1 DAGs
[2026-02-14T16:09:35.142+0000] {logging_mixin.py:188} INFO - [2026-02-14T16:09:35.142+0000] {dag.py:3947} INFO - Setting next_dagrun for example_python_operator to None, run_after=None
[2026-02-14T16:09:35.150+0000] {processor.py:183} INFO - Processing /home/airflow/.local/lib/python3.12/site-packages/airflow/example_dags/example_python_operator.py took 0.032 seconds
[2026-02-14T16:10:05.398+0000] {processor.py:161} INFO - Started process (PID=2795) to work on /home/airflow/.local/lib/python3.12/site-packages/airflow/example_dags/example_python_operator.py
[2026-02-14T16:10:05.398+0000] {processor.py:830} INFO - Processing file /home/airflow/.local/lib/python3.12/site-packages/airflow/example_dags/example_python_operator.py for tasks to queue
[2026-02-14T16:10:05.399+0000] {logging_mixin.py:188} INFO - [2026-02-14T16:10:05.399+0000] {dagbag.py:545} INFO - Filling up the DagBag from /home/airflow/.local/lib/python3.12/site-packages/airflow/example_dags/example_python_operator.py
[2026-02-14T16:10:05.403+0000] {processor.py:840} INFO - DAG(s) 'example_python_operator' retrieved from /home/airflow/.local/lib/python3.12/site-packages/airflow/example_dags/example_python_operator.py
[2026-02-14T16:10:05.411+0000] {logging_mixin.py:188} INFO - [2026-02-14T16:10:05.411+0000] {dag.py:3089} INFO - Sync 1 DAGs
[2026-02-14T16:10:05.416+0000] {logging_mixin.py:188} INFO - [2026-02-14T16:10:05.416+0000] {dag.py:3947} INFO - Setting next_dagrun for example_python_operator to None, run_after=None
[2026-02-14T16:10:05.422+0000] {processor.py:183} INFO - Processing /home/airflow/.local/lib/python3.12/site-packages/airflow/example_dags/example_python_operator.py took 0.027 seconds
[2026-02-14T16:10:36.102+0000] {processor.py:161} INFO - Started process (PID=2853) to work on /home/airflow/.local/lib/python3.12/site-packages/airflow/example_dags/example_python_operator.py
[2026-02-14T16:10:36.103+0000] {processor.py:830} INFO - Processing file /home/airflow/.local/lib/python3.12/site-packages/airflow/example_dags/example_python_operator.py for tasks to queue
[2026-02-14T16:10:36.104+0000] {logging_mixin.py:188} INFO - [2026-02-14T16:10:36.103+0000] {dagbag.py:545} INFO - Filling up the DagBag from /home/airflow/.local/lib/python3.12/site-packages/airflow/example_dags/example_python_operator.py
[2026-02-14T16:10:36.109+0000] {processor.py:840} INFO - DAG(s) 'example_python_operator' retrieved from /home/airflow/.local/lib/python3.12/site-packages/airflow/example_dags/example_python_operator.py
[2026-02-14T16:10:36.119+0000] {logging_mixin.py:188} INFO - [2026-02-14T16:10:36.119+0000] {dag.py:3089} INFO - Sync 1 DAGs
[2026-02-14T16:10:36.124+0000] {logging_mixin.py:188} INFO - [2026-02-14T16:10:36.124+0000] {dag.py:3947} INFO - Setting next_dagrun for example_python_operator to None, run_after=None
[2026-02-14T16:10:36.130+0000] {processor.py:183} INFO - Processing /home/airflow/.local/lib/python3.12/site-packages/airflow/example_dags/example_python_operator.py took 0.031 seconds
[2026-02-14T16:11:06.188+0000] {processor.py:161} INFO - Started process (PID=2912) to work on /home/airflow/.local/lib/python3.12/site-packages/airflow/example_dags/example_python_operator.py
[2026-02-14T16:11:06.189+0000] {processor.py:830} INFO - Processing file /home/airflow/.local/lib/python3.12/site-packages/airflow/example_dags/example_python_operator.py for tasks to queue
[2026-02-14T16:11:06.190+0000] {logging_mixin.py:188} INFO - [2026-02-14T16:11:06.190+0000] {dagbag.py:545} INFO - Filling up the DagBag from /home/airflow/.local/lib/python3.12/site-packages/airflow/example_dags/example_python_operator.py
[2026-02-14T16:11:06.200+0000] {processor.py:840} INFO - DAG(s) 'example_python_operator' retrieved from /home/airflow/.local/lib/python3.12/site-packages/airflow/example_dags/example_python_operator.py
[2026-02-14T16:11:06.215+0000] {logging_mixin.py:188} INFO - [2026-02-14T16:11:06.215+0000] {dag.py:3089} INFO - Sync 1 DAGs
[2026-02-14T16:11:06.229+0000] {logging_mixin.py:188} INFO - [2026-02-14T16:11:06.229+0000] {dag.py:3947} INFO - Setting next_dagrun for example_python_operator to None, run_after=None
[2026-02-14T16:11:06.242+0000] {processor.py:183} INFO - Processing /home/airflow/.local/lib/python3.12/site-packages/airflow/example_dags/example_python_operator.py took 0.058 seconds
[2026-02-14T16:11:37.274+0000] {processor.py:161} INFO - Started process (PID=2971) to work on /home/airflow/.local/lib/python3.12/site-packages/airflow/example_dags/example_python_operator.py
[2026-02-14T16:11:37.277+0000] {processor.py:830} INFO - Processing file /home/airflow/.local/lib/python3.12/site-packages/airflow/example_dags/example_python_operator.py for tasks to queue
[2026-02-14T16:11:37.287+0000] {logging_mixin.py:188} INFO - [2026-02-14T16:11:37.287+0000] {dagbag.py:545} INFO - Filling up the DagBag from /home/airflow/.local/lib/python3.12/site-packages/airflow/example_dags/example_python_operator.py
[2026-02-14T16:11:37.299+0000] {processor.py:840} INFO - DAG(s) 'example_python_operator' retrieved from /home/airflow/.local/lib/python3.12/site-packages/airflow/example_dags/example_python_operator.py
[2026-02-14T16:11:37.322+0000] {logging_mixin.py:188} INFO - [2026-02-14T16:11:37.322+0000] {dag.py:3089} INFO - Sync 1 DAGs
[2026-02-14T16:11:37.329+0000] {logging_mixin.py:188} INFO - [2026-02-14T16:11:37.328+0000] {dag.py:3947} INFO - Setting next_dagrun for example_python_operator to None, run_after=None
[2026-02-14T16:11:37.356+0000] {processor.py:183} INFO - Processing /home/airflow/.local/lib/python3.12/site-packages/airflow/example_dags/example_python_operator.py took 0.088 seconds
[2026-02-14T16:12:08.234+0000] {processor.py:161} INFO - Started process (PID=3030) to work on /home/airflow/.local/lib/python3.12/site-packages/airflow/example_dags/example_python_operator.py
[2026-02-14T16:12:08.235+0000] {processor.py:830} INFO - Processing file /home/airflow/.local/lib/python3.12/site-packages/airflow/example_dags/example_python_operator.py for tasks to queue
[2026-02-14T16:12:08.236+0000] {logging_mixin.py:188} INFO - [2026-02-14T16:12:08.236+0000] {dagbag.py:545} INFO - Filling up the DagBag from /home/airflow/.local/lib/python3.12/site-packages/airflow/example_dags/example_python_operator.py
[2026-02-14T16:12:08.242+0000] {processor.py:840} INFO - DAG(s) 'example_python_operator' retrieved from /home/airflow/.local/lib/python3.12/site-packages/airflow/example_dags/example_python_operator.py
[2026-02-14T16:12:08.253+0000] {logging_mixin.py:188} INFO - [2026-02-14T16:12:08.253+0000] {dag.py:3089} INFO - Sync 1 DAGs
[2026-02-14T16:12:08.260+0000] {logging_mixin.py:188} INFO - [2026-02-14T16:12:08.260+0000] {dag.py:3947} INFO - Setting next_dagrun for example_python_operator to None, run_after=None
[2026-02-14T16:12:08.269+0000] {processor.py:183} INFO - Processing /home/airflow/.local/lib/python3.12/site-packages/airflow/example_dags/example_python_operator.py took 0.038 seconds
[2026-02-14T16:12:38.818+0000] {processor.py:161} INFO - Started process (PID=3089) to work on /home/airflow/.local/lib/python3.12/site-packages/airflow/example_dags/example_python_operator.py
[2026-02-14T16:12:38.819+0000] {processor.py:830} INFO - Processing file /home/airflow/.local/lib/python3.12/site-packages/airflow/example_dags/example_python_operator.py for tasks to queue
[2026-02-14T16:12:38.819+0000] {logging_mixin.py:188} INFO - [2026-02-14T16:12:38.819+0000] {dagbag.py:545} INFO - Filling up the DagBag from /home/airflow/.local/lib/python3.12/site-packages/airflow/example_dags/example_python_operator.py
[2026-02-14T16:12:38.823+0000] {processor.py:840} INFO - DAG(s) 'example_python_operator' retrieved from /home/airflow/.local/lib/python3.12/site-packages/airflow/example_dags/example_python_operator.py
[2026-02-14T16:12:38.832+0000] {logging_mixin.py:188} INFO - [2026-02-14T16:12:38.832+0000] {dag.py:3089} INFO - Sync 1 DAGs
[2026-02-14T16:12:38.837+0000] {logging_mixin.py:188} INFO - [2026-02-14T16:12:38.837+0000] {dag.py:3947} INFO - Setting next_dagrun for example_python_operator to None, run_after=None
[2026-02-14T16:12:38.844+0000] {processor.py:183} INFO - Processing /home/airflow/.local/lib/python3.12/site-packages/airflow/example_dags/example_python_operator.py took 0.028 seconds
[2026-02-14T16:13:09.081+0000] {processor.py:161} INFO - Started process (PID=3148) to work on /home/airflow/.local/lib/python3.12/site-packages/airflow/example_dags/example_python_operator.py
[2026-02-14T16:13:09.082+0000] {processor.py:830} INFO - Processing file /home/airflow/.local/lib/python3.12/site-packages/airflow/example_dags/example_python_operator.py for tasks to queue
[2026-02-14T16:13:09.083+0000] {logging_mixin.py:188} INFO - [2026-02-14T16:13:09.083+0000] {dagbag.py:545} INFO - Filling up the DagBag from /home/airflow/.local/lib/python3.12/site-packages/airflow/example_dags/example_python_operator.py
[2026-02-14T16:13:09.090+0000] {processor.py:840} INFO - DAG(s) 'example_python_operator' retrieved from /home/airflow/.local/lib/python3.12/site-packages/airflow/example_dags/example_python_operator.py
[2026-02-14T16:13:09.107+0000] {logging_mixin.py:188} INFO - [2026-02-14T16:13:09.107+0000] {dag.py:3089} INFO - Sync 1 DAGs
[2026-02-14T16:13:09.116+0000] {logging_mixin.py:188} INFO - [2026-02-14T16:13:09.115+0000] {dag.py:3947} INFO - Setting next_dagrun for example_python_operator to None, run_after=None
[2026-02-14T16:13:09.128+0000] {processor.py:183} INFO - Processing /home/airflow/.local/lib/python3.12/site-packages/airflow/example_dags/example_python_operator.py took 0.050 seconds
[2026-02-14T16:13:39.354+0000] {processor.py:161} INFO - Started process (PID=3207) to work on /home/airflow/.local/lib/python3.12/site-packages/airflow/example_dags/example_python_operator.py
[2026-02-14T16:13:39.355+0000] {processor.py:830} INFO - Processing file /home/airflow/.local/lib/python3.12/site-packages/airflow/example_dags/example_python_operator.py for tasks to queue
[2026-02-14T16:13:39.356+0000] {logging_mixin.py:188} INFO - [2026-02-14T16:13:39.356+0000] {dagbag.py:545} INFO - Filling up the DagBag from /home/airflow/.local/lib/python3.12/site-packages/airflow/example_dags/example_python_operator.py
[2026-02-14T16:13:39.362+0000] {processor.py:840} INFO - DAG(s) 'example_python_operator' retrieved from /home/airflow/.local/lib/python3.12/site-packages/airflow/example_dags/example_python_operator.py
[2026-02-14T16:13:39.374+0000] {logging_mixin.py:188} INFO - [2026-02-14T16:13:39.374+0000] {dag.py:3089} INFO - Sync 1 DAGs
[2026-02-14T16:13:39.381+0000] {logging_mixin.py:188} INFO - [2026-02-14T16:13:39.380+0000] {dag.py:3947} INFO - Setting next_dagrun for example_python_operator to None, run_after=None
[2026-02-14T16:13:39.388+0000] {processor.py:183} INFO - Processing /home/airflow/.local/lib/python3.12/site-packages/airflow/example_dags/example_python_operator.py took 0.039 seconds
[2026-02-14T16:14:10.277+0000] {processor.py:161} INFO - Started process (PID=3266) to work on /home/airflow/.local/lib/python3.12/site-packages/airflow/example_dags/example_python_operator.py
[2026-02-14T16:14:10.282+0000] {processor.py:830} INFO - Processing file /home/airflow/.local/lib/python3.12/site-packages/airflow/example_dags/example_python_operator.py for tasks to queue
[2026-02-14T16:14:10.286+0000] {logging_mixin.py:188} INFO - [2026-02-14T16:14:10.286+0000] {dagbag.py:545} INFO - Filling up the DagBag from /home/airflow/.local/lib/python3.12/site-packages/airflow/example_dags/example_python_operator.py
[2026-02-14T16:14:10.296+0000] {processor.py:840} INFO - DAG(s) 'example_python_operator' retrieved from /home/airflow/.local/lib/python3.12/site-packages/airflow/example_dags/example_python_operator.py
[2026-02-14T16:14:10.316+0000] {logging_mixin.py:188} INFO - [2026-02-14T16:14:10.316+0000] {dag.py:3089} INFO - Sync 1 DAGs
[2026-02-14T16:14:10.328+0000] {logging_mixin.py:188} INFO - [2026-02-14T16:14:10.328+0000] {dag.py:3947} INFO - Setting next_dagrun for example_python_operator to None, run_after=None
[2026-02-14T16:14:10.351+0000] {processor.py:183} INFO - Processing /home/airflow/.local/lib/python3.12/site-packages/airflow/example_dags/example_python_operator.py took 0.087 seconds
[2026-02-14T16:14:40.455+0000] {processor.py:161} INFO - Started process (PID=3325) to work on /home/airflow/.local/lib/python3.12/site-packages/airflow/example_dags/example_python_operator.py
[2026-02-14T16:14:40.455+0000] {processor.py:830} INFO - Processing file /home/airflow/.local/lib/python3.12/site-packages/airflow/example_dags/example_python_operator.py for tasks to queue
[2026-02-14T16:14:40.457+0000] {logging_mixin.py:188} INFO - [2026-02-14T16:14:40.457+0000] {dagbag.py:545} INFO - Filling up the DagBag from /home/airflow/.local/lib/python3.12/site-packages/airflow/example_dags/example_python_operator.py
[2026-02-14T16:14:40.478+0000] {processor.py:840} INFO - DAG(s) 'example_python_operator' retrieved from /home/airflow/.local/lib/python3.12/site-packages/airflow/example_dags/example_python_operator.py
[2026-02-14T16:14:40.510+0000] {logging_mixin.py:188} INFO - [2026-02-14T16:14:40.509+0000] {dag.py:3089} INFO - Sync 1 DAGs
[2026-02-14T16:14:40.536+0000] {logging_mixin.py:188} INFO - [2026-02-14T16:14:40.536+0000] {dag.py:3947} INFO - Setting next_dagrun for example_python_operator to None, run_after=None
[2026-02-14T16:14:40.551+0000] {processor.py:183} INFO - Processing /home/airflow/.local/lib/python3.12/site-packages/airflow/example_dags/example_python_operator.py took 0.103 seconds
[2026-02-14T16:15:11.407+0000] {processor.py:161} INFO - Started process (PID=3384) to work on /home/airflow/.local/lib/python3.12/site-packages/airflow/example_dags/example_python_operator.py
[2026-02-14T16:15:11.410+0000] {processor.py:830} INFO - Processing file /home/airflow/.local/lib/python3.12/site-packages/airflow/example_dags/example_python_operator.py for tasks to queue
[2026-02-14T16:15:11.412+0000] {logging_mixin.py:188} INFO - [2026-02-14T16:15:11.412+0000] {dagbag.py:545} INFO - Filling up the DagBag from /home/airflow/.local/lib/python3.12/site-packages/airflow/example_dags/example_python_operator.py
[2026-02-14T16:15:11.420+0000] {processor.py:840} INFO - DAG(s) 'example_python_operator' retrieved from /home/airflow/.local/lib/python3.12/site-packages/airflow/example_dags/example_python_operator.py
[2026-02-14T16:15:11.437+0000] {logging_mixin.py:188} INFO - [2026-02-14T16:15:11.436+0000] {dag.py:3089} INFO - Sync 1 DAGs
[2026-02-14T16:15:11.446+0000] {logging_mixin.py:188} INFO - [2026-02-14T16:15:11.446+0000] {dag.py:3947} INFO - Setting next_dagrun for example_python_operator to None, run_after=None
[2026-02-14T16:15:11.481+0000] {processor.py:183} INFO - Processing /home/airflow/.local/lib/python3.12/site-packages/airflow/example_dags/example_python_operator.py took 0.084 seconds
[2026-02-14T16:15:42.151+0000] {processor.py:161} INFO - Started process (PID=3443) to work on /home/airflow/.local/lib/python3.12/site-packages/airflow/example_dags/example_python_operator.py
[2026-02-14T16:15:42.154+0000] {processor.py:830} INFO - Processing file /home/airflow/.local/lib/python3.12/site-packages/airflow/example_dags/example_python_operator.py for tasks to queue
[2026-02-14T16:15:42.158+0000] {logging_mixin.py:188} INFO - [2026-02-14T16:15:42.157+0000] {dagbag.py:545} INFO - Filling up the DagBag from /home/airflow/.local/lib/python3.12/site-packages/airflow/example_dags/example_python_operator.py
[2026-02-14T16:15:42.177+0000] {processor.py:840} INFO - DAG(s) 'example_python_operator' retrieved from /home/airflow/.local/lib/python3.12/site-packages/airflow/example_dags/example_python_operator.py
[2026-02-14T16:15:42.196+0000] {logging_mixin.py:188} INFO - [2026-02-14T16:15:42.196+0000] {dag.py:3089} INFO - Sync 1 DAGs
[2026-02-14T16:15:42.209+0000] {logging_mixin.py:188} INFO - [2026-02-14T16:15:42.209+0000] {dag.py:3947} INFO - Setting next_dagrun for example_python_operator to None, run_after=None
[2026-02-14T16:15:42.231+0000] {processor.py:183} INFO - Processing /home/airflow/.local/lib/python3.12/site-packages/airflow/example_dags/example_python_operator.py took 0.088 seconds
[2026-02-14T16:16:13.194+0000] {processor.py:161} INFO - Started process (PID=3508) to work on /home/airflow/.local/lib/python3.12/site-packages/airflow/example_dags/example_python_operator.py
[2026-02-14T16:16:13.195+0000] {processor.py:830} INFO - Processing file /home/airflow/.local/lib/python3.12/site-packages/airflow/example_dags/example_python_operator.py for tasks to queue
[2026-02-14T16:16:13.197+0000] {logging_mixin.py:188} INFO - [2026-02-14T16:16:13.197+0000] {dagbag.py:545} INFO - Filling up the DagBag from /home/airflow/.local/lib/python3.12/site-packages/airflow/example_dags/example_python_operator.py
[2026-02-14T16:16:13.205+0000] {processor.py:840} INFO - DAG(s) 'example_python_operator' retrieved from /home/airflow/.local/lib/python3.12/site-packages/airflow/example_dags/example_python_operator.py
[2026-02-14T16:16:13.218+0000] {logging_mixin.py:188} INFO - [2026-02-14T16:16:13.218+0000] {dag.py:3089} INFO - Sync 1 DAGs
[2026-02-14T16:16:13.224+0000] {logging_mixin.py:188} INFO - [2026-02-14T16:16:13.224+0000] {dag.py:3947} INFO - Setting next_dagrun for example_python_operator to None, run_after=None
[2026-02-14T16:16:13.236+0000] {processor.py:183} INFO - Processing /home/airflow/.local/lib/python3.12/site-packages/airflow/example_dags/example_python_operator.py took 0.048 seconds
[2026-02-14T16:16:43.697+0000] {processor.py:161} INFO - Started process (PID=3567) to work on /home/airflow/.local/lib/python3.12/site-packages/airflow/example_dags/example_python_operator.py
[2026-02-14T16:16:43.698+0000] {processor.py:830} INFO - Processing file /home/airflow/.local/lib/python3.12/site-packages/airflow/example_dags/example_python_operator.py for tasks to queue
[2026-02-14T16:16:43.701+0000] {logging_mixin.py:188} INFO - [2026-02-14T16:16:43.701+0000] {dagbag.py:545} INFO - Filling up the DagBag from /home/airflow/.local/lib/python3.12/site-packages/airflow/example_dags/example_python_operator.py
[2026-02-14T16:16:43.708+0000] {processor.py:840} INFO - DAG(s) 'example_python_operator' retrieved from /home/airflow/.local/lib/python3.12/site-packages/airflow/example_dags/example_python_operator.py
[2026-02-14T16:16:43.723+0000] {logging_mixin.py:188} INFO - [2026-02-14T16:16:43.723+0000] {dag.py:3089} INFO - Sync 1 DAGs
[2026-02-14T16:16:43.729+0000] {logging_mixin.py:188} INFO - [2026-02-14T16:16:43.729+0000] {dag.py:3947} INFO - Setting next_dagrun for example_python_operator to None, run_after=None
[2026-02-14T16:16:43.738+0000] {processor.py:183} INFO - Processing /home/airflow/.local/lib/python3.12/site-packages/airflow/example_dags/example_python_operator.py took 0.046 seconds
[2026-02-14T16:17:14.233+0000] {processor.py:161} INFO - Started process (PID=3626) to work on /home/airflow/.local/lib/python3.12/site-packages/airflow/example_dags/example_python_operator.py
[2026-02-14T16:17:14.235+0000] {processor.py:830} INFO - Processing file /home/airflow/.local/lib/python3.12/site-packages/airflow/example_dags/example_python_operator.py for tasks to queue
[2026-02-14T16:17:14.236+0000] {logging_mixin.py:188} INFO - [2026-02-14T16:17:14.236+0000] {dagbag.py:545} INFO - Filling up the DagBag from /home/airflow/.local/lib/python3.12/site-packages/airflow/example_dags/example_python_operator.py
[2026-02-14T16:17:14.241+0000] {processor.py:840} INFO - DAG(s) 'example_python_operator' retrieved from /home/airflow/.local/lib/python3.12/site-packages/airflow/example_dags/example_python_operator.py
[2026-02-14T16:17:14.255+0000] {logging_mixin.py:188} INFO - [2026-02-14T16:17:14.255+0000] {dag.py:3089} INFO - Sync 1 DAGs
[2026-02-14T16:17:14.261+0000] {logging_mixin.py:188} INFO - [2026-02-14T16:17:14.261+0000] {dag.py:3947} INFO - Setting next_dagrun for example_python_operator to None, run_after=None
[2026-02-14T16:17:14.272+0000] {processor.py:183} INFO - Processing /home/airflow/.local/lib/python3.12/site-packages/airflow/example_dags/example_python_operator.py took 0.043 seconds
[2026-02-14T16:17:44.985+0000] {processor.py:161} INFO - Started process (PID=3685) to work on /home/airflow/.local/lib/python3.12/site-packages/airflow/example_dags/example_python_operator.py
[2026-02-14T16:17:44.986+0000] {processor.py:830} INFO - Processing file /home/airflow/.local/lib/python3.12/site-packages/airflow/example_dags/example_python_operator.py for tasks to queue
[2026-02-14T16:17:44.988+0000] {logging_mixin.py:188} INFO - [2026-02-14T16:17:44.988+0000] {dagbag.py:545} INFO - Filling up the DagBag from /home/airflow/.local/lib/python3.12/site-packages/airflow/example_dags/example_python_operator.py
[2026-02-14T16:17:44.997+0000] {processor.py:840} INFO - DAG(s) 'example_python_operator' retrieved from /home/airflow/.local/lib/python3.12/site-packages/airflow/example_dags/example_python_operator.py
[2026-02-14T16:17:45.013+0000] {logging_mixin.py:188} INFO - [2026-02-14T16:17:45.013+0000] {dag.py:3089} INFO - Sync 1 DAGs
[2026-02-14T16:17:45.020+0000] {logging_mixin.py:188} INFO - [2026-02-14T16:17:45.020+0000] {dag.py:3947} INFO - Setting next_dagrun for example_python_operator to None, run_after=None
[2026-02-14T16:17:45.030+0000] {processor.py:183} INFO - Processing /home/airflow/.local/lib/python3.12/site-packages/airflow/example_dags/example_python_operator.py took 0.050 seconds
[2026-02-14T16:18:15.488+0000] {processor.py:161} INFO - Started process (PID=3744) to work on /home/airflow/.local/lib/python3.12/site-packages/airflow/example_dags/example_python_operator.py
[2026-02-14T16:18:15.489+0000] {processor.py:830} INFO - Processing file /home/airflow/.local/lib/python3.12/site-packages/airflow/example_dags/example_python_operator.py for tasks to queue
[2026-02-14T16:18:15.491+0000] {logging_mixin.py:188} INFO - [2026-02-14T16:18:15.491+0000] {dagbag.py:545} INFO - Filling up the DagBag from /home/airflow/.local/lib/python3.12/site-packages/airflow/example_dags/example_python_operator.py
[2026-02-14T16:18:15.499+0000] {processor.py:840} INFO - DAG(s) 'example_python_operator' retrieved from /home/airflow/.local/lib/python3.12/site-packages/airflow/example_dags/example_python_operator.py
[2026-02-14T16:18:15.515+0000] {logging_mixin.py:188} INFO - [2026-02-14T16:18:15.515+0000] {dag.py:3089} INFO - Sync 1 DAGs
[2026-02-14T16:18:15.523+0000] {logging_mixin.py:188} INFO - [2026-02-14T16:18:15.523+0000] {dag.py:3947} INFO - Setting next_dagrun for example_python_operator to None, run_after=None
[2026-02-14T16:18:15.536+0000] {processor.py:183} INFO - Processing /home/airflow/.local/lib/python3.12/site-packages/airflow/example_dags/example_python_operator.py took 0.054 seconds
[2026-02-14T16:18:46.298+0000] {processor.py:161} INFO - Started process (PID=3803) to work on /home/airflow/.local/lib/python3.12/site-packages/airflow/example_dags/example_python_operator.py
[2026-02-14T16:18:46.299+0000] {processor.py:830} INFO - Processing file /home/airflow/.local/lib/python3.12/site-packages/airflow/example_dags/example_python_operator.py for tasks to queue
[2026-02-14T16:18:46.300+0000] {logging_mixin.py:188} INFO - [2026-02-14T16:18:46.300+0000] {dagbag.py:545} INFO - Filling up the DagBag from /home/airflow/.local/lib/python3.12/site-packages/airflow/example_dags/example_python_operator.py
[2026-02-14T16:18:46.309+0000] {processor.py:840} INFO - DAG(s) 'example_python_operator' retrieved from /home/airflow/.local/lib/python3.12/site-packages/airflow/example_dags/example_python_operator.py
[2026-02-14T16:18:46.331+0000] {logging_mixin.py:188} INFO - [2026-02-14T16:18:46.330+0000] {dag.py:3089} INFO - Sync 1 DAGs
[2026-02-14T16:18:46.340+0000] {logging_mixin.py:188} INFO - [2026-02-14T16:18:46.340+0000] {dag.py:3947} INFO - Setting next_dagrun for example_python_operator to None, run_after=None
[2026-02-14T16:18:46.354+0000] {processor.py:183} INFO - Processing /home/airflow/.local/lib/python3.12/site-packages/airflow/example_dags/example_python_operator.py took 0.073 seconds
[2026-02-14T16:19:16.405+0000] {processor.py:161} INFO - Started process (PID=3862) to work on /home/airflow/.local/lib/python3.12/site-packages/airflow/example_dags/example_python_operator.py
[2026-02-14T16:19:16.405+0000] {processor.py:830} INFO - Processing file /home/airflow/.local/lib/python3.12/site-packages/airflow/example_dags/example_python_operator.py for tasks to queue
[2026-02-14T16:19:16.406+0000] {logging_mixin.py:188} INFO - [2026-02-14T16:19:16.406+0000] {dagbag.py:545} INFO - Filling up the DagBag from /home/airflow/.local/lib/python3.12/site-packages/airflow/example_dags/example_python_operator.py
[2026-02-14T16:19:16.410+0000] {processor.py:840} INFO - DAG(s) 'example_python_operator' retrieved from /home/airflow/.local/lib/python3.12/site-packages/airflow/example_dags/example_python_operator.py
[2026-02-14T16:19:16.420+0000] {logging_mixin.py:188} INFO - [2026-02-14T16:19:16.419+0000] {dag.py:3089} INFO - Sync 1 DAGs
[2026-02-14T16:19:16.425+0000] {logging_mixin.py:188} INFO - [2026-02-14T16:19:16.425+0000] {dag.py:3947} INFO - Setting next_dagrun for example_python_operator to None, run_after=None
[2026-02-14T16:19:16.431+0000] {processor.py:183} INFO - Processing /home/airflow/.local/lib/python3.12/site-packages/airflow/example_dags/example_python_operator.py took 0.029 seconds
[2026-02-14T16:19:47.317+0000] {processor.py:161} INFO - Started process (PID=3921) to work on /home/airflow/.local/lib/python3.12/site-packages/airflow/example_dags/example_python_operator.py
[2026-02-14T16:19:47.319+0000] {processor.py:830} INFO - Processing file /home/airflow/.local/lib/python3.12/site-packages/airflow/example_dags/example_python_operator.py for tasks to queue
[2026-02-14T16:19:47.321+0000] {logging_mixin.py:188} INFO - [2026-02-14T16:19:47.321+0000] {dagbag.py:545} INFO - Filling up the DagBag from /home/airflow/.local/lib/python3.12/site-packages/airflow/example_dags/example_python_operator.py
[2026-02-14T16:19:47.333+0000] {processor.py:840} INFO - DAG(s) 'example_python_operator' retrieved from /home/airflow/.local/lib/python3.12/site-packages/airflow/example_dags/example_python_operator.py
[2026-02-14T16:19:47.356+0000] {logging_mixin.py:188} INFO - [2026-02-14T16:19:47.356+0000] {dag.py:3089} INFO - Sync 1 DAGs
[2026-02-14T16:19:47.363+0000] {logging_mixin.py:188} INFO - [2026-02-14T16:19:47.363+0000] {dag.py:3947} INFO - Setting next_dagrun for example_python_operator to None, run_after=None
[2026-02-14T16:19:47.373+0000] {processor.py:183} INFO - Processing /home/airflow/.local/lib/python3.12/site-packages/airflow/example_dags/example_python_operator.py took 0.063 seconds
[2026-02-14T16:20:18.024+0000] {processor.py:161} INFO - Started process (PID=3980) to work on /home/airflow/.local/lib/python3.12/site-packages/airflow/example_dags/example_python_operator.py
[2026-02-14T16:20:18.025+0000] {processor.py:830} INFO - Processing file /home/airflow/.local/lib/python3.12/site-packages/airflow/example_dags/example_python_operator.py for tasks to queue
[2026-02-14T16:20:18.028+0000] {logging_mixin.py:188} INFO - [2026-02-14T16:20:18.027+0000] {dagbag.py:545} INFO - Filling up the DagBag from /home/airflow/.local/lib/python3.12/site-packages/airflow/example_dags/example_python_operator.py
[2026-02-14T16:20:18.046+0000] {processor.py:840} INFO - DAG(s) 'example_python_operator' retrieved from /home/airflow/.local/lib/python3.12/site-packages/airflow/example_dags/example_python_operator.py
[2026-02-14T16:20:18.072+0000] {logging_mixin.py:188} INFO - [2026-02-14T16:20:18.072+0000] {dag.py:3089} INFO - Sync 1 DAGs
[2026-02-14T16:20:18.082+0000] {logging_mixin.py:188} INFO - [2026-02-14T16:20:18.082+0000] {dag.py:3947} INFO - Setting next_dagrun for example_python_operator to None, run_after=None
[2026-02-14T16:20:18.182+0000] {processor.py:183} INFO - Processing /home/airflow/.local/lib/python3.12/site-packages/airflow/example_dags/example_python_operator.py took 0.168 seconds
[2026-02-14T16:20:49.118+0000] {processor.py:161} INFO - Started process (PID=4039) to work on /home/airflow/.local/lib/python3.12/site-packages/airflow/example_dags/example_python_operator.py
[2026-02-14T16:20:49.121+0000] {processor.py:830} INFO - Processing file /home/airflow/.local/lib/python3.12/site-packages/airflow/example_dags/example_python_operator.py for tasks to queue
[2026-02-14T16:20:49.122+0000] {logging_mixin.py:188} INFO - [2026-02-14T16:20:49.122+0000] {dagbag.py:545} INFO - Filling up the DagBag from /home/airflow/.local/lib/python3.12/site-packages/airflow/example_dags/example_python_operator.py
[2026-02-14T16:20:49.130+0000] {processor.py:840} INFO - DAG(s) 'example_python_operator' retrieved from /home/airflow/.local/lib/python3.12/site-packages/airflow/example_dags/example_python_operator.py
[2026-02-14T16:20:49.143+0000] {logging_mixin.py:188} INFO - [2026-02-14T16:20:49.143+0000] {dag.py:3089} INFO - Sync 1 DAGs
[2026-02-14T16:20:49.149+0000] {logging_mixin.py:188} INFO - [2026-02-14T16:20:49.149+0000] {dag.py:3947} INFO - Setting next_dagrun for example_python_operator to None, run_after=None
[2026-02-14T16:20:49.160+0000] {processor.py:183} INFO - Processing /home/airflow/.local/lib/python3.12/site-packages/airflow/example_dags/example_python_operator.py took 0.047 seconds
[2026-02-14T16:21:19.613+0000] {processor.py:161} INFO - Started process (PID=4098) to work on /home/airflow/.local/lib/python3.12/site-packages/airflow/example_dags/example_python_operator.py
[2026-02-14T16:21:19.614+0000] {processor.py:830} INFO - Processing file /home/airflow/.local/lib/python3.12/site-packages/airflow/example_dags/example_python_operator.py for tasks to queue
[2026-02-14T16:21:19.617+0000] {logging_mixin.py:188} INFO - [2026-02-14T16:21:19.617+0000] {dagbag.py:545} INFO - Filling up the DagBag from /home/airflow/.local/lib/python3.12/site-packages/airflow/example_dags/example_python_operator.py
[2026-02-14T16:21:19.623+0000] {processor.py:840} INFO - DAG(s) 'example_python_operator' retrieved from /home/airflow/.local/lib/python3.12/site-packages/airflow/example_dags/example_python_operator.py
[2026-02-14T16:21:19.635+0000] {logging_mixin.py:188} INFO - [2026-02-14T16:21:19.634+0000] {dag.py:3089} INFO - Sync 1 DAGs
[2026-02-14T16:21:19.640+0000] {logging_mixin.py:188} INFO - [2026-02-14T16:21:19.640+0000] {dag.py:3947} INFO - Setting next_dagrun for example_python_operator to None, run_after=None
[2026-02-14T16:21:19.651+0000] {processor.py:183} INFO - Processing /home/airflow/.local/lib/python3.12/site-packages/airflow/example_dags/example_python_operator.py took 0.044 seconds
