[2026-02-14T15:46:38.222+0000] {processor.py:161} INFO - Started process (PID=66) to work on /home/airflow/.local/lib/python3.12/site-packages/airflow/example_dags/example_sensor_decorator.py
[2026-02-14T15:46:38.222+0000] {processor.py:830} INFO - Processing file /home/airflow/.local/lib/python3.12/site-packages/airflow/example_dags/example_sensor_decorator.py for tasks to queue
[2026-02-14T15:46:38.225+0000] {logging_mixin.py:188} INFO - [2026-02-14T15:46:38.225+0000] {dagbag.py:545} INFO - Filling up the DagBag from /home/airflow/.local/lib/python3.12/site-packages/airflow/example_dags/example_sensor_decorator.py
[2026-02-14T15:46:38.231+0000] {processor.py:840} INFO - DAG(s) 'example_sensor_decorator' retrieved from /home/airflow/.local/lib/python3.12/site-packages/airflow/example_dags/example_sensor_decorator.py
[2026-02-14T15:46:38.240+0000] {logging_mixin.py:188} INFO - [2026-02-14T15:46:38.240+0000] {dag.py:3089} INFO - Sync 1 DAGs
[2026-02-14T15:46:38.247+0000] {logging_mixin.py:188} INFO - [2026-02-14T15:46:38.246+0000] {dag.py:3947} INFO - Setting next_dagrun for example_sensor_decorator to None, run_after=None
[2026-02-14T15:46:38.257+0000] {processor.py:183} INFO - Processing /home/airflow/.local/lib/python3.12/site-packages/airflow/example_dags/example_sensor_decorator.py took 0.038 seconds
[2026-02-14T15:47:09.034+0000] {processor.py:161} INFO - Started process (PID=131) to work on /home/airflow/.local/lib/python3.12/site-packages/airflow/example_dags/example_sensor_decorator.py
[2026-02-14T15:47:09.035+0000] {processor.py:830} INFO - Processing file /home/airflow/.local/lib/python3.12/site-packages/airflow/example_dags/example_sensor_decorator.py for tasks to queue
[2026-02-14T15:47:09.036+0000] {logging_mixin.py:188} INFO - [2026-02-14T15:47:09.036+0000] {dagbag.py:545} INFO - Filling up the DagBag from /home/airflow/.local/lib/python3.12/site-packages/airflow/example_dags/example_sensor_decorator.py
[2026-02-14T15:47:09.038+0000] {processor.py:840} INFO - DAG(s) 'example_sensor_decorator' retrieved from /home/airflow/.local/lib/python3.12/site-packages/airflow/example_dags/example_sensor_decorator.py
[2026-02-14T15:47:09.073+0000] {logging_mixin.py:188} INFO - [2026-02-14T15:47:09.073+0000] {dag.py:3089} INFO - Sync 1 DAGs
[2026-02-14T15:47:09.076+0000] {logging_mixin.py:188} INFO - [2026-02-14T15:47:09.076+0000] {dag.py:3947} INFO - Setting next_dagrun for example_sensor_decorator to None, run_after=None
[2026-02-14T15:47:09.082+0000] {processor.py:183} INFO - Processing /home/airflow/.local/lib/python3.12/site-packages/airflow/example_dags/example_sensor_decorator.py took 0.050 seconds
[2026-02-14T15:47:39.943+0000] {processor.py:161} INFO - Started process (PID=190) to work on /home/airflow/.local/lib/python3.12/site-packages/airflow/example_dags/example_sensor_decorator.py
[2026-02-14T15:47:39.943+0000] {processor.py:830} INFO - Processing file /home/airflow/.local/lib/python3.12/site-packages/airflow/example_dags/example_sensor_decorator.py for tasks to queue
[2026-02-14T15:47:39.943+0000] {logging_mixin.py:188} INFO - [2026-02-14T15:47:39.943+0000] {dagbag.py:545} INFO - Filling up the DagBag from /home/airflow/.local/lib/python3.12/site-packages/airflow/example_dags/example_sensor_decorator.py
[2026-02-14T15:47:39.945+0000] {processor.py:840} INFO - DAG(s) 'example_sensor_decorator' retrieved from /home/airflow/.local/lib/python3.12/site-packages/airflow/example_dags/example_sensor_decorator.py
[2026-02-14T15:47:39.954+0000] {logging_mixin.py:188} INFO - [2026-02-14T15:47:39.954+0000] {dag.py:3089} INFO - Sync 1 DAGs
[2026-02-14T15:47:39.958+0000] {logging_mixin.py:188} INFO - [2026-02-14T15:47:39.958+0000] {dag.py:3947} INFO - Setting next_dagrun for example_sensor_decorator to None, run_after=None
[2026-02-14T15:47:39.966+0000] {processor.py:183} INFO - Processing /home/airflow/.local/lib/python3.12/site-packages/airflow/example_dags/example_sensor_decorator.py took 0.025 seconds
[2026-02-14T15:48:10.537+0000] {processor.py:161} INFO - Started process (PID=249) to work on /home/airflow/.local/lib/python3.12/site-packages/airflow/example_dags/example_sensor_decorator.py
[2026-02-14T15:48:10.538+0000] {processor.py:830} INFO - Processing file /home/airflow/.local/lib/python3.12/site-packages/airflow/example_dags/example_sensor_decorator.py for tasks to queue
[2026-02-14T15:48:10.538+0000] {logging_mixin.py:188} INFO - [2026-02-14T15:48:10.538+0000] {dagbag.py:545} INFO - Filling up the DagBag from /home/airflow/.local/lib/python3.12/site-packages/airflow/example_dags/example_sensor_decorator.py
[2026-02-14T15:48:10.541+0000] {processor.py:840} INFO - DAG(s) 'example_sensor_decorator' retrieved from /home/airflow/.local/lib/python3.12/site-packages/airflow/example_dags/example_sensor_decorator.py
[2026-02-14T15:48:10.548+0000] {logging_mixin.py:188} INFO - [2026-02-14T15:48:10.547+0000] {dag.py:3089} INFO - Sync 1 DAGs
[2026-02-14T15:48:10.552+0000] {logging_mixin.py:188} INFO - [2026-02-14T15:48:10.552+0000] {dag.py:3947} INFO - Setting next_dagrun for example_sensor_decorator to None, run_after=None
[2026-02-14T15:48:10.559+0000] {processor.py:183} INFO - Processing /home/airflow/.local/lib/python3.12/site-packages/airflow/example_dags/example_sensor_decorator.py took 0.025 seconds
[2026-02-14T15:48:41.132+0000] {processor.py:161} INFO - Started process (PID=308) to work on /home/airflow/.local/lib/python3.12/site-packages/airflow/example_dags/example_sensor_decorator.py
[2026-02-14T15:48:41.132+0000] {processor.py:830} INFO - Processing file /home/airflow/.local/lib/python3.12/site-packages/airflow/example_dags/example_sensor_decorator.py for tasks to queue
[2026-02-14T15:48:41.134+0000] {logging_mixin.py:188} INFO - [2026-02-14T15:48:41.134+0000] {dagbag.py:545} INFO - Filling up the DagBag from /home/airflow/.local/lib/python3.12/site-packages/airflow/example_dags/example_sensor_decorator.py
[2026-02-14T15:48:41.137+0000] {processor.py:840} INFO - DAG(s) 'example_sensor_decorator' retrieved from /home/airflow/.local/lib/python3.12/site-packages/airflow/example_dags/example_sensor_decorator.py
[2026-02-14T15:48:41.144+0000] {logging_mixin.py:188} INFO - [2026-02-14T15:48:41.144+0000] {dag.py:3089} INFO - Sync 1 DAGs
[2026-02-14T15:48:41.148+0000] {logging_mixin.py:188} INFO - [2026-02-14T15:48:41.148+0000] {dag.py:3947} INFO - Setting next_dagrun for example_sensor_decorator to None, run_after=None
[2026-02-14T15:48:41.156+0000] {processor.py:183} INFO - Processing /home/airflow/.local/lib/python3.12/site-packages/airflow/example_dags/example_sensor_decorator.py took 0.027 seconds
[2026-02-14T15:49:11.774+0000] {processor.py:161} INFO - Started process (PID=367) to work on /home/airflow/.local/lib/python3.12/site-packages/airflow/example_dags/example_sensor_decorator.py
[2026-02-14T15:49:11.776+0000] {processor.py:830} INFO - Processing file /home/airflow/.local/lib/python3.12/site-packages/airflow/example_dags/example_sensor_decorator.py for tasks to queue
[2026-02-14T15:49:11.777+0000] {logging_mixin.py:188} INFO - [2026-02-14T15:49:11.777+0000] {dagbag.py:545} INFO - Filling up the DagBag from /home/airflow/.local/lib/python3.12/site-packages/airflow/example_dags/example_sensor_decorator.py
[2026-02-14T15:49:11.780+0000] {processor.py:840} INFO - DAG(s) 'example_sensor_decorator' retrieved from /home/airflow/.local/lib/python3.12/site-packages/airflow/example_dags/example_sensor_decorator.py
[2026-02-14T15:49:11.790+0000] {logging_mixin.py:188} INFO - [2026-02-14T15:49:11.790+0000] {dag.py:3089} INFO - Sync 1 DAGs
[2026-02-14T15:49:11.795+0000] {logging_mixin.py:188} INFO - [2026-02-14T15:49:11.795+0000] {dag.py:3947} INFO - Setting next_dagrun for example_sensor_decorator to None, run_after=None
[2026-02-14T15:49:11.804+0000] {processor.py:183} INFO - Processing /home/airflow/.local/lib/python3.12/site-packages/airflow/example_dags/example_sensor_decorator.py took 0.032 seconds
[2026-02-14T15:49:42.177+0000] {processor.py:161} INFO - Started process (PID=426) to work on /home/airflow/.local/lib/python3.12/site-packages/airflow/example_dags/example_sensor_decorator.py
[2026-02-14T15:49:42.177+0000] {processor.py:830} INFO - Processing file /home/airflow/.local/lib/python3.12/site-packages/airflow/example_dags/example_sensor_decorator.py for tasks to queue
[2026-02-14T15:49:42.179+0000] {logging_mixin.py:188} INFO - [2026-02-14T15:49:42.179+0000] {dagbag.py:545} INFO - Filling up the DagBag from /home/airflow/.local/lib/python3.12/site-packages/airflow/example_dags/example_sensor_decorator.py
[2026-02-14T15:49:42.181+0000] {processor.py:840} INFO - DAG(s) 'example_sensor_decorator' retrieved from /home/airflow/.local/lib/python3.12/site-packages/airflow/example_dags/example_sensor_decorator.py
[2026-02-14T15:49:42.189+0000] {logging_mixin.py:188} INFO - [2026-02-14T15:49:42.189+0000] {dag.py:3089} INFO - Sync 1 DAGs
[2026-02-14T15:49:42.193+0000] {logging_mixin.py:188} INFO - [2026-02-14T15:49:42.193+0000] {dag.py:3947} INFO - Setting next_dagrun for example_sensor_decorator to None, run_after=None
[2026-02-14T15:49:42.203+0000] {processor.py:183} INFO - Processing /home/airflow/.local/lib/python3.12/site-packages/airflow/example_dags/example_sensor_decorator.py took 0.028 seconds
[2026-02-14T15:50:12.576+0000] {processor.py:161} INFO - Started process (PID=485) to work on /home/airflow/.local/lib/python3.12/site-packages/airflow/example_dags/example_sensor_decorator.py
[2026-02-14T15:50:12.577+0000] {processor.py:830} INFO - Processing file /home/airflow/.local/lib/python3.12/site-packages/airflow/example_dags/example_sensor_decorator.py for tasks to queue
[2026-02-14T15:50:12.578+0000] {logging_mixin.py:188} INFO - [2026-02-14T15:50:12.578+0000] {dagbag.py:545} INFO - Filling up the DagBag from /home/airflow/.local/lib/python3.12/site-packages/airflow/example_dags/example_sensor_decorator.py
[2026-02-14T15:50:12.581+0000] {processor.py:840} INFO - DAG(s) 'example_sensor_decorator' retrieved from /home/airflow/.local/lib/python3.12/site-packages/airflow/example_dags/example_sensor_decorator.py
[2026-02-14T15:50:12.589+0000] {logging_mixin.py:188} INFO - [2026-02-14T15:50:12.589+0000] {dag.py:3089} INFO - Sync 1 DAGs
[2026-02-14T15:50:12.594+0000] {logging_mixin.py:188} INFO - [2026-02-14T15:50:12.594+0000] {dag.py:3947} INFO - Setting next_dagrun for example_sensor_decorator to None, run_after=None
[2026-02-14T15:50:12.603+0000] {processor.py:183} INFO - Processing /home/airflow/.local/lib/python3.12/site-packages/airflow/example_dags/example_sensor_decorator.py took 0.029 seconds
[2026-02-14T15:50:43.046+0000] {processor.py:161} INFO - Started process (PID=544) to work on /home/airflow/.local/lib/python3.12/site-packages/airflow/example_dags/example_sensor_decorator.py
[2026-02-14T15:50:43.047+0000] {processor.py:830} INFO - Processing file /home/airflow/.local/lib/python3.12/site-packages/airflow/example_dags/example_sensor_decorator.py for tasks to queue
[2026-02-14T15:50:43.047+0000] {logging_mixin.py:188} INFO - [2026-02-14T15:50:43.047+0000] {dagbag.py:545} INFO - Filling up the DagBag from /home/airflow/.local/lib/python3.12/site-packages/airflow/example_dags/example_sensor_decorator.py
[2026-02-14T15:50:43.050+0000] {processor.py:840} INFO - DAG(s) 'example_sensor_decorator' retrieved from /home/airflow/.local/lib/python3.12/site-packages/airflow/example_dags/example_sensor_decorator.py
[2026-02-14T15:50:43.059+0000] {logging_mixin.py:188} INFO - [2026-02-14T15:50:43.058+0000] {dag.py:3089} INFO - Sync 1 DAGs
[2026-02-14T15:50:43.063+0000] {logging_mixin.py:188} INFO - [2026-02-14T15:50:43.063+0000] {dag.py:3947} INFO - Setting next_dagrun for example_sensor_decorator to None, run_after=None
[2026-02-14T15:50:43.073+0000] {processor.py:183} INFO - Processing /home/airflow/.local/lib/python3.12/site-packages/airflow/example_dags/example_sensor_decorator.py took 0.029 seconds
[2026-02-14T15:51:13.780+0000] {processor.py:161} INFO - Started process (PID=603) to work on /home/airflow/.local/lib/python3.12/site-packages/airflow/example_dags/example_sensor_decorator.py
[2026-02-14T15:51:13.781+0000] {processor.py:830} INFO - Processing file /home/airflow/.local/lib/python3.12/site-packages/airflow/example_dags/example_sensor_decorator.py for tasks to queue
[2026-02-14T15:51:13.783+0000] {logging_mixin.py:188} INFO - [2026-02-14T15:51:13.782+0000] {dagbag.py:545} INFO - Filling up the DagBag from /home/airflow/.local/lib/python3.12/site-packages/airflow/example_dags/example_sensor_decorator.py
[2026-02-14T15:51:13.786+0000] {processor.py:840} INFO - DAG(s) 'example_sensor_decorator' retrieved from /home/airflow/.local/lib/python3.12/site-packages/airflow/example_dags/example_sensor_decorator.py
[2026-02-14T15:51:13.795+0000] {logging_mixin.py:188} INFO - [2026-02-14T15:51:13.795+0000] {dag.py:3089} INFO - Sync 1 DAGs
[2026-02-14T15:51:13.800+0000] {logging_mixin.py:188} INFO - [2026-02-14T15:51:13.800+0000] {dag.py:3947} INFO - Setting next_dagrun for example_sensor_decorator to None, run_after=None
[2026-02-14T15:51:13.810+0000] {processor.py:183} INFO - Processing /home/airflow/.local/lib/python3.12/site-packages/airflow/example_dags/example_sensor_decorator.py took 0.033 seconds
[2026-02-14T15:51:44.268+0000] {processor.py:161} INFO - Started process (PID=662) to work on /home/airflow/.local/lib/python3.12/site-packages/airflow/example_dags/example_sensor_decorator.py
[2026-02-14T15:51:44.269+0000] {processor.py:830} INFO - Processing file /home/airflow/.local/lib/python3.12/site-packages/airflow/example_dags/example_sensor_decorator.py for tasks to queue
[2026-02-14T15:51:44.270+0000] {logging_mixin.py:188} INFO - [2026-02-14T15:51:44.270+0000] {dagbag.py:545} INFO - Filling up the DagBag from /home/airflow/.local/lib/python3.12/site-packages/airflow/example_dags/example_sensor_decorator.py
[2026-02-14T15:51:44.273+0000] {processor.py:840} INFO - DAG(s) 'example_sensor_decorator' retrieved from /home/airflow/.local/lib/python3.12/site-packages/airflow/example_dags/example_sensor_decorator.py
[2026-02-14T15:51:44.279+0000] {logging_mixin.py:188} INFO - [2026-02-14T15:51:44.279+0000] {dag.py:3089} INFO - Sync 1 DAGs
[2026-02-14T15:51:44.283+0000] {logging_mixin.py:188} INFO - [2026-02-14T15:51:44.283+0000] {dag.py:3947} INFO - Setting next_dagrun for example_sensor_decorator to None, run_after=None
[2026-02-14T15:51:44.292+0000] {processor.py:183} INFO - Processing /home/airflow/.local/lib/python3.12/site-packages/airflow/example_dags/example_sensor_decorator.py took 0.027 seconds
[2026-02-14T15:52:14.737+0000] {processor.py:161} INFO - Started process (PID=721) to work on /home/airflow/.local/lib/python3.12/site-packages/airflow/example_dags/example_sensor_decorator.py
[2026-02-14T15:52:14.738+0000] {processor.py:830} INFO - Processing file /home/airflow/.local/lib/python3.12/site-packages/airflow/example_dags/example_sensor_decorator.py for tasks to queue
[2026-02-14T15:52:14.738+0000] {logging_mixin.py:188} INFO - [2026-02-14T15:52:14.738+0000] {dagbag.py:545} INFO - Filling up the DagBag from /home/airflow/.local/lib/python3.12/site-packages/airflow/example_dags/example_sensor_decorator.py
[2026-02-14T15:52:14.741+0000] {processor.py:840} INFO - DAG(s) 'example_sensor_decorator' retrieved from /home/airflow/.local/lib/python3.12/site-packages/airflow/example_dags/example_sensor_decorator.py
[2026-02-14T15:52:14.749+0000] {logging_mixin.py:188} INFO - [2026-02-14T15:52:14.749+0000] {dag.py:3089} INFO - Sync 1 DAGs
[2026-02-14T15:52:14.753+0000] {logging_mixin.py:188} INFO - [2026-02-14T15:52:14.753+0000] {dag.py:3947} INFO - Setting next_dagrun for example_sensor_decorator to None, run_after=None
[2026-02-14T15:52:14.765+0000] {processor.py:183} INFO - Processing /home/airflow/.local/lib/python3.12/site-packages/airflow/example_dags/example_sensor_decorator.py took 0.030 seconds
[2026-02-14T15:52:45.154+0000] {processor.py:161} INFO - Started process (PID=780) to work on /home/airflow/.local/lib/python3.12/site-packages/airflow/example_dags/example_sensor_decorator.py
[2026-02-14T15:52:45.155+0000] {processor.py:830} INFO - Processing file /home/airflow/.local/lib/python3.12/site-packages/airflow/example_dags/example_sensor_decorator.py for tasks to queue
[2026-02-14T15:52:45.157+0000] {logging_mixin.py:188} INFO - [2026-02-14T15:52:45.157+0000] {dagbag.py:545} INFO - Filling up the DagBag from /home/airflow/.local/lib/python3.12/site-packages/airflow/example_dags/example_sensor_decorator.py
[2026-02-14T15:52:45.159+0000] {processor.py:840} INFO - DAG(s) 'example_sensor_decorator' retrieved from /home/airflow/.local/lib/python3.12/site-packages/airflow/example_dags/example_sensor_decorator.py
[2026-02-14T15:52:45.167+0000] {logging_mixin.py:188} INFO - [2026-02-14T15:52:45.167+0000] {dag.py:3089} INFO - Sync 1 DAGs
[2026-02-14T15:52:45.172+0000] {logging_mixin.py:188} INFO - [2026-02-14T15:52:45.172+0000] {dag.py:3947} INFO - Setting next_dagrun for example_sensor_decorator to None, run_after=None
[2026-02-14T15:52:45.181+0000] {processor.py:183} INFO - Processing /home/airflow/.local/lib/python3.12/site-packages/airflow/example_dags/example_sensor_decorator.py took 0.029 seconds
[2026-02-14T15:53:15.501+0000] {processor.py:161} INFO - Started process (PID=839) to work on /home/airflow/.local/lib/python3.12/site-packages/airflow/example_dags/example_sensor_decorator.py
[2026-02-14T15:53:15.502+0000] {processor.py:830} INFO - Processing file /home/airflow/.local/lib/python3.12/site-packages/airflow/example_dags/example_sensor_decorator.py for tasks to queue
[2026-02-14T15:53:15.502+0000] {logging_mixin.py:188} INFO - [2026-02-14T15:53:15.502+0000] {dagbag.py:545} INFO - Filling up the DagBag from /home/airflow/.local/lib/python3.12/site-packages/airflow/example_dags/example_sensor_decorator.py
[2026-02-14T15:53:15.505+0000] {processor.py:840} INFO - DAG(s) 'example_sensor_decorator' retrieved from /home/airflow/.local/lib/python3.12/site-packages/airflow/example_dags/example_sensor_decorator.py
[2026-02-14T15:53:15.512+0000] {logging_mixin.py:188} INFO - [2026-02-14T15:53:15.512+0000] {dag.py:3089} INFO - Sync 1 DAGs
[2026-02-14T15:53:15.517+0000] {logging_mixin.py:188} INFO - [2026-02-14T15:53:15.517+0000] {dag.py:3947} INFO - Setting next_dagrun for example_sensor_decorator to None, run_after=None
[2026-02-14T15:53:15.524+0000] {processor.py:183} INFO - Processing /home/airflow/.local/lib/python3.12/site-packages/airflow/example_dags/example_sensor_decorator.py took 0.025 seconds
[2026-02-14T15:53:45.849+0000] {processor.py:161} INFO - Started process (PID=898) to work on /home/airflow/.local/lib/python3.12/site-packages/airflow/example_dags/example_sensor_decorator.py
[2026-02-14T15:53:45.849+0000] {processor.py:830} INFO - Processing file /home/airflow/.local/lib/python3.12/site-packages/airflow/example_dags/example_sensor_decorator.py for tasks to queue
[2026-02-14T15:53:45.850+0000] {logging_mixin.py:188} INFO - [2026-02-14T15:53:45.850+0000] {dagbag.py:545} INFO - Filling up the DagBag from /home/airflow/.local/lib/python3.12/site-packages/airflow/example_dags/example_sensor_decorator.py
[2026-02-14T15:53:45.852+0000] {processor.py:840} INFO - DAG(s) 'example_sensor_decorator' retrieved from /home/airflow/.local/lib/python3.12/site-packages/airflow/example_dags/example_sensor_decorator.py
[2026-02-14T15:53:45.858+0000] {logging_mixin.py:188} INFO - [2026-02-14T15:53:45.858+0000] {dag.py:3089} INFO - Sync 1 DAGs
[2026-02-14T15:53:45.862+0000] {logging_mixin.py:188} INFO - [2026-02-14T15:53:45.862+0000] {dag.py:3947} INFO - Setting next_dagrun for example_sensor_decorator to None, run_after=None
[2026-02-14T15:53:45.867+0000] {processor.py:183} INFO - Processing /home/airflow/.local/lib/python3.12/site-packages/airflow/example_dags/example_sensor_decorator.py took 0.020 seconds
[2026-02-14T15:54:16.267+0000] {processor.py:161} INFO - Started process (PID=957) to work on /home/airflow/.local/lib/python3.12/site-packages/airflow/example_dags/example_sensor_decorator.py
[2026-02-14T15:54:16.267+0000] {processor.py:830} INFO - Processing file /home/airflow/.local/lib/python3.12/site-packages/airflow/example_dags/example_sensor_decorator.py for tasks to queue
[2026-02-14T15:54:16.268+0000] {logging_mixin.py:188} INFO - [2026-02-14T15:54:16.268+0000] {dagbag.py:545} INFO - Filling up the DagBag from /home/airflow/.local/lib/python3.12/site-packages/airflow/example_dags/example_sensor_decorator.py
[2026-02-14T15:54:16.270+0000] {processor.py:840} INFO - DAG(s) 'example_sensor_decorator' retrieved from /home/airflow/.local/lib/python3.12/site-packages/airflow/example_dags/example_sensor_decorator.py
[2026-02-14T15:54:16.278+0000] {logging_mixin.py:188} INFO - [2026-02-14T15:54:16.278+0000] {dag.py:3089} INFO - Sync 1 DAGs
[2026-02-14T15:54:16.283+0000] {logging_mixin.py:188} INFO - [2026-02-14T15:54:16.283+0000] {dag.py:3947} INFO - Setting next_dagrun for example_sensor_decorator to None, run_after=None
[2026-02-14T15:54:16.294+0000] {processor.py:183} INFO - Processing /home/airflow/.local/lib/python3.12/site-packages/airflow/example_dags/example_sensor_decorator.py took 0.030 seconds
[2026-02-14T15:54:46.791+0000] {processor.py:161} INFO - Started process (PID=1016) to work on /home/airflow/.local/lib/python3.12/site-packages/airflow/example_dags/example_sensor_decorator.py
[2026-02-14T15:54:46.791+0000] {processor.py:830} INFO - Processing file /home/airflow/.local/lib/python3.12/site-packages/airflow/example_dags/example_sensor_decorator.py for tasks to queue
[2026-02-14T15:54:46.792+0000] {logging_mixin.py:188} INFO - [2026-02-14T15:54:46.792+0000] {dagbag.py:545} INFO - Filling up the DagBag from /home/airflow/.local/lib/python3.12/site-packages/airflow/example_dags/example_sensor_decorator.py
[2026-02-14T15:54:46.795+0000] {processor.py:840} INFO - DAG(s) 'example_sensor_decorator' retrieved from /home/airflow/.local/lib/python3.12/site-packages/airflow/example_dags/example_sensor_decorator.py
[2026-02-14T15:54:46.802+0000] {logging_mixin.py:188} INFO - [2026-02-14T15:54:46.802+0000] {dag.py:3089} INFO - Sync 1 DAGs
[2026-02-14T15:54:46.807+0000] {logging_mixin.py:188} INFO - [2026-02-14T15:54:46.806+0000] {dag.py:3947} INFO - Setting next_dagrun for example_sensor_decorator to None, run_after=None
[2026-02-14T15:54:46.816+0000] {processor.py:183} INFO - Processing /home/airflow/.local/lib/python3.12/site-packages/airflow/example_dags/example_sensor_decorator.py took 0.027 seconds
[2026-02-14T15:55:18.287+0000] {processor.py:161} INFO - Started process (PID=1075) to work on /home/airflow/.local/lib/python3.12/site-packages/airflow/example_dags/example_sensor_decorator.py
[2026-02-14T15:55:18.289+0000] {processor.py:830} INFO - Processing file /home/airflow/.local/lib/python3.12/site-packages/airflow/example_dags/example_sensor_decorator.py for tasks to queue
[2026-02-14T15:55:18.298+0000] {logging_mixin.py:188} INFO - [2026-02-14T15:55:18.298+0000] {dagbag.py:545} INFO - Filling up the DagBag from /home/airflow/.local/lib/python3.12/site-packages/airflow/example_dags/example_sensor_decorator.py
[2026-02-14T15:55:18.328+0000] {processor.py:840} INFO - DAG(s) 'example_sensor_decorator' retrieved from /home/airflow/.local/lib/python3.12/site-packages/airflow/example_dags/example_sensor_decorator.py
[2026-02-14T15:55:18.369+0000] {logging_mixin.py:188} INFO - [2026-02-14T15:55:18.369+0000] {dag.py:3089} INFO - Sync 1 DAGs
[2026-02-14T15:55:18.382+0000] {logging_mixin.py:188} INFO - [2026-02-14T15:55:18.382+0000] {dag.py:3947} INFO - Setting next_dagrun for example_sensor_decorator to None, run_after=None
[2026-02-14T15:55:18.419+0000] {processor.py:183} INFO - Processing /home/airflow/.local/lib/python3.12/site-packages/airflow/example_dags/example_sensor_decorator.py took 0.135 seconds
[2026-02-14T15:55:48.761+0000] {processor.py:161} INFO - Started process (PID=1133) to work on /home/airflow/.local/lib/python3.12/site-packages/airflow/example_dags/example_sensor_decorator.py
[2026-02-14T15:55:48.761+0000] {processor.py:830} INFO - Processing file /home/airflow/.local/lib/python3.12/site-packages/airflow/example_dags/example_sensor_decorator.py for tasks to queue
[2026-02-14T15:55:48.762+0000] {logging_mixin.py:188} INFO - [2026-02-14T15:55:48.762+0000] {dagbag.py:545} INFO - Filling up the DagBag from /home/airflow/.local/lib/python3.12/site-packages/airflow/example_dags/example_sensor_decorator.py
[2026-02-14T15:55:48.765+0000] {processor.py:840} INFO - DAG(s) 'example_sensor_decorator' retrieved from /home/airflow/.local/lib/python3.12/site-packages/airflow/example_dags/example_sensor_decorator.py
[2026-02-14T15:55:48.773+0000] {logging_mixin.py:188} INFO - [2026-02-14T15:55:48.772+0000] {dag.py:3089} INFO - Sync 1 DAGs
[2026-02-14T15:55:48.778+0000] {logging_mixin.py:188} INFO - [2026-02-14T15:55:48.778+0000] {dag.py:3947} INFO - Setting next_dagrun for example_sensor_decorator to None, run_after=None
[2026-02-14T15:55:48.790+0000] {processor.py:183} INFO - Processing /home/airflow/.local/lib/python3.12/site-packages/airflow/example_dags/example_sensor_decorator.py took 0.032 seconds
[2026-02-14T15:56:19.257+0000] {processor.py:161} INFO - Started process (PID=1192) to work on /home/airflow/.local/lib/python3.12/site-packages/airflow/example_dags/example_sensor_decorator.py
[2026-02-14T15:56:19.257+0000] {processor.py:830} INFO - Processing file /home/airflow/.local/lib/python3.12/site-packages/airflow/example_dags/example_sensor_decorator.py for tasks to queue
[2026-02-14T15:56:19.258+0000] {logging_mixin.py:188} INFO - [2026-02-14T15:56:19.258+0000] {dagbag.py:545} INFO - Filling up the DagBag from /home/airflow/.local/lib/python3.12/site-packages/airflow/example_dags/example_sensor_decorator.py
[2026-02-14T15:56:19.261+0000] {processor.py:840} INFO - DAG(s) 'example_sensor_decorator' retrieved from /home/airflow/.local/lib/python3.12/site-packages/airflow/example_dags/example_sensor_decorator.py
[2026-02-14T15:56:19.270+0000] {logging_mixin.py:188} INFO - [2026-02-14T15:56:19.270+0000] {dag.py:3089} INFO - Sync 1 DAGs
[2026-02-14T15:56:19.274+0000] {logging_mixin.py:188} INFO - [2026-02-14T15:56:19.274+0000] {dag.py:3947} INFO - Setting next_dagrun for example_sensor_decorator to None, run_after=None
[2026-02-14T15:56:19.281+0000] {processor.py:183} INFO - Processing /home/airflow/.local/lib/python3.12/site-packages/airflow/example_dags/example_sensor_decorator.py took 0.026 seconds
[2026-02-14T15:56:49.779+0000] {processor.py:161} INFO - Started process (PID=1251) to work on /home/airflow/.local/lib/python3.12/site-packages/airflow/example_dags/example_sensor_decorator.py
[2026-02-14T15:56:49.780+0000] {processor.py:830} INFO - Processing file /home/airflow/.local/lib/python3.12/site-packages/airflow/example_dags/example_sensor_decorator.py for tasks to queue
[2026-02-14T15:56:49.781+0000] {logging_mixin.py:188} INFO - [2026-02-14T15:56:49.781+0000] {dagbag.py:545} INFO - Filling up the DagBag from /home/airflow/.local/lib/python3.12/site-packages/airflow/example_dags/example_sensor_decorator.py
[2026-02-14T15:56:49.784+0000] {processor.py:840} INFO - DAG(s) 'example_sensor_decorator' retrieved from /home/airflow/.local/lib/python3.12/site-packages/airflow/example_dags/example_sensor_decorator.py
[2026-02-14T15:56:49.791+0000] {logging_mixin.py:188} INFO - [2026-02-14T15:56:49.791+0000] {dag.py:3089} INFO - Sync 1 DAGs
[2026-02-14T15:56:49.796+0000] {logging_mixin.py:188} INFO - [2026-02-14T15:56:49.796+0000] {dag.py:3947} INFO - Setting next_dagrun for example_sensor_decorator to None, run_after=None
[2026-02-14T15:56:49.806+0000] {processor.py:183} INFO - Processing /home/airflow/.local/lib/python3.12/site-packages/airflow/example_dags/example_sensor_decorator.py took 0.028 seconds
[2026-02-14T15:57:20.514+0000] {processor.py:161} INFO - Started process (PID=1310) to work on /home/airflow/.local/lib/python3.12/site-packages/airflow/example_dags/example_sensor_decorator.py
[2026-02-14T15:57:20.515+0000] {processor.py:830} INFO - Processing file /home/airflow/.local/lib/python3.12/site-packages/airflow/example_dags/example_sensor_decorator.py for tasks to queue
[2026-02-14T15:57:20.515+0000] {logging_mixin.py:188} INFO - [2026-02-14T15:57:20.515+0000] {dagbag.py:545} INFO - Filling up the DagBag from /home/airflow/.local/lib/python3.12/site-packages/airflow/example_dags/example_sensor_decorator.py
[2026-02-14T15:57:20.518+0000] {processor.py:840} INFO - DAG(s) 'example_sensor_decorator' retrieved from /home/airflow/.local/lib/python3.12/site-packages/airflow/example_dags/example_sensor_decorator.py
[2026-02-14T15:57:20.531+0000] {logging_mixin.py:188} INFO - [2026-02-14T15:57:20.531+0000] {dag.py:3089} INFO - Sync 1 DAGs
[2026-02-14T15:57:20.538+0000] {logging_mixin.py:188} INFO - [2026-02-14T15:57:20.538+0000] {dag.py:3947} INFO - Setting next_dagrun for example_sensor_decorator to None, run_after=None
[2026-02-14T15:57:20.546+0000] {processor.py:183} INFO - Processing /home/airflow/.local/lib/python3.12/site-packages/airflow/example_dags/example_sensor_decorator.py took 0.034 seconds
[2026-02-14T15:57:51.578+0000] {processor.py:161} INFO - Started process (PID=1369) to work on /home/airflow/.local/lib/python3.12/site-packages/airflow/example_dags/example_sensor_decorator.py
[2026-02-14T15:57:51.578+0000] {processor.py:830} INFO - Processing file /home/airflow/.local/lib/python3.12/site-packages/airflow/example_dags/example_sensor_decorator.py for tasks to queue
[2026-02-14T15:57:51.579+0000] {logging_mixin.py:188} INFO - [2026-02-14T15:57:51.579+0000] {dagbag.py:545} INFO - Filling up the DagBag from /home/airflow/.local/lib/python3.12/site-packages/airflow/example_dags/example_sensor_decorator.py
[2026-02-14T15:57:51.581+0000] {processor.py:840} INFO - DAG(s) 'example_sensor_decorator' retrieved from /home/airflow/.local/lib/python3.12/site-packages/airflow/example_dags/example_sensor_decorator.py
[2026-02-14T15:57:51.589+0000] {logging_mixin.py:188} INFO - [2026-02-14T15:57:51.589+0000] {dag.py:3089} INFO - Sync 1 DAGs
[2026-02-14T15:57:51.594+0000] {logging_mixin.py:188} INFO - [2026-02-14T15:57:51.594+0000] {dag.py:3947} INFO - Setting next_dagrun for example_sensor_decorator to None, run_after=None
[2026-02-14T15:57:51.674+0000] {processor.py:183} INFO - Processing /home/airflow/.local/lib/python3.12/site-packages/airflow/example_dags/example_sensor_decorator.py took 0.099 seconds
[2026-02-14T15:58:22.592+0000] {processor.py:161} INFO - Started process (PID=1428) to work on /home/airflow/.local/lib/python3.12/site-packages/airflow/example_dags/example_sensor_decorator.py
[2026-02-14T15:58:22.593+0000] {processor.py:830} INFO - Processing file /home/airflow/.local/lib/python3.12/site-packages/airflow/example_dags/example_sensor_decorator.py for tasks to queue
[2026-02-14T15:58:22.594+0000] {logging_mixin.py:188} INFO - [2026-02-14T15:58:22.594+0000] {dagbag.py:545} INFO - Filling up the DagBag from /home/airflow/.local/lib/python3.12/site-packages/airflow/example_dags/example_sensor_decorator.py
[2026-02-14T15:58:22.597+0000] {processor.py:840} INFO - DAG(s) 'example_sensor_decorator' retrieved from /home/airflow/.local/lib/python3.12/site-packages/airflow/example_dags/example_sensor_decorator.py
[2026-02-14T15:58:22.604+0000] {logging_mixin.py:188} INFO - [2026-02-14T15:58:22.604+0000] {dag.py:3089} INFO - Sync 1 DAGs
[2026-02-14T15:58:22.608+0000] {logging_mixin.py:188} INFO - [2026-02-14T15:58:22.608+0000] {dag.py:3947} INFO - Setting next_dagrun for example_sensor_decorator to None, run_after=None
[2026-02-14T15:58:22.615+0000] {processor.py:183} INFO - Processing /home/airflow/.local/lib/python3.12/site-packages/airflow/example_dags/example_sensor_decorator.py took 0.025 seconds
[2026-02-14T15:58:52.973+0000] {processor.py:161} INFO - Started process (PID=1487) to work on /home/airflow/.local/lib/python3.12/site-packages/airflow/example_dags/example_sensor_decorator.py
[2026-02-14T15:58:52.973+0000] {processor.py:830} INFO - Processing file /home/airflow/.local/lib/python3.12/site-packages/airflow/example_dags/example_sensor_decorator.py for tasks to queue
[2026-02-14T15:58:52.974+0000] {logging_mixin.py:188} INFO - [2026-02-14T15:58:52.974+0000] {dagbag.py:545} INFO - Filling up the DagBag from /home/airflow/.local/lib/python3.12/site-packages/airflow/example_dags/example_sensor_decorator.py
[2026-02-14T15:58:52.977+0000] {processor.py:840} INFO - DAG(s) 'example_sensor_decorator' retrieved from /home/airflow/.local/lib/python3.12/site-packages/airflow/example_dags/example_sensor_decorator.py
[2026-02-14T15:58:52.986+0000] {logging_mixin.py:188} INFO - [2026-02-14T15:58:52.986+0000] {dag.py:3089} INFO - Sync 1 DAGs
[2026-02-14T15:58:52.991+0000] {logging_mixin.py:188} INFO - [2026-02-14T15:58:52.991+0000] {dag.py:3947} INFO - Setting next_dagrun for example_sensor_decorator to None, run_after=None
[2026-02-14T15:58:53.002+0000] {processor.py:183} INFO - Processing /home/airflow/.local/lib/python3.12/site-packages/airflow/example_dags/example_sensor_decorator.py took 0.031 seconds
[2026-02-14T15:59:23.222+0000] {processor.py:161} INFO - Started process (PID=1546) to work on /home/airflow/.local/lib/python3.12/site-packages/airflow/example_dags/example_sensor_decorator.py
[2026-02-14T15:59:23.222+0000] {processor.py:830} INFO - Processing file /home/airflow/.local/lib/python3.12/site-packages/airflow/example_dags/example_sensor_decorator.py for tasks to queue
[2026-02-14T15:59:23.224+0000] {logging_mixin.py:188} INFO - [2026-02-14T15:59:23.224+0000] {dagbag.py:545} INFO - Filling up the DagBag from /home/airflow/.local/lib/python3.12/site-packages/airflow/example_dags/example_sensor_decorator.py
[2026-02-14T15:59:23.227+0000] {processor.py:840} INFO - DAG(s) 'example_sensor_decorator' retrieved from /home/airflow/.local/lib/python3.12/site-packages/airflow/example_dags/example_sensor_decorator.py
[2026-02-14T15:59:23.239+0000] {logging_mixin.py:188} INFO - [2026-02-14T15:59:23.239+0000] {dag.py:3089} INFO - Sync 1 DAGs
[2026-02-14T15:59:23.245+0000] {logging_mixin.py:188} INFO - [2026-02-14T15:59:23.245+0000] {dag.py:3947} INFO - Setting next_dagrun for example_sensor_decorator to None, run_after=None
[2026-02-14T15:59:23.253+0000] {processor.py:183} INFO - Processing /home/airflow/.local/lib/python3.12/site-packages/airflow/example_dags/example_sensor_decorator.py took 0.033 seconds
[2026-02-14T15:59:53.539+0000] {processor.py:161} INFO - Started process (PID=1605) to work on /home/airflow/.local/lib/python3.12/site-packages/airflow/example_dags/example_sensor_decorator.py
[2026-02-14T15:59:53.539+0000] {processor.py:830} INFO - Processing file /home/airflow/.local/lib/python3.12/site-packages/airflow/example_dags/example_sensor_decorator.py for tasks to queue
[2026-02-14T15:59:53.540+0000] {logging_mixin.py:188} INFO - [2026-02-14T15:59:53.540+0000] {dagbag.py:545} INFO - Filling up the DagBag from /home/airflow/.local/lib/python3.12/site-packages/airflow/example_dags/example_sensor_decorator.py
[2026-02-14T15:59:53.613+0000] {processor.py:840} INFO - DAG(s) 'example_sensor_decorator' retrieved from /home/airflow/.local/lib/python3.12/site-packages/airflow/example_dags/example_sensor_decorator.py
[2026-02-14T15:59:53.620+0000] {logging_mixin.py:188} INFO - [2026-02-14T15:59:53.620+0000] {dag.py:3089} INFO - Sync 1 DAGs
[2026-02-14T15:59:53.623+0000] {logging_mixin.py:188} INFO - [2026-02-14T15:59:53.623+0000] {dag.py:3947} INFO - Setting next_dagrun for example_sensor_decorator to None, run_after=None
[2026-02-14T15:59:53.629+0000] {processor.py:183} INFO - Processing /home/airflow/.local/lib/python3.12/site-packages/airflow/example_dags/example_sensor_decorator.py took 0.092 seconds
[2026-02-14T16:00:24.285+0000] {processor.py:161} INFO - Started process (PID=1664) to work on /home/airflow/.local/lib/python3.12/site-packages/airflow/example_dags/example_sensor_decorator.py
[2026-02-14T16:00:24.286+0000] {processor.py:830} INFO - Processing file /home/airflow/.local/lib/python3.12/site-packages/airflow/example_dags/example_sensor_decorator.py for tasks to queue
[2026-02-14T16:00:24.287+0000] {logging_mixin.py:188} INFO - [2026-02-14T16:00:24.287+0000] {dagbag.py:545} INFO - Filling up the DagBag from /home/airflow/.local/lib/python3.12/site-packages/airflow/example_dags/example_sensor_decorator.py
[2026-02-14T16:00:24.291+0000] {processor.py:840} INFO - DAG(s) 'example_sensor_decorator' retrieved from /home/airflow/.local/lib/python3.12/site-packages/airflow/example_dags/example_sensor_decorator.py
[2026-02-14T16:00:24.300+0000] {logging_mixin.py:188} INFO - [2026-02-14T16:00:24.300+0000] {dag.py:3089} INFO - Sync 1 DAGs
[2026-02-14T16:00:24.304+0000] {logging_mixin.py:188} INFO - [2026-02-14T16:00:24.304+0000] {dag.py:3947} INFO - Setting next_dagrun for example_sensor_decorator to None, run_after=None
[2026-02-14T16:00:24.313+0000] {processor.py:183} INFO - Processing /home/airflow/.local/lib/python3.12/site-packages/airflow/example_dags/example_sensor_decorator.py took 0.030 seconds
[2026-02-14T16:00:54.850+0000] {processor.py:161} INFO - Started process (PID=1723) to work on /home/airflow/.local/lib/python3.12/site-packages/airflow/example_dags/example_sensor_decorator.py
[2026-02-14T16:00:54.851+0000] {processor.py:830} INFO - Processing file /home/airflow/.local/lib/python3.12/site-packages/airflow/example_dags/example_sensor_decorator.py for tasks to queue
[2026-02-14T16:00:54.852+0000] {logging_mixin.py:188} INFO - [2026-02-14T16:00:54.852+0000] {dagbag.py:545} INFO - Filling up the DagBag from /home/airflow/.local/lib/python3.12/site-packages/airflow/example_dags/example_sensor_decorator.py
[2026-02-14T16:00:54.855+0000] {processor.py:840} INFO - DAG(s) 'example_sensor_decorator' retrieved from /home/airflow/.local/lib/python3.12/site-packages/airflow/example_dags/example_sensor_decorator.py
[2026-02-14T16:00:54.864+0000] {logging_mixin.py:188} INFO - [2026-02-14T16:00:54.864+0000] {dag.py:3089} INFO - Sync 1 DAGs
[2026-02-14T16:00:54.868+0000] {logging_mixin.py:188} INFO - [2026-02-14T16:00:54.868+0000] {dag.py:3947} INFO - Setting next_dagrun for example_sensor_decorator to None, run_after=None
[2026-02-14T16:00:54.877+0000] {processor.py:183} INFO - Processing /home/airflow/.local/lib/python3.12/site-packages/airflow/example_dags/example_sensor_decorator.py took 0.029 seconds
[2026-02-14T16:01:25.318+0000] {processor.py:161} INFO - Started process (PID=1782) to work on /home/airflow/.local/lib/python3.12/site-packages/airflow/example_dags/example_sensor_decorator.py
[2026-02-14T16:01:25.318+0000] {processor.py:830} INFO - Processing file /home/airflow/.local/lib/python3.12/site-packages/airflow/example_dags/example_sensor_decorator.py for tasks to queue
[2026-02-14T16:01:25.319+0000] {logging_mixin.py:188} INFO - [2026-02-14T16:01:25.319+0000] {dagbag.py:545} INFO - Filling up the DagBag from /home/airflow/.local/lib/python3.12/site-packages/airflow/example_dags/example_sensor_decorator.py
[2026-02-14T16:01:25.321+0000] {processor.py:840} INFO - DAG(s) 'example_sensor_decorator' retrieved from /home/airflow/.local/lib/python3.12/site-packages/airflow/example_dags/example_sensor_decorator.py
[2026-02-14T16:01:25.330+0000] {logging_mixin.py:188} INFO - [2026-02-14T16:01:25.330+0000] {dag.py:3089} INFO - Sync 1 DAGs
[2026-02-14T16:01:25.335+0000] {logging_mixin.py:188} INFO - [2026-02-14T16:01:25.335+0000] {dag.py:3947} INFO - Setting next_dagrun for example_sensor_decorator to None, run_after=None
[2026-02-14T16:01:25.344+0000] {processor.py:183} INFO - Processing /home/airflow/.local/lib/python3.12/site-packages/airflow/example_dags/example_sensor_decorator.py took 0.029 seconds
[2026-02-14T16:01:55.635+0000] {processor.py:161} INFO - Started process (PID=1841) to work on /home/airflow/.local/lib/python3.12/site-packages/airflow/example_dags/example_sensor_decorator.py
[2026-02-14T16:01:55.636+0000] {processor.py:830} INFO - Processing file /home/airflow/.local/lib/python3.12/site-packages/airflow/example_dags/example_sensor_decorator.py for tasks to queue
[2026-02-14T16:01:55.637+0000] {logging_mixin.py:188} INFO - [2026-02-14T16:01:55.637+0000] {dagbag.py:545} INFO - Filling up the DagBag from /home/airflow/.local/lib/python3.12/site-packages/airflow/example_dags/example_sensor_decorator.py
[2026-02-14T16:01:55.640+0000] {processor.py:840} INFO - DAG(s) 'example_sensor_decorator' retrieved from /home/airflow/.local/lib/python3.12/site-packages/airflow/example_dags/example_sensor_decorator.py
[2026-02-14T16:01:55.648+0000] {logging_mixin.py:188} INFO - [2026-02-14T16:01:55.648+0000] {dag.py:3089} INFO - Sync 1 DAGs
[2026-02-14T16:01:55.653+0000] {logging_mixin.py:188} INFO - [2026-02-14T16:01:55.653+0000] {dag.py:3947} INFO - Setting next_dagrun for example_sensor_decorator to None, run_after=None
[2026-02-14T16:01:55.661+0000] {processor.py:183} INFO - Processing /home/airflow/.local/lib/python3.12/site-packages/airflow/example_dags/example_sensor_decorator.py took 0.029 seconds
[2026-02-14T16:02:26.085+0000] {processor.py:161} INFO - Started process (PID=1900) to work on /home/airflow/.local/lib/python3.12/site-packages/airflow/example_dags/example_sensor_decorator.py
[2026-02-14T16:02:26.086+0000] {processor.py:830} INFO - Processing file /home/airflow/.local/lib/python3.12/site-packages/airflow/example_dags/example_sensor_decorator.py for tasks to queue
[2026-02-14T16:02:26.087+0000] {logging_mixin.py:188} INFO - [2026-02-14T16:02:26.087+0000] {dagbag.py:545} INFO - Filling up the DagBag from /home/airflow/.local/lib/python3.12/site-packages/airflow/example_dags/example_sensor_decorator.py
[2026-02-14T16:02:26.089+0000] {processor.py:840} INFO - DAG(s) 'example_sensor_decorator' retrieved from /home/airflow/.local/lib/python3.12/site-packages/airflow/example_dags/example_sensor_decorator.py
[2026-02-14T16:02:26.098+0000] {logging_mixin.py:188} INFO - [2026-02-14T16:02:26.098+0000] {dag.py:3089} INFO - Sync 1 DAGs
[2026-02-14T16:02:26.103+0000] {logging_mixin.py:188} INFO - [2026-02-14T16:02:26.103+0000] {dag.py:3947} INFO - Setting next_dagrun for example_sensor_decorator to None, run_after=None
[2026-02-14T16:02:26.112+0000] {processor.py:183} INFO - Processing /home/airflow/.local/lib/python3.12/site-packages/airflow/example_dags/example_sensor_decorator.py took 0.029 seconds
[2026-02-14T16:02:56.598+0000] {processor.py:161} INFO - Started process (PID=1959) to work on /home/airflow/.local/lib/python3.12/site-packages/airflow/example_dags/example_sensor_decorator.py
[2026-02-14T16:02:56.599+0000] {processor.py:830} INFO - Processing file /home/airflow/.local/lib/python3.12/site-packages/airflow/example_dags/example_sensor_decorator.py for tasks to queue
[2026-02-14T16:02:56.601+0000] {logging_mixin.py:188} INFO - [2026-02-14T16:02:56.601+0000] {dagbag.py:545} INFO - Filling up the DagBag from /home/airflow/.local/lib/python3.12/site-packages/airflow/example_dags/example_sensor_decorator.py
[2026-02-14T16:02:56.606+0000] {processor.py:840} INFO - DAG(s) 'example_sensor_decorator' retrieved from /home/airflow/.local/lib/python3.12/site-packages/airflow/example_dags/example_sensor_decorator.py
[2026-02-14T16:02:56.614+0000] {logging_mixin.py:188} INFO - [2026-02-14T16:02:56.614+0000] {dag.py:3089} INFO - Sync 1 DAGs
[2026-02-14T16:02:56.620+0000] {logging_mixin.py:188} INFO - [2026-02-14T16:02:56.620+0000] {dag.py:3947} INFO - Setting next_dagrun for example_sensor_decorator to None, run_after=None
[2026-02-14T16:02:56.629+0000] {processor.py:183} INFO - Processing /home/airflow/.local/lib/python3.12/site-packages/airflow/example_dags/example_sensor_decorator.py took 0.034 seconds
[2026-02-14T16:03:27.140+0000] {processor.py:161} INFO - Started process (PID=2018) to work on /home/airflow/.local/lib/python3.12/site-packages/airflow/example_dags/example_sensor_decorator.py
[2026-02-14T16:03:27.141+0000] {processor.py:830} INFO - Processing file /home/airflow/.local/lib/python3.12/site-packages/airflow/example_dags/example_sensor_decorator.py for tasks to queue
[2026-02-14T16:03:27.141+0000] {logging_mixin.py:188} INFO - [2026-02-14T16:03:27.141+0000] {dagbag.py:545} INFO - Filling up the DagBag from /home/airflow/.local/lib/python3.12/site-packages/airflow/example_dags/example_sensor_decorator.py
[2026-02-14T16:03:27.144+0000] {processor.py:840} INFO - DAG(s) 'example_sensor_decorator' retrieved from /home/airflow/.local/lib/python3.12/site-packages/airflow/example_dags/example_sensor_decorator.py
[2026-02-14T16:03:27.153+0000] {logging_mixin.py:188} INFO - [2026-02-14T16:03:27.152+0000] {dag.py:3089} INFO - Sync 1 DAGs
[2026-02-14T16:03:27.158+0000] {logging_mixin.py:188} INFO - [2026-02-14T16:03:27.158+0000] {dag.py:3947} INFO - Setting next_dagrun for example_sensor_decorator to None, run_after=None
[2026-02-14T16:03:27.166+0000] {processor.py:183} INFO - Processing /home/airflow/.local/lib/python3.12/site-packages/airflow/example_dags/example_sensor_decorator.py took 0.029 seconds
[2026-02-14T16:03:57.785+0000] {processor.py:161} INFO - Started process (PID=2077) to work on /home/airflow/.local/lib/python3.12/site-packages/airflow/example_dags/example_sensor_decorator.py
[2026-02-14T16:03:57.786+0000] {processor.py:830} INFO - Processing file /home/airflow/.local/lib/python3.12/site-packages/airflow/example_dags/example_sensor_decorator.py for tasks to queue
[2026-02-14T16:03:57.789+0000] {logging_mixin.py:188} INFO - [2026-02-14T16:03:57.789+0000] {dagbag.py:545} INFO - Filling up the DagBag from /home/airflow/.local/lib/python3.12/site-packages/airflow/example_dags/example_sensor_decorator.py
[2026-02-14T16:03:57.793+0000] {processor.py:840} INFO - DAG(s) 'example_sensor_decorator' retrieved from /home/airflow/.local/lib/python3.12/site-packages/airflow/example_dags/example_sensor_decorator.py
[2026-02-14T16:03:57.807+0000] {logging_mixin.py:188} INFO - [2026-02-14T16:03:57.807+0000] {dag.py:3089} INFO - Sync 1 DAGs
[2026-02-14T16:03:57.817+0000] {logging_mixin.py:188} INFO - [2026-02-14T16:03:57.817+0000] {dag.py:3947} INFO - Setting next_dagrun for example_sensor_decorator to None, run_after=None
[2026-02-14T16:03:57.833+0000] {processor.py:183} INFO - Processing /home/airflow/.local/lib/python3.12/site-packages/airflow/example_dags/example_sensor_decorator.py took 0.052 seconds
[2026-02-14T16:04:28.395+0000] {processor.py:161} INFO - Started process (PID=2136) to work on /home/airflow/.local/lib/python3.12/site-packages/airflow/example_dags/example_sensor_decorator.py
[2026-02-14T16:04:28.396+0000] {processor.py:830} INFO - Processing file /home/airflow/.local/lib/python3.12/site-packages/airflow/example_dags/example_sensor_decorator.py for tasks to queue
[2026-02-14T16:04:28.397+0000] {logging_mixin.py:188} INFO - [2026-02-14T16:04:28.397+0000] {dagbag.py:545} INFO - Filling up the DagBag from /home/airflow/.local/lib/python3.12/site-packages/airflow/example_dags/example_sensor_decorator.py
[2026-02-14T16:04:28.400+0000] {processor.py:840} INFO - DAG(s) 'example_sensor_decorator' retrieved from /home/airflow/.local/lib/python3.12/site-packages/airflow/example_dags/example_sensor_decorator.py
[2026-02-14T16:04:28.409+0000] {logging_mixin.py:188} INFO - [2026-02-14T16:04:28.409+0000] {dag.py:3089} INFO - Sync 1 DAGs
[2026-02-14T16:04:28.415+0000] {logging_mixin.py:188} INFO - [2026-02-14T16:04:28.415+0000] {dag.py:3947} INFO - Setting next_dagrun for example_sensor_decorator to None, run_after=None
[2026-02-14T16:04:28.425+0000] {processor.py:183} INFO - Processing /home/airflow/.local/lib/python3.12/site-packages/airflow/example_dags/example_sensor_decorator.py took 0.032 seconds
[2026-02-14T16:04:58.808+0000] {processor.py:161} INFO - Started process (PID=2195) to work on /home/airflow/.local/lib/python3.12/site-packages/airflow/example_dags/example_sensor_decorator.py
[2026-02-14T16:04:58.809+0000] {processor.py:830} INFO - Processing file /home/airflow/.local/lib/python3.12/site-packages/airflow/example_dags/example_sensor_decorator.py for tasks to queue
[2026-02-14T16:04:58.810+0000] {logging_mixin.py:188} INFO - [2026-02-14T16:04:58.810+0000] {dagbag.py:545} INFO - Filling up the DagBag from /home/airflow/.local/lib/python3.12/site-packages/airflow/example_dags/example_sensor_decorator.py
[2026-02-14T16:04:58.812+0000] {processor.py:840} INFO - DAG(s) 'example_sensor_decorator' retrieved from /home/airflow/.local/lib/python3.12/site-packages/airflow/example_dags/example_sensor_decorator.py
[2026-02-14T16:04:58.820+0000] {logging_mixin.py:188} INFO - [2026-02-14T16:04:58.819+0000] {dag.py:3089} INFO - Sync 1 DAGs
[2026-02-14T16:04:58.824+0000] {logging_mixin.py:188} INFO - [2026-02-14T16:04:58.824+0000] {dag.py:3947} INFO - Setting next_dagrun for example_sensor_decorator to None, run_after=None
[2026-02-14T16:04:58.834+0000] {processor.py:183} INFO - Processing /home/airflow/.local/lib/python3.12/site-packages/airflow/example_dags/example_sensor_decorator.py took 0.028 seconds
[2026-02-14T16:05:29.362+0000] {processor.py:161} INFO - Started process (PID=2254) to work on /home/airflow/.local/lib/python3.12/site-packages/airflow/example_dags/example_sensor_decorator.py
[2026-02-14T16:05:29.363+0000] {processor.py:830} INFO - Processing file /home/airflow/.local/lib/python3.12/site-packages/airflow/example_dags/example_sensor_decorator.py for tasks to queue
[2026-02-14T16:05:29.364+0000] {logging_mixin.py:188} INFO - [2026-02-14T16:05:29.364+0000] {dagbag.py:545} INFO - Filling up the DagBag from /home/airflow/.local/lib/python3.12/site-packages/airflow/example_dags/example_sensor_decorator.py
[2026-02-14T16:05:29.366+0000] {processor.py:840} INFO - DAG(s) 'example_sensor_decorator' retrieved from /home/airflow/.local/lib/python3.12/site-packages/airflow/example_dags/example_sensor_decorator.py
[2026-02-14T16:05:29.376+0000] {logging_mixin.py:188} INFO - [2026-02-14T16:05:29.376+0000] {dag.py:3089} INFO - Sync 1 DAGs
[2026-02-14T16:05:29.380+0000] {logging_mixin.py:188} INFO - [2026-02-14T16:05:29.380+0000] {dag.py:3947} INFO - Setting next_dagrun for example_sensor_decorator to None, run_after=None
[2026-02-14T16:05:29.386+0000] {processor.py:183} INFO - Processing /home/airflow/.local/lib/python3.12/site-packages/airflow/example_dags/example_sensor_decorator.py took 0.026 seconds
[2026-02-14T16:05:59.828+0000] {processor.py:161} INFO - Started process (PID=2313) to work on /home/airflow/.local/lib/python3.12/site-packages/airflow/example_dags/example_sensor_decorator.py
[2026-02-14T16:05:59.828+0000] {processor.py:830} INFO - Processing file /home/airflow/.local/lib/python3.12/site-packages/airflow/example_dags/example_sensor_decorator.py for tasks to queue
[2026-02-14T16:05:59.829+0000] {logging_mixin.py:188} INFO - [2026-02-14T16:05:59.829+0000] {dagbag.py:545} INFO - Filling up the DagBag from /home/airflow/.local/lib/python3.12/site-packages/airflow/example_dags/example_sensor_decorator.py
[2026-02-14T16:05:59.832+0000] {processor.py:840} INFO - DAG(s) 'example_sensor_decorator' retrieved from /home/airflow/.local/lib/python3.12/site-packages/airflow/example_dags/example_sensor_decorator.py
[2026-02-14T16:05:59.840+0000] {logging_mixin.py:188} INFO - [2026-02-14T16:05:59.840+0000] {dag.py:3089} INFO - Sync 1 DAGs
[2026-02-14T16:05:59.847+0000] {logging_mixin.py:188} INFO - [2026-02-14T16:05:59.847+0000] {dag.py:3947} INFO - Setting next_dagrun for example_sensor_decorator to None, run_after=None
[2026-02-14T16:05:59.854+0000] {processor.py:183} INFO - Processing /home/airflow/.local/lib/python3.12/site-packages/airflow/example_dags/example_sensor_decorator.py took 0.029 seconds
[2026-02-14T16:06:30.315+0000] {processor.py:161} INFO - Started process (PID=2372) to work on /home/airflow/.local/lib/python3.12/site-packages/airflow/example_dags/example_sensor_decorator.py
[2026-02-14T16:06:30.316+0000] {processor.py:830} INFO - Processing file /home/airflow/.local/lib/python3.12/site-packages/airflow/example_dags/example_sensor_decorator.py for tasks to queue
[2026-02-14T16:06:30.317+0000] {logging_mixin.py:188} INFO - [2026-02-14T16:06:30.317+0000] {dagbag.py:545} INFO - Filling up the DagBag from /home/airflow/.local/lib/python3.12/site-packages/airflow/example_dags/example_sensor_decorator.py
[2026-02-14T16:06:30.321+0000] {processor.py:840} INFO - DAG(s) 'example_sensor_decorator' retrieved from /home/airflow/.local/lib/python3.12/site-packages/airflow/example_dags/example_sensor_decorator.py
[2026-02-14T16:06:30.331+0000] {logging_mixin.py:188} INFO - [2026-02-14T16:06:30.331+0000] {dag.py:3089} INFO - Sync 1 DAGs
[2026-02-14T16:06:30.338+0000] {logging_mixin.py:188} INFO - [2026-02-14T16:06:30.338+0000] {dag.py:3947} INFO - Setting next_dagrun for example_sensor_decorator to None, run_after=None
[2026-02-14T16:06:30.350+0000] {processor.py:183} INFO - Processing /home/airflow/.local/lib/python3.12/site-packages/airflow/example_dags/example_sensor_decorator.py took 0.037 seconds
[2026-02-14T16:07:01.225+0000] {processor.py:161} INFO - Started process (PID=2431) to work on /home/airflow/.local/lib/python3.12/site-packages/airflow/example_dags/example_sensor_decorator.py
[2026-02-14T16:07:01.226+0000] {processor.py:830} INFO - Processing file /home/airflow/.local/lib/python3.12/site-packages/airflow/example_dags/example_sensor_decorator.py for tasks to queue
[2026-02-14T16:07:01.226+0000] {logging_mixin.py:188} INFO - [2026-02-14T16:07:01.226+0000] {dagbag.py:545} INFO - Filling up the DagBag from /home/airflow/.local/lib/python3.12/site-packages/airflow/example_dags/example_sensor_decorator.py
[2026-02-14T16:07:01.228+0000] {processor.py:840} INFO - DAG(s) 'example_sensor_decorator' retrieved from /home/airflow/.local/lib/python3.12/site-packages/airflow/example_dags/example_sensor_decorator.py
[2026-02-14T16:07:01.235+0000] {logging_mixin.py:188} INFO - [2026-02-14T16:07:01.235+0000] {dag.py:3089} INFO - Sync 1 DAGs
[2026-02-14T16:07:01.239+0000] {logging_mixin.py:188} INFO - [2026-02-14T16:07:01.239+0000] {dag.py:3947} INFO - Setting next_dagrun for example_sensor_decorator to None, run_after=None
[2026-02-14T16:07:01.244+0000] {processor.py:183} INFO - Processing /home/airflow/.local/lib/python3.12/site-packages/airflow/example_dags/example_sensor_decorator.py took 0.021 seconds
[2026-02-14T16:07:31.834+0000] {processor.py:161} INFO - Started process (PID=2490) to work on /home/airflow/.local/lib/python3.12/site-packages/airflow/example_dags/example_sensor_decorator.py
[2026-02-14T16:07:31.834+0000] {processor.py:830} INFO - Processing file /home/airflow/.local/lib/python3.12/site-packages/airflow/example_dags/example_sensor_decorator.py for tasks to queue
[2026-02-14T16:07:31.835+0000] {logging_mixin.py:188} INFO - [2026-02-14T16:07:31.835+0000] {dagbag.py:545} INFO - Filling up the DagBag from /home/airflow/.local/lib/python3.12/site-packages/airflow/example_dags/example_sensor_decorator.py
[2026-02-14T16:07:31.840+0000] {processor.py:840} INFO - DAG(s) 'example_sensor_decorator' retrieved from /home/airflow/.local/lib/python3.12/site-packages/airflow/example_dags/example_sensor_decorator.py
[2026-02-14T16:07:31.850+0000] {logging_mixin.py:188} INFO - [2026-02-14T16:07:31.850+0000] {dag.py:3089} INFO - Sync 1 DAGs
[2026-02-14T16:07:31.855+0000] {logging_mixin.py:188} INFO - [2026-02-14T16:07:31.854+0000] {dag.py:3947} INFO - Setting next_dagrun for example_sensor_decorator to None, run_after=None
[2026-02-14T16:07:31.863+0000] {processor.py:183} INFO - Processing /home/airflow/.local/lib/python3.12/site-packages/airflow/example_dags/example_sensor_decorator.py took 0.031 seconds
[2026-02-14T16:08:02.605+0000] {processor.py:161} INFO - Started process (PID=2549) to work on /home/airflow/.local/lib/python3.12/site-packages/airflow/example_dags/example_sensor_decorator.py
[2026-02-14T16:08:02.606+0000] {processor.py:830} INFO - Processing file /home/airflow/.local/lib/python3.12/site-packages/airflow/example_dags/example_sensor_decorator.py for tasks to queue
[2026-02-14T16:08:02.607+0000] {logging_mixin.py:188} INFO - [2026-02-14T16:08:02.606+0000] {dagbag.py:545} INFO - Filling up the DagBag from /home/airflow/.local/lib/python3.12/site-packages/airflow/example_dags/example_sensor_decorator.py
[2026-02-14T16:08:02.610+0000] {processor.py:840} INFO - DAG(s) 'example_sensor_decorator' retrieved from /home/airflow/.local/lib/python3.12/site-packages/airflow/example_dags/example_sensor_decorator.py
[2026-02-14T16:08:02.619+0000] {logging_mixin.py:188} INFO - [2026-02-14T16:08:02.619+0000] {dag.py:3089} INFO - Sync 1 DAGs
[2026-02-14T16:08:02.625+0000] {logging_mixin.py:188} INFO - [2026-02-14T16:08:02.625+0000] {dag.py:3947} INFO - Setting next_dagrun for example_sensor_decorator to None, run_after=None
[2026-02-14T16:08:02.634+0000] {processor.py:183} INFO - Processing /home/airflow/.local/lib/python3.12/site-packages/airflow/example_dags/example_sensor_decorator.py took 0.031 seconds
[2026-02-14T16:08:33.049+0000] {processor.py:161} INFO - Started process (PID=2608) to work on /home/airflow/.local/lib/python3.12/site-packages/airflow/example_dags/example_sensor_decorator.py
[2026-02-14T16:08:33.050+0000] {processor.py:830} INFO - Processing file /home/airflow/.local/lib/python3.12/site-packages/airflow/example_dags/example_sensor_decorator.py for tasks to queue
[2026-02-14T16:08:33.051+0000] {logging_mixin.py:188} INFO - [2026-02-14T16:08:33.051+0000] {dagbag.py:545} INFO - Filling up the DagBag from /home/airflow/.local/lib/python3.12/site-packages/airflow/example_dags/example_sensor_decorator.py
[2026-02-14T16:08:33.053+0000] {processor.py:840} INFO - DAG(s) 'example_sensor_decorator' retrieved from /home/airflow/.local/lib/python3.12/site-packages/airflow/example_dags/example_sensor_decorator.py
[2026-02-14T16:08:33.061+0000] {logging_mixin.py:188} INFO - [2026-02-14T16:08:33.061+0000] {dag.py:3089} INFO - Sync 1 DAGs
[2026-02-14T16:08:33.066+0000] {logging_mixin.py:188} INFO - [2026-02-14T16:08:33.065+0000] {dag.py:3947} INFO - Setting next_dagrun for example_sensor_decorator to None, run_after=None
[2026-02-14T16:08:33.075+0000] {processor.py:183} INFO - Processing /home/airflow/.local/lib/python3.12/site-packages/airflow/example_dags/example_sensor_decorator.py took 0.028 seconds
[2026-02-14T16:09:03.504+0000] {processor.py:161} INFO - Started process (PID=2667) to work on /home/airflow/.local/lib/python3.12/site-packages/airflow/example_dags/example_sensor_decorator.py
[2026-02-14T16:09:03.505+0000] {processor.py:830} INFO - Processing file /home/airflow/.local/lib/python3.12/site-packages/airflow/example_dags/example_sensor_decorator.py for tasks to queue
[2026-02-14T16:09:03.506+0000] {logging_mixin.py:188} INFO - [2026-02-14T16:09:03.505+0000] {dagbag.py:545} INFO - Filling up the DagBag from /home/airflow/.local/lib/python3.12/site-packages/airflow/example_dags/example_sensor_decorator.py
[2026-02-14T16:09:03.509+0000] {processor.py:840} INFO - DAG(s) 'example_sensor_decorator' retrieved from /home/airflow/.local/lib/python3.12/site-packages/airflow/example_dags/example_sensor_decorator.py
[2026-02-14T16:09:03.518+0000] {logging_mixin.py:188} INFO - [2026-02-14T16:09:03.518+0000] {dag.py:3089} INFO - Sync 1 DAGs
[2026-02-14T16:09:03.522+0000] {logging_mixin.py:188} INFO - [2026-02-14T16:09:03.522+0000] {dag.py:3947} INFO - Setting next_dagrun for example_sensor_decorator to None, run_after=None
[2026-02-14T16:09:03.530+0000] {processor.py:183} INFO - Processing /home/airflow/.local/lib/python3.12/site-packages/airflow/example_dags/example_sensor_decorator.py took 0.028 seconds
[2026-02-14T16:09:33.928+0000] {processor.py:161} INFO - Started process (PID=2726) to work on /home/airflow/.local/lib/python3.12/site-packages/airflow/example_dags/example_sensor_decorator.py
[2026-02-14T16:09:33.928+0000] {processor.py:830} INFO - Processing file /home/airflow/.local/lib/python3.12/site-packages/airflow/example_dags/example_sensor_decorator.py for tasks to queue
[2026-02-14T16:09:33.929+0000] {logging_mixin.py:188} INFO - [2026-02-14T16:09:33.929+0000] {dagbag.py:545} INFO - Filling up the DagBag from /home/airflow/.local/lib/python3.12/site-packages/airflow/example_dags/example_sensor_decorator.py
[2026-02-14T16:09:33.932+0000] {processor.py:840} INFO - DAG(s) 'example_sensor_decorator' retrieved from /home/airflow/.local/lib/python3.12/site-packages/airflow/example_dags/example_sensor_decorator.py
[2026-02-14T16:09:33.941+0000] {logging_mixin.py:188} INFO - [2026-02-14T16:09:33.941+0000] {dag.py:3089} INFO - Sync 1 DAGs
[2026-02-14T16:09:33.946+0000] {logging_mixin.py:188} INFO - [2026-02-14T16:09:33.946+0000] {dag.py:3947} INFO - Setting next_dagrun for example_sensor_decorator to None, run_after=None
[2026-02-14T16:09:33.952+0000] {processor.py:183} INFO - Processing /home/airflow/.local/lib/python3.12/site-packages/airflow/example_dags/example_sensor_decorator.py took 0.026 seconds
[2026-02-14T16:10:04.190+0000] {processor.py:161} INFO - Started process (PID=2785) to work on /home/airflow/.local/lib/python3.12/site-packages/airflow/example_dags/example_sensor_decorator.py
[2026-02-14T16:10:04.191+0000] {processor.py:830} INFO - Processing file /home/airflow/.local/lib/python3.12/site-packages/airflow/example_dags/example_sensor_decorator.py for tasks to queue
[2026-02-14T16:10:04.191+0000] {logging_mixin.py:188} INFO - [2026-02-14T16:10:04.191+0000] {dagbag.py:545} INFO - Filling up the DagBag from /home/airflow/.local/lib/python3.12/site-packages/airflow/example_dags/example_sensor_decorator.py
[2026-02-14T16:10:04.194+0000] {processor.py:840} INFO - DAG(s) 'example_sensor_decorator' retrieved from /home/airflow/.local/lib/python3.12/site-packages/airflow/example_dags/example_sensor_decorator.py
[2026-02-14T16:10:04.201+0000] {logging_mixin.py:188} INFO - [2026-02-14T16:10:04.201+0000] {dag.py:3089} INFO - Sync 1 DAGs
[2026-02-14T16:10:04.206+0000] {logging_mixin.py:188} INFO - [2026-02-14T16:10:04.205+0000] {dag.py:3947} INFO - Setting next_dagrun for example_sensor_decorator to None, run_after=None
[2026-02-14T16:10:04.212+0000] {processor.py:183} INFO - Processing /home/airflow/.local/lib/python3.12/site-packages/airflow/example_dags/example_sensor_decorator.py took 0.023 seconds
[2026-02-14T16:10:34.840+0000] {processor.py:161} INFO - Started process (PID=2843) to work on /home/airflow/.local/lib/python3.12/site-packages/airflow/example_dags/example_sensor_decorator.py
[2026-02-14T16:10:34.840+0000] {processor.py:830} INFO - Processing file /home/airflow/.local/lib/python3.12/site-packages/airflow/example_dags/example_sensor_decorator.py for tasks to queue
[2026-02-14T16:10:34.842+0000] {logging_mixin.py:188} INFO - [2026-02-14T16:10:34.841+0000] {dagbag.py:545} INFO - Filling up the DagBag from /home/airflow/.local/lib/python3.12/site-packages/airflow/example_dags/example_sensor_decorator.py
[2026-02-14T16:10:34.844+0000] {processor.py:840} INFO - DAG(s) 'example_sensor_decorator' retrieved from /home/airflow/.local/lib/python3.12/site-packages/airflow/example_dags/example_sensor_decorator.py
[2026-02-14T16:10:34.854+0000] {logging_mixin.py:188} INFO - [2026-02-14T16:10:34.854+0000] {dag.py:3089} INFO - Sync 1 DAGs
[2026-02-14T16:10:34.863+0000] {logging_mixin.py:188} INFO - [2026-02-14T16:10:34.863+0000] {dag.py:3947} INFO - Setting next_dagrun for example_sensor_decorator to None, run_after=None
[2026-02-14T16:10:34.872+0000] {processor.py:183} INFO - Processing /home/airflow/.local/lib/python3.12/site-packages/airflow/example_dags/example_sensor_decorator.py took 0.034 seconds
[2026-02-14T16:11:05.860+0000] {processor.py:161} INFO - Started process (PID=2902) to work on /home/airflow/.local/lib/python3.12/site-packages/airflow/example_dags/example_sensor_decorator.py
[2026-02-14T16:11:05.861+0000] {processor.py:830} INFO - Processing file /home/airflow/.local/lib/python3.12/site-packages/airflow/example_dags/example_sensor_decorator.py for tasks to queue
[2026-02-14T16:11:05.863+0000] {logging_mixin.py:188} INFO - [2026-02-14T16:11:05.862+0000] {dagbag.py:545} INFO - Filling up the DagBag from /home/airflow/.local/lib/python3.12/site-packages/airflow/example_dags/example_sensor_decorator.py
[2026-02-14T16:11:05.867+0000] {processor.py:840} INFO - DAG(s) 'example_sensor_decorator' retrieved from /home/airflow/.local/lib/python3.12/site-packages/airflow/example_dags/example_sensor_decorator.py
[2026-02-14T16:11:05.879+0000] {logging_mixin.py:188} INFO - [2026-02-14T16:11:05.879+0000] {dag.py:3089} INFO - Sync 1 DAGs
[2026-02-14T16:11:05.887+0000] {logging_mixin.py:188} INFO - [2026-02-14T16:11:05.887+0000] {dag.py:3947} INFO - Setting next_dagrun for example_sensor_decorator to None, run_after=None
[2026-02-14T16:11:05.895+0000] {processor.py:183} INFO - Processing /home/airflow/.local/lib/python3.12/site-packages/airflow/example_dags/example_sensor_decorator.py took 0.038 seconds
[2026-02-14T16:11:36.261+0000] {processor.py:161} INFO - Started process (PID=2961) to work on /home/airflow/.local/lib/python3.12/site-packages/airflow/example_dags/example_sensor_decorator.py
[2026-02-14T16:11:36.263+0000] {processor.py:830} INFO - Processing file /home/airflow/.local/lib/python3.12/site-packages/airflow/example_dags/example_sensor_decorator.py for tasks to queue
[2026-02-14T16:11:36.267+0000] {logging_mixin.py:188} INFO - [2026-02-14T16:11:36.267+0000] {dagbag.py:545} INFO - Filling up the DagBag from /home/airflow/.local/lib/python3.12/site-packages/airflow/example_dags/example_sensor_decorator.py
[2026-02-14T16:11:36.278+0000] {processor.py:840} INFO - DAG(s) 'example_sensor_decorator' retrieved from /home/airflow/.local/lib/python3.12/site-packages/airflow/example_dags/example_sensor_decorator.py
[2026-02-14T16:11:36.298+0000] {logging_mixin.py:188} INFO - [2026-02-14T16:11:36.298+0000] {dag.py:3089} INFO - Sync 1 DAGs
[2026-02-14T16:11:36.305+0000] {logging_mixin.py:188} INFO - [2026-02-14T16:11:36.305+0000] {dag.py:3947} INFO - Setting next_dagrun for example_sensor_decorator to None, run_after=None
[2026-02-14T16:11:36.317+0000] {processor.py:183} INFO - Processing /home/airflow/.local/lib/python3.12/site-packages/airflow/example_dags/example_sensor_decorator.py took 0.068 seconds
[2026-02-14T16:12:07.023+0000] {processor.py:161} INFO - Started process (PID=3020) to work on /home/airflow/.local/lib/python3.12/site-packages/airflow/example_dags/example_sensor_decorator.py
[2026-02-14T16:12:07.024+0000] {processor.py:830} INFO - Processing file /home/airflow/.local/lib/python3.12/site-packages/airflow/example_dags/example_sensor_decorator.py for tasks to queue
[2026-02-14T16:12:07.024+0000] {logging_mixin.py:188} INFO - [2026-02-14T16:12:07.024+0000] {dagbag.py:545} INFO - Filling up the DagBag from /home/airflow/.local/lib/python3.12/site-packages/airflow/example_dags/example_sensor_decorator.py
[2026-02-14T16:12:07.027+0000] {processor.py:840} INFO - DAG(s) 'example_sensor_decorator' retrieved from /home/airflow/.local/lib/python3.12/site-packages/airflow/example_dags/example_sensor_decorator.py
[2026-02-14T16:12:07.034+0000] {logging_mixin.py:188} INFO - [2026-02-14T16:12:07.034+0000] {dag.py:3089} INFO - Sync 1 DAGs
[2026-02-14T16:12:07.040+0000] {logging_mixin.py:188} INFO - [2026-02-14T16:12:07.040+0000] {dag.py:3947} INFO - Setting next_dagrun for example_sensor_decorator to None, run_after=None
[2026-02-14T16:12:07.046+0000] {processor.py:183} INFO - Processing /home/airflow/.local/lib/python3.12/site-packages/airflow/example_dags/example_sensor_decorator.py took 0.026 seconds
[2026-02-14T16:12:37.593+0000] {processor.py:161} INFO - Started process (PID=3079) to work on /home/airflow/.local/lib/python3.12/site-packages/airflow/example_dags/example_sensor_decorator.py
[2026-02-14T16:12:37.593+0000] {processor.py:830} INFO - Processing file /home/airflow/.local/lib/python3.12/site-packages/airflow/example_dags/example_sensor_decorator.py for tasks to queue
[2026-02-14T16:12:37.595+0000] {logging_mixin.py:188} INFO - [2026-02-14T16:12:37.595+0000] {dagbag.py:545} INFO - Filling up the DagBag from /home/airflow/.local/lib/python3.12/site-packages/airflow/example_dags/example_sensor_decorator.py
[2026-02-14T16:12:37.599+0000] {processor.py:840} INFO - DAG(s) 'example_sensor_decorator' retrieved from /home/airflow/.local/lib/python3.12/site-packages/airflow/example_dags/example_sensor_decorator.py
[2026-02-14T16:12:37.609+0000] {logging_mixin.py:188} INFO - [2026-02-14T16:12:37.609+0000] {dag.py:3089} INFO - Sync 1 DAGs
[2026-02-14T16:12:37.615+0000] {logging_mixin.py:188} INFO - [2026-02-14T16:12:37.615+0000] {dag.py:3947} INFO - Setting next_dagrun for example_sensor_decorator to None, run_after=None
[2026-02-14T16:12:37.623+0000] {processor.py:183} INFO - Processing /home/airflow/.local/lib/python3.12/site-packages/airflow/example_dags/example_sensor_decorator.py took 0.033 seconds
[2026-02-14T16:13:07.889+0000] {processor.py:161} INFO - Started process (PID=3138) to work on /home/airflow/.local/lib/python3.12/site-packages/airflow/example_dags/example_sensor_decorator.py
[2026-02-14T16:13:07.889+0000] {processor.py:830} INFO - Processing file /home/airflow/.local/lib/python3.12/site-packages/airflow/example_dags/example_sensor_decorator.py for tasks to queue
[2026-02-14T16:13:07.890+0000] {logging_mixin.py:188} INFO - [2026-02-14T16:13:07.890+0000] {dagbag.py:545} INFO - Filling up the DagBag from /home/airflow/.local/lib/python3.12/site-packages/airflow/example_dags/example_sensor_decorator.py
[2026-02-14T16:13:07.892+0000] {processor.py:840} INFO - DAG(s) 'example_sensor_decorator' retrieved from /home/airflow/.local/lib/python3.12/site-packages/airflow/example_dags/example_sensor_decorator.py
[2026-02-14T16:13:07.900+0000] {logging_mixin.py:188} INFO - [2026-02-14T16:13:07.899+0000] {dag.py:3089} INFO - Sync 1 DAGs
[2026-02-14T16:13:07.904+0000] {logging_mixin.py:188} INFO - [2026-02-14T16:13:07.904+0000] {dag.py:3947} INFO - Setting next_dagrun for example_sensor_decorator to None, run_after=None
[2026-02-14T16:13:07.914+0000] {processor.py:183} INFO - Processing /home/airflow/.local/lib/python3.12/site-packages/airflow/example_dags/example_sensor_decorator.py took 0.028 seconds
[2026-02-14T16:13:38.153+0000] {processor.py:161} INFO - Started process (PID=3197) to work on /home/airflow/.local/lib/python3.12/site-packages/airflow/example_dags/example_sensor_decorator.py
[2026-02-14T16:13:38.154+0000] {processor.py:830} INFO - Processing file /home/airflow/.local/lib/python3.12/site-packages/airflow/example_dags/example_sensor_decorator.py for tasks to queue
[2026-02-14T16:13:38.154+0000] {logging_mixin.py:188} INFO - [2026-02-14T16:13:38.154+0000] {dagbag.py:545} INFO - Filling up the DagBag from /home/airflow/.local/lib/python3.12/site-packages/airflow/example_dags/example_sensor_decorator.py
[2026-02-14T16:13:38.157+0000] {processor.py:840} INFO - DAG(s) 'example_sensor_decorator' retrieved from /home/airflow/.local/lib/python3.12/site-packages/airflow/example_dags/example_sensor_decorator.py
[2026-02-14T16:13:38.164+0000] {logging_mixin.py:188} INFO - [2026-02-14T16:13:38.164+0000] {dag.py:3089} INFO - Sync 1 DAGs
[2026-02-14T16:13:38.168+0000] {logging_mixin.py:188} INFO - [2026-02-14T16:13:38.168+0000] {dag.py:3947} INFO - Setting next_dagrun for example_sensor_decorator to None, run_after=None
[2026-02-14T16:13:38.173+0000] {processor.py:183} INFO - Processing /home/airflow/.local/lib/python3.12/site-packages/airflow/example_dags/example_sensor_decorator.py took 0.022 seconds
[2026-02-14T16:14:08.978+0000] {processor.py:161} INFO - Started process (PID=3256) to work on /home/airflow/.local/lib/python3.12/site-packages/airflow/example_dags/example_sensor_decorator.py
[2026-02-14T16:14:08.980+0000] {processor.py:830} INFO - Processing file /home/airflow/.local/lib/python3.12/site-packages/airflow/example_dags/example_sensor_decorator.py for tasks to queue
[2026-02-14T16:14:08.983+0000] {logging_mixin.py:188} INFO - [2026-02-14T16:14:08.982+0000] {dagbag.py:545} INFO - Filling up the DagBag from /home/airflow/.local/lib/python3.12/site-packages/airflow/example_dags/example_sensor_decorator.py
[2026-02-14T16:14:08.988+0000] {processor.py:840} INFO - DAG(s) 'example_sensor_decorator' retrieved from /home/airflow/.local/lib/python3.12/site-packages/airflow/example_dags/example_sensor_decorator.py
[2026-02-14T16:14:09.007+0000] {logging_mixin.py:188} INFO - [2026-02-14T16:14:09.007+0000] {dag.py:3089} INFO - Sync 1 DAGs
[2026-02-14T16:14:09.013+0000] {logging_mixin.py:188} INFO - [2026-02-14T16:14:09.013+0000] {dag.py:3947} INFO - Setting next_dagrun for example_sensor_decorator to None, run_after=None
[2026-02-14T16:14:09.024+0000] {processor.py:183} INFO - Processing /home/airflow/.local/lib/python3.12/site-packages/airflow/example_dags/example_sensor_decorator.py took 0.051 seconds
[2026-02-14T16:14:39.168+0000] {processor.py:161} INFO - Started process (PID=3315) to work on /home/airflow/.local/lib/python3.12/site-packages/airflow/example_dags/example_sensor_decorator.py
[2026-02-14T16:14:39.169+0000] {processor.py:830} INFO - Processing file /home/airflow/.local/lib/python3.12/site-packages/airflow/example_dags/example_sensor_decorator.py for tasks to queue
[2026-02-14T16:14:39.170+0000] {logging_mixin.py:188} INFO - [2026-02-14T16:14:39.170+0000] {dagbag.py:545} INFO - Filling up the DagBag from /home/airflow/.local/lib/python3.12/site-packages/airflow/example_dags/example_sensor_decorator.py
[2026-02-14T16:14:39.177+0000] {processor.py:840} INFO - DAG(s) 'example_sensor_decorator' retrieved from /home/airflow/.local/lib/python3.12/site-packages/airflow/example_dags/example_sensor_decorator.py
[2026-02-14T16:14:39.194+0000] {logging_mixin.py:188} INFO - [2026-02-14T16:14:39.193+0000] {dag.py:3089} INFO - Sync 1 DAGs
[2026-02-14T16:14:39.204+0000] {logging_mixin.py:188} INFO - [2026-02-14T16:14:39.204+0000] {dag.py:3947} INFO - Setting next_dagrun for example_sensor_decorator to None, run_after=None
[2026-02-14T16:14:39.217+0000] {processor.py:183} INFO - Processing /home/airflow/.local/lib/python3.12/site-packages/airflow/example_dags/example_sensor_decorator.py took 0.051 seconds
[2026-02-14T16:15:10.156+0000] {processor.py:161} INFO - Started process (PID=3374) to work on /home/airflow/.local/lib/python3.12/site-packages/airflow/example_dags/example_sensor_decorator.py
[2026-02-14T16:15:10.157+0000] {processor.py:830} INFO - Processing file /home/airflow/.local/lib/python3.12/site-packages/airflow/example_dags/example_sensor_decorator.py for tasks to queue
[2026-02-14T16:15:10.158+0000] {logging_mixin.py:188} INFO - [2026-02-14T16:15:10.158+0000] {dagbag.py:545} INFO - Filling up the DagBag from /home/airflow/.local/lib/python3.12/site-packages/airflow/example_dags/example_sensor_decorator.py
[2026-02-14T16:15:10.161+0000] {processor.py:840} INFO - DAG(s) 'example_sensor_decorator' retrieved from /home/airflow/.local/lib/python3.12/site-packages/airflow/example_dags/example_sensor_decorator.py
[2026-02-14T16:15:10.172+0000] {logging_mixin.py:188} INFO - [2026-02-14T16:15:10.172+0000] {dag.py:3089} INFO - Sync 1 DAGs
[2026-02-14T16:15:10.178+0000] {logging_mixin.py:188} INFO - [2026-02-14T16:15:10.178+0000] {dag.py:3947} INFO - Setting next_dagrun for example_sensor_decorator to None, run_after=None
[2026-02-14T16:15:10.186+0000] {processor.py:183} INFO - Processing /home/airflow/.local/lib/python3.12/site-packages/airflow/example_dags/example_sensor_decorator.py took 0.032 seconds
[2026-02-14T16:15:40.829+0000] {processor.py:161} INFO - Started process (PID=3433) to work on /home/airflow/.local/lib/python3.12/site-packages/airflow/example_dags/example_sensor_decorator.py
[2026-02-14T16:15:40.830+0000] {processor.py:830} INFO - Processing file /home/airflow/.local/lib/python3.12/site-packages/airflow/example_dags/example_sensor_decorator.py for tasks to queue
[2026-02-14T16:15:40.832+0000] {logging_mixin.py:188} INFO - [2026-02-14T16:15:40.832+0000] {dagbag.py:545} INFO - Filling up the DagBag from /home/airflow/.local/lib/python3.12/site-packages/airflow/example_dags/example_sensor_decorator.py
[2026-02-14T16:15:40.835+0000] {processor.py:840} INFO - DAG(s) 'example_sensor_decorator' retrieved from /home/airflow/.local/lib/python3.12/site-packages/airflow/example_dags/example_sensor_decorator.py
[2026-02-14T16:15:40.853+0000] {logging_mixin.py:188} INFO - [2026-02-14T16:15:40.853+0000] {dag.py:3089} INFO - Sync 1 DAGs
[2026-02-14T16:15:40.864+0000] {logging_mixin.py:188} INFO - [2026-02-14T16:15:40.864+0000] {dag.py:3947} INFO - Setting next_dagrun for example_sensor_decorator to None, run_after=None
[2026-02-14T16:15:40.882+0000] {processor.py:183} INFO - Processing /home/airflow/.local/lib/python3.12/site-packages/airflow/example_dags/example_sensor_decorator.py took 0.055 seconds
[2026-02-14T16:16:10.932+0000] {processor.py:161} INFO - Started process (PID=3492) to work on /home/airflow/.local/lib/python3.12/site-packages/airflow/example_dags/example_sensor_decorator.py
[2026-02-14T16:16:10.933+0000] {processor.py:830} INFO - Processing file /home/airflow/.local/lib/python3.12/site-packages/airflow/example_dags/example_sensor_decorator.py for tasks to queue
[2026-02-14T16:16:10.934+0000] {logging_mixin.py:188} INFO - [2026-02-14T16:16:10.934+0000] {dagbag.py:545} INFO - Filling up the DagBag from /home/airflow/.local/lib/python3.12/site-packages/airflow/example_dags/example_sensor_decorator.py
[2026-02-14T16:16:10.938+0000] {processor.py:840} INFO - DAG(s) 'example_sensor_decorator' retrieved from /home/airflow/.local/lib/python3.12/site-packages/airflow/example_dags/example_sensor_decorator.py
[2026-02-14T16:16:10.949+0000] {logging_mixin.py:188} INFO - [2026-02-14T16:16:10.949+0000] {dag.py:3089} INFO - Sync 1 DAGs
[2026-02-14T16:16:10.959+0000] {logging_mixin.py:188} INFO - [2026-02-14T16:16:10.959+0000] {dag.py:3947} INFO - Setting next_dagrun for example_sensor_decorator to None, run_after=None
[2026-02-14T16:16:10.970+0000] {processor.py:183} INFO - Processing /home/airflow/.local/lib/python3.12/site-packages/airflow/example_dags/example_sensor_decorator.py took 0.040 seconds
[2026-02-14T16:16:41.457+0000] {processor.py:161} INFO - Started process (PID=3551) to work on /home/airflow/.local/lib/python3.12/site-packages/airflow/example_dags/example_sensor_decorator.py
[2026-02-14T16:16:41.457+0000] {processor.py:830} INFO - Processing file /home/airflow/.local/lib/python3.12/site-packages/airflow/example_dags/example_sensor_decorator.py for tasks to queue
[2026-02-14T16:16:41.458+0000] {logging_mixin.py:188} INFO - [2026-02-14T16:16:41.458+0000] {dagbag.py:545} INFO - Filling up the DagBag from /home/airflow/.local/lib/python3.12/site-packages/airflow/example_dags/example_sensor_decorator.py
[2026-02-14T16:16:41.463+0000] {processor.py:840} INFO - DAG(s) 'example_sensor_decorator' retrieved from /home/airflow/.local/lib/python3.12/site-packages/airflow/example_dags/example_sensor_decorator.py
[2026-02-14T16:16:41.476+0000] {logging_mixin.py:188} INFO - [2026-02-14T16:16:41.476+0000] {dag.py:3089} INFO - Sync 1 DAGs
[2026-02-14T16:16:41.481+0000] {logging_mixin.py:188} INFO - [2026-02-14T16:16:41.481+0000] {dag.py:3947} INFO - Setting next_dagrun for example_sensor_decorator to None, run_after=None
[2026-02-14T16:16:41.492+0000] {processor.py:183} INFO - Processing /home/airflow/.local/lib/python3.12/site-packages/airflow/example_dags/example_sensor_decorator.py took 0.038 seconds
[2026-02-14T16:17:12.010+0000] {processor.py:161} INFO - Started process (PID=3610) to work on /home/airflow/.local/lib/python3.12/site-packages/airflow/example_dags/example_sensor_decorator.py
[2026-02-14T16:17:12.010+0000] {processor.py:830} INFO - Processing file /home/airflow/.local/lib/python3.12/site-packages/airflow/example_dags/example_sensor_decorator.py for tasks to queue
[2026-02-14T16:17:12.011+0000] {logging_mixin.py:188} INFO - [2026-02-14T16:17:12.011+0000] {dagbag.py:545} INFO - Filling up the DagBag from /home/airflow/.local/lib/python3.12/site-packages/airflow/example_dags/example_sensor_decorator.py
[2026-02-14T16:17:12.014+0000] {processor.py:840} INFO - DAG(s) 'example_sensor_decorator' retrieved from /home/airflow/.local/lib/python3.12/site-packages/airflow/example_dags/example_sensor_decorator.py
[2026-02-14T16:17:12.026+0000] {logging_mixin.py:188} INFO - [2026-02-14T16:17:12.026+0000] {dag.py:3089} INFO - Sync 1 DAGs
[2026-02-14T16:17:12.032+0000] {logging_mixin.py:188} INFO - [2026-02-14T16:17:12.031+0000] {dag.py:3947} INFO - Setting next_dagrun for example_sensor_decorator to None, run_after=None
[2026-02-14T16:17:12.041+0000] {processor.py:183} INFO - Processing /home/airflow/.local/lib/python3.12/site-packages/airflow/example_dags/example_sensor_decorator.py took 0.034 seconds
[2026-02-14T16:17:42.722+0000] {processor.py:161} INFO - Started process (PID=3669) to work on /home/airflow/.local/lib/python3.12/site-packages/airflow/example_dags/example_sensor_decorator.py
[2026-02-14T16:17:42.725+0000] {processor.py:830} INFO - Processing file /home/airflow/.local/lib/python3.12/site-packages/airflow/example_dags/example_sensor_decorator.py for tasks to queue
[2026-02-14T16:17:42.727+0000] {logging_mixin.py:188} INFO - [2026-02-14T16:17:42.727+0000] {dagbag.py:545} INFO - Filling up the DagBag from /home/airflow/.local/lib/python3.12/site-packages/airflow/example_dags/example_sensor_decorator.py
[2026-02-14T16:17:42.734+0000] {processor.py:840} INFO - DAG(s) 'example_sensor_decorator' retrieved from /home/airflow/.local/lib/python3.12/site-packages/airflow/example_dags/example_sensor_decorator.py
[2026-02-14T16:17:42.746+0000] {logging_mixin.py:188} INFO - [2026-02-14T16:17:42.745+0000] {dag.py:3089} INFO - Sync 1 DAGs
[2026-02-14T16:17:42.751+0000] {logging_mixin.py:188} INFO - [2026-02-14T16:17:42.751+0000] {dag.py:3947} INFO - Setting next_dagrun for example_sensor_decorator to None, run_after=None
[2026-02-14T16:17:42.760+0000] {processor.py:183} INFO - Processing /home/airflow/.local/lib/python3.12/site-packages/airflow/example_dags/example_sensor_decorator.py took 0.046 seconds
[2026-02-14T16:18:13.267+0000] {processor.py:161} INFO - Started process (PID=3734) to work on /home/airflow/.local/lib/python3.12/site-packages/airflow/example_dags/example_sensor_decorator.py
[2026-02-14T16:18:13.268+0000] {processor.py:830} INFO - Processing file /home/airflow/.local/lib/python3.12/site-packages/airflow/example_dags/example_sensor_decorator.py for tasks to queue
[2026-02-14T16:18:13.269+0000] {logging_mixin.py:188} INFO - [2026-02-14T16:18:13.269+0000] {dagbag.py:545} INFO - Filling up the DagBag from /home/airflow/.local/lib/python3.12/site-packages/airflow/example_dags/example_sensor_decorator.py
[2026-02-14T16:18:13.271+0000] {processor.py:840} INFO - DAG(s) 'example_sensor_decorator' retrieved from /home/airflow/.local/lib/python3.12/site-packages/airflow/example_dags/example_sensor_decorator.py
[2026-02-14T16:18:13.278+0000] {logging_mixin.py:188} INFO - [2026-02-14T16:18:13.278+0000] {dag.py:3089} INFO - Sync 1 DAGs
[2026-02-14T16:18:13.283+0000] {logging_mixin.py:188} INFO - [2026-02-14T16:18:13.283+0000] {dag.py:3947} INFO - Setting next_dagrun for example_sensor_decorator to None, run_after=None
[2026-02-14T16:18:13.289+0000] {processor.py:183} INFO - Processing /home/airflow/.local/lib/python3.12/site-packages/airflow/example_dags/example_sensor_decorator.py took 0.024 seconds
[2026-02-14T16:18:43.998+0000] {processor.py:161} INFO - Started process (PID=3793) to work on /home/airflow/.local/lib/python3.12/site-packages/airflow/example_dags/example_sensor_decorator.py
[2026-02-14T16:18:43.998+0000] {processor.py:830} INFO - Processing file /home/airflow/.local/lib/python3.12/site-packages/airflow/example_dags/example_sensor_decorator.py for tasks to queue
[2026-02-14T16:18:43.999+0000] {logging_mixin.py:188} INFO - [2026-02-14T16:18:43.999+0000] {dagbag.py:545} INFO - Filling up the DagBag from /home/airflow/.local/lib/python3.12/site-packages/airflow/example_dags/example_sensor_decorator.py
[2026-02-14T16:18:44.003+0000] {processor.py:840} INFO - DAG(s) 'example_sensor_decorator' retrieved from /home/airflow/.local/lib/python3.12/site-packages/airflow/example_dags/example_sensor_decorator.py
[2026-02-14T16:18:44.013+0000] {logging_mixin.py:188} INFO - [2026-02-14T16:18:44.013+0000] {dag.py:3089} INFO - Sync 1 DAGs
[2026-02-14T16:18:44.018+0000] {logging_mixin.py:188} INFO - [2026-02-14T16:18:44.018+0000] {dag.py:3947} INFO - Setting next_dagrun for example_sensor_decorator to None, run_after=None
[2026-02-14T16:18:44.025+0000] {processor.py:183} INFO - Processing /home/airflow/.local/lib/python3.12/site-packages/airflow/example_dags/example_sensor_decorator.py took 0.030 seconds
[2026-02-14T16:19:14.148+0000] {processor.py:161} INFO - Started process (PID=3852) to work on /home/airflow/.local/lib/python3.12/site-packages/airflow/example_dags/example_sensor_decorator.py
[2026-02-14T16:19:14.148+0000] {processor.py:830} INFO - Processing file /home/airflow/.local/lib/python3.12/site-packages/airflow/example_dags/example_sensor_decorator.py for tasks to queue
[2026-02-14T16:19:14.149+0000] {logging_mixin.py:188} INFO - [2026-02-14T16:19:14.149+0000] {dagbag.py:545} INFO - Filling up the DagBag from /home/airflow/.local/lib/python3.12/site-packages/airflow/example_dags/example_sensor_decorator.py
[2026-02-14T16:19:14.154+0000] {processor.py:840} INFO - DAG(s) 'example_sensor_decorator' retrieved from /home/airflow/.local/lib/python3.12/site-packages/airflow/example_dags/example_sensor_decorator.py
[2026-02-14T16:19:14.165+0000] {logging_mixin.py:188} INFO - [2026-02-14T16:19:14.165+0000] {dag.py:3089} INFO - Sync 1 DAGs
[2026-02-14T16:19:14.173+0000] {logging_mixin.py:188} INFO - [2026-02-14T16:19:14.173+0000] {dag.py:3947} INFO - Setting next_dagrun for example_sensor_decorator to None, run_after=None
[2026-02-14T16:19:14.181+0000] {processor.py:183} INFO - Processing /home/airflow/.local/lib/python3.12/site-packages/airflow/example_dags/example_sensor_decorator.py took 0.037 seconds
[2026-02-14T16:19:45.078+0000] {processor.py:161} INFO - Started process (PID=3911) to work on /home/airflow/.local/lib/python3.12/site-packages/airflow/example_dags/example_sensor_decorator.py
[2026-02-14T16:19:45.079+0000] {processor.py:830} INFO - Processing file /home/airflow/.local/lib/python3.12/site-packages/airflow/example_dags/example_sensor_decorator.py for tasks to queue
[2026-02-14T16:19:45.080+0000] {logging_mixin.py:188} INFO - [2026-02-14T16:19:45.079+0000] {dagbag.py:545} INFO - Filling up the DagBag from /home/airflow/.local/lib/python3.12/site-packages/airflow/example_dags/example_sensor_decorator.py
[2026-02-14T16:19:45.082+0000] {processor.py:840} INFO - DAG(s) 'example_sensor_decorator' retrieved from /home/airflow/.local/lib/python3.12/site-packages/airflow/example_dags/example_sensor_decorator.py
[2026-02-14T16:19:45.090+0000] {logging_mixin.py:188} INFO - [2026-02-14T16:19:45.090+0000] {dag.py:3089} INFO - Sync 1 DAGs
[2026-02-14T16:19:45.095+0000] {logging_mixin.py:188} INFO - [2026-02-14T16:19:45.095+0000] {dag.py:3947} INFO - Setting next_dagrun for example_sensor_decorator to None, run_after=None
[2026-02-14T16:19:45.101+0000] {processor.py:183} INFO - Processing /home/airflow/.local/lib/python3.12/site-packages/airflow/example_dags/example_sensor_decorator.py took 0.025 seconds
[2026-02-14T16:20:15.566+0000] {processor.py:161} INFO - Started process (PID=3970) to work on /home/airflow/.local/lib/python3.12/site-packages/airflow/example_dags/example_sensor_decorator.py
[2026-02-14T16:20:15.568+0000] {processor.py:830} INFO - Processing file /home/airflow/.local/lib/python3.12/site-packages/airflow/example_dags/example_sensor_decorator.py for tasks to queue
[2026-02-14T16:20:15.569+0000] {logging_mixin.py:188} INFO - [2026-02-14T16:20:15.569+0000] {dagbag.py:545} INFO - Filling up the DagBag from /home/airflow/.local/lib/python3.12/site-packages/airflow/example_dags/example_sensor_decorator.py
[2026-02-14T16:20:15.573+0000] {processor.py:840} INFO - DAG(s) 'example_sensor_decorator' retrieved from /home/airflow/.local/lib/python3.12/site-packages/airflow/example_dags/example_sensor_decorator.py
[2026-02-14T16:20:15.587+0000] {logging_mixin.py:188} INFO - [2026-02-14T16:20:15.586+0000] {dag.py:3089} INFO - Sync 1 DAGs
[2026-02-14T16:20:15.596+0000] {logging_mixin.py:188} INFO - [2026-02-14T16:20:15.596+0000] {dag.py:3947} INFO - Setting next_dagrun for example_sensor_decorator to None, run_after=None
[2026-02-14T16:20:15.613+0000] {processor.py:183} INFO - Processing /home/airflow/.local/lib/python3.12/site-packages/airflow/example_dags/example_sensor_decorator.py took 0.050 seconds
[2026-02-14T16:20:45.802+0000] {processor.py:161} INFO - Started process (PID=4029) to work on /home/airflow/.local/lib/python3.12/site-packages/airflow/example_dags/example_sensor_decorator.py
[2026-02-14T16:20:45.803+0000] {processor.py:830} INFO - Processing file /home/airflow/.local/lib/python3.12/site-packages/airflow/example_dags/example_sensor_decorator.py for tasks to queue
[2026-02-14T16:20:45.805+0000] {logging_mixin.py:188} INFO - [2026-02-14T16:20:45.805+0000] {dagbag.py:545} INFO - Filling up the DagBag from /home/airflow/.local/lib/python3.12/site-packages/airflow/example_dags/example_sensor_decorator.py
[2026-02-14T16:20:45.810+0000] {processor.py:840} INFO - DAG(s) 'example_sensor_decorator' retrieved from /home/airflow/.local/lib/python3.12/site-packages/airflow/example_dags/example_sensor_decorator.py
[2026-02-14T16:20:45.821+0000] {logging_mixin.py:188} INFO - [2026-02-14T16:20:45.821+0000] {dag.py:3089} INFO - Sync 1 DAGs
[2026-02-14T16:20:45.827+0000] {logging_mixin.py:188} INFO - [2026-02-14T16:20:45.827+0000] {dag.py:3947} INFO - Setting next_dagrun for example_sensor_decorator to None, run_after=None
[2026-02-14T16:20:45.838+0000] {processor.py:183} INFO - Processing /home/airflow/.local/lib/python3.12/site-packages/airflow/example_dags/example_sensor_decorator.py took 0.038 seconds
[2026-02-14T16:21:16.398+0000] {processor.py:161} INFO - Started process (PID=4088) to work on /home/airflow/.local/lib/python3.12/site-packages/airflow/example_dags/example_sensor_decorator.py
[2026-02-14T16:21:16.398+0000] {processor.py:830} INFO - Processing file /home/airflow/.local/lib/python3.12/site-packages/airflow/example_dags/example_sensor_decorator.py for tasks to queue
[2026-02-14T16:21:16.399+0000] {logging_mixin.py:188} INFO - [2026-02-14T16:21:16.399+0000] {dagbag.py:545} INFO - Filling up the DagBag from /home/airflow/.local/lib/python3.12/site-packages/airflow/example_dags/example_sensor_decorator.py
[2026-02-14T16:21:16.402+0000] {processor.py:840} INFO - DAG(s) 'example_sensor_decorator' retrieved from /home/airflow/.local/lib/python3.12/site-packages/airflow/example_dags/example_sensor_decorator.py
[2026-02-14T16:21:16.411+0000] {logging_mixin.py:188} INFO - [2026-02-14T16:21:16.411+0000] {dag.py:3089} INFO - Sync 1 DAGs
[2026-02-14T16:21:16.415+0000] {logging_mixin.py:188} INFO - [2026-02-14T16:21:16.415+0000] {dag.py:3947} INFO - Setting next_dagrun for example_sensor_decorator to None, run_after=None
[2026-02-14T16:21:16.425+0000] {processor.py:183} INFO - Processing /home/airflow/.local/lib/python3.12/site-packages/airflow/example_dags/example_sensor_decorator.py took 0.030 seconds
