[2026-02-14T15:46:37.951+0000] {processor.py:161} INFO - Started process (PID=61) to work on /home/airflow/.local/lib/python3.12/site-packages/airflow/example_dags/example_python_decorator.py
[2026-02-14T15:46:37.952+0000] {processor.py:830} INFO - Processing file /home/airflow/.local/lib/python3.12/site-packages/airflow/example_dags/example_python_decorator.py for tasks to queue
[2026-02-14T15:46:37.956+0000] {logging_mixin.py:188} INFO - [2026-02-14T15:46:37.955+0000] {dagbag.py:545} INFO - Filling up the DagBag from /home/airflow/.local/lib/python3.12/site-packages/airflow/example_dags/example_python_decorator.py
[2026-02-14T15:46:38.005+0000] {processor.py:840} INFO - DAG(s) 'example_python_decorator' retrieved from /home/airflow/.local/lib/python3.12/site-packages/airflow/example_dags/example_python_decorator.py
[2026-02-14T15:46:38.024+0000] {logging_mixin.py:188} INFO - [2026-02-14T15:46:38.023+0000] {dag.py:3089} INFO - Sync 1 DAGs
[2026-02-14T15:46:38.039+0000] {logging_mixin.py:188} INFO - [2026-02-14T15:46:38.039+0000] {dag.py:3947} INFO - Setting next_dagrun for example_python_decorator to None, run_after=None
[2026-02-14T15:46:38.059+0000] {processor.py:183} INFO - Processing /home/airflow/.local/lib/python3.12/site-packages/airflow/example_dags/example_python_decorator.py took 0.112 seconds
[2026-02-14T15:47:08.849+0000] {processor.py:161} INFO - Started process (PID=120) to work on /home/airflow/.local/lib/python3.12/site-packages/airflow/example_dags/example_python_decorator.py
[2026-02-14T15:47:08.849+0000] {processor.py:830} INFO - Processing file /home/airflow/.local/lib/python3.12/site-packages/airflow/example_dags/example_python_decorator.py for tasks to queue
[2026-02-14T15:47:08.850+0000] {logging_mixin.py:188} INFO - [2026-02-14T15:47:08.850+0000] {dagbag.py:545} INFO - Filling up the DagBag from /home/airflow/.local/lib/python3.12/site-packages/airflow/example_dags/example_python_decorator.py
[2026-02-14T15:47:08.857+0000] {processor.py:840} INFO - DAG(s) 'example_python_decorator' retrieved from /home/airflow/.local/lib/python3.12/site-packages/airflow/example_dags/example_python_decorator.py
[2026-02-14T15:47:08.901+0000] {logging_mixin.py:188} INFO - [2026-02-14T15:47:08.900+0000] {dag.py:3089} INFO - Sync 1 DAGs
[2026-02-14T15:47:08.906+0000] {logging_mixin.py:188} INFO - [2026-02-14T15:47:08.905+0000] {dag.py:3947} INFO - Setting next_dagrun for example_python_decorator to None, run_after=None
[2026-02-14T15:47:08.914+0000] {processor.py:183} INFO - Processing /home/airflow/.local/lib/python3.12/site-packages/airflow/example_dags/example_python_decorator.py took 0.068 seconds
[2026-02-14T15:47:39.845+0000] {processor.py:161} INFO - Started process (PID=185) to work on /home/airflow/.local/lib/python3.12/site-packages/airflow/example_dags/example_python_decorator.py
[2026-02-14T15:47:39.846+0000] {processor.py:830} INFO - Processing file /home/airflow/.local/lib/python3.12/site-packages/airflow/example_dags/example_python_decorator.py for tasks to queue
[2026-02-14T15:47:39.847+0000] {logging_mixin.py:188} INFO - [2026-02-14T15:47:39.847+0000] {dagbag.py:545} INFO - Filling up the DagBag from /home/airflow/.local/lib/python3.12/site-packages/airflow/example_dags/example_python_decorator.py
[2026-02-14T15:47:39.852+0000] {processor.py:840} INFO - DAG(s) 'example_python_decorator' retrieved from /home/airflow/.local/lib/python3.12/site-packages/airflow/example_dags/example_python_decorator.py
[2026-02-14T15:47:39.861+0000] {logging_mixin.py:188} INFO - [2026-02-14T15:47:39.861+0000] {dag.py:3089} INFO - Sync 1 DAGs
[2026-02-14T15:47:39.865+0000] {logging_mixin.py:188} INFO - [2026-02-14T15:47:39.865+0000] {dag.py:3947} INFO - Setting next_dagrun for example_python_decorator to None, run_after=None
[2026-02-14T15:47:39.872+0000] {processor.py:183} INFO - Processing /home/airflow/.local/lib/python3.12/site-packages/airflow/example_dags/example_python_decorator.py took 0.029 seconds
[2026-02-14T15:48:10.458+0000] {processor.py:161} INFO - Started process (PID=244) to work on /home/airflow/.local/lib/python3.12/site-packages/airflow/example_dags/example_python_decorator.py
[2026-02-14T15:48:10.458+0000] {processor.py:830} INFO - Processing file /home/airflow/.local/lib/python3.12/site-packages/airflow/example_dags/example_python_decorator.py for tasks to queue
[2026-02-14T15:48:10.459+0000] {logging_mixin.py:188} INFO - [2026-02-14T15:48:10.459+0000] {dagbag.py:545} INFO - Filling up the DagBag from /home/airflow/.local/lib/python3.12/site-packages/airflow/example_dags/example_python_decorator.py
[2026-02-14T15:48:10.464+0000] {processor.py:840} INFO - DAG(s) 'example_python_decorator' retrieved from /home/airflow/.local/lib/python3.12/site-packages/airflow/example_dags/example_python_decorator.py
[2026-02-14T15:48:10.473+0000] {logging_mixin.py:188} INFO - [2026-02-14T15:48:10.473+0000] {dag.py:3089} INFO - Sync 1 DAGs
[2026-02-14T15:48:10.480+0000] {logging_mixin.py:188} INFO - [2026-02-14T15:48:10.480+0000] {dag.py:3947} INFO - Setting next_dagrun for example_python_decorator to None, run_after=None
[2026-02-14T15:48:10.486+0000] {processor.py:183} INFO - Processing /home/airflow/.local/lib/python3.12/site-packages/airflow/example_dags/example_python_decorator.py took 0.031 seconds
[2026-02-14T15:48:41.032+0000] {processor.py:161} INFO - Started process (PID=303) to work on /home/airflow/.local/lib/python3.12/site-packages/airflow/example_dags/example_python_decorator.py
[2026-02-14T15:48:41.033+0000] {processor.py:830} INFO - Processing file /home/airflow/.local/lib/python3.12/site-packages/airflow/example_dags/example_python_decorator.py for tasks to queue
[2026-02-14T15:48:41.033+0000] {logging_mixin.py:188} INFO - [2026-02-14T15:48:41.033+0000] {dagbag.py:545} INFO - Filling up the DagBag from /home/airflow/.local/lib/python3.12/site-packages/airflow/example_dags/example_python_decorator.py
[2026-02-14T15:48:41.038+0000] {processor.py:840} INFO - DAG(s) 'example_python_decorator' retrieved from /home/airflow/.local/lib/python3.12/site-packages/airflow/example_dags/example_python_decorator.py
[2026-02-14T15:48:41.047+0000] {logging_mixin.py:188} INFO - [2026-02-14T15:48:41.047+0000] {dag.py:3089} INFO - Sync 1 DAGs
[2026-02-14T15:48:41.052+0000] {logging_mixin.py:188} INFO - [2026-02-14T15:48:41.052+0000] {dag.py:3947} INFO - Setting next_dagrun for example_python_decorator to None, run_after=None
[2026-02-14T15:48:41.060+0000] {processor.py:183} INFO - Processing /home/airflow/.local/lib/python3.12/site-packages/airflow/example_dags/example_python_decorator.py took 0.030 seconds
[2026-02-14T15:49:11.678+0000] {processor.py:161} INFO - Started process (PID=362) to work on /home/airflow/.local/lib/python3.12/site-packages/airflow/example_dags/example_python_decorator.py
[2026-02-14T15:49:11.678+0000] {processor.py:830} INFO - Processing file /home/airflow/.local/lib/python3.12/site-packages/airflow/example_dags/example_python_decorator.py for tasks to queue
[2026-02-14T15:49:11.679+0000] {logging_mixin.py:188} INFO - [2026-02-14T15:49:11.679+0000] {dagbag.py:545} INFO - Filling up the DagBag from /home/airflow/.local/lib/python3.12/site-packages/airflow/example_dags/example_python_decorator.py
[2026-02-14T15:49:11.685+0000] {processor.py:840} INFO - DAG(s) 'example_python_decorator' retrieved from /home/airflow/.local/lib/python3.12/site-packages/airflow/example_dags/example_python_decorator.py
[2026-02-14T15:49:11.695+0000] {logging_mixin.py:188} INFO - [2026-02-14T15:49:11.695+0000] {dag.py:3089} INFO - Sync 1 DAGs
[2026-02-14T15:49:11.699+0000] {logging_mixin.py:188} INFO - [2026-02-14T15:49:11.699+0000] {dag.py:3947} INFO - Setting next_dagrun for example_python_decorator to None, run_after=None
[2026-02-14T15:49:11.706+0000] {processor.py:183} INFO - Processing /home/airflow/.local/lib/python3.12/site-packages/airflow/example_dags/example_python_decorator.py took 0.031 seconds
[2026-02-14T15:49:42.075+0000] {processor.py:161} INFO - Started process (PID=421) to work on /home/airflow/.local/lib/python3.12/site-packages/airflow/example_dags/example_python_decorator.py
[2026-02-14T15:49:42.076+0000] {processor.py:830} INFO - Processing file /home/airflow/.local/lib/python3.12/site-packages/airflow/example_dags/example_python_decorator.py for tasks to queue
[2026-02-14T15:49:42.076+0000] {logging_mixin.py:188} INFO - [2026-02-14T15:49:42.076+0000] {dagbag.py:545} INFO - Filling up the DagBag from /home/airflow/.local/lib/python3.12/site-packages/airflow/example_dags/example_python_decorator.py
[2026-02-14T15:49:42.081+0000] {processor.py:840} INFO - DAG(s) 'example_python_decorator' retrieved from /home/airflow/.local/lib/python3.12/site-packages/airflow/example_dags/example_python_decorator.py
[2026-02-14T15:49:42.090+0000] {logging_mixin.py:188} INFO - [2026-02-14T15:49:42.090+0000] {dag.py:3089} INFO - Sync 1 DAGs
[2026-02-14T15:49:42.094+0000] {logging_mixin.py:188} INFO - [2026-02-14T15:49:42.094+0000] {dag.py:3947} INFO - Setting next_dagrun for example_python_decorator to None, run_after=None
[2026-02-14T15:49:42.099+0000] {processor.py:183} INFO - Processing /home/airflow/.local/lib/python3.12/site-packages/airflow/example_dags/example_python_decorator.py took 0.026 seconds
[2026-02-14T15:50:12.467+0000] {processor.py:161} INFO - Started process (PID=480) to work on /home/airflow/.local/lib/python3.12/site-packages/airflow/example_dags/example_python_decorator.py
[2026-02-14T15:50:12.469+0000] {processor.py:830} INFO - Processing file /home/airflow/.local/lib/python3.12/site-packages/airflow/example_dags/example_python_decorator.py for tasks to queue
[2026-02-14T15:50:12.469+0000] {logging_mixin.py:188} INFO - [2026-02-14T15:50:12.469+0000] {dagbag.py:545} INFO - Filling up the DagBag from /home/airflow/.local/lib/python3.12/site-packages/airflow/example_dags/example_python_decorator.py
[2026-02-14T15:50:12.476+0000] {processor.py:840} INFO - DAG(s) 'example_python_decorator' retrieved from /home/airflow/.local/lib/python3.12/site-packages/airflow/example_dags/example_python_decorator.py
[2026-02-14T15:50:12.485+0000] {logging_mixin.py:188} INFO - [2026-02-14T15:50:12.485+0000] {dag.py:3089} INFO - Sync 1 DAGs
[2026-02-14T15:50:12.490+0000] {logging_mixin.py:188} INFO - [2026-02-14T15:50:12.490+0000] {dag.py:3947} INFO - Setting next_dagrun for example_python_decorator to None, run_after=None
[2026-02-14T15:50:12.499+0000] {processor.py:183} INFO - Processing /home/airflow/.local/lib/python3.12/site-packages/airflow/example_dags/example_python_decorator.py took 0.034 seconds
[2026-02-14T15:50:42.927+0000] {processor.py:161} INFO - Started process (PID=539) to work on /home/airflow/.local/lib/python3.12/site-packages/airflow/example_dags/example_python_decorator.py
[2026-02-14T15:50:42.928+0000] {processor.py:830} INFO - Processing file /home/airflow/.local/lib/python3.12/site-packages/airflow/example_dags/example_python_decorator.py for tasks to queue
[2026-02-14T15:50:42.929+0000] {logging_mixin.py:188} INFO - [2026-02-14T15:50:42.929+0000] {dagbag.py:545} INFO - Filling up the DagBag from /home/airflow/.local/lib/python3.12/site-packages/airflow/example_dags/example_python_decorator.py
[2026-02-14T15:50:42.935+0000] {processor.py:840} INFO - DAG(s) 'example_python_decorator' retrieved from /home/airflow/.local/lib/python3.12/site-packages/airflow/example_dags/example_python_decorator.py
[2026-02-14T15:50:42.946+0000] {logging_mixin.py:188} INFO - [2026-02-14T15:50:42.946+0000] {dag.py:3089} INFO - Sync 1 DAGs
[2026-02-14T15:50:42.952+0000] {logging_mixin.py:188} INFO - [2026-02-14T15:50:42.951+0000] {dag.py:3947} INFO - Setting next_dagrun for example_python_decorator to None, run_after=None
[2026-02-14T15:50:42.959+0000] {processor.py:183} INFO - Processing /home/airflow/.local/lib/python3.12/site-packages/airflow/example_dags/example_python_decorator.py took 0.034 seconds
[2026-02-14T15:51:13.654+0000] {processor.py:161} INFO - Started process (PID=598) to work on /home/airflow/.local/lib/python3.12/site-packages/airflow/example_dags/example_python_decorator.py
[2026-02-14T15:51:13.654+0000] {processor.py:830} INFO - Processing file /home/airflow/.local/lib/python3.12/site-packages/airflow/example_dags/example_python_decorator.py for tasks to queue
[2026-02-14T15:51:13.656+0000] {logging_mixin.py:188} INFO - [2026-02-14T15:51:13.656+0000] {dagbag.py:545} INFO - Filling up the DagBag from /home/airflow/.local/lib/python3.12/site-packages/airflow/example_dags/example_python_decorator.py
[2026-02-14T15:51:13.663+0000] {processor.py:840} INFO - DAG(s) 'example_python_decorator' retrieved from /home/airflow/.local/lib/python3.12/site-packages/airflow/example_dags/example_python_decorator.py
[2026-02-14T15:51:13.672+0000] {logging_mixin.py:188} INFO - [2026-02-14T15:51:13.672+0000] {dag.py:3089} INFO - Sync 1 DAGs
[2026-02-14T15:51:13.679+0000] {logging_mixin.py:188} INFO - [2026-02-14T15:51:13.679+0000] {dag.py:3947} INFO - Setting next_dagrun for example_python_decorator to None, run_after=None
[2026-02-14T15:51:13.691+0000] {processor.py:183} INFO - Processing /home/airflow/.local/lib/python3.12/site-packages/airflow/example_dags/example_python_decorator.py took 0.040 seconds
[2026-02-14T15:51:44.165+0000] {processor.py:161} INFO - Started process (PID=657) to work on /home/airflow/.local/lib/python3.12/site-packages/airflow/example_dags/example_python_decorator.py
[2026-02-14T15:51:44.166+0000] {processor.py:830} INFO - Processing file /home/airflow/.local/lib/python3.12/site-packages/airflow/example_dags/example_python_decorator.py for tasks to queue
[2026-02-14T15:51:44.166+0000] {logging_mixin.py:188} INFO - [2026-02-14T15:51:44.166+0000] {dagbag.py:545} INFO - Filling up the DagBag from /home/airflow/.local/lib/python3.12/site-packages/airflow/example_dags/example_python_decorator.py
[2026-02-14T15:51:44.172+0000] {processor.py:840} INFO - DAG(s) 'example_python_decorator' retrieved from /home/airflow/.local/lib/python3.12/site-packages/airflow/example_dags/example_python_decorator.py
[2026-02-14T15:51:44.182+0000] {logging_mixin.py:188} INFO - [2026-02-14T15:51:44.182+0000] {dag.py:3089} INFO - Sync 1 DAGs
[2026-02-14T15:51:44.188+0000] {logging_mixin.py:188} INFO - [2026-02-14T15:51:44.187+0000] {dag.py:3947} INFO - Setting next_dagrun for example_python_decorator to None, run_after=None
[2026-02-14T15:51:44.194+0000] {processor.py:183} INFO - Processing /home/airflow/.local/lib/python3.12/site-packages/airflow/example_dags/example_python_decorator.py took 0.032 seconds
[2026-02-14T15:52:14.627+0000] {processor.py:161} INFO - Started process (PID=716) to work on /home/airflow/.local/lib/python3.12/site-packages/airflow/example_dags/example_python_decorator.py
[2026-02-14T15:52:14.627+0000] {processor.py:830} INFO - Processing file /home/airflow/.local/lib/python3.12/site-packages/airflow/example_dags/example_python_decorator.py for tasks to queue
[2026-02-14T15:52:14.628+0000] {logging_mixin.py:188} INFO - [2026-02-14T15:52:14.628+0000] {dagbag.py:545} INFO - Filling up the DagBag from /home/airflow/.local/lib/python3.12/site-packages/airflow/example_dags/example_python_decorator.py
[2026-02-14T15:52:14.635+0000] {processor.py:840} INFO - DAG(s) 'example_python_decorator' retrieved from /home/airflow/.local/lib/python3.12/site-packages/airflow/example_dags/example_python_decorator.py
[2026-02-14T15:52:14.646+0000] {logging_mixin.py:188} INFO - [2026-02-14T15:52:14.646+0000] {dag.py:3089} INFO - Sync 1 DAGs
[2026-02-14T15:52:14.653+0000] {logging_mixin.py:188} INFO - [2026-02-14T15:52:14.653+0000] {dag.py:3947} INFO - Setting next_dagrun for example_python_decorator to None, run_after=None
[2026-02-14T15:52:14.659+0000] {processor.py:183} INFO - Processing /home/airflow/.local/lib/python3.12/site-packages/airflow/example_dags/example_python_decorator.py took 0.035 seconds
[2026-02-14T15:52:45.054+0000] {processor.py:161} INFO - Started process (PID=775) to work on /home/airflow/.local/lib/python3.12/site-packages/airflow/example_dags/example_python_decorator.py
[2026-02-14T15:52:45.054+0000] {processor.py:830} INFO - Processing file /home/airflow/.local/lib/python3.12/site-packages/airflow/example_dags/example_python_decorator.py for tasks to queue
[2026-02-14T15:52:45.055+0000] {logging_mixin.py:188} INFO - [2026-02-14T15:52:45.055+0000] {dagbag.py:545} INFO - Filling up the DagBag from /home/airflow/.local/lib/python3.12/site-packages/airflow/example_dags/example_python_decorator.py
[2026-02-14T15:52:45.061+0000] {processor.py:840} INFO - DAG(s) 'example_python_decorator' retrieved from /home/airflow/.local/lib/python3.12/site-packages/airflow/example_dags/example_python_decorator.py
[2026-02-14T15:52:45.072+0000] {logging_mixin.py:188} INFO - [2026-02-14T15:52:45.072+0000] {dag.py:3089} INFO - Sync 1 DAGs
[2026-02-14T15:52:45.076+0000] {logging_mixin.py:188} INFO - [2026-02-14T15:52:45.076+0000] {dag.py:3947} INFO - Setting next_dagrun for example_python_decorator to None, run_after=None
[2026-02-14T15:52:45.083+0000] {processor.py:183} INFO - Processing /home/airflow/.local/lib/python3.12/site-packages/airflow/example_dags/example_python_decorator.py took 0.032 seconds
[2026-02-14T15:53:15.404+0000] {processor.py:161} INFO - Started process (PID=834) to work on /home/airflow/.local/lib/python3.12/site-packages/airflow/example_dags/example_python_decorator.py
[2026-02-14T15:53:15.405+0000] {processor.py:830} INFO - Processing file /home/airflow/.local/lib/python3.12/site-packages/airflow/example_dags/example_python_decorator.py for tasks to queue
[2026-02-14T15:53:15.406+0000] {logging_mixin.py:188} INFO - [2026-02-14T15:53:15.406+0000] {dagbag.py:545} INFO - Filling up the DagBag from /home/airflow/.local/lib/python3.12/site-packages/airflow/example_dags/example_python_decorator.py
[2026-02-14T15:53:15.412+0000] {processor.py:840} INFO - DAG(s) 'example_python_decorator' retrieved from /home/airflow/.local/lib/python3.12/site-packages/airflow/example_dags/example_python_decorator.py
[2026-02-14T15:53:15.421+0000] {logging_mixin.py:188} INFO - [2026-02-14T15:53:15.420+0000] {dag.py:3089} INFO - Sync 1 DAGs
[2026-02-14T15:53:15.426+0000] {logging_mixin.py:188} INFO - [2026-02-14T15:53:15.426+0000] {dag.py:3947} INFO - Setting next_dagrun for example_python_decorator to None, run_after=None
[2026-02-14T15:53:15.432+0000] {processor.py:183} INFO - Processing /home/airflow/.local/lib/python3.12/site-packages/airflow/example_dags/example_python_decorator.py took 0.030 seconds
[2026-02-14T15:53:45.750+0000] {processor.py:161} INFO - Started process (PID=893) to work on /home/airflow/.local/lib/python3.12/site-packages/airflow/example_dags/example_python_decorator.py
[2026-02-14T15:53:45.751+0000] {processor.py:830} INFO - Processing file /home/airflow/.local/lib/python3.12/site-packages/airflow/example_dags/example_python_decorator.py for tasks to queue
[2026-02-14T15:53:45.752+0000] {logging_mixin.py:188} INFO - [2026-02-14T15:53:45.752+0000] {dagbag.py:545} INFO - Filling up the DagBag from /home/airflow/.local/lib/python3.12/site-packages/airflow/example_dags/example_python_decorator.py
[2026-02-14T15:53:45.756+0000] {processor.py:840} INFO - DAG(s) 'example_python_decorator' retrieved from /home/airflow/.local/lib/python3.12/site-packages/airflow/example_dags/example_python_decorator.py
[2026-02-14T15:53:45.766+0000] {logging_mixin.py:188} INFO - [2026-02-14T15:53:45.766+0000] {dag.py:3089} INFO - Sync 1 DAGs
[2026-02-14T15:53:45.770+0000] {logging_mixin.py:188} INFO - [2026-02-14T15:53:45.770+0000] {dag.py:3947} INFO - Setting next_dagrun for example_python_decorator to None, run_after=None
[2026-02-14T15:53:45.776+0000] {processor.py:183} INFO - Processing /home/airflow/.local/lib/python3.12/site-packages/airflow/example_dags/example_python_decorator.py took 0.028 seconds
[2026-02-14T15:54:16.168+0000] {processor.py:161} INFO - Started process (PID=952) to work on /home/airflow/.local/lib/python3.12/site-packages/airflow/example_dags/example_python_decorator.py
[2026-02-14T15:54:16.168+0000] {processor.py:830} INFO - Processing file /home/airflow/.local/lib/python3.12/site-packages/airflow/example_dags/example_python_decorator.py for tasks to queue
[2026-02-14T15:54:16.169+0000] {logging_mixin.py:188} INFO - [2026-02-14T15:54:16.169+0000] {dagbag.py:545} INFO - Filling up the DagBag from /home/airflow/.local/lib/python3.12/site-packages/airflow/example_dags/example_python_decorator.py
[2026-02-14T15:54:16.176+0000] {processor.py:840} INFO - DAG(s) 'example_python_decorator' retrieved from /home/airflow/.local/lib/python3.12/site-packages/airflow/example_dags/example_python_decorator.py
[2026-02-14T15:54:16.185+0000] {logging_mixin.py:188} INFO - [2026-02-14T15:54:16.185+0000] {dag.py:3089} INFO - Sync 1 DAGs
[2026-02-14T15:54:16.190+0000] {logging_mixin.py:188} INFO - [2026-02-14T15:54:16.190+0000] {dag.py:3947} INFO - Setting next_dagrun for example_python_decorator to None, run_after=None
[2026-02-14T15:54:16.198+0000] {processor.py:183} INFO - Processing /home/airflow/.local/lib/python3.12/site-packages/airflow/example_dags/example_python_decorator.py took 0.032 seconds
[2026-02-14T15:54:46.688+0000] {processor.py:161} INFO - Started process (PID=1011) to work on /home/airflow/.local/lib/python3.12/site-packages/airflow/example_dags/example_python_decorator.py
[2026-02-14T15:54:46.690+0000] {processor.py:830} INFO - Processing file /home/airflow/.local/lib/python3.12/site-packages/airflow/example_dags/example_python_decorator.py for tasks to queue
[2026-02-14T15:54:46.691+0000] {logging_mixin.py:188} INFO - [2026-02-14T15:54:46.690+0000] {dagbag.py:545} INFO - Filling up the DagBag from /home/airflow/.local/lib/python3.12/site-packages/airflow/example_dags/example_python_decorator.py
[2026-02-14T15:54:46.696+0000] {processor.py:840} INFO - DAG(s) 'example_python_decorator' retrieved from /home/airflow/.local/lib/python3.12/site-packages/airflow/example_dags/example_python_decorator.py
[2026-02-14T15:54:46.706+0000] {logging_mixin.py:188} INFO - [2026-02-14T15:54:46.706+0000] {dag.py:3089} INFO - Sync 1 DAGs
[2026-02-14T15:54:46.711+0000] {logging_mixin.py:188} INFO - [2026-02-14T15:54:46.711+0000] {dag.py:3947} INFO - Setting next_dagrun for example_python_decorator to None, run_after=None
[2026-02-14T15:54:46.723+0000] {processor.py:183} INFO - Processing /home/airflow/.local/lib/python3.12/site-packages/airflow/example_dags/example_python_decorator.py took 0.038 seconds
[2026-02-14T15:55:17.751+0000] {processor.py:161} INFO - Started process (PID=1070) to work on /home/airflow/.local/lib/python3.12/site-packages/airflow/example_dags/example_python_decorator.py
[2026-02-14T15:55:17.762+0000] {processor.py:830} INFO - Processing file /home/airflow/.local/lib/python3.12/site-packages/airflow/example_dags/example_python_decorator.py for tasks to queue
[2026-02-14T15:55:17.769+0000] {logging_mixin.py:188} INFO - [2026-02-14T15:55:17.768+0000] {dagbag.py:545} INFO - Filling up the DagBag from /home/airflow/.local/lib/python3.12/site-packages/airflow/example_dags/example_python_decorator.py
[2026-02-14T15:55:17.793+0000] {processor.py:840} INFO - DAG(s) 'example_python_decorator' retrieved from /home/airflow/.local/lib/python3.12/site-packages/airflow/example_dags/example_python_decorator.py
[2026-02-14T15:55:17.822+0000] {logging_mixin.py:188} INFO - [2026-02-14T15:55:17.822+0000] {dag.py:3089} INFO - Sync 1 DAGs
[2026-02-14T15:55:17.840+0000] {logging_mixin.py:188} INFO - [2026-02-14T15:55:17.840+0000] {dag.py:3947} INFO - Setting next_dagrun for example_python_decorator to None, run_after=None
[2026-02-14T15:55:17.881+0000] {processor.py:183} INFO - Processing /home/airflow/.local/lib/python3.12/site-packages/airflow/example_dags/example_python_decorator.py took 0.136 seconds
[2026-02-14T15:55:48.618+0000] {processor.py:161} INFO - Started process (PID=1128) to work on /home/airflow/.local/lib/python3.12/site-packages/airflow/example_dags/example_python_decorator.py
[2026-02-14T15:55:48.619+0000] {processor.py:830} INFO - Processing file /home/airflow/.local/lib/python3.12/site-packages/airflow/example_dags/example_python_decorator.py for tasks to queue
[2026-02-14T15:55:48.620+0000] {logging_mixin.py:188} INFO - [2026-02-14T15:55:48.620+0000] {dagbag.py:545} INFO - Filling up the DagBag from /home/airflow/.local/lib/python3.12/site-packages/airflow/example_dags/example_python_decorator.py
[2026-02-14T15:55:48.627+0000] {processor.py:840} INFO - DAG(s) 'example_python_decorator' retrieved from /home/airflow/.local/lib/python3.12/site-packages/airflow/example_dags/example_python_decorator.py
[2026-02-14T15:55:48.638+0000] {logging_mixin.py:188} INFO - [2026-02-14T15:55:48.638+0000] {dag.py:3089} INFO - Sync 1 DAGs
[2026-02-14T15:55:48.644+0000] {logging_mixin.py:188} INFO - [2026-02-14T15:55:48.644+0000] {dag.py:3947} INFO - Setting next_dagrun for example_python_decorator to None, run_after=None
[2026-02-14T15:55:48.652+0000] {processor.py:183} INFO - Processing /home/airflow/.local/lib/python3.12/site-packages/airflow/example_dags/example_python_decorator.py took 0.037 seconds
[2026-02-14T15:56:19.152+0000] {processor.py:161} INFO - Started process (PID=1187) to work on /home/airflow/.local/lib/python3.12/site-packages/airflow/example_dags/example_python_decorator.py
[2026-02-14T15:56:19.152+0000] {processor.py:830} INFO - Processing file /home/airflow/.local/lib/python3.12/site-packages/airflow/example_dags/example_python_decorator.py for tasks to queue
[2026-02-14T15:56:19.154+0000] {logging_mixin.py:188} INFO - [2026-02-14T15:56:19.154+0000] {dagbag.py:545} INFO - Filling up the DagBag from /home/airflow/.local/lib/python3.12/site-packages/airflow/example_dags/example_python_decorator.py
[2026-02-14T15:56:19.159+0000] {processor.py:840} INFO - DAG(s) 'example_python_decorator' retrieved from /home/airflow/.local/lib/python3.12/site-packages/airflow/example_dags/example_python_decorator.py
[2026-02-14T15:56:19.168+0000] {logging_mixin.py:188} INFO - [2026-02-14T15:56:19.168+0000] {dag.py:3089} INFO - Sync 1 DAGs
[2026-02-14T15:56:19.173+0000] {logging_mixin.py:188} INFO - [2026-02-14T15:56:19.173+0000] {dag.py:3947} INFO - Setting next_dagrun for example_python_decorator to None, run_after=None
[2026-02-14T15:56:19.179+0000] {processor.py:183} INFO - Processing /home/airflow/.local/lib/python3.12/site-packages/airflow/example_dags/example_python_decorator.py took 0.030 seconds
[2026-02-14T15:56:49.679+0000] {processor.py:161} INFO - Started process (PID=1246) to work on /home/airflow/.local/lib/python3.12/site-packages/airflow/example_dags/example_python_decorator.py
[2026-02-14T15:56:49.680+0000] {processor.py:830} INFO - Processing file /home/airflow/.local/lib/python3.12/site-packages/airflow/example_dags/example_python_decorator.py for tasks to queue
[2026-02-14T15:56:49.682+0000] {logging_mixin.py:188} INFO - [2026-02-14T15:56:49.681+0000] {dagbag.py:545} INFO - Filling up the DagBag from /home/airflow/.local/lib/python3.12/site-packages/airflow/example_dags/example_python_decorator.py
[2026-02-14T15:56:49.689+0000] {processor.py:840} INFO - DAG(s) 'example_python_decorator' retrieved from /home/airflow/.local/lib/python3.12/site-packages/airflow/example_dags/example_python_decorator.py
[2026-02-14T15:56:49.698+0000] {logging_mixin.py:188} INFO - [2026-02-14T15:56:49.698+0000] {dag.py:3089} INFO - Sync 1 DAGs
[2026-02-14T15:56:49.703+0000] {logging_mixin.py:188} INFO - [2026-02-14T15:56:49.703+0000] {dag.py:3947} INFO - Setting next_dagrun for example_python_decorator to None, run_after=None
[2026-02-14T15:56:49.710+0000] {processor.py:183} INFO - Processing /home/airflow/.local/lib/python3.12/site-packages/airflow/example_dags/example_python_decorator.py took 0.034 seconds
[2026-02-14T15:57:20.400+0000] {processor.py:161} INFO - Started process (PID=1305) to work on /home/airflow/.local/lib/python3.12/site-packages/airflow/example_dags/example_python_decorator.py
[2026-02-14T15:57:20.400+0000] {processor.py:830} INFO - Processing file /home/airflow/.local/lib/python3.12/site-packages/airflow/example_dags/example_python_decorator.py for tasks to queue
[2026-02-14T15:57:20.401+0000] {logging_mixin.py:188} INFO - [2026-02-14T15:57:20.401+0000] {dagbag.py:545} INFO - Filling up the DagBag from /home/airflow/.local/lib/python3.12/site-packages/airflow/example_dags/example_python_decorator.py
[2026-02-14T15:57:20.408+0000] {processor.py:840} INFO - DAG(s) 'example_python_decorator' retrieved from /home/airflow/.local/lib/python3.12/site-packages/airflow/example_dags/example_python_decorator.py
[2026-02-14T15:57:20.418+0000] {logging_mixin.py:188} INFO - [2026-02-14T15:57:20.418+0000] {dag.py:3089} INFO - Sync 1 DAGs
[2026-02-14T15:57:20.423+0000] {logging_mixin.py:188} INFO - [2026-02-14T15:57:20.423+0000] {dag.py:3947} INFO - Setting next_dagrun for example_python_decorator to None, run_after=None
[2026-02-14T15:57:20.430+0000] {processor.py:183} INFO - Processing /home/airflow/.local/lib/python3.12/site-packages/airflow/example_dags/example_python_decorator.py took 0.033 seconds
[2026-02-14T15:57:51.325+0000] {processor.py:161} INFO - Started process (PID=1364) to work on /home/airflow/.local/lib/python3.12/site-packages/airflow/example_dags/example_python_decorator.py
[2026-02-14T15:57:51.326+0000] {processor.py:830} INFO - Processing file /home/airflow/.local/lib/python3.12/site-packages/airflow/example_dags/example_python_decorator.py for tasks to queue
[2026-02-14T15:57:51.327+0000] {logging_mixin.py:188} INFO - [2026-02-14T15:57:51.327+0000] {dagbag.py:545} INFO - Filling up the DagBag from /home/airflow/.local/lib/python3.12/site-packages/airflow/example_dags/example_python_decorator.py
[2026-02-14T15:57:51.334+0000] {processor.py:840} INFO - DAG(s) 'example_python_decorator' retrieved from /home/airflow/.local/lib/python3.12/site-packages/airflow/example_dags/example_python_decorator.py
[2026-02-14T15:57:51.343+0000] {logging_mixin.py:188} INFO - [2026-02-14T15:57:51.343+0000] {dag.py:3089} INFO - Sync 1 DAGs
[2026-02-14T15:57:51.415+0000] {logging_mixin.py:188} INFO - [2026-02-14T15:57:51.415+0000] {dag.py:3947} INFO - Setting next_dagrun for example_python_decorator to None, run_after=None
[2026-02-14T15:57:51.426+0000] {processor.py:183} INFO - Processing /home/airflow/.local/lib/python3.12/site-packages/airflow/example_dags/example_python_decorator.py took 0.103 seconds
[2026-02-14T15:58:22.378+0000] {processor.py:161} INFO - Started process (PID=1423) to work on /home/airflow/.local/lib/python3.12/site-packages/airflow/example_dags/example_python_decorator.py
[2026-02-14T15:58:22.378+0000] {processor.py:830} INFO - Processing file /home/airflow/.local/lib/python3.12/site-packages/airflow/example_dags/example_python_decorator.py for tasks to queue
[2026-02-14T15:58:22.379+0000] {logging_mixin.py:188} INFO - [2026-02-14T15:58:22.379+0000] {dagbag.py:545} INFO - Filling up the DagBag from /home/airflow/.local/lib/python3.12/site-packages/airflow/example_dags/example_python_decorator.py
[2026-02-14T15:58:22.385+0000] {processor.py:840} INFO - DAG(s) 'example_python_decorator' retrieved from /home/airflow/.local/lib/python3.12/site-packages/airflow/example_dags/example_python_decorator.py
[2026-02-14T15:58:22.394+0000] {logging_mixin.py:188} INFO - [2026-02-14T15:58:22.394+0000] {dag.py:3089} INFO - Sync 1 DAGs
[2026-02-14T15:58:22.399+0000] {logging_mixin.py:188} INFO - [2026-02-14T15:58:22.399+0000] {dag.py:3947} INFO - Setting next_dagrun for example_python_decorator to None, run_after=None
[2026-02-14T15:58:22.405+0000] {processor.py:183} INFO - Processing /home/airflow/.local/lib/python3.12/site-packages/airflow/example_dags/example_python_decorator.py took 0.031 seconds
[2026-02-14T15:58:52.800+0000] {processor.py:161} INFO - Started process (PID=1482) to work on /home/airflow/.local/lib/python3.12/site-packages/airflow/example_dags/example_python_decorator.py
[2026-02-14T15:58:52.801+0000] {processor.py:830} INFO - Processing file /home/airflow/.local/lib/python3.12/site-packages/airflow/example_dags/example_python_decorator.py for tasks to queue
[2026-02-14T15:58:52.805+0000] {logging_mixin.py:188} INFO - [2026-02-14T15:58:52.805+0000] {dagbag.py:545} INFO - Filling up the DagBag from /home/airflow/.local/lib/python3.12/site-packages/airflow/example_dags/example_python_decorator.py
[2026-02-14T15:58:52.816+0000] {processor.py:840} INFO - DAG(s) 'example_python_decorator' retrieved from /home/airflow/.local/lib/python3.12/site-packages/airflow/example_dags/example_python_decorator.py
[2026-02-14T15:58:52.827+0000] {logging_mixin.py:188} INFO - [2026-02-14T15:58:52.827+0000] {dag.py:3089} INFO - Sync 1 DAGs
[2026-02-14T15:58:52.834+0000] {logging_mixin.py:188} INFO - [2026-02-14T15:58:52.833+0000] {dag.py:3947} INFO - Setting next_dagrun for example_python_decorator to None, run_after=None
[2026-02-14T15:58:52.843+0000] {processor.py:183} INFO - Processing /home/airflow/.local/lib/python3.12/site-packages/airflow/example_dags/example_python_decorator.py took 0.046 seconds
[2026-02-14T15:59:23.105+0000] {processor.py:161} INFO - Started process (PID=1541) to work on /home/airflow/.local/lib/python3.12/site-packages/airflow/example_dags/example_python_decorator.py
[2026-02-14T15:59:23.107+0000] {processor.py:830} INFO - Processing file /home/airflow/.local/lib/python3.12/site-packages/airflow/example_dags/example_python_decorator.py for tasks to queue
[2026-02-14T15:59:23.109+0000] {logging_mixin.py:188} INFO - [2026-02-14T15:59:23.109+0000] {dagbag.py:545} INFO - Filling up the DagBag from /home/airflow/.local/lib/python3.12/site-packages/airflow/example_dags/example_python_decorator.py
[2026-02-14T15:59:23.115+0000] {processor.py:840} INFO - DAG(s) 'example_python_decorator' retrieved from /home/airflow/.local/lib/python3.12/site-packages/airflow/example_dags/example_python_decorator.py
[2026-02-14T15:59:23.127+0000] {logging_mixin.py:188} INFO - [2026-02-14T15:59:23.127+0000] {dag.py:3089} INFO - Sync 1 DAGs
[2026-02-14T15:59:23.133+0000] {logging_mixin.py:188} INFO - [2026-02-14T15:59:23.133+0000] {dag.py:3947} INFO - Setting next_dagrun for example_python_decorator to None, run_after=None
[2026-02-14T15:59:23.142+0000] {processor.py:183} INFO - Processing /home/airflow/.local/lib/python3.12/site-packages/airflow/example_dags/example_python_decorator.py took 0.041 seconds
[2026-02-14T15:59:53.295+0000] {processor.py:161} INFO - Started process (PID=1600) to work on /home/airflow/.local/lib/python3.12/site-packages/airflow/example_dags/example_python_decorator.py
[2026-02-14T15:59:53.296+0000] {processor.py:830} INFO - Processing file /home/airflow/.local/lib/python3.12/site-packages/airflow/example_dags/example_python_decorator.py for tasks to queue
[2026-02-14T15:59:53.297+0000] {logging_mixin.py:188} INFO - [2026-02-14T15:59:53.297+0000] {dagbag.py:545} INFO - Filling up the DagBag from /home/airflow/.local/lib/python3.12/site-packages/airflow/example_dags/example_python_decorator.py
[2026-02-14T15:59:53.373+0000] {processor.py:840} INFO - DAG(s) 'example_python_decorator' retrieved from /home/airflow/.local/lib/python3.12/site-packages/airflow/example_dags/example_python_decorator.py
[2026-02-14T15:59:53.382+0000] {logging_mixin.py:188} INFO - [2026-02-14T15:59:53.382+0000] {dag.py:3089} INFO - Sync 1 DAGs
[2026-02-14T15:59:53.386+0000] {logging_mixin.py:188} INFO - [2026-02-14T15:59:53.386+0000] {dag.py:3947} INFO - Setting next_dagrun for example_python_decorator to None, run_after=None
[2026-02-14T15:59:53.391+0000] {processor.py:183} INFO - Processing /home/airflow/.local/lib/python3.12/site-packages/airflow/example_dags/example_python_decorator.py took 0.098 seconds
[2026-02-14T16:00:24.185+0000] {processor.py:161} INFO - Started process (PID=1659) to work on /home/airflow/.local/lib/python3.12/site-packages/airflow/example_dags/example_python_decorator.py
[2026-02-14T16:00:24.185+0000] {processor.py:830} INFO - Processing file /home/airflow/.local/lib/python3.12/site-packages/airflow/example_dags/example_python_decorator.py for tasks to queue
[2026-02-14T16:00:24.187+0000] {logging_mixin.py:188} INFO - [2026-02-14T16:00:24.187+0000] {dagbag.py:545} INFO - Filling up the DagBag from /home/airflow/.local/lib/python3.12/site-packages/airflow/example_dags/example_python_decorator.py
[2026-02-14T16:00:24.192+0000] {processor.py:840} INFO - DAG(s) 'example_python_decorator' retrieved from /home/airflow/.local/lib/python3.12/site-packages/airflow/example_dags/example_python_decorator.py
[2026-02-14T16:00:24.202+0000] {logging_mixin.py:188} INFO - [2026-02-14T16:00:24.202+0000] {dag.py:3089} INFO - Sync 1 DAGs
[2026-02-14T16:00:24.207+0000] {logging_mixin.py:188} INFO - [2026-02-14T16:00:24.206+0000] {dag.py:3947} INFO - Setting next_dagrun for example_python_decorator to None, run_after=None
[2026-02-14T16:00:24.213+0000] {processor.py:183} INFO - Processing /home/airflow/.local/lib/python3.12/site-packages/airflow/example_dags/example_python_decorator.py took 0.031 seconds
[2026-02-14T16:00:54.743+0000] {processor.py:161} INFO - Started process (PID=1718) to work on /home/airflow/.local/lib/python3.12/site-packages/airflow/example_dags/example_python_decorator.py
[2026-02-14T16:00:54.744+0000] {processor.py:830} INFO - Processing file /home/airflow/.local/lib/python3.12/site-packages/airflow/example_dags/example_python_decorator.py for tasks to queue
[2026-02-14T16:00:54.746+0000] {logging_mixin.py:188} INFO - [2026-02-14T16:00:54.746+0000] {dagbag.py:545} INFO - Filling up the DagBag from /home/airflow/.local/lib/python3.12/site-packages/airflow/example_dags/example_python_decorator.py
[2026-02-14T16:00:54.753+0000] {processor.py:840} INFO - DAG(s) 'example_python_decorator' retrieved from /home/airflow/.local/lib/python3.12/site-packages/airflow/example_dags/example_python_decorator.py
[2026-02-14T16:00:54.763+0000] {logging_mixin.py:188} INFO - [2026-02-14T16:00:54.763+0000] {dag.py:3089} INFO - Sync 1 DAGs
[2026-02-14T16:00:54.769+0000] {logging_mixin.py:188} INFO - [2026-02-14T16:00:54.769+0000] {dag.py:3947} INFO - Setting next_dagrun for example_python_decorator to None, run_after=None
[2026-02-14T16:00:54.776+0000] {processor.py:183} INFO - Processing /home/airflow/.local/lib/python3.12/site-packages/airflow/example_dags/example_python_decorator.py took 0.036 seconds
[2026-02-14T16:01:25.194+0000] {processor.py:161} INFO - Started process (PID=1777) to work on /home/airflow/.local/lib/python3.12/site-packages/airflow/example_dags/example_python_decorator.py
[2026-02-14T16:01:25.194+0000] {processor.py:830} INFO - Processing file /home/airflow/.local/lib/python3.12/site-packages/airflow/example_dags/example_python_decorator.py for tasks to queue
[2026-02-14T16:01:25.196+0000] {logging_mixin.py:188} INFO - [2026-02-14T16:01:25.196+0000] {dagbag.py:545} INFO - Filling up the DagBag from /home/airflow/.local/lib/python3.12/site-packages/airflow/example_dags/example_python_decorator.py
[2026-02-14T16:01:25.203+0000] {processor.py:840} INFO - DAG(s) 'example_python_decorator' retrieved from /home/airflow/.local/lib/python3.12/site-packages/airflow/example_dags/example_python_decorator.py
[2026-02-14T16:01:25.211+0000] {logging_mixin.py:188} INFO - [2026-02-14T16:01:25.211+0000] {dag.py:3089} INFO - Sync 1 DAGs
[2026-02-14T16:01:25.216+0000] {logging_mixin.py:188} INFO - [2026-02-14T16:01:25.216+0000] {dag.py:3947} INFO - Setting next_dagrun for example_python_decorator to None, run_after=None
[2026-02-14T16:01:25.222+0000] {processor.py:183} INFO - Processing /home/airflow/.local/lib/python3.12/site-packages/airflow/example_dags/example_python_decorator.py took 0.031 seconds
[2026-02-14T16:01:55.526+0000] {processor.py:161} INFO - Started process (PID=1836) to work on /home/airflow/.local/lib/python3.12/site-packages/airflow/example_dags/example_python_decorator.py
[2026-02-14T16:01:55.526+0000] {processor.py:830} INFO - Processing file /home/airflow/.local/lib/python3.12/site-packages/airflow/example_dags/example_python_decorator.py for tasks to queue
[2026-02-14T16:01:55.528+0000] {logging_mixin.py:188} INFO - [2026-02-14T16:01:55.528+0000] {dagbag.py:545} INFO - Filling up the DagBag from /home/airflow/.local/lib/python3.12/site-packages/airflow/example_dags/example_python_decorator.py
[2026-02-14T16:01:55.534+0000] {processor.py:840} INFO - DAG(s) 'example_python_decorator' retrieved from /home/airflow/.local/lib/python3.12/site-packages/airflow/example_dags/example_python_decorator.py
[2026-02-14T16:01:55.542+0000] {logging_mixin.py:188} INFO - [2026-02-14T16:01:55.542+0000] {dag.py:3089} INFO - Sync 1 DAGs
[2026-02-14T16:01:55.549+0000] {logging_mixin.py:188} INFO - [2026-02-14T16:01:55.549+0000] {dag.py:3947} INFO - Setting next_dagrun for example_python_decorator to None, run_after=None
[2026-02-14T16:01:55.555+0000] {processor.py:183} INFO - Processing /home/airflow/.local/lib/python3.12/site-packages/airflow/example_dags/example_python_decorator.py took 0.031 seconds
[2026-02-14T16:02:25.969+0000] {processor.py:161} INFO - Started process (PID=1895) to work on /home/airflow/.local/lib/python3.12/site-packages/airflow/example_dags/example_python_decorator.py
[2026-02-14T16:02:25.969+0000] {processor.py:830} INFO - Processing file /home/airflow/.local/lib/python3.12/site-packages/airflow/example_dags/example_python_decorator.py for tasks to queue
[2026-02-14T16:02:25.971+0000] {logging_mixin.py:188} INFO - [2026-02-14T16:02:25.971+0000] {dagbag.py:545} INFO - Filling up the DagBag from /home/airflow/.local/lib/python3.12/site-packages/airflow/example_dags/example_python_decorator.py
[2026-02-14T16:02:25.978+0000] {processor.py:840} INFO - DAG(s) 'example_python_decorator' retrieved from /home/airflow/.local/lib/python3.12/site-packages/airflow/example_dags/example_python_decorator.py
[2026-02-14T16:02:25.989+0000] {logging_mixin.py:188} INFO - [2026-02-14T16:02:25.989+0000] {dag.py:3089} INFO - Sync 1 DAGs
[2026-02-14T16:02:25.994+0000] {logging_mixin.py:188} INFO - [2026-02-14T16:02:25.994+0000] {dag.py:3947} INFO - Setting next_dagrun for example_python_decorator to None, run_after=None
[2026-02-14T16:02:26.001+0000] {processor.py:183} INFO - Processing /home/airflow/.local/lib/python3.12/site-packages/airflow/example_dags/example_python_decorator.py took 0.039 seconds
[2026-02-14T16:02:56.462+0000] {processor.py:161} INFO - Started process (PID=1954) to work on /home/airflow/.local/lib/python3.12/site-packages/airflow/example_dags/example_python_decorator.py
[2026-02-14T16:02:56.462+0000] {processor.py:830} INFO - Processing file /home/airflow/.local/lib/python3.12/site-packages/airflow/example_dags/example_python_decorator.py for tasks to queue
[2026-02-14T16:02:56.463+0000] {logging_mixin.py:188} INFO - [2026-02-14T16:02:56.463+0000] {dagbag.py:545} INFO - Filling up the DagBag from /home/airflow/.local/lib/python3.12/site-packages/airflow/example_dags/example_python_decorator.py
[2026-02-14T16:02:56.468+0000] {processor.py:840} INFO - DAG(s) 'example_python_decorator' retrieved from /home/airflow/.local/lib/python3.12/site-packages/airflow/example_dags/example_python_decorator.py
[2026-02-14T16:02:56.477+0000] {logging_mixin.py:188} INFO - [2026-02-14T16:02:56.476+0000] {dag.py:3089} INFO - Sync 1 DAGs
[2026-02-14T16:02:56.481+0000] {logging_mixin.py:188} INFO - [2026-02-14T16:02:56.481+0000] {dag.py:3947} INFO - Setting next_dagrun for example_python_decorator to None, run_after=None
[2026-02-14T16:02:56.488+0000] {processor.py:183} INFO - Processing /home/airflow/.local/lib/python3.12/site-packages/airflow/example_dags/example_python_decorator.py took 0.028 seconds
[2026-02-14T16:03:27.015+0000] {processor.py:161} INFO - Started process (PID=2013) to work on /home/airflow/.local/lib/python3.12/site-packages/airflow/example_dags/example_python_decorator.py
[2026-02-14T16:03:27.016+0000] {processor.py:830} INFO - Processing file /home/airflow/.local/lib/python3.12/site-packages/airflow/example_dags/example_python_decorator.py for tasks to queue
[2026-02-14T16:03:27.019+0000] {logging_mixin.py:188} INFO - [2026-02-14T16:03:27.018+0000] {dagbag.py:545} INFO - Filling up the DagBag from /home/airflow/.local/lib/python3.12/site-packages/airflow/example_dags/example_python_decorator.py
[2026-02-14T16:03:27.027+0000] {processor.py:840} INFO - DAG(s) 'example_python_decorator' retrieved from /home/airflow/.local/lib/python3.12/site-packages/airflow/example_dags/example_python_decorator.py
[2026-02-14T16:03:27.037+0000] {logging_mixin.py:188} INFO - [2026-02-14T16:03:27.036+0000] {dag.py:3089} INFO - Sync 1 DAGs
[2026-02-14T16:03:27.042+0000] {logging_mixin.py:188} INFO - [2026-02-14T16:03:27.042+0000] {dag.py:3947} INFO - Setting next_dagrun for example_python_decorator to None, run_after=None
[2026-02-14T16:03:27.050+0000] {processor.py:183} INFO - Processing /home/airflow/.local/lib/python3.12/site-packages/airflow/example_dags/example_python_decorator.py took 0.037 seconds
[2026-02-14T16:03:57.588+0000] {processor.py:161} INFO - Started process (PID=2072) to work on /home/airflow/.local/lib/python3.12/site-packages/airflow/example_dags/example_python_decorator.py
[2026-02-14T16:03:57.589+0000] {processor.py:830} INFO - Processing file /home/airflow/.local/lib/python3.12/site-packages/airflow/example_dags/example_python_decorator.py for tasks to queue
[2026-02-14T16:03:57.592+0000] {logging_mixin.py:188} INFO - [2026-02-14T16:03:57.592+0000] {dagbag.py:545} INFO - Filling up the DagBag from /home/airflow/.local/lib/python3.12/site-packages/airflow/example_dags/example_python_decorator.py
[2026-02-14T16:03:57.607+0000] {processor.py:840} INFO - DAG(s) 'example_python_decorator' retrieved from /home/airflow/.local/lib/python3.12/site-packages/airflow/example_dags/example_python_decorator.py
[2026-02-14T16:03:57.626+0000] {logging_mixin.py:188} INFO - [2026-02-14T16:03:57.626+0000] {dag.py:3089} INFO - Sync 1 DAGs
[2026-02-14T16:03:57.636+0000] {logging_mixin.py:188} INFO - [2026-02-14T16:03:57.635+0000] {dag.py:3947} INFO - Setting next_dagrun for example_python_decorator to None, run_after=None
[2026-02-14T16:03:57.649+0000] {processor.py:183} INFO - Processing /home/airflow/.local/lib/python3.12/site-packages/airflow/example_dags/example_python_decorator.py took 0.064 seconds
[2026-02-14T16:04:28.257+0000] {processor.py:161} INFO - Started process (PID=2131) to work on /home/airflow/.local/lib/python3.12/site-packages/airflow/example_dags/example_python_decorator.py
[2026-02-14T16:04:28.258+0000] {processor.py:830} INFO - Processing file /home/airflow/.local/lib/python3.12/site-packages/airflow/example_dags/example_python_decorator.py for tasks to queue
[2026-02-14T16:04:28.259+0000] {logging_mixin.py:188} INFO - [2026-02-14T16:04:28.259+0000] {dagbag.py:545} INFO - Filling up the DagBag from /home/airflow/.local/lib/python3.12/site-packages/airflow/example_dags/example_python_decorator.py
[2026-02-14T16:04:28.265+0000] {processor.py:840} INFO - DAG(s) 'example_python_decorator' retrieved from /home/airflow/.local/lib/python3.12/site-packages/airflow/example_dags/example_python_decorator.py
[2026-02-14T16:04:28.279+0000] {logging_mixin.py:188} INFO - [2026-02-14T16:04:28.279+0000] {dag.py:3089} INFO - Sync 1 DAGs
[2026-02-14T16:04:28.286+0000] {logging_mixin.py:188} INFO - [2026-02-14T16:04:28.286+0000] {dag.py:3947} INFO - Setting next_dagrun for example_python_decorator to None, run_after=None
[2026-02-14T16:04:28.296+0000] {processor.py:183} INFO - Processing /home/airflow/.local/lib/python3.12/site-packages/airflow/example_dags/example_python_decorator.py took 0.042 seconds
[2026-02-14T16:04:58.709+0000] {processor.py:161} INFO - Started process (PID=2190) to work on /home/airflow/.local/lib/python3.12/site-packages/airflow/example_dags/example_python_decorator.py
[2026-02-14T16:04:58.709+0000] {processor.py:830} INFO - Processing file /home/airflow/.local/lib/python3.12/site-packages/airflow/example_dags/example_python_decorator.py for tasks to queue
[2026-02-14T16:04:58.712+0000] {logging_mixin.py:188} INFO - [2026-02-14T16:04:58.711+0000] {dagbag.py:545} INFO - Filling up the DagBag from /home/airflow/.local/lib/python3.12/site-packages/airflow/example_dags/example_python_decorator.py
[2026-02-14T16:04:58.718+0000] {processor.py:840} INFO - DAG(s) 'example_python_decorator' retrieved from /home/airflow/.local/lib/python3.12/site-packages/airflow/example_dags/example_python_decorator.py
[2026-02-14T16:04:58.726+0000] {logging_mixin.py:188} INFO - [2026-02-14T16:04:58.726+0000] {dag.py:3089} INFO - Sync 1 DAGs
[2026-02-14T16:04:58.730+0000] {logging_mixin.py:188} INFO - [2026-02-14T16:04:58.730+0000] {dag.py:3947} INFO - Setting next_dagrun for example_python_decorator to None, run_after=None
[2026-02-14T16:04:58.739+0000] {processor.py:183} INFO - Processing /home/airflow/.local/lib/python3.12/site-packages/airflow/example_dags/example_python_decorator.py took 0.033 seconds
[2026-02-14T16:05:29.234+0000] {processor.py:161} INFO - Started process (PID=2249) to work on /home/airflow/.local/lib/python3.12/site-packages/airflow/example_dags/example_python_decorator.py
[2026-02-14T16:05:29.234+0000] {processor.py:830} INFO - Processing file /home/airflow/.local/lib/python3.12/site-packages/airflow/example_dags/example_python_decorator.py for tasks to queue
[2026-02-14T16:05:29.236+0000] {logging_mixin.py:188} INFO - [2026-02-14T16:05:29.235+0000] {dagbag.py:545} INFO - Filling up the DagBag from /home/airflow/.local/lib/python3.12/site-packages/airflow/example_dags/example_python_decorator.py
[2026-02-14T16:05:29.241+0000] {processor.py:840} INFO - DAG(s) 'example_python_decorator' retrieved from /home/airflow/.local/lib/python3.12/site-packages/airflow/example_dags/example_python_decorator.py
[2026-02-14T16:05:29.254+0000] {logging_mixin.py:188} INFO - [2026-02-14T16:05:29.254+0000] {dag.py:3089} INFO - Sync 1 DAGs
[2026-02-14T16:05:29.259+0000] {logging_mixin.py:188} INFO - [2026-02-14T16:05:29.259+0000] {dag.py:3947} INFO - Setting next_dagrun for example_python_decorator to None, run_after=None
[2026-02-14T16:05:29.271+0000] {processor.py:183} INFO - Processing /home/airflow/.local/lib/python3.12/site-packages/airflow/example_dags/example_python_decorator.py took 0.040 seconds
[2026-02-14T16:05:59.718+0000] {processor.py:161} INFO - Started process (PID=2308) to work on /home/airflow/.local/lib/python3.12/site-packages/airflow/example_dags/example_python_decorator.py
[2026-02-14T16:05:59.719+0000] {processor.py:830} INFO - Processing file /home/airflow/.local/lib/python3.12/site-packages/airflow/example_dags/example_python_decorator.py for tasks to queue
[2026-02-14T16:05:59.720+0000] {logging_mixin.py:188} INFO - [2026-02-14T16:05:59.720+0000] {dagbag.py:545} INFO - Filling up the DagBag from /home/airflow/.local/lib/python3.12/site-packages/airflow/example_dags/example_python_decorator.py
[2026-02-14T16:05:59.727+0000] {processor.py:840} INFO - DAG(s) 'example_python_decorator' retrieved from /home/airflow/.local/lib/python3.12/site-packages/airflow/example_dags/example_python_decorator.py
[2026-02-14T16:05:59.737+0000] {logging_mixin.py:188} INFO - [2026-02-14T16:05:59.737+0000] {dag.py:3089} INFO - Sync 1 DAGs
[2026-02-14T16:05:59.742+0000] {logging_mixin.py:188} INFO - [2026-02-14T16:05:59.741+0000] {dag.py:3947} INFO - Setting next_dagrun for example_python_decorator to None, run_after=None
[2026-02-14T16:05:59.750+0000] {processor.py:183} INFO - Processing /home/airflow/.local/lib/python3.12/site-packages/airflow/example_dags/example_python_decorator.py took 0.034 seconds
[2026-02-14T16:06:30.171+0000] {processor.py:161} INFO - Started process (PID=2367) to work on /home/airflow/.local/lib/python3.12/site-packages/airflow/example_dags/example_python_decorator.py
[2026-02-14T16:06:30.172+0000] {processor.py:830} INFO - Processing file /home/airflow/.local/lib/python3.12/site-packages/airflow/example_dags/example_python_decorator.py for tasks to queue
[2026-02-14T16:06:30.173+0000] {logging_mixin.py:188} INFO - [2026-02-14T16:06:30.173+0000] {dagbag.py:545} INFO - Filling up the DagBag from /home/airflow/.local/lib/python3.12/site-packages/airflow/example_dags/example_python_decorator.py
[2026-02-14T16:06:30.180+0000] {processor.py:840} INFO - DAG(s) 'example_python_decorator' retrieved from /home/airflow/.local/lib/python3.12/site-packages/airflow/example_dags/example_python_decorator.py
[2026-02-14T16:06:30.192+0000] {logging_mixin.py:188} INFO - [2026-02-14T16:06:30.191+0000] {dag.py:3089} INFO - Sync 1 DAGs
[2026-02-14T16:06:30.202+0000] {logging_mixin.py:188} INFO - [2026-02-14T16:06:30.202+0000] {dag.py:3947} INFO - Setting next_dagrun for example_python_decorator to None, run_after=None
[2026-02-14T16:06:30.213+0000] {processor.py:183} INFO - Processing /home/airflow/.local/lib/python3.12/site-packages/airflow/example_dags/example_python_decorator.py took 0.047 seconds
[2026-02-14T16:07:01.101+0000] {processor.py:161} INFO - Started process (PID=2426) to work on /home/airflow/.local/lib/python3.12/site-packages/airflow/example_dags/example_python_decorator.py
[2026-02-14T16:07:01.101+0000] {processor.py:830} INFO - Processing file /home/airflow/.local/lib/python3.12/site-packages/airflow/example_dags/example_python_decorator.py for tasks to queue
[2026-02-14T16:07:01.103+0000] {logging_mixin.py:188} INFO - [2026-02-14T16:07:01.103+0000] {dagbag.py:545} INFO - Filling up the DagBag from /home/airflow/.local/lib/python3.12/site-packages/airflow/example_dags/example_python_decorator.py
[2026-02-14T16:07:01.113+0000] {processor.py:840} INFO - DAG(s) 'example_python_decorator' retrieved from /home/airflow/.local/lib/python3.12/site-packages/airflow/example_dags/example_python_decorator.py
[2026-02-14T16:07:01.123+0000] {logging_mixin.py:188} INFO - [2026-02-14T16:07:01.123+0000] {dag.py:3089} INFO - Sync 1 DAGs
[2026-02-14T16:07:01.130+0000] {logging_mixin.py:188} INFO - [2026-02-14T16:07:01.130+0000] {dag.py:3947} INFO - Setting next_dagrun for example_python_decorator to None, run_after=None
[2026-02-14T16:07:01.137+0000] {processor.py:183} INFO - Processing /home/airflow/.local/lib/python3.12/site-packages/airflow/example_dags/example_python_decorator.py took 0.040 seconds
[2026-02-14T16:07:31.723+0000] {processor.py:161} INFO - Started process (PID=2485) to work on /home/airflow/.local/lib/python3.12/site-packages/airflow/example_dags/example_python_decorator.py
[2026-02-14T16:07:31.724+0000] {processor.py:830} INFO - Processing file /home/airflow/.local/lib/python3.12/site-packages/airflow/example_dags/example_python_decorator.py for tasks to queue
[2026-02-14T16:07:31.726+0000] {logging_mixin.py:188} INFO - [2026-02-14T16:07:31.725+0000] {dagbag.py:545} INFO - Filling up the DagBag from /home/airflow/.local/lib/python3.12/site-packages/airflow/example_dags/example_python_decorator.py
[2026-02-14T16:07:31.733+0000] {processor.py:840} INFO - DAG(s) 'example_python_decorator' retrieved from /home/airflow/.local/lib/python3.12/site-packages/airflow/example_dags/example_python_decorator.py
[2026-02-14T16:07:31.744+0000] {logging_mixin.py:188} INFO - [2026-02-14T16:07:31.744+0000] {dag.py:3089} INFO - Sync 1 DAGs
[2026-02-14T16:07:31.748+0000] {logging_mixin.py:188} INFO - [2026-02-14T16:07:31.748+0000] {dag.py:3947} INFO - Setting next_dagrun for example_python_decorator to None, run_after=None
[2026-02-14T16:07:31.756+0000] {processor.py:183} INFO - Processing /home/airflow/.local/lib/python3.12/site-packages/airflow/example_dags/example_python_decorator.py took 0.035 seconds
[2026-02-14T16:08:02.483+0000] {processor.py:161} INFO - Started process (PID=2544) to work on /home/airflow/.local/lib/python3.12/site-packages/airflow/example_dags/example_python_decorator.py
[2026-02-14T16:08:02.484+0000] {processor.py:830} INFO - Processing file /home/airflow/.local/lib/python3.12/site-packages/airflow/example_dags/example_python_decorator.py for tasks to queue
[2026-02-14T16:08:02.485+0000] {logging_mixin.py:188} INFO - [2026-02-14T16:08:02.485+0000] {dagbag.py:545} INFO - Filling up the DagBag from /home/airflow/.local/lib/python3.12/site-packages/airflow/example_dags/example_python_decorator.py
[2026-02-14T16:08:02.491+0000] {processor.py:840} INFO - DAG(s) 'example_python_decorator' retrieved from /home/airflow/.local/lib/python3.12/site-packages/airflow/example_dags/example_python_decorator.py
[2026-02-14T16:08:02.503+0000] {logging_mixin.py:188} INFO - [2026-02-14T16:08:02.503+0000] {dag.py:3089} INFO - Sync 1 DAGs
[2026-02-14T16:08:02.509+0000] {logging_mixin.py:188} INFO - [2026-02-14T16:08:02.508+0000] {dag.py:3947} INFO - Setting next_dagrun for example_python_decorator to None, run_after=None
[2026-02-14T16:08:02.515+0000] {processor.py:183} INFO - Processing /home/airflow/.local/lib/python3.12/site-packages/airflow/example_dags/example_python_decorator.py took 0.035 seconds
[2026-02-14T16:08:32.948+0000] {processor.py:161} INFO - Started process (PID=2603) to work on /home/airflow/.local/lib/python3.12/site-packages/airflow/example_dags/example_python_decorator.py
[2026-02-14T16:08:32.949+0000] {processor.py:830} INFO - Processing file /home/airflow/.local/lib/python3.12/site-packages/airflow/example_dags/example_python_decorator.py for tasks to queue
[2026-02-14T16:08:32.951+0000] {logging_mixin.py:188} INFO - [2026-02-14T16:08:32.951+0000] {dagbag.py:545} INFO - Filling up the DagBag from /home/airflow/.local/lib/python3.12/site-packages/airflow/example_dags/example_python_decorator.py
[2026-02-14T16:08:32.957+0000] {processor.py:840} INFO - DAG(s) 'example_python_decorator' retrieved from /home/airflow/.local/lib/python3.12/site-packages/airflow/example_dags/example_python_decorator.py
[2026-02-14T16:08:32.966+0000] {logging_mixin.py:188} INFO - [2026-02-14T16:08:32.966+0000] {dag.py:3089} INFO - Sync 1 DAGs
[2026-02-14T16:08:32.971+0000] {logging_mixin.py:188} INFO - [2026-02-14T16:08:32.971+0000] {dag.py:3947} INFO - Setting next_dagrun for example_python_decorator to None, run_after=None
[2026-02-14T16:08:32.977+0000] {processor.py:183} INFO - Processing /home/airflow/.local/lib/python3.12/site-packages/airflow/example_dags/example_python_decorator.py took 0.031 seconds
[2026-02-14T16:09:03.395+0000] {processor.py:161} INFO - Started process (PID=2662) to work on /home/airflow/.local/lib/python3.12/site-packages/airflow/example_dags/example_python_decorator.py
[2026-02-14T16:09:03.395+0000] {processor.py:830} INFO - Processing file /home/airflow/.local/lib/python3.12/site-packages/airflow/example_dags/example_python_decorator.py for tasks to queue
[2026-02-14T16:09:03.397+0000] {logging_mixin.py:188} INFO - [2026-02-14T16:09:03.397+0000] {dagbag.py:545} INFO - Filling up the DagBag from /home/airflow/.local/lib/python3.12/site-packages/airflow/example_dags/example_python_decorator.py
[2026-02-14T16:09:03.403+0000] {processor.py:840} INFO - DAG(s) 'example_python_decorator' retrieved from /home/airflow/.local/lib/python3.12/site-packages/airflow/example_dags/example_python_decorator.py
[2026-02-14T16:09:03.414+0000] {logging_mixin.py:188} INFO - [2026-02-14T16:09:03.414+0000] {dag.py:3089} INFO - Sync 1 DAGs
[2026-02-14T16:09:03.419+0000] {logging_mixin.py:188} INFO - [2026-02-14T16:09:03.418+0000] {dag.py:3947} INFO - Setting next_dagrun for example_python_decorator to None, run_after=None
[2026-02-14T16:09:03.427+0000] {processor.py:183} INFO - Processing /home/airflow/.local/lib/python3.12/site-packages/airflow/example_dags/example_python_decorator.py took 0.035 seconds
[2026-02-14T16:09:33.829+0000] {processor.py:161} INFO - Started process (PID=2721) to work on /home/airflow/.local/lib/python3.12/site-packages/airflow/example_dags/example_python_decorator.py
[2026-02-14T16:09:33.830+0000] {processor.py:830} INFO - Processing file /home/airflow/.local/lib/python3.12/site-packages/airflow/example_dags/example_python_decorator.py for tasks to queue
[2026-02-14T16:09:33.831+0000] {logging_mixin.py:188} INFO - [2026-02-14T16:09:33.830+0000] {dagbag.py:545} INFO - Filling up the DagBag from /home/airflow/.local/lib/python3.12/site-packages/airflow/example_dags/example_python_decorator.py
[2026-02-14T16:09:33.836+0000] {processor.py:840} INFO - DAG(s) 'example_python_decorator' retrieved from /home/airflow/.local/lib/python3.12/site-packages/airflow/example_dags/example_python_decorator.py
[2026-02-14T16:09:33.845+0000] {logging_mixin.py:188} INFO - [2026-02-14T16:09:33.845+0000] {dag.py:3089} INFO - Sync 1 DAGs
[2026-02-14T16:09:33.850+0000] {logging_mixin.py:188} INFO - [2026-02-14T16:09:33.850+0000] {dag.py:3947} INFO - Setting next_dagrun for example_python_decorator to None, run_after=None
[2026-02-14T16:09:33.856+0000] {processor.py:183} INFO - Processing /home/airflow/.local/lib/python3.12/site-packages/airflow/example_dags/example_python_decorator.py took 0.029 seconds
[2026-02-14T16:10:04.100+0000] {processor.py:161} INFO - Started process (PID=2780) to work on /home/airflow/.local/lib/python3.12/site-packages/airflow/example_dags/example_python_decorator.py
[2026-02-14T16:10:04.100+0000] {processor.py:830} INFO - Processing file /home/airflow/.local/lib/python3.12/site-packages/airflow/example_dags/example_python_decorator.py for tasks to queue
[2026-02-14T16:10:04.101+0000] {logging_mixin.py:188} INFO - [2026-02-14T16:10:04.101+0000] {dagbag.py:545} INFO - Filling up the DagBag from /home/airflow/.local/lib/python3.12/site-packages/airflow/example_dags/example_python_decorator.py
[2026-02-14T16:10:04.106+0000] {processor.py:840} INFO - DAG(s) 'example_python_decorator' retrieved from /home/airflow/.local/lib/python3.12/site-packages/airflow/example_dags/example_python_decorator.py
[2026-02-14T16:10:04.114+0000] {logging_mixin.py:188} INFO - [2026-02-14T16:10:04.114+0000] {dag.py:3089} INFO - Sync 1 DAGs
[2026-02-14T16:10:04.119+0000] {logging_mixin.py:188} INFO - [2026-02-14T16:10:04.119+0000] {dag.py:3947} INFO - Setting next_dagrun for example_python_decorator to None, run_after=None
[2026-02-14T16:10:04.124+0000] {processor.py:183} INFO - Processing /home/airflow/.local/lib/python3.12/site-packages/airflow/example_dags/example_python_decorator.py took 0.027 seconds
[2026-02-14T16:10:34.644+0000] {processor.py:161} INFO - Started process (PID=2838) to work on /home/airflow/.local/lib/python3.12/site-packages/airflow/example_dags/example_python_decorator.py
[2026-02-14T16:10:34.652+0000] {processor.py:830} INFO - Processing file /home/airflow/.local/lib/python3.12/site-packages/airflow/example_dags/example_python_decorator.py for tasks to queue
[2026-02-14T16:10:34.658+0000] {logging_mixin.py:188} INFO - [2026-02-14T16:10:34.657+0000] {dagbag.py:545} INFO - Filling up the DagBag from /home/airflow/.local/lib/python3.12/site-packages/airflow/example_dags/example_python_decorator.py
[2026-02-14T16:10:34.674+0000] {processor.py:840} INFO - DAG(s) 'example_python_decorator' retrieved from /home/airflow/.local/lib/python3.12/site-packages/airflow/example_dags/example_python_decorator.py
[2026-02-14T16:10:34.708+0000] {logging_mixin.py:188} INFO - [2026-02-14T16:10:34.707+0000] {dag.py:3089} INFO - Sync 1 DAGs
[2026-02-14T16:10:34.720+0000] {logging_mixin.py:188} INFO - [2026-02-14T16:10:34.719+0000] {dag.py:3947} INFO - Setting next_dagrun for example_python_decorator to None, run_after=None
[2026-02-14T16:10:34.735+0000] {processor.py:183} INFO - Processing /home/airflow/.local/lib/python3.12/site-packages/airflow/example_dags/example_python_decorator.py took 0.097 seconds
[2026-02-14T16:11:05.570+0000] {processor.py:161} INFO - Started process (PID=2897) to work on /home/airflow/.local/lib/python3.12/site-packages/airflow/example_dags/example_python_decorator.py
[2026-02-14T16:11:05.573+0000] {processor.py:830} INFO - Processing file /home/airflow/.local/lib/python3.12/site-packages/airflow/example_dags/example_python_decorator.py for tasks to queue
[2026-02-14T16:11:05.581+0000] {logging_mixin.py:188} INFO - [2026-02-14T16:11:05.580+0000] {dagbag.py:545} INFO - Filling up the DagBag from /home/airflow/.local/lib/python3.12/site-packages/airflow/example_dags/example_python_decorator.py
[2026-02-14T16:11:05.644+0000] {processor.py:840} INFO - DAG(s) 'example_python_decorator' retrieved from /home/airflow/.local/lib/python3.12/site-packages/airflow/example_dags/example_python_decorator.py
[2026-02-14T16:11:05.692+0000] {logging_mixin.py:188} INFO - [2026-02-14T16:11:05.692+0000] {dag.py:3089} INFO - Sync 1 DAGs
[2026-02-14T16:11:05.714+0000] {logging_mixin.py:188} INFO - [2026-02-14T16:11:05.713+0000] {dag.py:3947} INFO - Setting next_dagrun for example_python_decorator to None, run_after=None
[2026-02-14T16:11:05.736+0000] {processor.py:183} INFO - Processing /home/airflow/.local/lib/python3.12/site-packages/airflow/example_dags/example_python_decorator.py took 0.218 seconds
[2026-02-14T16:11:35.807+0000] {processor.py:161} INFO - Started process (PID=2956) to work on /home/airflow/.local/lib/python3.12/site-packages/airflow/example_dags/example_python_decorator.py
[2026-02-14T16:11:35.812+0000] {processor.py:830} INFO - Processing file /home/airflow/.local/lib/python3.12/site-packages/airflow/example_dags/example_python_decorator.py for tasks to queue
[2026-02-14T16:11:35.813+0000] {logging_mixin.py:188} INFO - [2026-02-14T16:11:35.812+0000] {dagbag.py:545} INFO - Filling up the DagBag from /home/airflow/.local/lib/python3.12/site-packages/airflow/example_dags/example_python_decorator.py
[2026-02-14T16:11:35.829+0000] {processor.py:840} INFO - DAG(s) 'example_python_decorator' retrieved from /home/airflow/.local/lib/python3.12/site-packages/airflow/example_dags/example_python_decorator.py
[2026-02-14T16:11:35.850+0000] {logging_mixin.py:188} INFO - [2026-02-14T16:11:35.850+0000] {dag.py:3089} INFO - Sync 1 DAGs
[2026-02-14T16:11:35.860+0000] {logging_mixin.py:188} INFO - [2026-02-14T16:11:35.860+0000] {dag.py:3947} INFO - Setting next_dagrun for example_python_decorator to None, run_after=None
[2026-02-14T16:11:35.874+0000] {processor.py:183} INFO - Processing /home/airflow/.local/lib/python3.12/site-packages/airflow/example_dags/example_python_decorator.py took 0.070 seconds
[2026-02-14T16:12:05.889+0000] {processor.py:161} INFO - Started process (PID=3015) to work on /home/airflow/.local/lib/python3.12/site-packages/airflow/example_dags/example_python_decorator.py
[2026-02-14T16:12:05.890+0000] {processor.py:830} INFO - Processing file /home/airflow/.local/lib/python3.12/site-packages/airflow/example_dags/example_python_decorator.py for tasks to queue
[2026-02-14T16:12:05.890+0000] {logging_mixin.py:188} INFO - [2026-02-14T16:12:05.890+0000] {dagbag.py:545} INFO - Filling up the DagBag from /home/airflow/.local/lib/python3.12/site-packages/airflow/example_dags/example_python_decorator.py
[2026-02-14T16:12:05.897+0000] {processor.py:840} INFO - DAG(s) 'example_python_decorator' retrieved from /home/airflow/.local/lib/python3.12/site-packages/airflow/example_dags/example_python_decorator.py
[2026-02-14T16:12:05.906+0000] {logging_mixin.py:188} INFO - [2026-02-14T16:12:05.906+0000] {dag.py:3089} INFO - Sync 1 DAGs
[2026-02-14T16:12:05.911+0000] {logging_mixin.py:188} INFO - [2026-02-14T16:12:05.911+0000] {dag.py:3947} INFO - Setting next_dagrun for example_python_decorator to None, run_after=None
[2026-02-14T16:12:05.918+0000] {processor.py:183} INFO - Processing /home/airflow/.local/lib/python3.12/site-packages/airflow/example_dags/example_python_decorator.py took 0.032 seconds
[2026-02-14T16:12:36.435+0000] {processor.py:161} INFO - Started process (PID=3074) to work on /home/airflow/.local/lib/python3.12/site-packages/airflow/example_dags/example_python_decorator.py
[2026-02-14T16:12:36.437+0000] {processor.py:830} INFO - Processing file /home/airflow/.local/lib/python3.12/site-packages/airflow/example_dags/example_python_decorator.py for tasks to queue
[2026-02-14T16:12:36.441+0000] {logging_mixin.py:188} INFO - [2026-02-14T16:12:36.440+0000] {dagbag.py:545} INFO - Filling up the DagBag from /home/airflow/.local/lib/python3.12/site-packages/airflow/example_dags/example_python_decorator.py
[2026-02-14T16:12:36.459+0000] {processor.py:840} INFO - DAG(s) 'example_python_decorator' retrieved from /home/airflow/.local/lib/python3.12/site-packages/airflow/example_dags/example_python_decorator.py
[2026-02-14T16:12:36.481+0000] {logging_mixin.py:188} INFO - [2026-02-14T16:12:36.481+0000] {dag.py:3089} INFO - Sync 1 DAGs
[2026-02-14T16:12:36.493+0000] {logging_mixin.py:188} INFO - [2026-02-14T16:12:36.493+0000] {dag.py:3947} INFO - Setting next_dagrun for example_python_decorator to None, run_after=None
[2026-02-14T16:12:36.515+0000] {processor.py:183} INFO - Processing /home/airflow/.local/lib/python3.12/site-packages/airflow/example_dags/example_python_decorator.py took 0.091 seconds
[2026-02-14T16:13:06.769+0000] {processor.py:161} INFO - Started process (PID=3133) to work on /home/airflow/.local/lib/python3.12/site-packages/airflow/example_dags/example_python_decorator.py
[2026-02-14T16:13:06.770+0000] {processor.py:830} INFO - Processing file /home/airflow/.local/lib/python3.12/site-packages/airflow/example_dags/example_python_decorator.py for tasks to queue
[2026-02-14T16:13:06.771+0000] {logging_mixin.py:188} INFO - [2026-02-14T16:13:06.770+0000] {dagbag.py:545} INFO - Filling up the DagBag from /home/airflow/.local/lib/python3.12/site-packages/airflow/example_dags/example_python_decorator.py
[2026-02-14T16:13:06.776+0000] {processor.py:840} INFO - DAG(s) 'example_python_decorator' retrieved from /home/airflow/.local/lib/python3.12/site-packages/airflow/example_dags/example_python_decorator.py
[2026-02-14T16:13:06.784+0000] {logging_mixin.py:188} INFO - [2026-02-14T16:13:06.784+0000] {dag.py:3089} INFO - Sync 1 DAGs
[2026-02-14T16:13:06.789+0000] {logging_mixin.py:188} INFO - [2026-02-14T16:13:06.789+0000] {dag.py:3947} INFO - Setting next_dagrun for example_python_decorator to None, run_after=None
[2026-02-14T16:13:06.796+0000] {processor.py:183} INFO - Processing /home/airflow/.local/lib/python3.12/site-packages/airflow/example_dags/example_python_decorator.py took 0.029 seconds
[2026-02-14T16:13:37.038+0000] {processor.py:161} INFO - Started process (PID=3192) to work on /home/airflow/.local/lib/python3.12/site-packages/airflow/example_dags/example_python_decorator.py
[2026-02-14T16:13:37.039+0000] {processor.py:830} INFO - Processing file /home/airflow/.local/lib/python3.12/site-packages/airflow/example_dags/example_python_decorator.py for tasks to queue
[2026-02-14T16:13:37.040+0000] {logging_mixin.py:188} INFO - [2026-02-14T16:13:37.040+0000] {dagbag.py:545} INFO - Filling up the DagBag from /home/airflow/.local/lib/python3.12/site-packages/airflow/example_dags/example_python_decorator.py
[2026-02-14T16:13:37.045+0000] {processor.py:840} INFO - DAG(s) 'example_python_decorator' retrieved from /home/airflow/.local/lib/python3.12/site-packages/airflow/example_dags/example_python_decorator.py
[2026-02-14T16:13:37.053+0000] {logging_mixin.py:188} INFO - [2026-02-14T16:13:37.053+0000] {dag.py:3089} INFO - Sync 1 DAGs
[2026-02-14T16:13:37.058+0000] {logging_mixin.py:188} INFO - [2026-02-14T16:13:37.058+0000] {dag.py:3947} INFO - Setting next_dagrun for example_python_decorator to None, run_after=None
[2026-02-14T16:13:37.065+0000] {processor.py:183} INFO - Processing /home/airflow/.local/lib/python3.12/site-packages/airflow/example_dags/example_python_decorator.py took 0.029 seconds
[2026-02-14T16:14:07.792+0000] {processor.py:161} INFO - Started process (PID=3251) to work on /home/airflow/.local/lib/python3.12/site-packages/airflow/example_dags/example_python_decorator.py
[2026-02-14T16:14:07.793+0000] {processor.py:830} INFO - Processing file /home/airflow/.local/lib/python3.12/site-packages/airflow/example_dags/example_python_decorator.py for tasks to queue
[2026-02-14T16:14:07.794+0000] {logging_mixin.py:188} INFO - [2026-02-14T16:14:07.794+0000] {dagbag.py:545} INFO - Filling up the DagBag from /home/airflow/.local/lib/python3.12/site-packages/airflow/example_dags/example_python_decorator.py
[2026-02-14T16:14:07.801+0000] {processor.py:840} INFO - DAG(s) 'example_python_decorator' retrieved from /home/airflow/.local/lib/python3.12/site-packages/airflow/example_dags/example_python_decorator.py
[2026-02-14T16:14:07.815+0000] {logging_mixin.py:188} INFO - [2026-02-14T16:14:07.815+0000] {dag.py:3089} INFO - Sync 1 DAGs
[2026-02-14T16:14:07.833+0000] {logging_mixin.py:188} INFO - [2026-02-14T16:14:07.833+0000] {dag.py:3947} INFO - Setting next_dagrun for example_python_decorator to None, run_after=None
[2026-02-14T16:14:07.848+0000] {processor.py:183} INFO - Processing /home/airflow/.local/lib/python3.12/site-packages/airflow/example_dags/example_python_decorator.py took 0.063 seconds
[2026-02-14T16:14:38.017+0000] {processor.py:161} INFO - Started process (PID=3310) to work on /home/airflow/.local/lib/python3.12/site-packages/airflow/example_dags/example_python_decorator.py
[2026-02-14T16:14:38.017+0000] {processor.py:830} INFO - Processing file /home/airflow/.local/lib/python3.12/site-packages/airflow/example_dags/example_python_decorator.py for tasks to queue
[2026-02-14T16:14:38.018+0000] {logging_mixin.py:188} INFO - [2026-02-14T16:14:38.018+0000] {dagbag.py:545} INFO - Filling up the DagBag from /home/airflow/.local/lib/python3.12/site-packages/airflow/example_dags/example_python_decorator.py
[2026-02-14T16:14:38.025+0000] {processor.py:840} INFO - DAG(s) 'example_python_decorator' retrieved from /home/airflow/.local/lib/python3.12/site-packages/airflow/example_dags/example_python_decorator.py
[2026-02-14T16:14:38.035+0000] {logging_mixin.py:188} INFO - [2026-02-14T16:14:38.035+0000] {dag.py:3089} INFO - Sync 1 DAGs
[2026-02-14T16:14:38.041+0000] {logging_mixin.py:188} INFO - [2026-02-14T16:14:38.041+0000] {dag.py:3947} INFO - Setting next_dagrun for example_python_decorator to None, run_after=None
[2026-02-14T16:14:38.048+0000] {processor.py:183} INFO - Processing /home/airflow/.local/lib/python3.12/site-packages/airflow/example_dags/example_python_decorator.py took 0.034 seconds
[2026-02-14T16:15:09.011+0000] {processor.py:161} INFO - Started process (PID=3369) to work on /home/airflow/.local/lib/python3.12/site-packages/airflow/example_dags/example_python_decorator.py
[2026-02-14T16:15:09.012+0000] {processor.py:830} INFO - Processing file /home/airflow/.local/lib/python3.12/site-packages/airflow/example_dags/example_python_decorator.py for tasks to queue
[2026-02-14T16:15:09.014+0000] {logging_mixin.py:188} INFO - [2026-02-14T16:15:09.014+0000] {dagbag.py:545} INFO - Filling up the DagBag from /home/airflow/.local/lib/python3.12/site-packages/airflow/example_dags/example_python_decorator.py
[2026-02-14T16:15:09.020+0000] {processor.py:840} INFO - DAG(s) 'example_python_decorator' retrieved from /home/airflow/.local/lib/python3.12/site-packages/airflow/example_dags/example_python_decorator.py
[2026-02-14T16:15:09.032+0000] {logging_mixin.py:188} INFO - [2026-02-14T16:15:09.032+0000] {dag.py:3089} INFO - Sync 1 DAGs
[2026-02-14T16:15:09.039+0000] {logging_mixin.py:188} INFO - [2026-02-14T16:15:09.039+0000] {dag.py:3947} INFO - Setting next_dagrun for example_python_decorator to None, run_after=None
[2026-02-14T16:15:09.047+0000] {processor.py:183} INFO - Processing /home/airflow/.local/lib/python3.12/site-packages/airflow/example_dags/example_python_decorator.py took 0.040 seconds
[2026-02-14T16:15:39.576+0000] {processor.py:161} INFO - Started process (PID=3428) to work on /home/airflow/.local/lib/python3.12/site-packages/airflow/example_dags/example_python_decorator.py
[2026-02-14T16:15:39.577+0000] {processor.py:830} INFO - Processing file /home/airflow/.local/lib/python3.12/site-packages/airflow/example_dags/example_python_decorator.py for tasks to queue
[2026-02-14T16:15:39.578+0000] {logging_mixin.py:188} INFO - [2026-02-14T16:15:39.578+0000] {dagbag.py:545} INFO - Filling up the DagBag from /home/airflow/.local/lib/python3.12/site-packages/airflow/example_dags/example_python_decorator.py
[2026-02-14T16:15:39.584+0000] {processor.py:840} INFO - DAG(s) 'example_python_decorator' retrieved from /home/airflow/.local/lib/python3.12/site-packages/airflow/example_dags/example_python_decorator.py
[2026-02-14T16:15:39.635+0000] {logging_mixin.py:188} INFO - [2026-02-14T16:15:39.635+0000] {dag.py:3089} INFO - Sync 1 DAGs
[2026-02-14T16:15:39.646+0000] {logging_mixin.py:188} INFO - [2026-02-14T16:15:39.645+0000] {dag.py:3947} INFO - Setting next_dagrun for example_python_decorator to None, run_after=None
[2026-02-14T16:15:39.669+0000] {processor.py:183} INFO - Processing /home/airflow/.local/lib/python3.12/site-packages/airflow/example_dags/example_python_decorator.py took 0.096 seconds
[2026-02-14T16:16:09.731+0000] {processor.py:161} INFO - Started process (PID=3487) to work on /home/airflow/.local/lib/python3.12/site-packages/airflow/example_dags/example_python_decorator.py
[2026-02-14T16:16:09.732+0000] {processor.py:830} INFO - Processing file /home/airflow/.local/lib/python3.12/site-packages/airflow/example_dags/example_python_decorator.py for tasks to queue
[2026-02-14T16:16:09.734+0000] {logging_mixin.py:188} INFO - [2026-02-14T16:16:09.734+0000] {dagbag.py:545} INFO - Filling up the DagBag from /home/airflow/.local/lib/python3.12/site-packages/airflow/example_dags/example_python_decorator.py
[2026-02-14T16:16:09.743+0000] {processor.py:840} INFO - DAG(s) 'example_python_decorator' retrieved from /home/airflow/.local/lib/python3.12/site-packages/airflow/example_dags/example_python_decorator.py
[2026-02-14T16:16:09.760+0000] {logging_mixin.py:188} INFO - [2026-02-14T16:16:09.760+0000] {dag.py:3089} INFO - Sync 1 DAGs
[2026-02-14T16:16:09.769+0000] {logging_mixin.py:188} INFO - [2026-02-14T16:16:09.769+0000] {dag.py:3947} INFO - Setting next_dagrun for example_python_decorator to None, run_after=None
[2026-02-14T16:16:09.780+0000] {processor.py:183} INFO - Processing /home/airflow/.local/lib/python3.12/site-packages/airflow/example_dags/example_python_decorator.py took 0.052 seconds
[2026-02-14T16:16:40.318+0000] {processor.py:161} INFO - Started process (PID=3546) to work on /home/airflow/.local/lib/python3.12/site-packages/airflow/example_dags/example_python_decorator.py
[2026-02-14T16:16:40.320+0000] {processor.py:830} INFO - Processing file /home/airflow/.local/lib/python3.12/site-packages/airflow/example_dags/example_python_decorator.py for tasks to queue
[2026-02-14T16:16:40.322+0000] {logging_mixin.py:188} INFO - [2026-02-14T16:16:40.322+0000] {dagbag.py:545} INFO - Filling up the DagBag from /home/airflow/.local/lib/python3.12/site-packages/airflow/example_dags/example_python_decorator.py
[2026-02-14T16:16:40.330+0000] {processor.py:840} INFO - DAG(s) 'example_python_decorator' retrieved from /home/airflow/.local/lib/python3.12/site-packages/airflow/example_dags/example_python_decorator.py
[2026-02-14T16:16:40.342+0000] {logging_mixin.py:188} INFO - [2026-02-14T16:16:40.342+0000] {dag.py:3089} INFO - Sync 1 DAGs
[2026-02-14T16:16:40.349+0000] {logging_mixin.py:188} INFO - [2026-02-14T16:16:40.349+0000] {dag.py:3947} INFO - Setting next_dagrun for example_python_decorator to None, run_after=None
[2026-02-14T16:16:40.356+0000] {processor.py:183} INFO - Processing /home/airflow/.local/lib/python3.12/site-packages/airflow/example_dags/example_python_decorator.py took 0.048 seconds
[2026-02-14T16:17:10.857+0000] {processor.py:161} INFO - Started process (PID=3605) to work on /home/airflow/.local/lib/python3.12/site-packages/airflow/example_dags/example_python_decorator.py
[2026-02-14T16:17:10.857+0000] {processor.py:830} INFO - Processing file /home/airflow/.local/lib/python3.12/site-packages/airflow/example_dags/example_python_decorator.py for tasks to queue
[2026-02-14T16:17:10.859+0000] {logging_mixin.py:188} INFO - [2026-02-14T16:17:10.859+0000] {dagbag.py:545} INFO - Filling up the DagBag from /home/airflow/.local/lib/python3.12/site-packages/airflow/example_dags/example_python_decorator.py
[2026-02-14T16:17:10.866+0000] {processor.py:840} INFO - DAG(s) 'example_python_decorator' retrieved from /home/airflow/.local/lib/python3.12/site-packages/airflow/example_dags/example_python_decorator.py
[2026-02-14T16:17:10.877+0000] {logging_mixin.py:188} INFO - [2026-02-14T16:17:10.877+0000] {dag.py:3089} INFO - Sync 1 DAGs
[2026-02-14T16:17:10.884+0000] {logging_mixin.py:188} INFO - [2026-02-14T16:17:10.884+0000] {dag.py:3947} INFO - Setting next_dagrun for example_python_decorator to None, run_after=None
[2026-02-14T16:17:10.891+0000] {processor.py:183} INFO - Processing /home/airflow/.local/lib/python3.12/site-packages/airflow/example_dags/example_python_decorator.py took 0.038 seconds
[2026-02-14T16:17:41.542+0000] {processor.py:161} INFO - Started process (PID=3664) to work on /home/airflow/.local/lib/python3.12/site-packages/airflow/example_dags/example_python_decorator.py
[2026-02-14T16:17:41.543+0000] {processor.py:830} INFO - Processing file /home/airflow/.local/lib/python3.12/site-packages/airflow/example_dags/example_python_decorator.py for tasks to queue
[2026-02-14T16:17:41.544+0000] {logging_mixin.py:188} INFO - [2026-02-14T16:17:41.544+0000] {dagbag.py:545} INFO - Filling up the DagBag from /home/airflow/.local/lib/python3.12/site-packages/airflow/example_dags/example_python_decorator.py
[2026-02-14T16:17:41.550+0000] {processor.py:840} INFO - DAG(s) 'example_python_decorator' retrieved from /home/airflow/.local/lib/python3.12/site-packages/airflow/example_dags/example_python_decorator.py
[2026-02-14T16:17:41.561+0000] {logging_mixin.py:188} INFO - [2026-02-14T16:17:41.560+0000] {dag.py:3089} INFO - Sync 1 DAGs
[2026-02-14T16:17:41.567+0000] {logging_mixin.py:188} INFO - [2026-02-14T16:17:41.566+0000] {dag.py:3947} INFO - Setting next_dagrun for example_python_decorator to None, run_after=None
[2026-02-14T16:17:41.576+0000] {processor.py:183} INFO - Processing /home/airflow/.local/lib/python3.12/site-packages/airflow/example_dags/example_python_decorator.py took 0.038 seconds
[2026-02-14T16:18:12.109+0000] {processor.py:161} INFO - Started process (PID=3723) to work on /home/airflow/.local/lib/python3.12/site-packages/airflow/example_dags/example_python_decorator.py
[2026-02-14T16:18:12.110+0000] {processor.py:830} INFO - Processing file /home/airflow/.local/lib/python3.12/site-packages/airflow/example_dags/example_python_decorator.py for tasks to queue
[2026-02-14T16:18:12.112+0000] {logging_mixin.py:188} INFO - [2026-02-14T16:18:12.111+0000] {dagbag.py:545} INFO - Filling up the DagBag from /home/airflow/.local/lib/python3.12/site-packages/airflow/example_dags/example_python_decorator.py
[2026-02-14T16:18:12.118+0000] {processor.py:840} INFO - DAG(s) 'example_python_decorator' retrieved from /home/airflow/.local/lib/python3.12/site-packages/airflow/example_dags/example_python_decorator.py
[2026-02-14T16:18:12.127+0000] {logging_mixin.py:188} INFO - [2026-02-14T16:18:12.127+0000] {dag.py:3089} INFO - Sync 1 DAGs
[2026-02-14T16:18:12.133+0000] {logging_mixin.py:188} INFO - [2026-02-14T16:18:12.133+0000] {dag.py:3947} INFO - Setting next_dagrun for example_python_decorator to None, run_after=None
[2026-02-14T16:18:12.140+0000] {processor.py:183} INFO - Processing /home/airflow/.local/lib/python3.12/site-packages/airflow/example_dags/example_python_decorator.py took 0.035 seconds
[2026-02-14T16:18:42.846+0000] {processor.py:161} INFO - Started process (PID=3782) to work on /home/airflow/.local/lib/python3.12/site-packages/airflow/example_dags/example_python_decorator.py
[2026-02-14T16:18:42.847+0000] {processor.py:830} INFO - Processing file /home/airflow/.local/lib/python3.12/site-packages/airflow/example_dags/example_python_decorator.py for tasks to queue
[2026-02-14T16:18:42.849+0000] {logging_mixin.py:188} INFO - [2026-02-14T16:18:42.849+0000] {dagbag.py:545} INFO - Filling up the DagBag from /home/airflow/.local/lib/python3.12/site-packages/airflow/example_dags/example_python_decorator.py
[2026-02-14T16:18:42.860+0000] {processor.py:840} INFO - DAG(s) 'example_python_decorator' retrieved from /home/airflow/.local/lib/python3.12/site-packages/airflow/example_dags/example_python_decorator.py
[2026-02-14T16:18:42.871+0000] {logging_mixin.py:188} INFO - [2026-02-14T16:18:42.871+0000] {dag.py:3089} INFO - Sync 1 DAGs
[2026-02-14T16:18:42.877+0000] {logging_mixin.py:188} INFO - [2026-02-14T16:18:42.877+0000] {dag.py:3947} INFO - Setting next_dagrun for example_python_decorator to None, run_after=None
[2026-02-14T16:18:42.887+0000] {processor.py:183} INFO - Processing /home/airflow/.local/lib/python3.12/site-packages/airflow/example_dags/example_python_decorator.py took 0.052 seconds
[2026-02-14T16:19:12.943+0000] {processor.py:161} INFO - Started process (PID=3841) to work on /home/airflow/.local/lib/python3.12/site-packages/airflow/example_dags/example_python_decorator.py
[2026-02-14T16:19:12.944+0000] {processor.py:830} INFO - Processing file /home/airflow/.local/lib/python3.12/site-packages/airflow/example_dags/example_python_decorator.py for tasks to queue
[2026-02-14T16:19:12.945+0000] {logging_mixin.py:188} INFO - [2026-02-14T16:19:12.945+0000] {dagbag.py:545} INFO - Filling up the DagBag from /home/airflow/.local/lib/python3.12/site-packages/airflow/example_dags/example_python_decorator.py
[2026-02-14T16:19:12.953+0000] {processor.py:840} INFO - DAG(s) 'example_python_decorator' retrieved from /home/airflow/.local/lib/python3.12/site-packages/airflow/example_dags/example_python_decorator.py
[2026-02-14T16:19:12.967+0000] {logging_mixin.py:188} INFO - [2026-02-14T16:19:12.967+0000] {dag.py:3089} INFO - Sync 1 DAGs
[2026-02-14T16:19:12.976+0000] {logging_mixin.py:188} INFO - [2026-02-14T16:19:12.976+0000] {dag.py:3947} INFO - Setting next_dagrun for example_python_decorator to None, run_after=None
[2026-02-14T16:19:12.992+0000] {processor.py:183} INFO - Processing /home/airflow/.local/lib/python3.12/site-packages/airflow/example_dags/example_python_decorator.py took 0.055 seconds
[2026-02-14T16:19:43.905+0000] {processor.py:161} INFO - Started process (PID=3906) to work on /home/airflow/.local/lib/python3.12/site-packages/airflow/example_dags/example_python_decorator.py
[2026-02-14T16:19:43.906+0000] {processor.py:830} INFO - Processing file /home/airflow/.local/lib/python3.12/site-packages/airflow/example_dags/example_python_decorator.py for tasks to queue
[2026-02-14T16:19:43.907+0000] {logging_mixin.py:188} INFO - [2026-02-14T16:19:43.907+0000] {dagbag.py:545} INFO - Filling up the DagBag from /home/airflow/.local/lib/python3.12/site-packages/airflow/example_dags/example_python_decorator.py
[2026-02-14T16:19:43.915+0000] {processor.py:840} INFO - DAG(s) 'example_python_decorator' retrieved from /home/airflow/.local/lib/python3.12/site-packages/airflow/example_dags/example_python_decorator.py
[2026-02-14T16:19:43.934+0000] {logging_mixin.py:188} INFO - [2026-02-14T16:19:43.934+0000] {dag.py:3089} INFO - Sync 1 DAGs
[2026-02-14T16:19:43.941+0000] {logging_mixin.py:188} INFO - [2026-02-14T16:19:43.941+0000] {dag.py:3947} INFO - Setting next_dagrun for example_python_decorator to None, run_after=None
[2026-02-14T16:19:43.950+0000] {processor.py:183} INFO - Processing /home/airflow/.local/lib/python3.12/site-packages/airflow/example_dags/example_python_decorator.py took 0.050 seconds
[2026-02-14T16:20:14.385+0000] {processor.py:161} INFO - Started process (PID=3965) to work on /home/airflow/.local/lib/python3.12/site-packages/airflow/example_dags/example_python_decorator.py
[2026-02-14T16:20:14.386+0000] {processor.py:830} INFO - Processing file /home/airflow/.local/lib/python3.12/site-packages/airflow/example_dags/example_python_decorator.py for tasks to queue
[2026-02-14T16:20:14.388+0000] {logging_mixin.py:188} INFO - [2026-02-14T16:20:14.387+0000] {dagbag.py:545} INFO - Filling up the DagBag from /home/airflow/.local/lib/python3.12/site-packages/airflow/example_dags/example_python_decorator.py
[2026-02-14T16:20:14.397+0000] {processor.py:840} INFO - DAG(s) 'example_python_decorator' retrieved from /home/airflow/.local/lib/python3.12/site-packages/airflow/example_dags/example_python_decorator.py
[2026-02-14T16:20:14.411+0000] {logging_mixin.py:188} INFO - [2026-02-14T16:20:14.411+0000] {dag.py:3089} INFO - Sync 1 DAGs
[2026-02-14T16:20:14.420+0000] {logging_mixin.py:188} INFO - [2026-02-14T16:20:14.420+0000] {dag.py:3947} INFO - Setting next_dagrun for example_python_decorator to None, run_after=None
[2026-02-14T16:20:14.437+0000] {processor.py:183} INFO - Processing /home/airflow/.local/lib/python3.12/site-packages/airflow/example_dags/example_python_decorator.py took 0.054 seconds
[2026-02-14T16:20:44.656+0000] {processor.py:161} INFO - Started process (PID=4024) to work on /home/airflow/.local/lib/python3.12/site-packages/airflow/example_dags/example_python_decorator.py
[2026-02-14T16:20:44.657+0000] {processor.py:830} INFO - Processing file /home/airflow/.local/lib/python3.12/site-packages/airflow/example_dags/example_python_decorator.py for tasks to queue
[2026-02-14T16:20:44.658+0000] {logging_mixin.py:188} INFO - [2026-02-14T16:20:44.658+0000] {dagbag.py:545} INFO - Filling up the DagBag from /home/airflow/.local/lib/python3.12/site-packages/airflow/example_dags/example_python_decorator.py
[2026-02-14T16:20:44.666+0000] {processor.py:840} INFO - DAG(s) 'example_python_decorator' retrieved from /home/airflow/.local/lib/python3.12/site-packages/airflow/example_dags/example_python_decorator.py
[2026-02-14T16:20:44.676+0000] {logging_mixin.py:188} INFO - [2026-02-14T16:20:44.676+0000] {dag.py:3089} INFO - Sync 1 DAGs
[2026-02-14T16:20:44.680+0000] {logging_mixin.py:188} INFO - [2026-02-14T16:20:44.680+0000] {dag.py:3947} INFO - Setting next_dagrun for example_python_decorator to None, run_after=None
[2026-02-14T16:20:44.691+0000] {processor.py:183} INFO - Processing /home/airflow/.local/lib/python3.12/site-packages/airflow/example_dags/example_python_decorator.py took 0.038 seconds
[2026-02-14T16:21:15.251+0000] {processor.py:161} INFO - Started process (PID=4083) to work on /home/airflow/.local/lib/python3.12/site-packages/airflow/example_dags/example_python_decorator.py
[2026-02-14T16:21:15.252+0000] {processor.py:830} INFO - Processing file /home/airflow/.local/lib/python3.12/site-packages/airflow/example_dags/example_python_decorator.py for tasks to queue
[2026-02-14T16:21:15.253+0000] {logging_mixin.py:188} INFO - [2026-02-14T16:21:15.253+0000] {dagbag.py:545} INFO - Filling up the DagBag from /home/airflow/.local/lib/python3.12/site-packages/airflow/example_dags/example_python_decorator.py
[2026-02-14T16:21:15.261+0000] {processor.py:840} INFO - DAG(s) 'example_python_decorator' retrieved from /home/airflow/.local/lib/python3.12/site-packages/airflow/example_dags/example_python_decorator.py
[2026-02-14T16:21:15.270+0000] {logging_mixin.py:188} INFO - [2026-02-14T16:21:15.270+0000] {dag.py:3089} INFO - Sync 1 DAGs
[2026-02-14T16:21:15.275+0000] {logging_mixin.py:188} INFO - [2026-02-14T16:21:15.275+0000] {dag.py:3947} INFO - Setting next_dagrun for example_python_decorator to None, run_after=None
[2026-02-14T16:21:15.281+0000] {processor.py:183} INFO - Processing /home/airflow/.local/lib/python3.12/site-packages/airflow/example_dags/example_python_decorator.py took 0.033 seconds
