[2026-02-14T15:46:38.470+0000] {processor.py:161} INFO - Started process (PID=75) to work on /home/airflow/.local/lib/python3.12/site-packages/airflow/example_dags/example_branch_operator.py
[2026-02-14T15:46:38.471+0000] {processor.py:830} INFO - Processing file /home/airflow/.local/lib/python3.12/site-packages/airflow/example_dags/example_branch_operator.py for tasks to queue
[2026-02-14T15:46:38.472+0000] {logging_mixin.py:188} INFO - [2026-02-14T15:46:38.472+0000] {dagbag.py:545} INFO - Filling up the DagBag from /home/airflow/.local/lib/python3.12/site-packages/airflow/example_dags/example_branch_operator.py
[2026-02-14T15:46:38.485+0000] {processor.py:840} INFO - DAG(s) 'example_branch_operator' retrieved from /home/airflow/.local/lib/python3.12/site-packages/airflow/example_dags/example_branch_operator.py
[2026-02-14T15:46:38.492+0000] {logging_mixin.py:188} INFO - [2026-02-14T15:46:38.492+0000] {dag.py:3089} INFO - Sync 1 DAGs
[2026-02-14T15:46:38.508+0000] {logging_mixin.py:188} INFO - [2026-02-14T15:46:38.508+0000] {dag.py:3947} INFO - Setting next_dagrun for example_branch_operator to 2026-02-13 00:00:00+00:00, run_after=2026-02-14 00:00:00+00:00
[2026-02-14T15:46:38.523+0000] {processor.py:183} INFO - Processing /home/airflow/.local/lib/python3.12/site-packages/airflow/example_dags/example_branch_operator.py took 0.055 seconds
[2026-02-14T15:47:09.324+0000] {processor.py:161} INFO - Started process (PID=140) to work on /home/airflow/.local/lib/python3.12/site-packages/airflow/example_dags/example_branch_operator.py
[2026-02-14T15:47:09.325+0000] {processor.py:830} INFO - Processing file /home/airflow/.local/lib/python3.12/site-packages/airflow/example_dags/example_branch_operator.py for tasks to queue
[2026-02-14T15:47:09.326+0000] {logging_mixin.py:188} INFO - [2026-02-14T15:47:09.326+0000] {dagbag.py:545} INFO - Filling up the DagBag from /home/airflow/.local/lib/python3.12/site-packages/airflow/example_dags/example_branch_operator.py
[2026-02-14T15:47:09.332+0000] {processor.py:840} INFO - DAG(s) 'example_branch_operator' retrieved from /home/airflow/.local/lib/python3.12/site-packages/airflow/example_dags/example_branch_operator.py
[2026-02-14T15:47:09.369+0000] {logging_mixin.py:188} INFO - [2026-02-14T15:47:09.369+0000] {dag.py:3089} INFO - Sync 1 DAGs
[2026-02-14T15:47:09.377+0000] {logging_mixin.py:188} INFO - [2026-02-14T15:47:09.377+0000] {dag.py:3947} INFO - Setting next_dagrun for example_branch_operator to 2026-02-13 00:00:00+00:00, run_after=2026-02-14 00:00:00+00:00
[2026-02-14T15:47:09.386+0000] {processor.py:183} INFO - Processing /home/airflow/.local/lib/python3.12/site-packages/airflow/example_dags/example_branch_operator.py took 0.064 seconds
[2026-02-14T15:47:40.130+0000] {processor.py:161} INFO - Started process (PID=199) to work on /home/airflow/.local/lib/python3.12/site-packages/airflow/example_dags/example_branch_operator.py
[2026-02-14T15:47:40.130+0000] {processor.py:830} INFO - Processing file /home/airflow/.local/lib/python3.12/site-packages/airflow/example_dags/example_branch_operator.py for tasks to queue
[2026-02-14T15:47:40.132+0000] {logging_mixin.py:188} INFO - [2026-02-14T15:47:40.131+0000] {dagbag.py:545} INFO - Filling up the DagBag from /home/airflow/.local/lib/python3.12/site-packages/airflow/example_dags/example_branch_operator.py
[2026-02-14T15:47:40.138+0000] {processor.py:840} INFO - DAG(s) 'example_branch_operator' retrieved from /home/airflow/.local/lib/python3.12/site-packages/airflow/example_dags/example_branch_operator.py
[2026-02-14T15:47:40.148+0000] {logging_mixin.py:188} INFO - [2026-02-14T15:47:40.148+0000] {dag.py:3089} INFO - Sync 1 DAGs
[2026-02-14T15:47:40.157+0000] {logging_mixin.py:188} INFO - [2026-02-14T15:47:40.157+0000] {dag.py:3947} INFO - Setting next_dagrun for example_branch_operator to 2026-02-13 00:00:00+00:00, run_after=2026-02-14 00:00:00+00:00
[2026-02-14T15:47:40.163+0000] {processor.py:183} INFO - Processing /home/airflow/.local/lib/python3.12/site-packages/airflow/example_dags/example_branch_operator.py took 0.036 seconds
[2026-02-14T15:48:10.711+0000] {processor.py:161} INFO - Started process (PID=258) to work on /home/airflow/.local/lib/python3.12/site-packages/airflow/example_dags/example_branch_operator.py
[2026-02-14T15:48:10.712+0000] {processor.py:830} INFO - Processing file /home/airflow/.local/lib/python3.12/site-packages/airflow/example_dags/example_branch_operator.py for tasks to queue
[2026-02-14T15:48:10.713+0000] {logging_mixin.py:188} INFO - [2026-02-14T15:48:10.713+0000] {dagbag.py:545} INFO - Filling up the DagBag from /home/airflow/.local/lib/python3.12/site-packages/airflow/example_dags/example_branch_operator.py
[2026-02-14T15:48:10.719+0000] {processor.py:840} INFO - DAG(s) 'example_branch_operator' retrieved from /home/airflow/.local/lib/python3.12/site-packages/airflow/example_dags/example_branch_operator.py
[2026-02-14T15:48:10.732+0000] {logging_mixin.py:188} INFO - [2026-02-14T15:48:10.732+0000] {dag.py:3089} INFO - Sync 1 DAGs
[2026-02-14T15:48:10.740+0000] {logging_mixin.py:188} INFO - [2026-02-14T15:48:10.739+0000] {dag.py:3947} INFO - Setting next_dagrun for example_branch_operator to 2026-02-13 00:00:00+00:00, run_after=2026-02-14 00:00:00+00:00
[2026-02-14T15:48:10.745+0000] {processor.py:183} INFO - Processing /home/airflow/.local/lib/python3.12/site-packages/airflow/example_dags/example_branch_operator.py took 0.036 seconds
[2026-02-14T15:48:41.343+0000] {processor.py:161} INFO - Started process (PID=317) to work on /home/airflow/.local/lib/python3.12/site-packages/airflow/example_dags/example_branch_operator.py
[2026-02-14T15:48:41.343+0000] {processor.py:830} INFO - Processing file /home/airflow/.local/lib/python3.12/site-packages/airflow/example_dags/example_branch_operator.py for tasks to queue
[2026-02-14T15:48:41.345+0000] {logging_mixin.py:188} INFO - [2026-02-14T15:48:41.344+0000] {dagbag.py:545} INFO - Filling up the DagBag from /home/airflow/.local/lib/python3.12/site-packages/airflow/example_dags/example_branch_operator.py
[2026-02-14T15:48:41.351+0000] {processor.py:840} INFO - DAG(s) 'example_branch_operator' retrieved from /home/airflow/.local/lib/python3.12/site-packages/airflow/example_dags/example_branch_operator.py
[2026-02-14T15:48:41.362+0000] {logging_mixin.py:188} INFO - [2026-02-14T15:48:41.362+0000] {dag.py:3089} INFO - Sync 1 DAGs
[2026-02-14T15:48:41.371+0000] {logging_mixin.py:188} INFO - [2026-02-14T15:48:41.371+0000] {dag.py:3947} INFO - Setting next_dagrun for example_branch_operator to 2026-02-13 00:00:00+00:00, run_after=2026-02-14 00:00:00+00:00
[2026-02-14T15:48:41.378+0000] {processor.py:183} INFO - Processing /home/airflow/.local/lib/python3.12/site-packages/airflow/example_dags/example_branch_operator.py took 0.038 seconds
[2026-02-14T15:49:11.997+0000] {processor.py:161} INFO - Started process (PID=376) to work on /home/airflow/.local/lib/python3.12/site-packages/airflow/example_dags/example_branch_operator.py
[2026-02-14T15:49:11.999+0000] {processor.py:830} INFO - Processing file /home/airflow/.local/lib/python3.12/site-packages/airflow/example_dags/example_branch_operator.py for tasks to queue
[2026-02-14T15:49:11.999+0000] {logging_mixin.py:188} INFO - [2026-02-14T15:49:11.999+0000] {dagbag.py:545} INFO - Filling up the DagBag from /home/airflow/.local/lib/python3.12/site-packages/airflow/example_dags/example_branch_operator.py
[2026-02-14T15:49:12.005+0000] {processor.py:840} INFO - DAG(s) 'example_branch_operator' retrieved from /home/airflow/.local/lib/python3.12/site-packages/airflow/example_dags/example_branch_operator.py
[2026-02-14T15:49:12.017+0000] {logging_mixin.py:188} INFO - [2026-02-14T15:49:12.017+0000] {dag.py:3089} INFO - Sync 1 DAGs
[2026-02-14T15:49:12.026+0000] {logging_mixin.py:188} INFO - [2026-02-14T15:49:12.026+0000] {dag.py:3947} INFO - Setting next_dagrun for example_branch_operator to 2026-02-13 00:00:00+00:00, run_after=2026-02-14 00:00:00+00:00
[2026-02-14T15:49:12.033+0000] {processor.py:183} INFO - Processing /home/airflow/.local/lib/python3.12/site-packages/airflow/example_dags/example_branch_operator.py took 0.038 seconds
[2026-02-14T15:49:42.386+0000] {processor.py:161} INFO - Started process (PID=435) to work on /home/airflow/.local/lib/python3.12/site-packages/airflow/example_dags/example_branch_operator.py
[2026-02-14T15:49:42.386+0000] {processor.py:830} INFO - Processing file /home/airflow/.local/lib/python3.12/site-packages/airflow/example_dags/example_branch_operator.py for tasks to queue
[2026-02-14T15:49:42.387+0000] {logging_mixin.py:188} INFO - [2026-02-14T15:49:42.387+0000] {dagbag.py:545} INFO - Filling up the DagBag from /home/airflow/.local/lib/python3.12/site-packages/airflow/example_dags/example_branch_operator.py
[2026-02-14T15:49:42.394+0000] {processor.py:840} INFO - DAG(s) 'example_branch_operator' retrieved from /home/airflow/.local/lib/python3.12/site-packages/airflow/example_dags/example_branch_operator.py
[2026-02-14T15:49:42.406+0000] {logging_mixin.py:188} INFO - [2026-02-14T15:49:42.405+0000] {dag.py:3089} INFO - Sync 1 DAGs
[2026-02-14T15:49:42.413+0000] {logging_mixin.py:188} INFO - [2026-02-14T15:49:42.413+0000] {dag.py:3947} INFO - Setting next_dagrun for example_branch_operator to 2026-02-13 00:00:00+00:00, run_after=2026-02-14 00:00:00+00:00
[2026-02-14T15:49:42.420+0000] {processor.py:183} INFO - Processing /home/airflow/.local/lib/python3.12/site-packages/airflow/example_dags/example_branch_operator.py took 0.037 seconds
[2026-02-14T15:50:12.801+0000] {processor.py:161} INFO - Started process (PID=494) to work on /home/airflow/.local/lib/python3.12/site-packages/airflow/example_dags/example_branch_operator.py
[2026-02-14T15:50:12.802+0000] {processor.py:830} INFO - Processing file /home/airflow/.local/lib/python3.12/site-packages/airflow/example_dags/example_branch_operator.py for tasks to queue
[2026-02-14T15:50:12.802+0000] {logging_mixin.py:188} INFO - [2026-02-14T15:50:12.802+0000] {dagbag.py:545} INFO - Filling up the DagBag from /home/airflow/.local/lib/python3.12/site-packages/airflow/example_dags/example_branch_operator.py
[2026-02-14T15:50:12.809+0000] {processor.py:840} INFO - DAG(s) 'example_branch_operator' retrieved from /home/airflow/.local/lib/python3.12/site-packages/airflow/example_dags/example_branch_operator.py
[2026-02-14T15:50:12.822+0000] {logging_mixin.py:188} INFO - [2026-02-14T15:50:12.822+0000] {dag.py:3089} INFO - Sync 1 DAGs
[2026-02-14T15:50:12.831+0000] {logging_mixin.py:188} INFO - [2026-02-14T15:50:12.831+0000] {dag.py:3947} INFO - Setting next_dagrun for example_branch_operator to 2026-02-13 00:00:00+00:00, run_after=2026-02-14 00:00:00+00:00
[2026-02-14T15:50:12.842+0000] {processor.py:183} INFO - Processing /home/airflow/.local/lib/python3.12/site-packages/airflow/example_dags/example_branch_operator.py took 0.044 seconds
[2026-02-14T15:50:43.254+0000] {processor.py:161} INFO - Started process (PID=553) to work on /home/airflow/.local/lib/python3.12/site-packages/airflow/example_dags/example_branch_operator.py
[2026-02-14T15:50:43.255+0000] {processor.py:830} INFO - Processing file /home/airflow/.local/lib/python3.12/site-packages/airflow/example_dags/example_branch_operator.py for tasks to queue
[2026-02-14T15:50:43.255+0000] {logging_mixin.py:188} INFO - [2026-02-14T15:50:43.255+0000] {dagbag.py:545} INFO - Filling up the DagBag from /home/airflow/.local/lib/python3.12/site-packages/airflow/example_dags/example_branch_operator.py
[2026-02-14T15:50:43.262+0000] {processor.py:840} INFO - DAG(s) 'example_branch_operator' retrieved from /home/airflow/.local/lib/python3.12/site-packages/airflow/example_dags/example_branch_operator.py
[2026-02-14T15:50:43.274+0000] {logging_mixin.py:188} INFO - [2026-02-14T15:50:43.274+0000] {dag.py:3089} INFO - Sync 1 DAGs
[2026-02-14T15:50:43.284+0000] {logging_mixin.py:188} INFO - [2026-02-14T15:50:43.284+0000] {dag.py:3947} INFO - Setting next_dagrun for example_branch_operator to 2026-02-13 00:00:00+00:00, run_after=2026-02-14 00:00:00+00:00
[2026-02-14T15:50:43.291+0000] {processor.py:183} INFO - Processing /home/airflow/.local/lib/python3.12/site-packages/airflow/example_dags/example_branch_operator.py took 0.040 seconds
[2026-02-14T15:51:13.978+0000] {processor.py:161} INFO - Started process (PID=612) to work on /home/airflow/.local/lib/python3.12/site-packages/airflow/example_dags/example_branch_operator.py
[2026-02-14T15:51:13.979+0000] {processor.py:830} INFO - Processing file /home/airflow/.local/lib/python3.12/site-packages/airflow/example_dags/example_branch_operator.py for tasks to queue
[2026-02-14T15:51:13.980+0000] {logging_mixin.py:188} INFO - [2026-02-14T15:51:13.980+0000] {dagbag.py:545} INFO - Filling up the DagBag from /home/airflow/.local/lib/python3.12/site-packages/airflow/example_dags/example_branch_operator.py
[2026-02-14T15:51:13.987+0000] {processor.py:840} INFO - DAG(s) 'example_branch_operator' retrieved from /home/airflow/.local/lib/python3.12/site-packages/airflow/example_dags/example_branch_operator.py
[2026-02-14T15:51:13.997+0000] {logging_mixin.py:188} INFO - [2026-02-14T15:51:13.997+0000] {dag.py:3089} INFO - Sync 1 DAGs
[2026-02-14T15:51:14.008+0000] {logging_mixin.py:188} INFO - [2026-02-14T15:51:14.007+0000] {dag.py:3947} INFO - Setting next_dagrun for example_branch_operator to 2026-02-13 00:00:00+00:00, run_after=2026-02-14 00:00:00+00:00
[2026-02-14T15:51:14.016+0000] {processor.py:183} INFO - Processing /home/airflow/.local/lib/python3.12/site-packages/airflow/example_dags/example_branch_operator.py took 0.040 seconds
[2026-02-14T15:51:44.432+0000] {processor.py:161} INFO - Started process (PID=671) to work on /home/airflow/.local/lib/python3.12/site-packages/airflow/example_dags/example_branch_operator.py
[2026-02-14T15:51:44.432+0000] {processor.py:830} INFO - Processing file /home/airflow/.local/lib/python3.12/site-packages/airflow/example_dags/example_branch_operator.py for tasks to queue
[2026-02-14T15:51:44.433+0000] {logging_mixin.py:188} INFO - [2026-02-14T15:51:44.433+0000] {dagbag.py:545} INFO - Filling up the DagBag from /home/airflow/.local/lib/python3.12/site-packages/airflow/example_dags/example_branch_operator.py
[2026-02-14T15:51:44.439+0000] {processor.py:840} INFO - DAG(s) 'example_branch_operator' retrieved from /home/airflow/.local/lib/python3.12/site-packages/airflow/example_dags/example_branch_operator.py
[2026-02-14T15:51:44.450+0000] {logging_mixin.py:188} INFO - [2026-02-14T15:51:44.450+0000] {dag.py:3089} INFO - Sync 1 DAGs
[2026-02-14T15:51:44.457+0000] {logging_mixin.py:188} INFO - [2026-02-14T15:51:44.457+0000] {dag.py:3947} INFO - Setting next_dagrun for example_branch_operator to 2026-02-13 00:00:00+00:00, run_after=2026-02-14 00:00:00+00:00
[2026-02-14T15:51:44.468+0000] {processor.py:183} INFO - Processing /home/airflow/.local/lib/python3.12/site-packages/airflow/example_dags/example_branch_operator.py took 0.038 seconds
[2026-02-14T15:52:14.922+0000] {processor.py:161} INFO - Started process (PID=730) to work on /home/airflow/.local/lib/python3.12/site-packages/airflow/example_dags/example_branch_operator.py
[2026-02-14T15:52:14.923+0000] {processor.py:830} INFO - Processing file /home/airflow/.local/lib/python3.12/site-packages/airflow/example_dags/example_branch_operator.py for tasks to queue
[2026-02-14T15:52:14.924+0000] {logging_mixin.py:188} INFO - [2026-02-14T15:52:14.923+0000] {dagbag.py:545} INFO - Filling up the DagBag from /home/airflow/.local/lib/python3.12/site-packages/airflow/example_dags/example_branch_operator.py
[2026-02-14T15:52:14.930+0000] {processor.py:840} INFO - DAG(s) 'example_branch_operator' retrieved from /home/airflow/.local/lib/python3.12/site-packages/airflow/example_dags/example_branch_operator.py
[2026-02-14T15:52:14.943+0000] {logging_mixin.py:188} INFO - [2026-02-14T15:52:14.943+0000] {dag.py:3089} INFO - Sync 1 DAGs
[2026-02-14T15:52:14.953+0000] {logging_mixin.py:188} INFO - [2026-02-14T15:52:14.953+0000] {dag.py:3947} INFO - Setting next_dagrun for example_branch_operator to 2026-02-13 00:00:00+00:00, run_after=2026-02-14 00:00:00+00:00
[2026-02-14T15:52:14.965+0000] {processor.py:183} INFO - Processing /home/airflow/.local/lib/python3.12/site-packages/airflow/example_dags/example_branch_operator.py took 0.045 seconds
[2026-02-14T15:52:45.322+0000] {processor.py:161} INFO - Started process (PID=789) to work on /home/airflow/.local/lib/python3.12/site-packages/airflow/example_dags/example_branch_operator.py
[2026-02-14T15:52:45.323+0000] {processor.py:830} INFO - Processing file /home/airflow/.local/lib/python3.12/site-packages/airflow/example_dags/example_branch_operator.py for tasks to queue
[2026-02-14T15:52:45.324+0000] {logging_mixin.py:188} INFO - [2026-02-14T15:52:45.324+0000] {dagbag.py:545} INFO - Filling up the DagBag from /home/airflow/.local/lib/python3.12/site-packages/airflow/example_dags/example_branch_operator.py
[2026-02-14T15:52:45.332+0000] {processor.py:840} INFO - DAG(s) 'example_branch_operator' retrieved from /home/airflow/.local/lib/python3.12/site-packages/airflow/example_dags/example_branch_operator.py
[2026-02-14T15:52:45.344+0000] {logging_mixin.py:188} INFO - [2026-02-14T15:52:45.343+0000] {dag.py:3089} INFO - Sync 1 DAGs
[2026-02-14T15:52:45.351+0000] {logging_mixin.py:188} INFO - [2026-02-14T15:52:45.351+0000] {dag.py:3947} INFO - Setting next_dagrun for example_branch_operator to 2026-02-13 00:00:00+00:00, run_after=2026-02-14 00:00:00+00:00
[2026-02-14T15:52:45.358+0000] {processor.py:183} INFO - Processing /home/airflow/.local/lib/python3.12/site-packages/airflow/example_dags/example_branch_operator.py took 0.038 seconds
[2026-02-14T15:53:15.663+0000] {processor.py:161} INFO - Started process (PID=848) to work on /home/airflow/.local/lib/python3.12/site-packages/airflow/example_dags/example_branch_operator.py
[2026-02-14T15:53:15.664+0000] {processor.py:830} INFO - Processing file /home/airflow/.local/lib/python3.12/site-packages/airflow/example_dags/example_branch_operator.py for tasks to queue
[2026-02-14T15:53:15.664+0000] {logging_mixin.py:188} INFO - [2026-02-14T15:53:15.664+0000] {dagbag.py:545} INFO - Filling up the DagBag from /home/airflow/.local/lib/python3.12/site-packages/airflow/example_dags/example_branch_operator.py
[2026-02-14T15:53:15.670+0000] {processor.py:840} INFO - DAG(s) 'example_branch_operator' retrieved from /home/airflow/.local/lib/python3.12/site-packages/airflow/example_dags/example_branch_operator.py
[2026-02-14T15:53:15.681+0000] {logging_mixin.py:188} INFO - [2026-02-14T15:53:15.681+0000] {dag.py:3089} INFO - Sync 1 DAGs
[2026-02-14T15:53:15.688+0000] {logging_mixin.py:188} INFO - [2026-02-14T15:53:15.688+0000] {dag.py:3947} INFO - Setting next_dagrun for example_branch_operator to 2026-02-13 00:00:00+00:00, run_after=2026-02-14 00:00:00+00:00
[2026-02-14T15:53:15.695+0000] {processor.py:183} INFO - Processing /home/airflow/.local/lib/python3.12/site-packages/airflow/example_dags/example_branch_operator.py took 0.034 seconds
[2026-02-14T15:53:46.047+0000] {processor.py:161} INFO - Started process (PID=907) to work on /home/airflow/.local/lib/python3.12/site-packages/airflow/example_dags/example_branch_operator.py
[2026-02-14T15:53:46.049+0000] {processor.py:830} INFO - Processing file /home/airflow/.local/lib/python3.12/site-packages/airflow/example_dags/example_branch_operator.py for tasks to queue
[2026-02-14T15:53:46.050+0000] {logging_mixin.py:188} INFO - [2026-02-14T15:53:46.050+0000] {dagbag.py:545} INFO - Filling up the DagBag from /home/airflow/.local/lib/python3.12/site-packages/airflow/example_dags/example_branch_operator.py
[2026-02-14T15:53:46.056+0000] {processor.py:840} INFO - DAG(s) 'example_branch_operator' retrieved from /home/airflow/.local/lib/python3.12/site-packages/airflow/example_dags/example_branch_operator.py
[2026-02-14T15:53:46.070+0000] {logging_mixin.py:188} INFO - [2026-02-14T15:53:46.070+0000] {dag.py:3089} INFO - Sync 1 DAGs
[2026-02-14T15:53:46.077+0000] {logging_mixin.py:188} INFO - [2026-02-14T15:53:46.077+0000] {dag.py:3947} INFO - Setting next_dagrun for example_branch_operator to 2026-02-13 00:00:00+00:00, run_after=2026-02-14 00:00:00+00:00
[2026-02-14T15:53:46.084+0000] {processor.py:183} INFO - Processing /home/airflow/.local/lib/python3.12/site-packages/airflow/example_dags/example_branch_operator.py took 0.039 seconds
[2026-02-14T15:54:16.469+0000] {processor.py:161} INFO - Started process (PID=966) to work on /home/airflow/.local/lib/python3.12/site-packages/airflow/example_dags/example_branch_operator.py
[2026-02-14T15:54:16.471+0000] {processor.py:830} INFO - Processing file /home/airflow/.local/lib/python3.12/site-packages/airflow/example_dags/example_branch_operator.py for tasks to queue
[2026-02-14T15:54:16.472+0000] {logging_mixin.py:188} INFO - [2026-02-14T15:54:16.472+0000] {dagbag.py:545} INFO - Filling up the DagBag from /home/airflow/.local/lib/python3.12/site-packages/airflow/example_dags/example_branch_operator.py
[2026-02-14T15:54:16.478+0000] {processor.py:840} INFO - DAG(s) 'example_branch_operator' retrieved from /home/airflow/.local/lib/python3.12/site-packages/airflow/example_dags/example_branch_operator.py
[2026-02-14T15:54:16.489+0000] {logging_mixin.py:188} INFO - [2026-02-14T15:54:16.489+0000] {dag.py:3089} INFO - Sync 1 DAGs
[2026-02-14T15:54:16.496+0000] {logging_mixin.py:188} INFO - [2026-02-14T15:54:16.496+0000] {dag.py:3947} INFO - Setting next_dagrun for example_branch_operator to 2026-02-13 00:00:00+00:00, run_after=2026-02-14 00:00:00+00:00
[2026-02-14T15:54:16.508+0000] {processor.py:183} INFO - Processing /home/airflow/.local/lib/python3.12/site-packages/airflow/example_dags/example_branch_operator.py took 0.041 seconds
[2026-02-14T15:54:46.969+0000] {processor.py:161} INFO - Started process (PID=1025) to work on /home/airflow/.local/lib/python3.12/site-packages/airflow/example_dags/example_branch_operator.py
[2026-02-14T15:54:46.970+0000] {processor.py:830} INFO - Processing file /home/airflow/.local/lib/python3.12/site-packages/airflow/example_dags/example_branch_operator.py for tasks to queue
[2026-02-14T15:54:46.971+0000] {logging_mixin.py:188} INFO - [2026-02-14T15:54:46.970+0000] {dagbag.py:545} INFO - Filling up the DagBag from /home/airflow/.local/lib/python3.12/site-packages/airflow/example_dags/example_branch_operator.py
[2026-02-14T15:54:46.977+0000] {processor.py:840} INFO - DAG(s) 'example_branch_operator' retrieved from /home/airflow/.local/lib/python3.12/site-packages/airflow/example_dags/example_branch_operator.py
[2026-02-14T15:54:46.991+0000] {logging_mixin.py:188} INFO - [2026-02-14T15:54:46.991+0000] {dag.py:3089} INFO - Sync 1 DAGs
[2026-02-14T15:54:46.998+0000] {logging_mixin.py:188} INFO - [2026-02-14T15:54:46.998+0000] {dag.py:3947} INFO - Setting next_dagrun for example_branch_operator to 2026-02-13 00:00:00+00:00, run_after=2026-02-14 00:00:00+00:00
[2026-02-14T15:54:47.005+0000] {processor.py:183} INFO - Processing /home/airflow/.local/lib/python3.12/site-packages/airflow/example_dags/example_branch_operator.py took 0.038 seconds
[2026-02-14T15:55:19.156+0000] {processor.py:161} INFO - Started process (PID=1084) to work on /home/airflow/.local/lib/python3.12/site-packages/airflow/example_dags/example_branch_operator.py
[2026-02-14T15:55:19.160+0000] {processor.py:830} INFO - Processing file /home/airflow/.local/lib/python3.12/site-packages/airflow/example_dags/example_branch_operator.py for tasks to queue
[2026-02-14T15:55:19.162+0000] {logging_mixin.py:188} INFO - [2026-02-14T15:55:19.162+0000] {dagbag.py:545} INFO - Filling up the DagBag from /home/airflow/.local/lib/python3.12/site-packages/airflow/example_dags/example_branch_operator.py
[2026-02-14T15:55:19.187+0000] {processor.py:840} INFO - DAG(s) 'example_branch_operator' retrieved from /home/airflow/.local/lib/python3.12/site-packages/airflow/example_dags/example_branch_operator.py
[2026-02-14T15:55:19.224+0000] {logging_mixin.py:188} INFO - [2026-02-14T15:55:19.224+0000] {dag.py:3089} INFO - Sync 1 DAGs
[2026-02-14T15:55:19.243+0000] {logging_mixin.py:188} INFO - [2026-02-14T15:55:19.243+0000] {dag.py:3947} INFO - Setting next_dagrun for example_branch_operator to 2026-02-13 00:00:00+00:00, run_after=2026-02-14 00:00:00+00:00
[2026-02-14T15:55:19.316+0000] {processor.py:183} INFO - Processing /home/airflow/.local/lib/python3.12/site-packages/airflow/example_dags/example_branch_operator.py took 0.174 seconds
[2026-02-14T15:55:49.981+0000] {processor.py:161} INFO - Started process (PID=1142) to work on /home/airflow/.local/lib/python3.12/site-packages/airflow/example_dags/example_branch_operator.py
[2026-02-14T15:55:49.982+0000] {processor.py:830} INFO - Processing file /home/airflow/.local/lib/python3.12/site-packages/airflow/example_dags/example_branch_operator.py for tasks to queue
[2026-02-14T15:55:49.983+0000] {logging_mixin.py:188} INFO - [2026-02-14T15:55:49.982+0000] {dagbag.py:545} INFO - Filling up the DagBag from /home/airflow/.local/lib/python3.12/site-packages/airflow/example_dags/example_branch_operator.py
[2026-02-14T15:55:49.993+0000] {processor.py:840} INFO - DAG(s) 'example_branch_operator' retrieved from /home/airflow/.local/lib/python3.12/site-packages/airflow/example_dags/example_branch_operator.py
[2026-02-14T15:55:50.004+0000] {logging_mixin.py:188} INFO - [2026-02-14T15:55:50.004+0000] {dag.py:3089} INFO - Sync 1 DAGs
[2026-02-14T15:55:50.011+0000] {logging_mixin.py:188} INFO - [2026-02-14T15:55:50.011+0000] {dag.py:3947} INFO - Setting next_dagrun for example_branch_operator to 2026-02-13 00:00:00+00:00, run_after=2026-02-14 00:00:00+00:00
[2026-02-14T15:55:50.019+0000] {processor.py:183} INFO - Processing /home/airflow/.local/lib/python3.12/site-packages/airflow/example_dags/example_branch_operator.py took 0.041 seconds
[2026-02-14T15:56:20.468+0000] {processor.py:161} INFO - Started process (PID=1201) to work on /home/airflow/.local/lib/python3.12/site-packages/airflow/example_dags/example_branch_operator.py
[2026-02-14T15:56:20.468+0000] {processor.py:830} INFO - Processing file /home/airflow/.local/lib/python3.12/site-packages/airflow/example_dags/example_branch_operator.py for tasks to queue
[2026-02-14T15:56:20.469+0000] {logging_mixin.py:188} INFO - [2026-02-14T15:56:20.469+0000] {dagbag.py:545} INFO - Filling up the DagBag from /home/airflow/.local/lib/python3.12/site-packages/airflow/example_dags/example_branch_operator.py
[2026-02-14T15:56:20.475+0000] {processor.py:840} INFO - DAG(s) 'example_branch_operator' retrieved from /home/airflow/.local/lib/python3.12/site-packages/airflow/example_dags/example_branch_operator.py
[2026-02-14T15:56:20.486+0000] {logging_mixin.py:188} INFO - [2026-02-14T15:56:20.486+0000] {dag.py:3089} INFO - Sync 1 DAGs
[2026-02-14T15:56:20.493+0000] {logging_mixin.py:188} INFO - [2026-02-14T15:56:20.493+0000] {dag.py:3947} INFO - Setting next_dagrun for example_branch_operator to 2026-02-13 00:00:00+00:00, run_after=2026-02-14 00:00:00+00:00
[2026-02-14T15:56:20.502+0000] {processor.py:183} INFO - Processing /home/airflow/.local/lib/python3.12/site-packages/airflow/example_dags/example_branch_operator.py took 0.036 seconds
[2026-02-14T15:56:51.009+0000] {processor.py:161} INFO - Started process (PID=1260) to work on /home/airflow/.local/lib/python3.12/site-packages/airflow/example_dags/example_branch_operator.py
[2026-02-14T15:56:51.010+0000] {processor.py:830} INFO - Processing file /home/airflow/.local/lib/python3.12/site-packages/airflow/example_dags/example_branch_operator.py for tasks to queue
[2026-02-14T15:56:51.011+0000] {logging_mixin.py:188} INFO - [2026-02-14T15:56:51.011+0000] {dagbag.py:545} INFO - Filling up the DagBag from /home/airflow/.local/lib/python3.12/site-packages/airflow/example_dags/example_branch_operator.py
[2026-02-14T15:56:51.021+0000] {processor.py:840} INFO - DAG(s) 'example_branch_operator' retrieved from /home/airflow/.local/lib/python3.12/site-packages/airflow/example_dags/example_branch_operator.py
[2026-02-14T15:56:51.034+0000] {logging_mixin.py:188} INFO - [2026-02-14T15:56:51.034+0000] {dag.py:3089} INFO - Sync 1 DAGs
[2026-02-14T15:56:51.043+0000] {logging_mixin.py:188} INFO - [2026-02-14T15:56:51.043+0000] {dag.py:3947} INFO - Setting next_dagrun for example_branch_operator to 2026-02-13 00:00:00+00:00, run_after=2026-02-14 00:00:00+00:00
[2026-02-14T15:56:51.051+0000] {processor.py:183} INFO - Processing /home/airflow/.local/lib/python3.12/site-packages/airflow/example_dags/example_branch_operator.py took 0.045 seconds
[2026-02-14T15:57:21.741+0000] {processor.py:161} INFO - Started process (PID=1319) to work on /home/airflow/.local/lib/python3.12/site-packages/airflow/example_dags/example_branch_operator.py
[2026-02-14T15:57:21.742+0000] {processor.py:830} INFO - Processing file /home/airflow/.local/lib/python3.12/site-packages/airflow/example_dags/example_branch_operator.py for tasks to queue
[2026-02-14T15:57:21.742+0000] {logging_mixin.py:188} INFO - [2026-02-14T15:57:21.742+0000] {dagbag.py:545} INFO - Filling up the DagBag from /home/airflow/.local/lib/python3.12/site-packages/airflow/example_dags/example_branch_operator.py
[2026-02-14T15:57:21.748+0000] {processor.py:840} INFO - DAG(s) 'example_branch_operator' retrieved from /home/airflow/.local/lib/python3.12/site-packages/airflow/example_dags/example_branch_operator.py
[2026-02-14T15:57:21.756+0000] {logging_mixin.py:188} INFO - [2026-02-14T15:57:21.756+0000] {dag.py:3089} INFO - Sync 1 DAGs
[2026-02-14T15:57:21.763+0000] {logging_mixin.py:188} INFO - [2026-02-14T15:57:21.763+0000] {dag.py:3947} INFO - Setting next_dagrun for example_branch_operator to 2026-02-13 00:00:00+00:00, run_after=2026-02-14 00:00:00+00:00
[2026-02-14T15:57:21.768+0000] {processor.py:183} INFO - Processing /home/airflow/.local/lib/python3.12/site-packages/airflow/example_dags/example_branch_operator.py took 0.030 seconds
[2026-02-14T15:57:52.051+0000] {processor.py:161} INFO - Started process (PID=1378) to work on /home/airflow/.local/lib/python3.12/site-packages/airflow/example_dags/example_branch_operator.py
[2026-02-14T15:57:52.051+0000] {processor.py:830} INFO - Processing file /home/airflow/.local/lib/python3.12/site-packages/airflow/example_dags/example_branch_operator.py for tasks to queue
[2026-02-14T15:57:52.052+0000] {logging_mixin.py:188} INFO - [2026-02-14T15:57:52.052+0000] {dagbag.py:545} INFO - Filling up the DagBag from /home/airflow/.local/lib/python3.12/site-packages/airflow/example_dags/example_branch_operator.py
[2026-02-14T15:57:52.058+0000] {processor.py:840} INFO - DAG(s) 'example_branch_operator' retrieved from /home/airflow/.local/lib/python3.12/site-packages/airflow/example_dags/example_branch_operator.py
[2026-02-14T15:57:52.068+0000] {logging_mixin.py:188} INFO - [2026-02-14T15:57:52.068+0000] {dag.py:3089} INFO - Sync 1 DAGs
[2026-02-14T15:57:52.075+0000] {logging_mixin.py:188} INFO - [2026-02-14T15:57:52.075+0000] {dag.py:3947} INFO - Setting next_dagrun for example_branch_operator to 2026-02-13 00:00:00+00:00, run_after=2026-02-14 00:00:00+00:00
[2026-02-14T15:57:52.081+0000] {processor.py:183} INFO - Processing /home/airflow/.local/lib/python3.12/site-packages/airflow/example_dags/example_branch_operator.py took 0.033 seconds
[2026-02-14T15:58:23.060+0000] {processor.py:161} INFO - Started process (PID=1437) to work on /home/airflow/.local/lib/python3.12/site-packages/airflow/example_dags/example_branch_operator.py
[2026-02-14T15:58:23.061+0000] {processor.py:830} INFO - Processing file /home/airflow/.local/lib/python3.12/site-packages/airflow/example_dags/example_branch_operator.py for tasks to queue
[2026-02-14T15:58:23.061+0000] {logging_mixin.py:188} INFO - [2026-02-14T15:58:23.061+0000] {dagbag.py:545} INFO - Filling up the DagBag from /home/airflow/.local/lib/python3.12/site-packages/airflow/example_dags/example_branch_operator.py
[2026-02-14T15:58:23.068+0000] {processor.py:840} INFO - DAG(s) 'example_branch_operator' retrieved from /home/airflow/.local/lib/python3.12/site-packages/airflow/example_dags/example_branch_operator.py
[2026-02-14T15:58:23.080+0000] {logging_mixin.py:188} INFO - [2026-02-14T15:58:23.080+0000] {dag.py:3089} INFO - Sync 1 DAGs
[2026-02-14T15:58:23.154+0000] {logging_mixin.py:188} INFO - [2026-02-14T15:58:23.154+0000] {dag.py:3947} INFO - Setting next_dagrun for example_branch_operator to 2026-02-13 00:00:00+00:00, run_after=2026-02-14 00:00:00+00:00
[2026-02-14T15:58:23.161+0000] {processor.py:183} INFO - Processing /home/airflow/.local/lib/python3.12/site-packages/airflow/example_dags/example_branch_operator.py took 0.103 seconds
[2026-02-14T15:58:54.157+0000] {processor.py:161} INFO - Started process (PID=1496) to work on /home/airflow/.local/lib/python3.12/site-packages/airflow/example_dags/example_branch_operator.py
[2026-02-14T15:58:54.159+0000] {processor.py:830} INFO - Processing file /home/airflow/.local/lib/python3.12/site-packages/airflow/example_dags/example_branch_operator.py for tasks to queue
[2026-02-14T15:58:54.162+0000] {logging_mixin.py:188} INFO - [2026-02-14T15:58:54.161+0000] {dagbag.py:545} INFO - Filling up the DagBag from /home/airflow/.local/lib/python3.12/site-packages/airflow/example_dags/example_branch_operator.py
[2026-02-14T15:58:54.172+0000] {processor.py:840} INFO - DAG(s) 'example_branch_operator' retrieved from /home/airflow/.local/lib/python3.12/site-packages/airflow/example_dags/example_branch_operator.py
[2026-02-14T15:58:54.188+0000] {logging_mixin.py:188} INFO - [2026-02-14T15:58:54.188+0000] {dag.py:3089} INFO - Sync 1 DAGs
[2026-02-14T15:58:54.197+0000] {logging_mixin.py:188} INFO - [2026-02-14T15:58:54.197+0000] {dag.py:3947} INFO - Setting next_dagrun for example_branch_operator to 2026-02-13 00:00:00+00:00, run_after=2026-02-14 00:00:00+00:00
[2026-02-14T15:58:54.292+0000] {processor.py:183} INFO - Processing /home/airflow/.local/lib/python3.12/site-packages/airflow/example_dags/example_branch_operator.py took 0.138 seconds
[2026-02-14T15:59:24.411+0000] {processor.py:161} INFO - Started process (PID=1555) to work on /home/airflow/.local/lib/python3.12/site-packages/airflow/example_dags/example_branch_operator.py
[2026-02-14T15:59:24.414+0000] {processor.py:830} INFO - Processing file /home/airflow/.local/lib/python3.12/site-packages/airflow/example_dags/example_branch_operator.py for tasks to queue
[2026-02-14T15:59:24.417+0000] {logging_mixin.py:188} INFO - [2026-02-14T15:59:24.416+0000] {dagbag.py:545} INFO - Filling up the DagBag from /home/airflow/.local/lib/python3.12/site-packages/airflow/example_dags/example_branch_operator.py
[2026-02-14T15:59:24.429+0000] {processor.py:840} INFO - DAG(s) 'example_branch_operator' retrieved from /home/airflow/.local/lib/python3.12/site-packages/airflow/example_dags/example_branch_operator.py
[2026-02-14T15:59:24.449+0000] {logging_mixin.py:188} INFO - [2026-02-14T15:59:24.449+0000] {dag.py:3089} INFO - Sync 1 DAGs
[2026-02-14T15:59:24.462+0000] {logging_mixin.py:188} INFO - [2026-02-14T15:59:24.462+0000] {dag.py:3947} INFO - Setting next_dagrun for example_branch_operator to 2026-02-13 00:00:00+00:00, run_after=2026-02-14 00:00:00+00:00
[2026-02-14T15:59:24.471+0000] {processor.py:183} INFO - Processing /home/airflow/.local/lib/python3.12/site-packages/airflow/example_dags/example_branch_operator.py took 0.065 seconds
[2026-02-14T15:59:55.052+0000] {processor.py:161} INFO - Started process (PID=1614) to work on /home/airflow/.local/lib/python3.12/site-packages/airflow/example_dags/example_branch_operator.py
[2026-02-14T15:59:55.054+0000] {processor.py:830} INFO - Processing file /home/airflow/.local/lib/python3.12/site-packages/airflow/example_dags/example_branch_operator.py for tasks to queue
[2026-02-14T15:59:55.054+0000] {logging_mixin.py:188} INFO - [2026-02-14T15:59:55.054+0000] {dagbag.py:545} INFO - Filling up the DagBag from /home/airflow/.local/lib/python3.12/site-packages/airflow/example_dags/example_branch_operator.py
[2026-02-14T15:59:55.063+0000] {processor.py:840} INFO - DAG(s) 'example_branch_operator' retrieved from /home/airflow/.local/lib/python3.12/site-packages/airflow/example_dags/example_branch_operator.py
[2026-02-14T15:59:55.075+0000] {logging_mixin.py:188} INFO - [2026-02-14T15:59:55.075+0000] {dag.py:3089} INFO - Sync 1 DAGs
[2026-02-14T15:59:55.084+0000] {logging_mixin.py:188} INFO - [2026-02-14T15:59:55.084+0000] {dag.py:3947} INFO - Setting next_dagrun for example_branch_operator to 2026-02-13 00:00:00+00:00, run_after=2026-02-14 00:00:00+00:00
[2026-02-14T15:59:55.092+0000] {processor.py:183} INFO - Processing /home/airflow/.local/lib/python3.12/site-packages/airflow/example_dags/example_branch_operator.py took 0.043 seconds
[2026-02-14T16:00:25.495+0000] {processor.py:161} INFO - Started process (PID=1673) to work on /home/airflow/.local/lib/python3.12/site-packages/airflow/example_dags/example_branch_operator.py
[2026-02-14T16:00:25.497+0000] {processor.py:830} INFO - Processing file /home/airflow/.local/lib/python3.12/site-packages/airflow/example_dags/example_branch_operator.py for tasks to queue
[2026-02-14T16:00:25.499+0000] {logging_mixin.py:188} INFO - [2026-02-14T16:00:25.499+0000] {dagbag.py:545} INFO - Filling up the DagBag from /home/airflow/.local/lib/python3.12/site-packages/airflow/example_dags/example_branch_operator.py
[2026-02-14T16:00:25.510+0000] {processor.py:840} INFO - DAG(s) 'example_branch_operator' retrieved from /home/airflow/.local/lib/python3.12/site-packages/airflow/example_dags/example_branch_operator.py
[2026-02-14T16:00:25.522+0000] {logging_mixin.py:188} INFO - [2026-02-14T16:00:25.522+0000] {dag.py:3089} INFO - Sync 1 DAGs
[2026-02-14T16:00:25.531+0000] {logging_mixin.py:188} INFO - [2026-02-14T16:00:25.531+0000] {dag.py:3947} INFO - Setting next_dagrun for example_branch_operator to 2026-02-13 00:00:00+00:00, run_after=2026-02-14 00:00:00+00:00
[2026-02-14T16:00:25.538+0000] {processor.py:183} INFO - Processing /home/airflow/.local/lib/python3.12/site-packages/airflow/example_dags/example_branch_operator.py took 0.047 seconds
[2026-02-14T16:00:56.057+0000] {processor.py:161} INFO - Started process (PID=1732) to work on /home/airflow/.local/lib/python3.12/site-packages/airflow/example_dags/example_branch_operator.py
[2026-02-14T16:00:56.058+0000] {processor.py:830} INFO - Processing file /home/airflow/.local/lib/python3.12/site-packages/airflow/example_dags/example_branch_operator.py for tasks to queue
[2026-02-14T16:00:56.059+0000] {logging_mixin.py:188} INFO - [2026-02-14T16:00:56.059+0000] {dagbag.py:545} INFO - Filling up the DagBag from /home/airflow/.local/lib/python3.12/site-packages/airflow/example_dags/example_branch_operator.py
[2026-02-14T16:00:56.071+0000] {processor.py:840} INFO - DAG(s) 'example_branch_operator' retrieved from /home/airflow/.local/lib/python3.12/site-packages/airflow/example_dags/example_branch_operator.py
[2026-02-14T16:00:56.088+0000] {logging_mixin.py:188} INFO - [2026-02-14T16:00:56.088+0000] {dag.py:3089} INFO - Sync 1 DAGs
[2026-02-14T16:00:56.097+0000] {logging_mixin.py:188} INFO - [2026-02-14T16:00:56.096+0000] {dag.py:3947} INFO - Setting next_dagrun for example_branch_operator to 2026-02-13 00:00:00+00:00, run_after=2026-02-14 00:00:00+00:00
[2026-02-14T16:00:56.103+0000] {processor.py:183} INFO - Processing /home/airflow/.local/lib/python3.12/site-packages/airflow/example_dags/example_branch_operator.py took 0.053 seconds
[2026-02-14T16:01:26.490+0000] {processor.py:161} INFO - Started process (PID=1791) to work on /home/airflow/.local/lib/python3.12/site-packages/airflow/example_dags/example_branch_operator.py
[2026-02-14T16:01:26.492+0000] {processor.py:830} INFO - Processing file /home/airflow/.local/lib/python3.12/site-packages/airflow/example_dags/example_branch_operator.py for tasks to queue
[2026-02-14T16:01:26.493+0000] {logging_mixin.py:188} INFO - [2026-02-14T16:01:26.493+0000] {dagbag.py:545} INFO - Filling up the DagBag from /home/airflow/.local/lib/python3.12/site-packages/airflow/example_dags/example_branch_operator.py
[2026-02-14T16:01:26.501+0000] {processor.py:840} INFO - DAG(s) 'example_branch_operator' retrieved from /home/airflow/.local/lib/python3.12/site-packages/airflow/example_dags/example_branch_operator.py
[2026-02-14T16:01:26.515+0000] {logging_mixin.py:188} INFO - [2026-02-14T16:01:26.515+0000] {dag.py:3089} INFO - Sync 1 DAGs
[2026-02-14T16:01:26.528+0000] {logging_mixin.py:188} INFO - [2026-02-14T16:01:26.527+0000] {dag.py:3947} INFO - Setting next_dagrun for example_branch_operator to 2026-02-13 00:00:00+00:00, run_after=2026-02-14 00:00:00+00:00
[2026-02-14T16:01:26.537+0000] {processor.py:183} INFO - Processing /home/airflow/.local/lib/python3.12/site-packages/airflow/example_dags/example_branch_operator.py took 0.052 seconds
[2026-02-14T16:01:56.817+0000] {processor.py:161} INFO - Started process (PID=1850) to work on /home/airflow/.local/lib/python3.12/site-packages/airflow/example_dags/example_branch_operator.py
[2026-02-14T16:01:56.819+0000] {processor.py:830} INFO - Processing file /home/airflow/.local/lib/python3.12/site-packages/airflow/example_dags/example_branch_operator.py for tasks to queue
[2026-02-14T16:01:56.819+0000] {logging_mixin.py:188} INFO - [2026-02-14T16:01:56.819+0000] {dagbag.py:545} INFO - Filling up the DagBag from /home/airflow/.local/lib/python3.12/site-packages/airflow/example_dags/example_branch_operator.py
[2026-02-14T16:01:56.830+0000] {processor.py:840} INFO - DAG(s) 'example_branch_operator' retrieved from /home/airflow/.local/lib/python3.12/site-packages/airflow/example_dags/example_branch_operator.py
[2026-02-14T16:01:56.846+0000] {logging_mixin.py:188} INFO - [2026-02-14T16:01:56.846+0000] {dag.py:3089} INFO - Sync 1 DAGs
[2026-02-14T16:01:56.855+0000] {logging_mixin.py:188} INFO - [2026-02-14T16:01:56.855+0000] {dag.py:3947} INFO - Setting next_dagrun for example_branch_operator to 2026-02-13 00:00:00+00:00, run_after=2026-02-14 00:00:00+00:00
[2026-02-14T16:01:56.865+0000] {processor.py:183} INFO - Processing /home/airflow/.local/lib/python3.12/site-packages/airflow/example_dags/example_branch_operator.py took 0.051 seconds
[2026-02-14T16:02:27.285+0000] {processor.py:161} INFO - Started process (PID=1909) to work on /home/airflow/.local/lib/python3.12/site-packages/airflow/example_dags/example_branch_operator.py
[2026-02-14T16:02:27.286+0000] {processor.py:830} INFO - Processing file /home/airflow/.local/lib/python3.12/site-packages/airflow/example_dags/example_branch_operator.py for tasks to queue
[2026-02-14T16:02:27.287+0000] {logging_mixin.py:188} INFO - [2026-02-14T16:02:27.287+0000] {dagbag.py:545} INFO - Filling up the DagBag from /home/airflow/.local/lib/python3.12/site-packages/airflow/example_dags/example_branch_operator.py
[2026-02-14T16:02:27.294+0000] {processor.py:840} INFO - DAG(s) 'example_branch_operator' retrieved from /home/airflow/.local/lib/python3.12/site-packages/airflow/example_dags/example_branch_operator.py
[2026-02-14T16:02:27.307+0000] {logging_mixin.py:188} INFO - [2026-02-14T16:02:27.307+0000] {dag.py:3089} INFO - Sync 1 DAGs
[2026-02-14T16:02:27.319+0000] {logging_mixin.py:188} INFO - [2026-02-14T16:02:27.319+0000] {dag.py:3947} INFO - Setting next_dagrun for example_branch_operator to 2026-02-13 00:00:00+00:00, run_after=2026-02-14 00:00:00+00:00
[2026-02-14T16:02:27.329+0000] {processor.py:183} INFO - Processing /home/airflow/.local/lib/python3.12/site-packages/airflow/example_dags/example_branch_operator.py took 0.047 seconds
[2026-02-14T16:02:57.826+0000] {processor.py:161} INFO - Started process (PID=1968) to work on /home/airflow/.local/lib/python3.12/site-packages/airflow/example_dags/example_branch_operator.py
[2026-02-14T16:02:57.827+0000] {processor.py:830} INFO - Processing file /home/airflow/.local/lib/python3.12/site-packages/airflow/example_dags/example_branch_operator.py for tasks to queue
[2026-02-14T16:02:57.830+0000] {logging_mixin.py:188} INFO - [2026-02-14T16:02:57.830+0000] {dagbag.py:545} INFO - Filling up the DagBag from /home/airflow/.local/lib/python3.12/site-packages/airflow/example_dags/example_branch_operator.py
[2026-02-14T16:02:57.839+0000] {processor.py:840} INFO - DAG(s) 'example_branch_operator' retrieved from /home/airflow/.local/lib/python3.12/site-packages/airflow/example_dags/example_branch_operator.py
[2026-02-14T16:02:57.860+0000] {logging_mixin.py:188} INFO - [2026-02-14T16:02:57.860+0000] {dag.py:3089} INFO - Sync 1 DAGs
[2026-02-14T16:02:57.870+0000] {logging_mixin.py:188} INFO - [2026-02-14T16:02:57.870+0000] {dag.py:3947} INFO - Setting next_dagrun for example_branch_operator to 2026-02-13 00:00:00+00:00, run_after=2026-02-14 00:00:00+00:00
[2026-02-14T16:02:57.879+0000] {processor.py:183} INFO - Processing /home/airflow/.local/lib/python3.12/site-packages/airflow/example_dags/example_branch_operator.py took 0.055 seconds
[2026-02-14T16:03:28.377+0000] {processor.py:161} INFO - Started process (PID=2027) to work on /home/airflow/.local/lib/python3.12/site-packages/airflow/example_dags/example_branch_operator.py
[2026-02-14T16:03:28.379+0000] {processor.py:830} INFO - Processing file /home/airflow/.local/lib/python3.12/site-packages/airflow/example_dags/example_branch_operator.py for tasks to queue
[2026-02-14T16:03:28.380+0000] {logging_mixin.py:188} INFO - [2026-02-14T16:03:28.380+0000] {dagbag.py:545} INFO - Filling up the DagBag from /home/airflow/.local/lib/python3.12/site-packages/airflow/example_dags/example_branch_operator.py
[2026-02-14T16:03:28.391+0000] {processor.py:840} INFO - DAG(s) 'example_branch_operator' retrieved from /home/airflow/.local/lib/python3.12/site-packages/airflow/example_dags/example_branch_operator.py
[2026-02-14T16:03:28.406+0000] {logging_mixin.py:188} INFO - [2026-02-14T16:03:28.406+0000] {dag.py:3089} INFO - Sync 1 DAGs
[2026-02-14T16:03:28.416+0000] {logging_mixin.py:188} INFO - [2026-02-14T16:03:28.416+0000] {dag.py:3947} INFO - Setting next_dagrun for example_branch_operator to 2026-02-13 00:00:00+00:00, run_after=2026-02-14 00:00:00+00:00
[2026-02-14T16:03:28.424+0000] {processor.py:183} INFO - Processing /home/airflow/.local/lib/python3.12/site-packages/airflow/example_dags/example_branch_operator.py took 0.051 seconds
[2026-02-14T16:03:59.075+0000] {processor.py:161} INFO - Started process (PID=2086) to work on /home/airflow/.local/lib/python3.12/site-packages/airflow/example_dags/example_branch_operator.py
[2026-02-14T16:03:59.076+0000] {processor.py:830} INFO - Processing file /home/airflow/.local/lib/python3.12/site-packages/airflow/example_dags/example_branch_operator.py for tasks to queue
[2026-02-14T16:03:59.078+0000] {logging_mixin.py:188} INFO - [2026-02-14T16:03:59.078+0000] {dagbag.py:545} INFO - Filling up the DagBag from /home/airflow/.local/lib/python3.12/site-packages/airflow/example_dags/example_branch_operator.py
[2026-02-14T16:03:59.090+0000] {processor.py:840} INFO - DAG(s) 'example_branch_operator' retrieved from /home/airflow/.local/lib/python3.12/site-packages/airflow/example_dags/example_branch_operator.py
[2026-02-14T16:03:59.103+0000] {logging_mixin.py:188} INFO - [2026-02-14T16:03:59.103+0000] {dag.py:3089} INFO - Sync 1 DAGs
[2026-02-14T16:03:59.113+0000] {logging_mixin.py:188} INFO - [2026-02-14T16:03:59.113+0000] {dag.py:3947} INFO - Setting next_dagrun for example_branch_operator to 2026-02-13 00:00:00+00:00, run_after=2026-02-14 00:00:00+00:00
[2026-02-14T16:03:59.119+0000] {processor.py:183} INFO - Processing /home/airflow/.local/lib/python3.12/site-packages/airflow/example_dags/example_branch_operator.py took 0.049 seconds
[2026-02-14T16:04:29.607+0000] {processor.py:161} INFO - Started process (PID=2145) to work on /home/airflow/.local/lib/python3.12/site-packages/airflow/example_dags/example_branch_operator.py
[2026-02-14T16:04:29.609+0000] {processor.py:830} INFO - Processing file /home/airflow/.local/lib/python3.12/site-packages/airflow/example_dags/example_branch_operator.py for tasks to queue
[2026-02-14T16:04:29.611+0000] {logging_mixin.py:188} INFO - [2026-02-14T16:04:29.611+0000] {dagbag.py:545} INFO - Filling up the DagBag from /home/airflow/.local/lib/python3.12/site-packages/airflow/example_dags/example_branch_operator.py
[2026-02-14T16:04:29.624+0000] {processor.py:840} INFO - DAG(s) 'example_branch_operator' retrieved from /home/airflow/.local/lib/python3.12/site-packages/airflow/example_dags/example_branch_operator.py
[2026-02-14T16:04:29.643+0000] {logging_mixin.py:188} INFO - [2026-02-14T16:04:29.643+0000] {dag.py:3089} INFO - Sync 1 DAGs
[2026-02-14T16:04:29.655+0000] {logging_mixin.py:188} INFO - [2026-02-14T16:04:29.655+0000] {dag.py:3947} INFO - Setting next_dagrun for example_branch_operator to 2026-02-13 00:00:00+00:00, run_after=2026-02-14 00:00:00+00:00
[2026-02-14T16:04:29.662+0000] {processor.py:183} INFO - Processing /home/airflow/.local/lib/python3.12/site-packages/airflow/example_dags/example_branch_operator.py took 0.061 seconds
[2026-02-14T16:05:00.007+0000] {processor.py:161} INFO - Started process (PID=2204) to work on /home/airflow/.local/lib/python3.12/site-packages/airflow/example_dags/example_branch_operator.py
[2026-02-14T16:05:00.011+0000] {processor.py:830} INFO - Processing file /home/airflow/.local/lib/python3.12/site-packages/airflow/example_dags/example_branch_operator.py for tasks to queue
[2026-02-14T16:05:00.012+0000] {logging_mixin.py:188} INFO - [2026-02-14T16:05:00.012+0000] {dagbag.py:545} INFO - Filling up the DagBag from /home/airflow/.local/lib/python3.12/site-packages/airflow/example_dags/example_branch_operator.py
[2026-02-14T16:05:00.025+0000] {processor.py:840} INFO - DAG(s) 'example_branch_operator' retrieved from /home/airflow/.local/lib/python3.12/site-packages/airflow/example_dags/example_branch_operator.py
[2026-02-14T16:05:00.042+0000] {logging_mixin.py:188} INFO - [2026-02-14T16:05:00.042+0000] {dag.py:3089} INFO - Sync 1 DAGs
[2026-02-14T16:05:00.053+0000] {logging_mixin.py:188} INFO - [2026-02-14T16:05:00.052+0000] {dag.py:3947} INFO - Setting next_dagrun for example_branch_operator to 2026-02-13 00:00:00+00:00, run_after=2026-02-14 00:00:00+00:00
[2026-02-14T16:05:00.062+0000] {processor.py:183} INFO - Processing /home/airflow/.local/lib/python3.12/site-packages/airflow/example_dags/example_branch_operator.py took 0.060 seconds
[2026-02-14T16:05:30.543+0000] {processor.py:161} INFO - Started process (PID=2263) to work on /home/airflow/.local/lib/python3.12/site-packages/airflow/example_dags/example_branch_operator.py
[2026-02-14T16:05:30.544+0000] {processor.py:830} INFO - Processing file /home/airflow/.local/lib/python3.12/site-packages/airflow/example_dags/example_branch_operator.py for tasks to queue
[2026-02-14T16:05:30.547+0000] {logging_mixin.py:188} INFO - [2026-02-14T16:05:30.546+0000] {dagbag.py:545} INFO - Filling up the DagBag from /home/airflow/.local/lib/python3.12/site-packages/airflow/example_dags/example_branch_operator.py
[2026-02-14T16:05:30.557+0000] {processor.py:840} INFO - DAG(s) 'example_branch_operator' retrieved from /home/airflow/.local/lib/python3.12/site-packages/airflow/example_dags/example_branch_operator.py
[2026-02-14T16:05:30.570+0000] {logging_mixin.py:188} INFO - [2026-02-14T16:05:30.570+0000] {dag.py:3089} INFO - Sync 1 DAGs
[2026-02-14T16:05:30.579+0000] {logging_mixin.py:188} INFO - [2026-02-14T16:05:30.579+0000] {dag.py:3947} INFO - Setting next_dagrun for example_branch_operator to 2026-02-13 00:00:00+00:00, run_after=2026-02-14 00:00:00+00:00
[2026-02-14T16:05:30.588+0000] {processor.py:183} INFO - Processing /home/airflow/.local/lib/python3.12/site-packages/airflow/example_dags/example_branch_operator.py took 0.049 seconds
[2026-02-14T16:06:01.009+0000] {processor.py:161} INFO - Started process (PID=2322) to work on /home/airflow/.local/lib/python3.12/site-packages/airflow/example_dags/example_branch_operator.py
[2026-02-14T16:06:01.013+0000] {processor.py:830} INFO - Processing file /home/airflow/.local/lib/python3.12/site-packages/airflow/example_dags/example_branch_operator.py for tasks to queue
[2026-02-14T16:06:01.014+0000] {logging_mixin.py:188} INFO - [2026-02-14T16:06:01.014+0000] {dagbag.py:545} INFO - Filling up the DagBag from /home/airflow/.local/lib/python3.12/site-packages/airflow/example_dags/example_branch_operator.py
[2026-02-14T16:06:01.022+0000] {processor.py:840} INFO - DAG(s) 'example_branch_operator' retrieved from /home/airflow/.local/lib/python3.12/site-packages/airflow/example_dags/example_branch_operator.py
[2026-02-14T16:06:01.037+0000] {logging_mixin.py:188} INFO - [2026-02-14T16:06:01.037+0000] {dag.py:3089} INFO - Sync 1 DAGs
[2026-02-14T16:06:01.047+0000] {logging_mixin.py:188} INFO - [2026-02-14T16:06:01.046+0000] {dag.py:3947} INFO - Setting next_dagrun for example_branch_operator to 2026-02-13 00:00:00+00:00, run_after=2026-02-14 00:00:00+00:00
[2026-02-14T16:06:01.055+0000] {processor.py:183} INFO - Processing /home/airflow/.local/lib/python3.12/site-packages/airflow/example_dags/example_branch_operator.py took 0.048 seconds
[2026-02-14T16:06:31.566+0000] {processor.py:161} INFO - Started process (PID=2381) to work on /home/airflow/.local/lib/python3.12/site-packages/airflow/example_dags/example_branch_operator.py
[2026-02-14T16:06:31.570+0000] {processor.py:830} INFO - Processing file /home/airflow/.local/lib/python3.12/site-packages/airflow/example_dags/example_branch_operator.py for tasks to queue
[2026-02-14T16:06:31.570+0000] {logging_mixin.py:188} INFO - [2026-02-14T16:06:31.570+0000] {dagbag.py:545} INFO - Filling up the DagBag from /home/airflow/.local/lib/python3.12/site-packages/airflow/example_dags/example_branch_operator.py
[2026-02-14T16:06:31.584+0000] {processor.py:840} INFO - DAG(s) 'example_branch_operator' retrieved from /home/airflow/.local/lib/python3.12/site-packages/airflow/example_dags/example_branch_operator.py
[2026-02-14T16:06:31.599+0000] {logging_mixin.py:188} INFO - [2026-02-14T16:06:31.599+0000] {dag.py:3089} INFO - Sync 1 DAGs
[2026-02-14T16:06:31.610+0000] {logging_mixin.py:188} INFO - [2026-02-14T16:06:31.609+0000] {dag.py:3947} INFO - Setting next_dagrun for example_branch_operator to 2026-02-13 00:00:00+00:00, run_after=2026-02-14 00:00:00+00:00
[2026-02-14T16:06:31.620+0000] {processor.py:183} INFO - Processing /home/airflow/.local/lib/python3.12/site-packages/airflow/example_dags/example_branch_operator.py took 0.060 seconds
[2026-02-14T16:07:02.425+0000] {processor.py:161} INFO - Started process (PID=2440) to work on /home/airflow/.local/lib/python3.12/site-packages/airflow/example_dags/example_branch_operator.py
[2026-02-14T16:07:02.426+0000] {processor.py:830} INFO - Processing file /home/airflow/.local/lib/python3.12/site-packages/airflow/example_dags/example_branch_operator.py for tasks to queue
[2026-02-14T16:07:02.427+0000] {logging_mixin.py:188} INFO - [2026-02-14T16:07:02.427+0000] {dagbag.py:545} INFO - Filling up the DagBag from /home/airflow/.local/lib/python3.12/site-packages/airflow/example_dags/example_branch_operator.py
[2026-02-14T16:07:02.439+0000] {processor.py:840} INFO - DAG(s) 'example_branch_operator' retrieved from /home/airflow/.local/lib/python3.12/site-packages/airflow/example_dags/example_branch_operator.py
[2026-02-14T16:07:02.454+0000] {logging_mixin.py:188} INFO - [2026-02-14T16:07:02.454+0000] {dag.py:3089} INFO - Sync 1 DAGs
[2026-02-14T16:07:02.464+0000] {logging_mixin.py:188} INFO - [2026-02-14T16:07:02.464+0000] {dag.py:3947} INFO - Setting next_dagrun for example_branch_operator to 2026-02-13 00:00:00+00:00, run_after=2026-02-14 00:00:00+00:00
[2026-02-14T16:07:02.472+0000] {processor.py:183} INFO - Processing /home/airflow/.local/lib/python3.12/site-packages/airflow/example_dags/example_branch_operator.py took 0.052 seconds
[2026-02-14T16:07:33.270+0000] {processor.py:161} INFO - Started process (PID=2499) to work on /home/airflow/.local/lib/python3.12/site-packages/airflow/example_dags/example_branch_operator.py
[2026-02-14T16:07:33.272+0000] {processor.py:830} INFO - Processing file /home/airflow/.local/lib/python3.12/site-packages/airflow/example_dags/example_branch_operator.py for tasks to queue
[2026-02-14T16:07:33.278+0000] {logging_mixin.py:188} INFO - [2026-02-14T16:07:33.277+0000] {dagbag.py:545} INFO - Filling up the DagBag from /home/airflow/.local/lib/python3.12/site-packages/airflow/example_dags/example_branch_operator.py
[2026-02-14T16:07:33.299+0000] {processor.py:840} INFO - DAG(s) 'example_branch_operator' retrieved from /home/airflow/.local/lib/python3.12/site-packages/airflow/example_dags/example_branch_operator.py
[2026-02-14T16:07:33.326+0000] {logging_mixin.py:188} INFO - [2026-02-14T16:07:33.325+0000] {dag.py:3089} INFO - Sync 1 DAGs
[2026-02-14T16:07:33.350+0000] {logging_mixin.py:188} INFO - [2026-02-14T16:07:33.350+0000] {dag.py:3947} INFO - Setting next_dagrun for example_branch_operator to 2026-02-13 00:00:00+00:00, run_after=2026-02-14 00:00:00+00:00
[2026-02-14T16:07:33.374+0000] {processor.py:183} INFO - Processing /home/airflow/.local/lib/python3.12/site-packages/airflow/example_dags/example_branch_operator.py took 0.110 seconds
[2026-02-14T16:08:03.802+0000] {processor.py:161} INFO - Started process (PID=2558) to work on /home/airflow/.local/lib/python3.12/site-packages/airflow/example_dags/example_branch_operator.py
[2026-02-14T16:08:03.804+0000] {processor.py:830} INFO - Processing file /home/airflow/.local/lib/python3.12/site-packages/airflow/example_dags/example_branch_operator.py for tasks to queue
[2026-02-14T16:08:03.806+0000] {logging_mixin.py:188} INFO - [2026-02-14T16:08:03.806+0000] {dagbag.py:545} INFO - Filling up the DagBag from /home/airflow/.local/lib/python3.12/site-packages/airflow/example_dags/example_branch_operator.py
[2026-02-14T16:08:03.818+0000] {processor.py:840} INFO - DAG(s) 'example_branch_operator' retrieved from /home/airflow/.local/lib/python3.12/site-packages/airflow/example_dags/example_branch_operator.py
[2026-02-14T16:08:03.836+0000] {logging_mixin.py:188} INFO - [2026-02-14T16:08:03.836+0000] {dag.py:3089} INFO - Sync 1 DAGs
[2026-02-14T16:08:03.846+0000] {logging_mixin.py:188} INFO - [2026-02-14T16:08:03.846+0000] {dag.py:3947} INFO - Setting next_dagrun for example_branch_operator to 2026-02-13 00:00:00+00:00, run_after=2026-02-14 00:00:00+00:00
[2026-02-14T16:08:03.854+0000] {processor.py:183} INFO - Processing /home/airflow/.local/lib/python3.12/site-packages/airflow/example_dags/example_branch_operator.py took 0.056 seconds
[2026-02-14T16:08:34.215+0000] {processor.py:161} INFO - Started process (PID=2617) to work on /home/airflow/.local/lib/python3.12/site-packages/airflow/example_dags/example_branch_operator.py
[2026-02-14T16:08:34.215+0000] {processor.py:830} INFO - Processing file /home/airflow/.local/lib/python3.12/site-packages/airflow/example_dags/example_branch_operator.py for tasks to queue
[2026-02-14T16:08:34.216+0000] {logging_mixin.py:188} INFO - [2026-02-14T16:08:34.216+0000] {dagbag.py:545} INFO - Filling up the DagBag from /home/airflow/.local/lib/python3.12/site-packages/airflow/example_dags/example_branch_operator.py
[2026-02-14T16:08:34.224+0000] {processor.py:840} INFO - DAG(s) 'example_branch_operator' retrieved from /home/airflow/.local/lib/python3.12/site-packages/airflow/example_dags/example_branch_operator.py
[2026-02-14T16:08:34.238+0000] {logging_mixin.py:188} INFO - [2026-02-14T16:08:34.238+0000] {dag.py:3089} INFO - Sync 1 DAGs
[2026-02-14T16:08:34.249+0000] {logging_mixin.py:188} INFO - [2026-02-14T16:08:34.249+0000] {dag.py:3947} INFO - Setting next_dagrun for example_branch_operator to 2026-02-13 00:00:00+00:00, run_after=2026-02-14 00:00:00+00:00
[2026-02-14T16:08:34.257+0000] {processor.py:183} INFO - Processing /home/airflow/.local/lib/python3.12/site-packages/airflow/example_dags/example_branch_operator.py took 0.046 seconds
[2026-02-14T16:09:04.709+0000] {processor.py:161} INFO - Started process (PID=2676) to work on /home/airflow/.local/lib/python3.12/site-packages/airflow/example_dags/example_branch_operator.py
[2026-02-14T16:09:04.710+0000] {processor.py:830} INFO - Processing file /home/airflow/.local/lib/python3.12/site-packages/airflow/example_dags/example_branch_operator.py for tasks to queue
[2026-02-14T16:09:04.713+0000] {logging_mixin.py:188} INFO - [2026-02-14T16:09:04.712+0000] {dagbag.py:545} INFO - Filling up the DagBag from /home/airflow/.local/lib/python3.12/site-packages/airflow/example_dags/example_branch_operator.py
[2026-02-14T16:09:04.725+0000] {processor.py:840} INFO - DAG(s) 'example_branch_operator' retrieved from /home/airflow/.local/lib/python3.12/site-packages/airflow/example_dags/example_branch_operator.py
[2026-02-14T16:09:04.742+0000] {logging_mixin.py:188} INFO - [2026-02-14T16:09:04.742+0000] {dag.py:3089} INFO - Sync 1 DAGs
[2026-02-14T16:09:04.753+0000] {logging_mixin.py:188} INFO - [2026-02-14T16:09:04.753+0000] {dag.py:3947} INFO - Setting next_dagrun for example_branch_operator to 2026-02-13 00:00:00+00:00, run_after=2026-02-14 00:00:00+00:00
[2026-02-14T16:09:04.760+0000] {processor.py:183} INFO - Processing /home/airflow/.local/lib/python3.12/site-packages/airflow/example_dags/example_branch_operator.py took 0.057 seconds
[2026-02-14T16:09:35.082+0000] {processor.py:161} INFO - Started process (PID=2735) to work on /home/airflow/.local/lib/python3.12/site-packages/airflow/example_dags/example_branch_operator.py
[2026-02-14T16:09:35.083+0000] {processor.py:830} INFO - Processing file /home/airflow/.local/lib/python3.12/site-packages/airflow/example_dags/example_branch_operator.py for tasks to queue
[2026-02-14T16:09:35.083+0000] {logging_mixin.py:188} INFO - [2026-02-14T16:09:35.083+0000] {dagbag.py:545} INFO - Filling up the DagBag from /home/airflow/.local/lib/python3.12/site-packages/airflow/example_dags/example_branch_operator.py
[2026-02-14T16:09:35.090+0000] {processor.py:840} INFO - DAG(s) 'example_branch_operator' retrieved from /home/airflow/.local/lib/python3.12/site-packages/airflow/example_dags/example_branch_operator.py
[2026-02-14T16:09:35.102+0000] {logging_mixin.py:188} INFO - [2026-02-14T16:09:35.102+0000] {dag.py:3089} INFO - Sync 1 DAGs
[2026-02-14T16:09:35.111+0000] {logging_mixin.py:188} INFO - [2026-02-14T16:09:35.111+0000] {dag.py:3947} INFO - Setting next_dagrun for example_branch_operator to 2026-02-13 00:00:00+00:00, run_after=2026-02-14 00:00:00+00:00
[2026-02-14T16:09:35.119+0000] {processor.py:183} INFO - Processing /home/airflow/.local/lib/python3.12/site-packages/airflow/example_dags/example_branch_operator.py took 0.039 seconds
[2026-02-14T16:10:05.355+0000] {processor.py:161} INFO - Started process (PID=2794) to work on /home/airflow/.local/lib/python3.12/site-packages/airflow/example_dags/example_branch_operator.py
[2026-02-14T16:10:05.356+0000] {processor.py:830} INFO - Processing file /home/airflow/.local/lib/python3.12/site-packages/airflow/example_dags/example_branch_operator.py for tasks to queue
[2026-02-14T16:10:05.357+0000] {logging_mixin.py:188} INFO - [2026-02-14T16:10:05.357+0000] {dagbag.py:545} INFO - Filling up the DagBag from /home/airflow/.local/lib/python3.12/site-packages/airflow/example_dags/example_branch_operator.py
[2026-02-14T16:10:05.366+0000] {processor.py:840} INFO - DAG(s) 'example_branch_operator' retrieved from /home/airflow/.local/lib/python3.12/site-packages/airflow/example_dags/example_branch_operator.py
[2026-02-14T16:10:05.379+0000] {logging_mixin.py:188} INFO - [2026-02-14T16:10:05.378+0000] {dag.py:3089} INFO - Sync 1 DAGs
[2026-02-14T16:10:05.387+0000] {logging_mixin.py:188} INFO - [2026-02-14T16:10:05.387+0000] {dag.py:3947} INFO - Setting next_dagrun for example_branch_operator to 2026-02-13 00:00:00+00:00, run_after=2026-02-14 00:00:00+00:00
[2026-02-14T16:10:05.394+0000] {processor.py:183} INFO - Processing /home/airflow/.local/lib/python3.12/site-packages/airflow/example_dags/example_branch_operator.py took 0.043 seconds
[2026-02-14T16:10:36.053+0000] {processor.py:161} INFO - Started process (PID=2852) to work on /home/airflow/.local/lib/python3.12/site-packages/airflow/example_dags/example_branch_operator.py
[2026-02-14T16:10:36.054+0000] {processor.py:830} INFO - Processing file /home/airflow/.local/lib/python3.12/site-packages/airflow/example_dags/example_branch_operator.py for tasks to queue
[2026-02-14T16:10:36.055+0000] {logging_mixin.py:188} INFO - [2026-02-14T16:10:36.055+0000] {dagbag.py:545} INFO - Filling up the DagBag from /home/airflow/.local/lib/python3.12/site-packages/airflow/example_dags/example_branch_operator.py
[2026-02-14T16:10:36.064+0000] {processor.py:840} INFO - DAG(s) 'example_branch_operator' retrieved from /home/airflow/.local/lib/python3.12/site-packages/airflow/example_dags/example_branch_operator.py
[2026-02-14T16:10:36.079+0000] {logging_mixin.py:188} INFO - [2026-02-14T16:10:36.078+0000] {dag.py:3089} INFO - Sync 1 DAGs
[2026-02-14T16:10:36.089+0000] {logging_mixin.py:188} INFO - [2026-02-14T16:10:36.088+0000] {dag.py:3947} INFO - Setting next_dagrun for example_branch_operator to 2026-02-13 00:00:00+00:00, run_after=2026-02-14 00:00:00+00:00
[2026-02-14T16:10:36.096+0000] {processor.py:183} INFO - Processing /home/airflow/.local/lib/python3.12/site-packages/airflow/example_dags/example_branch_operator.py took 0.046 seconds
[2026-02-14T16:11:06.160+0000] {processor.py:161} INFO - Started process (PID=2911) to work on /home/airflow/.local/lib/python3.12/site-packages/airflow/example_dags/example_branch_operator.py
[2026-02-14T16:11:06.161+0000] {processor.py:830} INFO - Processing file /home/airflow/.local/lib/python3.12/site-packages/airflow/example_dags/example_branch_operator.py for tasks to queue
[2026-02-14T16:11:06.162+0000] {logging_mixin.py:188} INFO - [2026-02-14T16:11:06.162+0000] {dagbag.py:545} INFO - Filling up the DagBag from /home/airflow/.local/lib/python3.12/site-packages/airflow/example_dags/example_branch_operator.py
[2026-02-14T16:11:06.170+0000] {processor.py:840} INFO - DAG(s) 'example_branch_operator' retrieved from /home/airflow/.local/lib/python3.12/site-packages/airflow/example_dags/example_branch_operator.py
[2026-02-14T16:11:06.190+0000] {logging_mixin.py:188} INFO - [2026-02-14T16:11:06.190+0000] {dag.py:3089} INFO - Sync 1 DAGs
[2026-02-14T16:11:06.204+0000] {logging_mixin.py:188} INFO - [2026-02-14T16:11:06.204+0000] {dag.py:3947} INFO - Setting next_dagrun for example_branch_operator to 2026-02-13 00:00:00+00:00, run_after=2026-02-14 00:00:00+00:00
[2026-02-14T16:11:06.217+0000] {processor.py:183} INFO - Processing /home/airflow/.local/lib/python3.12/site-packages/airflow/example_dags/example_branch_operator.py took 0.060 seconds
[2026-02-14T16:11:37.021+0000] {processor.py:161} INFO - Started process (PID=2970) to work on /home/airflow/.local/lib/python3.12/site-packages/airflow/example_dags/example_branch_operator.py
[2026-02-14T16:11:37.022+0000] {processor.py:830} INFO - Processing file /home/airflow/.local/lib/python3.12/site-packages/airflow/example_dags/example_branch_operator.py for tasks to queue
[2026-02-14T16:11:37.027+0000] {logging_mixin.py:188} INFO - [2026-02-14T16:11:37.026+0000] {dagbag.py:545} INFO - Filling up the DagBag from /home/airflow/.local/lib/python3.12/site-packages/airflow/example_dags/example_branch_operator.py
[2026-02-14T16:11:37.068+0000] {processor.py:840} INFO - DAG(s) 'example_branch_operator' retrieved from /home/airflow/.local/lib/python3.12/site-packages/airflow/example_dags/example_branch_operator.py
[2026-02-14T16:11:37.115+0000] {logging_mixin.py:188} INFO - [2026-02-14T16:11:37.114+0000] {dag.py:3089} INFO - Sync 1 DAGs
[2026-02-14T16:11:37.174+0000] {logging_mixin.py:188} INFO - [2026-02-14T16:11:37.173+0000] {dag.py:3947} INFO - Setting next_dagrun for example_branch_operator to 2026-02-13 00:00:00+00:00, run_after=2026-02-14 00:00:00+00:00
[2026-02-14T16:11:37.217+0000] {processor.py:183} INFO - Processing /home/airflow/.local/lib/python3.12/site-packages/airflow/example_dags/example_branch_operator.py took 0.202 seconds
[2026-02-14T16:12:08.232+0000] {processor.py:161} INFO - Started process (PID=3029) to work on /home/airflow/.local/lib/python3.12/site-packages/airflow/example_dags/example_branch_operator.py
[2026-02-14T16:12:08.233+0000] {processor.py:830} INFO - Processing file /home/airflow/.local/lib/python3.12/site-packages/airflow/example_dags/example_branch_operator.py for tasks to queue
[2026-02-14T16:12:08.235+0000] {logging_mixin.py:188} INFO - [2026-02-14T16:12:08.234+0000] {dagbag.py:545} INFO - Filling up the DagBag from /home/airflow/.local/lib/python3.12/site-packages/airflow/example_dags/example_branch_operator.py
[2026-02-14T16:12:08.244+0000] {processor.py:840} INFO - DAG(s) 'example_branch_operator' retrieved from /home/airflow/.local/lib/python3.12/site-packages/airflow/example_dags/example_branch_operator.py
[2026-02-14T16:12:08.256+0000] {logging_mixin.py:188} INFO - [2026-02-14T16:12:08.255+0000] {dag.py:3089} INFO - Sync 1 DAGs
[2026-02-14T16:12:08.264+0000] {logging_mixin.py:188} INFO - [2026-02-14T16:12:08.264+0000] {dag.py:3947} INFO - Setting next_dagrun for example_branch_operator to 2026-02-13 00:00:00+00:00, run_after=2026-02-14 00:00:00+00:00
[2026-02-14T16:12:08.271+0000] {processor.py:183} INFO - Processing /home/airflow/.local/lib/python3.12/site-packages/airflow/example_dags/example_branch_operator.py took 0.043 seconds
[2026-02-14T16:12:38.817+0000] {processor.py:161} INFO - Started process (PID=3088) to work on /home/airflow/.local/lib/python3.12/site-packages/airflow/example_dags/example_branch_operator.py
[2026-02-14T16:12:38.817+0000] {processor.py:830} INFO - Processing file /home/airflow/.local/lib/python3.12/site-packages/airflow/example_dags/example_branch_operator.py for tasks to queue
[2026-02-14T16:12:38.818+0000] {logging_mixin.py:188} INFO - [2026-02-14T16:12:38.818+0000] {dagbag.py:545} INFO - Filling up the DagBag from /home/airflow/.local/lib/python3.12/site-packages/airflow/example_dags/example_branch_operator.py
[2026-02-14T16:12:38.825+0000] {processor.py:840} INFO - DAG(s) 'example_branch_operator' retrieved from /home/airflow/.local/lib/python3.12/site-packages/airflow/example_dags/example_branch_operator.py
[2026-02-14T16:12:38.835+0000] {logging_mixin.py:188} INFO - [2026-02-14T16:12:38.835+0000] {dag.py:3089} INFO - Sync 1 DAGs
[2026-02-14T16:12:38.843+0000] {logging_mixin.py:188} INFO - [2026-02-14T16:12:38.843+0000] {dag.py:3947} INFO - Setting next_dagrun for example_branch_operator to 2026-02-13 00:00:00+00:00, run_after=2026-02-14 00:00:00+00:00
[2026-02-14T16:12:38.850+0000] {processor.py:183} INFO - Processing /home/airflow/.local/lib/python3.12/site-packages/airflow/example_dags/example_branch_operator.py took 0.036 seconds
[2026-02-14T16:13:09.078+0000] {processor.py:161} INFO - Started process (PID=3147) to work on /home/airflow/.local/lib/python3.12/site-packages/airflow/example_dags/example_branch_operator.py
[2026-02-14T16:13:09.078+0000] {processor.py:830} INFO - Processing file /home/airflow/.local/lib/python3.12/site-packages/airflow/example_dags/example_branch_operator.py for tasks to queue
[2026-02-14T16:13:09.080+0000] {logging_mixin.py:188} INFO - [2026-02-14T16:13:09.079+0000] {dagbag.py:545} INFO - Filling up the DagBag from /home/airflow/.local/lib/python3.12/site-packages/airflow/example_dags/example_branch_operator.py
[2026-02-14T16:13:09.089+0000] {processor.py:840} INFO - DAG(s) 'example_branch_operator' retrieved from /home/airflow/.local/lib/python3.12/site-packages/airflow/example_dags/example_branch_operator.py
[2026-02-14T16:13:09.109+0000] {logging_mixin.py:188} INFO - [2026-02-14T16:13:09.109+0000] {dag.py:3089} INFO - Sync 1 DAGs
[2026-02-14T16:13:09.126+0000] {logging_mixin.py:188} INFO - [2026-02-14T16:13:09.126+0000] {dag.py:3947} INFO - Setting next_dagrun for example_branch_operator to 2026-02-13 00:00:00+00:00, run_after=2026-02-14 00:00:00+00:00
[2026-02-14T16:13:09.136+0000] {processor.py:183} INFO - Processing /home/airflow/.local/lib/python3.12/site-packages/airflow/example_dags/example_branch_operator.py took 0.061 seconds
[2026-02-14T16:13:39.348+0000] {processor.py:161} INFO - Started process (PID=3206) to work on /home/airflow/.local/lib/python3.12/site-packages/airflow/example_dags/example_branch_operator.py
[2026-02-14T16:13:39.349+0000] {processor.py:830} INFO - Processing file /home/airflow/.local/lib/python3.12/site-packages/airflow/example_dags/example_branch_operator.py for tasks to queue
[2026-02-14T16:13:39.352+0000] {logging_mixin.py:188} INFO - [2026-02-14T16:13:39.351+0000] {dagbag.py:545} INFO - Filling up the DagBag from /home/airflow/.local/lib/python3.12/site-packages/airflow/example_dags/example_branch_operator.py
[2026-02-14T16:13:39.363+0000] {processor.py:840} INFO - DAG(s) 'example_branch_operator' retrieved from /home/airflow/.local/lib/python3.12/site-packages/airflow/example_dags/example_branch_operator.py
[2026-02-14T16:13:39.377+0000] {logging_mixin.py:188} INFO - [2026-02-14T16:13:39.377+0000] {dag.py:3089} INFO - Sync 1 DAGs
[2026-02-14T16:13:39.387+0000] {logging_mixin.py:188} INFO - [2026-02-14T16:13:39.387+0000] {dag.py:3947} INFO - Setting next_dagrun for example_branch_operator to 2026-02-13 00:00:00+00:00, run_after=2026-02-14 00:00:00+00:00
[2026-02-14T16:13:39.394+0000] {processor.py:183} INFO - Processing /home/airflow/.local/lib/python3.12/site-packages/airflow/example_dags/example_branch_operator.py took 0.052 seconds
[2026-02-14T16:14:10.268+0000] {processor.py:161} INFO - Started process (PID=3265) to work on /home/airflow/.local/lib/python3.12/site-packages/airflow/example_dags/example_branch_operator.py
[2026-02-14T16:14:10.271+0000] {processor.py:830} INFO - Processing file /home/airflow/.local/lib/python3.12/site-packages/airflow/example_dags/example_branch_operator.py for tasks to queue
[2026-02-14T16:14:10.277+0000] {logging_mixin.py:188} INFO - [2026-02-14T16:14:10.276+0000] {dagbag.py:545} INFO - Filling up the DagBag from /home/airflow/.local/lib/python3.12/site-packages/airflow/example_dags/example_branch_operator.py
[2026-02-14T16:14:10.296+0000] {processor.py:840} INFO - DAG(s) 'example_branch_operator' retrieved from /home/airflow/.local/lib/python3.12/site-packages/airflow/example_dags/example_branch_operator.py
[2026-02-14T16:14:10.319+0000] {logging_mixin.py:188} INFO - [2026-02-14T16:14:10.319+0000] {dag.py:3089} INFO - Sync 1 DAGs
[2026-02-14T16:14:10.348+0000] {logging_mixin.py:188} INFO - [2026-02-14T16:14:10.347+0000] {dag.py:3947} INFO - Setting next_dagrun for example_branch_operator to 2026-02-13 00:00:00+00:00, run_after=2026-02-14 00:00:00+00:00
[2026-02-14T16:14:10.361+0000] {processor.py:183} INFO - Processing /home/airflow/.local/lib/python3.12/site-packages/airflow/example_dags/example_branch_operator.py took 0.102 seconds
[2026-02-14T16:14:40.448+0000] {processor.py:161} INFO - Started process (PID=3324) to work on /home/airflow/.local/lib/python3.12/site-packages/airflow/example_dags/example_branch_operator.py
[2026-02-14T16:14:40.448+0000] {processor.py:830} INFO - Processing file /home/airflow/.local/lib/python3.12/site-packages/airflow/example_dags/example_branch_operator.py for tasks to queue
[2026-02-14T16:14:40.452+0000] {logging_mixin.py:188} INFO - [2026-02-14T16:14:40.452+0000] {dagbag.py:545} INFO - Filling up the DagBag from /home/airflow/.local/lib/python3.12/site-packages/airflow/example_dags/example_branch_operator.py
[2026-02-14T16:14:40.478+0000] {processor.py:840} INFO - DAG(s) 'example_branch_operator' retrieved from /home/airflow/.local/lib/python3.12/site-packages/airflow/example_dags/example_branch_operator.py
[2026-02-14T16:14:40.525+0000] {logging_mixin.py:188} INFO - [2026-02-14T16:14:40.524+0000] {dag.py:3089} INFO - Sync 1 DAGs
[2026-02-14T16:14:40.548+0000] {logging_mixin.py:188} INFO - [2026-02-14T16:14:40.548+0000] {dag.py:3947} INFO - Setting next_dagrun for example_branch_operator to 2026-02-13 00:00:00+00:00, run_after=2026-02-14 00:00:00+00:00
[2026-02-14T16:14:40.563+0000] {processor.py:183} INFO - Processing /home/airflow/.local/lib/python3.12/site-packages/airflow/example_dags/example_branch_operator.py took 0.121 seconds
[2026-02-14T16:15:11.403+0000] {processor.py:161} INFO - Started process (PID=3383) to work on /home/airflow/.local/lib/python3.12/site-packages/airflow/example_dags/example_branch_operator.py
[2026-02-14T16:15:11.405+0000] {processor.py:830} INFO - Processing file /home/airflow/.local/lib/python3.12/site-packages/airflow/example_dags/example_branch_operator.py for tasks to queue
[2026-02-14T16:15:11.409+0000] {logging_mixin.py:188} INFO - [2026-02-14T16:15:11.408+0000] {dagbag.py:545} INFO - Filling up the DagBag from /home/airflow/.local/lib/python3.12/site-packages/airflow/example_dags/example_branch_operator.py
[2026-02-14T16:15:11.419+0000] {processor.py:840} INFO - DAG(s) 'example_branch_operator' retrieved from /home/airflow/.local/lib/python3.12/site-packages/airflow/example_dags/example_branch_operator.py
[2026-02-14T16:15:11.439+0000] {logging_mixin.py:188} INFO - [2026-02-14T16:15:11.439+0000] {dag.py:3089} INFO - Sync 1 DAGs
[2026-02-14T16:15:11.464+0000] {logging_mixin.py:188} INFO - [2026-02-14T16:15:11.464+0000] {dag.py:3947} INFO - Setting next_dagrun for example_branch_operator to 2026-02-13 00:00:00+00:00, run_after=2026-02-14 00:00:00+00:00
[2026-02-14T16:15:11.489+0000] {processor.py:183} INFO - Processing /home/airflow/.local/lib/python3.12/site-packages/airflow/example_dags/example_branch_operator.py took 0.096 seconds
[2026-02-14T16:15:42.143+0000] {processor.py:161} INFO - Started process (PID=3442) to work on /home/airflow/.local/lib/python3.12/site-packages/airflow/example_dags/example_branch_operator.py
[2026-02-14T16:15:42.145+0000] {processor.py:830} INFO - Processing file /home/airflow/.local/lib/python3.12/site-packages/airflow/example_dags/example_branch_operator.py for tasks to queue
[2026-02-14T16:15:42.147+0000] {logging_mixin.py:188} INFO - [2026-02-14T16:15:42.147+0000] {dagbag.py:545} INFO - Filling up the DagBag from /home/airflow/.local/lib/python3.12/site-packages/airflow/example_dags/example_branch_operator.py
[2026-02-14T16:15:42.170+0000] {processor.py:840} INFO - DAG(s) 'example_branch_operator' retrieved from /home/airflow/.local/lib/python3.12/site-packages/airflow/example_dags/example_branch_operator.py
[2026-02-14T16:15:42.198+0000] {logging_mixin.py:188} INFO - [2026-02-14T16:15:42.198+0000] {dag.py:3089} INFO - Sync 1 DAGs
[2026-02-14T16:15:42.220+0000] {logging_mixin.py:188} INFO - [2026-02-14T16:15:42.220+0000] {dag.py:3947} INFO - Setting next_dagrun for example_branch_operator to 2026-02-13 00:00:00+00:00, run_after=2026-02-14 00:00:00+00:00
[2026-02-14T16:15:42.238+0000] {processor.py:183} INFO - Processing /home/airflow/.local/lib/python3.12/site-packages/airflow/example_dags/example_branch_operator.py took 0.101 seconds
[2026-02-14T16:16:13.188+0000] {processor.py:161} INFO - Started process (PID=3507) to work on /home/airflow/.local/lib/python3.12/site-packages/airflow/example_dags/example_branch_operator.py
[2026-02-14T16:16:13.189+0000] {processor.py:830} INFO - Processing file /home/airflow/.local/lib/python3.12/site-packages/airflow/example_dags/example_branch_operator.py for tasks to queue
[2026-02-14T16:16:13.191+0000] {logging_mixin.py:188} INFO - [2026-02-14T16:16:13.190+0000] {dagbag.py:545} INFO - Filling up the DagBag from /home/airflow/.local/lib/python3.12/site-packages/airflow/example_dags/example_branch_operator.py
[2026-02-14T16:16:13.205+0000] {processor.py:840} INFO - DAG(s) 'example_branch_operator' retrieved from /home/airflow/.local/lib/python3.12/site-packages/airflow/example_dags/example_branch_operator.py
[2026-02-14T16:16:13.222+0000] {logging_mixin.py:188} INFO - [2026-02-14T16:16:13.222+0000] {dag.py:3089} INFO - Sync 1 DAGs
[2026-02-14T16:16:13.231+0000] {logging_mixin.py:188} INFO - [2026-02-14T16:16:13.231+0000] {dag.py:3947} INFO - Setting next_dagrun for example_branch_operator to 2026-02-13 00:00:00+00:00, run_after=2026-02-14 00:00:00+00:00
[2026-02-14T16:16:13.241+0000] {processor.py:183} INFO - Processing /home/airflow/.local/lib/python3.12/site-packages/airflow/example_dags/example_branch_operator.py took 0.060 seconds
[2026-02-14T16:16:43.692+0000] {processor.py:161} INFO - Started process (PID=3566) to work on /home/airflow/.local/lib/python3.12/site-packages/airflow/example_dags/example_branch_operator.py
[2026-02-14T16:16:43.693+0000] {processor.py:830} INFO - Processing file /home/airflow/.local/lib/python3.12/site-packages/airflow/example_dags/example_branch_operator.py for tasks to queue
[2026-02-14T16:16:43.695+0000] {logging_mixin.py:188} INFO - [2026-02-14T16:16:43.695+0000] {dagbag.py:545} INFO - Filling up the DagBag from /home/airflow/.local/lib/python3.12/site-packages/airflow/example_dags/example_branch_operator.py
[2026-02-14T16:16:43.709+0000] {processor.py:840} INFO - DAG(s) 'example_branch_operator' retrieved from /home/airflow/.local/lib/python3.12/site-packages/airflow/example_dags/example_branch_operator.py
[2026-02-14T16:16:43.723+0000] {logging_mixin.py:188} INFO - [2026-02-14T16:16:43.723+0000] {dag.py:3089} INFO - Sync 1 DAGs
[2026-02-14T16:16:43.735+0000] {logging_mixin.py:188} INFO - [2026-02-14T16:16:43.735+0000] {dag.py:3947} INFO - Setting next_dagrun for example_branch_operator to 2026-02-13 00:00:00+00:00, run_after=2026-02-14 00:00:00+00:00
[2026-02-14T16:16:43.743+0000] {processor.py:183} INFO - Processing /home/airflow/.local/lib/python3.12/site-packages/airflow/example_dags/example_branch_operator.py took 0.058 seconds
[2026-02-14T16:17:14.229+0000] {processor.py:161} INFO - Started process (PID=3625) to work on /home/airflow/.local/lib/python3.12/site-packages/airflow/example_dags/example_branch_operator.py
[2026-02-14T16:17:14.230+0000] {processor.py:830} INFO - Processing file /home/airflow/.local/lib/python3.12/site-packages/airflow/example_dags/example_branch_operator.py for tasks to queue
[2026-02-14T16:17:14.231+0000] {logging_mixin.py:188} INFO - [2026-02-14T16:17:14.231+0000] {dagbag.py:545} INFO - Filling up the DagBag from /home/airflow/.local/lib/python3.12/site-packages/airflow/example_dags/example_branch_operator.py
[2026-02-14T16:17:14.242+0000] {processor.py:840} INFO - DAG(s) 'example_branch_operator' retrieved from /home/airflow/.local/lib/python3.12/site-packages/airflow/example_dags/example_branch_operator.py
[2026-02-14T16:17:14.256+0000] {logging_mixin.py:188} INFO - [2026-02-14T16:17:14.255+0000] {dag.py:3089} INFO - Sync 1 DAGs
[2026-02-14T16:17:14.267+0000] {logging_mixin.py:188} INFO - [2026-02-14T16:17:14.267+0000] {dag.py:3947} INFO - Setting next_dagrun for example_branch_operator to 2026-02-13 00:00:00+00:00, run_after=2026-02-14 00:00:00+00:00
[2026-02-14T16:17:14.275+0000] {processor.py:183} INFO - Processing /home/airflow/.local/lib/python3.12/site-packages/airflow/example_dags/example_branch_operator.py took 0.052 seconds
[2026-02-14T16:17:44.983+0000] {processor.py:161} INFO - Started process (PID=3684) to work on /home/airflow/.local/lib/python3.12/site-packages/airflow/example_dags/example_branch_operator.py
[2026-02-14T16:17:44.984+0000] {processor.py:830} INFO - Processing file /home/airflow/.local/lib/python3.12/site-packages/airflow/example_dags/example_branch_operator.py for tasks to queue
[2026-02-14T16:17:44.985+0000] {logging_mixin.py:188} INFO - [2026-02-14T16:17:44.985+0000] {dagbag.py:545} INFO - Filling up the DagBag from /home/airflow/.local/lib/python3.12/site-packages/airflow/example_dags/example_branch_operator.py
[2026-02-14T16:17:44.997+0000] {processor.py:840} INFO - DAG(s) 'example_branch_operator' retrieved from /home/airflow/.local/lib/python3.12/site-packages/airflow/example_dags/example_branch_operator.py
[2026-02-14T16:17:45.015+0000] {logging_mixin.py:188} INFO - [2026-02-14T16:17:45.015+0000] {dag.py:3089} INFO - Sync 1 DAGs
[2026-02-14T16:17:45.026+0000] {logging_mixin.py:188} INFO - [2026-02-14T16:17:45.026+0000] {dag.py:3947} INFO - Setting next_dagrun for example_branch_operator to 2026-02-13 00:00:00+00:00, run_after=2026-02-14 00:00:00+00:00
[2026-02-14T16:17:45.034+0000] {processor.py:183} INFO - Processing /home/airflow/.local/lib/python3.12/site-packages/airflow/example_dags/example_branch_operator.py took 0.060 seconds
[2026-02-14T16:18:15.484+0000] {processor.py:161} INFO - Started process (PID=3743) to work on /home/airflow/.local/lib/python3.12/site-packages/airflow/example_dags/example_branch_operator.py
[2026-02-14T16:18:15.486+0000] {processor.py:830} INFO - Processing file /home/airflow/.local/lib/python3.12/site-packages/airflow/example_dags/example_branch_operator.py for tasks to queue
[2026-02-14T16:18:15.488+0000] {logging_mixin.py:188} INFO - [2026-02-14T16:18:15.487+0000] {dagbag.py:545} INFO - Filling up the DagBag from /home/airflow/.local/lib/python3.12/site-packages/airflow/example_dags/example_branch_operator.py
[2026-02-14T16:18:15.500+0000] {processor.py:840} INFO - DAG(s) 'example_branch_operator' retrieved from /home/airflow/.local/lib/python3.12/site-packages/airflow/example_dags/example_branch_operator.py
[2026-02-14T16:18:15.525+0000] {logging_mixin.py:188} INFO - [2026-02-14T16:18:15.525+0000] {dag.py:3089} INFO - Sync 1 DAGs
[2026-02-14T16:18:15.543+0000] {logging_mixin.py:188} INFO - [2026-02-14T16:18:15.543+0000] {dag.py:3947} INFO - Setting next_dagrun for example_branch_operator to 2026-02-13 00:00:00+00:00, run_after=2026-02-14 00:00:00+00:00
[2026-02-14T16:18:15.554+0000] {processor.py:183} INFO - Processing /home/airflow/.local/lib/python3.12/site-packages/airflow/example_dags/example_branch_operator.py took 0.079 seconds
[2026-02-14T16:18:46.275+0000] {processor.py:161} INFO - Started process (PID=3802) to work on /home/airflow/.local/lib/python3.12/site-packages/airflow/example_dags/example_branch_operator.py
[2026-02-14T16:18:46.276+0000] {processor.py:830} INFO - Processing file /home/airflow/.local/lib/python3.12/site-packages/airflow/example_dags/example_branch_operator.py for tasks to queue
[2026-02-14T16:18:46.279+0000] {logging_mixin.py:188} INFO - [2026-02-14T16:18:46.278+0000] {dagbag.py:545} INFO - Filling up the DagBag from /home/airflow/.local/lib/python3.12/site-packages/airflow/example_dags/example_branch_operator.py
[2026-02-14T16:18:46.293+0000] {processor.py:840} INFO - DAG(s) 'example_branch_operator' retrieved from /home/airflow/.local/lib/python3.12/site-packages/airflow/example_dags/example_branch_operator.py
[2026-02-14T16:18:46.317+0000] {logging_mixin.py:188} INFO - [2026-02-14T16:18:46.317+0000] {dag.py:3089} INFO - Sync 1 DAGs
[2026-02-14T16:18:46.334+0000] {logging_mixin.py:188} INFO - [2026-02-14T16:18:46.334+0000] {dag.py:3947} INFO - Setting next_dagrun for example_branch_operator to 2026-02-13 00:00:00+00:00, run_after=2026-02-14 00:00:00+00:00
[2026-02-14T16:18:46.350+0000] {processor.py:183} INFO - Processing /home/airflow/.local/lib/python3.12/site-packages/airflow/example_dags/example_branch_operator.py took 0.084 seconds
[2026-02-14T16:19:16.363+0000] {processor.py:161} INFO - Started process (PID=3861) to work on /home/airflow/.local/lib/python3.12/site-packages/airflow/example_dags/example_branch_operator.py
[2026-02-14T16:19:16.364+0000] {processor.py:830} INFO - Processing file /home/airflow/.local/lib/python3.12/site-packages/airflow/example_dags/example_branch_operator.py for tasks to queue
[2026-02-14T16:19:16.365+0000] {logging_mixin.py:188} INFO - [2026-02-14T16:19:16.365+0000] {dagbag.py:545} INFO - Filling up the DagBag from /home/airflow/.local/lib/python3.12/site-packages/airflow/example_dags/example_branch_operator.py
[2026-02-14T16:19:16.371+0000] {processor.py:840} INFO - DAG(s) 'example_branch_operator' retrieved from /home/airflow/.local/lib/python3.12/site-packages/airflow/example_dags/example_branch_operator.py
[2026-02-14T16:19:16.381+0000] {logging_mixin.py:188} INFO - [2026-02-14T16:19:16.381+0000] {dag.py:3089} INFO - Sync 1 DAGs
[2026-02-14T16:19:16.389+0000] {logging_mixin.py:188} INFO - [2026-02-14T16:19:16.389+0000] {dag.py:3947} INFO - Setting next_dagrun for example_branch_operator to 2026-02-13 00:00:00+00:00, run_after=2026-02-14 00:00:00+00:00
[2026-02-14T16:19:16.395+0000] {processor.py:183} INFO - Processing /home/airflow/.local/lib/python3.12/site-packages/airflow/example_dags/example_branch_operator.py took 0.034 seconds
[2026-02-14T16:19:47.312+0000] {processor.py:161} INFO - Started process (PID=3920) to work on /home/airflow/.local/lib/python3.12/site-packages/airflow/example_dags/example_branch_operator.py
[2026-02-14T16:19:47.312+0000] {processor.py:830} INFO - Processing file /home/airflow/.local/lib/python3.12/site-packages/airflow/example_dags/example_branch_operator.py for tasks to queue
[2026-02-14T16:19:47.314+0000] {logging_mixin.py:188} INFO - [2026-02-14T16:19:47.313+0000] {dagbag.py:545} INFO - Filling up the DagBag from /home/airflow/.local/lib/python3.12/site-packages/airflow/example_dags/example_branch_operator.py
[2026-02-14T16:19:47.322+0000] {processor.py:840} INFO - DAG(s) 'example_branch_operator' retrieved from /home/airflow/.local/lib/python3.12/site-packages/airflow/example_dags/example_branch_operator.py
[2026-02-14T16:19:47.341+0000] {logging_mixin.py:188} INFO - [2026-02-14T16:19:47.340+0000] {dag.py:3089} INFO - Sync 1 DAGs
[2026-02-14T16:19:47.356+0000] {logging_mixin.py:188} INFO - [2026-02-14T16:19:47.356+0000] {dag.py:3947} INFO - Setting next_dagrun for example_branch_operator to 2026-02-13 00:00:00+00:00, run_after=2026-02-14 00:00:00+00:00
[2026-02-14T16:19:47.369+0000] {processor.py:183} INFO - Processing /home/airflow/.local/lib/python3.12/site-packages/airflow/example_dags/example_branch_operator.py took 0.065 seconds
[2026-02-14T16:20:18.021+0000] {processor.py:161} INFO - Started process (PID=3979) to work on /home/airflow/.local/lib/python3.12/site-packages/airflow/example_dags/example_branch_operator.py
[2026-02-14T16:20:18.028+0000] {processor.py:830} INFO - Processing file /home/airflow/.local/lib/python3.12/site-packages/airflow/example_dags/example_branch_operator.py for tasks to queue
[2026-02-14T16:20:18.030+0000] {logging_mixin.py:188} INFO - [2026-02-14T16:20:18.030+0000] {dagbag.py:545} INFO - Filling up the DagBag from /home/airflow/.local/lib/python3.12/site-packages/airflow/example_dags/example_branch_operator.py
[2026-02-14T16:20:18.046+0000] {processor.py:840} INFO - DAG(s) 'example_branch_operator' retrieved from /home/airflow/.local/lib/python3.12/site-packages/airflow/example_dags/example_branch_operator.py
[2026-02-14T16:20:18.077+0000] {logging_mixin.py:188} INFO - [2026-02-14T16:20:18.077+0000] {dag.py:3089} INFO - Sync 1 DAGs
[2026-02-14T16:20:18.094+0000] {logging_mixin.py:188} INFO - [2026-02-14T16:20:18.094+0000] {dag.py:3947} INFO - Setting next_dagrun for example_branch_operator to 2026-02-13 00:00:00+00:00, run_after=2026-02-14 00:00:00+00:00
[2026-02-14T16:20:18.188+0000] {processor.py:183} INFO - Processing /home/airflow/.local/lib/python3.12/site-packages/airflow/example_dags/example_branch_operator.py took 0.178 seconds
[2026-02-14T16:20:49.112+0000] {processor.py:161} INFO - Started process (PID=4038) to work on /home/airflow/.local/lib/python3.12/site-packages/airflow/example_dags/example_branch_operator.py
[2026-02-14T16:20:49.113+0000] {processor.py:830} INFO - Processing file /home/airflow/.local/lib/python3.12/site-packages/airflow/example_dags/example_branch_operator.py for tasks to queue
[2026-02-14T16:20:49.115+0000] {logging_mixin.py:188} INFO - [2026-02-14T16:20:49.115+0000] {dagbag.py:545} INFO - Filling up the DagBag from /home/airflow/.local/lib/python3.12/site-packages/airflow/example_dags/example_branch_operator.py
[2026-02-14T16:20:49.127+0000] {processor.py:840} INFO - DAG(s) 'example_branch_operator' retrieved from /home/airflow/.local/lib/python3.12/site-packages/airflow/example_dags/example_branch_operator.py
[2026-02-14T16:20:49.143+0000] {logging_mixin.py:188} INFO - [2026-02-14T16:20:49.143+0000] {dag.py:3089} INFO - Sync 1 DAGs
[2026-02-14T16:20:49.154+0000] {logging_mixin.py:188} INFO - [2026-02-14T16:20:49.153+0000] {dag.py:3947} INFO - Setting next_dagrun for example_branch_operator to 2026-02-13 00:00:00+00:00, run_after=2026-02-14 00:00:00+00:00
[2026-02-14T16:20:49.163+0000] {processor.py:183} INFO - Processing /home/airflow/.local/lib/python3.12/site-packages/airflow/example_dags/example_branch_operator.py took 0.059 seconds
[2026-02-14T16:21:19.606+0000] {processor.py:161} INFO - Started process (PID=4097) to work on /home/airflow/.local/lib/python3.12/site-packages/airflow/example_dags/example_branch_operator.py
[2026-02-14T16:21:19.607+0000] {processor.py:830} INFO - Processing file /home/airflow/.local/lib/python3.12/site-packages/airflow/example_dags/example_branch_operator.py for tasks to queue
[2026-02-14T16:21:19.609+0000] {logging_mixin.py:188} INFO - [2026-02-14T16:21:19.609+0000] {dagbag.py:545} INFO - Filling up the DagBag from /home/airflow/.local/lib/python3.12/site-packages/airflow/example_dags/example_branch_operator.py
[2026-02-14T16:21:19.623+0000] {processor.py:840} INFO - DAG(s) 'example_branch_operator' retrieved from /home/airflow/.local/lib/python3.12/site-packages/airflow/example_dags/example_branch_operator.py
[2026-02-14T16:21:19.640+0000] {logging_mixin.py:188} INFO - [2026-02-14T16:21:19.640+0000] {dag.py:3089} INFO - Sync 1 DAGs
[2026-02-14T16:21:19.649+0000] {logging_mixin.py:188} INFO - [2026-02-14T16:21:19.649+0000] {dag.py:3947} INFO - Setting next_dagrun for example_branch_operator to 2026-02-13 00:00:00+00:00, run_after=2026-02-14 00:00:00+00:00
[2026-02-14T16:21:19.655+0000] {processor.py:183} INFO - Processing /home/airflow/.local/lib/python3.12/site-packages/airflow/example_dags/example_branch_operator.py took 0.058 seconds
