[2026-02-14T15:46:37.656+0000] {processor.py:161} INFO - Started process (PID=54) to work on /home/airflow/.local/lib/python3.12/site-packages/airflow/example_dags/example_kubernetes_executor.py
[2026-02-14T15:46:37.658+0000] {processor.py:830} INFO - Processing file /home/airflow/.local/lib/python3.12/site-packages/airflow/example_dags/example_kubernetes_executor.py for tasks to queue
[2026-02-14T15:46:37.663+0000] {logging_mixin.py:188} INFO - [2026-02-14T15:46:37.661+0000] {dagbag.py:545} INFO - Filling up the DagBag from /home/airflow/.local/lib/python3.12/site-packages/airflow/example_dags/example_kubernetes_executor.py
[2026-02-14T15:46:37.678+0000] {processor.py:840} INFO - DAG(s) 'example_kubernetes_executor' retrieved from /home/airflow/.local/lib/python3.12/site-packages/airflow/example_dags/example_kubernetes_executor.py
[2026-02-14T15:46:37.691+0000] {logging_mixin.py:188} INFO - [2026-02-14T15:46:37.690+0000] {dag.py:3089} INFO - Sync 1 DAGs
[2026-02-14T15:46:37.701+0000] {logging_mixin.py:188} INFO - [2026-02-14T15:46:37.700+0000] {dag.py:3947} INFO - Setting next_dagrun for example_kubernetes_executor to None, run_after=None
[2026-02-14T15:46:37.717+0000] {processor.py:183} INFO - Processing /home/airflow/.local/lib/python3.12/site-packages/airflow/example_dags/example_kubernetes_executor.py took 0.067 seconds
[2026-02-14T15:47:08.574+0000] {processor.py:161} INFO - Started process (PID=113) to work on /home/airflow/.local/lib/python3.12/site-packages/airflow/example_dags/example_kubernetes_executor.py
[2026-02-14T15:47:08.575+0000] {processor.py:830} INFO - Processing file /home/airflow/.local/lib/python3.12/site-packages/airflow/example_dags/example_kubernetes_executor.py for tasks to queue
[2026-02-14T15:47:08.577+0000] {logging_mixin.py:188} INFO - [2026-02-14T15:47:08.577+0000] {dagbag.py:545} INFO - Filling up the DagBag from /home/airflow/.local/lib/python3.12/site-packages/airflow/example_dags/example_kubernetes_executor.py
[2026-02-14T15:47:08.583+0000] {processor.py:840} INFO - DAG(s) 'example_kubernetes_executor' retrieved from /home/airflow/.local/lib/python3.12/site-packages/airflow/example_dags/example_kubernetes_executor.py
[2026-02-14T15:47:08.622+0000] {logging_mixin.py:188} INFO - [2026-02-14T15:47:08.622+0000] {dag.py:3089} INFO - Sync 1 DAGs
[2026-02-14T15:47:08.626+0000] {logging_mixin.py:188} INFO - [2026-02-14T15:47:08.626+0000] {dag.py:3947} INFO - Setting next_dagrun for example_kubernetes_executor to None, run_after=None
[2026-02-14T15:47:08.632+0000] {processor.py:183} INFO - Processing /home/airflow/.local/lib/python3.12/site-packages/airflow/example_dags/example_kubernetes_executor.py took 0.061 seconds
[2026-02-14T15:47:39.646+0000] {processor.py:161} INFO - Started process (PID=178) to work on /home/airflow/.local/lib/python3.12/site-packages/airflow/example_dags/example_kubernetes_executor.py
[2026-02-14T15:47:39.647+0000] {processor.py:830} INFO - Processing file /home/airflow/.local/lib/python3.12/site-packages/airflow/example_dags/example_kubernetes_executor.py for tasks to queue
[2026-02-14T15:47:39.649+0000] {logging_mixin.py:188} INFO - [2026-02-14T15:47:39.649+0000] {dagbag.py:545} INFO - Filling up the DagBag from /home/airflow/.local/lib/python3.12/site-packages/airflow/example_dags/example_kubernetes_executor.py
[2026-02-14T15:47:39.661+0000] {processor.py:840} INFO - DAG(s) 'example_kubernetes_executor' retrieved from /home/airflow/.local/lib/python3.12/site-packages/airflow/example_dags/example_kubernetes_executor.py
[2026-02-14T15:47:39.677+0000] {logging_mixin.py:188} INFO - [2026-02-14T15:47:39.677+0000] {dag.py:3089} INFO - Sync 1 DAGs
[2026-02-14T15:47:39.681+0000] {logging_mixin.py:188} INFO - [2026-02-14T15:47:39.681+0000] {dag.py:3947} INFO - Setting next_dagrun for example_kubernetes_executor to None, run_after=None
[2026-02-14T15:47:39.690+0000] {processor.py:183} INFO - Processing /home/airflow/.local/lib/python3.12/site-packages/airflow/example_dags/example_kubernetes_executor.py took 0.049 seconds
[2026-02-14T15:48:10.273+0000] {processor.py:161} INFO - Started process (PID=237) to work on /home/airflow/.local/lib/python3.12/site-packages/airflow/example_dags/example_kubernetes_executor.py
[2026-02-14T15:48:10.274+0000] {processor.py:830} INFO - Processing file /home/airflow/.local/lib/python3.12/site-packages/airflow/example_dags/example_kubernetes_executor.py for tasks to queue
[2026-02-14T15:48:10.275+0000] {logging_mixin.py:188} INFO - [2026-02-14T15:48:10.275+0000] {dagbag.py:545} INFO - Filling up the DagBag from /home/airflow/.local/lib/python3.12/site-packages/airflow/example_dags/example_kubernetes_executor.py
[2026-02-14T15:48:10.285+0000] {processor.py:840} INFO - DAG(s) 'example_kubernetes_executor' retrieved from /home/airflow/.local/lib/python3.12/site-packages/airflow/example_dags/example_kubernetes_executor.py
[2026-02-14T15:48:10.307+0000] {logging_mixin.py:188} INFO - [2026-02-14T15:48:10.307+0000] {dag.py:3089} INFO - Sync 1 DAGs
[2026-02-14T15:48:10.312+0000] {logging_mixin.py:188} INFO - [2026-02-14T15:48:10.312+0000] {dag.py:3947} INFO - Setting next_dagrun for example_kubernetes_executor to None, run_after=None
[2026-02-14T15:48:10.321+0000] {processor.py:183} INFO - Processing /home/airflow/.local/lib/python3.12/site-packages/airflow/example_dags/example_kubernetes_executor.py took 0.052 seconds
[2026-02-14T15:48:40.861+0000] {processor.py:161} INFO - Started process (PID=296) to work on /home/airflow/.local/lib/python3.12/site-packages/airflow/example_dags/example_kubernetes_executor.py
[2026-02-14T15:48:40.863+0000] {processor.py:830} INFO - Processing file /home/airflow/.local/lib/python3.12/site-packages/airflow/example_dags/example_kubernetes_executor.py for tasks to queue
[2026-02-14T15:48:40.863+0000] {logging_mixin.py:188} INFO - [2026-02-14T15:48:40.863+0000] {dagbag.py:545} INFO - Filling up the DagBag from /home/airflow/.local/lib/python3.12/site-packages/airflow/example_dags/example_kubernetes_executor.py
[2026-02-14T15:48:40.871+0000] {processor.py:840} INFO - DAG(s) 'example_kubernetes_executor' retrieved from /home/airflow/.local/lib/python3.12/site-packages/airflow/example_dags/example_kubernetes_executor.py
[2026-02-14T15:48:40.891+0000] {logging_mixin.py:188} INFO - [2026-02-14T15:48:40.890+0000] {dag.py:3089} INFO - Sync 1 DAGs
[2026-02-14T15:48:40.895+0000] {logging_mixin.py:188} INFO - [2026-02-14T15:48:40.895+0000] {dag.py:3947} INFO - Setting next_dagrun for example_kubernetes_executor to None, run_after=None
[2026-02-14T15:48:40.903+0000] {processor.py:183} INFO - Processing /home/airflow/.local/lib/python3.12/site-packages/airflow/example_dags/example_kubernetes_executor.py took 0.046 seconds
[2026-02-14T15:49:11.511+0000] {processor.py:161} INFO - Started process (PID=355) to work on /home/airflow/.local/lib/python3.12/site-packages/airflow/example_dags/example_kubernetes_executor.py
[2026-02-14T15:49:11.512+0000] {processor.py:830} INFO - Processing file /home/airflow/.local/lib/python3.12/site-packages/airflow/example_dags/example_kubernetes_executor.py for tasks to queue
[2026-02-14T15:49:11.514+0000] {logging_mixin.py:188} INFO - [2026-02-14T15:49:11.514+0000] {dagbag.py:545} INFO - Filling up the DagBag from /home/airflow/.local/lib/python3.12/site-packages/airflow/example_dags/example_kubernetes_executor.py
[2026-02-14T15:49:11.523+0000] {processor.py:840} INFO - DAG(s) 'example_kubernetes_executor' retrieved from /home/airflow/.local/lib/python3.12/site-packages/airflow/example_dags/example_kubernetes_executor.py
[2026-02-14T15:49:11.541+0000] {logging_mixin.py:188} INFO - [2026-02-14T15:49:11.541+0000] {dag.py:3089} INFO - Sync 1 DAGs
[2026-02-14T15:49:11.547+0000] {logging_mixin.py:188} INFO - [2026-02-14T15:49:11.546+0000] {dag.py:3947} INFO - Setting next_dagrun for example_kubernetes_executor to None, run_after=None
[2026-02-14T15:49:11.555+0000] {processor.py:183} INFO - Processing /home/airflow/.local/lib/python3.12/site-packages/airflow/example_dags/example_kubernetes_executor.py took 0.050 seconds
[2026-02-14T15:49:41.875+0000] {processor.py:161} INFO - Started process (PID=414) to work on /home/airflow/.local/lib/python3.12/site-packages/airflow/example_dags/example_kubernetes_executor.py
[2026-02-14T15:49:41.877+0000] {processor.py:830} INFO - Processing file /home/airflow/.local/lib/python3.12/site-packages/airflow/example_dags/example_kubernetes_executor.py for tasks to queue
[2026-02-14T15:49:41.877+0000] {logging_mixin.py:188} INFO - [2026-02-14T15:49:41.877+0000] {dagbag.py:545} INFO - Filling up the DagBag from /home/airflow/.local/lib/python3.12/site-packages/airflow/example_dags/example_kubernetes_executor.py
[2026-02-14T15:49:41.881+0000] {processor.py:840} INFO - DAG(s) 'example_kubernetes_executor' retrieved from /home/airflow/.local/lib/python3.12/site-packages/airflow/example_dags/example_kubernetes_executor.py
[2026-02-14T15:49:41.898+0000] {logging_mixin.py:188} INFO - [2026-02-14T15:49:41.898+0000] {dag.py:3089} INFO - Sync 1 DAGs
[2026-02-14T15:49:41.903+0000] {logging_mixin.py:188} INFO - [2026-02-14T15:49:41.903+0000] {dag.py:3947} INFO - Setting next_dagrun for example_kubernetes_executor to None, run_after=None
[2026-02-14T15:49:41.912+0000] {processor.py:183} INFO - Processing /home/airflow/.local/lib/python3.12/site-packages/airflow/example_dags/example_kubernetes_executor.py took 0.039 seconds
[2026-02-14T15:50:12.285+0000] {processor.py:161} INFO - Started process (PID=473) to work on /home/airflow/.local/lib/python3.12/site-packages/airflow/example_dags/example_kubernetes_executor.py
[2026-02-14T15:50:12.286+0000] {processor.py:830} INFO - Processing file /home/airflow/.local/lib/python3.12/site-packages/airflow/example_dags/example_kubernetes_executor.py for tasks to queue
[2026-02-14T15:50:12.287+0000] {logging_mixin.py:188} INFO - [2026-02-14T15:50:12.287+0000] {dagbag.py:545} INFO - Filling up the DagBag from /home/airflow/.local/lib/python3.12/site-packages/airflow/example_dags/example_kubernetes_executor.py
[2026-02-14T15:50:12.293+0000] {processor.py:840} INFO - DAG(s) 'example_kubernetes_executor' retrieved from /home/airflow/.local/lib/python3.12/site-packages/airflow/example_dags/example_kubernetes_executor.py
[2026-02-14T15:50:12.312+0000] {logging_mixin.py:188} INFO - [2026-02-14T15:50:12.312+0000] {dag.py:3089} INFO - Sync 1 DAGs
[2026-02-14T15:50:12.317+0000] {logging_mixin.py:188} INFO - [2026-02-14T15:50:12.317+0000] {dag.py:3947} INFO - Setting next_dagrun for example_kubernetes_executor to None, run_after=None
[2026-02-14T15:50:12.327+0000] {processor.py:183} INFO - Processing /home/airflow/.local/lib/python3.12/site-packages/airflow/example_dags/example_kubernetes_executor.py took 0.044 seconds
[2026-02-14T15:50:42.739+0000] {processor.py:161} INFO - Started process (PID=532) to work on /home/airflow/.local/lib/python3.12/site-packages/airflow/example_dags/example_kubernetes_executor.py
[2026-02-14T15:50:42.740+0000] {processor.py:830} INFO - Processing file /home/airflow/.local/lib/python3.12/site-packages/airflow/example_dags/example_kubernetes_executor.py for tasks to queue
[2026-02-14T15:50:42.741+0000] {logging_mixin.py:188} INFO - [2026-02-14T15:50:42.741+0000] {dagbag.py:545} INFO - Filling up the DagBag from /home/airflow/.local/lib/python3.12/site-packages/airflow/example_dags/example_kubernetes_executor.py
[2026-02-14T15:50:42.751+0000] {processor.py:840} INFO - DAG(s) 'example_kubernetes_executor' retrieved from /home/airflow/.local/lib/python3.12/site-packages/airflow/example_dags/example_kubernetes_executor.py
[2026-02-14T15:50:42.775+0000] {logging_mixin.py:188} INFO - [2026-02-14T15:50:42.775+0000] {dag.py:3089} INFO - Sync 1 DAGs
[2026-02-14T15:50:42.785+0000] {logging_mixin.py:188} INFO - [2026-02-14T15:50:42.785+0000] {dag.py:3947} INFO - Setting next_dagrun for example_kubernetes_executor to None, run_after=None
[2026-02-14T15:50:42.795+0000] {processor.py:183} INFO - Processing /home/airflow/.local/lib/python3.12/site-packages/airflow/example_dags/example_kubernetes_executor.py took 0.061 seconds
[2026-02-14T15:51:13.453+0000] {processor.py:161} INFO - Started process (PID=591) to work on /home/airflow/.local/lib/python3.12/site-packages/airflow/example_dags/example_kubernetes_executor.py
[2026-02-14T15:51:13.455+0000] {processor.py:830} INFO - Processing file /home/airflow/.local/lib/python3.12/site-packages/airflow/example_dags/example_kubernetes_executor.py for tasks to queue
[2026-02-14T15:51:13.456+0000] {logging_mixin.py:188} INFO - [2026-02-14T15:51:13.456+0000] {dagbag.py:545} INFO - Filling up the DagBag from /home/airflow/.local/lib/python3.12/site-packages/airflow/example_dags/example_kubernetes_executor.py
[2026-02-14T15:51:13.466+0000] {processor.py:840} INFO - DAG(s) 'example_kubernetes_executor' retrieved from /home/airflow/.local/lib/python3.12/site-packages/airflow/example_dags/example_kubernetes_executor.py
[2026-02-14T15:51:13.490+0000] {logging_mixin.py:188} INFO - [2026-02-14T15:51:13.490+0000] {dag.py:3089} INFO - Sync 1 DAGs
[2026-02-14T15:51:13.497+0000] {logging_mixin.py:188} INFO - [2026-02-14T15:51:13.497+0000] {dag.py:3947} INFO - Setting next_dagrun for example_kubernetes_executor to None, run_after=None
[2026-02-14T15:51:13.508+0000] {processor.py:183} INFO - Processing /home/airflow/.local/lib/python3.12/site-packages/airflow/example_dags/example_kubernetes_executor.py took 0.059 seconds
[2026-02-14T15:51:43.973+0000] {processor.py:161} INFO - Started process (PID=650) to work on /home/airflow/.local/lib/python3.12/site-packages/airflow/example_dags/example_kubernetes_executor.py
[2026-02-14T15:51:43.975+0000] {processor.py:830} INFO - Processing file /home/airflow/.local/lib/python3.12/site-packages/airflow/example_dags/example_kubernetes_executor.py for tasks to queue
[2026-02-14T15:51:43.976+0000] {logging_mixin.py:188} INFO - [2026-02-14T15:51:43.976+0000] {dagbag.py:545} INFO - Filling up the DagBag from /home/airflow/.local/lib/python3.12/site-packages/airflow/example_dags/example_kubernetes_executor.py
[2026-02-14T15:51:43.988+0000] {processor.py:840} INFO - DAG(s) 'example_kubernetes_executor' retrieved from /home/airflow/.local/lib/python3.12/site-packages/airflow/example_dags/example_kubernetes_executor.py
[2026-02-14T15:51:44.011+0000] {logging_mixin.py:188} INFO - [2026-02-14T15:51:44.011+0000] {dag.py:3089} INFO - Sync 1 DAGs
[2026-02-14T15:51:44.017+0000] {logging_mixin.py:188} INFO - [2026-02-14T15:51:44.017+0000] {dag.py:3947} INFO - Setting next_dagrun for example_kubernetes_executor to None, run_after=None
[2026-02-14T15:51:44.025+0000] {processor.py:183} INFO - Processing /home/airflow/.local/lib/python3.12/site-packages/airflow/example_dags/example_kubernetes_executor.py took 0.056 seconds
[2026-02-14T15:52:14.426+0000] {processor.py:161} INFO - Started process (PID=709) to work on /home/airflow/.local/lib/python3.12/site-packages/airflow/example_dags/example_kubernetes_executor.py
[2026-02-14T15:52:14.427+0000] {processor.py:830} INFO - Processing file /home/airflow/.local/lib/python3.12/site-packages/airflow/example_dags/example_kubernetes_executor.py for tasks to queue
[2026-02-14T15:52:14.428+0000] {logging_mixin.py:188} INFO - [2026-02-14T15:52:14.428+0000] {dagbag.py:545} INFO - Filling up the DagBag from /home/airflow/.local/lib/python3.12/site-packages/airflow/example_dags/example_kubernetes_executor.py
[2026-02-14T15:52:14.435+0000] {processor.py:840} INFO - DAG(s) 'example_kubernetes_executor' retrieved from /home/airflow/.local/lib/python3.12/site-packages/airflow/example_dags/example_kubernetes_executor.py
[2026-02-14T15:52:14.460+0000] {logging_mixin.py:188} INFO - [2026-02-14T15:52:14.460+0000] {dag.py:3089} INFO - Sync 1 DAGs
[2026-02-14T15:52:14.470+0000] {logging_mixin.py:188} INFO - [2026-02-14T15:52:14.470+0000] {dag.py:3947} INFO - Setting next_dagrun for example_kubernetes_executor to None, run_after=None
[2026-02-14T15:52:14.479+0000] {processor.py:183} INFO - Processing /home/airflow/.local/lib/python3.12/site-packages/airflow/example_dags/example_kubernetes_executor.py took 0.057 seconds
[2026-02-14T15:52:44.891+0000] {processor.py:161} INFO - Started process (PID=768) to work on /home/airflow/.local/lib/python3.12/site-packages/airflow/example_dags/example_kubernetes_executor.py
[2026-02-14T15:52:44.892+0000] {processor.py:830} INFO - Processing file /home/airflow/.local/lib/python3.12/site-packages/airflow/example_dags/example_kubernetes_executor.py for tasks to queue
[2026-02-14T15:52:44.895+0000] {logging_mixin.py:188} INFO - [2026-02-14T15:52:44.895+0000] {dagbag.py:545} INFO - Filling up the DagBag from /home/airflow/.local/lib/python3.12/site-packages/airflow/example_dags/example_kubernetes_executor.py
[2026-02-14T15:52:44.901+0000] {processor.py:840} INFO - DAG(s) 'example_kubernetes_executor' retrieved from /home/airflow/.local/lib/python3.12/site-packages/airflow/example_dags/example_kubernetes_executor.py
[2026-02-14T15:52:44.919+0000] {logging_mixin.py:188} INFO - [2026-02-14T15:52:44.919+0000] {dag.py:3089} INFO - Sync 1 DAGs
[2026-02-14T15:52:44.924+0000] {logging_mixin.py:188} INFO - [2026-02-14T15:52:44.924+0000] {dag.py:3947} INFO - Setting next_dagrun for example_kubernetes_executor to None, run_after=None
[2026-02-14T15:52:44.932+0000] {processor.py:183} INFO - Processing /home/airflow/.local/lib/python3.12/site-packages/airflow/example_dags/example_kubernetes_executor.py took 0.044 seconds
[2026-02-14T15:53:15.244+0000] {processor.py:161} INFO - Started process (PID=827) to work on /home/airflow/.local/lib/python3.12/site-packages/airflow/example_dags/example_kubernetes_executor.py
[2026-02-14T15:53:15.245+0000] {processor.py:830} INFO - Processing file /home/airflow/.local/lib/python3.12/site-packages/airflow/example_dags/example_kubernetes_executor.py for tasks to queue
[2026-02-14T15:53:15.246+0000] {logging_mixin.py:188} INFO - [2026-02-14T15:53:15.246+0000] {dagbag.py:545} INFO - Filling up the DagBag from /home/airflow/.local/lib/python3.12/site-packages/airflow/example_dags/example_kubernetes_executor.py
[2026-02-14T15:53:15.257+0000] {processor.py:840} INFO - DAG(s) 'example_kubernetes_executor' retrieved from /home/airflow/.local/lib/python3.12/site-packages/airflow/example_dags/example_kubernetes_executor.py
[2026-02-14T15:53:15.273+0000] {logging_mixin.py:188} INFO - [2026-02-14T15:53:15.273+0000] {dag.py:3089} INFO - Sync 1 DAGs
[2026-02-14T15:53:15.279+0000] {logging_mixin.py:188} INFO - [2026-02-14T15:53:15.279+0000] {dag.py:3947} INFO - Setting next_dagrun for example_kubernetes_executor to None, run_after=None
[2026-02-14T15:53:15.288+0000] {processor.py:183} INFO - Processing /home/airflow/.local/lib/python3.12/site-packages/airflow/example_dags/example_kubernetes_executor.py took 0.049 seconds
[2026-02-14T15:53:45.568+0000] {processor.py:161} INFO - Started process (PID=886) to work on /home/airflow/.local/lib/python3.12/site-packages/airflow/example_dags/example_kubernetes_executor.py
[2026-02-14T15:53:45.569+0000] {processor.py:830} INFO - Processing file /home/airflow/.local/lib/python3.12/site-packages/airflow/example_dags/example_kubernetes_executor.py for tasks to queue
[2026-02-14T15:53:45.571+0000] {logging_mixin.py:188} INFO - [2026-02-14T15:53:45.571+0000] {dagbag.py:545} INFO - Filling up the DagBag from /home/airflow/.local/lib/python3.12/site-packages/airflow/example_dags/example_kubernetes_executor.py
[2026-02-14T15:53:45.579+0000] {processor.py:840} INFO - DAG(s) 'example_kubernetes_executor' retrieved from /home/airflow/.local/lib/python3.12/site-packages/airflow/example_dags/example_kubernetes_executor.py
[2026-02-14T15:53:45.599+0000] {logging_mixin.py:188} INFO - [2026-02-14T15:53:45.598+0000] {dag.py:3089} INFO - Sync 1 DAGs
[2026-02-14T15:53:45.603+0000] {logging_mixin.py:188} INFO - [2026-02-14T15:53:45.603+0000] {dag.py:3947} INFO - Setting next_dagrun for example_kubernetes_executor to None, run_after=None
[2026-02-14T15:53:45.612+0000] {processor.py:183} INFO - Processing /home/airflow/.local/lib/python3.12/site-packages/airflow/example_dags/example_kubernetes_executor.py took 0.050 seconds
[2026-02-14T15:54:16.001+0000] {processor.py:161} INFO - Started process (PID=945) to work on /home/airflow/.local/lib/python3.12/site-packages/airflow/example_dags/example_kubernetes_executor.py
[2026-02-14T15:54:16.003+0000] {processor.py:830} INFO - Processing file /home/airflow/.local/lib/python3.12/site-packages/airflow/example_dags/example_kubernetes_executor.py for tasks to queue
[2026-02-14T15:54:16.006+0000] {logging_mixin.py:188} INFO - [2026-02-14T15:54:16.005+0000] {dagbag.py:545} INFO - Filling up the DagBag from /home/airflow/.local/lib/python3.12/site-packages/airflow/example_dags/example_kubernetes_executor.py
[2026-02-14T15:54:16.014+0000] {processor.py:840} INFO - DAG(s) 'example_kubernetes_executor' retrieved from /home/airflow/.local/lib/python3.12/site-packages/airflow/example_dags/example_kubernetes_executor.py
[2026-02-14T15:54:16.034+0000] {logging_mixin.py:188} INFO - [2026-02-14T15:54:16.033+0000] {dag.py:3089} INFO - Sync 1 DAGs
[2026-02-14T15:54:16.039+0000] {logging_mixin.py:188} INFO - [2026-02-14T15:54:16.039+0000] {dag.py:3947} INFO - Setting next_dagrun for example_kubernetes_executor to None, run_after=None
[2026-02-14T15:54:16.051+0000] {processor.py:183} INFO - Processing /home/airflow/.local/lib/python3.12/site-packages/airflow/example_dags/example_kubernetes_executor.py took 0.054 seconds
[2026-02-14T15:54:46.518+0000] {processor.py:161} INFO - Started process (PID=1004) to work on /home/airflow/.local/lib/python3.12/site-packages/airflow/example_dags/example_kubernetes_executor.py
[2026-02-14T15:54:46.521+0000] {processor.py:830} INFO - Processing file /home/airflow/.local/lib/python3.12/site-packages/airflow/example_dags/example_kubernetes_executor.py for tasks to queue
[2026-02-14T15:54:46.524+0000] {logging_mixin.py:188} INFO - [2026-02-14T15:54:46.523+0000] {dagbag.py:545} INFO - Filling up the DagBag from /home/airflow/.local/lib/python3.12/site-packages/airflow/example_dags/example_kubernetes_executor.py
[2026-02-14T15:54:46.532+0000] {processor.py:840} INFO - DAG(s) 'example_kubernetes_executor' retrieved from /home/airflow/.local/lib/python3.12/site-packages/airflow/example_dags/example_kubernetes_executor.py
[2026-02-14T15:54:46.549+0000] {logging_mixin.py:188} INFO - [2026-02-14T15:54:46.549+0000] {dag.py:3089} INFO - Sync 1 DAGs
[2026-02-14T15:54:46.556+0000] {logging_mixin.py:188} INFO - [2026-02-14T15:54:46.556+0000] {dag.py:3947} INFO - Setting next_dagrun for example_kubernetes_executor to None, run_after=None
[2026-02-14T15:54:46.564+0000] {processor.py:183} INFO - Processing /home/airflow/.local/lib/python3.12/site-packages/airflow/example_dags/example_kubernetes_executor.py took 0.053 seconds
[2026-02-14T15:55:16.970+0000] {processor.py:161} INFO - Started process (PID=1063) to work on /home/airflow/.local/lib/python3.12/site-packages/airflow/example_dags/example_kubernetes_executor.py
[2026-02-14T15:55:16.972+0000] {processor.py:830} INFO - Processing file /home/airflow/.local/lib/python3.12/site-packages/airflow/example_dags/example_kubernetes_executor.py for tasks to queue
[2026-02-14T15:55:16.976+0000] {logging_mixin.py:188} INFO - [2026-02-14T15:55:16.976+0000] {dagbag.py:545} INFO - Filling up the DagBag from /home/airflow/.local/lib/python3.12/site-packages/airflow/example_dags/example_kubernetes_executor.py
[2026-02-14T15:55:16.990+0000] {processor.py:840} INFO - DAG(s) 'example_kubernetes_executor' retrieved from /home/airflow/.local/lib/python3.12/site-packages/airflow/example_dags/example_kubernetes_executor.py
[2026-02-14T15:55:17.037+0000] {logging_mixin.py:188} INFO - [2026-02-14T15:55:17.037+0000] {dag.py:3089} INFO - Sync 1 DAGs
[2026-02-14T15:55:17.068+0000] {logging_mixin.py:188} INFO - [2026-02-14T15:55:17.067+0000] {dag.py:3947} INFO - Setting next_dagrun for example_kubernetes_executor to None, run_after=None
[2026-02-14T15:55:17.129+0000] {processor.py:183} INFO - Processing /home/airflow/.local/lib/python3.12/site-packages/airflow/example_dags/example_kubernetes_executor.py took 0.166 seconds
[2026-02-14T15:55:47.430+0000] {processor.py:161} INFO - Started process (PID=1121) to work on /home/airflow/.local/lib/python3.12/site-packages/airflow/example_dags/example_kubernetes_executor.py
[2026-02-14T15:55:47.431+0000] {processor.py:830} INFO - Processing file /home/airflow/.local/lib/python3.12/site-packages/airflow/example_dags/example_kubernetes_executor.py for tasks to queue
[2026-02-14T15:55:47.432+0000] {logging_mixin.py:188} INFO - [2026-02-14T15:55:47.432+0000] {dagbag.py:545} INFO - Filling up the DagBag from /home/airflow/.local/lib/python3.12/site-packages/airflow/example_dags/example_kubernetes_executor.py
[2026-02-14T15:55:47.438+0000] {processor.py:840} INFO - DAG(s) 'example_kubernetes_executor' retrieved from /home/airflow/.local/lib/python3.12/site-packages/airflow/example_dags/example_kubernetes_executor.py
[2026-02-14T15:55:47.455+0000] {logging_mixin.py:188} INFO - [2026-02-14T15:55:47.455+0000] {dag.py:3089} INFO - Sync 1 DAGs
[2026-02-14T15:55:47.460+0000] {logging_mixin.py:188} INFO - [2026-02-14T15:55:47.460+0000] {dag.py:3947} INFO - Setting next_dagrun for example_kubernetes_executor to None, run_after=None
[2026-02-14T15:55:47.467+0000] {processor.py:183} INFO - Processing /home/airflow/.local/lib/python3.12/site-packages/airflow/example_dags/example_kubernetes_executor.py took 0.040 seconds
[2026-02-14T15:56:17.944+0000] {processor.py:161} INFO - Started process (PID=1180) to work on /home/airflow/.local/lib/python3.12/site-packages/airflow/example_dags/example_kubernetes_executor.py
[2026-02-14T15:56:17.946+0000] {processor.py:830} INFO - Processing file /home/airflow/.local/lib/python3.12/site-packages/airflow/example_dags/example_kubernetes_executor.py for tasks to queue
[2026-02-14T15:56:17.947+0000] {logging_mixin.py:188} INFO - [2026-02-14T15:56:17.947+0000] {dagbag.py:545} INFO - Filling up the DagBag from /home/airflow/.local/lib/python3.12/site-packages/airflow/example_dags/example_kubernetes_executor.py
[2026-02-14T15:56:17.957+0000] {processor.py:840} INFO - DAG(s) 'example_kubernetes_executor' retrieved from /home/airflow/.local/lib/python3.12/site-packages/airflow/example_dags/example_kubernetes_executor.py
[2026-02-14T15:56:17.977+0000] {logging_mixin.py:188} INFO - [2026-02-14T15:56:17.977+0000] {dag.py:3089} INFO - Sync 1 DAGs
[2026-02-14T15:56:17.982+0000] {logging_mixin.py:188} INFO - [2026-02-14T15:56:17.982+0000] {dag.py:3947} INFO - Setting next_dagrun for example_kubernetes_executor to None, run_after=None
[2026-02-14T15:56:17.990+0000] {processor.py:183} INFO - Processing /home/airflow/.local/lib/python3.12/site-packages/airflow/example_dags/example_kubernetes_executor.py took 0.051 seconds
[2026-02-14T15:56:48.457+0000] {processor.py:161} INFO - Started process (PID=1239) to work on /home/airflow/.local/lib/python3.12/site-packages/airflow/example_dags/example_kubernetes_executor.py
[2026-02-14T15:56:48.458+0000] {processor.py:830} INFO - Processing file /home/airflow/.local/lib/python3.12/site-packages/airflow/example_dags/example_kubernetes_executor.py for tasks to queue
[2026-02-14T15:56:48.459+0000] {logging_mixin.py:188} INFO - [2026-02-14T15:56:48.459+0000] {dagbag.py:545} INFO - Filling up the DagBag from /home/airflow/.local/lib/python3.12/site-packages/airflow/example_dags/example_kubernetes_executor.py
[2026-02-14T15:56:48.466+0000] {processor.py:840} INFO - DAG(s) 'example_kubernetes_executor' retrieved from /home/airflow/.local/lib/python3.12/site-packages/airflow/example_dags/example_kubernetes_executor.py
[2026-02-14T15:56:48.484+0000] {logging_mixin.py:188} INFO - [2026-02-14T15:56:48.484+0000] {dag.py:3089} INFO - Sync 1 DAGs
[2026-02-14T15:56:48.490+0000] {logging_mixin.py:188} INFO - [2026-02-14T15:56:48.490+0000] {dag.py:3947} INFO - Setting next_dagrun for example_kubernetes_executor to None, run_after=None
[2026-02-14T15:56:48.500+0000] {processor.py:183} INFO - Processing /home/airflow/.local/lib/python3.12/site-packages/airflow/example_dags/example_kubernetes_executor.py took 0.047 seconds
[2026-02-14T15:57:19.194+0000] {processor.py:161} INFO - Started process (PID=1298) to work on /home/airflow/.local/lib/python3.12/site-packages/airflow/example_dags/example_kubernetes_executor.py
[2026-02-14T15:57:19.194+0000] {processor.py:830} INFO - Processing file /home/airflow/.local/lib/python3.12/site-packages/airflow/example_dags/example_kubernetes_executor.py for tasks to queue
[2026-02-14T15:57:19.197+0000] {logging_mixin.py:188} INFO - [2026-02-14T15:57:19.197+0000] {dagbag.py:545} INFO - Filling up the DagBag from /home/airflow/.local/lib/python3.12/site-packages/airflow/example_dags/example_kubernetes_executor.py
[2026-02-14T15:57:19.204+0000] {processor.py:840} INFO - DAG(s) 'example_kubernetes_executor' retrieved from /home/airflow/.local/lib/python3.12/site-packages/airflow/example_dags/example_kubernetes_executor.py
[2026-02-14T15:57:19.224+0000] {logging_mixin.py:188} INFO - [2026-02-14T15:57:19.223+0000] {dag.py:3089} INFO - Sync 1 DAGs
[2026-02-14T15:57:19.229+0000] {logging_mixin.py:188} INFO - [2026-02-14T15:57:19.229+0000] {dag.py:3947} INFO - Setting next_dagrun for example_kubernetes_executor to None, run_after=None
[2026-02-14T15:57:19.236+0000] {processor.py:183} INFO - Processing /home/airflow/.local/lib/python3.12/site-packages/airflow/example_dags/example_kubernetes_executor.py took 0.048 seconds
[2026-02-14T15:57:49.833+0000] {processor.py:161} INFO - Started process (PID=1357) to work on /home/airflow/.local/lib/python3.12/site-packages/airflow/example_dags/example_kubernetes_executor.py
[2026-02-14T15:57:49.834+0000] {processor.py:830} INFO - Processing file /home/airflow/.local/lib/python3.12/site-packages/airflow/example_dags/example_kubernetes_executor.py for tasks to queue
[2026-02-14T15:57:49.836+0000] {logging_mixin.py:188} INFO - [2026-02-14T15:57:49.836+0000] {dagbag.py:545} INFO - Filling up the DagBag from /home/airflow/.local/lib/python3.12/site-packages/airflow/example_dags/example_kubernetes_executor.py
[2026-02-14T15:57:49.854+0000] {processor.py:840} INFO - DAG(s) 'example_kubernetes_executor' retrieved from /home/airflow/.local/lib/python3.12/site-packages/airflow/example_dags/example_kubernetes_executor.py
[2026-02-14T15:57:49.878+0000] {logging_mixin.py:188} INFO - [2026-02-14T15:57:49.878+0000] {dag.py:3089} INFO - Sync 1 DAGs
[2026-02-14T15:57:50.004+0000] {logging_mixin.py:188} INFO - [2026-02-14T15:57:50.004+0000] {dag.py:3947} INFO - Setting next_dagrun for example_kubernetes_executor to None, run_after=None
[2026-02-14T15:57:50.019+0000] {processor.py:183} INFO - Processing /home/airflow/.local/lib/python3.12/site-packages/airflow/example_dags/example_kubernetes_executor.py took 0.193 seconds
[2026-02-14T15:58:20.140+0000] {processor.py:161} INFO - Started process (PID=1416) to work on /home/airflow/.local/lib/python3.12/site-packages/airflow/example_dags/example_kubernetes_executor.py
[2026-02-14T15:58:20.141+0000] {processor.py:830} INFO - Processing file /home/airflow/.local/lib/python3.12/site-packages/airflow/example_dags/example_kubernetes_executor.py for tasks to queue
[2026-02-14T15:58:20.142+0000] {logging_mixin.py:188} INFO - [2026-02-14T15:58:20.142+0000] {dagbag.py:545} INFO - Filling up the DagBag from /home/airflow/.local/lib/python3.12/site-packages/airflow/example_dags/example_kubernetes_executor.py
[2026-02-14T15:58:20.149+0000] {processor.py:840} INFO - DAG(s) 'example_kubernetes_executor' retrieved from /home/airflow/.local/lib/python3.12/site-packages/airflow/example_dags/example_kubernetes_executor.py
[2026-02-14T15:58:20.169+0000] {logging_mixin.py:188} INFO - [2026-02-14T15:58:20.169+0000] {dag.py:3089} INFO - Sync 1 DAGs
[2026-02-14T15:58:20.175+0000] {logging_mixin.py:188} INFO - [2026-02-14T15:58:20.175+0000] {dag.py:3947} INFO - Setting next_dagrun for example_kubernetes_executor to None, run_after=None
[2026-02-14T15:58:20.186+0000] {processor.py:183} INFO - Processing /home/airflow/.local/lib/python3.12/site-packages/airflow/example_dags/example_kubernetes_executor.py took 0.049 seconds
[2026-02-14T15:58:50.533+0000] {processor.py:161} INFO - Started process (PID=1475) to work on /home/airflow/.local/lib/python3.12/site-packages/airflow/example_dags/example_kubernetes_executor.py
[2026-02-14T15:58:50.533+0000] {processor.py:830} INFO - Processing file /home/airflow/.local/lib/python3.12/site-packages/airflow/example_dags/example_kubernetes_executor.py for tasks to queue
[2026-02-14T15:58:50.535+0000] {logging_mixin.py:188} INFO - [2026-02-14T15:58:50.534+0000] {dagbag.py:545} INFO - Filling up the DagBag from /home/airflow/.local/lib/python3.12/site-packages/airflow/example_dags/example_kubernetes_executor.py
[2026-02-14T15:58:50.543+0000] {processor.py:840} INFO - DAG(s) 'example_kubernetes_executor' retrieved from /home/airflow/.local/lib/python3.12/site-packages/airflow/example_dags/example_kubernetes_executor.py
[2026-02-14T15:58:50.562+0000] {logging_mixin.py:188} INFO - [2026-02-14T15:58:50.562+0000] {dag.py:3089} INFO - Sync 1 DAGs
[2026-02-14T15:58:50.569+0000] {logging_mixin.py:188} INFO - [2026-02-14T15:58:50.569+0000] {dag.py:3947} INFO - Setting next_dagrun for example_kubernetes_executor to None, run_after=None
[2026-02-14T15:58:50.578+0000] {processor.py:183} INFO - Processing /home/airflow/.local/lib/python3.12/site-packages/airflow/example_dags/example_kubernetes_executor.py took 0.050 seconds
[2026-02-14T15:59:20.856+0000] {processor.py:161} INFO - Started process (PID=1534) to work on /home/airflow/.local/lib/python3.12/site-packages/airflow/example_dags/example_kubernetes_executor.py
[2026-02-14T15:59:20.859+0000] {processor.py:830} INFO - Processing file /home/airflow/.local/lib/python3.12/site-packages/airflow/example_dags/example_kubernetes_executor.py for tasks to queue
[2026-02-14T15:59:20.862+0000] {logging_mixin.py:188} INFO - [2026-02-14T15:59:20.862+0000] {dagbag.py:545} INFO - Filling up the DagBag from /home/airflow/.local/lib/python3.12/site-packages/airflow/example_dags/example_kubernetes_executor.py
[2026-02-14T15:59:20.871+0000] {processor.py:840} INFO - DAG(s) 'example_kubernetes_executor' retrieved from /home/airflow/.local/lib/python3.12/site-packages/airflow/example_dags/example_kubernetes_executor.py
[2026-02-14T15:59:20.890+0000] {logging_mixin.py:188} INFO - [2026-02-14T15:59:20.890+0000] {dag.py:3089} INFO - Sync 1 DAGs
[2026-02-14T15:59:20.895+0000] {logging_mixin.py:188} INFO - [2026-02-14T15:59:20.895+0000] {dag.py:3947} INFO - Setting next_dagrun for example_kubernetes_executor to None, run_after=None
[2026-02-14T15:59:20.902+0000] {processor.py:183} INFO - Processing /home/airflow/.local/lib/python3.12/site-packages/airflow/example_dags/example_kubernetes_executor.py took 0.052 seconds
[2026-02-14T15:59:50.932+0000] {processor.py:161} INFO - Started process (PID=1593) to work on /home/airflow/.local/lib/python3.12/site-packages/airflow/example_dags/example_kubernetes_executor.py
[2026-02-14T15:59:50.932+0000] {processor.py:830} INFO - Processing file /home/airflow/.local/lib/python3.12/site-packages/airflow/example_dags/example_kubernetes_executor.py for tasks to queue
[2026-02-14T15:59:50.933+0000] {logging_mixin.py:188} INFO - [2026-02-14T15:59:50.933+0000] {dagbag.py:545} INFO - Filling up the DagBag from /home/airflow/.local/lib/python3.12/site-packages/airflow/example_dags/example_kubernetes_executor.py
[2026-02-14T15:59:50.938+0000] {processor.py:840} INFO - DAG(s) 'example_kubernetes_executor' retrieved from /home/airflow/.local/lib/python3.12/site-packages/airflow/example_dags/example_kubernetes_executor.py
[2026-02-14T15:59:51.016+0000] {logging_mixin.py:188} INFO - [2026-02-14T15:59:51.016+0000] {dag.py:3089} INFO - Sync 1 DAGs
[2026-02-14T15:59:51.020+0000] {logging_mixin.py:188} INFO - [2026-02-14T15:59:51.020+0000] {dag.py:3947} INFO - Setting next_dagrun for example_kubernetes_executor to None, run_after=None
[2026-02-14T15:59:51.028+0000] {processor.py:183} INFO - Processing /home/airflow/.local/lib/python3.12/site-packages/airflow/example_dags/example_kubernetes_executor.py took 0.098 seconds
[2026-02-14T16:00:21.990+0000] {processor.py:161} INFO - Started process (PID=1652) to work on /home/airflow/.local/lib/python3.12/site-packages/airflow/example_dags/example_kubernetes_executor.py
[2026-02-14T16:00:21.991+0000] {processor.py:830} INFO - Processing file /home/airflow/.local/lib/python3.12/site-packages/airflow/example_dags/example_kubernetes_executor.py for tasks to queue
[2026-02-14T16:00:21.992+0000] {logging_mixin.py:188} INFO - [2026-02-14T16:00:21.992+0000] {dagbag.py:545} INFO - Filling up the DagBag from /home/airflow/.local/lib/python3.12/site-packages/airflow/example_dags/example_kubernetes_executor.py
[2026-02-14T16:00:22.001+0000] {processor.py:840} INFO - DAG(s) 'example_kubernetes_executor' retrieved from /home/airflow/.local/lib/python3.12/site-packages/airflow/example_dags/example_kubernetes_executor.py
[2026-02-14T16:00:22.018+0000] {logging_mixin.py:188} INFO - [2026-02-14T16:00:22.018+0000] {dag.py:3089} INFO - Sync 1 DAGs
[2026-02-14T16:00:22.023+0000] {logging_mixin.py:188} INFO - [2026-02-14T16:00:22.023+0000] {dag.py:3947} INFO - Setting next_dagrun for example_kubernetes_executor to None, run_after=None
[2026-02-14T16:00:22.033+0000] {processor.py:183} INFO - Processing /home/airflow/.local/lib/python3.12/site-packages/airflow/example_dags/example_kubernetes_executor.py took 0.047 seconds
[2026-02-14T16:00:52.521+0000] {processor.py:161} INFO - Started process (PID=1711) to work on /home/airflow/.local/lib/python3.12/site-packages/airflow/example_dags/example_kubernetes_executor.py
[2026-02-14T16:00:52.522+0000] {processor.py:830} INFO - Processing file /home/airflow/.local/lib/python3.12/site-packages/airflow/example_dags/example_kubernetes_executor.py for tasks to queue
[2026-02-14T16:00:52.524+0000] {logging_mixin.py:188} INFO - [2026-02-14T16:00:52.523+0000] {dagbag.py:545} INFO - Filling up the DagBag from /home/airflow/.local/lib/python3.12/site-packages/airflow/example_dags/example_kubernetes_executor.py
[2026-02-14T16:00:52.535+0000] {processor.py:840} INFO - DAG(s) 'example_kubernetes_executor' retrieved from /home/airflow/.local/lib/python3.12/site-packages/airflow/example_dags/example_kubernetes_executor.py
[2026-02-14T16:00:52.555+0000] {logging_mixin.py:188} INFO - [2026-02-14T16:00:52.555+0000] {dag.py:3089} INFO - Sync 1 DAGs
[2026-02-14T16:00:52.560+0000] {logging_mixin.py:188} INFO - [2026-02-14T16:00:52.560+0000] {dag.py:3947} INFO - Setting next_dagrun for example_kubernetes_executor to None, run_after=None
[2026-02-14T16:00:52.570+0000] {processor.py:183} INFO - Processing /home/airflow/.local/lib/python3.12/site-packages/airflow/example_dags/example_kubernetes_executor.py took 0.054 seconds
[2026-02-14T16:01:23.008+0000] {processor.py:161} INFO - Started process (PID=1770) to work on /home/airflow/.local/lib/python3.12/site-packages/airflow/example_dags/example_kubernetes_executor.py
[2026-02-14T16:01:23.009+0000] {processor.py:830} INFO - Processing file /home/airflow/.local/lib/python3.12/site-packages/airflow/example_dags/example_kubernetes_executor.py for tasks to queue
[2026-02-14T16:01:23.011+0000] {logging_mixin.py:188} INFO - [2026-02-14T16:01:23.011+0000] {dagbag.py:545} INFO - Filling up the DagBag from /home/airflow/.local/lib/python3.12/site-packages/airflow/example_dags/example_kubernetes_executor.py
[2026-02-14T16:01:23.020+0000] {processor.py:840} INFO - DAG(s) 'example_kubernetes_executor' retrieved from /home/airflow/.local/lib/python3.12/site-packages/airflow/example_dags/example_kubernetes_executor.py
[2026-02-14T16:01:23.044+0000] {logging_mixin.py:188} INFO - [2026-02-14T16:01:23.044+0000] {dag.py:3089} INFO - Sync 1 DAGs
[2026-02-14T16:01:23.049+0000] {logging_mixin.py:188} INFO - [2026-02-14T16:01:23.049+0000] {dag.py:3947} INFO - Setting next_dagrun for example_kubernetes_executor to None, run_after=None
[2026-02-14T16:01:23.056+0000] {processor.py:183} INFO - Processing /home/airflow/.local/lib/python3.12/site-packages/airflow/example_dags/example_kubernetes_executor.py took 0.053 seconds
[2026-02-14T16:01:53.339+0000] {processor.py:161} INFO - Started process (PID=1829) to work on /home/airflow/.local/lib/python3.12/site-packages/airflow/example_dags/example_kubernetes_executor.py
[2026-02-14T16:01:53.340+0000] {processor.py:830} INFO - Processing file /home/airflow/.local/lib/python3.12/site-packages/airflow/example_dags/example_kubernetes_executor.py for tasks to queue
[2026-02-14T16:01:53.342+0000] {logging_mixin.py:188} INFO - [2026-02-14T16:01:53.342+0000] {dagbag.py:545} INFO - Filling up the DagBag from /home/airflow/.local/lib/python3.12/site-packages/airflow/example_dags/example_kubernetes_executor.py
[2026-02-14T16:01:53.348+0000] {processor.py:840} INFO - DAG(s) 'example_kubernetes_executor' retrieved from /home/airflow/.local/lib/python3.12/site-packages/airflow/example_dags/example_kubernetes_executor.py
[2026-02-14T16:01:53.367+0000] {logging_mixin.py:188} INFO - [2026-02-14T16:01:53.367+0000] {dag.py:3089} INFO - Sync 1 DAGs
[2026-02-14T16:01:53.371+0000] {logging_mixin.py:188} INFO - [2026-02-14T16:01:53.371+0000] {dag.py:3947} INFO - Setting next_dagrun for example_kubernetes_executor to None, run_after=None
[2026-02-14T16:01:53.380+0000] {processor.py:183} INFO - Processing /home/airflow/.local/lib/python3.12/site-packages/airflow/example_dags/example_kubernetes_executor.py took 0.044 seconds
[2026-02-14T16:02:23.759+0000] {processor.py:161} INFO - Started process (PID=1888) to work on /home/airflow/.local/lib/python3.12/site-packages/airflow/example_dags/example_kubernetes_executor.py
[2026-02-14T16:02:23.759+0000] {processor.py:830} INFO - Processing file /home/airflow/.local/lib/python3.12/site-packages/airflow/example_dags/example_kubernetes_executor.py for tasks to queue
[2026-02-14T16:02:23.761+0000] {logging_mixin.py:188} INFO - [2026-02-14T16:02:23.761+0000] {dagbag.py:545} INFO - Filling up the DagBag from /home/airflow/.local/lib/python3.12/site-packages/airflow/example_dags/example_kubernetes_executor.py
[2026-02-14T16:02:23.774+0000] {processor.py:840} INFO - DAG(s) 'example_kubernetes_executor' retrieved from /home/airflow/.local/lib/python3.12/site-packages/airflow/example_dags/example_kubernetes_executor.py
[2026-02-14T16:02:23.791+0000] {logging_mixin.py:188} INFO - [2026-02-14T16:02:23.791+0000] {dag.py:3089} INFO - Sync 1 DAGs
[2026-02-14T16:02:23.795+0000] {logging_mixin.py:188} INFO - [2026-02-14T16:02:23.795+0000] {dag.py:3947} INFO - Setting next_dagrun for example_kubernetes_executor to None, run_after=None
[2026-02-14T16:02:23.806+0000] {processor.py:183} INFO - Processing /home/airflow/.local/lib/python3.12/site-packages/airflow/example_dags/example_kubernetes_executor.py took 0.054 seconds
[2026-02-14T16:02:54.205+0000] {processor.py:161} INFO - Started process (PID=1947) to work on /home/airflow/.local/lib/python3.12/site-packages/airflow/example_dags/example_kubernetes_executor.py
[2026-02-14T16:02:54.206+0000] {processor.py:830} INFO - Processing file /home/airflow/.local/lib/python3.12/site-packages/airflow/example_dags/example_kubernetes_executor.py for tasks to queue
[2026-02-14T16:02:54.208+0000] {logging_mixin.py:188} INFO - [2026-02-14T16:02:54.208+0000] {dagbag.py:545} INFO - Filling up the DagBag from /home/airflow/.local/lib/python3.12/site-packages/airflow/example_dags/example_kubernetes_executor.py
[2026-02-14T16:02:54.217+0000] {processor.py:840} INFO - DAG(s) 'example_kubernetes_executor' retrieved from /home/airflow/.local/lib/python3.12/site-packages/airflow/example_dags/example_kubernetes_executor.py
[2026-02-14T16:02:54.241+0000] {logging_mixin.py:188} INFO - [2026-02-14T16:02:54.241+0000] {dag.py:3089} INFO - Sync 1 DAGs
[2026-02-14T16:02:54.247+0000] {logging_mixin.py:188} INFO - [2026-02-14T16:02:54.247+0000] {dag.py:3947} INFO - Setting next_dagrun for example_kubernetes_executor to None, run_after=None
[2026-02-14T16:02:54.258+0000] {processor.py:183} INFO - Processing /home/airflow/.local/lib/python3.12/site-packages/airflow/example_dags/example_kubernetes_executor.py took 0.057 seconds
[2026-02-14T16:03:24.799+0000] {processor.py:161} INFO - Started process (PID=2006) to work on /home/airflow/.local/lib/python3.12/site-packages/airflow/example_dags/example_kubernetes_executor.py
[2026-02-14T16:03:24.800+0000] {processor.py:830} INFO - Processing file /home/airflow/.local/lib/python3.12/site-packages/airflow/example_dags/example_kubernetes_executor.py for tasks to queue
[2026-02-14T16:03:24.801+0000] {logging_mixin.py:188} INFO - [2026-02-14T16:03:24.801+0000] {dagbag.py:545} INFO - Filling up the DagBag from /home/airflow/.local/lib/python3.12/site-packages/airflow/example_dags/example_kubernetes_executor.py
[2026-02-14T16:03:24.812+0000] {processor.py:840} INFO - DAG(s) 'example_kubernetes_executor' retrieved from /home/airflow/.local/lib/python3.12/site-packages/airflow/example_dags/example_kubernetes_executor.py
[2026-02-14T16:03:24.832+0000] {logging_mixin.py:188} INFO - [2026-02-14T16:03:24.831+0000] {dag.py:3089} INFO - Sync 1 DAGs
[2026-02-14T16:03:24.837+0000] {logging_mixin.py:188} INFO - [2026-02-14T16:03:24.837+0000] {dag.py:3947} INFO - Setting next_dagrun for example_kubernetes_executor to None, run_after=None
[2026-02-14T16:03:24.845+0000] {processor.py:183} INFO - Processing /home/airflow/.local/lib/python3.12/site-packages/airflow/example_dags/example_kubernetes_executor.py took 0.051 seconds
[2026-02-14T16:03:55.332+0000] {processor.py:161} INFO - Started process (PID=2065) to work on /home/airflow/.local/lib/python3.12/site-packages/airflow/example_dags/example_kubernetes_executor.py
[2026-02-14T16:03:55.333+0000] {processor.py:830} INFO - Processing file /home/airflow/.local/lib/python3.12/site-packages/airflow/example_dags/example_kubernetes_executor.py for tasks to queue
[2026-02-14T16:03:55.335+0000] {logging_mixin.py:188} INFO - [2026-02-14T16:03:55.335+0000] {dagbag.py:545} INFO - Filling up the DagBag from /home/airflow/.local/lib/python3.12/site-packages/airflow/example_dags/example_kubernetes_executor.py
[2026-02-14T16:03:55.345+0000] {processor.py:840} INFO - DAG(s) 'example_kubernetes_executor' retrieved from /home/airflow/.local/lib/python3.12/site-packages/airflow/example_dags/example_kubernetes_executor.py
[2026-02-14T16:03:55.364+0000] {logging_mixin.py:188} INFO - [2026-02-14T16:03:55.364+0000] {dag.py:3089} INFO - Sync 1 DAGs
[2026-02-14T16:03:55.369+0000] {logging_mixin.py:188} INFO - [2026-02-14T16:03:55.368+0000] {dag.py:3947} INFO - Setting next_dagrun for example_kubernetes_executor to None, run_after=None
[2026-02-14T16:03:55.376+0000] {processor.py:183} INFO - Processing /home/airflow/.local/lib/python3.12/site-packages/airflow/example_dags/example_kubernetes_executor.py took 0.051 seconds
[2026-02-14T16:04:26.046+0000] {processor.py:161} INFO - Started process (PID=2124) to work on /home/airflow/.local/lib/python3.12/site-packages/airflow/example_dags/example_kubernetes_executor.py
[2026-02-14T16:04:26.047+0000] {processor.py:830} INFO - Processing file /home/airflow/.local/lib/python3.12/site-packages/airflow/example_dags/example_kubernetes_executor.py for tasks to queue
[2026-02-14T16:04:26.049+0000] {logging_mixin.py:188} INFO - [2026-02-14T16:04:26.048+0000] {dagbag.py:545} INFO - Filling up the DagBag from /home/airflow/.local/lib/python3.12/site-packages/airflow/example_dags/example_kubernetes_executor.py
[2026-02-14T16:04:26.057+0000] {processor.py:840} INFO - DAG(s) 'example_kubernetes_executor' retrieved from /home/airflow/.local/lib/python3.12/site-packages/airflow/example_dags/example_kubernetes_executor.py
[2026-02-14T16:04:26.079+0000] {logging_mixin.py:188} INFO - [2026-02-14T16:04:26.079+0000] {dag.py:3089} INFO - Sync 1 DAGs
[2026-02-14T16:04:26.086+0000] {logging_mixin.py:188} INFO - [2026-02-14T16:04:26.086+0000] {dag.py:3947} INFO - Setting next_dagrun for example_kubernetes_executor to None, run_after=None
[2026-02-14T16:04:26.097+0000] {processor.py:183} INFO - Processing /home/airflow/.local/lib/python3.12/site-packages/airflow/example_dags/example_kubernetes_executor.py took 0.056 seconds
[2026-02-14T16:04:56.505+0000] {processor.py:161} INFO - Started process (PID=2183) to work on /home/airflow/.local/lib/python3.12/site-packages/airflow/example_dags/example_kubernetes_executor.py
[2026-02-14T16:04:56.506+0000] {processor.py:830} INFO - Processing file /home/airflow/.local/lib/python3.12/site-packages/airflow/example_dags/example_kubernetes_executor.py for tasks to queue
[2026-02-14T16:04:56.507+0000] {logging_mixin.py:188} INFO - [2026-02-14T16:04:56.507+0000] {dagbag.py:545} INFO - Filling up the DagBag from /home/airflow/.local/lib/python3.12/site-packages/airflow/example_dags/example_kubernetes_executor.py
[2026-02-14T16:04:56.516+0000] {processor.py:840} INFO - DAG(s) 'example_kubernetes_executor' retrieved from /home/airflow/.local/lib/python3.12/site-packages/airflow/example_dags/example_kubernetes_executor.py
[2026-02-14T16:04:56.537+0000] {logging_mixin.py:188} INFO - [2026-02-14T16:04:56.537+0000] {dag.py:3089} INFO - Sync 1 DAGs
[2026-02-14T16:04:56.542+0000] {logging_mixin.py:188} INFO - [2026-02-14T16:04:56.542+0000] {dag.py:3947} INFO - Setting next_dagrun for example_kubernetes_executor to None, run_after=None
[2026-02-14T16:04:56.549+0000] {processor.py:183} INFO - Processing /home/airflow/.local/lib/python3.12/site-packages/airflow/example_dags/example_kubernetes_executor.py took 0.049 seconds
[2026-02-14T16:05:27.022+0000] {processor.py:161} INFO - Started process (PID=2242) to work on /home/airflow/.local/lib/python3.12/site-packages/airflow/example_dags/example_kubernetes_executor.py
[2026-02-14T16:05:27.023+0000] {processor.py:830} INFO - Processing file /home/airflow/.local/lib/python3.12/site-packages/airflow/example_dags/example_kubernetes_executor.py for tasks to queue
[2026-02-14T16:05:27.025+0000] {logging_mixin.py:188} INFO - [2026-02-14T16:05:27.025+0000] {dagbag.py:545} INFO - Filling up the DagBag from /home/airflow/.local/lib/python3.12/site-packages/airflow/example_dags/example_kubernetes_executor.py
[2026-02-14T16:05:27.034+0000] {processor.py:840} INFO - DAG(s) 'example_kubernetes_executor' retrieved from /home/airflow/.local/lib/python3.12/site-packages/airflow/example_dags/example_kubernetes_executor.py
[2026-02-14T16:05:27.055+0000] {logging_mixin.py:188} INFO - [2026-02-14T16:05:27.055+0000] {dag.py:3089} INFO - Sync 1 DAGs
[2026-02-14T16:05:27.060+0000] {logging_mixin.py:188} INFO - [2026-02-14T16:05:27.060+0000] {dag.py:3947} INFO - Setting next_dagrun for example_kubernetes_executor to None, run_after=None
[2026-02-14T16:05:27.069+0000] {processor.py:183} INFO - Processing /home/airflow/.local/lib/python3.12/site-packages/airflow/example_dags/example_kubernetes_executor.py took 0.052 seconds
[2026-02-14T16:05:57.521+0000] {processor.py:161} INFO - Started process (PID=2301) to work on /home/airflow/.local/lib/python3.12/site-packages/airflow/example_dags/example_kubernetes_executor.py
[2026-02-14T16:05:57.524+0000] {processor.py:830} INFO - Processing file /home/airflow/.local/lib/python3.12/site-packages/airflow/example_dags/example_kubernetes_executor.py for tasks to queue
[2026-02-14T16:05:57.525+0000] {logging_mixin.py:188} INFO - [2026-02-14T16:05:57.525+0000] {dagbag.py:545} INFO - Filling up the DagBag from /home/airflow/.local/lib/python3.12/site-packages/airflow/example_dags/example_kubernetes_executor.py
[2026-02-14T16:05:57.535+0000] {processor.py:840} INFO - DAG(s) 'example_kubernetes_executor' retrieved from /home/airflow/.local/lib/python3.12/site-packages/airflow/example_dags/example_kubernetes_executor.py
[2026-02-14T16:05:57.556+0000] {logging_mixin.py:188} INFO - [2026-02-14T16:05:57.556+0000] {dag.py:3089} INFO - Sync 1 DAGs
[2026-02-14T16:05:57.562+0000] {logging_mixin.py:188} INFO - [2026-02-14T16:05:57.562+0000] {dag.py:3947} INFO - Setting next_dagrun for example_kubernetes_executor to None, run_after=None
[2026-02-14T16:05:57.571+0000] {processor.py:183} INFO - Processing /home/airflow/.local/lib/python3.12/site-packages/airflow/example_dags/example_kubernetes_executor.py took 0.056 seconds
[2026-02-14T16:06:27.951+0000] {processor.py:161} INFO - Started process (PID=2360) to work on /home/airflow/.local/lib/python3.12/site-packages/airflow/example_dags/example_kubernetes_executor.py
[2026-02-14T16:06:27.952+0000] {processor.py:830} INFO - Processing file /home/airflow/.local/lib/python3.12/site-packages/airflow/example_dags/example_kubernetes_executor.py for tasks to queue
[2026-02-14T16:06:27.955+0000] {logging_mixin.py:188} INFO - [2026-02-14T16:06:27.954+0000] {dagbag.py:545} INFO - Filling up the DagBag from /home/airflow/.local/lib/python3.12/site-packages/airflow/example_dags/example_kubernetes_executor.py
[2026-02-14T16:06:27.965+0000] {processor.py:840} INFO - DAG(s) 'example_kubernetes_executor' retrieved from /home/airflow/.local/lib/python3.12/site-packages/airflow/example_dags/example_kubernetes_executor.py
[2026-02-14T16:06:27.983+0000] {logging_mixin.py:188} INFO - [2026-02-14T16:06:27.983+0000] {dag.py:3089} INFO - Sync 1 DAGs
[2026-02-14T16:06:27.988+0000] {logging_mixin.py:188} INFO - [2026-02-14T16:06:27.988+0000] {dag.py:3947} INFO - Setting next_dagrun for example_kubernetes_executor to None, run_after=None
[2026-02-14T16:06:27.997+0000] {processor.py:183} INFO - Processing /home/airflow/.local/lib/python3.12/site-packages/airflow/example_dags/example_kubernetes_executor.py took 0.052 seconds
[2026-02-14T16:06:58.863+0000] {processor.py:161} INFO - Started process (PID=2419) to work on /home/airflow/.local/lib/python3.12/site-packages/airflow/example_dags/example_kubernetes_executor.py
[2026-02-14T16:06:58.866+0000] {processor.py:830} INFO - Processing file /home/airflow/.local/lib/python3.12/site-packages/airflow/example_dags/example_kubernetes_executor.py for tasks to queue
[2026-02-14T16:06:58.867+0000] {logging_mixin.py:188} INFO - [2026-02-14T16:06:58.867+0000] {dagbag.py:545} INFO - Filling up the DagBag from /home/airflow/.local/lib/python3.12/site-packages/airflow/example_dags/example_kubernetes_executor.py
[2026-02-14T16:06:58.878+0000] {processor.py:840} INFO - DAG(s) 'example_kubernetes_executor' retrieved from /home/airflow/.local/lib/python3.12/site-packages/airflow/example_dags/example_kubernetes_executor.py
[2026-02-14T16:06:58.904+0000] {logging_mixin.py:188} INFO - [2026-02-14T16:06:58.903+0000] {dag.py:3089} INFO - Sync 1 DAGs
[2026-02-14T16:06:58.909+0000] {logging_mixin.py:188} INFO - [2026-02-14T16:06:58.909+0000] {dag.py:3947} INFO - Setting next_dagrun for example_kubernetes_executor to None, run_after=None
[2026-02-14T16:06:58.921+0000] {processor.py:183} INFO - Processing /home/airflow/.local/lib/python3.12/site-packages/airflow/example_dags/example_kubernetes_executor.py took 0.060 seconds
[2026-02-14T16:07:29.487+0000] {processor.py:161} INFO - Started process (PID=2478) to work on /home/airflow/.local/lib/python3.12/site-packages/airflow/example_dags/example_kubernetes_executor.py
[2026-02-14T16:07:29.489+0000] {processor.py:830} INFO - Processing file /home/airflow/.local/lib/python3.12/site-packages/airflow/example_dags/example_kubernetes_executor.py for tasks to queue
[2026-02-14T16:07:29.492+0000] {logging_mixin.py:188} INFO - [2026-02-14T16:07:29.491+0000] {dagbag.py:545} INFO - Filling up the DagBag from /home/airflow/.local/lib/python3.12/site-packages/airflow/example_dags/example_kubernetes_executor.py
[2026-02-14T16:07:29.507+0000] {processor.py:840} INFO - DAG(s) 'example_kubernetes_executor' retrieved from /home/airflow/.local/lib/python3.12/site-packages/airflow/example_dags/example_kubernetes_executor.py
[2026-02-14T16:07:29.530+0000] {logging_mixin.py:188} INFO - [2026-02-14T16:07:29.530+0000] {dag.py:3089} INFO - Sync 1 DAGs
[2026-02-14T16:07:29.537+0000] {logging_mixin.py:188} INFO - [2026-02-14T16:07:29.537+0000] {dag.py:3947} INFO - Setting next_dagrun for example_kubernetes_executor to None, run_after=None
[2026-02-14T16:07:29.548+0000] {processor.py:183} INFO - Processing /home/airflow/.local/lib/python3.12/site-packages/airflow/example_dags/example_kubernetes_executor.py took 0.066 seconds
[2026-02-14T16:08:00.245+0000] {processor.py:161} INFO - Started process (PID=2537) to work on /home/airflow/.local/lib/python3.12/site-packages/airflow/example_dags/example_kubernetes_executor.py
[2026-02-14T16:08:00.247+0000] {processor.py:830} INFO - Processing file /home/airflow/.local/lib/python3.12/site-packages/airflow/example_dags/example_kubernetes_executor.py for tasks to queue
[2026-02-14T16:08:00.248+0000] {logging_mixin.py:188} INFO - [2026-02-14T16:08:00.248+0000] {dagbag.py:545} INFO - Filling up the DagBag from /home/airflow/.local/lib/python3.12/site-packages/airflow/example_dags/example_kubernetes_executor.py
[2026-02-14T16:08:00.257+0000] {processor.py:840} INFO - DAG(s) 'example_kubernetes_executor' retrieved from /home/airflow/.local/lib/python3.12/site-packages/airflow/example_dags/example_kubernetes_executor.py
[2026-02-14T16:08:00.279+0000] {logging_mixin.py:188} INFO - [2026-02-14T16:08:00.279+0000] {dag.py:3089} INFO - Sync 1 DAGs
[2026-02-14T16:08:00.285+0000] {logging_mixin.py:188} INFO - [2026-02-14T16:08:00.285+0000] {dag.py:3947} INFO - Setting next_dagrun for example_kubernetes_executor to None, run_after=None
[2026-02-14T16:08:00.293+0000] {processor.py:183} INFO - Processing /home/airflow/.local/lib/python3.12/site-packages/airflow/example_dags/example_kubernetes_executor.py took 0.052 seconds
[2026-02-14T16:08:30.757+0000] {processor.py:161} INFO - Started process (PID=2596) to work on /home/airflow/.local/lib/python3.12/site-packages/airflow/example_dags/example_kubernetes_executor.py
[2026-02-14T16:08:30.757+0000] {processor.py:830} INFO - Processing file /home/airflow/.local/lib/python3.12/site-packages/airflow/example_dags/example_kubernetes_executor.py for tasks to queue
[2026-02-14T16:08:30.759+0000] {logging_mixin.py:188} INFO - [2026-02-14T16:08:30.758+0000] {dagbag.py:545} INFO - Filling up the DagBag from /home/airflow/.local/lib/python3.12/site-packages/airflow/example_dags/example_kubernetes_executor.py
[2026-02-14T16:08:30.767+0000] {processor.py:840} INFO - DAG(s) 'example_kubernetes_executor' retrieved from /home/airflow/.local/lib/python3.12/site-packages/airflow/example_dags/example_kubernetes_executor.py
[2026-02-14T16:08:30.788+0000] {logging_mixin.py:188} INFO - [2026-02-14T16:08:30.788+0000] {dag.py:3089} INFO - Sync 1 DAGs
[2026-02-14T16:08:30.793+0000] {logging_mixin.py:188} INFO - [2026-02-14T16:08:30.793+0000] {dag.py:3947} INFO - Setting next_dagrun for example_kubernetes_executor to None, run_after=None
[2026-02-14T16:08:30.803+0000] {processor.py:183} INFO - Processing /home/airflow/.local/lib/python3.12/site-packages/airflow/example_dags/example_kubernetes_executor.py took 0.051 seconds
[2026-02-14T16:09:01.187+0000] {processor.py:161} INFO - Started process (PID=2655) to work on /home/airflow/.local/lib/python3.12/site-packages/airflow/example_dags/example_kubernetes_executor.py
[2026-02-14T16:09:01.188+0000] {processor.py:830} INFO - Processing file /home/airflow/.local/lib/python3.12/site-packages/airflow/example_dags/example_kubernetes_executor.py for tasks to queue
[2026-02-14T16:09:01.190+0000] {logging_mixin.py:188} INFO - [2026-02-14T16:09:01.189+0000] {dagbag.py:545} INFO - Filling up the DagBag from /home/airflow/.local/lib/python3.12/site-packages/airflow/example_dags/example_kubernetes_executor.py
[2026-02-14T16:09:01.197+0000] {processor.py:840} INFO - DAG(s) 'example_kubernetes_executor' retrieved from /home/airflow/.local/lib/python3.12/site-packages/airflow/example_dags/example_kubernetes_executor.py
[2026-02-14T16:09:01.216+0000] {logging_mixin.py:188} INFO - [2026-02-14T16:09:01.216+0000] {dag.py:3089} INFO - Sync 1 DAGs
[2026-02-14T16:09:01.221+0000] {logging_mixin.py:188} INFO - [2026-02-14T16:09:01.221+0000] {dag.py:3947} INFO - Setting next_dagrun for example_kubernetes_executor to None, run_after=None
[2026-02-14T16:09:01.230+0000] {processor.py:183} INFO - Processing /home/airflow/.local/lib/python3.12/site-packages/airflow/example_dags/example_kubernetes_executor.py took 0.047 seconds
[2026-02-14T16:09:31.657+0000] {processor.py:161} INFO - Started process (PID=2714) to work on /home/airflow/.local/lib/python3.12/site-packages/airflow/example_dags/example_kubernetes_executor.py
[2026-02-14T16:09:31.658+0000] {processor.py:830} INFO - Processing file /home/airflow/.local/lib/python3.12/site-packages/airflow/example_dags/example_kubernetes_executor.py for tasks to queue
[2026-02-14T16:09:31.659+0000] {logging_mixin.py:188} INFO - [2026-02-14T16:09:31.659+0000] {dagbag.py:545} INFO - Filling up the DagBag from /home/airflow/.local/lib/python3.12/site-packages/airflow/example_dags/example_kubernetes_executor.py
[2026-02-14T16:09:31.665+0000] {processor.py:840} INFO - DAG(s) 'example_kubernetes_executor' retrieved from /home/airflow/.local/lib/python3.12/site-packages/airflow/example_dags/example_kubernetes_executor.py
[2026-02-14T16:09:31.682+0000] {logging_mixin.py:188} INFO - [2026-02-14T16:09:31.682+0000] {dag.py:3089} INFO - Sync 1 DAGs
[2026-02-14T16:09:31.687+0000] {logging_mixin.py:188} INFO - [2026-02-14T16:09:31.687+0000] {dag.py:3947} INFO - Setting next_dagrun for example_kubernetes_executor to None, run_after=None
[2026-02-14T16:09:31.695+0000] {processor.py:183} INFO - Processing /home/airflow/.local/lib/python3.12/site-packages/airflow/example_dags/example_kubernetes_executor.py took 0.042 seconds
[2026-02-14T16:10:01.934+0000] {processor.py:161} INFO - Started process (PID=2773) to work on /home/airflow/.local/lib/python3.12/site-packages/airflow/example_dags/example_kubernetes_executor.py
[2026-02-14T16:10:01.934+0000] {processor.py:830} INFO - Processing file /home/airflow/.local/lib/python3.12/site-packages/airflow/example_dags/example_kubernetes_executor.py for tasks to queue
[2026-02-14T16:10:01.935+0000] {logging_mixin.py:188} INFO - [2026-02-14T16:10:01.935+0000] {dagbag.py:545} INFO - Filling up the DagBag from /home/airflow/.local/lib/python3.12/site-packages/airflow/example_dags/example_kubernetes_executor.py
[2026-02-14T16:10:01.941+0000] {processor.py:840} INFO - DAG(s) 'example_kubernetes_executor' retrieved from /home/airflow/.local/lib/python3.12/site-packages/airflow/example_dags/example_kubernetes_executor.py
[2026-02-14T16:10:01.959+0000] {logging_mixin.py:188} INFO - [2026-02-14T16:10:01.958+0000] {dag.py:3089} INFO - Sync 1 DAGs
[2026-02-14T16:10:01.964+0000] {logging_mixin.py:188} INFO - [2026-02-14T16:10:01.964+0000] {dag.py:3947} INFO - Setting next_dagrun for example_kubernetes_executor to None, run_after=None
[2026-02-14T16:10:01.971+0000] {processor.py:183} INFO - Processing /home/airflow/.local/lib/python3.12/site-packages/airflow/example_dags/example_kubernetes_executor.py took 0.040 seconds
[2026-02-14T16:10:32.376+0000] {processor.py:161} INFO - Started process (PID=2831) to work on /home/airflow/.local/lib/python3.12/site-packages/airflow/example_dags/example_kubernetes_executor.py
[2026-02-14T16:10:32.377+0000] {processor.py:830} INFO - Processing file /home/airflow/.local/lib/python3.12/site-packages/airflow/example_dags/example_kubernetes_executor.py for tasks to queue
[2026-02-14T16:10:32.379+0000] {logging_mixin.py:188} INFO - [2026-02-14T16:10:32.379+0000] {dagbag.py:545} INFO - Filling up the DagBag from /home/airflow/.local/lib/python3.12/site-packages/airflow/example_dags/example_kubernetes_executor.py
[2026-02-14T16:10:32.388+0000] {processor.py:840} INFO - DAG(s) 'example_kubernetes_executor' retrieved from /home/airflow/.local/lib/python3.12/site-packages/airflow/example_dags/example_kubernetes_executor.py
[2026-02-14T16:10:32.415+0000] {logging_mixin.py:188} INFO - [2026-02-14T16:10:32.415+0000] {dag.py:3089} INFO - Sync 1 DAGs
[2026-02-14T16:10:32.424+0000] {logging_mixin.py:188} INFO - [2026-02-14T16:10:32.424+0000] {dag.py:3947} INFO - Setting next_dagrun for example_kubernetes_executor to None, run_after=None
[2026-02-14T16:10:32.438+0000] {processor.py:183} INFO - Processing /home/airflow/.local/lib/python3.12/site-packages/airflow/example_dags/example_kubernetes_executor.py took 0.066 seconds
[2026-02-14T16:11:03.121+0000] {processor.py:161} INFO - Started process (PID=2890) to work on /home/airflow/.local/lib/python3.12/site-packages/airflow/example_dags/example_kubernetes_executor.py
[2026-02-14T16:11:03.122+0000] {processor.py:830} INFO - Processing file /home/airflow/.local/lib/python3.12/site-packages/airflow/example_dags/example_kubernetes_executor.py for tasks to queue
[2026-02-14T16:11:03.125+0000] {logging_mixin.py:188} INFO - [2026-02-14T16:11:03.125+0000] {dagbag.py:545} INFO - Filling up the DagBag from /home/airflow/.local/lib/python3.12/site-packages/airflow/example_dags/example_kubernetes_executor.py
[2026-02-14T16:11:03.137+0000] {processor.py:840} INFO - DAG(s) 'example_kubernetes_executor' retrieved from /home/airflow/.local/lib/python3.12/site-packages/airflow/example_dags/example_kubernetes_executor.py
[2026-02-14T16:11:03.173+0000] {logging_mixin.py:188} INFO - [2026-02-14T16:11:03.172+0000] {dag.py:3089} INFO - Sync 1 DAGs
[2026-02-14T16:11:03.187+0000] {logging_mixin.py:188} INFO - [2026-02-14T16:11:03.187+0000] {dag.py:3947} INFO - Setting next_dagrun for example_kubernetes_executor to None, run_after=None
[2026-02-14T16:11:03.204+0000] {processor.py:183} INFO - Processing /home/airflow/.local/lib/python3.12/site-packages/airflow/example_dags/example_kubernetes_executor.py took 0.090 seconds
[2026-02-14T16:11:33.336+0000] {processor.py:161} INFO - Started process (PID=2949) to work on /home/airflow/.local/lib/python3.12/site-packages/airflow/example_dags/example_kubernetes_executor.py
[2026-02-14T16:11:33.338+0000] {processor.py:830} INFO - Processing file /home/airflow/.local/lib/python3.12/site-packages/airflow/example_dags/example_kubernetes_executor.py for tasks to queue
[2026-02-14T16:11:33.339+0000] {logging_mixin.py:188} INFO - [2026-02-14T16:11:33.339+0000] {dagbag.py:545} INFO - Filling up the DagBag from /home/airflow/.local/lib/python3.12/site-packages/airflow/example_dags/example_kubernetes_executor.py
[2026-02-14T16:11:33.348+0000] {processor.py:840} INFO - DAG(s) 'example_kubernetes_executor' retrieved from /home/airflow/.local/lib/python3.12/site-packages/airflow/example_dags/example_kubernetes_executor.py
[2026-02-14T16:11:33.370+0000] {logging_mixin.py:188} INFO - [2026-02-14T16:11:33.370+0000] {dag.py:3089} INFO - Sync 1 DAGs
[2026-02-14T16:11:33.377+0000] {logging_mixin.py:188} INFO - [2026-02-14T16:11:33.377+0000] {dag.py:3947} INFO - Setting next_dagrun for example_kubernetes_executor to None, run_after=None
[2026-02-14T16:11:33.393+0000] {processor.py:183} INFO - Processing /home/airflow/.local/lib/python3.12/site-packages/airflow/example_dags/example_kubernetes_executor.py took 0.062 seconds
[2026-02-14T16:12:03.689+0000] {processor.py:161} INFO - Started process (PID=3008) to work on /home/airflow/.local/lib/python3.12/site-packages/airflow/example_dags/example_kubernetes_executor.py
[2026-02-14T16:12:03.690+0000] {processor.py:830} INFO - Processing file /home/airflow/.local/lib/python3.12/site-packages/airflow/example_dags/example_kubernetes_executor.py for tasks to queue
[2026-02-14T16:12:03.691+0000] {logging_mixin.py:188} INFO - [2026-02-14T16:12:03.691+0000] {dagbag.py:545} INFO - Filling up the DagBag from /home/airflow/.local/lib/python3.12/site-packages/airflow/example_dags/example_kubernetes_executor.py
[2026-02-14T16:12:03.700+0000] {processor.py:840} INFO - DAG(s) 'example_kubernetes_executor' retrieved from /home/airflow/.local/lib/python3.12/site-packages/airflow/example_dags/example_kubernetes_executor.py
[2026-02-14T16:12:03.717+0000] {logging_mixin.py:188} INFO - [2026-02-14T16:12:03.717+0000] {dag.py:3089} INFO - Sync 1 DAGs
[2026-02-14T16:12:03.722+0000] {logging_mixin.py:188} INFO - [2026-02-14T16:12:03.722+0000] {dag.py:3947} INFO - Setting next_dagrun for example_kubernetes_executor to None, run_after=None
[2026-02-14T16:12:03.728+0000] {processor.py:183} INFO - Processing /home/airflow/.local/lib/python3.12/site-packages/airflow/example_dags/example_kubernetes_executor.py took 0.044 seconds
[2026-02-14T16:12:34.140+0000] {processor.py:161} INFO - Started process (PID=3067) to work on /home/airflow/.local/lib/python3.12/site-packages/airflow/example_dags/example_kubernetes_executor.py
[2026-02-14T16:12:34.141+0000] {processor.py:830} INFO - Processing file /home/airflow/.local/lib/python3.12/site-packages/airflow/example_dags/example_kubernetes_executor.py for tasks to queue
[2026-02-14T16:12:34.142+0000] {logging_mixin.py:188} INFO - [2026-02-14T16:12:34.142+0000] {dagbag.py:545} INFO - Filling up the DagBag from /home/airflow/.local/lib/python3.12/site-packages/airflow/example_dags/example_kubernetes_executor.py
[2026-02-14T16:12:34.151+0000] {processor.py:840} INFO - DAG(s) 'example_kubernetes_executor' retrieved from /home/airflow/.local/lib/python3.12/site-packages/airflow/example_dags/example_kubernetes_executor.py
[2026-02-14T16:12:34.183+0000] {logging_mixin.py:188} INFO - [2026-02-14T16:12:34.183+0000] {dag.py:3089} INFO - Sync 1 DAGs
[2026-02-14T16:12:34.192+0000] {logging_mixin.py:188} INFO - [2026-02-14T16:12:34.191+0000] {dag.py:3947} INFO - Setting next_dagrun for example_kubernetes_executor to None, run_after=None
[2026-02-14T16:12:34.200+0000] {processor.py:183} INFO - Processing /home/airflow/.local/lib/python3.12/site-packages/airflow/example_dags/example_kubernetes_executor.py took 0.070 seconds
[2026-02-14T16:13:04.594+0000] {processor.py:161} INFO - Started process (PID=3126) to work on /home/airflow/.local/lib/python3.12/site-packages/airflow/example_dags/example_kubernetes_executor.py
[2026-02-14T16:13:04.594+0000] {processor.py:830} INFO - Processing file /home/airflow/.local/lib/python3.12/site-packages/airflow/example_dags/example_kubernetes_executor.py for tasks to queue
[2026-02-14T16:13:04.595+0000] {logging_mixin.py:188} INFO - [2026-02-14T16:13:04.595+0000] {dagbag.py:545} INFO - Filling up the DagBag from /home/airflow/.local/lib/python3.12/site-packages/airflow/example_dags/example_kubernetes_executor.py
[2026-02-14T16:13:04.602+0000] {processor.py:840} INFO - DAG(s) 'example_kubernetes_executor' retrieved from /home/airflow/.local/lib/python3.12/site-packages/airflow/example_dags/example_kubernetes_executor.py
[2026-02-14T16:13:04.621+0000] {logging_mixin.py:188} INFO - [2026-02-14T16:13:04.621+0000] {dag.py:3089} INFO - Sync 1 DAGs
[2026-02-14T16:13:04.626+0000] {logging_mixin.py:188} INFO - [2026-02-14T16:13:04.626+0000] {dag.py:3947} INFO - Setting next_dagrun for example_kubernetes_executor to None, run_after=None
[2026-02-14T16:13:04.633+0000] {processor.py:183} INFO - Processing /home/airflow/.local/lib/python3.12/site-packages/airflow/example_dags/example_kubernetes_executor.py took 0.044 seconds
[2026-02-14T16:13:34.881+0000] {processor.py:161} INFO - Started process (PID=3185) to work on /home/airflow/.local/lib/python3.12/site-packages/airflow/example_dags/example_kubernetes_executor.py
[2026-02-14T16:13:34.881+0000] {processor.py:830} INFO - Processing file /home/airflow/.local/lib/python3.12/site-packages/airflow/example_dags/example_kubernetes_executor.py for tasks to queue
[2026-02-14T16:13:34.883+0000] {logging_mixin.py:188} INFO - [2026-02-14T16:13:34.882+0000] {dagbag.py:545} INFO - Filling up the DagBag from /home/airflow/.local/lib/python3.12/site-packages/airflow/example_dags/example_kubernetes_executor.py
[2026-02-14T16:13:34.890+0000] {processor.py:840} INFO - DAG(s) 'example_kubernetes_executor' retrieved from /home/airflow/.local/lib/python3.12/site-packages/airflow/example_dags/example_kubernetes_executor.py
[2026-02-14T16:13:34.907+0000] {logging_mixin.py:188} INFO - [2026-02-14T16:13:34.907+0000] {dag.py:3089} INFO - Sync 1 DAGs
[2026-02-14T16:13:34.912+0000] {logging_mixin.py:188} INFO - [2026-02-14T16:13:34.912+0000] {dag.py:3947} INFO - Setting next_dagrun for example_kubernetes_executor to None, run_after=None
[2026-02-14T16:13:34.918+0000] {processor.py:183} INFO - Processing /home/airflow/.local/lib/python3.12/site-packages/airflow/example_dags/example_kubernetes_executor.py took 0.042 seconds
[2026-02-14T16:14:05.334+0000] {processor.py:161} INFO - Started process (PID=3244) to work on /home/airflow/.local/lib/python3.12/site-packages/airflow/example_dags/example_kubernetes_executor.py
[2026-02-14T16:14:05.335+0000] {processor.py:830} INFO - Processing file /home/airflow/.local/lib/python3.12/site-packages/airflow/example_dags/example_kubernetes_executor.py for tasks to queue
[2026-02-14T16:14:05.336+0000] {logging_mixin.py:188} INFO - [2026-02-14T16:14:05.336+0000] {dagbag.py:545} INFO - Filling up the DagBag from /home/airflow/.local/lib/python3.12/site-packages/airflow/example_dags/example_kubernetes_executor.py
[2026-02-14T16:14:05.350+0000] {processor.py:840} INFO - DAG(s) 'example_kubernetes_executor' retrieved from /home/airflow/.local/lib/python3.12/site-packages/airflow/example_dags/example_kubernetes_executor.py
[2026-02-14T16:14:05.375+0000] {logging_mixin.py:188} INFO - [2026-02-14T16:14:05.375+0000] {dag.py:3089} INFO - Sync 1 DAGs
[2026-02-14T16:14:05.382+0000] {logging_mixin.py:188} INFO - [2026-02-14T16:14:05.382+0000] {dag.py:3947} INFO - Setting next_dagrun for example_kubernetes_executor to None, run_after=None
[2026-02-14T16:14:05.499+0000] {processor.py:183} INFO - Processing /home/airflow/.local/lib/python3.12/site-packages/airflow/example_dags/example_kubernetes_executor.py took 0.169 seconds
[2026-02-14T16:14:35.689+0000] {processor.py:161} INFO - Started process (PID=3303) to work on /home/airflow/.local/lib/python3.12/site-packages/airflow/example_dags/example_kubernetes_executor.py
[2026-02-14T16:14:35.692+0000] {processor.py:830} INFO - Processing file /home/airflow/.local/lib/python3.12/site-packages/airflow/example_dags/example_kubernetes_executor.py for tasks to queue
[2026-02-14T16:14:35.693+0000] {logging_mixin.py:188} INFO - [2026-02-14T16:14:35.693+0000] {dagbag.py:545} INFO - Filling up the DagBag from /home/airflow/.local/lib/python3.12/site-packages/airflow/example_dags/example_kubernetes_executor.py
[2026-02-14T16:14:35.701+0000] {processor.py:840} INFO - DAG(s) 'example_kubernetes_executor' retrieved from /home/airflow/.local/lib/python3.12/site-packages/airflow/example_dags/example_kubernetes_executor.py
[2026-02-14T16:14:35.737+0000] {logging_mixin.py:188} INFO - [2026-02-14T16:14:35.737+0000] {dag.py:3089} INFO - Sync 1 DAGs
[2026-02-14T16:14:35.746+0000] {logging_mixin.py:188} INFO - [2026-02-14T16:14:35.746+0000] {dag.py:3947} INFO - Setting next_dagrun for example_kubernetes_executor to None, run_after=None
[2026-02-14T16:14:35.760+0000] {processor.py:183} INFO - Processing /home/airflow/.local/lib/python3.12/site-packages/airflow/example_dags/example_kubernetes_executor.py took 0.076 seconds
[2026-02-14T16:15:05.810+0000] {processor.py:161} INFO - Started process (PID=3362) to work on /home/airflow/.local/lib/python3.12/site-packages/airflow/example_dags/example_kubernetes_executor.py
[2026-02-14T16:15:05.810+0000] {processor.py:830} INFO - Processing file /home/airflow/.local/lib/python3.12/site-packages/airflow/example_dags/example_kubernetes_executor.py for tasks to queue
[2026-02-14T16:15:05.811+0000] {logging_mixin.py:188} INFO - [2026-02-14T16:15:05.811+0000] {dagbag.py:545} INFO - Filling up the DagBag from /home/airflow/.local/lib/python3.12/site-packages/airflow/example_dags/example_kubernetes_executor.py
[2026-02-14T16:15:05.818+0000] {processor.py:840} INFO - DAG(s) 'example_kubernetes_executor' retrieved from /home/airflow/.local/lib/python3.12/site-packages/airflow/example_dags/example_kubernetes_executor.py
[2026-02-14T16:15:05.832+0000] {logging_mixin.py:188} INFO - [2026-02-14T16:15:05.832+0000] {dag.py:3089} INFO - Sync 1 DAGs
[2026-02-14T16:15:05.837+0000] {logging_mixin.py:188} INFO - [2026-02-14T16:15:05.836+0000] {dag.py:3947} INFO - Setting next_dagrun for example_kubernetes_executor to None, run_after=None
[2026-02-14T16:15:05.843+0000] {processor.py:183} INFO - Processing /home/airflow/.local/lib/python3.12/site-packages/airflow/example_dags/example_kubernetes_executor.py took 0.036 seconds
[2026-02-14T16:15:36.387+0000] {processor.py:161} INFO - Started process (PID=3421) to work on /home/airflow/.local/lib/python3.12/site-packages/airflow/example_dags/example_kubernetes_executor.py
[2026-02-14T16:15:36.388+0000] {processor.py:830} INFO - Processing file /home/airflow/.local/lib/python3.12/site-packages/airflow/example_dags/example_kubernetes_executor.py for tasks to queue
[2026-02-14T16:15:36.390+0000] {logging_mixin.py:188} INFO - [2026-02-14T16:15:36.390+0000] {dagbag.py:545} INFO - Filling up the DagBag from /home/airflow/.local/lib/python3.12/site-packages/airflow/example_dags/example_kubernetes_executor.py
[2026-02-14T16:15:36.396+0000] {processor.py:840} INFO - DAG(s) 'example_kubernetes_executor' retrieved from /home/airflow/.local/lib/python3.12/site-packages/airflow/example_dags/example_kubernetes_executor.py
[2026-02-14T16:15:36.421+0000] {logging_mixin.py:188} INFO - [2026-02-14T16:15:36.420+0000] {dag.py:3089} INFO - Sync 1 DAGs
[2026-02-14T16:15:36.426+0000] {logging_mixin.py:188} INFO - [2026-02-14T16:15:36.426+0000] {dag.py:3947} INFO - Setting next_dagrun for example_kubernetes_executor to None, run_after=None
[2026-02-14T16:15:36.435+0000] {processor.py:183} INFO - Processing /home/airflow/.local/lib/python3.12/site-packages/airflow/example_dags/example_kubernetes_executor.py took 0.051 seconds
[2026-02-14T16:16:06.558+0000] {processor.py:161} INFO - Started process (PID=3480) to work on /home/airflow/.local/lib/python3.12/site-packages/airflow/example_dags/example_kubernetes_executor.py
[2026-02-14T16:16:06.558+0000] {processor.py:830} INFO - Processing file /home/airflow/.local/lib/python3.12/site-packages/airflow/example_dags/example_kubernetes_executor.py for tasks to queue
[2026-02-14T16:16:06.559+0000] {logging_mixin.py:188} INFO - [2026-02-14T16:16:06.559+0000] {dagbag.py:545} INFO - Filling up the DagBag from /home/airflow/.local/lib/python3.12/site-packages/airflow/example_dags/example_kubernetes_executor.py
[2026-02-14T16:16:06.564+0000] {processor.py:840} INFO - DAG(s) 'example_kubernetes_executor' retrieved from /home/airflow/.local/lib/python3.12/site-packages/airflow/example_dags/example_kubernetes_executor.py
[2026-02-14T16:16:06.577+0000] {logging_mixin.py:188} INFO - [2026-02-14T16:16:06.577+0000] {dag.py:3089} INFO - Sync 1 DAGs
[2026-02-14T16:16:06.583+0000] {logging_mixin.py:188} INFO - [2026-02-14T16:16:06.583+0000] {dag.py:3947} INFO - Setting next_dagrun for example_kubernetes_executor to None, run_after=None
[2026-02-14T16:16:06.592+0000] {processor.py:183} INFO - Processing /home/airflow/.local/lib/python3.12/site-packages/airflow/example_dags/example_kubernetes_executor.py took 0.037 seconds
[2026-02-14T16:16:37.099+0000] {processor.py:161} INFO - Started process (PID=3539) to work on /home/airflow/.local/lib/python3.12/site-packages/airflow/example_dags/example_kubernetes_executor.py
[2026-02-14T16:16:37.100+0000] {processor.py:830} INFO - Processing file /home/airflow/.local/lib/python3.12/site-packages/airflow/example_dags/example_kubernetes_executor.py for tasks to queue
[2026-02-14T16:16:37.102+0000] {logging_mixin.py:188} INFO - [2026-02-14T16:16:37.102+0000] {dagbag.py:545} INFO - Filling up the DagBag from /home/airflow/.local/lib/python3.12/site-packages/airflow/example_dags/example_kubernetes_executor.py
[2026-02-14T16:16:37.108+0000] {processor.py:840} INFO - DAG(s) 'example_kubernetes_executor' retrieved from /home/airflow/.local/lib/python3.12/site-packages/airflow/example_dags/example_kubernetes_executor.py
[2026-02-14T16:16:37.124+0000] {logging_mixin.py:188} INFO - [2026-02-14T16:16:37.123+0000] {dag.py:3089} INFO - Sync 1 DAGs
[2026-02-14T16:16:37.128+0000] {logging_mixin.py:188} INFO - [2026-02-14T16:16:37.128+0000] {dag.py:3947} INFO - Setting next_dagrun for example_kubernetes_executor to None, run_after=None
[2026-02-14T16:16:37.138+0000] {processor.py:183} INFO - Processing /home/airflow/.local/lib/python3.12/site-packages/airflow/example_dags/example_kubernetes_executor.py took 0.041 seconds
[2026-02-14T16:17:07.642+0000] {processor.py:161} INFO - Started process (PID=3598) to work on /home/airflow/.local/lib/python3.12/site-packages/airflow/example_dags/example_kubernetes_executor.py
[2026-02-14T16:17:07.643+0000] {processor.py:830} INFO - Processing file /home/airflow/.local/lib/python3.12/site-packages/airflow/example_dags/example_kubernetes_executor.py for tasks to queue
[2026-02-14T16:17:07.644+0000] {logging_mixin.py:188} INFO - [2026-02-14T16:17:07.643+0000] {dagbag.py:545} INFO - Filling up the DagBag from /home/airflow/.local/lib/python3.12/site-packages/airflow/example_dags/example_kubernetes_executor.py
[2026-02-14T16:17:07.651+0000] {processor.py:840} INFO - DAG(s) 'example_kubernetes_executor' retrieved from /home/airflow/.local/lib/python3.12/site-packages/airflow/example_dags/example_kubernetes_executor.py
[2026-02-14T16:17:07.666+0000] {logging_mixin.py:188} INFO - [2026-02-14T16:17:07.665+0000] {dag.py:3089} INFO - Sync 1 DAGs
[2026-02-14T16:17:07.671+0000] {logging_mixin.py:188} INFO - [2026-02-14T16:17:07.671+0000] {dag.py:3947} INFO - Setting next_dagrun for example_kubernetes_executor to None, run_after=None
[2026-02-14T16:17:07.677+0000] {processor.py:183} INFO - Processing /home/airflow/.local/lib/python3.12/site-packages/airflow/example_dags/example_kubernetes_executor.py took 0.038 seconds
[2026-02-14T16:17:38.286+0000] {processor.py:161} INFO - Started process (PID=3657) to work on /home/airflow/.local/lib/python3.12/site-packages/airflow/example_dags/example_kubernetes_executor.py
[2026-02-14T16:17:38.287+0000] {processor.py:830} INFO - Processing file /home/airflow/.local/lib/python3.12/site-packages/airflow/example_dags/example_kubernetes_executor.py for tasks to queue
[2026-02-14T16:17:38.288+0000] {logging_mixin.py:188} INFO - [2026-02-14T16:17:38.288+0000] {dagbag.py:545} INFO - Filling up the DagBag from /home/airflow/.local/lib/python3.12/site-packages/airflow/example_dags/example_kubernetes_executor.py
[2026-02-14T16:17:38.294+0000] {processor.py:840} INFO - DAG(s) 'example_kubernetes_executor' retrieved from /home/airflow/.local/lib/python3.12/site-packages/airflow/example_dags/example_kubernetes_executor.py
[2026-02-14T16:17:38.310+0000] {logging_mixin.py:188} INFO - [2026-02-14T16:17:38.310+0000] {dag.py:3089} INFO - Sync 1 DAGs
[2026-02-14T16:17:38.315+0000] {logging_mixin.py:188} INFO - [2026-02-14T16:17:38.315+0000] {dag.py:3947} INFO - Setting next_dagrun for example_kubernetes_executor to None, run_after=None
[2026-02-14T16:17:38.325+0000] {processor.py:183} INFO - Processing /home/airflow/.local/lib/python3.12/site-packages/airflow/example_dags/example_kubernetes_executor.py took 0.042 seconds
[2026-02-14T16:18:08.898+0000] {processor.py:161} INFO - Started process (PID=3716) to work on /home/airflow/.local/lib/python3.12/site-packages/airflow/example_dags/example_kubernetes_executor.py
[2026-02-14T16:18:08.899+0000] {processor.py:830} INFO - Processing file /home/airflow/.local/lib/python3.12/site-packages/airflow/example_dags/example_kubernetes_executor.py for tasks to queue
[2026-02-14T16:18:08.900+0000] {logging_mixin.py:188} INFO - [2026-02-14T16:18:08.900+0000] {dagbag.py:545} INFO - Filling up the DagBag from /home/airflow/.local/lib/python3.12/site-packages/airflow/example_dags/example_kubernetes_executor.py
[2026-02-14T16:18:08.906+0000] {processor.py:840} INFO - DAG(s) 'example_kubernetes_executor' retrieved from /home/airflow/.local/lib/python3.12/site-packages/airflow/example_dags/example_kubernetes_executor.py
[2026-02-14T16:18:08.922+0000] {logging_mixin.py:188} INFO - [2026-02-14T16:18:08.922+0000] {dag.py:3089} INFO - Sync 1 DAGs
[2026-02-14T16:18:08.927+0000] {logging_mixin.py:188} INFO - [2026-02-14T16:18:08.927+0000] {dag.py:3947} INFO - Setting next_dagrun for example_kubernetes_executor to None, run_after=None
[2026-02-14T16:18:08.937+0000] {processor.py:183} INFO - Processing /home/airflow/.local/lib/python3.12/site-packages/airflow/example_dags/example_kubernetes_executor.py took 0.042 seconds
[2026-02-14T16:18:39.616+0000] {processor.py:161} INFO - Started process (PID=3775) to work on /home/airflow/.local/lib/python3.12/site-packages/airflow/example_dags/example_kubernetes_executor.py
[2026-02-14T16:18:39.616+0000] {processor.py:830} INFO - Processing file /home/airflow/.local/lib/python3.12/site-packages/airflow/example_dags/example_kubernetes_executor.py for tasks to queue
[2026-02-14T16:18:39.617+0000] {logging_mixin.py:188} INFO - [2026-02-14T16:18:39.617+0000] {dagbag.py:545} INFO - Filling up the DagBag from /home/airflow/.local/lib/python3.12/site-packages/airflow/example_dags/example_kubernetes_executor.py
[2026-02-14T16:18:39.623+0000] {processor.py:840} INFO - DAG(s) 'example_kubernetes_executor' retrieved from /home/airflow/.local/lib/python3.12/site-packages/airflow/example_dags/example_kubernetes_executor.py
[2026-02-14T16:18:39.644+0000] {logging_mixin.py:188} INFO - [2026-02-14T16:18:39.644+0000] {dag.py:3089} INFO - Sync 1 DAGs
[2026-02-14T16:18:39.655+0000] {logging_mixin.py:188} INFO - [2026-02-14T16:18:39.655+0000] {dag.py:3947} INFO - Setting next_dagrun for example_kubernetes_executor to None, run_after=None
[2026-02-14T16:18:39.666+0000] {processor.py:183} INFO - Processing /home/airflow/.local/lib/python3.12/site-packages/airflow/example_dags/example_kubernetes_executor.py took 0.054 seconds
[2026-02-14T16:19:09.753+0000] {processor.py:161} INFO - Started process (PID=3834) to work on /home/airflow/.local/lib/python3.12/site-packages/airflow/example_dags/example_kubernetes_executor.py
[2026-02-14T16:19:09.754+0000] {processor.py:830} INFO - Processing file /home/airflow/.local/lib/python3.12/site-packages/airflow/example_dags/example_kubernetes_executor.py for tasks to queue
[2026-02-14T16:19:09.755+0000] {logging_mixin.py:188} INFO - [2026-02-14T16:19:09.755+0000] {dagbag.py:545} INFO - Filling up the DagBag from /home/airflow/.local/lib/python3.12/site-packages/airflow/example_dags/example_kubernetes_executor.py
[2026-02-14T16:19:09.762+0000] {processor.py:840} INFO - DAG(s) 'example_kubernetes_executor' retrieved from /home/airflow/.local/lib/python3.12/site-packages/airflow/example_dags/example_kubernetes_executor.py
[2026-02-14T16:19:09.780+0000] {logging_mixin.py:188} INFO - [2026-02-14T16:19:09.780+0000] {dag.py:3089} INFO - Sync 1 DAGs
[2026-02-14T16:19:09.786+0000] {logging_mixin.py:188} INFO - [2026-02-14T16:19:09.785+0000] {dag.py:3947} INFO - Setting next_dagrun for example_kubernetes_executor to None, run_after=None
[2026-02-14T16:19:09.794+0000] {processor.py:183} INFO - Processing /home/airflow/.local/lib/python3.12/site-packages/airflow/example_dags/example_kubernetes_executor.py took 0.043 seconds
[2026-02-14T16:19:40.557+0000] {processor.py:161} INFO - Started process (PID=3893) to work on /home/airflow/.local/lib/python3.12/site-packages/airflow/example_dags/example_kubernetes_executor.py
[2026-02-14T16:19:40.558+0000] {processor.py:830} INFO - Processing file /home/airflow/.local/lib/python3.12/site-packages/airflow/example_dags/example_kubernetes_executor.py for tasks to queue
[2026-02-14T16:19:40.559+0000] {logging_mixin.py:188} INFO - [2026-02-14T16:19:40.559+0000] {dagbag.py:545} INFO - Filling up the DagBag from /home/airflow/.local/lib/python3.12/site-packages/airflow/example_dags/example_kubernetes_executor.py
[2026-02-14T16:19:40.566+0000] {processor.py:840} INFO - DAG(s) 'example_kubernetes_executor' retrieved from /home/airflow/.local/lib/python3.12/site-packages/airflow/example_dags/example_kubernetes_executor.py
[2026-02-14T16:19:40.594+0000] {logging_mixin.py:188} INFO - [2026-02-14T16:19:40.594+0000] {dag.py:3089} INFO - Sync 1 DAGs
[2026-02-14T16:19:40.608+0000] {logging_mixin.py:188} INFO - [2026-02-14T16:19:40.607+0000] {dag.py:3947} INFO - Setting next_dagrun for example_kubernetes_executor to None, run_after=None
[2026-02-14T16:19:40.627+0000] {processor.py:183} INFO - Processing /home/airflow/.local/lib/python3.12/site-packages/airflow/example_dags/example_kubernetes_executor.py took 0.074 seconds
[2026-02-14T16:20:11.034+0000] {processor.py:161} INFO - Started process (PID=3952) to work on /home/airflow/.local/lib/python3.12/site-packages/airflow/example_dags/example_kubernetes_executor.py
[2026-02-14T16:20:11.036+0000] {processor.py:830} INFO - Processing file /home/airflow/.local/lib/python3.12/site-packages/airflow/example_dags/example_kubernetes_executor.py for tasks to queue
[2026-02-14T16:20:11.037+0000] {logging_mixin.py:188} INFO - [2026-02-14T16:20:11.037+0000] {dagbag.py:545} INFO - Filling up the DagBag from /home/airflow/.local/lib/python3.12/site-packages/airflow/example_dags/example_kubernetes_executor.py
[2026-02-14T16:20:11.044+0000] {processor.py:840} INFO - DAG(s) 'example_kubernetes_executor' retrieved from /home/airflow/.local/lib/python3.12/site-packages/airflow/example_dags/example_kubernetes_executor.py
[2026-02-14T16:20:11.075+0000] {logging_mixin.py:188} INFO - [2026-02-14T16:20:11.075+0000] {dag.py:3089} INFO - Sync 1 DAGs
[2026-02-14T16:20:11.088+0000] {logging_mixin.py:188} INFO - [2026-02-14T16:20:11.087+0000] {dag.py:3947} INFO - Setting next_dagrun for example_kubernetes_executor to None, run_after=None
[2026-02-14T16:20:11.104+0000] {processor.py:183} INFO - Processing /home/airflow/.local/lib/python3.12/site-packages/airflow/example_dags/example_kubernetes_executor.py took 0.072 seconds
[2026-02-14T16:20:41.426+0000] {processor.py:161} INFO - Started process (PID=4011) to work on /home/airflow/.local/lib/python3.12/site-packages/airflow/example_dags/example_kubernetes_executor.py
[2026-02-14T16:20:41.427+0000] {processor.py:830} INFO - Processing file /home/airflow/.local/lib/python3.12/site-packages/airflow/example_dags/example_kubernetes_executor.py for tasks to queue
[2026-02-14T16:20:41.428+0000] {logging_mixin.py:188} INFO - [2026-02-14T16:20:41.428+0000] {dagbag.py:545} INFO - Filling up the DagBag from /home/airflow/.local/lib/python3.12/site-packages/airflow/example_dags/example_kubernetes_executor.py
[2026-02-14T16:20:41.434+0000] {processor.py:840} INFO - DAG(s) 'example_kubernetes_executor' retrieved from /home/airflow/.local/lib/python3.12/site-packages/airflow/example_dags/example_kubernetes_executor.py
[2026-02-14T16:20:41.454+0000] {logging_mixin.py:188} INFO - [2026-02-14T16:20:41.454+0000] {dag.py:3089} INFO - Sync 1 DAGs
[2026-02-14T16:20:41.460+0000] {logging_mixin.py:188} INFO - [2026-02-14T16:20:41.460+0000] {dag.py:3947} INFO - Setting next_dagrun for example_kubernetes_executor to None, run_after=None
[2026-02-14T16:20:41.476+0000] {processor.py:183} INFO - Processing /home/airflow/.local/lib/python3.12/site-packages/airflow/example_dags/example_kubernetes_executor.py took 0.053 seconds
[2026-02-14T16:21:12.010+0000] {processor.py:161} INFO - Started process (PID=4070) to work on /home/airflow/.local/lib/python3.12/site-packages/airflow/example_dags/example_kubernetes_executor.py
[2026-02-14T16:21:12.011+0000] {processor.py:830} INFO - Processing file /home/airflow/.local/lib/python3.12/site-packages/airflow/example_dags/example_kubernetes_executor.py for tasks to queue
[2026-02-14T16:21:12.012+0000] {logging_mixin.py:188} INFO - [2026-02-14T16:21:12.011+0000] {dagbag.py:545} INFO - Filling up the DagBag from /home/airflow/.local/lib/python3.12/site-packages/airflow/example_dags/example_kubernetes_executor.py
[2026-02-14T16:21:12.018+0000] {processor.py:840} INFO - DAG(s) 'example_kubernetes_executor' retrieved from /home/airflow/.local/lib/python3.12/site-packages/airflow/example_dags/example_kubernetes_executor.py
[2026-02-14T16:21:12.032+0000] {logging_mixin.py:188} INFO - [2026-02-14T16:21:12.032+0000] {dag.py:3089} INFO - Sync 1 DAGs
[2026-02-14T16:21:12.037+0000] {logging_mixin.py:188} INFO - [2026-02-14T16:21:12.037+0000] {dag.py:3947} INFO - Setting next_dagrun for example_kubernetes_executor to None, run_after=None
[2026-02-14T16:21:12.045+0000] {processor.py:183} INFO - Processing /home/airflow/.local/lib/python3.12/site-packages/airflow/example_dags/example_kubernetes_executor.py took 0.038 seconds
