[2026-02-14T15:46:38.537+0000] {processor.py:161} INFO - Started process (PID=77) to work on /home/airflow/.local/lib/python3.12/site-packages/airflow/example_dags/example_branch_python_dop_operator_3.py
[2026-02-14T15:46:38.537+0000] {processor.py:830} INFO - Processing file /home/airflow/.local/lib/python3.12/site-packages/airflow/example_dags/example_branch_python_dop_operator_3.py for tasks to queue
[2026-02-14T15:46:38.539+0000] {logging_mixin.py:188} INFO - [2026-02-14T15:46:38.538+0000] {dagbag.py:545} INFO - Filling up the DagBag from /home/airflow/.local/lib/python3.12/site-packages/airflow/example_dags/example_branch_python_dop_operator_3.py
[2026-02-14T15:46:38.545+0000] {processor.py:840} INFO - DAG(s) 'example_branch_dop_operator_v3' retrieved from /home/airflow/.local/lib/python3.12/site-packages/airflow/example_dags/example_branch_python_dop_operator_3.py
[2026-02-14T15:46:38.554+0000] {logging_mixin.py:188} INFO - [2026-02-14T15:46:38.554+0000] {dag.py:3089} INFO - Sync 1 DAGs
[2026-02-14T15:46:38.567+0000] {logging_mixin.py:188} INFO - [2026-02-14T15:46:38.567+0000] {dag.py:3947} INFO - Setting next_dagrun for example_branch_dop_operator_v3 to 2026-02-14 15:45:00+00:00, run_after=2026-02-14 15:46:00+00:00
[2026-02-14T15:46:38.574+0000] {processor.py:183} INFO - Processing /home/airflow/.local/lib/python3.12/site-packages/airflow/example_dags/example_branch_python_dop_operator_3.py took 0.041 seconds
[2026-02-14T15:47:09.395+0000] {processor.py:161} INFO - Started process (PID=142) to work on /home/airflow/.local/lib/python3.12/site-packages/airflow/example_dags/example_branch_python_dop_operator_3.py
[2026-02-14T15:47:09.395+0000] {processor.py:830} INFO - Processing file /home/airflow/.local/lib/python3.12/site-packages/airflow/example_dags/example_branch_python_dop_operator_3.py for tasks to queue
[2026-02-14T15:47:09.396+0000] {logging_mixin.py:188} INFO - [2026-02-14T15:47:09.396+0000] {dagbag.py:545} INFO - Filling up the DagBag from /home/airflow/.local/lib/python3.12/site-packages/airflow/example_dags/example_branch_python_dop_operator_3.py
[2026-02-14T15:47:09.398+0000] {processor.py:840} INFO - DAG(s) 'example_branch_dop_operator_v3' retrieved from /home/airflow/.local/lib/python3.12/site-packages/airflow/example_dags/example_branch_python_dop_operator_3.py
[2026-02-14T15:47:09.428+0000] {logging_mixin.py:188} INFO - [2026-02-14T15:47:09.428+0000] {dag.py:3089} INFO - Sync 1 DAGs
[2026-02-14T15:47:09.434+0000] {logging_mixin.py:188} INFO - [2026-02-14T15:47:09.434+0000] {dag.py:3947} INFO - Setting next_dagrun for example_branch_dop_operator_v3 to 2026-02-14 15:46:00+00:00, run_after=2026-02-14 15:47:00+00:00
[2026-02-14T15:47:09.439+0000] {processor.py:183} INFO - Processing /home/airflow/.local/lib/python3.12/site-packages/airflow/example_dags/example_branch_python_dop_operator_3.py took 0.046 seconds
[2026-02-14T15:47:40.171+0000] {processor.py:161} INFO - Started process (PID=201) to work on /home/airflow/.local/lib/python3.12/site-packages/airflow/example_dags/example_branch_python_dop_operator_3.py
[2026-02-14T15:47:40.172+0000] {processor.py:830} INFO - Processing file /home/airflow/.local/lib/python3.12/site-packages/airflow/example_dags/example_branch_python_dop_operator_3.py for tasks to queue
[2026-02-14T15:47:40.173+0000] {logging_mixin.py:188} INFO - [2026-02-14T15:47:40.173+0000] {dagbag.py:545} INFO - Filling up the DagBag from /home/airflow/.local/lib/python3.12/site-packages/airflow/example_dags/example_branch_python_dop_operator_3.py
[2026-02-14T15:47:40.176+0000] {processor.py:840} INFO - DAG(s) 'example_branch_dop_operator_v3' retrieved from /home/airflow/.local/lib/python3.12/site-packages/airflow/example_dags/example_branch_python_dop_operator_3.py
[2026-02-14T15:47:40.184+0000] {logging_mixin.py:188} INFO - [2026-02-14T15:47:40.184+0000] {dag.py:3089} INFO - Sync 1 DAGs
[2026-02-14T15:47:40.192+0000] {logging_mixin.py:188} INFO - [2026-02-14T15:47:40.192+0000] {dag.py:3947} INFO - Setting next_dagrun for example_branch_dop_operator_v3 to 2026-02-14 15:46:00+00:00, run_after=2026-02-14 15:47:00+00:00
[2026-02-14T15:47:40.200+0000] {processor.py:183} INFO - Processing /home/airflow/.local/lib/python3.12/site-packages/airflow/example_dags/example_branch_python_dop_operator_3.py took 0.031 seconds
[2026-02-14T15:48:10.754+0000] {processor.py:161} INFO - Started process (PID=260) to work on /home/airflow/.local/lib/python3.12/site-packages/airflow/example_dags/example_branch_python_dop_operator_3.py
[2026-02-14T15:48:10.755+0000] {processor.py:830} INFO - Processing file /home/airflow/.local/lib/python3.12/site-packages/airflow/example_dags/example_branch_python_dop_operator_3.py for tasks to queue
[2026-02-14T15:48:10.756+0000] {logging_mixin.py:188} INFO - [2026-02-14T15:48:10.756+0000] {dagbag.py:545} INFO - Filling up the DagBag from /home/airflow/.local/lib/python3.12/site-packages/airflow/example_dags/example_branch_python_dop_operator_3.py
[2026-02-14T15:48:10.759+0000] {processor.py:840} INFO - DAG(s) 'example_branch_dop_operator_v3' retrieved from /home/airflow/.local/lib/python3.12/site-packages/airflow/example_dags/example_branch_python_dop_operator_3.py
[2026-02-14T15:48:10.765+0000] {logging_mixin.py:188} INFO - [2026-02-14T15:48:10.765+0000] {dag.py:3089} INFO - Sync 1 DAGs
[2026-02-14T15:48:10.774+0000] {logging_mixin.py:188} INFO - [2026-02-14T15:48:10.773+0000] {dag.py:3947} INFO - Setting next_dagrun for example_branch_dop_operator_v3 to 2026-02-14 15:47:00+00:00, run_after=2026-02-14 15:48:00+00:00
[2026-02-14T15:48:10.779+0000] {processor.py:183} INFO - Processing /home/airflow/.local/lib/python3.12/site-packages/airflow/example_dags/example_branch_python_dop_operator_3.py took 0.027 seconds
[2026-02-14T15:48:41.386+0000] {processor.py:161} INFO - Started process (PID=319) to work on /home/airflow/.local/lib/python3.12/site-packages/airflow/example_dags/example_branch_python_dop_operator_3.py
[2026-02-14T15:48:41.386+0000] {processor.py:830} INFO - Processing file /home/airflow/.local/lib/python3.12/site-packages/airflow/example_dags/example_branch_python_dop_operator_3.py for tasks to queue
[2026-02-14T15:48:41.387+0000] {logging_mixin.py:188} INFO - [2026-02-14T15:48:41.387+0000] {dagbag.py:545} INFO - Filling up the DagBag from /home/airflow/.local/lib/python3.12/site-packages/airflow/example_dags/example_branch_python_dop_operator_3.py
[2026-02-14T15:48:41.390+0000] {processor.py:840} INFO - DAG(s) 'example_branch_dop_operator_v3' retrieved from /home/airflow/.local/lib/python3.12/site-packages/airflow/example_dags/example_branch_python_dop_operator_3.py
[2026-02-14T15:48:41.397+0000] {logging_mixin.py:188} INFO - [2026-02-14T15:48:41.397+0000] {dag.py:3089} INFO - Sync 1 DAGs
[2026-02-14T15:48:41.405+0000] {logging_mixin.py:188} INFO - [2026-02-14T15:48:41.405+0000] {dag.py:3947} INFO - Setting next_dagrun for example_branch_dop_operator_v3 to 2026-02-14 15:47:00+00:00, run_after=2026-02-14 15:48:00+00:00
[2026-02-14T15:48:41.410+0000] {processor.py:183} INFO - Processing /home/airflow/.local/lib/python3.12/site-packages/airflow/example_dags/example_branch_python_dop_operator_3.py took 0.027 seconds
[2026-02-14T15:49:12.035+0000] {processor.py:161} INFO - Started process (PID=378) to work on /home/airflow/.local/lib/python3.12/site-packages/airflow/example_dags/example_branch_python_dop_operator_3.py
[2026-02-14T15:49:12.035+0000] {processor.py:830} INFO - Processing file /home/airflow/.local/lib/python3.12/site-packages/airflow/example_dags/example_branch_python_dop_operator_3.py for tasks to queue
[2026-02-14T15:49:12.036+0000] {logging_mixin.py:188} INFO - [2026-02-14T15:49:12.036+0000] {dagbag.py:545} INFO - Filling up the DagBag from /home/airflow/.local/lib/python3.12/site-packages/airflow/example_dags/example_branch_python_dop_operator_3.py
[2026-02-14T15:49:12.039+0000] {processor.py:840} INFO - DAG(s) 'example_branch_dop_operator_v3' retrieved from /home/airflow/.local/lib/python3.12/site-packages/airflow/example_dags/example_branch_python_dop_operator_3.py
[2026-02-14T15:49:12.046+0000] {logging_mixin.py:188} INFO - [2026-02-14T15:49:12.046+0000] {dag.py:3089} INFO - Sync 1 DAGs
[2026-02-14T15:49:12.054+0000] {logging_mixin.py:188} INFO - [2026-02-14T15:49:12.054+0000] {dag.py:3947} INFO - Setting next_dagrun for example_branch_dop_operator_v3 to 2026-02-14 15:48:00+00:00, run_after=2026-02-14 15:49:00+00:00
[2026-02-14T15:49:12.059+0000] {processor.py:183} INFO - Processing /home/airflow/.local/lib/python3.12/site-packages/airflow/example_dags/example_branch_python_dop_operator_3.py took 0.027 seconds
[2026-02-14T15:49:42.423+0000] {processor.py:161} INFO - Started process (PID=437) to work on /home/airflow/.local/lib/python3.12/site-packages/airflow/example_dags/example_branch_python_dop_operator_3.py
[2026-02-14T15:49:42.424+0000] {processor.py:830} INFO - Processing file /home/airflow/.local/lib/python3.12/site-packages/airflow/example_dags/example_branch_python_dop_operator_3.py for tasks to queue
[2026-02-14T15:49:42.424+0000] {logging_mixin.py:188} INFO - [2026-02-14T15:49:42.424+0000] {dagbag.py:545} INFO - Filling up the DagBag from /home/airflow/.local/lib/python3.12/site-packages/airflow/example_dags/example_branch_python_dop_operator_3.py
[2026-02-14T15:49:42.427+0000] {processor.py:840} INFO - DAG(s) 'example_branch_dop_operator_v3' retrieved from /home/airflow/.local/lib/python3.12/site-packages/airflow/example_dags/example_branch_python_dop_operator_3.py
[2026-02-14T15:49:42.436+0000] {logging_mixin.py:188} INFO - [2026-02-14T15:49:42.436+0000] {dag.py:3089} INFO - Sync 1 DAGs
[2026-02-14T15:49:42.445+0000] {logging_mixin.py:188} INFO - [2026-02-14T15:49:42.445+0000] {dag.py:3947} INFO - Setting next_dagrun for example_branch_dop_operator_v3 to 2026-02-14 15:48:00+00:00, run_after=2026-02-14 15:49:00+00:00
[2026-02-14T15:49:42.452+0000] {processor.py:183} INFO - Processing /home/airflow/.local/lib/python3.12/site-packages/airflow/example_dags/example_branch_python_dop_operator_3.py took 0.031 seconds
[2026-02-14T15:50:12.852+0000] {processor.py:161} INFO - Started process (PID=496) to work on /home/airflow/.local/lib/python3.12/site-packages/airflow/example_dags/example_branch_python_dop_operator_3.py
[2026-02-14T15:50:12.853+0000] {processor.py:830} INFO - Processing file /home/airflow/.local/lib/python3.12/site-packages/airflow/example_dags/example_branch_python_dop_operator_3.py for tasks to queue
[2026-02-14T15:50:12.853+0000] {logging_mixin.py:188} INFO - [2026-02-14T15:50:12.853+0000] {dagbag.py:545} INFO - Filling up the DagBag from /home/airflow/.local/lib/python3.12/site-packages/airflow/example_dags/example_branch_python_dop_operator_3.py
[2026-02-14T15:50:12.857+0000] {processor.py:840} INFO - DAG(s) 'example_branch_dop_operator_v3' retrieved from /home/airflow/.local/lib/python3.12/site-packages/airflow/example_dags/example_branch_python_dop_operator_3.py
[2026-02-14T15:50:12.865+0000] {logging_mixin.py:188} INFO - [2026-02-14T15:50:12.865+0000] {dag.py:3089} INFO - Sync 1 DAGs
[2026-02-14T15:50:12.873+0000] {logging_mixin.py:188} INFO - [2026-02-14T15:50:12.873+0000] {dag.py:3947} INFO - Setting next_dagrun for example_branch_dop_operator_v3 to 2026-02-14 15:49:00+00:00, run_after=2026-02-14 15:50:00+00:00
[2026-02-14T15:50:12.882+0000] {processor.py:183} INFO - Processing /home/airflow/.local/lib/python3.12/site-packages/airflow/example_dags/example_branch_python_dop_operator_3.py took 0.033 seconds
[2026-02-14T15:50:43.295+0000] {processor.py:161} INFO - Started process (PID=555) to work on /home/airflow/.local/lib/python3.12/site-packages/airflow/example_dags/example_branch_python_dop_operator_3.py
[2026-02-14T15:50:43.297+0000] {processor.py:830} INFO - Processing file /home/airflow/.local/lib/python3.12/site-packages/airflow/example_dags/example_branch_python_dop_operator_3.py for tasks to queue
[2026-02-14T15:50:43.298+0000] {logging_mixin.py:188} INFO - [2026-02-14T15:50:43.298+0000] {dagbag.py:545} INFO - Filling up the DagBag from /home/airflow/.local/lib/python3.12/site-packages/airflow/example_dags/example_branch_python_dop_operator_3.py
[2026-02-14T15:50:43.304+0000] {processor.py:840} INFO - DAG(s) 'example_branch_dop_operator_v3' retrieved from /home/airflow/.local/lib/python3.12/site-packages/airflow/example_dags/example_branch_python_dop_operator_3.py
[2026-02-14T15:50:43.318+0000] {logging_mixin.py:188} INFO - [2026-02-14T15:50:43.318+0000] {dag.py:3089} INFO - Sync 1 DAGs
[2026-02-14T15:50:43.330+0000] {logging_mixin.py:188} INFO - [2026-02-14T15:50:43.329+0000] {dag.py:3947} INFO - Setting next_dagrun for example_branch_dop_operator_v3 to 2026-02-14 15:49:00+00:00, run_after=2026-02-14 15:50:00+00:00
[2026-02-14T15:50:43.341+0000] {processor.py:183} INFO - Processing /home/airflow/.local/lib/python3.12/site-packages/airflow/example_dags/example_branch_python_dop_operator_3.py took 0.048 seconds
[2026-02-14T15:51:14.032+0000] {processor.py:161} INFO - Started process (PID=614) to work on /home/airflow/.local/lib/python3.12/site-packages/airflow/example_dags/example_branch_python_dop_operator_3.py
[2026-02-14T15:51:14.033+0000] {processor.py:830} INFO - Processing file /home/airflow/.local/lib/python3.12/site-packages/airflow/example_dags/example_branch_python_dop_operator_3.py for tasks to queue
[2026-02-14T15:51:14.034+0000] {logging_mixin.py:188} INFO - [2026-02-14T15:51:14.034+0000] {dagbag.py:545} INFO - Filling up the DagBag from /home/airflow/.local/lib/python3.12/site-packages/airflow/example_dags/example_branch_python_dop_operator_3.py
[2026-02-14T15:51:14.037+0000] {processor.py:840} INFO - DAG(s) 'example_branch_dop_operator_v3' retrieved from /home/airflow/.local/lib/python3.12/site-packages/airflow/example_dags/example_branch_python_dop_operator_3.py
[2026-02-14T15:51:14.045+0000] {logging_mixin.py:188} INFO - [2026-02-14T15:51:14.044+0000] {dag.py:3089} INFO - Sync 1 DAGs
[2026-02-14T15:51:14.054+0000] {logging_mixin.py:188} INFO - [2026-02-14T15:51:14.054+0000] {dag.py:3947} INFO - Setting next_dagrun for example_branch_dop_operator_v3 to 2026-02-14 15:50:00+00:00, run_after=2026-02-14 15:51:00+00:00
[2026-02-14T15:51:14.065+0000] {processor.py:183} INFO - Processing /home/airflow/.local/lib/python3.12/site-packages/airflow/example_dags/example_branch_python_dop_operator_3.py took 0.036 seconds
[2026-02-14T15:51:44.478+0000] {processor.py:161} INFO - Started process (PID=673) to work on /home/airflow/.local/lib/python3.12/site-packages/airflow/example_dags/example_branch_python_dop_operator_3.py
[2026-02-14T15:51:44.479+0000] {processor.py:830} INFO - Processing file /home/airflow/.local/lib/python3.12/site-packages/airflow/example_dags/example_branch_python_dop_operator_3.py for tasks to queue
[2026-02-14T15:51:44.479+0000] {logging_mixin.py:188} INFO - [2026-02-14T15:51:44.479+0000] {dagbag.py:545} INFO - Filling up the DagBag from /home/airflow/.local/lib/python3.12/site-packages/airflow/example_dags/example_branch_python_dop_operator_3.py
[2026-02-14T15:51:44.483+0000] {processor.py:840} INFO - DAG(s) 'example_branch_dop_operator_v3' retrieved from /home/airflow/.local/lib/python3.12/site-packages/airflow/example_dags/example_branch_python_dop_operator_3.py
[2026-02-14T15:51:44.490+0000] {logging_mixin.py:188} INFO - [2026-02-14T15:51:44.490+0000] {dag.py:3089} INFO - Sync 1 DAGs
[2026-02-14T15:51:44.498+0000] {logging_mixin.py:188} INFO - [2026-02-14T15:51:44.498+0000] {dag.py:3947} INFO - Setting next_dagrun for example_branch_dop_operator_v3 to 2026-02-14 15:50:00+00:00, run_after=2026-02-14 15:51:00+00:00
[2026-02-14T15:51:44.505+0000] {processor.py:183} INFO - Processing /home/airflow/.local/lib/python3.12/site-packages/airflow/example_dags/example_branch_python_dop_operator_3.py took 0.030 seconds
[2026-02-14T15:52:14.974+0000] {processor.py:161} INFO - Started process (PID=732) to work on /home/airflow/.local/lib/python3.12/site-packages/airflow/example_dags/example_branch_python_dop_operator_3.py
[2026-02-14T15:52:14.975+0000] {processor.py:830} INFO - Processing file /home/airflow/.local/lib/python3.12/site-packages/airflow/example_dags/example_branch_python_dop_operator_3.py for tasks to queue
[2026-02-14T15:52:14.976+0000] {logging_mixin.py:188} INFO - [2026-02-14T15:52:14.976+0000] {dagbag.py:545} INFO - Filling up the DagBag from /home/airflow/.local/lib/python3.12/site-packages/airflow/example_dags/example_branch_python_dop_operator_3.py
[2026-02-14T15:52:14.979+0000] {processor.py:840} INFO - DAG(s) 'example_branch_dop_operator_v3' retrieved from /home/airflow/.local/lib/python3.12/site-packages/airflow/example_dags/example_branch_python_dop_operator_3.py
[2026-02-14T15:52:14.987+0000] {logging_mixin.py:188} INFO - [2026-02-14T15:52:14.987+0000] {dag.py:3089} INFO - Sync 1 DAGs
[2026-02-14T15:52:14.995+0000] {logging_mixin.py:188} INFO - [2026-02-14T15:52:14.995+0000] {dag.py:3947} INFO - Setting next_dagrun for example_branch_dop_operator_v3 to 2026-02-14 15:51:00+00:00, run_after=2026-02-14 15:52:00+00:00
[2026-02-14T15:52:15.003+0000] {processor.py:183} INFO - Processing /home/airflow/.local/lib/python3.12/site-packages/airflow/example_dags/example_branch_python_dop_operator_3.py took 0.032 seconds
[2026-02-14T15:52:45.367+0000] {processor.py:161} INFO - Started process (PID=791) to work on /home/airflow/.local/lib/python3.12/site-packages/airflow/example_dags/example_branch_python_dop_operator_3.py
[2026-02-14T15:52:45.367+0000] {processor.py:830} INFO - Processing file /home/airflow/.local/lib/python3.12/site-packages/airflow/example_dags/example_branch_python_dop_operator_3.py for tasks to queue
[2026-02-14T15:52:45.369+0000] {logging_mixin.py:188} INFO - [2026-02-14T15:52:45.368+0000] {dagbag.py:545} INFO - Filling up the DagBag from /home/airflow/.local/lib/python3.12/site-packages/airflow/example_dags/example_branch_python_dop_operator_3.py
[2026-02-14T15:52:45.372+0000] {processor.py:840} INFO - DAG(s) 'example_branch_dop_operator_v3' retrieved from /home/airflow/.local/lib/python3.12/site-packages/airflow/example_dags/example_branch_python_dop_operator_3.py
[2026-02-14T15:52:45.381+0000] {logging_mixin.py:188} INFO - [2026-02-14T15:52:45.381+0000] {dag.py:3089} INFO - Sync 1 DAGs
[2026-02-14T15:52:45.389+0000] {logging_mixin.py:188} INFO - [2026-02-14T15:52:45.389+0000] {dag.py:3947} INFO - Setting next_dagrun for example_branch_dop_operator_v3 to 2026-02-14 15:51:00+00:00, run_after=2026-02-14 15:52:00+00:00
[2026-02-14T15:52:45.395+0000] {processor.py:183} INFO - Processing /home/airflow/.local/lib/python3.12/site-packages/airflow/example_dags/example_branch_python_dop_operator_3.py took 0.031 seconds
[2026-02-14T15:53:15.703+0000] {processor.py:161} INFO - Started process (PID=850) to work on /home/airflow/.local/lib/python3.12/site-packages/airflow/example_dags/example_branch_python_dop_operator_3.py
[2026-02-14T15:53:15.703+0000] {processor.py:830} INFO - Processing file /home/airflow/.local/lib/python3.12/site-packages/airflow/example_dags/example_branch_python_dop_operator_3.py for tasks to queue
[2026-02-14T15:53:15.704+0000] {logging_mixin.py:188} INFO - [2026-02-14T15:53:15.703+0000] {dagbag.py:545} INFO - Filling up the DagBag from /home/airflow/.local/lib/python3.12/site-packages/airflow/example_dags/example_branch_python_dop_operator_3.py
[2026-02-14T15:53:15.706+0000] {processor.py:840} INFO - DAG(s) 'example_branch_dop_operator_v3' retrieved from /home/airflow/.local/lib/python3.12/site-packages/airflow/example_dags/example_branch_python_dop_operator_3.py
[2026-02-14T15:53:15.713+0000] {logging_mixin.py:188} INFO - [2026-02-14T15:53:15.713+0000] {dag.py:3089} INFO - Sync 1 DAGs
[2026-02-14T15:53:15.719+0000] {logging_mixin.py:188} INFO - [2026-02-14T15:53:15.719+0000] {dag.py:3947} INFO - Setting next_dagrun for example_branch_dop_operator_v3 to 2026-02-14 15:52:00+00:00, run_after=2026-02-14 15:53:00+00:00
[2026-02-14T15:53:15.724+0000] {processor.py:183} INFO - Processing /home/airflow/.local/lib/python3.12/site-packages/airflow/example_dags/example_branch_python_dop_operator_3.py took 0.024 seconds
[2026-02-14T15:53:46.086+0000] {processor.py:161} INFO - Started process (PID=909) to work on /home/airflow/.local/lib/python3.12/site-packages/airflow/example_dags/example_branch_python_dop_operator_3.py
[2026-02-14T15:53:46.086+0000] {processor.py:830} INFO - Processing file /home/airflow/.local/lib/python3.12/site-packages/airflow/example_dags/example_branch_python_dop_operator_3.py for tasks to queue
[2026-02-14T15:53:46.087+0000] {logging_mixin.py:188} INFO - [2026-02-14T15:53:46.087+0000] {dagbag.py:545} INFO - Filling up the DagBag from /home/airflow/.local/lib/python3.12/site-packages/airflow/example_dags/example_branch_python_dop_operator_3.py
[2026-02-14T15:53:46.090+0000] {processor.py:840} INFO - DAG(s) 'example_branch_dop_operator_v3' retrieved from /home/airflow/.local/lib/python3.12/site-packages/airflow/example_dags/example_branch_python_dop_operator_3.py
[2026-02-14T15:53:46.097+0000] {logging_mixin.py:188} INFO - [2026-02-14T15:53:46.097+0000] {dag.py:3089} INFO - Sync 1 DAGs
[2026-02-14T15:53:46.106+0000] {logging_mixin.py:188} INFO - [2026-02-14T15:53:46.106+0000] {dag.py:3947} INFO - Setting next_dagrun for example_branch_dop_operator_v3 to 2026-02-14 15:52:00+00:00, run_after=2026-02-14 15:53:00+00:00
[2026-02-14T15:53:46.115+0000] {processor.py:183} INFO - Processing /home/airflow/.local/lib/python3.12/site-packages/airflow/example_dags/example_branch_python_dop_operator_3.py took 0.032 seconds
[2026-02-14T15:54:16.520+0000] {processor.py:161} INFO - Started process (PID=968) to work on /home/airflow/.local/lib/python3.12/site-packages/airflow/example_dags/example_branch_python_dop_operator_3.py
[2026-02-14T15:54:16.521+0000] {processor.py:830} INFO - Processing file /home/airflow/.local/lib/python3.12/site-packages/airflow/example_dags/example_branch_python_dop_operator_3.py for tasks to queue
[2026-02-14T15:54:16.522+0000] {logging_mixin.py:188} INFO - [2026-02-14T15:54:16.521+0000] {dagbag.py:545} INFO - Filling up the DagBag from /home/airflow/.local/lib/python3.12/site-packages/airflow/example_dags/example_branch_python_dop_operator_3.py
[2026-02-14T15:54:16.525+0000] {processor.py:840} INFO - DAG(s) 'example_branch_dop_operator_v3' retrieved from /home/airflow/.local/lib/python3.12/site-packages/airflow/example_dags/example_branch_python_dop_operator_3.py
[2026-02-14T15:54:16.534+0000] {logging_mixin.py:188} INFO - [2026-02-14T15:54:16.533+0000] {dag.py:3089} INFO - Sync 1 DAGs
[2026-02-14T15:54:16.542+0000] {logging_mixin.py:188} INFO - [2026-02-14T15:54:16.542+0000] {dag.py:3947} INFO - Setting next_dagrun for example_branch_dop_operator_v3 to 2026-02-14 15:53:00+00:00, run_after=2026-02-14 15:54:00+00:00
[2026-02-14T15:54:16.548+0000] {processor.py:183} INFO - Processing /home/airflow/.local/lib/python3.12/site-packages/airflow/example_dags/example_branch_python_dop_operator_3.py took 0.031 seconds
[2026-02-14T15:54:47.010+0000] {processor.py:161} INFO - Started process (PID=1027) to work on /home/airflow/.local/lib/python3.12/site-packages/airflow/example_dags/example_branch_python_dop_operator_3.py
[2026-02-14T15:54:47.011+0000] {processor.py:830} INFO - Processing file /home/airflow/.local/lib/python3.12/site-packages/airflow/example_dags/example_branch_python_dop_operator_3.py for tasks to queue
[2026-02-14T15:54:47.012+0000] {logging_mixin.py:188} INFO - [2026-02-14T15:54:47.012+0000] {dagbag.py:545} INFO - Filling up the DagBag from /home/airflow/.local/lib/python3.12/site-packages/airflow/example_dags/example_branch_python_dop_operator_3.py
[2026-02-14T15:54:47.015+0000] {processor.py:840} INFO - DAG(s) 'example_branch_dop_operator_v3' retrieved from /home/airflow/.local/lib/python3.12/site-packages/airflow/example_dags/example_branch_python_dop_operator_3.py
[2026-02-14T15:54:47.024+0000] {logging_mixin.py:188} INFO - [2026-02-14T15:54:47.024+0000] {dag.py:3089} INFO - Sync 1 DAGs
[2026-02-14T15:54:47.034+0000] {logging_mixin.py:188} INFO - [2026-02-14T15:54:47.034+0000] {dag.py:3947} INFO - Setting next_dagrun for example_branch_dop_operator_v3 to 2026-02-14 15:53:00+00:00, run_after=2026-02-14 15:54:00+00:00
[2026-02-14T15:54:47.040+0000] {processor.py:183} INFO - Processing /home/airflow/.local/lib/python3.12/site-packages/airflow/example_dags/example_branch_python_dop_operator_3.py took 0.032 seconds
[2026-02-14T15:55:19.448+0000] {processor.py:161} INFO - Started process (PID=1086) to work on /home/airflow/.local/lib/python3.12/site-packages/airflow/example_dags/example_branch_python_dop_operator_3.py
[2026-02-14T15:55:19.449+0000] {processor.py:830} INFO - Processing file /home/airflow/.local/lib/python3.12/site-packages/airflow/example_dags/example_branch_python_dop_operator_3.py for tasks to queue
[2026-02-14T15:55:19.452+0000] {logging_mixin.py:188} INFO - [2026-02-14T15:55:19.452+0000] {dagbag.py:545} INFO - Filling up the DagBag from /home/airflow/.local/lib/python3.12/site-packages/airflow/example_dags/example_branch_python_dop_operator_3.py
[2026-02-14T15:55:19.465+0000] {processor.py:840} INFO - DAG(s) 'example_branch_dop_operator_v3' retrieved from /home/airflow/.local/lib/python3.12/site-packages/airflow/example_dags/example_branch_python_dop_operator_3.py
[2026-02-14T15:55:19.503+0000] {logging_mixin.py:188} INFO - [2026-02-14T15:55:19.502+0000] {dag.py:3089} INFO - Sync 1 DAGs
[2026-02-14T15:55:19.540+0000] {logging_mixin.py:188} INFO - [2026-02-14T15:55:19.540+0000] {dag.py:3947} INFO - Setting next_dagrun for example_branch_dop_operator_v3 to 2026-02-14 15:54:00+00:00, run_after=2026-02-14 15:55:00+00:00
[2026-02-14T15:55:19.579+0000] {processor.py:183} INFO - Processing /home/airflow/.local/lib/python3.12/site-packages/airflow/example_dags/example_branch_python_dop_operator_3.py took 0.140 seconds
[2026-02-14T15:55:50.023+0000] {processor.py:161} INFO - Started process (PID=1144) to work on /home/airflow/.local/lib/python3.12/site-packages/airflow/example_dags/example_branch_python_dop_operator_3.py
[2026-02-14T15:55:50.023+0000] {processor.py:830} INFO - Processing file /home/airflow/.local/lib/python3.12/site-packages/airflow/example_dags/example_branch_python_dop_operator_3.py for tasks to queue
[2026-02-14T15:55:50.024+0000] {logging_mixin.py:188} INFO - [2026-02-14T15:55:50.024+0000] {dagbag.py:545} INFO - Filling up the DagBag from /home/airflow/.local/lib/python3.12/site-packages/airflow/example_dags/example_branch_python_dop_operator_3.py
[2026-02-14T15:55:50.027+0000] {processor.py:840} INFO - DAG(s) 'example_branch_dop_operator_v3' retrieved from /home/airflow/.local/lib/python3.12/site-packages/airflow/example_dags/example_branch_python_dop_operator_3.py
[2026-02-14T15:55:50.038+0000] {logging_mixin.py:188} INFO - [2026-02-14T15:55:50.038+0000] {dag.py:3089} INFO - Sync 1 DAGs
[2026-02-14T15:55:50.046+0000] {logging_mixin.py:188} INFO - [2026-02-14T15:55:50.046+0000] {dag.py:3947} INFO - Setting next_dagrun for example_branch_dop_operator_v3 to 2026-02-14 15:54:00+00:00, run_after=2026-02-14 15:55:00+00:00
[2026-02-14T15:55:50.053+0000] {processor.py:183} INFO - Processing /home/airflow/.local/lib/python3.12/site-packages/airflow/example_dags/example_branch_python_dop_operator_3.py took 0.032 seconds
[2026-02-14T15:56:20.508+0000] {processor.py:161} INFO - Started process (PID=1203) to work on /home/airflow/.local/lib/python3.12/site-packages/airflow/example_dags/example_branch_python_dop_operator_3.py
[2026-02-14T15:56:20.509+0000] {processor.py:830} INFO - Processing file /home/airflow/.local/lib/python3.12/site-packages/airflow/example_dags/example_branch_python_dop_operator_3.py for tasks to queue
[2026-02-14T15:56:20.509+0000] {logging_mixin.py:188} INFO - [2026-02-14T15:56:20.509+0000] {dagbag.py:545} INFO - Filling up the DagBag from /home/airflow/.local/lib/python3.12/site-packages/airflow/example_dags/example_branch_python_dop_operator_3.py
[2026-02-14T15:56:20.512+0000] {processor.py:840} INFO - DAG(s) 'example_branch_dop_operator_v3' retrieved from /home/airflow/.local/lib/python3.12/site-packages/airflow/example_dags/example_branch_python_dop_operator_3.py
[2026-02-14T15:56:20.519+0000] {logging_mixin.py:188} INFO - [2026-02-14T15:56:20.519+0000] {dag.py:3089} INFO - Sync 1 DAGs
[2026-02-14T15:56:20.526+0000] {logging_mixin.py:188} INFO - [2026-02-14T15:56:20.526+0000] {dag.py:3947} INFO - Setting next_dagrun for example_branch_dop_operator_v3 to 2026-02-14 15:55:00+00:00, run_after=2026-02-14 15:56:00+00:00
[2026-02-14T15:56:20.531+0000] {processor.py:183} INFO - Processing /home/airflow/.local/lib/python3.12/site-packages/airflow/example_dags/example_branch_python_dop_operator_3.py took 0.024 seconds
[2026-02-14T15:56:51.057+0000] {processor.py:161} INFO - Started process (PID=1262) to work on /home/airflow/.local/lib/python3.12/site-packages/airflow/example_dags/example_branch_python_dop_operator_3.py
[2026-02-14T15:56:51.058+0000] {processor.py:830} INFO - Processing file /home/airflow/.local/lib/python3.12/site-packages/airflow/example_dags/example_branch_python_dop_operator_3.py for tasks to queue
[2026-02-14T15:56:51.059+0000] {logging_mixin.py:188} INFO - [2026-02-14T15:56:51.058+0000] {dagbag.py:545} INFO - Filling up the DagBag from /home/airflow/.local/lib/python3.12/site-packages/airflow/example_dags/example_branch_python_dop_operator_3.py
[2026-02-14T15:56:51.062+0000] {processor.py:840} INFO - DAG(s) 'example_branch_dop_operator_v3' retrieved from /home/airflow/.local/lib/python3.12/site-packages/airflow/example_dags/example_branch_python_dop_operator_3.py
[2026-02-14T15:56:51.072+0000] {logging_mixin.py:188} INFO - [2026-02-14T15:56:51.072+0000] {dag.py:3089} INFO - Sync 1 DAGs
[2026-02-14T15:56:51.082+0000] {logging_mixin.py:188} INFO - [2026-02-14T15:56:51.082+0000] {dag.py:3947} INFO - Setting next_dagrun for example_branch_dop_operator_v3 to 2026-02-14 15:55:00+00:00, run_after=2026-02-14 15:56:00+00:00
[2026-02-14T15:56:51.091+0000] {processor.py:183} INFO - Processing /home/airflow/.local/lib/python3.12/site-packages/airflow/example_dags/example_branch_python_dop_operator_3.py took 0.036 seconds
[2026-02-14T15:57:21.779+0000] {processor.py:161} INFO - Started process (PID=1321) to work on /home/airflow/.local/lib/python3.12/site-packages/airflow/example_dags/example_branch_python_dop_operator_3.py
[2026-02-14T15:57:21.779+0000] {processor.py:830} INFO - Processing file /home/airflow/.local/lib/python3.12/site-packages/airflow/example_dags/example_branch_python_dop_operator_3.py for tasks to queue
[2026-02-14T15:57:21.781+0000] {logging_mixin.py:188} INFO - [2026-02-14T15:57:21.781+0000] {dagbag.py:545} INFO - Filling up the DagBag from /home/airflow/.local/lib/python3.12/site-packages/airflow/example_dags/example_branch_python_dop_operator_3.py
[2026-02-14T15:57:21.784+0000] {processor.py:840} INFO - DAG(s) 'example_branch_dop_operator_v3' retrieved from /home/airflow/.local/lib/python3.12/site-packages/airflow/example_dags/example_branch_python_dop_operator_3.py
[2026-02-14T15:57:21.793+0000] {logging_mixin.py:188} INFO - [2026-02-14T15:57:21.793+0000] {dag.py:3089} INFO - Sync 1 DAGs
[2026-02-14T15:57:21.801+0000] {logging_mixin.py:188} INFO - [2026-02-14T15:57:21.801+0000] {dag.py:3947} INFO - Setting next_dagrun for example_branch_dop_operator_v3 to 2026-02-14 15:56:00+00:00, run_after=2026-02-14 15:57:00+00:00
[2026-02-14T15:57:21.810+0000] {processor.py:183} INFO - Processing /home/airflow/.local/lib/python3.12/site-packages/airflow/example_dags/example_branch_python_dop_operator_3.py took 0.034 seconds
[2026-02-14T15:57:52.100+0000] {processor.py:161} INFO - Started process (PID=1380) to work on /home/airflow/.local/lib/python3.12/site-packages/airflow/example_dags/example_branch_python_dop_operator_3.py
[2026-02-14T15:57:52.101+0000] {processor.py:830} INFO - Processing file /home/airflow/.local/lib/python3.12/site-packages/airflow/example_dags/example_branch_python_dop_operator_3.py for tasks to queue
[2026-02-14T15:57:52.102+0000] {logging_mixin.py:188} INFO - [2026-02-14T15:57:52.102+0000] {dagbag.py:545} INFO - Filling up the DagBag from /home/airflow/.local/lib/python3.12/site-packages/airflow/example_dags/example_branch_python_dop_operator_3.py
[2026-02-14T15:57:52.111+0000] {processor.py:840} INFO - DAG(s) 'example_branch_dop_operator_v3' retrieved from /home/airflow/.local/lib/python3.12/site-packages/airflow/example_dags/example_branch_python_dop_operator_3.py
[2026-02-14T15:57:52.123+0000] {logging_mixin.py:188} INFO - [2026-02-14T15:57:52.123+0000] {dag.py:3089} INFO - Sync 1 DAGs
[2026-02-14T15:57:52.132+0000] {logging_mixin.py:188} INFO - [2026-02-14T15:57:52.132+0000] {dag.py:3947} INFO - Setting next_dagrun for example_branch_dop_operator_v3 to 2026-02-14 15:56:00+00:00, run_after=2026-02-14 15:57:00+00:00
[2026-02-14T15:57:52.140+0000] {processor.py:183} INFO - Processing /home/airflow/.local/lib/python3.12/site-packages/airflow/example_dags/example_branch_python_dop_operator_3.py took 0.043 seconds
[2026-02-14T15:58:23.172+0000] {processor.py:161} INFO - Started process (PID=1439) to work on /home/airflow/.local/lib/python3.12/site-packages/airflow/example_dags/example_branch_python_dop_operator_3.py
[2026-02-14T15:58:23.173+0000] {processor.py:830} INFO - Processing file /home/airflow/.local/lib/python3.12/site-packages/airflow/example_dags/example_branch_python_dop_operator_3.py for tasks to queue
[2026-02-14T15:58:23.174+0000] {logging_mixin.py:188} INFO - [2026-02-14T15:58:23.174+0000] {dagbag.py:545} INFO - Filling up the DagBag from /home/airflow/.local/lib/python3.12/site-packages/airflow/example_dags/example_branch_python_dop_operator_3.py
[2026-02-14T15:58:23.177+0000] {processor.py:840} INFO - DAG(s) 'example_branch_dop_operator_v3' retrieved from /home/airflow/.local/lib/python3.12/site-packages/airflow/example_dags/example_branch_python_dop_operator_3.py
[2026-02-14T15:58:23.186+0000] {logging_mixin.py:188} INFO - [2026-02-14T15:58:23.186+0000] {dag.py:3089} INFO - Sync 1 DAGs
[2026-02-14T15:58:23.194+0000] {logging_mixin.py:188} INFO - [2026-02-14T15:58:23.194+0000] {dag.py:3947} INFO - Setting next_dagrun for example_branch_dop_operator_v3 to 2026-02-14 15:57:00+00:00, run_after=2026-02-14 15:58:00+00:00
[2026-02-14T15:58:23.264+0000] {processor.py:183} INFO - Processing /home/airflow/.local/lib/python3.12/site-packages/airflow/example_dags/example_branch_python_dop_operator_3.py took 0.095 seconds
[2026-02-14T15:58:54.257+0000] {processor.py:161} INFO - Started process (PID=1498) to work on /home/airflow/.local/lib/python3.12/site-packages/airflow/example_dags/example_branch_python_dop_operator_3.py
[2026-02-14T15:58:54.258+0000] {processor.py:830} INFO - Processing file /home/airflow/.local/lib/python3.12/site-packages/airflow/example_dags/example_branch_python_dop_operator_3.py for tasks to queue
[2026-02-14T15:58:54.258+0000] {logging_mixin.py:188} INFO - [2026-02-14T15:58:54.258+0000] {dagbag.py:545} INFO - Filling up the DagBag from /home/airflow/.local/lib/python3.12/site-packages/airflow/example_dags/example_branch_python_dop_operator_3.py
[2026-02-14T15:58:54.262+0000] {processor.py:840} INFO - DAG(s) 'example_branch_dop_operator_v3' retrieved from /home/airflow/.local/lib/python3.12/site-packages/airflow/example_dags/example_branch_python_dop_operator_3.py
[2026-02-14T15:58:54.271+0000] {logging_mixin.py:188} INFO - [2026-02-14T15:58:54.271+0000] {dag.py:3089} INFO - Sync 1 DAGs
[2026-02-14T15:58:54.281+0000] {logging_mixin.py:188} INFO - [2026-02-14T15:58:54.281+0000] {dag.py:3947} INFO - Setting next_dagrun for example_branch_dop_operator_v3 to 2026-02-14 15:57:00+00:00, run_after=2026-02-14 15:58:00+00:00
[2026-02-14T15:58:54.288+0000] {processor.py:183} INFO - Processing /home/airflow/.local/lib/python3.12/site-packages/airflow/example_dags/example_branch_python_dop_operator_3.py took 0.034 seconds
[2026-02-14T15:59:24.496+0000] {processor.py:161} INFO - Started process (PID=1557) to work on /home/airflow/.local/lib/python3.12/site-packages/airflow/example_dags/example_branch_python_dop_operator_3.py
[2026-02-14T15:59:24.497+0000] {processor.py:830} INFO - Processing file /home/airflow/.local/lib/python3.12/site-packages/airflow/example_dags/example_branch_python_dop_operator_3.py for tasks to queue
[2026-02-14T15:59:24.498+0000] {logging_mixin.py:188} INFO - [2026-02-14T15:59:24.498+0000] {dagbag.py:545} INFO - Filling up the DagBag from /home/airflow/.local/lib/python3.12/site-packages/airflow/example_dags/example_branch_python_dop_operator_3.py
[2026-02-14T15:59:24.503+0000] {processor.py:840} INFO - DAG(s) 'example_branch_dop_operator_v3' retrieved from /home/airflow/.local/lib/python3.12/site-packages/airflow/example_dags/example_branch_python_dop_operator_3.py
[2026-02-14T15:59:24.515+0000] {logging_mixin.py:188} INFO - [2026-02-14T15:59:24.515+0000] {dag.py:3089} INFO - Sync 1 DAGs
[2026-02-14T15:59:24.527+0000] {logging_mixin.py:188} INFO - [2026-02-14T15:59:24.527+0000] {dag.py:3947} INFO - Setting next_dagrun for example_branch_dop_operator_v3 to 2026-02-14 15:58:00+00:00, run_after=2026-02-14 15:59:00+00:00
[2026-02-14T15:59:24.539+0000] {processor.py:183} INFO - Processing /home/airflow/.local/lib/python3.12/site-packages/airflow/example_dags/example_branch_python_dop_operator_3.py took 0.047 seconds
[2026-02-14T15:59:55.106+0000] {processor.py:161} INFO - Started process (PID=1616) to work on /home/airflow/.local/lib/python3.12/site-packages/airflow/example_dags/example_branch_python_dop_operator_3.py
[2026-02-14T15:59:55.107+0000] {processor.py:830} INFO - Processing file /home/airflow/.local/lib/python3.12/site-packages/airflow/example_dags/example_branch_python_dop_operator_3.py for tasks to queue
[2026-02-14T15:59:55.108+0000] {logging_mixin.py:188} INFO - [2026-02-14T15:59:55.108+0000] {dagbag.py:545} INFO - Filling up the DagBag from /home/airflow/.local/lib/python3.12/site-packages/airflow/example_dags/example_branch_python_dop_operator_3.py
[2026-02-14T15:59:55.112+0000] {processor.py:840} INFO - DAG(s) 'example_branch_dop_operator_v3' retrieved from /home/airflow/.local/lib/python3.12/site-packages/airflow/example_dags/example_branch_python_dop_operator_3.py
[2026-02-14T15:59:55.120+0000] {logging_mixin.py:188} INFO - [2026-02-14T15:59:55.120+0000] {dag.py:3089} INFO - Sync 1 DAGs
[2026-02-14T15:59:55.130+0000] {logging_mixin.py:188} INFO - [2026-02-14T15:59:55.129+0000] {dag.py:3947} INFO - Setting next_dagrun for example_branch_dop_operator_v3 to 2026-02-14 15:58:00+00:00, run_after=2026-02-14 15:59:00+00:00
[2026-02-14T15:59:55.137+0000] {processor.py:183} INFO - Processing /home/airflow/.local/lib/python3.12/site-packages/airflow/example_dags/example_branch_python_dop_operator_3.py took 0.034 seconds
[2026-02-14T16:00:25.548+0000] {processor.py:161} INFO - Started process (PID=1675) to work on /home/airflow/.local/lib/python3.12/site-packages/airflow/example_dags/example_branch_python_dop_operator_3.py
[2026-02-14T16:00:25.548+0000] {processor.py:830} INFO - Processing file /home/airflow/.local/lib/python3.12/site-packages/airflow/example_dags/example_branch_python_dop_operator_3.py for tasks to queue
[2026-02-14T16:00:25.549+0000] {logging_mixin.py:188} INFO - [2026-02-14T16:00:25.549+0000] {dagbag.py:545} INFO - Filling up the DagBag from /home/airflow/.local/lib/python3.12/site-packages/airflow/example_dags/example_branch_python_dop_operator_3.py
[2026-02-14T16:00:25.553+0000] {processor.py:840} INFO - DAG(s) 'example_branch_dop_operator_v3' retrieved from /home/airflow/.local/lib/python3.12/site-packages/airflow/example_dags/example_branch_python_dop_operator_3.py
[2026-02-14T16:00:25.562+0000] {logging_mixin.py:188} INFO - [2026-02-14T16:00:25.562+0000] {dag.py:3089} INFO - Sync 1 DAGs
[2026-02-14T16:00:25.569+0000] {logging_mixin.py:188} INFO - [2026-02-14T16:00:25.569+0000] {dag.py:3947} INFO - Setting next_dagrun for example_branch_dop_operator_v3 to 2026-02-14 15:59:00+00:00, run_after=2026-02-14 16:00:00+00:00
[2026-02-14T16:00:25.578+0000] {processor.py:183} INFO - Processing /home/airflow/.local/lib/python3.12/site-packages/airflow/example_dags/example_branch_python_dop_operator_3.py took 0.033 seconds
[2026-02-14T16:00:56.113+0000] {processor.py:161} INFO - Started process (PID=1734) to work on /home/airflow/.local/lib/python3.12/site-packages/airflow/example_dags/example_branch_python_dop_operator_3.py
[2026-02-14T16:00:56.114+0000] {processor.py:830} INFO - Processing file /home/airflow/.local/lib/python3.12/site-packages/airflow/example_dags/example_branch_python_dop_operator_3.py for tasks to queue
[2026-02-14T16:00:56.115+0000] {logging_mixin.py:188} INFO - [2026-02-14T16:00:56.114+0000] {dagbag.py:545} INFO - Filling up the DagBag from /home/airflow/.local/lib/python3.12/site-packages/airflow/example_dags/example_branch_python_dop_operator_3.py
[2026-02-14T16:00:56.118+0000] {processor.py:840} INFO - DAG(s) 'example_branch_dop_operator_v3' retrieved from /home/airflow/.local/lib/python3.12/site-packages/airflow/example_dags/example_branch_python_dop_operator_3.py
[2026-02-14T16:00:56.125+0000] {logging_mixin.py:188} INFO - [2026-02-14T16:00:56.125+0000] {dag.py:3089} INFO - Sync 1 DAGs
[2026-02-14T16:00:56.133+0000] {logging_mixin.py:188} INFO - [2026-02-14T16:00:56.133+0000] {dag.py:3947} INFO - Setting next_dagrun for example_branch_dop_operator_v3 to 2026-02-14 15:59:00+00:00, run_after=2026-02-14 16:00:00+00:00
[2026-02-14T16:00:56.139+0000] {processor.py:183} INFO - Processing /home/airflow/.local/lib/python3.12/site-packages/airflow/example_dags/example_branch_python_dop_operator_3.py took 0.028 seconds
[2026-02-14T16:01:26.549+0000] {processor.py:161} INFO - Started process (PID=1793) to work on /home/airflow/.local/lib/python3.12/site-packages/airflow/example_dags/example_branch_python_dop_operator_3.py
[2026-02-14T16:01:26.551+0000] {processor.py:830} INFO - Processing file /home/airflow/.local/lib/python3.12/site-packages/airflow/example_dags/example_branch_python_dop_operator_3.py for tasks to queue
[2026-02-14T16:01:26.551+0000] {logging_mixin.py:188} INFO - [2026-02-14T16:01:26.551+0000] {dagbag.py:545} INFO - Filling up the DagBag from /home/airflow/.local/lib/python3.12/site-packages/airflow/example_dags/example_branch_python_dop_operator_3.py
[2026-02-14T16:01:26.557+0000] {processor.py:840} INFO - DAG(s) 'example_branch_dop_operator_v3' retrieved from /home/airflow/.local/lib/python3.12/site-packages/airflow/example_dags/example_branch_python_dop_operator_3.py
[2026-02-14T16:01:26.565+0000] {logging_mixin.py:188} INFO - [2026-02-14T16:01:26.565+0000] {dag.py:3089} INFO - Sync 1 DAGs
[2026-02-14T16:01:26.575+0000] {logging_mixin.py:188} INFO - [2026-02-14T16:01:26.575+0000] {dag.py:3947} INFO - Setting next_dagrun for example_branch_dop_operator_v3 to 2026-02-14 16:00:00+00:00, run_after=2026-02-14 16:01:00+00:00
[2026-02-14T16:01:26.584+0000] {processor.py:183} INFO - Processing /home/airflow/.local/lib/python3.12/site-packages/airflow/example_dags/example_branch_python_dop_operator_3.py took 0.037 seconds
[2026-02-14T16:01:56.876+0000] {processor.py:161} INFO - Started process (PID=1852) to work on /home/airflow/.local/lib/python3.12/site-packages/airflow/example_dags/example_branch_python_dop_operator_3.py
[2026-02-14T16:01:56.877+0000] {processor.py:830} INFO - Processing file /home/airflow/.local/lib/python3.12/site-packages/airflow/example_dags/example_branch_python_dop_operator_3.py for tasks to queue
[2026-02-14T16:01:56.878+0000] {logging_mixin.py:188} INFO - [2026-02-14T16:01:56.877+0000] {dagbag.py:545} INFO - Filling up the DagBag from /home/airflow/.local/lib/python3.12/site-packages/airflow/example_dags/example_branch_python_dop_operator_3.py
[2026-02-14T16:01:56.882+0000] {processor.py:840} INFO - DAG(s) 'example_branch_dop_operator_v3' retrieved from /home/airflow/.local/lib/python3.12/site-packages/airflow/example_dags/example_branch_python_dop_operator_3.py
[2026-02-14T16:01:56.892+0000] {logging_mixin.py:188} INFO - [2026-02-14T16:01:56.892+0000] {dag.py:3089} INFO - Sync 1 DAGs
[2026-02-14T16:01:56.900+0000] {logging_mixin.py:188} INFO - [2026-02-14T16:01:56.900+0000] {dag.py:3947} INFO - Setting next_dagrun for example_branch_dop_operator_v3 to 2026-02-14 16:00:00+00:00, run_after=2026-02-14 16:01:00+00:00
[2026-02-14T16:01:56.907+0000] {processor.py:183} INFO - Processing /home/airflow/.local/lib/python3.12/site-packages/airflow/example_dags/example_branch_python_dop_operator_3.py took 0.034 seconds
[2026-02-14T16:02:27.340+0000] {processor.py:161} INFO - Started process (PID=1911) to work on /home/airflow/.local/lib/python3.12/site-packages/airflow/example_dags/example_branch_python_dop_operator_3.py
[2026-02-14T16:02:27.340+0000] {processor.py:830} INFO - Processing file /home/airflow/.local/lib/python3.12/site-packages/airflow/example_dags/example_branch_python_dop_operator_3.py for tasks to queue
[2026-02-14T16:02:27.343+0000] {logging_mixin.py:188} INFO - [2026-02-14T16:02:27.342+0000] {dagbag.py:545} INFO - Filling up the DagBag from /home/airflow/.local/lib/python3.12/site-packages/airflow/example_dags/example_branch_python_dop_operator_3.py
[2026-02-14T16:02:27.346+0000] {processor.py:840} INFO - DAG(s) 'example_branch_dop_operator_v3' retrieved from /home/airflow/.local/lib/python3.12/site-packages/airflow/example_dags/example_branch_python_dop_operator_3.py
[2026-02-14T16:02:27.357+0000] {logging_mixin.py:188} INFO - [2026-02-14T16:02:27.357+0000] {dag.py:3089} INFO - Sync 1 DAGs
[2026-02-14T16:02:27.368+0000] {logging_mixin.py:188} INFO - [2026-02-14T16:02:27.368+0000] {dag.py:3947} INFO - Setting next_dagrun for example_branch_dop_operator_v3 to 2026-02-14 16:01:00+00:00, run_after=2026-02-14 16:02:00+00:00
[2026-02-14T16:02:27.375+0000] {processor.py:183} INFO - Processing /home/airflow/.local/lib/python3.12/site-packages/airflow/example_dags/example_branch_python_dop_operator_3.py took 0.038 seconds
[2026-02-14T16:02:57.891+0000] {processor.py:161} INFO - Started process (PID=1970) to work on /home/airflow/.local/lib/python3.12/site-packages/airflow/example_dags/example_branch_python_dop_operator_3.py
[2026-02-14T16:02:57.892+0000] {processor.py:830} INFO - Processing file /home/airflow/.local/lib/python3.12/site-packages/airflow/example_dags/example_branch_python_dop_operator_3.py for tasks to queue
[2026-02-14T16:02:57.893+0000] {logging_mixin.py:188} INFO - [2026-02-14T16:02:57.893+0000] {dagbag.py:545} INFO - Filling up the DagBag from /home/airflow/.local/lib/python3.12/site-packages/airflow/example_dags/example_branch_python_dop_operator_3.py
[2026-02-14T16:02:57.896+0000] {processor.py:840} INFO - DAG(s) 'example_branch_dop_operator_v3' retrieved from /home/airflow/.local/lib/python3.12/site-packages/airflow/example_dags/example_branch_python_dop_operator_3.py
[2026-02-14T16:02:57.905+0000] {logging_mixin.py:188} INFO - [2026-02-14T16:02:57.904+0000] {dag.py:3089} INFO - Sync 1 DAGs
[2026-02-14T16:02:57.916+0000] {logging_mixin.py:188} INFO - [2026-02-14T16:02:57.916+0000] {dag.py:3947} INFO - Setting next_dagrun for example_branch_dop_operator_v3 to 2026-02-14 16:01:00+00:00, run_after=2026-02-14 16:02:00+00:00
[2026-02-14T16:02:57.928+0000] {processor.py:183} INFO - Processing /home/airflow/.local/lib/python3.12/site-packages/airflow/example_dags/example_branch_python_dop_operator_3.py took 0.040 seconds
[2026-02-14T16:03:28.436+0000] {processor.py:161} INFO - Started process (PID=2029) to work on /home/airflow/.local/lib/python3.12/site-packages/airflow/example_dags/example_branch_python_dop_operator_3.py
[2026-02-14T16:03:28.437+0000] {processor.py:830} INFO - Processing file /home/airflow/.local/lib/python3.12/site-packages/airflow/example_dags/example_branch_python_dop_operator_3.py for tasks to queue
[2026-02-14T16:03:28.438+0000] {logging_mixin.py:188} INFO - [2026-02-14T16:03:28.438+0000] {dagbag.py:545} INFO - Filling up the DagBag from /home/airflow/.local/lib/python3.12/site-packages/airflow/example_dags/example_branch_python_dop_operator_3.py
[2026-02-14T16:03:28.442+0000] {processor.py:840} INFO - DAG(s) 'example_branch_dop_operator_v3' retrieved from /home/airflow/.local/lib/python3.12/site-packages/airflow/example_dags/example_branch_python_dop_operator_3.py
[2026-02-14T16:03:28.452+0000] {logging_mixin.py:188} INFO - [2026-02-14T16:03:28.452+0000] {dag.py:3089} INFO - Sync 1 DAGs
[2026-02-14T16:03:28.460+0000] {logging_mixin.py:188} INFO - [2026-02-14T16:03:28.460+0000] {dag.py:3947} INFO - Setting next_dagrun for example_branch_dop_operator_v3 to 2026-02-14 16:02:00+00:00, run_after=2026-02-14 16:03:00+00:00
[2026-02-14T16:03:28.466+0000] {processor.py:183} INFO - Processing /home/airflow/.local/lib/python3.12/site-packages/airflow/example_dags/example_branch_python_dop_operator_3.py took 0.033 seconds
[2026-02-14T16:03:59.129+0000] {processor.py:161} INFO - Started process (PID=2088) to work on /home/airflow/.local/lib/python3.12/site-packages/airflow/example_dags/example_branch_python_dop_operator_3.py
[2026-02-14T16:03:59.130+0000] {processor.py:830} INFO - Processing file /home/airflow/.local/lib/python3.12/site-packages/airflow/example_dags/example_branch_python_dop_operator_3.py for tasks to queue
[2026-02-14T16:03:59.131+0000] {logging_mixin.py:188} INFO - [2026-02-14T16:03:59.131+0000] {dagbag.py:545} INFO - Filling up the DagBag from /home/airflow/.local/lib/python3.12/site-packages/airflow/example_dags/example_branch_python_dop_operator_3.py
[2026-02-14T16:03:59.135+0000] {processor.py:840} INFO - DAG(s) 'example_branch_dop_operator_v3' retrieved from /home/airflow/.local/lib/python3.12/site-packages/airflow/example_dags/example_branch_python_dop_operator_3.py
[2026-02-14T16:03:59.144+0000] {logging_mixin.py:188} INFO - [2026-02-14T16:03:59.143+0000] {dag.py:3089} INFO - Sync 1 DAGs
[2026-02-14T16:03:59.153+0000] {logging_mixin.py:188} INFO - [2026-02-14T16:03:59.153+0000] {dag.py:3947} INFO - Setting next_dagrun for example_branch_dop_operator_v3 to 2026-02-14 16:02:00+00:00, run_after=2026-02-14 16:03:00+00:00
[2026-02-14T16:03:59.161+0000] {processor.py:183} INFO - Processing /home/airflow/.local/lib/python3.12/site-packages/airflow/example_dags/example_branch_python_dop_operator_3.py took 0.035 seconds
[2026-02-14T16:04:29.674+0000] {processor.py:161} INFO - Started process (PID=2147) to work on /home/airflow/.local/lib/python3.12/site-packages/airflow/example_dags/example_branch_python_dop_operator_3.py
[2026-02-14T16:04:29.675+0000] {processor.py:830} INFO - Processing file /home/airflow/.local/lib/python3.12/site-packages/airflow/example_dags/example_branch_python_dop_operator_3.py for tasks to queue
[2026-02-14T16:04:29.676+0000] {logging_mixin.py:188} INFO - [2026-02-14T16:04:29.676+0000] {dagbag.py:545} INFO - Filling up the DagBag from /home/airflow/.local/lib/python3.12/site-packages/airflow/example_dags/example_branch_python_dop_operator_3.py
[2026-02-14T16:04:29.680+0000] {processor.py:840} INFO - DAG(s) 'example_branch_dop_operator_v3' retrieved from /home/airflow/.local/lib/python3.12/site-packages/airflow/example_dags/example_branch_python_dop_operator_3.py
[2026-02-14T16:04:29.690+0000] {logging_mixin.py:188} INFO - [2026-02-14T16:04:29.690+0000] {dag.py:3089} INFO - Sync 1 DAGs
[2026-02-14T16:04:29.698+0000] {logging_mixin.py:188} INFO - [2026-02-14T16:04:29.698+0000] {dag.py:3947} INFO - Setting next_dagrun for example_branch_dop_operator_v3 to 2026-02-14 16:03:00+00:00, run_after=2026-02-14 16:04:00+00:00
[2026-02-14T16:04:29.706+0000] {processor.py:183} INFO - Processing /home/airflow/.local/lib/python3.12/site-packages/airflow/example_dags/example_branch_python_dop_operator_3.py took 0.035 seconds
[2026-02-14T16:05:00.104+0000] {processor.py:161} INFO - Started process (PID=2206) to work on /home/airflow/.local/lib/python3.12/site-packages/airflow/example_dags/example_branch_python_dop_operator_3.py
[2026-02-14T16:05:00.105+0000] {processor.py:830} INFO - Processing file /home/airflow/.local/lib/python3.12/site-packages/airflow/example_dags/example_branch_python_dop_operator_3.py for tasks to queue
[2026-02-14T16:05:00.106+0000] {logging_mixin.py:188} INFO - [2026-02-14T16:05:00.106+0000] {dagbag.py:545} INFO - Filling up the DagBag from /home/airflow/.local/lib/python3.12/site-packages/airflow/example_dags/example_branch_python_dop_operator_3.py
[2026-02-14T16:05:00.109+0000] {processor.py:840} INFO - DAG(s) 'example_branch_dop_operator_v3' retrieved from /home/airflow/.local/lib/python3.12/site-packages/airflow/example_dags/example_branch_python_dop_operator_3.py
[2026-02-14T16:05:00.119+0000] {logging_mixin.py:188} INFO - [2026-02-14T16:05:00.119+0000] {dag.py:3089} INFO - Sync 1 DAGs
[2026-02-14T16:05:00.127+0000] {logging_mixin.py:188} INFO - [2026-02-14T16:05:00.127+0000] {dag.py:3947} INFO - Setting next_dagrun for example_branch_dop_operator_v3 to 2026-02-14 16:04:00+00:00, run_after=2026-02-14 16:05:00+00:00
[2026-02-14T16:05:00.133+0000] {processor.py:183} INFO - Processing /home/airflow/.local/lib/python3.12/site-packages/airflow/example_dags/example_branch_python_dop_operator_3.py took 0.032 seconds
[2026-02-14T16:05:30.600+0000] {processor.py:161} INFO - Started process (PID=2265) to work on /home/airflow/.local/lib/python3.12/site-packages/airflow/example_dags/example_branch_python_dop_operator_3.py
[2026-02-14T16:05:30.600+0000] {processor.py:830} INFO - Processing file /home/airflow/.local/lib/python3.12/site-packages/airflow/example_dags/example_branch_python_dop_operator_3.py for tasks to queue
[2026-02-14T16:05:30.601+0000] {logging_mixin.py:188} INFO - [2026-02-14T16:05:30.601+0000] {dagbag.py:545} INFO - Filling up the DagBag from /home/airflow/.local/lib/python3.12/site-packages/airflow/example_dags/example_branch_python_dop_operator_3.py
[2026-02-14T16:05:30.605+0000] {processor.py:840} INFO - DAG(s) 'example_branch_dop_operator_v3' retrieved from /home/airflow/.local/lib/python3.12/site-packages/airflow/example_dags/example_branch_python_dop_operator_3.py
[2026-02-14T16:05:30.614+0000] {logging_mixin.py:188} INFO - [2026-02-14T16:05:30.614+0000] {dag.py:3089} INFO - Sync 1 DAGs
[2026-02-14T16:05:30.624+0000] {logging_mixin.py:188} INFO - [2026-02-14T16:05:30.624+0000] {dag.py:3947} INFO - Setting next_dagrun for example_branch_dop_operator_v3 to 2026-02-14 16:04:00+00:00, run_after=2026-02-14 16:05:00+00:00
[2026-02-14T16:05:30.630+0000] {processor.py:183} INFO - Processing /home/airflow/.local/lib/python3.12/site-packages/airflow/example_dags/example_branch_python_dop_operator_3.py took 0.033 seconds
[2026-02-14T16:06:01.066+0000] {processor.py:161} INFO - Started process (PID=2324) to work on /home/airflow/.local/lib/python3.12/site-packages/airflow/example_dags/example_branch_python_dop_operator_3.py
[2026-02-14T16:06:01.067+0000] {processor.py:830} INFO - Processing file /home/airflow/.local/lib/python3.12/site-packages/airflow/example_dags/example_branch_python_dop_operator_3.py for tasks to queue
[2026-02-14T16:06:01.068+0000] {logging_mixin.py:188} INFO - [2026-02-14T16:06:01.068+0000] {dagbag.py:545} INFO - Filling up the DagBag from /home/airflow/.local/lib/python3.12/site-packages/airflow/example_dags/example_branch_python_dop_operator_3.py
[2026-02-14T16:06:01.073+0000] {processor.py:840} INFO - DAG(s) 'example_branch_dop_operator_v3' retrieved from /home/airflow/.local/lib/python3.12/site-packages/airflow/example_dags/example_branch_python_dop_operator_3.py
[2026-02-14T16:06:01.082+0000] {logging_mixin.py:188} INFO - [2026-02-14T16:06:01.082+0000] {dag.py:3089} INFO - Sync 1 DAGs
[2026-02-14T16:06:01.090+0000] {logging_mixin.py:188} INFO - [2026-02-14T16:06:01.090+0000] {dag.py:3947} INFO - Setting next_dagrun for example_branch_dop_operator_v3 to 2026-02-14 16:05:00+00:00, run_after=2026-02-14 16:06:00+00:00
[2026-02-14T16:06:01.099+0000] {processor.py:183} INFO - Processing /home/airflow/.local/lib/python3.12/site-packages/airflow/example_dags/example_branch_python_dop_operator_3.py took 0.036 seconds
[2026-02-14T16:06:31.633+0000] {processor.py:161} INFO - Started process (PID=2383) to work on /home/airflow/.local/lib/python3.12/site-packages/airflow/example_dags/example_branch_python_dop_operator_3.py
[2026-02-14T16:06:31.634+0000] {processor.py:830} INFO - Processing file /home/airflow/.local/lib/python3.12/site-packages/airflow/example_dags/example_branch_python_dop_operator_3.py for tasks to queue
[2026-02-14T16:06:31.635+0000] {logging_mixin.py:188} INFO - [2026-02-14T16:06:31.635+0000] {dagbag.py:545} INFO - Filling up the DagBag from /home/airflow/.local/lib/python3.12/site-packages/airflow/example_dags/example_branch_python_dop_operator_3.py
[2026-02-14T16:06:31.640+0000] {processor.py:840} INFO - DAG(s) 'example_branch_dop_operator_v3' retrieved from /home/airflow/.local/lib/python3.12/site-packages/airflow/example_dags/example_branch_python_dop_operator_3.py
[2026-02-14T16:06:31.652+0000] {logging_mixin.py:188} INFO - [2026-02-14T16:06:31.652+0000] {dag.py:3089} INFO - Sync 1 DAGs
[2026-02-14T16:06:31.665+0000] {logging_mixin.py:188} INFO - [2026-02-14T16:06:31.665+0000] {dag.py:3947} INFO - Setting next_dagrun for example_branch_dop_operator_v3 to 2026-02-14 16:05:00+00:00, run_after=2026-02-14 16:06:00+00:00
[2026-02-14T16:06:31.679+0000] {processor.py:183} INFO - Processing /home/airflow/.local/lib/python3.12/site-packages/airflow/example_dags/example_branch_python_dop_operator_3.py took 0.049 seconds
[2026-02-14T16:07:02.482+0000] {processor.py:161} INFO - Started process (PID=2442) to work on /home/airflow/.local/lib/python3.12/site-packages/airflow/example_dags/example_branch_python_dop_operator_3.py
[2026-02-14T16:07:02.483+0000] {processor.py:830} INFO - Processing file /home/airflow/.local/lib/python3.12/site-packages/airflow/example_dags/example_branch_python_dop_operator_3.py for tasks to queue
[2026-02-14T16:07:02.484+0000] {logging_mixin.py:188} INFO - [2026-02-14T16:07:02.484+0000] {dagbag.py:545} INFO - Filling up the DagBag from /home/airflow/.local/lib/python3.12/site-packages/airflow/example_dags/example_branch_python_dop_operator_3.py
[2026-02-14T16:07:02.487+0000] {processor.py:840} INFO - DAG(s) 'example_branch_dop_operator_v3' retrieved from /home/airflow/.local/lib/python3.12/site-packages/airflow/example_dags/example_branch_python_dop_operator_3.py
[2026-02-14T16:07:02.496+0000] {logging_mixin.py:188} INFO - [2026-02-14T16:07:02.496+0000] {dag.py:3089} INFO - Sync 1 DAGs
[2026-02-14T16:07:02.505+0000] {logging_mixin.py:188} INFO - [2026-02-14T16:07:02.505+0000] {dag.py:3947} INFO - Setting next_dagrun for example_branch_dop_operator_v3 to 2026-02-14 16:06:00+00:00, run_after=2026-02-14 16:07:00+00:00
[2026-02-14T16:07:02.512+0000] {processor.py:183} INFO - Processing /home/airflow/.local/lib/python3.12/site-packages/airflow/example_dags/example_branch_python_dop_operator_3.py took 0.032 seconds
[2026-02-14T16:07:33.389+0000] {processor.py:161} INFO - Started process (PID=2501) to work on /home/airflow/.local/lib/python3.12/site-packages/airflow/example_dags/example_branch_python_dop_operator_3.py
[2026-02-14T16:07:33.390+0000] {processor.py:830} INFO - Processing file /home/airflow/.local/lib/python3.12/site-packages/airflow/example_dags/example_branch_python_dop_operator_3.py for tasks to queue
[2026-02-14T16:07:33.391+0000] {logging_mixin.py:188} INFO - [2026-02-14T16:07:33.391+0000] {dagbag.py:545} INFO - Filling up the DagBag from /home/airflow/.local/lib/python3.12/site-packages/airflow/example_dags/example_branch_python_dop_operator_3.py
[2026-02-14T16:07:33.398+0000] {processor.py:840} INFO - DAG(s) 'example_branch_dop_operator_v3' retrieved from /home/airflow/.local/lib/python3.12/site-packages/airflow/example_dags/example_branch_python_dop_operator_3.py
[2026-02-14T16:07:33.410+0000] {logging_mixin.py:188} INFO - [2026-02-14T16:07:33.409+0000] {dag.py:3089} INFO - Sync 1 DAGs
[2026-02-14T16:07:33.419+0000] {logging_mixin.py:188} INFO - [2026-02-14T16:07:33.419+0000] {dag.py:3947} INFO - Setting next_dagrun for example_branch_dop_operator_v3 to 2026-02-14 16:06:00+00:00, run_after=2026-02-14 16:07:00+00:00
[2026-02-14T16:07:33.427+0000] {processor.py:183} INFO - Processing /home/airflow/.local/lib/python3.12/site-packages/airflow/example_dags/example_branch_python_dop_operator_3.py took 0.041 seconds
[2026-02-14T16:08:03.870+0000] {processor.py:161} INFO - Started process (PID=2560) to work on /home/airflow/.local/lib/python3.12/site-packages/airflow/example_dags/example_branch_python_dop_operator_3.py
[2026-02-14T16:08:03.870+0000] {processor.py:830} INFO - Processing file /home/airflow/.local/lib/python3.12/site-packages/airflow/example_dags/example_branch_python_dop_operator_3.py for tasks to queue
[2026-02-14T16:08:03.872+0000] {logging_mixin.py:188} INFO - [2026-02-14T16:08:03.872+0000] {dagbag.py:545} INFO - Filling up the DagBag from /home/airflow/.local/lib/python3.12/site-packages/airflow/example_dags/example_branch_python_dop_operator_3.py
[2026-02-14T16:08:03.877+0000] {processor.py:840} INFO - DAG(s) 'example_branch_dop_operator_v3' retrieved from /home/airflow/.local/lib/python3.12/site-packages/airflow/example_dags/example_branch_python_dop_operator_3.py
[2026-02-14T16:08:03.888+0000] {logging_mixin.py:188} INFO - [2026-02-14T16:08:03.888+0000] {dag.py:3089} INFO - Sync 1 DAGs
[2026-02-14T16:08:03.899+0000] {logging_mixin.py:188} INFO - [2026-02-14T16:08:03.899+0000] {dag.py:3947} INFO - Setting next_dagrun for example_branch_dop_operator_v3 to 2026-02-14 16:07:00+00:00, run_after=2026-02-14 16:08:00+00:00
[2026-02-14T16:08:03.906+0000] {processor.py:183} INFO - Processing /home/airflow/.local/lib/python3.12/site-packages/airflow/example_dags/example_branch_python_dop_operator_3.py took 0.039 seconds
[2026-02-14T16:08:34.267+0000] {processor.py:161} INFO - Started process (PID=2619) to work on /home/airflow/.local/lib/python3.12/site-packages/airflow/example_dags/example_branch_python_dop_operator_3.py
[2026-02-14T16:08:34.268+0000] {processor.py:830} INFO - Processing file /home/airflow/.local/lib/python3.12/site-packages/airflow/example_dags/example_branch_python_dop_operator_3.py for tasks to queue
[2026-02-14T16:08:34.269+0000] {logging_mixin.py:188} INFO - [2026-02-14T16:08:34.269+0000] {dagbag.py:545} INFO - Filling up the DagBag from /home/airflow/.local/lib/python3.12/site-packages/airflow/example_dags/example_branch_python_dop_operator_3.py
[2026-02-14T16:08:34.273+0000] {processor.py:840} INFO - DAG(s) 'example_branch_dop_operator_v3' retrieved from /home/airflow/.local/lib/python3.12/site-packages/airflow/example_dags/example_branch_python_dop_operator_3.py
[2026-02-14T16:08:34.281+0000] {logging_mixin.py:188} INFO - [2026-02-14T16:08:34.281+0000] {dag.py:3089} INFO - Sync 1 DAGs
[2026-02-14T16:08:34.290+0000] {logging_mixin.py:188} INFO - [2026-02-14T16:08:34.290+0000] {dag.py:3947} INFO - Setting next_dagrun for example_branch_dop_operator_v3 to 2026-02-14 16:07:00+00:00, run_after=2026-02-14 16:08:00+00:00
[2026-02-14T16:08:34.299+0000] {processor.py:183} INFO - Processing /home/airflow/.local/lib/python3.12/site-packages/airflow/example_dags/example_branch_python_dop_operator_3.py took 0.035 seconds
[2026-02-14T16:09:04.771+0000] {processor.py:161} INFO - Started process (PID=2678) to work on /home/airflow/.local/lib/python3.12/site-packages/airflow/example_dags/example_branch_python_dop_operator_3.py
[2026-02-14T16:09:04.772+0000] {processor.py:830} INFO - Processing file /home/airflow/.local/lib/python3.12/site-packages/airflow/example_dags/example_branch_python_dop_operator_3.py for tasks to queue
[2026-02-14T16:09:04.773+0000] {logging_mixin.py:188} INFO - [2026-02-14T16:09:04.773+0000] {dagbag.py:545} INFO - Filling up the DagBag from /home/airflow/.local/lib/python3.12/site-packages/airflow/example_dags/example_branch_python_dop_operator_3.py
[2026-02-14T16:09:04.776+0000] {processor.py:840} INFO - DAG(s) 'example_branch_dop_operator_v3' retrieved from /home/airflow/.local/lib/python3.12/site-packages/airflow/example_dags/example_branch_python_dop_operator_3.py
[2026-02-14T16:09:04.786+0000] {logging_mixin.py:188} INFO - [2026-02-14T16:09:04.786+0000] {dag.py:3089} INFO - Sync 1 DAGs
[2026-02-14T16:09:04.795+0000] {logging_mixin.py:188} INFO - [2026-02-14T16:09:04.794+0000] {dag.py:3947} INFO - Setting next_dagrun for example_branch_dop_operator_v3 to 2026-02-14 16:08:00+00:00, run_after=2026-02-14 16:09:00+00:00
[2026-02-14T16:09:04.801+0000] {processor.py:183} INFO - Processing /home/airflow/.local/lib/python3.12/site-packages/airflow/example_dags/example_branch_python_dop_operator_3.py took 0.032 seconds
[2026-02-14T16:09:35.130+0000] {processor.py:161} INFO - Started process (PID=2737) to work on /home/airflow/.local/lib/python3.12/site-packages/airflow/example_dags/example_branch_python_dop_operator_3.py
[2026-02-14T16:09:35.130+0000] {processor.py:830} INFO - Processing file /home/airflow/.local/lib/python3.12/site-packages/airflow/example_dags/example_branch_python_dop_operator_3.py for tasks to queue
[2026-02-14T16:09:35.131+0000] {logging_mixin.py:188} INFO - [2026-02-14T16:09:35.131+0000] {dagbag.py:545} INFO - Filling up the DagBag from /home/airflow/.local/lib/python3.12/site-packages/airflow/example_dags/example_branch_python_dop_operator_3.py
[2026-02-14T16:09:35.134+0000] {processor.py:840} INFO - DAG(s) 'example_branch_dop_operator_v3' retrieved from /home/airflow/.local/lib/python3.12/site-packages/airflow/example_dags/example_branch_python_dop_operator_3.py
[2026-02-14T16:09:35.145+0000] {logging_mixin.py:188} INFO - [2026-02-14T16:09:35.145+0000] {dag.py:3089} INFO - Sync 1 DAGs
[2026-02-14T16:09:35.155+0000] {logging_mixin.py:188} INFO - [2026-02-14T16:09:35.155+0000] {dag.py:3947} INFO - Setting next_dagrun for example_branch_dop_operator_v3 to 2026-02-14 16:08:00+00:00, run_after=2026-02-14 16:09:00+00:00
[2026-02-14T16:09:35.161+0000] {processor.py:183} INFO - Processing /home/airflow/.local/lib/python3.12/site-packages/airflow/example_dags/example_branch_python_dop_operator_3.py took 0.034 seconds
[2026-02-14T16:10:05.404+0000] {processor.py:161} INFO - Started process (PID=2796) to work on /home/airflow/.local/lib/python3.12/site-packages/airflow/example_dags/example_branch_python_dop_operator_3.py
[2026-02-14T16:10:05.404+0000] {processor.py:830} INFO - Processing file /home/airflow/.local/lib/python3.12/site-packages/airflow/example_dags/example_branch_python_dop_operator_3.py for tasks to queue
[2026-02-14T16:10:05.405+0000] {logging_mixin.py:188} INFO - [2026-02-14T16:10:05.405+0000] {dagbag.py:545} INFO - Filling up the DagBag from /home/airflow/.local/lib/python3.12/site-packages/airflow/example_dags/example_branch_python_dop_operator_3.py
[2026-02-14T16:10:05.409+0000] {processor.py:840} INFO - DAG(s) 'example_branch_dop_operator_v3' retrieved from /home/airflow/.local/lib/python3.12/site-packages/airflow/example_dags/example_branch_python_dop_operator_3.py
[2026-02-14T16:10:05.417+0000] {logging_mixin.py:188} INFO - [2026-02-14T16:10:05.417+0000] {dag.py:3089} INFO - Sync 1 DAGs
[2026-02-14T16:10:05.426+0000] {logging_mixin.py:188} INFO - [2026-02-14T16:10:05.426+0000] {dag.py:3947} INFO - Setting next_dagrun for example_branch_dop_operator_v3 to 2026-02-14 16:09:00+00:00, run_after=2026-02-14 16:10:00+00:00
[2026-02-14T16:10:05.432+0000] {processor.py:183} INFO - Processing /home/airflow/.local/lib/python3.12/site-packages/airflow/example_dags/example_branch_python_dop_operator_3.py took 0.031 seconds
[2026-02-14T16:10:36.109+0000] {processor.py:161} INFO - Started process (PID=2854) to work on /home/airflow/.local/lib/python3.12/site-packages/airflow/example_dags/example_branch_python_dop_operator_3.py
[2026-02-14T16:10:36.109+0000] {processor.py:830} INFO - Processing file /home/airflow/.local/lib/python3.12/site-packages/airflow/example_dags/example_branch_python_dop_operator_3.py for tasks to queue
[2026-02-14T16:10:36.110+0000] {logging_mixin.py:188} INFO - [2026-02-14T16:10:36.110+0000] {dagbag.py:545} INFO - Filling up the DagBag from /home/airflow/.local/lib/python3.12/site-packages/airflow/example_dags/example_branch_python_dop_operator_3.py
[2026-02-14T16:10:36.115+0000] {processor.py:840} INFO - DAG(s) 'example_branch_dop_operator_v3' retrieved from /home/airflow/.local/lib/python3.12/site-packages/airflow/example_dags/example_branch_python_dop_operator_3.py
[2026-02-14T16:10:36.123+0000] {logging_mixin.py:188} INFO - [2026-02-14T16:10:36.123+0000] {dag.py:3089} INFO - Sync 1 DAGs
[2026-02-14T16:10:36.131+0000] {logging_mixin.py:188} INFO - [2026-02-14T16:10:36.131+0000] {dag.py:3947} INFO - Setting next_dagrun for example_branch_dop_operator_v3 to 2026-02-14 16:09:00+00:00, run_after=2026-02-14 16:10:00+00:00
[2026-02-14T16:10:36.138+0000] {processor.py:183} INFO - Processing /home/airflow/.local/lib/python3.12/site-packages/airflow/example_dags/example_branch_python_dop_operator_3.py took 0.033 seconds
[2026-02-14T16:11:06.237+0000] {processor.py:161} INFO - Started process (PID=2913) to work on /home/airflow/.local/lib/python3.12/site-packages/airflow/example_dags/example_branch_python_dop_operator_3.py
[2026-02-14T16:11:06.238+0000] {processor.py:830} INFO - Processing file /home/airflow/.local/lib/python3.12/site-packages/airflow/example_dags/example_branch_python_dop_operator_3.py for tasks to queue
[2026-02-14T16:11:06.239+0000] {logging_mixin.py:188} INFO - [2026-02-14T16:11:06.239+0000] {dagbag.py:545} INFO - Filling up the DagBag from /home/airflow/.local/lib/python3.12/site-packages/airflow/example_dags/example_branch_python_dop_operator_3.py
[2026-02-14T16:11:06.243+0000] {processor.py:840} INFO - DAG(s) 'example_branch_dop_operator_v3' retrieved from /home/airflow/.local/lib/python3.12/site-packages/airflow/example_dags/example_branch_python_dop_operator_3.py
[2026-02-14T16:11:06.252+0000] {logging_mixin.py:188} INFO - [2026-02-14T16:11:06.252+0000] {dag.py:3089} INFO - Sync 1 DAGs
[2026-02-14T16:11:06.262+0000] {logging_mixin.py:188} INFO - [2026-02-14T16:11:06.262+0000] {dag.py:3947} INFO - Setting next_dagrun for example_branch_dop_operator_v3 to 2026-02-14 16:10:00+00:00, run_after=2026-02-14 16:11:00+00:00
[2026-02-14T16:11:06.269+0000] {processor.py:183} INFO - Processing /home/airflow/.local/lib/python3.12/site-packages/airflow/example_dags/example_branch_python_dop_operator_3.py took 0.035 seconds
[2026-02-14T16:11:37.396+0000] {processor.py:161} INFO - Started process (PID=2972) to work on /home/airflow/.local/lib/python3.12/site-packages/airflow/example_dags/example_branch_python_dop_operator_3.py
[2026-02-14T16:11:37.398+0000] {processor.py:830} INFO - Processing file /home/airflow/.local/lib/python3.12/site-packages/airflow/example_dags/example_branch_python_dop_operator_3.py for tasks to queue
[2026-02-14T16:11:37.400+0000] {logging_mixin.py:188} INFO - [2026-02-14T16:11:37.400+0000] {dagbag.py:545} INFO - Filling up the DagBag from /home/airflow/.local/lib/python3.12/site-packages/airflow/example_dags/example_branch_python_dop_operator_3.py
[2026-02-14T16:11:37.410+0000] {processor.py:840} INFO - DAG(s) 'example_branch_dop_operator_v3' retrieved from /home/airflow/.local/lib/python3.12/site-packages/airflow/example_dags/example_branch_python_dop_operator_3.py
[2026-02-14T16:11:37.455+0000] {logging_mixin.py:188} INFO - [2026-02-14T16:11:37.454+0000] {dag.py:3089} INFO - Sync 1 DAGs
[2026-02-14T16:11:37.484+0000] {logging_mixin.py:188} INFO - [2026-02-14T16:11:37.484+0000] {dag.py:3947} INFO - Setting next_dagrun for example_branch_dop_operator_v3 to 2026-02-14 16:10:00+00:00, run_after=2026-02-14 16:11:00+00:00
[2026-02-14T16:11:37.544+0000] {processor.py:183} INFO - Processing /home/airflow/.local/lib/python3.12/site-packages/airflow/example_dags/example_branch_python_dop_operator_3.py took 0.158 seconds
[2026-02-14T16:12:08.278+0000] {processor.py:161} INFO - Started process (PID=3031) to work on /home/airflow/.local/lib/python3.12/site-packages/airflow/example_dags/example_branch_python_dop_operator_3.py
[2026-02-14T16:12:08.279+0000] {processor.py:830} INFO - Processing file /home/airflow/.local/lib/python3.12/site-packages/airflow/example_dags/example_branch_python_dop_operator_3.py for tasks to queue
[2026-02-14T16:12:08.279+0000] {logging_mixin.py:188} INFO - [2026-02-14T16:12:08.279+0000] {dagbag.py:545} INFO - Filling up the DagBag from /home/airflow/.local/lib/python3.12/site-packages/airflow/example_dags/example_branch_python_dop_operator_3.py
[2026-02-14T16:12:08.282+0000] {processor.py:840} INFO - DAG(s) 'example_branch_dop_operator_v3' retrieved from /home/airflow/.local/lib/python3.12/site-packages/airflow/example_dags/example_branch_python_dop_operator_3.py
[2026-02-14T16:12:08.289+0000] {logging_mixin.py:188} INFO - [2026-02-14T16:12:08.289+0000] {dag.py:3089} INFO - Sync 1 DAGs
[2026-02-14T16:12:08.297+0000] {logging_mixin.py:188} INFO - [2026-02-14T16:12:08.297+0000] {dag.py:3947} INFO - Setting next_dagrun for example_branch_dop_operator_v3 to 2026-02-14 16:11:00+00:00, run_after=2026-02-14 16:12:00+00:00
[2026-02-14T16:12:08.302+0000] {processor.py:183} INFO - Processing /home/airflow/.local/lib/python3.12/site-packages/airflow/example_dags/example_branch_python_dop_operator_3.py took 0.027 seconds
[2026-02-14T16:12:38.853+0000] {processor.py:161} INFO - Started process (PID=3090) to work on /home/airflow/.local/lib/python3.12/site-packages/airflow/example_dags/example_branch_python_dop_operator_3.py
[2026-02-14T16:12:38.853+0000] {processor.py:830} INFO - Processing file /home/airflow/.local/lib/python3.12/site-packages/airflow/example_dags/example_branch_python_dop_operator_3.py for tasks to queue
[2026-02-14T16:12:38.854+0000] {logging_mixin.py:188} INFO - [2026-02-14T16:12:38.854+0000] {dagbag.py:545} INFO - Filling up the DagBag from /home/airflow/.local/lib/python3.12/site-packages/airflow/example_dags/example_branch_python_dop_operator_3.py
[2026-02-14T16:12:38.858+0000] {processor.py:840} INFO - DAG(s) 'example_branch_dop_operator_v3' retrieved from /home/airflow/.local/lib/python3.12/site-packages/airflow/example_dags/example_branch_python_dop_operator_3.py
[2026-02-14T16:12:38.865+0000] {logging_mixin.py:188} INFO - [2026-02-14T16:12:38.865+0000] {dag.py:3089} INFO - Sync 1 DAGs
[2026-02-14T16:12:38.875+0000] {logging_mixin.py:188} INFO - [2026-02-14T16:12:38.875+0000] {dag.py:3947} INFO - Setting next_dagrun for example_branch_dop_operator_v3 to 2026-02-14 16:11:00+00:00, run_after=2026-02-14 16:12:00+00:00
[2026-02-14T16:12:38.881+0000] {processor.py:183} INFO - Processing /home/airflow/.local/lib/python3.12/site-packages/airflow/example_dags/example_branch_python_dop_operator_3.py took 0.031 seconds
[2026-02-14T16:13:09.140+0000] {processor.py:161} INFO - Started process (PID=3149) to work on /home/airflow/.local/lib/python3.12/site-packages/airflow/example_dags/example_branch_python_dop_operator_3.py
[2026-02-14T16:13:09.141+0000] {processor.py:830} INFO - Processing file /home/airflow/.local/lib/python3.12/site-packages/airflow/example_dags/example_branch_python_dop_operator_3.py for tasks to queue
[2026-02-14T16:13:09.142+0000] {logging_mixin.py:188} INFO - [2026-02-14T16:13:09.142+0000] {dagbag.py:545} INFO - Filling up the DagBag from /home/airflow/.local/lib/python3.12/site-packages/airflow/example_dags/example_branch_python_dop_operator_3.py
[2026-02-14T16:13:09.147+0000] {processor.py:840} INFO - DAG(s) 'example_branch_dop_operator_v3' retrieved from /home/airflow/.local/lib/python3.12/site-packages/airflow/example_dags/example_branch_python_dop_operator_3.py
[2026-02-14T16:13:09.156+0000] {logging_mixin.py:188} INFO - [2026-02-14T16:13:09.156+0000] {dag.py:3089} INFO - Sync 1 DAGs
[2026-02-14T16:13:09.167+0000] {logging_mixin.py:188} INFO - [2026-02-14T16:13:09.166+0000] {dag.py:3947} INFO - Setting next_dagrun for example_branch_dop_operator_v3 to 2026-02-14 16:12:00+00:00, run_after=2026-02-14 16:13:00+00:00
[2026-02-14T16:13:09.175+0000] {processor.py:183} INFO - Processing /home/airflow/.local/lib/python3.12/site-packages/airflow/example_dags/example_branch_python_dop_operator_3.py took 0.039 seconds
[2026-02-14T16:13:39.397+0000] {processor.py:161} INFO - Started process (PID=3208) to work on /home/airflow/.local/lib/python3.12/site-packages/airflow/example_dags/example_branch_python_dop_operator_3.py
[2026-02-14T16:13:39.397+0000] {processor.py:830} INFO - Processing file /home/airflow/.local/lib/python3.12/site-packages/airflow/example_dags/example_branch_python_dop_operator_3.py for tasks to queue
[2026-02-14T16:13:39.398+0000] {logging_mixin.py:188} INFO - [2026-02-14T16:13:39.398+0000] {dagbag.py:545} INFO - Filling up the DagBag from /home/airflow/.local/lib/python3.12/site-packages/airflow/example_dags/example_branch_python_dop_operator_3.py
[2026-02-14T16:13:39.403+0000] {processor.py:840} INFO - DAG(s) 'example_branch_dop_operator_v3' retrieved from /home/airflow/.local/lib/python3.12/site-packages/airflow/example_dags/example_branch_python_dop_operator_3.py
[2026-02-14T16:13:39.411+0000] {logging_mixin.py:188} INFO - [2026-02-14T16:13:39.411+0000] {dag.py:3089} INFO - Sync 1 DAGs
[2026-02-14T16:13:39.421+0000] {logging_mixin.py:188} INFO - [2026-02-14T16:13:39.421+0000] {dag.py:3947} INFO - Setting next_dagrun for example_branch_dop_operator_v3 to 2026-02-14 16:12:00+00:00, run_after=2026-02-14 16:13:00+00:00
[2026-02-14T16:13:39.427+0000] {processor.py:183} INFO - Processing /home/airflow/.local/lib/python3.12/site-packages/airflow/example_dags/example_branch_python_dop_operator_3.py took 0.033 seconds
[2026-02-14T16:14:10.367+0000] {processor.py:161} INFO - Started process (PID=3267) to work on /home/airflow/.local/lib/python3.12/site-packages/airflow/example_dags/example_branch_python_dop_operator_3.py
[2026-02-14T16:14:10.367+0000] {processor.py:830} INFO - Processing file /home/airflow/.local/lib/python3.12/site-packages/airflow/example_dags/example_branch_python_dop_operator_3.py for tasks to queue
[2026-02-14T16:14:10.369+0000] {logging_mixin.py:188} INFO - [2026-02-14T16:14:10.368+0000] {dagbag.py:545} INFO - Filling up the DagBag from /home/airflow/.local/lib/python3.12/site-packages/airflow/example_dags/example_branch_python_dop_operator_3.py
[2026-02-14T16:14:10.376+0000] {processor.py:840} INFO - DAG(s) 'example_branch_dop_operator_v3' retrieved from /home/airflow/.local/lib/python3.12/site-packages/airflow/example_dags/example_branch_python_dop_operator_3.py
[2026-02-14T16:14:10.388+0000] {logging_mixin.py:188} INFO - [2026-02-14T16:14:10.387+0000] {dag.py:3089} INFO - Sync 1 DAGs
[2026-02-14T16:14:10.398+0000] {logging_mixin.py:188} INFO - [2026-02-14T16:14:10.398+0000] {dag.py:3947} INFO - Setting next_dagrun for example_branch_dop_operator_v3 to 2026-02-14 16:13:00+00:00, run_after=2026-02-14 16:14:00+00:00
[2026-02-14T16:14:10.408+0000] {processor.py:183} INFO - Processing /home/airflow/.local/lib/python3.12/site-packages/airflow/example_dags/example_branch_python_dop_operator_3.py took 0.045 seconds
[2026-02-14T16:14:40.568+0000] {processor.py:161} INFO - Started process (PID=3326) to work on /home/airflow/.local/lib/python3.12/site-packages/airflow/example_dags/example_branch_python_dop_operator_3.py
[2026-02-14T16:14:40.568+0000] {processor.py:830} INFO - Processing file /home/airflow/.local/lib/python3.12/site-packages/airflow/example_dags/example_branch_python_dop_operator_3.py for tasks to queue
[2026-02-14T16:14:40.570+0000] {logging_mixin.py:188} INFO - [2026-02-14T16:14:40.569+0000] {dagbag.py:545} INFO - Filling up the DagBag from /home/airflow/.local/lib/python3.12/site-packages/airflow/example_dags/example_branch_python_dop_operator_3.py
[2026-02-14T16:14:40.575+0000] {processor.py:840} INFO - DAG(s) 'example_branch_dop_operator_v3' retrieved from /home/airflow/.local/lib/python3.12/site-packages/airflow/example_dags/example_branch_python_dop_operator_3.py
[2026-02-14T16:14:40.585+0000] {logging_mixin.py:188} INFO - [2026-02-14T16:14:40.585+0000] {dag.py:3089} INFO - Sync 1 DAGs
[2026-02-14T16:14:40.599+0000] {logging_mixin.py:188} INFO - [2026-02-14T16:14:40.599+0000] {dag.py:3947} INFO - Setting next_dagrun for example_branch_dop_operator_v3 to 2026-02-14 16:13:00+00:00, run_after=2026-02-14 16:14:00+00:00
[2026-02-14T16:14:40.608+0000] {processor.py:183} INFO - Processing /home/airflow/.local/lib/python3.12/site-packages/airflow/example_dags/example_branch_python_dop_operator_3.py took 0.044 seconds
[2026-02-14T16:15:11.496+0000] {processor.py:161} INFO - Started process (PID=3385) to work on /home/airflow/.local/lib/python3.12/site-packages/airflow/example_dags/example_branch_python_dop_operator_3.py
[2026-02-14T16:15:11.497+0000] {processor.py:830} INFO - Processing file /home/airflow/.local/lib/python3.12/site-packages/airflow/example_dags/example_branch_python_dop_operator_3.py for tasks to queue
[2026-02-14T16:15:11.498+0000] {logging_mixin.py:188} INFO - [2026-02-14T16:15:11.498+0000] {dagbag.py:545} INFO - Filling up the DagBag from /home/airflow/.local/lib/python3.12/site-packages/airflow/example_dags/example_branch_python_dop_operator_3.py
[2026-02-14T16:15:11.504+0000] {processor.py:840} INFO - DAG(s) 'example_branch_dop_operator_v3' retrieved from /home/airflow/.local/lib/python3.12/site-packages/airflow/example_dags/example_branch_python_dop_operator_3.py
[2026-02-14T16:15:11.519+0000] {logging_mixin.py:188} INFO - [2026-02-14T16:15:11.519+0000] {dag.py:3089} INFO - Sync 1 DAGs
[2026-02-14T16:15:11.538+0000] {logging_mixin.py:188} INFO - [2026-02-14T16:15:11.538+0000] {dag.py:3947} INFO - Setting next_dagrun for example_branch_dop_operator_v3 to 2026-02-14 16:14:00+00:00, run_after=2026-02-14 16:15:00+00:00
[2026-02-14T16:15:11.557+0000] {processor.py:183} INFO - Processing /home/airflow/.local/lib/python3.12/site-packages/airflow/example_dags/example_branch_python_dop_operator_3.py took 0.065 seconds
[2026-02-14T16:15:42.250+0000] {processor.py:161} INFO - Started process (PID=3444) to work on /home/airflow/.local/lib/python3.12/site-packages/airflow/example_dags/example_branch_python_dop_operator_3.py
[2026-02-14T16:15:42.252+0000] {processor.py:830} INFO - Processing file /home/airflow/.local/lib/python3.12/site-packages/airflow/example_dags/example_branch_python_dop_operator_3.py for tasks to queue
[2026-02-14T16:15:42.253+0000] {logging_mixin.py:188} INFO - [2026-02-14T16:15:42.253+0000] {dagbag.py:545} INFO - Filling up the DagBag from /home/airflow/.local/lib/python3.12/site-packages/airflow/example_dags/example_branch_python_dop_operator_3.py
[2026-02-14T16:15:42.258+0000] {processor.py:840} INFO - DAG(s) 'example_branch_dop_operator_v3' retrieved from /home/airflow/.local/lib/python3.12/site-packages/airflow/example_dags/example_branch_python_dop_operator_3.py
[2026-02-14T16:15:42.275+0000] {logging_mixin.py:188} INFO - [2026-02-14T16:15:42.275+0000] {dag.py:3089} INFO - Sync 1 DAGs
[2026-02-14T16:15:42.289+0000] {logging_mixin.py:188} INFO - [2026-02-14T16:15:42.289+0000] {dag.py:3947} INFO - Setting next_dagrun for example_branch_dop_operator_v3 to 2026-02-14 16:14:00+00:00, run_after=2026-02-14 16:15:00+00:00
[2026-02-14T16:15:42.304+0000] {processor.py:183} INFO - Processing /home/airflow/.local/lib/python3.12/site-packages/airflow/example_dags/example_branch_python_dop_operator_3.py took 0.059 seconds
[2026-02-14T16:16:13.248+0000] {processor.py:161} INFO - Started process (PID=3509) to work on /home/airflow/.local/lib/python3.12/site-packages/airflow/example_dags/example_branch_python_dop_operator_3.py
[2026-02-14T16:16:13.248+0000] {processor.py:830} INFO - Processing file /home/airflow/.local/lib/python3.12/site-packages/airflow/example_dags/example_branch_python_dop_operator_3.py for tasks to queue
[2026-02-14T16:16:13.249+0000] {logging_mixin.py:188} INFO - [2026-02-14T16:16:13.249+0000] {dagbag.py:545} INFO - Filling up the DagBag from /home/airflow/.local/lib/python3.12/site-packages/airflow/example_dags/example_branch_python_dop_operator_3.py
[2026-02-14T16:16:13.254+0000] {processor.py:840} INFO - DAG(s) 'example_branch_dop_operator_v3' retrieved from /home/airflow/.local/lib/python3.12/site-packages/airflow/example_dags/example_branch_python_dop_operator_3.py
[2026-02-14T16:16:13.264+0000] {logging_mixin.py:188} INFO - [2026-02-14T16:16:13.264+0000] {dag.py:3089} INFO - Sync 1 DAGs
[2026-02-14T16:16:13.273+0000] {logging_mixin.py:188} INFO - [2026-02-14T16:16:13.273+0000] {dag.py:3947} INFO - Setting next_dagrun for example_branch_dop_operator_v3 to 2026-02-14 16:15:00+00:00, run_after=2026-02-14 16:16:00+00:00
[2026-02-14T16:16:13.282+0000] {processor.py:183} INFO - Processing /home/airflow/.local/lib/python3.12/site-packages/airflow/example_dags/example_branch_python_dop_operator_3.py took 0.037 seconds
[2026-02-14T16:16:43.748+0000] {processor.py:161} INFO - Started process (PID=3568) to work on /home/airflow/.local/lib/python3.12/site-packages/airflow/example_dags/example_branch_python_dop_operator_3.py
[2026-02-14T16:16:43.749+0000] {processor.py:830} INFO - Processing file /home/airflow/.local/lib/python3.12/site-packages/airflow/example_dags/example_branch_python_dop_operator_3.py for tasks to queue
[2026-02-14T16:16:43.750+0000] {logging_mixin.py:188} INFO - [2026-02-14T16:16:43.749+0000] {dagbag.py:545} INFO - Filling up the DagBag from /home/airflow/.local/lib/python3.12/site-packages/airflow/example_dags/example_branch_python_dop_operator_3.py
[2026-02-14T16:16:43.753+0000] {processor.py:840} INFO - DAG(s) 'example_branch_dop_operator_v3' retrieved from /home/airflow/.local/lib/python3.12/site-packages/airflow/example_dags/example_branch_python_dop_operator_3.py
[2026-02-14T16:16:43.764+0000] {logging_mixin.py:188} INFO - [2026-02-14T16:16:43.764+0000] {dag.py:3089} INFO - Sync 1 DAGs
[2026-02-14T16:16:43.775+0000] {logging_mixin.py:188} INFO - [2026-02-14T16:16:43.775+0000] {dag.py:3947} INFO - Setting next_dagrun for example_branch_dop_operator_v3 to 2026-02-14 16:15:00+00:00, run_after=2026-02-14 16:16:00+00:00
[2026-02-14T16:16:43.785+0000] {processor.py:183} INFO - Processing /home/airflow/.local/lib/python3.12/site-packages/airflow/example_dags/example_branch_python_dop_operator_3.py took 0.040 seconds
[2026-02-14T16:17:14.281+0000] {processor.py:161} INFO - Started process (PID=3627) to work on /home/airflow/.local/lib/python3.12/site-packages/airflow/example_dags/example_branch_python_dop_operator_3.py
[2026-02-14T16:17:14.281+0000] {processor.py:830} INFO - Processing file /home/airflow/.local/lib/python3.12/site-packages/airflow/example_dags/example_branch_python_dop_operator_3.py for tasks to queue
[2026-02-14T16:17:14.282+0000] {logging_mixin.py:188} INFO - [2026-02-14T16:17:14.282+0000] {dagbag.py:545} INFO - Filling up the DagBag from /home/airflow/.local/lib/python3.12/site-packages/airflow/example_dags/example_branch_python_dop_operator_3.py
[2026-02-14T16:17:14.286+0000] {processor.py:840} INFO - DAG(s) 'example_branch_dop_operator_v3' retrieved from /home/airflow/.local/lib/python3.12/site-packages/airflow/example_dags/example_branch_python_dop_operator_3.py
[2026-02-14T16:17:14.296+0000] {logging_mixin.py:188} INFO - [2026-02-14T16:17:14.295+0000] {dag.py:3089} INFO - Sync 1 DAGs
[2026-02-14T16:17:14.305+0000] {logging_mixin.py:188} INFO - [2026-02-14T16:17:14.305+0000] {dag.py:3947} INFO - Setting next_dagrun for example_branch_dop_operator_v3 to 2026-02-14 16:16:00+00:00, run_after=2026-02-14 16:17:00+00:00
[2026-02-14T16:17:14.314+0000] {processor.py:183} INFO - Processing /home/airflow/.local/lib/python3.12/site-packages/airflow/example_dags/example_branch_python_dop_operator_3.py took 0.036 seconds
[2026-02-14T16:17:45.041+0000] {processor.py:161} INFO - Started process (PID=3686) to work on /home/airflow/.local/lib/python3.12/site-packages/airflow/example_dags/example_branch_python_dop_operator_3.py
[2026-02-14T16:17:45.041+0000] {processor.py:830} INFO - Processing file /home/airflow/.local/lib/python3.12/site-packages/airflow/example_dags/example_branch_python_dop_operator_3.py for tasks to queue
[2026-02-14T16:17:45.042+0000] {logging_mixin.py:188} INFO - [2026-02-14T16:17:45.042+0000] {dagbag.py:545} INFO - Filling up the DagBag from /home/airflow/.local/lib/python3.12/site-packages/airflow/example_dags/example_branch_python_dop_operator_3.py
[2026-02-14T16:17:45.046+0000] {processor.py:840} INFO - DAG(s) 'example_branch_dop_operator_v3' retrieved from /home/airflow/.local/lib/python3.12/site-packages/airflow/example_dags/example_branch_python_dop_operator_3.py
[2026-02-14T16:17:45.057+0000] {logging_mixin.py:188} INFO - [2026-02-14T16:17:45.057+0000] {dag.py:3089} INFO - Sync 1 DAGs
[2026-02-14T16:17:45.066+0000] {logging_mixin.py:188} INFO - [2026-02-14T16:17:45.066+0000] {dag.py:3947} INFO - Setting next_dagrun for example_branch_dop_operator_v3 to 2026-02-14 16:16:00+00:00, run_after=2026-02-14 16:17:00+00:00
[2026-02-14T16:17:45.075+0000] {processor.py:183} INFO - Processing /home/airflow/.local/lib/python3.12/site-packages/airflow/example_dags/example_branch_python_dop_operator_3.py took 0.037 seconds
[2026-02-14T16:18:15.554+0000] {processor.py:161} INFO - Started process (PID=3745) to work on /home/airflow/.local/lib/python3.12/site-packages/airflow/example_dags/example_branch_python_dop_operator_3.py
[2026-02-14T16:18:15.555+0000] {processor.py:830} INFO - Processing file /home/airflow/.local/lib/python3.12/site-packages/airflow/example_dags/example_branch_python_dop_operator_3.py for tasks to queue
[2026-02-14T16:18:15.557+0000] {logging_mixin.py:188} INFO - [2026-02-14T16:18:15.556+0000] {dagbag.py:545} INFO - Filling up the DagBag from /home/airflow/.local/lib/python3.12/site-packages/airflow/example_dags/example_branch_python_dop_operator_3.py
[2026-02-14T16:18:15.561+0000] {processor.py:840} INFO - DAG(s) 'example_branch_dop_operator_v3' retrieved from /home/airflow/.local/lib/python3.12/site-packages/airflow/example_dags/example_branch_python_dop_operator_3.py
[2026-02-14T16:18:15.579+0000] {logging_mixin.py:188} INFO - [2026-02-14T16:18:15.579+0000] {dag.py:3089} INFO - Sync 1 DAGs
[2026-02-14T16:18:15.589+0000] {logging_mixin.py:188} INFO - [2026-02-14T16:18:15.589+0000] {dag.py:3947} INFO - Setting next_dagrun for example_branch_dop_operator_v3 to 2026-02-14 16:17:00+00:00, run_after=2026-02-14 16:18:00+00:00
[2026-02-14T16:18:15.598+0000] {processor.py:183} INFO - Processing /home/airflow/.local/lib/python3.12/site-packages/airflow/example_dags/example_branch_python_dop_operator_3.py took 0.049 seconds
[2026-02-14T16:18:46.367+0000] {processor.py:161} INFO - Started process (PID=3804) to work on /home/airflow/.local/lib/python3.12/site-packages/airflow/example_dags/example_branch_python_dop_operator_3.py
[2026-02-14T16:18:46.367+0000] {processor.py:830} INFO - Processing file /home/airflow/.local/lib/python3.12/site-packages/airflow/example_dags/example_branch_python_dop_operator_3.py for tasks to queue
[2026-02-14T16:18:46.369+0000] {logging_mixin.py:188} INFO - [2026-02-14T16:18:46.369+0000] {dagbag.py:545} INFO - Filling up the DagBag from /home/airflow/.local/lib/python3.12/site-packages/airflow/example_dags/example_branch_python_dop_operator_3.py
[2026-02-14T16:18:46.373+0000] {processor.py:840} INFO - DAG(s) 'example_branch_dop_operator_v3' retrieved from /home/airflow/.local/lib/python3.12/site-packages/airflow/example_dags/example_branch_python_dop_operator_3.py
[2026-02-14T16:18:46.383+0000] {logging_mixin.py:188} INFO - [2026-02-14T16:18:46.383+0000] {dag.py:3089} INFO - Sync 1 DAGs
[2026-02-14T16:18:46.398+0000] {logging_mixin.py:188} INFO - [2026-02-14T16:18:46.398+0000] {dag.py:3947} INFO - Setting next_dagrun for example_branch_dop_operator_v3 to 2026-02-14 16:17:00+00:00, run_after=2026-02-14 16:18:00+00:00
[2026-02-14T16:18:46.411+0000] {processor.py:183} INFO - Processing /home/airflow/.local/lib/python3.12/site-packages/airflow/example_dags/example_branch_python_dop_operator_3.py took 0.048 seconds
[2026-02-14T16:19:16.440+0000] {processor.py:161} INFO - Started process (PID=3863) to work on /home/airflow/.local/lib/python3.12/site-packages/airflow/example_dags/example_branch_python_dop_operator_3.py
[2026-02-14T16:19:16.441+0000] {processor.py:830} INFO - Processing file /home/airflow/.local/lib/python3.12/site-packages/airflow/example_dags/example_branch_python_dop_operator_3.py for tasks to queue
[2026-02-14T16:19:16.442+0000] {logging_mixin.py:188} INFO - [2026-02-14T16:19:16.441+0000] {dagbag.py:545} INFO - Filling up the DagBag from /home/airflow/.local/lib/python3.12/site-packages/airflow/example_dags/example_branch_python_dop_operator_3.py
[2026-02-14T16:19:16.445+0000] {processor.py:840} INFO - DAG(s) 'example_branch_dop_operator_v3' retrieved from /home/airflow/.local/lib/python3.12/site-packages/airflow/example_dags/example_branch_python_dop_operator_3.py
[2026-02-14T16:19:16.453+0000] {logging_mixin.py:188} INFO - [2026-02-14T16:19:16.453+0000] {dag.py:3089} INFO - Sync 1 DAGs
[2026-02-14T16:19:16.461+0000] {logging_mixin.py:188} INFO - [2026-02-14T16:19:16.461+0000] {dag.py:3947} INFO - Setting next_dagrun for example_branch_dop_operator_v3 to 2026-02-14 16:18:00+00:00, run_after=2026-02-14 16:19:00+00:00
[2026-02-14T16:19:16.466+0000] {processor.py:183} INFO - Processing /home/airflow/.local/lib/python3.12/site-packages/airflow/example_dags/example_branch_python_dop_operator_3.py took 0.029 seconds
[2026-02-14T16:19:47.383+0000] {processor.py:161} INFO - Started process (PID=3922) to work on /home/airflow/.local/lib/python3.12/site-packages/airflow/example_dags/example_branch_python_dop_operator_3.py
[2026-02-14T16:19:47.383+0000] {processor.py:830} INFO - Processing file /home/airflow/.local/lib/python3.12/site-packages/airflow/example_dags/example_branch_python_dop_operator_3.py for tasks to queue
[2026-02-14T16:19:47.384+0000] {logging_mixin.py:188} INFO - [2026-02-14T16:19:47.384+0000] {dagbag.py:545} INFO - Filling up the DagBag from /home/airflow/.local/lib/python3.12/site-packages/airflow/example_dags/example_branch_python_dop_operator_3.py
[2026-02-14T16:19:47.389+0000] {processor.py:840} INFO - DAG(s) 'example_branch_dop_operator_v3' retrieved from /home/airflow/.local/lib/python3.12/site-packages/airflow/example_dags/example_branch_python_dop_operator_3.py
[2026-02-14T16:19:47.397+0000] {logging_mixin.py:188} INFO - [2026-02-14T16:19:47.397+0000] {dag.py:3089} INFO - Sync 1 DAGs
[2026-02-14T16:19:47.406+0000] {logging_mixin.py:188} INFO - [2026-02-14T16:19:47.406+0000] {dag.py:3947} INFO - Setting next_dagrun for example_branch_dop_operator_v3 to 2026-02-14 16:18:00+00:00, run_after=2026-02-14 16:19:00+00:00
[2026-02-14T16:19:47.412+0000] {processor.py:183} INFO - Processing /home/airflow/.local/lib/python3.12/site-packages/airflow/example_dags/example_branch_python_dop_operator_3.py took 0.033 seconds
[2026-02-14T16:20:18.205+0000] {processor.py:161} INFO - Started process (PID=3981) to work on /home/airflow/.local/lib/python3.12/site-packages/airflow/example_dags/example_branch_python_dop_operator_3.py
[2026-02-14T16:20:18.207+0000] {processor.py:830} INFO - Processing file /home/airflow/.local/lib/python3.12/site-packages/airflow/example_dags/example_branch_python_dop_operator_3.py for tasks to queue
[2026-02-14T16:20:18.209+0000] {logging_mixin.py:188} INFO - [2026-02-14T16:20:18.208+0000] {dagbag.py:545} INFO - Filling up the DagBag from /home/airflow/.local/lib/python3.12/site-packages/airflow/example_dags/example_branch_python_dop_operator_3.py
[2026-02-14T16:20:18.213+0000] {processor.py:840} INFO - DAG(s) 'example_branch_dop_operator_v3' retrieved from /home/airflow/.local/lib/python3.12/site-packages/airflow/example_dags/example_branch_python_dop_operator_3.py
[2026-02-14T16:20:18.224+0000] {logging_mixin.py:188} INFO - [2026-02-14T16:20:18.224+0000] {dag.py:3089} INFO - Sync 1 DAGs
[2026-02-14T16:20:18.235+0000] {logging_mixin.py:188} INFO - [2026-02-14T16:20:18.235+0000] {dag.py:3947} INFO - Setting next_dagrun for example_branch_dop_operator_v3 to 2026-02-14 16:19:00+00:00, run_after=2026-02-14 16:20:00+00:00
[2026-02-14T16:20:18.271+0000] {processor.py:183} INFO - Processing /home/airflow/.local/lib/python3.12/site-packages/airflow/example_dags/example_branch_python_dop_operator_3.py took 0.071 seconds
[2026-02-14T16:20:49.169+0000] {processor.py:161} INFO - Started process (PID=4040) to work on /home/airflow/.local/lib/python3.12/site-packages/airflow/example_dags/example_branch_python_dop_operator_3.py
[2026-02-14T16:20:49.170+0000] {processor.py:830} INFO - Processing file /home/airflow/.local/lib/python3.12/site-packages/airflow/example_dags/example_branch_python_dop_operator_3.py for tasks to queue
[2026-02-14T16:20:49.170+0000] {logging_mixin.py:188} INFO - [2026-02-14T16:20:49.170+0000] {dagbag.py:545} INFO - Filling up the DagBag from /home/airflow/.local/lib/python3.12/site-packages/airflow/example_dags/example_branch_python_dop_operator_3.py
[2026-02-14T16:20:49.173+0000] {processor.py:840} INFO - DAG(s) 'example_branch_dop_operator_v3' retrieved from /home/airflow/.local/lib/python3.12/site-packages/airflow/example_dags/example_branch_python_dop_operator_3.py
[2026-02-14T16:20:49.180+0000] {logging_mixin.py:188} INFO - [2026-02-14T16:20:49.180+0000] {dag.py:3089} INFO - Sync 1 DAGs
[2026-02-14T16:20:49.188+0000] {logging_mixin.py:188} INFO - [2026-02-14T16:20:49.188+0000] {dag.py:3947} INFO - Setting next_dagrun for example_branch_dop_operator_v3 to 2026-02-14 16:19:00+00:00, run_after=2026-02-14 16:20:00+00:00
[2026-02-14T16:20:49.193+0000] {processor.py:183} INFO - Processing /home/airflow/.local/lib/python3.12/site-packages/airflow/example_dags/example_branch_python_dop_operator_3.py took 0.026 seconds
[2026-02-14T16:21:19.660+0000] {processor.py:161} INFO - Started process (PID=4099) to work on /home/airflow/.local/lib/python3.12/site-packages/airflow/example_dags/example_branch_python_dop_operator_3.py
[2026-02-14T16:21:19.661+0000] {processor.py:830} INFO - Processing file /home/airflow/.local/lib/python3.12/site-packages/airflow/example_dags/example_branch_python_dop_operator_3.py for tasks to queue
[2026-02-14T16:21:19.662+0000] {logging_mixin.py:188} INFO - [2026-02-14T16:21:19.661+0000] {dagbag.py:545} INFO - Filling up the DagBag from /home/airflow/.local/lib/python3.12/site-packages/airflow/example_dags/example_branch_python_dop_operator_3.py
[2026-02-14T16:21:19.664+0000] {processor.py:840} INFO - DAG(s) 'example_branch_dop_operator_v3' retrieved from /home/airflow/.local/lib/python3.12/site-packages/airflow/example_dags/example_branch_python_dop_operator_3.py
[2026-02-14T16:21:19.671+0000] {logging_mixin.py:188} INFO - [2026-02-14T16:21:19.671+0000] {dag.py:3089} INFO - Sync 1 DAGs
[2026-02-14T16:21:19.679+0000] {logging_mixin.py:188} INFO - [2026-02-14T16:21:19.679+0000] {dag.py:3947} INFO - Setting next_dagrun for example_branch_dop_operator_v3 to 2026-02-14 16:20:00+00:00, run_after=2026-02-14 16:21:00+00:00
[2026-02-14T16:21:19.685+0000] {processor.py:183} INFO - Processing /home/airflow/.local/lib/python3.12/site-packages/airflow/example_dags/example_branch_python_dop_operator_3.py took 0.027 seconds
