[2026-02-14T15:46:37.783+0000] {processor.py:161} INFO - Started process (PID=57) to work on /home/airflow/.local/lib/python3.12/site-packages/airflow/example_dags/example_sensors.py
[2026-02-14T15:46:37.784+0000] {processor.py:830} INFO - Processing file /home/airflow/.local/lib/python3.12/site-packages/airflow/example_dags/example_sensors.py for tasks to queue
[2026-02-14T15:46:37.786+0000] {logging_mixin.py:188} INFO - [2026-02-14T15:46:37.785+0000] {dagbag.py:545} INFO - Filling up the DagBag from /home/airflow/.local/lib/python3.12/site-packages/airflow/example_dags/example_sensors.py
[2026-02-14T15:46:37.794+0000] {processor.py:840} INFO - DAG(s) 'example_sensors' retrieved from /home/airflow/.local/lib/python3.12/site-packages/airflow/example_dags/example_sensors.py
[2026-02-14T15:46:37.804+0000] {logging_mixin.py:188} INFO - [2026-02-14T15:46:37.804+0000] {dag.py:3089} INFO - Sync 1 DAGs
[2026-02-14T15:46:37.814+0000] {logging_mixin.py:188} INFO - [2026-02-14T15:46:37.814+0000] {dag.py:3947} INFO - Setting next_dagrun for example_sensors to None, run_after=None
[2026-02-14T15:46:37.827+0000] {processor.py:183} INFO - Processing /home/airflow/.local/lib/python3.12/site-packages/airflow/example_dags/example_sensors.py took 0.048 seconds
[2026-02-14T15:47:08.695+0000] {processor.py:161} INFO - Started process (PID=116) to work on /home/airflow/.local/lib/python3.12/site-packages/airflow/example_dags/example_sensors.py
[2026-02-14T15:47:08.695+0000] {processor.py:830} INFO - Processing file /home/airflow/.local/lib/python3.12/site-packages/airflow/example_dags/example_sensors.py for tasks to queue
[2026-02-14T15:47:08.696+0000] {logging_mixin.py:188} INFO - [2026-02-14T15:47:08.696+0000] {dagbag.py:545} INFO - Filling up the DagBag from /home/airflow/.local/lib/python3.12/site-packages/airflow/example_dags/example_sensors.py
[2026-02-14T15:47:08.701+0000] {processor.py:840} INFO - DAG(s) 'example_sensors' retrieved from /home/airflow/.local/lib/python3.12/site-packages/airflow/example_dags/example_sensors.py
[2026-02-14T15:47:08.737+0000] {logging_mixin.py:188} INFO - [2026-02-14T15:47:08.737+0000] {dag.py:3089} INFO - Sync 1 DAGs
[2026-02-14T15:47:08.740+0000] {logging_mixin.py:188} INFO - [2026-02-14T15:47:08.740+0000] {dag.py:3947} INFO - Setting next_dagrun for example_sensors to None, run_after=None
[2026-02-14T15:47:08.748+0000] {processor.py:183} INFO - Processing /home/airflow/.local/lib/python3.12/site-packages/airflow/example_dags/example_sensors.py took 0.056 seconds
[2026-02-14T15:47:39.724+0000] {processor.py:161} INFO - Started process (PID=181) to work on /home/airflow/.local/lib/python3.12/site-packages/airflow/example_dags/example_sensors.py
[2026-02-14T15:47:39.725+0000] {processor.py:830} INFO - Processing file /home/airflow/.local/lib/python3.12/site-packages/airflow/example_dags/example_sensors.py for tasks to queue
[2026-02-14T15:47:39.727+0000] {logging_mixin.py:188} INFO - [2026-02-14T15:47:39.727+0000] {dagbag.py:545} INFO - Filling up the DagBag from /home/airflow/.local/lib/python3.12/site-packages/airflow/example_dags/example_sensors.py
[2026-02-14T15:47:39.731+0000] {processor.py:840} INFO - DAG(s) 'example_sensors' retrieved from /home/airflow/.local/lib/python3.12/site-packages/airflow/example_dags/example_sensors.py
[2026-02-14T15:47:39.741+0000] {logging_mixin.py:188} INFO - [2026-02-14T15:47:39.741+0000] {dag.py:3089} INFO - Sync 1 DAGs
[2026-02-14T15:47:39.745+0000] {logging_mixin.py:188} INFO - [2026-02-14T15:47:39.745+0000] {dag.py:3947} INFO - Setting next_dagrun for example_sensors to None, run_after=None
[2026-02-14T15:47:39.759+0000] {processor.py:183} INFO - Processing /home/airflow/.local/lib/python3.12/site-packages/airflow/example_dags/example_sensors.py took 0.037 seconds
[2026-02-14T15:48:10.362+0000] {processor.py:161} INFO - Started process (PID=240) to work on /home/airflow/.local/lib/python3.12/site-packages/airflow/example_dags/example_sensors.py
[2026-02-14T15:48:10.362+0000] {processor.py:830} INFO - Processing file /home/airflow/.local/lib/python3.12/site-packages/airflow/example_dags/example_sensors.py for tasks to queue
[2026-02-14T15:48:10.363+0000] {logging_mixin.py:188} INFO - [2026-02-14T15:48:10.363+0000] {dagbag.py:545} INFO - Filling up the DagBag from /home/airflow/.local/lib/python3.12/site-packages/airflow/example_dags/example_sensors.py
[2026-02-14T15:48:10.366+0000] {processor.py:840} INFO - DAG(s) 'example_sensors' retrieved from /home/airflow/.local/lib/python3.12/site-packages/airflow/example_dags/example_sensors.py
[2026-02-14T15:48:10.374+0000] {logging_mixin.py:188} INFO - [2026-02-14T15:48:10.374+0000] {dag.py:3089} INFO - Sync 1 DAGs
[2026-02-14T15:48:10.378+0000] {logging_mixin.py:188} INFO - [2026-02-14T15:48:10.378+0000] {dag.py:3947} INFO - Setting next_dagrun for example_sensors to None, run_after=None
[2026-02-14T15:48:10.383+0000] {processor.py:183} INFO - Processing /home/airflow/.local/lib/python3.12/site-packages/airflow/example_dags/example_sensors.py took 0.023 seconds
[2026-02-14T15:48:40.945+0000] {processor.py:161} INFO - Started process (PID=299) to work on /home/airflow/.local/lib/python3.12/site-packages/airflow/example_dags/example_sensors.py
[2026-02-14T15:48:40.946+0000] {processor.py:830} INFO - Processing file /home/airflow/.local/lib/python3.12/site-packages/airflow/example_dags/example_sensors.py for tasks to queue
[2026-02-14T15:48:40.946+0000] {logging_mixin.py:188} INFO - [2026-02-14T15:48:40.946+0000] {dagbag.py:545} INFO - Filling up the DagBag from /home/airflow/.local/lib/python3.12/site-packages/airflow/example_dags/example_sensors.py
[2026-02-14T15:48:40.950+0000] {processor.py:840} INFO - DAG(s) 'example_sensors' retrieved from /home/airflow/.local/lib/python3.12/site-packages/airflow/example_dags/example_sensors.py
[2026-02-14T15:48:40.960+0000] {logging_mixin.py:188} INFO - [2026-02-14T15:48:40.960+0000] {dag.py:3089} INFO - Sync 1 DAGs
[2026-02-14T15:48:40.965+0000] {logging_mixin.py:188} INFO - [2026-02-14T15:48:40.965+0000] {dag.py:3947} INFO - Setting next_dagrun for example_sensors to None, run_after=None
[2026-02-14T15:48:40.973+0000] {processor.py:183} INFO - Processing /home/airflow/.local/lib/python3.12/site-packages/airflow/example_dags/example_sensors.py took 0.030 seconds
[2026-02-14T15:49:11.594+0000] {processor.py:161} INFO - Started process (PID=358) to work on /home/airflow/.local/lib/python3.12/site-packages/airflow/example_dags/example_sensors.py
[2026-02-14T15:49:11.594+0000] {processor.py:830} INFO - Processing file /home/airflow/.local/lib/python3.12/site-packages/airflow/example_dags/example_sensors.py for tasks to queue
[2026-02-14T15:49:11.595+0000] {logging_mixin.py:188} INFO - [2026-02-14T15:49:11.595+0000] {dagbag.py:545} INFO - Filling up the DagBag from /home/airflow/.local/lib/python3.12/site-packages/airflow/example_dags/example_sensors.py
[2026-02-14T15:49:11.599+0000] {processor.py:840} INFO - DAG(s) 'example_sensors' retrieved from /home/airflow/.local/lib/python3.12/site-packages/airflow/example_dags/example_sensors.py
[2026-02-14T15:49:11.610+0000] {logging_mixin.py:188} INFO - [2026-02-14T15:49:11.609+0000] {dag.py:3089} INFO - Sync 1 DAGs
[2026-02-14T15:49:11.614+0000] {logging_mixin.py:188} INFO - [2026-02-14T15:49:11.614+0000] {dag.py:3947} INFO - Setting next_dagrun for example_sensors to None, run_after=None
[2026-02-14T15:49:11.621+0000] {processor.py:183} INFO - Processing /home/airflow/.local/lib/python3.12/site-packages/airflow/example_dags/example_sensors.py took 0.030 seconds
[2026-02-14T15:49:41.955+0000] {processor.py:161} INFO - Started process (PID=417) to work on /home/airflow/.local/lib/python3.12/site-packages/airflow/example_dags/example_sensors.py
[2026-02-14T15:49:41.956+0000] {processor.py:830} INFO - Processing file /home/airflow/.local/lib/python3.12/site-packages/airflow/example_dags/example_sensors.py for tasks to queue
[2026-02-14T15:49:41.958+0000] {logging_mixin.py:188} INFO - [2026-02-14T15:49:41.958+0000] {dagbag.py:545} INFO - Filling up the DagBag from /home/airflow/.local/lib/python3.12/site-packages/airflow/example_dags/example_sensors.py
[2026-02-14T15:49:41.963+0000] {processor.py:840} INFO - DAG(s) 'example_sensors' retrieved from /home/airflow/.local/lib/python3.12/site-packages/airflow/example_dags/example_sensors.py
[2026-02-14T15:49:41.978+0000] {logging_mixin.py:188} INFO - [2026-02-14T15:49:41.977+0000] {dag.py:3089} INFO - Sync 1 DAGs
[2026-02-14T15:49:41.983+0000] {logging_mixin.py:188} INFO - [2026-02-14T15:49:41.983+0000] {dag.py:3947} INFO - Setting next_dagrun for example_sensors to None, run_after=None
[2026-02-14T15:49:41.992+0000] {processor.py:183} INFO - Processing /home/airflow/.local/lib/python3.12/site-packages/airflow/example_dags/example_sensors.py took 0.040 seconds
[2026-02-14T15:50:12.374+0000] {processor.py:161} INFO - Started process (PID=476) to work on /home/airflow/.local/lib/python3.12/site-packages/airflow/example_dags/example_sensors.py
[2026-02-14T15:50:12.374+0000] {processor.py:830} INFO - Processing file /home/airflow/.local/lib/python3.12/site-packages/airflow/example_dags/example_sensors.py for tasks to queue
[2026-02-14T15:50:12.375+0000] {logging_mixin.py:188} INFO - [2026-02-14T15:50:12.375+0000] {dagbag.py:545} INFO - Filling up the DagBag from /home/airflow/.local/lib/python3.12/site-packages/airflow/example_dags/example_sensors.py
[2026-02-14T15:50:12.379+0000] {processor.py:840} INFO - DAG(s) 'example_sensors' retrieved from /home/airflow/.local/lib/python3.12/site-packages/airflow/example_dags/example_sensors.py
[2026-02-14T15:50:12.391+0000] {logging_mixin.py:188} INFO - [2026-02-14T15:50:12.391+0000] {dag.py:3089} INFO - Sync 1 DAGs
[2026-02-14T15:50:12.395+0000] {logging_mixin.py:188} INFO - [2026-02-14T15:50:12.395+0000] {dag.py:3947} INFO - Setting next_dagrun for example_sensors to None, run_after=None
[2026-02-14T15:50:12.405+0000] {processor.py:183} INFO - Processing /home/airflow/.local/lib/python3.12/site-packages/airflow/example_dags/example_sensors.py took 0.034 seconds
[2026-02-14T15:50:42.840+0000] {processor.py:161} INFO - Started process (PID=535) to work on /home/airflow/.local/lib/python3.12/site-packages/airflow/example_dags/example_sensors.py
[2026-02-14T15:50:42.841+0000] {processor.py:830} INFO - Processing file /home/airflow/.local/lib/python3.12/site-packages/airflow/example_dags/example_sensors.py for tasks to queue
[2026-02-14T15:50:42.842+0000] {logging_mixin.py:188} INFO - [2026-02-14T15:50:42.841+0000] {dagbag.py:545} INFO - Filling up the DagBag from /home/airflow/.local/lib/python3.12/site-packages/airflow/example_dags/example_sensors.py
[2026-02-14T15:50:42.846+0000] {processor.py:840} INFO - DAG(s) 'example_sensors' retrieved from /home/airflow/.local/lib/python3.12/site-packages/airflow/example_dags/example_sensors.py
[2026-02-14T15:50:42.860+0000] {logging_mixin.py:188} INFO - [2026-02-14T15:50:42.860+0000] {dag.py:3089} INFO - Sync 1 DAGs
[2026-02-14T15:50:42.866+0000] {logging_mixin.py:188} INFO - [2026-02-14T15:50:42.866+0000] {dag.py:3947} INFO - Setting next_dagrun for example_sensors to None, run_after=None
[2026-02-14T15:50:42.875+0000] {processor.py:183} INFO - Processing /home/airflow/.local/lib/python3.12/site-packages/airflow/example_dags/example_sensors.py took 0.037 seconds
[2026-02-14T15:51:13.549+0000] {processor.py:161} INFO - Started process (PID=594) to work on /home/airflow/.local/lib/python3.12/site-packages/airflow/example_dags/example_sensors.py
[2026-02-14T15:51:13.550+0000] {processor.py:830} INFO - Processing file /home/airflow/.local/lib/python3.12/site-packages/airflow/example_dags/example_sensors.py for tasks to queue
[2026-02-14T15:51:13.552+0000] {logging_mixin.py:188} INFO - [2026-02-14T15:51:13.551+0000] {dagbag.py:545} INFO - Filling up the DagBag from /home/airflow/.local/lib/python3.12/site-packages/airflow/example_dags/example_sensors.py
[2026-02-14T15:51:13.557+0000] {processor.py:840} INFO - DAG(s) 'example_sensors' retrieved from /home/airflow/.local/lib/python3.12/site-packages/airflow/example_dags/example_sensors.py
[2026-02-14T15:51:13.571+0000] {logging_mixin.py:188} INFO - [2026-02-14T15:51:13.571+0000] {dag.py:3089} INFO - Sync 1 DAGs
[2026-02-14T15:51:13.577+0000] {logging_mixin.py:188} INFO - [2026-02-14T15:51:13.577+0000] {dag.py:3947} INFO - Setting next_dagrun for example_sensors to None, run_after=None
[2026-02-14T15:51:13.585+0000] {processor.py:183} INFO - Processing /home/airflow/.local/lib/python3.12/site-packages/airflow/example_dags/example_sensors.py took 0.038 seconds
[2026-02-14T15:51:44.068+0000] {processor.py:161} INFO - Started process (PID=653) to work on /home/airflow/.local/lib/python3.12/site-packages/airflow/example_dags/example_sensors.py
[2026-02-14T15:51:44.070+0000] {processor.py:830} INFO - Processing file /home/airflow/.local/lib/python3.12/site-packages/airflow/example_dags/example_sensors.py for tasks to queue
[2026-02-14T15:51:44.071+0000] {logging_mixin.py:188} INFO - [2026-02-14T15:51:44.071+0000] {dagbag.py:545} INFO - Filling up the DagBag from /home/airflow/.local/lib/python3.12/site-packages/airflow/example_dags/example_sensors.py
[2026-02-14T15:51:44.075+0000] {processor.py:840} INFO - DAG(s) 'example_sensors' retrieved from /home/airflow/.local/lib/python3.12/site-packages/airflow/example_dags/example_sensors.py
[2026-02-14T15:51:44.084+0000] {logging_mixin.py:188} INFO - [2026-02-14T15:51:44.084+0000] {dag.py:3089} INFO - Sync 1 DAGs
[2026-02-14T15:51:44.089+0000] {logging_mixin.py:188} INFO - [2026-02-14T15:51:44.089+0000] {dag.py:3947} INFO - Setting next_dagrun for example_sensors to None, run_after=None
[2026-02-14T15:51:44.097+0000] {processor.py:183} INFO - Processing /home/airflow/.local/lib/python3.12/site-packages/airflow/example_dags/example_sensors.py took 0.032 seconds
[2026-02-14T15:52:14.518+0000] {processor.py:161} INFO - Started process (PID=712) to work on /home/airflow/.local/lib/python3.12/site-packages/airflow/example_dags/example_sensors.py
[2026-02-14T15:52:14.518+0000] {processor.py:830} INFO - Processing file /home/airflow/.local/lib/python3.12/site-packages/airflow/example_dags/example_sensors.py for tasks to queue
[2026-02-14T15:52:14.519+0000] {logging_mixin.py:188} INFO - [2026-02-14T15:52:14.519+0000] {dagbag.py:545} INFO - Filling up the DagBag from /home/airflow/.local/lib/python3.12/site-packages/airflow/example_dags/example_sensors.py
[2026-02-14T15:52:14.524+0000] {processor.py:840} INFO - DAG(s) 'example_sensors' retrieved from /home/airflow/.local/lib/python3.12/site-packages/airflow/example_dags/example_sensors.py
[2026-02-14T15:52:14.535+0000] {logging_mixin.py:188} INFO - [2026-02-14T15:52:14.535+0000] {dag.py:3089} INFO - Sync 1 DAGs
[2026-02-14T15:52:14.540+0000] {logging_mixin.py:188} INFO - [2026-02-14T15:52:14.540+0000] {dag.py:3947} INFO - Setting next_dagrun for example_sensors to None, run_after=None
[2026-02-14T15:52:14.549+0000] {processor.py:183} INFO - Processing /home/airflow/.local/lib/python3.12/site-packages/airflow/example_dags/example_sensors.py took 0.034 seconds
[2026-02-14T15:52:44.974+0000] {processor.py:161} INFO - Started process (PID=771) to work on /home/airflow/.local/lib/python3.12/site-packages/airflow/example_dags/example_sensors.py
[2026-02-14T15:52:44.974+0000] {processor.py:830} INFO - Processing file /home/airflow/.local/lib/python3.12/site-packages/airflow/example_dags/example_sensors.py for tasks to queue
[2026-02-14T15:52:44.975+0000] {logging_mixin.py:188} INFO - [2026-02-14T15:52:44.975+0000] {dagbag.py:545} INFO - Filling up the DagBag from /home/airflow/.local/lib/python3.12/site-packages/airflow/example_dags/example_sensors.py
[2026-02-14T15:52:44.978+0000] {processor.py:840} INFO - DAG(s) 'example_sensors' retrieved from /home/airflow/.local/lib/python3.12/site-packages/airflow/example_dags/example_sensors.py
[2026-02-14T15:52:44.991+0000] {logging_mixin.py:188} INFO - [2026-02-14T15:52:44.991+0000] {dag.py:3089} INFO - Sync 1 DAGs
[2026-02-14T15:52:44.996+0000] {logging_mixin.py:188} INFO - [2026-02-14T15:52:44.996+0000] {dag.py:3947} INFO - Setting next_dagrun for example_sensors to None, run_after=None
[2026-02-14T15:52:45.003+0000] {processor.py:183} INFO - Processing /home/airflow/.local/lib/python3.12/site-packages/airflow/example_dags/example_sensors.py took 0.031 seconds
[2026-02-14T15:53:15.326+0000] {processor.py:161} INFO - Started process (PID=830) to work on /home/airflow/.local/lib/python3.12/site-packages/airflow/example_dags/example_sensors.py
[2026-02-14T15:53:15.327+0000] {processor.py:830} INFO - Processing file /home/airflow/.local/lib/python3.12/site-packages/airflow/example_dags/example_sensors.py for tasks to queue
[2026-02-14T15:53:15.327+0000] {logging_mixin.py:188} INFO - [2026-02-14T15:53:15.327+0000] {dagbag.py:545} INFO - Filling up the DagBag from /home/airflow/.local/lib/python3.12/site-packages/airflow/example_dags/example_sensors.py
[2026-02-14T15:53:15.331+0000] {processor.py:840} INFO - DAG(s) 'example_sensors' retrieved from /home/airflow/.local/lib/python3.12/site-packages/airflow/example_dags/example_sensors.py
[2026-02-14T15:53:15.344+0000] {logging_mixin.py:188} INFO - [2026-02-14T15:53:15.344+0000] {dag.py:3089} INFO - Sync 1 DAGs
[2026-02-14T15:53:15.349+0000] {logging_mixin.py:188} INFO - [2026-02-14T15:53:15.349+0000] {dag.py:3947} INFO - Setting next_dagrun for example_sensors to None, run_after=None
[2026-02-14T15:53:15.358+0000] {processor.py:183} INFO - Processing /home/airflow/.local/lib/python3.12/site-packages/airflow/example_dags/example_sensors.py took 0.034 seconds
[2026-02-14T15:53:45.648+0000] {processor.py:161} INFO - Started process (PID=889) to work on /home/airflow/.local/lib/python3.12/site-packages/airflow/example_dags/example_sensors.py
[2026-02-14T15:53:45.648+0000] {processor.py:830} INFO - Processing file /home/airflow/.local/lib/python3.12/site-packages/airflow/example_dags/example_sensors.py for tasks to queue
[2026-02-14T15:53:45.649+0000] {logging_mixin.py:188} INFO - [2026-02-14T15:53:45.649+0000] {dagbag.py:545} INFO - Filling up the DagBag from /home/airflow/.local/lib/python3.12/site-packages/airflow/example_dags/example_sensors.py
[2026-02-14T15:53:45.652+0000] {processor.py:840} INFO - DAG(s) 'example_sensors' retrieved from /home/airflow/.local/lib/python3.12/site-packages/airflow/example_dags/example_sensors.py
[2026-02-14T15:53:45.663+0000] {logging_mixin.py:188} INFO - [2026-02-14T15:53:45.663+0000] {dag.py:3089} INFO - Sync 1 DAGs
[2026-02-14T15:53:45.666+0000] {logging_mixin.py:188} INFO - [2026-02-14T15:53:45.666+0000] {dag.py:3947} INFO - Setting next_dagrun for example_sensors to None, run_after=None
[2026-02-14T15:53:45.675+0000] {processor.py:183} INFO - Processing /home/airflow/.local/lib/python3.12/site-packages/airflow/example_dags/example_sensors.py took 0.030 seconds
[2026-02-14T15:54:16.093+0000] {processor.py:161} INFO - Started process (PID=948) to work on /home/airflow/.local/lib/python3.12/site-packages/airflow/example_dags/example_sensors.py
[2026-02-14T15:54:16.093+0000] {processor.py:830} INFO - Processing file /home/airflow/.local/lib/python3.12/site-packages/airflow/example_dags/example_sensors.py for tasks to queue
[2026-02-14T15:54:16.094+0000] {logging_mixin.py:188} INFO - [2026-02-14T15:54:16.094+0000] {dagbag.py:545} INFO - Filling up the DagBag from /home/airflow/.local/lib/python3.12/site-packages/airflow/example_dags/example_sensors.py
[2026-02-14T15:54:16.097+0000] {processor.py:840} INFO - DAG(s) 'example_sensors' retrieved from /home/airflow/.local/lib/python3.12/site-packages/airflow/example_dags/example_sensors.py
[2026-02-14T15:54:16.109+0000] {logging_mixin.py:188} INFO - [2026-02-14T15:54:16.109+0000] {dag.py:3089} INFO - Sync 1 DAGs
[2026-02-14T15:54:16.114+0000] {logging_mixin.py:188} INFO - [2026-02-14T15:54:16.114+0000] {dag.py:3947} INFO - Setting next_dagrun for example_sensors to None, run_after=None
[2026-02-14T15:54:16.123+0000] {processor.py:183} INFO - Processing /home/airflow/.local/lib/python3.12/site-packages/airflow/example_dags/example_sensors.py took 0.033 seconds
[2026-02-14T15:54:46.608+0000] {processor.py:161} INFO - Started process (PID=1007) to work on /home/airflow/.local/lib/python3.12/site-packages/airflow/example_dags/example_sensors.py
[2026-02-14T15:54:46.609+0000] {processor.py:830} INFO - Processing file /home/airflow/.local/lib/python3.12/site-packages/airflow/example_dags/example_sensors.py for tasks to queue
[2026-02-14T15:54:46.610+0000] {logging_mixin.py:188} INFO - [2026-02-14T15:54:46.610+0000] {dagbag.py:545} INFO - Filling up the DagBag from /home/airflow/.local/lib/python3.12/site-packages/airflow/example_dags/example_sensors.py
[2026-02-14T15:54:46.613+0000] {processor.py:840} INFO - DAG(s) 'example_sensors' retrieved from /home/airflow/.local/lib/python3.12/site-packages/airflow/example_dags/example_sensors.py
[2026-02-14T15:54:46.624+0000] {logging_mixin.py:188} INFO - [2026-02-14T15:54:46.624+0000] {dag.py:3089} INFO - Sync 1 DAGs
[2026-02-14T15:54:46.628+0000] {logging_mixin.py:188} INFO - [2026-02-14T15:54:46.628+0000] {dag.py:3947} INFO - Setting next_dagrun for example_sensors to None, run_after=None
[2026-02-14T15:54:46.636+0000] {processor.py:183} INFO - Processing /home/airflow/.local/lib/python3.12/site-packages/airflow/example_dags/example_sensors.py took 0.031 seconds
[2026-02-14T15:55:17.263+0000] {processor.py:161} INFO - Started process (PID=1066) to work on /home/airflow/.local/lib/python3.12/site-packages/airflow/example_dags/example_sensors.py
[2026-02-14T15:55:17.267+0000] {processor.py:830} INFO - Processing file /home/airflow/.local/lib/python3.12/site-packages/airflow/example_dags/example_sensors.py for tasks to queue
[2026-02-14T15:55:17.270+0000] {logging_mixin.py:188} INFO - [2026-02-14T15:55:17.269+0000] {dagbag.py:545} INFO - Filling up the DagBag from /home/airflow/.local/lib/python3.12/site-packages/airflow/example_dags/example_sensors.py
[2026-02-14T15:55:17.308+0000] {processor.py:840} INFO - DAG(s) 'example_sensors' retrieved from /home/airflow/.local/lib/python3.12/site-packages/airflow/example_dags/example_sensors.py
[2026-02-14T15:55:17.357+0000] {logging_mixin.py:188} INFO - [2026-02-14T15:55:17.357+0000] {dag.py:3089} INFO - Sync 1 DAGs
[2026-02-14T15:55:17.391+0000] {logging_mixin.py:188} INFO - [2026-02-14T15:55:17.391+0000] {dag.py:3947} INFO - Setting next_dagrun for example_sensors to None, run_after=None
[2026-02-14T15:55:17.427+0000] {processor.py:183} INFO - Processing /home/airflow/.local/lib/python3.12/site-packages/airflow/example_dags/example_sensors.py took 0.169 seconds
[2026-02-14T15:55:47.516+0000] {processor.py:161} INFO - Started process (PID=1124) to work on /home/airflow/.local/lib/python3.12/site-packages/airflow/example_dags/example_sensors.py
[2026-02-14T15:55:47.517+0000] {processor.py:830} INFO - Processing file /home/airflow/.local/lib/python3.12/site-packages/airflow/example_dags/example_sensors.py for tasks to queue
[2026-02-14T15:55:47.518+0000] {logging_mixin.py:188} INFO - [2026-02-14T15:55:47.518+0000] {dagbag.py:545} INFO - Filling up the DagBag from /home/airflow/.local/lib/python3.12/site-packages/airflow/example_dags/example_sensors.py
[2026-02-14T15:55:47.523+0000] {processor.py:840} INFO - DAG(s) 'example_sensors' retrieved from /home/airflow/.local/lib/python3.12/site-packages/airflow/example_dags/example_sensors.py
[2026-02-14T15:55:47.537+0000] {logging_mixin.py:188} INFO - [2026-02-14T15:55:47.537+0000] {dag.py:3089} INFO - Sync 1 DAGs
[2026-02-14T15:55:47.543+0000] {logging_mixin.py:188} INFO - [2026-02-14T15:55:47.543+0000] {dag.py:3947} INFO - Setting next_dagrun for example_sensors to None, run_after=None
[2026-02-14T15:55:47.552+0000] {processor.py:183} INFO - Processing /home/airflow/.local/lib/python3.12/site-packages/airflow/example_dags/example_sensors.py took 0.038 seconds
[2026-02-14T15:56:18.029+0000] {processor.py:161} INFO - Started process (PID=1183) to work on /home/airflow/.local/lib/python3.12/site-packages/airflow/example_dags/example_sensors.py
[2026-02-14T15:56:18.030+0000] {processor.py:830} INFO - Processing file /home/airflow/.local/lib/python3.12/site-packages/airflow/example_dags/example_sensors.py for tasks to queue
[2026-02-14T15:56:18.031+0000] {logging_mixin.py:188} INFO - [2026-02-14T15:56:18.030+0000] {dagbag.py:545} INFO - Filling up the DagBag from /home/airflow/.local/lib/python3.12/site-packages/airflow/example_dags/example_sensors.py
[2026-02-14T15:56:18.034+0000] {processor.py:840} INFO - DAG(s) 'example_sensors' retrieved from /home/airflow/.local/lib/python3.12/site-packages/airflow/example_dags/example_sensors.py
[2026-02-14T15:56:18.043+0000] {logging_mixin.py:188} INFO - [2026-02-14T15:56:18.043+0000] {dag.py:3089} INFO - Sync 1 DAGs
[2026-02-14T15:56:18.048+0000] {logging_mixin.py:188} INFO - [2026-02-14T15:56:18.048+0000] {dag.py:3947} INFO - Setting next_dagrun for example_sensors to None, run_after=None
[2026-02-14T15:56:18.056+0000] {processor.py:183} INFO - Processing /home/airflow/.local/lib/python3.12/site-packages/airflow/example_dags/example_sensors.py took 0.029 seconds
[2026-02-14T15:56:48.542+0000] {processor.py:161} INFO - Started process (PID=1242) to work on /home/airflow/.local/lib/python3.12/site-packages/airflow/example_dags/example_sensors.py
[2026-02-14T15:56:48.542+0000] {processor.py:830} INFO - Processing file /home/airflow/.local/lib/python3.12/site-packages/airflow/example_dags/example_sensors.py for tasks to queue
[2026-02-14T15:56:48.543+0000] {logging_mixin.py:188} INFO - [2026-02-14T15:56:48.543+0000] {dagbag.py:545} INFO - Filling up the DagBag from /home/airflow/.local/lib/python3.12/site-packages/airflow/example_dags/example_sensors.py
[2026-02-14T15:56:48.547+0000] {processor.py:840} INFO - DAG(s) 'example_sensors' retrieved from /home/airflow/.local/lib/python3.12/site-packages/airflow/example_dags/example_sensors.py
[2026-02-14T15:56:48.559+0000] {logging_mixin.py:188} INFO - [2026-02-14T15:56:48.559+0000] {dag.py:3089} INFO - Sync 1 DAGs
[2026-02-14T15:56:48.564+0000] {logging_mixin.py:188} INFO - [2026-02-14T15:56:48.564+0000] {dag.py:3947} INFO - Setting next_dagrun for example_sensors to None, run_after=None
[2026-02-14T15:56:48.571+0000] {processor.py:183} INFO - Processing /home/airflow/.local/lib/python3.12/site-packages/airflow/example_dags/example_sensors.py took 0.032 seconds
[2026-02-14T15:57:19.277+0000] {processor.py:161} INFO - Started process (PID=1301) to work on /home/airflow/.local/lib/python3.12/site-packages/airflow/example_dags/example_sensors.py
[2026-02-14T15:57:19.277+0000] {processor.py:830} INFO - Processing file /home/airflow/.local/lib/python3.12/site-packages/airflow/example_dags/example_sensors.py for tasks to queue
[2026-02-14T15:57:19.278+0000] {logging_mixin.py:188} INFO - [2026-02-14T15:57:19.278+0000] {dagbag.py:545} INFO - Filling up the DagBag from /home/airflow/.local/lib/python3.12/site-packages/airflow/example_dags/example_sensors.py
[2026-02-14T15:57:19.282+0000] {processor.py:840} INFO - DAG(s) 'example_sensors' retrieved from /home/airflow/.local/lib/python3.12/site-packages/airflow/example_dags/example_sensors.py
[2026-02-14T15:57:19.292+0000] {logging_mixin.py:188} INFO - [2026-02-14T15:57:19.292+0000] {dag.py:3089} INFO - Sync 1 DAGs
[2026-02-14T15:57:19.296+0000] {logging_mixin.py:188} INFO - [2026-02-14T15:57:19.296+0000] {dag.py:3947} INFO - Setting next_dagrun for example_sensors to None, run_after=None
[2026-02-14T15:57:19.304+0000] {processor.py:183} INFO - Processing /home/airflow/.local/lib/python3.12/site-packages/airflow/example_dags/example_sensors.py took 0.030 seconds
[2026-02-14T15:57:50.041+0000] {processor.py:161} INFO - Started process (PID=1360) to work on /home/airflow/.local/lib/python3.12/site-packages/airflow/example_dags/example_sensors.py
[2026-02-14T15:57:50.042+0000] {processor.py:830} INFO - Processing file /home/airflow/.local/lib/python3.12/site-packages/airflow/example_dags/example_sensors.py for tasks to queue
[2026-02-14T15:57:50.043+0000] {logging_mixin.py:188} INFO - [2026-02-14T15:57:50.043+0000] {dagbag.py:545} INFO - Filling up the DagBag from /home/airflow/.local/lib/python3.12/site-packages/airflow/example_dags/example_sensors.py
[2026-02-14T15:57:50.049+0000] {processor.py:840} INFO - DAG(s) 'example_sensors' retrieved from /home/airflow/.local/lib/python3.12/site-packages/airflow/example_dags/example_sensors.py
[2026-02-14T15:57:50.064+0000] {logging_mixin.py:188} INFO - [2026-02-14T15:57:50.064+0000] {dag.py:3089} INFO - Sync 1 DAGs
[2026-02-14T15:57:50.074+0000] {logging_mixin.py:188} INFO - [2026-02-14T15:57:50.074+0000] {dag.py:3947} INFO - Setting next_dagrun for example_sensors to None, run_after=None
[2026-02-14T15:57:50.161+0000] {processor.py:183} INFO - Processing /home/airflow/.local/lib/python3.12/site-packages/airflow/example_dags/example_sensors.py took 0.124 seconds
[2026-02-14T15:58:20.248+0000] {processor.py:161} INFO - Started process (PID=1419) to work on /home/airflow/.local/lib/python3.12/site-packages/airflow/example_dags/example_sensors.py
[2026-02-14T15:58:20.249+0000] {processor.py:830} INFO - Processing file /home/airflow/.local/lib/python3.12/site-packages/airflow/example_dags/example_sensors.py for tasks to queue
[2026-02-14T15:58:20.250+0000] {logging_mixin.py:188} INFO - [2026-02-14T15:58:20.250+0000] {dagbag.py:545} INFO - Filling up the DagBag from /home/airflow/.local/lib/python3.12/site-packages/airflow/example_dags/example_sensors.py
[2026-02-14T15:58:20.255+0000] {processor.py:840} INFO - DAG(s) 'example_sensors' retrieved from /home/airflow/.local/lib/python3.12/site-packages/airflow/example_dags/example_sensors.py
[2026-02-14T15:58:20.265+0000] {logging_mixin.py:188} INFO - [2026-02-14T15:58:20.265+0000] {dag.py:3089} INFO - Sync 1 DAGs
[2026-02-14T15:58:20.270+0000] {logging_mixin.py:188} INFO - [2026-02-14T15:58:20.270+0000] {dag.py:3947} INFO - Setting next_dagrun for example_sensors to None, run_after=None
[2026-02-14T15:58:20.278+0000] {processor.py:183} INFO - Processing /home/airflow/.local/lib/python3.12/site-packages/airflow/example_dags/example_sensors.py took 0.032 seconds
[2026-02-14T15:58:50.621+0000] {processor.py:161} INFO - Started process (PID=1478) to work on /home/airflow/.local/lib/python3.12/site-packages/airflow/example_dags/example_sensors.py
[2026-02-14T15:58:50.621+0000] {processor.py:830} INFO - Processing file /home/airflow/.local/lib/python3.12/site-packages/airflow/example_dags/example_sensors.py for tasks to queue
[2026-02-14T15:58:50.622+0000] {logging_mixin.py:188} INFO - [2026-02-14T15:58:50.622+0000] {dagbag.py:545} INFO - Filling up the DagBag from /home/airflow/.local/lib/python3.12/site-packages/airflow/example_dags/example_sensors.py
[2026-02-14T15:58:50.625+0000] {processor.py:840} INFO - DAG(s) 'example_sensors' retrieved from /home/airflow/.local/lib/python3.12/site-packages/airflow/example_dags/example_sensors.py
[2026-02-14T15:58:50.633+0000] {logging_mixin.py:188} INFO - [2026-02-14T15:58:50.633+0000] {dag.py:3089} INFO - Sync 1 DAGs
[2026-02-14T15:58:50.637+0000] {logging_mixin.py:188} INFO - [2026-02-14T15:58:50.637+0000] {dag.py:3947} INFO - Setting next_dagrun for example_sensors to None, run_after=None
[2026-02-14T15:58:50.642+0000] {processor.py:183} INFO - Processing /home/airflow/.local/lib/python3.12/site-packages/airflow/example_dags/example_sensors.py took 0.024 seconds
[2026-02-14T15:59:20.947+0000] {processor.py:161} INFO - Started process (PID=1537) to work on /home/airflow/.local/lib/python3.12/site-packages/airflow/example_dags/example_sensors.py
[2026-02-14T15:59:20.947+0000] {processor.py:830} INFO - Processing file /home/airflow/.local/lib/python3.12/site-packages/airflow/example_dags/example_sensors.py for tasks to queue
[2026-02-14T15:59:20.948+0000] {logging_mixin.py:188} INFO - [2026-02-14T15:59:20.948+0000] {dagbag.py:545} INFO - Filling up the DagBag from /home/airflow/.local/lib/python3.12/site-packages/airflow/example_dags/example_sensors.py
[2026-02-14T15:59:20.951+0000] {processor.py:840} INFO - DAG(s) 'example_sensors' retrieved from /home/airflow/.local/lib/python3.12/site-packages/airflow/example_dags/example_sensors.py
[2026-02-14T15:59:20.962+0000] {logging_mixin.py:188} INFO - [2026-02-14T15:59:20.962+0000] {dag.py:3089} INFO - Sync 1 DAGs
[2026-02-14T15:59:20.967+0000] {logging_mixin.py:188} INFO - [2026-02-14T15:59:20.967+0000] {dag.py:3947} INFO - Setting next_dagrun for example_sensors to None, run_after=None
[2026-02-14T15:59:20.974+0000] {processor.py:183} INFO - Processing /home/airflow/.local/lib/python3.12/site-packages/airflow/example_dags/example_sensors.py took 0.030 seconds
[2026-02-14T15:59:51.139+0000] {processor.py:161} INFO - Started process (PID=1596) to work on /home/airflow/.local/lib/python3.12/site-packages/airflow/example_dags/example_sensors.py
[2026-02-14T15:59:51.140+0000] {processor.py:830} INFO - Processing file /home/airflow/.local/lib/python3.12/site-packages/airflow/example_dags/example_sensors.py for tasks to queue
[2026-02-14T15:59:51.140+0000] {logging_mixin.py:188} INFO - [2026-02-14T15:59:51.140+0000] {dagbag.py:545} INFO - Filling up the DagBag from /home/airflow/.local/lib/python3.12/site-packages/airflow/example_dags/example_sensors.py
[2026-02-14T15:59:51.144+0000] {processor.py:840} INFO - DAG(s) 'example_sensors' retrieved from /home/airflow/.local/lib/python3.12/site-packages/airflow/example_dags/example_sensors.py
[2026-02-14T15:59:51.229+0000] {logging_mixin.py:188} INFO - [2026-02-14T15:59:51.228+0000] {dag.py:3089} INFO - Sync 1 DAGs
[2026-02-14T15:59:51.232+0000] {logging_mixin.py:188} INFO - [2026-02-14T15:59:51.232+0000] {dag.py:3947} INFO - Setting next_dagrun for example_sensors to None, run_after=None
[2026-02-14T15:59:51.239+0000] {processor.py:183} INFO - Processing /home/airflow/.local/lib/python3.12/site-packages/airflow/example_dags/example_sensors.py took 0.102 seconds
[2026-02-14T16:00:22.070+0000] {processor.py:161} INFO - Started process (PID=1655) to work on /home/airflow/.local/lib/python3.12/site-packages/airflow/example_dags/example_sensors.py
[2026-02-14T16:00:22.071+0000] {processor.py:830} INFO - Processing file /home/airflow/.local/lib/python3.12/site-packages/airflow/example_dags/example_sensors.py for tasks to queue
[2026-02-14T16:00:22.072+0000] {logging_mixin.py:188} INFO - [2026-02-14T16:00:22.072+0000] {dagbag.py:545} INFO - Filling up the DagBag from /home/airflow/.local/lib/python3.12/site-packages/airflow/example_dags/example_sensors.py
[2026-02-14T16:00:22.076+0000] {processor.py:840} INFO - DAG(s) 'example_sensors' retrieved from /home/airflow/.local/lib/python3.12/site-packages/airflow/example_dags/example_sensors.py
[2026-02-14T16:00:22.086+0000] {logging_mixin.py:188} INFO - [2026-02-14T16:00:22.086+0000] {dag.py:3089} INFO - Sync 1 DAGs
[2026-02-14T16:00:22.090+0000] {logging_mixin.py:188} INFO - [2026-02-14T16:00:22.090+0000] {dag.py:3947} INFO - Setting next_dagrun for example_sensors to None, run_after=None
[2026-02-14T16:00:22.097+0000] {processor.py:183} INFO - Processing /home/airflow/.local/lib/python3.12/site-packages/airflow/example_dags/example_sensors.py took 0.029 seconds
[2026-02-14T16:00:52.612+0000] {processor.py:161} INFO - Started process (PID=1714) to work on /home/airflow/.local/lib/python3.12/site-packages/airflow/example_dags/example_sensors.py
[2026-02-14T16:00:52.613+0000] {processor.py:830} INFO - Processing file /home/airflow/.local/lib/python3.12/site-packages/airflow/example_dags/example_sensors.py for tasks to queue
[2026-02-14T16:00:52.614+0000] {logging_mixin.py:188} INFO - [2026-02-14T16:00:52.614+0000] {dagbag.py:545} INFO - Filling up the DagBag from /home/airflow/.local/lib/python3.12/site-packages/airflow/example_dags/example_sensors.py
[2026-02-14T16:00:52.619+0000] {processor.py:840} INFO - DAG(s) 'example_sensors' retrieved from /home/airflow/.local/lib/python3.12/site-packages/airflow/example_dags/example_sensors.py
[2026-02-14T16:00:52.632+0000] {logging_mixin.py:188} INFO - [2026-02-14T16:00:52.631+0000] {dag.py:3089} INFO - Sync 1 DAGs
[2026-02-14T16:00:52.637+0000] {logging_mixin.py:188} INFO - [2026-02-14T16:00:52.637+0000] {dag.py:3947} INFO - Setting next_dagrun for example_sensors to None, run_after=None
[2026-02-14T16:00:52.645+0000] {processor.py:183} INFO - Processing /home/airflow/.local/lib/python3.12/site-packages/airflow/example_dags/example_sensors.py took 0.036 seconds
[2026-02-14T16:01:23.093+0000] {processor.py:161} INFO - Started process (PID=1773) to work on /home/airflow/.local/lib/python3.12/site-packages/airflow/example_dags/example_sensors.py
[2026-02-14T16:01:23.094+0000] {processor.py:830} INFO - Processing file /home/airflow/.local/lib/python3.12/site-packages/airflow/example_dags/example_sensors.py for tasks to queue
[2026-02-14T16:01:23.095+0000] {logging_mixin.py:188} INFO - [2026-02-14T16:01:23.095+0000] {dagbag.py:545} INFO - Filling up the DagBag from /home/airflow/.local/lib/python3.12/site-packages/airflow/example_dags/example_sensors.py
[2026-02-14T16:01:23.099+0000] {processor.py:840} INFO - DAG(s) 'example_sensors' retrieved from /home/airflow/.local/lib/python3.12/site-packages/airflow/example_dags/example_sensors.py
[2026-02-14T16:01:23.109+0000] {logging_mixin.py:188} INFO - [2026-02-14T16:01:23.109+0000] {dag.py:3089} INFO - Sync 1 DAGs
[2026-02-14T16:01:23.114+0000] {logging_mixin.py:188} INFO - [2026-02-14T16:01:23.114+0000] {dag.py:3947} INFO - Setting next_dagrun for example_sensors to None, run_after=None
[2026-02-14T16:01:23.124+0000] {processor.py:183} INFO - Processing /home/airflow/.local/lib/python3.12/site-packages/airflow/example_dags/example_sensors.py took 0.034 seconds
[2026-02-14T16:01:53.424+0000] {processor.py:161} INFO - Started process (PID=1832) to work on /home/airflow/.local/lib/python3.12/site-packages/airflow/example_dags/example_sensors.py
[2026-02-14T16:01:53.424+0000] {processor.py:830} INFO - Processing file /home/airflow/.local/lib/python3.12/site-packages/airflow/example_dags/example_sensors.py for tasks to queue
[2026-02-14T16:01:53.425+0000] {logging_mixin.py:188} INFO - [2026-02-14T16:01:53.425+0000] {dagbag.py:545} INFO - Filling up the DagBag from /home/airflow/.local/lib/python3.12/site-packages/airflow/example_dags/example_sensors.py
[2026-02-14T16:01:53.428+0000] {processor.py:840} INFO - DAG(s) 'example_sensors' retrieved from /home/airflow/.local/lib/python3.12/site-packages/airflow/example_dags/example_sensors.py
[2026-02-14T16:01:53.438+0000] {logging_mixin.py:188} INFO - [2026-02-14T16:01:53.438+0000] {dag.py:3089} INFO - Sync 1 DAGs
[2026-02-14T16:01:53.443+0000] {logging_mixin.py:188} INFO - [2026-02-14T16:01:53.443+0000] {dag.py:3947} INFO - Setting next_dagrun for example_sensors to None, run_after=None
[2026-02-14T16:01:53.453+0000] {processor.py:183} INFO - Processing /home/airflow/.local/lib/python3.12/site-packages/airflow/example_dags/example_sensors.py took 0.032 seconds
[2026-02-14T16:02:23.856+0000] {processor.py:161} INFO - Started process (PID=1891) to work on /home/airflow/.local/lib/python3.12/site-packages/airflow/example_dags/example_sensors.py
[2026-02-14T16:02:23.857+0000] {processor.py:830} INFO - Processing file /home/airflow/.local/lib/python3.12/site-packages/airflow/example_dags/example_sensors.py for tasks to queue
[2026-02-14T16:02:23.858+0000] {logging_mixin.py:188} INFO - [2026-02-14T16:02:23.858+0000] {dagbag.py:545} INFO - Filling up the DagBag from /home/airflow/.local/lib/python3.12/site-packages/airflow/example_dags/example_sensors.py
[2026-02-14T16:02:23.862+0000] {processor.py:840} INFO - DAG(s) 'example_sensors' retrieved from /home/airflow/.local/lib/python3.12/site-packages/airflow/example_dags/example_sensors.py
[2026-02-14T16:02:23.874+0000] {logging_mixin.py:188} INFO - [2026-02-14T16:02:23.873+0000] {dag.py:3089} INFO - Sync 1 DAGs
[2026-02-14T16:02:23.880+0000] {logging_mixin.py:188} INFO - [2026-02-14T16:02:23.879+0000] {dag.py:3947} INFO - Setting next_dagrun for example_sensors to None, run_after=None
[2026-02-14T16:02:23.890+0000] {processor.py:183} INFO - Processing /home/airflow/.local/lib/python3.12/site-packages/airflow/example_dags/example_sensors.py took 0.036 seconds
[2026-02-14T16:02:54.320+0000] {processor.py:161} INFO - Started process (PID=1950) to work on /home/airflow/.local/lib/python3.12/site-packages/airflow/example_dags/example_sensors.py
[2026-02-14T16:02:54.321+0000] {processor.py:830} INFO - Processing file /home/airflow/.local/lib/python3.12/site-packages/airflow/example_dags/example_sensors.py for tasks to queue
[2026-02-14T16:02:54.321+0000] {logging_mixin.py:188} INFO - [2026-02-14T16:02:54.321+0000] {dagbag.py:545} INFO - Filling up the DagBag from /home/airflow/.local/lib/python3.12/site-packages/airflow/example_dags/example_sensors.py
[2026-02-14T16:02:54.325+0000] {processor.py:840} INFO - DAG(s) 'example_sensors' retrieved from /home/airflow/.local/lib/python3.12/site-packages/airflow/example_dags/example_sensors.py
[2026-02-14T16:02:54.338+0000] {logging_mixin.py:188} INFO - [2026-02-14T16:02:54.338+0000] {dag.py:3089} INFO - Sync 1 DAGs
[2026-02-14T16:02:54.343+0000] {logging_mixin.py:188} INFO - [2026-02-14T16:02:54.343+0000] {dag.py:3947} INFO - Setting next_dagrun for example_sensors to None, run_after=None
[2026-02-14T16:02:54.351+0000] {processor.py:183} INFO - Processing /home/airflow/.local/lib/python3.12/site-packages/airflow/example_dags/example_sensors.py took 0.033 seconds
[2026-02-14T16:03:24.882+0000] {processor.py:161} INFO - Started process (PID=2009) to work on /home/airflow/.local/lib/python3.12/site-packages/airflow/example_dags/example_sensors.py
[2026-02-14T16:03:24.883+0000] {processor.py:830} INFO - Processing file /home/airflow/.local/lib/python3.12/site-packages/airflow/example_dags/example_sensors.py for tasks to queue
[2026-02-14T16:03:24.884+0000] {logging_mixin.py:188} INFO - [2026-02-14T16:03:24.883+0000] {dagbag.py:545} INFO - Filling up the DagBag from /home/airflow/.local/lib/python3.12/site-packages/airflow/example_dags/example_sensors.py
[2026-02-14T16:03:24.887+0000] {processor.py:840} INFO - DAG(s) 'example_sensors' retrieved from /home/airflow/.local/lib/python3.12/site-packages/airflow/example_dags/example_sensors.py
[2026-02-14T16:03:24.900+0000] {logging_mixin.py:188} INFO - [2026-02-14T16:03:24.900+0000] {dag.py:3089} INFO - Sync 1 DAGs
[2026-02-14T16:03:24.907+0000] {logging_mixin.py:188} INFO - [2026-02-14T16:03:24.907+0000] {dag.py:3947} INFO - Setting next_dagrun for example_sensors to None, run_after=None
[2026-02-14T16:03:24.919+0000] {processor.py:183} INFO - Processing /home/airflow/.local/lib/python3.12/site-packages/airflow/example_dags/example_sensors.py took 0.040 seconds
[2026-02-14T16:03:55.417+0000] {processor.py:161} INFO - Started process (PID=2068) to work on /home/airflow/.local/lib/python3.12/site-packages/airflow/example_dags/example_sensors.py
[2026-02-14T16:03:55.417+0000] {processor.py:830} INFO - Processing file /home/airflow/.local/lib/python3.12/site-packages/airflow/example_dags/example_sensors.py for tasks to queue
[2026-02-14T16:03:55.418+0000] {logging_mixin.py:188} INFO - [2026-02-14T16:03:55.418+0000] {dagbag.py:545} INFO - Filling up the DagBag from /home/airflow/.local/lib/python3.12/site-packages/airflow/example_dags/example_sensors.py
[2026-02-14T16:03:55.422+0000] {processor.py:840} INFO - DAG(s) 'example_sensors' retrieved from /home/airflow/.local/lib/python3.12/site-packages/airflow/example_dags/example_sensors.py
[2026-02-14T16:03:55.432+0000] {logging_mixin.py:188} INFO - [2026-02-14T16:03:55.432+0000] {dag.py:3089} INFO - Sync 1 DAGs
[2026-02-14T16:03:55.437+0000] {logging_mixin.py:188} INFO - [2026-02-14T16:03:55.437+0000] {dag.py:3947} INFO - Setting next_dagrun for example_sensors to None, run_after=None
[2026-02-14T16:03:55.444+0000] {processor.py:183} INFO - Processing /home/airflow/.local/lib/python3.12/site-packages/airflow/example_dags/example_sensors.py took 0.030 seconds
[2026-02-14T16:04:26.150+0000] {processor.py:161} INFO - Started process (PID=2127) to work on /home/airflow/.local/lib/python3.12/site-packages/airflow/example_dags/example_sensors.py
[2026-02-14T16:04:26.152+0000] {processor.py:830} INFO - Processing file /home/airflow/.local/lib/python3.12/site-packages/airflow/example_dags/example_sensors.py for tasks to queue
[2026-02-14T16:04:26.153+0000] {logging_mixin.py:188} INFO - [2026-02-14T16:04:26.153+0000] {dagbag.py:545} INFO - Filling up the DagBag from /home/airflow/.local/lib/python3.12/site-packages/airflow/example_dags/example_sensors.py
[2026-02-14T16:04:26.158+0000] {processor.py:840} INFO - DAG(s) 'example_sensors' retrieved from /home/airflow/.local/lib/python3.12/site-packages/airflow/example_dags/example_sensors.py
[2026-02-14T16:04:26.170+0000] {logging_mixin.py:188} INFO - [2026-02-14T16:04:26.170+0000] {dag.py:3089} INFO - Sync 1 DAGs
[2026-02-14T16:04:26.174+0000] {logging_mixin.py:188} INFO - [2026-02-14T16:04:26.174+0000] {dag.py:3947} INFO - Setting next_dagrun for example_sensors to None, run_after=None
[2026-02-14T16:04:26.180+0000] {processor.py:183} INFO - Processing /home/airflow/.local/lib/python3.12/site-packages/airflow/example_dags/example_sensors.py took 0.032 seconds
[2026-02-14T16:04:56.588+0000] {processor.py:161} INFO - Started process (PID=2186) to work on /home/airflow/.local/lib/python3.12/site-packages/airflow/example_dags/example_sensors.py
[2026-02-14T16:04:56.588+0000] {processor.py:830} INFO - Processing file /home/airflow/.local/lib/python3.12/site-packages/airflow/example_dags/example_sensors.py for tasks to queue
[2026-02-14T16:04:56.589+0000] {logging_mixin.py:188} INFO - [2026-02-14T16:04:56.589+0000] {dagbag.py:545} INFO - Filling up the DagBag from /home/airflow/.local/lib/python3.12/site-packages/airflow/example_dags/example_sensors.py
[2026-02-14T16:04:56.593+0000] {processor.py:840} INFO - DAG(s) 'example_sensors' retrieved from /home/airflow/.local/lib/python3.12/site-packages/airflow/example_dags/example_sensors.py
[2026-02-14T16:04:56.602+0000] {logging_mixin.py:188} INFO - [2026-02-14T16:04:56.602+0000] {dag.py:3089} INFO - Sync 1 DAGs
[2026-02-14T16:04:56.607+0000] {logging_mixin.py:188} INFO - [2026-02-14T16:04:56.606+0000] {dag.py:3947} INFO - Setting next_dagrun for example_sensors to None, run_after=None
[2026-02-14T16:04:56.615+0000] {processor.py:183} INFO - Processing /home/airflow/.local/lib/python3.12/site-packages/airflow/example_dags/example_sensors.py took 0.029 seconds
[2026-02-14T16:05:27.107+0000] {processor.py:161} INFO - Started process (PID=2245) to work on /home/airflow/.local/lib/python3.12/site-packages/airflow/example_dags/example_sensors.py
[2026-02-14T16:05:27.109+0000] {processor.py:830} INFO - Processing file /home/airflow/.local/lib/python3.12/site-packages/airflow/example_dags/example_sensors.py for tasks to queue
[2026-02-14T16:05:27.110+0000] {logging_mixin.py:188} INFO - [2026-02-14T16:05:27.110+0000] {dagbag.py:545} INFO - Filling up the DagBag from /home/airflow/.local/lib/python3.12/site-packages/airflow/example_dags/example_sensors.py
[2026-02-14T16:05:27.113+0000] {processor.py:840} INFO - DAG(s) 'example_sensors' retrieved from /home/airflow/.local/lib/python3.12/site-packages/airflow/example_dags/example_sensors.py
[2026-02-14T16:05:27.124+0000] {logging_mixin.py:188} INFO - [2026-02-14T16:05:27.124+0000] {dag.py:3089} INFO - Sync 1 DAGs
[2026-02-14T16:05:27.129+0000] {logging_mixin.py:188} INFO - [2026-02-14T16:05:27.129+0000] {dag.py:3947} INFO - Setting next_dagrun for example_sensors to None, run_after=None
[2026-02-14T16:05:27.136+0000] {processor.py:183} INFO - Processing /home/airflow/.local/lib/python3.12/site-packages/airflow/example_dags/example_sensors.py took 0.031 seconds
[2026-02-14T16:05:57.619+0000] {processor.py:161} INFO - Started process (PID=2304) to work on /home/airflow/.local/lib/python3.12/site-packages/airflow/example_dags/example_sensors.py
[2026-02-14T16:05:57.619+0000] {processor.py:830} INFO - Processing file /home/airflow/.local/lib/python3.12/site-packages/airflow/example_dags/example_sensors.py for tasks to queue
[2026-02-14T16:05:57.620+0000] {logging_mixin.py:188} INFO - [2026-02-14T16:05:57.620+0000] {dagbag.py:545} INFO - Filling up the DagBag from /home/airflow/.local/lib/python3.12/site-packages/airflow/example_dags/example_sensors.py
[2026-02-14T16:05:57.626+0000] {processor.py:840} INFO - DAG(s) 'example_sensors' retrieved from /home/airflow/.local/lib/python3.12/site-packages/airflow/example_dags/example_sensors.py
[2026-02-14T16:05:57.637+0000] {logging_mixin.py:188} INFO - [2026-02-14T16:05:57.637+0000] {dag.py:3089} INFO - Sync 1 DAGs
[2026-02-14T16:05:57.641+0000] {logging_mixin.py:188} INFO - [2026-02-14T16:05:57.641+0000] {dag.py:3947} INFO - Setting next_dagrun for example_sensors to None, run_after=None
[2026-02-14T16:05:57.651+0000] {processor.py:183} INFO - Processing /home/airflow/.local/lib/python3.12/site-packages/airflow/example_dags/example_sensors.py took 0.035 seconds
[2026-02-14T16:06:28.038+0000] {processor.py:161} INFO - Started process (PID=2363) to work on /home/airflow/.local/lib/python3.12/site-packages/airflow/example_dags/example_sensors.py
[2026-02-14T16:06:28.039+0000] {processor.py:830} INFO - Processing file /home/airflow/.local/lib/python3.12/site-packages/airflow/example_dags/example_sensors.py for tasks to queue
[2026-02-14T16:06:28.040+0000] {logging_mixin.py:188} INFO - [2026-02-14T16:06:28.040+0000] {dagbag.py:545} INFO - Filling up the DagBag from /home/airflow/.local/lib/python3.12/site-packages/airflow/example_dags/example_sensors.py
[2026-02-14T16:06:28.043+0000] {processor.py:840} INFO - DAG(s) 'example_sensors' retrieved from /home/airflow/.local/lib/python3.12/site-packages/airflow/example_dags/example_sensors.py
[2026-02-14T16:06:28.053+0000] {logging_mixin.py:188} INFO - [2026-02-14T16:06:28.053+0000] {dag.py:3089} INFO - Sync 1 DAGs
[2026-02-14T16:06:28.057+0000] {logging_mixin.py:188} INFO - [2026-02-14T16:06:28.057+0000] {dag.py:3947} INFO - Setting next_dagrun for example_sensors to None, run_after=None
[2026-02-14T16:06:28.063+0000] {processor.py:183} INFO - Processing /home/airflow/.local/lib/python3.12/site-packages/airflow/example_dags/example_sensors.py took 0.027 seconds
[2026-02-14T16:06:58.974+0000] {processor.py:161} INFO - Started process (PID=2422) to work on /home/airflow/.local/lib/python3.12/site-packages/airflow/example_dags/example_sensors.py
[2026-02-14T16:06:58.974+0000] {processor.py:830} INFO - Processing file /home/airflow/.local/lib/python3.12/site-packages/airflow/example_dags/example_sensors.py for tasks to queue
[2026-02-14T16:06:58.975+0000] {logging_mixin.py:188} INFO - [2026-02-14T16:06:58.975+0000] {dagbag.py:545} INFO - Filling up the DagBag from /home/airflow/.local/lib/python3.12/site-packages/airflow/example_dags/example_sensors.py
[2026-02-14T16:06:58.979+0000] {processor.py:840} INFO - DAG(s) 'example_sensors' retrieved from /home/airflow/.local/lib/python3.12/site-packages/airflow/example_dags/example_sensors.py
[2026-02-14T16:06:58.990+0000] {logging_mixin.py:188} INFO - [2026-02-14T16:06:58.990+0000] {dag.py:3089} INFO - Sync 1 DAGs
[2026-02-14T16:06:58.995+0000] {logging_mixin.py:188} INFO - [2026-02-14T16:06:58.995+0000] {dag.py:3947} INFO - Setting next_dagrun for example_sensors to None, run_after=None
[2026-02-14T16:06:59.004+0000] {processor.py:183} INFO - Processing /home/airflow/.local/lib/python3.12/site-packages/airflow/example_dags/example_sensors.py took 0.033 seconds
[2026-02-14T16:07:29.591+0000] {processor.py:161} INFO - Started process (PID=2481) to work on /home/airflow/.local/lib/python3.12/site-packages/airflow/example_dags/example_sensors.py
[2026-02-14T16:07:29.592+0000] {processor.py:830} INFO - Processing file /home/airflow/.local/lib/python3.12/site-packages/airflow/example_dags/example_sensors.py for tasks to queue
[2026-02-14T16:07:29.593+0000] {logging_mixin.py:188} INFO - [2026-02-14T16:07:29.593+0000] {dagbag.py:545} INFO - Filling up the DagBag from /home/airflow/.local/lib/python3.12/site-packages/airflow/example_dags/example_sensors.py
[2026-02-14T16:07:29.599+0000] {processor.py:840} INFO - DAG(s) 'example_sensors' retrieved from /home/airflow/.local/lib/python3.12/site-packages/airflow/example_dags/example_sensors.py
[2026-02-14T16:07:29.610+0000] {logging_mixin.py:188} INFO - [2026-02-14T16:07:29.610+0000] {dag.py:3089} INFO - Sync 1 DAGs
[2026-02-14T16:07:29.616+0000] {logging_mixin.py:188} INFO - [2026-02-14T16:07:29.616+0000] {dag.py:3947} INFO - Setting next_dagrun for example_sensors to None, run_after=None
[2026-02-14T16:07:29.626+0000] {processor.py:183} INFO - Processing /home/airflow/.local/lib/python3.12/site-packages/airflow/example_dags/example_sensors.py took 0.037 seconds
[2026-02-14T16:08:00.352+0000] {processor.py:161} INFO - Started process (PID=2540) to work on /home/airflow/.local/lib/python3.12/site-packages/airflow/example_dags/example_sensors.py
[2026-02-14T16:08:00.353+0000] {processor.py:830} INFO - Processing file /home/airflow/.local/lib/python3.12/site-packages/airflow/example_dags/example_sensors.py for tasks to queue
[2026-02-14T16:08:00.354+0000] {logging_mixin.py:188} INFO - [2026-02-14T16:08:00.354+0000] {dagbag.py:545} INFO - Filling up the DagBag from /home/airflow/.local/lib/python3.12/site-packages/airflow/example_dags/example_sensors.py
[2026-02-14T16:08:00.358+0000] {processor.py:840} INFO - DAG(s) 'example_sensors' retrieved from /home/airflow/.local/lib/python3.12/site-packages/airflow/example_dags/example_sensors.py
[2026-02-14T16:08:00.370+0000] {logging_mixin.py:188} INFO - [2026-02-14T16:08:00.370+0000] {dag.py:3089} INFO - Sync 1 DAGs
[2026-02-14T16:08:00.376+0000] {logging_mixin.py:188} INFO - [2026-02-14T16:08:00.376+0000] {dag.py:3947} INFO - Setting next_dagrun for example_sensors to None, run_after=None
[2026-02-14T16:08:00.385+0000] {processor.py:183} INFO - Processing /home/airflow/.local/lib/python3.12/site-packages/airflow/example_dags/example_sensors.py took 0.035 seconds
[2026-02-14T16:08:30.847+0000] {processor.py:161} INFO - Started process (PID=2599) to work on /home/airflow/.local/lib/python3.12/site-packages/airflow/example_dags/example_sensors.py
[2026-02-14T16:08:30.847+0000] {processor.py:830} INFO - Processing file /home/airflow/.local/lib/python3.12/site-packages/airflow/example_dags/example_sensors.py for tasks to queue
[2026-02-14T16:08:30.848+0000] {logging_mixin.py:188} INFO - [2026-02-14T16:08:30.848+0000] {dagbag.py:545} INFO - Filling up the DagBag from /home/airflow/.local/lib/python3.12/site-packages/airflow/example_dags/example_sensors.py
[2026-02-14T16:08:30.852+0000] {processor.py:840} INFO - DAG(s) 'example_sensors' retrieved from /home/airflow/.local/lib/python3.12/site-packages/airflow/example_dags/example_sensors.py
[2026-02-14T16:08:30.864+0000] {logging_mixin.py:188} INFO - [2026-02-14T16:08:30.864+0000] {dag.py:3089} INFO - Sync 1 DAGs
[2026-02-14T16:08:30.869+0000] {logging_mixin.py:188} INFO - [2026-02-14T16:08:30.868+0000] {dag.py:3947} INFO - Setting next_dagrun for example_sensors to None, run_after=None
[2026-02-14T16:08:30.877+0000] {processor.py:183} INFO - Processing /home/airflow/.local/lib/python3.12/site-packages/airflow/example_dags/example_sensors.py took 0.032 seconds
[2026-02-14T16:09:01.275+0000] {processor.py:161} INFO - Started process (PID=2658) to work on /home/airflow/.local/lib/python3.12/site-packages/airflow/example_dags/example_sensors.py
[2026-02-14T16:09:01.276+0000] {processor.py:830} INFO - Processing file /home/airflow/.local/lib/python3.12/site-packages/airflow/example_dags/example_sensors.py for tasks to queue
[2026-02-14T16:09:01.276+0000] {logging_mixin.py:188} INFO - [2026-02-14T16:09:01.276+0000] {dagbag.py:545} INFO - Filling up the DagBag from /home/airflow/.local/lib/python3.12/site-packages/airflow/example_dags/example_sensors.py
[2026-02-14T16:09:01.280+0000] {processor.py:840} INFO - DAG(s) 'example_sensors' retrieved from /home/airflow/.local/lib/python3.12/site-packages/airflow/example_dags/example_sensors.py
[2026-02-14T16:09:01.291+0000] {logging_mixin.py:188} INFO - [2026-02-14T16:09:01.290+0000] {dag.py:3089} INFO - Sync 1 DAGs
[2026-02-14T16:09:01.295+0000] {logging_mixin.py:188} INFO - [2026-02-14T16:09:01.295+0000] {dag.py:3947} INFO - Setting next_dagrun for example_sensors to None, run_after=None
[2026-02-14T16:09:01.302+0000] {processor.py:183} INFO - Processing /home/airflow/.local/lib/python3.12/site-packages/airflow/example_dags/example_sensors.py took 0.030 seconds
[2026-02-14T16:09:31.742+0000] {processor.py:161} INFO - Started process (PID=2717) to work on /home/airflow/.local/lib/python3.12/site-packages/airflow/example_dags/example_sensors.py
[2026-02-14T16:09:31.743+0000] {processor.py:830} INFO - Processing file /home/airflow/.local/lib/python3.12/site-packages/airflow/example_dags/example_sensors.py for tasks to queue
[2026-02-14T16:09:31.744+0000] {logging_mixin.py:188} INFO - [2026-02-14T16:09:31.743+0000] {dagbag.py:545} INFO - Filling up the DagBag from /home/airflow/.local/lib/python3.12/site-packages/airflow/example_dags/example_sensors.py
[2026-02-14T16:09:31.748+0000] {processor.py:840} INFO - DAG(s) 'example_sensors' retrieved from /home/airflow/.local/lib/python3.12/site-packages/airflow/example_dags/example_sensors.py
[2026-02-14T16:09:31.758+0000] {logging_mixin.py:188} INFO - [2026-02-14T16:09:31.758+0000] {dag.py:3089} INFO - Sync 1 DAGs
[2026-02-14T16:09:31.764+0000] {logging_mixin.py:188} INFO - [2026-02-14T16:09:31.763+0000] {dag.py:3947} INFO - Setting next_dagrun for example_sensors to None, run_after=None
[2026-02-14T16:09:31.770+0000] {processor.py:183} INFO - Processing /home/airflow/.local/lib/python3.12/site-packages/airflow/example_dags/example_sensors.py took 0.031 seconds
[2026-02-14T16:10:02.005+0000] {processor.py:161} INFO - Started process (PID=2776) to work on /home/airflow/.local/lib/python3.12/site-packages/airflow/example_dags/example_sensors.py
[2026-02-14T16:10:02.006+0000] {processor.py:830} INFO - Processing file /home/airflow/.local/lib/python3.12/site-packages/airflow/example_dags/example_sensors.py for tasks to queue
[2026-02-14T16:10:02.008+0000] {logging_mixin.py:188} INFO - [2026-02-14T16:10:02.008+0000] {dagbag.py:545} INFO - Filling up the DagBag from /home/airflow/.local/lib/python3.12/site-packages/airflow/example_dags/example_sensors.py
[2026-02-14T16:10:02.012+0000] {processor.py:840} INFO - DAG(s) 'example_sensors' retrieved from /home/airflow/.local/lib/python3.12/site-packages/airflow/example_dags/example_sensors.py
[2026-02-14T16:10:02.022+0000] {logging_mixin.py:188} INFO - [2026-02-14T16:10:02.022+0000] {dag.py:3089} INFO - Sync 1 DAGs
[2026-02-14T16:10:02.027+0000] {logging_mixin.py:188} INFO - [2026-02-14T16:10:02.027+0000] {dag.py:3947} INFO - Setting next_dagrun for example_sensors to None, run_after=None
[2026-02-14T16:10:02.037+0000] {processor.py:183} INFO - Processing /home/airflow/.local/lib/python3.12/site-packages/airflow/example_dags/example_sensors.py took 0.033 seconds
[2026-02-14T16:10:32.477+0000] {processor.py:161} INFO - Started process (PID=2834) to work on /home/airflow/.local/lib/python3.12/site-packages/airflow/example_dags/example_sensors.py
[2026-02-14T16:10:32.478+0000] {processor.py:830} INFO - Processing file /home/airflow/.local/lib/python3.12/site-packages/airflow/example_dags/example_sensors.py for tasks to queue
[2026-02-14T16:10:32.479+0000] {logging_mixin.py:188} INFO - [2026-02-14T16:10:32.479+0000] {dagbag.py:545} INFO - Filling up the DagBag from /home/airflow/.local/lib/python3.12/site-packages/airflow/example_dags/example_sensors.py
[2026-02-14T16:10:32.483+0000] {processor.py:840} INFO - DAG(s) 'example_sensors' retrieved from /home/airflow/.local/lib/python3.12/site-packages/airflow/example_dags/example_sensors.py
[2026-02-14T16:10:32.496+0000] {logging_mixin.py:188} INFO - [2026-02-14T16:10:32.496+0000] {dag.py:3089} INFO - Sync 1 DAGs
[2026-02-14T16:10:32.503+0000] {logging_mixin.py:188} INFO - [2026-02-14T16:10:32.503+0000] {dag.py:3947} INFO - Setting next_dagrun for example_sensors to None, run_after=None
[2026-02-14T16:10:32.510+0000] {processor.py:183} INFO - Processing /home/airflow/.local/lib/python3.12/site-packages/airflow/example_dags/example_sensors.py took 0.036 seconds
[2026-02-14T16:11:03.258+0000] {processor.py:161} INFO - Started process (PID=2893) to work on /home/airflow/.local/lib/python3.12/site-packages/airflow/example_dags/example_sensors.py
[2026-02-14T16:11:03.259+0000] {processor.py:830} INFO - Processing file /home/airflow/.local/lib/python3.12/site-packages/airflow/example_dags/example_sensors.py for tasks to queue
[2026-02-14T16:11:03.261+0000] {logging_mixin.py:188} INFO - [2026-02-14T16:11:03.261+0000] {dagbag.py:545} INFO - Filling up the DagBag from /home/airflow/.local/lib/python3.12/site-packages/airflow/example_dags/example_sensors.py
[2026-02-14T16:11:03.268+0000] {processor.py:840} INFO - DAG(s) 'example_sensors' retrieved from /home/airflow/.local/lib/python3.12/site-packages/airflow/example_dags/example_sensors.py
[2026-02-14T16:11:03.288+0000] {logging_mixin.py:188} INFO - [2026-02-14T16:11:03.288+0000] {dag.py:3089} INFO - Sync 1 DAGs
[2026-02-14T16:11:03.295+0000] {logging_mixin.py:188} INFO - [2026-02-14T16:11:03.295+0000] {dag.py:3947} INFO - Setting next_dagrun for example_sensors to None, run_after=None
[2026-02-14T16:11:03.305+0000] {processor.py:183} INFO - Processing /home/airflow/.local/lib/python3.12/site-packages/airflow/example_dags/example_sensors.py took 0.052 seconds
[2026-02-14T16:11:33.462+0000] {processor.py:161} INFO - Started process (PID=2952) to work on /home/airflow/.local/lib/python3.12/site-packages/airflow/example_dags/example_sensors.py
[2026-02-14T16:11:33.467+0000] {processor.py:830} INFO - Processing file /home/airflow/.local/lib/python3.12/site-packages/airflow/example_dags/example_sensors.py for tasks to queue
[2026-02-14T16:11:33.468+0000] {logging_mixin.py:188} INFO - [2026-02-14T16:11:33.468+0000] {dagbag.py:545} INFO - Filling up the DagBag from /home/airflow/.local/lib/python3.12/site-packages/airflow/example_dags/example_sensors.py
[2026-02-14T16:11:33.473+0000] {processor.py:840} INFO - DAG(s) 'example_sensors' retrieved from /home/airflow/.local/lib/python3.12/site-packages/airflow/example_dags/example_sensors.py
[2026-02-14T16:11:33.492+0000] {logging_mixin.py:188} INFO - [2026-02-14T16:11:33.492+0000] {dag.py:3089} INFO - Sync 1 DAGs
[2026-02-14T16:11:33.514+0000] {logging_mixin.py:188} INFO - [2026-02-14T16:11:33.514+0000] {dag.py:3947} INFO - Setting next_dagrun for example_sensors to None, run_after=None
[2026-02-14T16:11:33.541+0000] {processor.py:183} INFO - Processing /home/airflow/.local/lib/python3.12/site-packages/airflow/example_dags/example_sensors.py took 0.084 seconds
[2026-02-14T16:12:03.767+0000] {processor.py:161} INFO - Started process (PID=3011) to work on /home/airflow/.local/lib/python3.12/site-packages/airflow/example_dags/example_sensors.py
[2026-02-14T16:12:03.768+0000] {processor.py:830} INFO - Processing file /home/airflow/.local/lib/python3.12/site-packages/airflow/example_dags/example_sensors.py for tasks to queue
[2026-02-14T16:12:03.768+0000] {logging_mixin.py:188} INFO - [2026-02-14T16:12:03.768+0000] {dagbag.py:545} INFO - Filling up the DagBag from /home/airflow/.local/lib/python3.12/site-packages/airflow/example_dags/example_sensors.py
[2026-02-14T16:12:03.772+0000] {processor.py:840} INFO - DAG(s) 'example_sensors' retrieved from /home/airflow/.local/lib/python3.12/site-packages/airflow/example_dags/example_sensors.py
[2026-02-14T16:12:03.780+0000] {logging_mixin.py:188} INFO - [2026-02-14T16:12:03.780+0000] {dag.py:3089} INFO - Sync 1 DAGs
[2026-02-14T16:12:03.785+0000] {logging_mixin.py:188} INFO - [2026-02-14T16:12:03.785+0000] {dag.py:3947} INFO - Setting next_dagrun for example_sensors to None, run_after=None
[2026-02-14T16:12:03.790+0000] {processor.py:183} INFO - Processing /home/airflow/.local/lib/python3.12/site-packages/airflow/example_dags/example_sensors.py took 0.026 seconds
[2026-02-14T16:12:34.245+0000] {processor.py:161} INFO - Started process (PID=3070) to work on /home/airflow/.local/lib/python3.12/site-packages/airflow/example_dags/example_sensors.py
[2026-02-14T16:12:34.246+0000] {processor.py:830} INFO - Processing file /home/airflow/.local/lib/python3.12/site-packages/airflow/example_dags/example_sensors.py for tasks to queue
[2026-02-14T16:12:34.248+0000] {logging_mixin.py:188} INFO - [2026-02-14T16:12:34.247+0000] {dagbag.py:545} INFO - Filling up the DagBag from /home/airflow/.local/lib/python3.12/site-packages/airflow/example_dags/example_sensors.py
[2026-02-14T16:12:34.253+0000] {processor.py:840} INFO - DAG(s) 'example_sensors' retrieved from /home/airflow/.local/lib/python3.12/site-packages/airflow/example_dags/example_sensors.py
[2026-02-14T16:12:34.269+0000] {logging_mixin.py:188} INFO - [2026-02-14T16:12:34.269+0000] {dag.py:3089} INFO - Sync 1 DAGs
[2026-02-14T16:12:34.274+0000] {logging_mixin.py:188} INFO - [2026-02-14T16:12:34.274+0000] {dag.py:3947} INFO - Setting next_dagrun for example_sensors to None, run_after=None
[2026-02-14T16:12:34.281+0000] {processor.py:183} INFO - Processing /home/airflow/.local/lib/python3.12/site-packages/airflow/example_dags/example_sensors.py took 0.040 seconds
[2026-02-14T16:13:04.674+0000] {processor.py:161} INFO - Started process (PID=3129) to work on /home/airflow/.local/lib/python3.12/site-packages/airflow/example_dags/example_sensors.py
[2026-02-14T16:13:04.675+0000] {processor.py:830} INFO - Processing file /home/airflow/.local/lib/python3.12/site-packages/airflow/example_dags/example_sensors.py for tasks to queue
[2026-02-14T16:13:04.675+0000] {logging_mixin.py:188} INFO - [2026-02-14T16:13:04.675+0000] {dagbag.py:545} INFO - Filling up the DagBag from /home/airflow/.local/lib/python3.12/site-packages/airflow/example_dags/example_sensors.py
[2026-02-14T16:13:04.679+0000] {processor.py:840} INFO - DAG(s) 'example_sensors' retrieved from /home/airflow/.local/lib/python3.12/site-packages/airflow/example_dags/example_sensors.py
[2026-02-14T16:13:04.689+0000] {logging_mixin.py:188} INFO - [2026-02-14T16:13:04.689+0000] {dag.py:3089} INFO - Sync 1 DAGs
[2026-02-14T16:13:04.694+0000] {logging_mixin.py:188} INFO - [2026-02-14T16:13:04.694+0000] {dag.py:3947} INFO - Setting next_dagrun for example_sensors to None, run_after=None
[2026-02-14T16:13:04.702+0000] {processor.py:183} INFO - Processing /home/airflow/.local/lib/python3.12/site-packages/airflow/example_dags/example_sensors.py took 0.031 seconds
[2026-02-14T16:13:34.955+0000] {processor.py:161} INFO - Started process (PID=3188) to work on /home/airflow/.local/lib/python3.12/site-packages/airflow/example_dags/example_sensors.py
[2026-02-14T16:13:34.955+0000] {processor.py:830} INFO - Processing file /home/airflow/.local/lib/python3.12/site-packages/airflow/example_dags/example_sensors.py for tasks to queue
[2026-02-14T16:13:34.956+0000] {logging_mixin.py:188} INFO - [2026-02-14T16:13:34.956+0000] {dagbag.py:545} INFO - Filling up the DagBag from /home/airflow/.local/lib/python3.12/site-packages/airflow/example_dags/example_sensors.py
[2026-02-14T16:13:34.960+0000] {processor.py:840} INFO - DAG(s) 'example_sensors' retrieved from /home/airflow/.local/lib/python3.12/site-packages/airflow/example_dags/example_sensors.py
[2026-02-14T16:13:34.969+0000] {logging_mixin.py:188} INFO - [2026-02-14T16:13:34.969+0000] {dag.py:3089} INFO - Sync 1 DAGs
[2026-02-14T16:13:34.973+0000] {logging_mixin.py:188} INFO - [2026-02-14T16:13:34.973+0000] {dag.py:3947} INFO - Setting next_dagrun for example_sensors to None, run_after=None
[2026-02-14T16:13:34.979+0000] {processor.py:183} INFO - Processing /home/airflow/.local/lib/python3.12/site-packages/airflow/example_dags/example_sensors.py took 0.026 seconds
[2026-02-14T16:14:05.617+0000] {processor.py:161} INFO - Started process (PID=3247) to work on /home/airflow/.local/lib/python3.12/site-packages/airflow/example_dags/example_sensors.py
[2026-02-14T16:14:05.618+0000] {processor.py:830} INFO - Processing file /home/airflow/.local/lib/python3.12/site-packages/airflow/example_dags/example_sensors.py for tasks to queue
[2026-02-14T16:14:05.620+0000] {logging_mixin.py:188} INFO - [2026-02-14T16:14:05.619+0000] {dagbag.py:545} INFO - Filling up the DagBag from /home/airflow/.local/lib/python3.12/site-packages/airflow/example_dags/example_sensors.py
[2026-02-14T16:14:05.625+0000] {processor.py:840} INFO - DAG(s) 'example_sensors' retrieved from /home/airflow/.local/lib/python3.12/site-packages/airflow/example_dags/example_sensors.py
[2026-02-14T16:14:05.642+0000] {logging_mixin.py:188} INFO - [2026-02-14T16:14:05.642+0000] {dag.py:3089} INFO - Sync 1 DAGs
[2026-02-14T16:14:05.650+0000] {logging_mixin.py:188} INFO - [2026-02-14T16:14:05.650+0000] {dag.py:3947} INFO - Setting next_dagrun for example_sensors to None, run_after=None
[2026-02-14T16:14:05.661+0000] {processor.py:183} INFO - Processing /home/airflow/.local/lib/python3.12/site-packages/airflow/example_dags/example_sensors.py took 0.048 seconds
[2026-02-14T16:14:35.832+0000] {processor.py:161} INFO - Started process (PID=3306) to work on /home/airflow/.local/lib/python3.12/site-packages/airflow/example_dags/example_sensors.py
[2026-02-14T16:14:35.833+0000] {processor.py:830} INFO - Processing file /home/airflow/.local/lib/python3.12/site-packages/airflow/example_dags/example_sensors.py for tasks to queue
[2026-02-14T16:14:35.834+0000] {logging_mixin.py:188} INFO - [2026-02-14T16:14:35.834+0000] {dagbag.py:545} INFO - Filling up the DagBag from /home/airflow/.local/lib/python3.12/site-packages/airflow/example_dags/example_sensors.py
[2026-02-14T16:14:35.839+0000] {processor.py:840} INFO - DAG(s) 'example_sensors' retrieved from /home/airflow/.local/lib/python3.12/site-packages/airflow/example_dags/example_sensors.py
[2026-02-14T16:14:35.854+0000] {logging_mixin.py:188} INFO - [2026-02-14T16:14:35.854+0000] {dag.py:3089} INFO - Sync 1 DAGs
[2026-02-14T16:14:35.861+0000] {logging_mixin.py:188} INFO - [2026-02-14T16:14:35.861+0000] {dag.py:3947} INFO - Setting next_dagrun for example_sensors to None, run_after=None
[2026-02-14T16:14:35.871+0000] {processor.py:183} INFO - Processing /home/airflow/.local/lib/python3.12/site-packages/airflow/example_dags/example_sensors.py took 0.043 seconds
[2026-02-14T16:15:05.896+0000] {processor.py:161} INFO - Started process (PID=3365) to work on /home/airflow/.local/lib/python3.12/site-packages/airflow/example_dags/example_sensors.py
[2026-02-14T16:15:05.896+0000] {processor.py:830} INFO - Processing file /home/airflow/.local/lib/python3.12/site-packages/airflow/example_dags/example_sensors.py for tasks to queue
[2026-02-14T16:15:05.897+0000] {logging_mixin.py:188} INFO - [2026-02-14T16:15:05.897+0000] {dagbag.py:545} INFO - Filling up the DagBag from /home/airflow/.local/lib/python3.12/site-packages/airflow/example_dags/example_sensors.py
[2026-02-14T16:15:05.902+0000] {processor.py:840} INFO - DAG(s) 'example_sensors' retrieved from /home/airflow/.local/lib/python3.12/site-packages/airflow/example_dags/example_sensors.py
[2026-02-14T16:15:05.913+0000] {logging_mixin.py:188} INFO - [2026-02-14T16:15:05.913+0000] {dag.py:3089} INFO - Sync 1 DAGs
[2026-02-14T16:15:05.920+0000] {logging_mixin.py:188} INFO - [2026-02-14T16:15:05.919+0000] {dag.py:3947} INFO - Setting next_dagrun for example_sensors to None, run_after=None
[2026-02-14T16:15:05.927+0000] {processor.py:183} INFO - Processing /home/airflow/.local/lib/python3.12/site-packages/airflow/example_dags/example_sensors.py took 0.034 seconds
[2026-02-14T16:15:36.452+0000] {processor.py:161} INFO - Started process (PID=3424) to work on /home/airflow/.local/lib/python3.12/site-packages/airflow/example_dags/example_sensors.py
[2026-02-14T16:15:36.453+0000] {processor.py:830} INFO - Processing file /home/airflow/.local/lib/python3.12/site-packages/airflow/example_dags/example_sensors.py for tasks to queue
[2026-02-14T16:15:36.454+0000] {logging_mixin.py:188} INFO - [2026-02-14T16:15:36.454+0000] {dagbag.py:545} INFO - Filling up the DagBag from /home/airflow/.local/lib/python3.12/site-packages/airflow/example_dags/example_sensors.py
[2026-02-14T16:15:36.459+0000] {processor.py:840} INFO - DAG(s) 'example_sensors' retrieved from /home/airflow/.local/lib/python3.12/site-packages/airflow/example_dags/example_sensors.py
[2026-02-14T16:15:36.472+0000] {logging_mixin.py:188} INFO - [2026-02-14T16:15:36.472+0000] {dag.py:3089} INFO - Sync 1 DAGs
[2026-02-14T16:15:36.483+0000] {logging_mixin.py:188} INFO - [2026-02-14T16:15:36.483+0000] {dag.py:3947} INFO - Setting next_dagrun for example_sensors to None, run_after=None
[2026-02-14T16:15:36.498+0000] {processor.py:183} INFO - Processing /home/airflow/.local/lib/python3.12/site-packages/airflow/example_dags/example_sensors.py took 0.048 seconds
[2026-02-14T16:16:06.603+0000] {processor.py:161} INFO - Started process (PID=3483) to work on /home/airflow/.local/lib/python3.12/site-packages/airflow/example_dags/example_sensors.py
[2026-02-14T16:16:06.604+0000] {processor.py:830} INFO - Processing file /home/airflow/.local/lib/python3.12/site-packages/airflow/example_dags/example_sensors.py for tasks to queue
[2026-02-14T16:16:06.604+0000] {logging_mixin.py:188} INFO - [2026-02-14T16:16:06.604+0000] {dagbag.py:545} INFO - Filling up the DagBag from /home/airflow/.local/lib/python3.12/site-packages/airflow/example_dags/example_sensors.py
[2026-02-14T16:16:06.608+0000] {processor.py:840} INFO - DAG(s) 'example_sensors' retrieved from /home/airflow/.local/lib/python3.12/site-packages/airflow/example_dags/example_sensors.py
[2026-02-14T16:16:06.620+0000] {logging_mixin.py:188} INFO - [2026-02-14T16:16:06.619+0000] {dag.py:3089} INFO - Sync 1 DAGs
[2026-02-14T16:16:06.624+0000] {logging_mixin.py:188} INFO - [2026-02-14T16:16:06.624+0000] {dag.py:3947} INFO - Setting next_dagrun for example_sensors to None, run_after=None
[2026-02-14T16:16:06.631+0000] {processor.py:183} INFO - Processing /home/airflow/.local/lib/python3.12/site-packages/airflow/example_dags/example_sensors.py took 0.030 seconds
[2026-02-14T16:16:37.167+0000] {processor.py:161} INFO - Started process (PID=3542) to work on /home/airflow/.local/lib/python3.12/site-packages/airflow/example_dags/example_sensors.py
[2026-02-14T16:16:37.168+0000] {processor.py:830} INFO - Processing file /home/airflow/.local/lib/python3.12/site-packages/airflow/example_dags/example_sensors.py for tasks to queue
[2026-02-14T16:16:37.169+0000] {logging_mixin.py:188} INFO - [2026-02-14T16:16:37.169+0000] {dagbag.py:545} INFO - Filling up the DagBag from /home/airflow/.local/lib/python3.12/site-packages/airflow/example_dags/example_sensors.py
[2026-02-14T16:16:37.174+0000] {processor.py:840} INFO - DAG(s) 'example_sensors' retrieved from /home/airflow/.local/lib/python3.12/site-packages/airflow/example_dags/example_sensors.py
[2026-02-14T16:16:37.184+0000] {logging_mixin.py:188} INFO - [2026-02-14T16:16:37.184+0000] {dag.py:3089} INFO - Sync 1 DAGs
[2026-02-14T16:16:37.188+0000] {logging_mixin.py:188} INFO - [2026-02-14T16:16:37.188+0000] {dag.py:3947} INFO - Setting next_dagrun for example_sensors to None, run_after=None
[2026-02-14T16:16:37.196+0000] {processor.py:183} INFO - Processing /home/airflow/.local/lib/python3.12/site-packages/airflow/example_dags/example_sensors.py took 0.032 seconds
[2026-02-14T16:17:07.725+0000] {processor.py:161} INFO - Started process (PID=3601) to work on /home/airflow/.local/lib/python3.12/site-packages/airflow/example_dags/example_sensors.py
[2026-02-14T16:17:07.726+0000] {processor.py:830} INFO - Processing file /home/airflow/.local/lib/python3.12/site-packages/airflow/example_dags/example_sensors.py for tasks to queue
[2026-02-14T16:17:07.727+0000] {logging_mixin.py:188} INFO - [2026-02-14T16:17:07.727+0000] {dagbag.py:545} INFO - Filling up the DagBag from /home/airflow/.local/lib/python3.12/site-packages/airflow/example_dags/example_sensors.py
[2026-02-14T16:17:07.731+0000] {processor.py:840} INFO - DAG(s) 'example_sensors' retrieved from /home/airflow/.local/lib/python3.12/site-packages/airflow/example_dags/example_sensors.py
[2026-02-14T16:17:07.742+0000] {logging_mixin.py:188} INFO - [2026-02-14T16:17:07.742+0000] {dag.py:3089} INFO - Sync 1 DAGs
[2026-02-14T16:17:07.748+0000] {logging_mixin.py:188} INFO - [2026-02-14T16:17:07.748+0000] {dag.py:3947} INFO - Setting next_dagrun for example_sensors to None, run_after=None
[2026-02-14T16:17:07.759+0000] {processor.py:183} INFO - Processing /home/airflow/.local/lib/python3.12/site-packages/airflow/example_dags/example_sensors.py took 0.036 seconds
[2026-02-14T16:17:38.348+0000] {processor.py:161} INFO - Started process (PID=3660) to work on /home/airflow/.local/lib/python3.12/site-packages/airflow/example_dags/example_sensors.py
[2026-02-14T16:17:38.349+0000] {processor.py:830} INFO - Processing file /home/airflow/.local/lib/python3.12/site-packages/airflow/example_dags/example_sensors.py for tasks to queue
[2026-02-14T16:17:38.350+0000] {logging_mixin.py:188} INFO - [2026-02-14T16:17:38.350+0000] {dagbag.py:545} INFO - Filling up the DagBag from /home/airflow/.local/lib/python3.12/site-packages/airflow/example_dags/example_sensors.py
[2026-02-14T16:17:38.355+0000] {processor.py:840} INFO - DAG(s) 'example_sensors' retrieved from /home/airflow/.local/lib/python3.12/site-packages/airflow/example_dags/example_sensors.py
[2026-02-14T16:17:38.367+0000] {logging_mixin.py:188} INFO - [2026-02-14T16:17:38.367+0000] {dag.py:3089} INFO - Sync 1 DAGs
[2026-02-14T16:17:38.373+0000] {logging_mixin.py:188} INFO - [2026-02-14T16:17:38.373+0000] {dag.py:3947} INFO - Setting next_dagrun for example_sensors to None, run_after=None
[2026-02-14T16:17:38.379+0000] {processor.py:183} INFO - Processing /home/airflow/.local/lib/python3.12/site-packages/airflow/example_dags/example_sensors.py took 0.034 seconds
[2026-02-14T16:18:08.957+0000] {processor.py:161} INFO - Started process (PID=3719) to work on /home/airflow/.local/lib/python3.12/site-packages/airflow/example_dags/example_sensors.py
[2026-02-14T16:18:08.957+0000] {processor.py:830} INFO - Processing file /home/airflow/.local/lib/python3.12/site-packages/airflow/example_dags/example_sensors.py for tasks to queue
[2026-02-14T16:18:08.958+0000] {logging_mixin.py:188} INFO - [2026-02-14T16:18:08.958+0000] {dagbag.py:545} INFO - Filling up the DagBag from /home/airflow/.local/lib/python3.12/site-packages/airflow/example_dags/example_sensors.py
[2026-02-14T16:18:08.961+0000] {processor.py:840} INFO - DAG(s) 'example_sensors' retrieved from /home/airflow/.local/lib/python3.12/site-packages/airflow/example_dags/example_sensors.py
[2026-02-14T16:18:08.971+0000] {logging_mixin.py:188} INFO - [2026-02-14T16:18:08.971+0000] {dag.py:3089} INFO - Sync 1 DAGs
[2026-02-14T16:18:08.975+0000] {logging_mixin.py:188} INFO - [2026-02-14T16:18:08.975+0000] {dag.py:3947} INFO - Setting next_dagrun for example_sensors to None, run_after=None
[2026-02-14T16:18:08.982+0000] {processor.py:183} INFO - Processing /home/airflow/.local/lib/python3.12/site-packages/airflow/example_dags/example_sensors.py took 0.027 seconds
[2026-02-14T16:18:39.704+0000] {processor.py:161} INFO - Started process (PID=3778) to work on /home/airflow/.local/lib/python3.12/site-packages/airflow/example_dags/example_sensors.py
[2026-02-14T16:18:39.705+0000] {processor.py:830} INFO - Processing file /home/airflow/.local/lib/python3.12/site-packages/airflow/example_dags/example_sensors.py for tasks to queue
[2026-02-14T16:18:39.706+0000] {logging_mixin.py:188} INFO - [2026-02-14T16:18:39.706+0000] {dagbag.py:545} INFO - Filling up the DagBag from /home/airflow/.local/lib/python3.12/site-packages/airflow/example_dags/example_sensors.py
[2026-02-14T16:18:39.711+0000] {processor.py:840} INFO - DAG(s) 'example_sensors' retrieved from /home/airflow/.local/lib/python3.12/site-packages/airflow/example_dags/example_sensors.py
[2026-02-14T16:18:39.726+0000] {logging_mixin.py:188} INFO - [2026-02-14T16:18:39.726+0000] {dag.py:3089} INFO - Sync 1 DAGs
[2026-02-14T16:18:39.733+0000] {logging_mixin.py:188} INFO - [2026-02-14T16:18:39.733+0000] {dag.py:3947} INFO - Setting next_dagrun for example_sensors to None, run_after=None
[2026-02-14T16:18:39.744+0000] {processor.py:183} INFO - Processing /home/airflow/.local/lib/python3.12/site-packages/airflow/example_dags/example_sensors.py took 0.043 seconds
[2026-02-14T16:19:09.812+0000] {processor.py:161} INFO - Started process (PID=3837) to work on /home/airflow/.local/lib/python3.12/site-packages/airflow/example_dags/example_sensors.py
[2026-02-14T16:19:09.813+0000] {processor.py:830} INFO - Processing file /home/airflow/.local/lib/python3.12/site-packages/airflow/example_dags/example_sensors.py for tasks to queue
[2026-02-14T16:19:09.814+0000] {logging_mixin.py:188} INFO - [2026-02-14T16:19:09.813+0000] {dagbag.py:545} INFO - Filling up the DagBag from /home/airflow/.local/lib/python3.12/site-packages/airflow/example_dags/example_sensors.py
[2026-02-14T16:19:09.818+0000] {processor.py:840} INFO - DAG(s) 'example_sensors' retrieved from /home/airflow/.local/lib/python3.12/site-packages/airflow/example_dags/example_sensors.py
[2026-02-14T16:19:09.829+0000] {logging_mixin.py:188} INFO - [2026-02-14T16:19:09.829+0000] {dag.py:3089} INFO - Sync 1 DAGs
[2026-02-14T16:19:09.834+0000] {logging_mixin.py:188} INFO - [2026-02-14T16:19:09.834+0000] {dag.py:3947} INFO - Setting next_dagrun for example_sensors to None, run_after=None
[2026-02-14T16:19:09.841+0000] {processor.py:183} INFO - Processing /home/airflow/.local/lib/python3.12/site-packages/airflow/example_dags/example_sensors.py took 0.031 seconds
[2026-02-14T16:19:40.724+0000] {processor.py:161} INFO - Started process (PID=3896) to work on /home/airflow/.local/lib/python3.12/site-packages/airflow/example_dags/example_sensors.py
[2026-02-14T16:19:40.724+0000] {processor.py:830} INFO - Processing file /home/airflow/.local/lib/python3.12/site-packages/airflow/example_dags/example_sensors.py for tasks to queue
[2026-02-14T16:19:40.726+0000] {logging_mixin.py:188} INFO - [2026-02-14T16:19:40.725+0000] {dagbag.py:545} INFO - Filling up the DagBag from /home/airflow/.local/lib/python3.12/site-packages/airflow/example_dags/example_sensors.py
[2026-02-14T16:19:40.732+0000] {processor.py:840} INFO - DAG(s) 'example_sensors' retrieved from /home/airflow/.local/lib/python3.12/site-packages/airflow/example_dags/example_sensors.py
[2026-02-14T16:19:40.744+0000] {logging_mixin.py:188} INFO - [2026-02-14T16:19:40.744+0000] {dag.py:3089} INFO - Sync 1 DAGs
[2026-02-14T16:19:40.759+0000] {logging_mixin.py:188} INFO - [2026-02-14T16:19:40.759+0000] {dag.py:3947} INFO - Setting next_dagrun for example_sensors to None, run_after=None
[2026-02-14T16:19:40.769+0000] {processor.py:183} INFO - Processing /home/airflow/.local/lib/python3.12/site-packages/airflow/example_dags/example_sensors.py took 0.051 seconds
[2026-02-14T16:20:11.117+0000] {processor.py:161} INFO - Started process (PID=3955) to work on /home/airflow/.local/lib/python3.12/site-packages/airflow/example_dags/example_sensors.py
[2026-02-14T16:20:11.118+0000] {processor.py:830} INFO - Processing file /home/airflow/.local/lib/python3.12/site-packages/airflow/example_dags/example_sensors.py for tasks to queue
[2026-02-14T16:20:11.119+0000] {logging_mixin.py:188} INFO - [2026-02-14T16:20:11.119+0000] {dagbag.py:545} INFO - Filling up the DagBag from /home/airflow/.local/lib/python3.12/site-packages/airflow/example_dags/example_sensors.py
[2026-02-14T16:20:11.123+0000] {processor.py:840} INFO - DAG(s) 'example_sensors' retrieved from /home/airflow/.local/lib/python3.12/site-packages/airflow/example_dags/example_sensors.py
[2026-02-14T16:20:11.142+0000] {logging_mixin.py:188} INFO - [2026-02-14T16:20:11.142+0000] {dag.py:3089} INFO - Sync 1 DAGs
[2026-02-14T16:20:11.150+0000] {logging_mixin.py:188} INFO - [2026-02-14T16:20:11.150+0000] {dag.py:3947} INFO - Setting next_dagrun for example_sensors to None, run_after=None
[2026-02-14T16:20:11.169+0000] {processor.py:183} INFO - Processing /home/airflow/.local/lib/python3.12/site-packages/airflow/example_dags/example_sensors.py took 0.055 seconds
[2026-02-14T16:20:41.516+0000] {processor.py:161} INFO - Started process (PID=4014) to work on /home/airflow/.local/lib/python3.12/site-packages/airflow/example_dags/example_sensors.py
[2026-02-14T16:20:41.517+0000] {processor.py:830} INFO - Processing file /home/airflow/.local/lib/python3.12/site-packages/airflow/example_dags/example_sensors.py for tasks to queue
[2026-02-14T16:20:41.520+0000] {logging_mixin.py:188} INFO - [2026-02-14T16:20:41.519+0000] {dagbag.py:545} INFO - Filling up the DagBag from /home/airflow/.local/lib/python3.12/site-packages/airflow/example_dags/example_sensors.py
[2026-02-14T16:20:41.527+0000] {processor.py:840} INFO - DAG(s) 'example_sensors' retrieved from /home/airflow/.local/lib/python3.12/site-packages/airflow/example_dags/example_sensors.py
[2026-02-14T16:20:41.544+0000] {logging_mixin.py:188} INFO - [2026-02-14T16:20:41.544+0000] {dag.py:3089} INFO - Sync 1 DAGs
[2026-02-14T16:20:41.552+0000] {logging_mixin.py:188} INFO - [2026-02-14T16:20:41.552+0000] {dag.py:3947} INFO - Setting next_dagrun for example_sensors to None, run_after=None
[2026-02-14T16:20:41.569+0000] {processor.py:183} INFO - Processing /home/airflow/.local/lib/python3.12/site-packages/airflow/example_dags/example_sensors.py took 0.056 seconds
[2026-02-14T16:21:12.085+0000] {processor.py:161} INFO - Started process (PID=4073) to work on /home/airflow/.local/lib/python3.12/site-packages/airflow/example_dags/example_sensors.py
[2026-02-14T16:21:12.085+0000] {processor.py:830} INFO - Processing file /home/airflow/.local/lib/python3.12/site-packages/airflow/example_dags/example_sensors.py for tasks to queue
[2026-02-14T16:21:12.086+0000] {logging_mixin.py:188} INFO - [2026-02-14T16:21:12.086+0000] {dagbag.py:545} INFO - Filling up the DagBag from /home/airflow/.local/lib/python3.12/site-packages/airflow/example_dags/example_sensors.py
[2026-02-14T16:21:12.090+0000] {processor.py:840} INFO - DAG(s) 'example_sensors' retrieved from /home/airflow/.local/lib/python3.12/site-packages/airflow/example_dags/example_sensors.py
[2026-02-14T16:21:12.100+0000] {logging_mixin.py:188} INFO - [2026-02-14T16:21:12.100+0000] {dag.py:3089} INFO - Sync 1 DAGs
[2026-02-14T16:21:12.106+0000] {logging_mixin.py:188} INFO - [2026-02-14T16:21:12.106+0000] {dag.py:3947} INFO - Setting next_dagrun for example_sensors to None, run_after=None
[2026-02-14T16:21:12.117+0000] {processor.py:183} INFO - Processing /home/airflow/.local/lib/python3.12/site-packages/airflow/example_dags/example_sensors.py took 0.035 seconds
