[2026-02-14T15:46:37.061+0000] {processor.py:161} INFO - Started process (PID=45) to work on /home/airflow/.local/lib/python3.12/site-packages/airflow/example_dags/example_branch_labels.py
[2026-02-14T15:46:37.062+0000] {processor.py:830} INFO - Processing file /home/airflow/.local/lib/python3.12/site-packages/airflow/example_dags/example_branch_labels.py for tasks to queue
[2026-02-14T15:46:37.066+0000] {logging_mixin.py:188} INFO - [2026-02-14T15:46:37.065+0000] {dagbag.py:545} INFO - Filling up the DagBag from /home/airflow/.local/lib/python3.12/site-packages/airflow/example_dags/example_branch_labels.py
[2026-02-14T15:46:37.073+0000] {processor.py:840} INFO - DAG(s) 'example_branch_labels' retrieved from /home/airflow/.local/lib/python3.12/site-packages/airflow/example_dags/example_branch_labels.py
[2026-02-14T15:46:37.084+0000] {logging_mixin.py:188} INFO - [2026-02-14T15:46:37.084+0000] {dag.py:3089} INFO - Sync 1 DAGs
[2026-02-14T15:46:37.100+0000] {logging_mixin.py:188} INFO - [2026-02-14T15:46:37.100+0000] {dag.py:3947} INFO - Setting next_dagrun for example_branch_labels to 2026-02-13 00:00:00+00:00, run_after=2026-02-14 00:00:00+00:00
[2026-02-14T15:46:37.114+0000] {processor.py:183} INFO - Processing /home/airflow/.local/lib/python3.12/site-packages/airflow/example_dags/example_branch_labels.py took 0.060 seconds
[2026-02-14T15:47:07.266+0000] {processor.py:161} INFO - Started process (PID=104) to work on /home/airflow/.local/lib/python3.12/site-packages/airflow/example_dags/example_branch_labels.py
[2026-02-14T15:47:07.267+0000] {processor.py:830} INFO - Processing file /home/airflow/.local/lib/python3.12/site-packages/airflow/example_dags/example_branch_labels.py for tasks to queue
[2026-02-14T15:47:07.268+0000] {logging_mixin.py:188} INFO - [2026-02-14T15:47:07.267+0000] {dagbag.py:545} INFO - Filling up the DagBag from /home/airflow/.local/lib/python3.12/site-packages/airflow/example_dags/example_branch_labels.py
[2026-02-14T15:47:07.270+0000] {processor.py:840} INFO - DAG(s) 'example_branch_labels' retrieved from /home/airflow/.local/lib/python3.12/site-packages/airflow/example_dags/example_branch_labels.py
[2026-02-14T15:47:07.300+0000] {logging_mixin.py:188} INFO - [2026-02-14T15:47:07.300+0000] {dag.py:3089} INFO - Sync 1 DAGs
[2026-02-14T15:47:07.306+0000] {logging_mixin.py:188} INFO - [2026-02-14T15:47:07.306+0000] {dag.py:3947} INFO - Setting next_dagrun for example_branch_labels to 2026-02-13 00:00:00+00:00, run_after=2026-02-14 00:00:00+00:00
[2026-02-14T15:47:07.311+0000] {processor.py:183} INFO - Processing /home/airflow/.local/lib/python3.12/site-packages/airflow/example_dags/example_branch_labels.py took 0.048 seconds
[2026-02-14T15:47:37.425+0000] {processor.py:161} INFO - Started process (PID=163) to work on /home/airflow/.local/lib/python3.12/site-packages/airflow/example_dags/example_branch_labels.py
[2026-02-14T15:47:37.425+0000] {processor.py:830} INFO - Processing file /home/airflow/.local/lib/python3.12/site-packages/airflow/example_dags/example_branch_labels.py for tasks to queue
[2026-02-14T15:47:37.426+0000] {logging_mixin.py:188} INFO - [2026-02-14T15:47:37.426+0000] {dagbag.py:545} INFO - Filling up the DagBag from /home/airflow/.local/lib/python3.12/site-packages/airflow/example_dags/example_branch_labels.py
[2026-02-14T15:47:37.431+0000] {processor.py:840} INFO - DAG(s) 'example_branch_labels' retrieved from /home/airflow/.local/lib/python3.12/site-packages/airflow/example_dags/example_branch_labels.py
[2026-02-14T15:47:37.442+0000] {logging_mixin.py:188} INFO - [2026-02-14T15:47:37.442+0000] {dag.py:3089} INFO - Sync 1 DAGs
[2026-02-14T15:47:37.453+0000] {logging_mixin.py:188} INFO - [2026-02-14T15:47:37.452+0000] {dag.py:3947} INFO - Setting next_dagrun for example_branch_labels to 2026-02-13 00:00:00+00:00, run_after=2026-02-14 00:00:00+00:00
[2026-02-14T15:47:37.462+0000] {processor.py:183} INFO - Processing /home/airflow/.local/lib/python3.12/site-packages/airflow/example_dags/example_branch_labels.py took 0.040 seconds
[2026-02-14T15:48:08.047+0000] {processor.py:161} INFO - Started process (PID=222) to work on /home/airflow/.local/lib/python3.12/site-packages/airflow/example_dags/example_branch_labels.py
[2026-02-14T15:48:08.047+0000] {processor.py:830} INFO - Processing file /home/airflow/.local/lib/python3.12/site-packages/airflow/example_dags/example_branch_labels.py for tasks to queue
[2026-02-14T15:48:08.048+0000] {logging_mixin.py:188} INFO - [2026-02-14T15:48:08.048+0000] {dagbag.py:545} INFO - Filling up the DagBag from /home/airflow/.local/lib/python3.12/site-packages/airflow/example_dags/example_branch_labels.py
[2026-02-14T15:48:08.051+0000] {processor.py:840} INFO - DAG(s) 'example_branch_labels' retrieved from /home/airflow/.local/lib/python3.12/site-packages/airflow/example_dags/example_branch_labels.py
[2026-02-14T15:48:08.060+0000] {logging_mixin.py:188} INFO - [2026-02-14T15:48:08.060+0000] {dag.py:3089} INFO - Sync 1 DAGs
[2026-02-14T15:48:08.068+0000] {logging_mixin.py:188} INFO - [2026-02-14T15:48:08.068+0000] {dag.py:3947} INFO - Setting next_dagrun for example_branch_labels to 2026-02-13 00:00:00+00:00, run_after=2026-02-14 00:00:00+00:00
[2026-02-14T15:48:08.078+0000] {processor.py:183} INFO - Processing /home/airflow/.local/lib/python3.12/site-packages/airflow/example_dags/example_branch_labels.py took 0.035 seconds
[2026-02-14T15:48:38.649+0000] {processor.py:161} INFO - Started process (PID=281) to work on /home/airflow/.local/lib/python3.12/site-packages/airflow/example_dags/example_branch_labels.py
[2026-02-14T15:48:38.649+0000] {processor.py:830} INFO - Processing file /home/airflow/.local/lib/python3.12/site-packages/airflow/example_dags/example_branch_labels.py for tasks to queue
[2026-02-14T15:48:38.651+0000] {logging_mixin.py:188} INFO - [2026-02-14T15:48:38.650+0000] {dagbag.py:545} INFO - Filling up the DagBag from /home/airflow/.local/lib/python3.12/site-packages/airflow/example_dags/example_branch_labels.py
[2026-02-14T15:48:38.653+0000] {processor.py:840} INFO - DAG(s) 'example_branch_labels' retrieved from /home/airflow/.local/lib/python3.12/site-packages/airflow/example_dags/example_branch_labels.py
[2026-02-14T15:48:38.666+0000] {logging_mixin.py:188} INFO - [2026-02-14T15:48:38.666+0000] {dag.py:3089} INFO - Sync 1 DAGs
[2026-02-14T15:48:38.675+0000] {logging_mixin.py:188} INFO - [2026-02-14T15:48:38.675+0000] {dag.py:3947} INFO - Setting next_dagrun for example_branch_labels to 2026-02-13 00:00:00+00:00, run_after=2026-02-14 00:00:00+00:00
[2026-02-14T15:48:38.683+0000] {processor.py:183} INFO - Processing /home/airflow/.local/lib/python3.12/site-packages/airflow/example_dags/example_branch_labels.py took 0.036 seconds
[2026-02-14T15:49:09.314+0000] {processor.py:161} INFO - Started process (PID=346) to work on /home/airflow/.local/lib/python3.12/site-packages/airflow/example_dags/example_branch_labels.py
[2026-02-14T15:49:09.315+0000] {processor.py:830} INFO - Processing file /home/airflow/.local/lib/python3.12/site-packages/airflow/example_dags/example_branch_labels.py for tasks to queue
[2026-02-14T15:49:09.316+0000] {logging_mixin.py:188} INFO - [2026-02-14T15:49:09.316+0000] {dagbag.py:545} INFO - Filling up the DagBag from /home/airflow/.local/lib/python3.12/site-packages/airflow/example_dags/example_branch_labels.py
[2026-02-14T15:49:09.319+0000] {processor.py:840} INFO - DAG(s) 'example_branch_labels' retrieved from /home/airflow/.local/lib/python3.12/site-packages/airflow/example_dags/example_branch_labels.py
[2026-02-14T15:49:09.327+0000] {logging_mixin.py:188} INFO - [2026-02-14T15:49:09.327+0000] {dag.py:3089} INFO - Sync 1 DAGs
[2026-02-14T15:49:09.335+0000] {logging_mixin.py:188} INFO - [2026-02-14T15:49:09.335+0000] {dag.py:3947} INFO - Setting next_dagrun for example_branch_labels to 2026-02-13 00:00:00+00:00, run_after=2026-02-14 00:00:00+00:00
[2026-02-14T15:49:09.346+0000] {processor.py:183} INFO - Processing /home/airflow/.local/lib/python3.12/site-packages/airflow/example_dags/example_branch_labels.py took 0.034 seconds
[2026-02-14T15:49:39.719+0000] {processor.py:161} INFO - Started process (PID=405) to work on /home/airflow/.local/lib/python3.12/site-packages/airflow/example_dags/example_branch_labels.py
[2026-02-14T15:49:39.721+0000] {processor.py:830} INFO - Processing file /home/airflow/.local/lib/python3.12/site-packages/airflow/example_dags/example_branch_labels.py for tasks to queue
[2026-02-14T15:49:39.721+0000] {logging_mixin.py:188} INFO - [2026-02-14T15:49:39.721+0000] {dagbag.py:545} INFO - Filling up the DagBag from /home/airflow/.local/lib/python3.12/site-packages/airflow/example_dags/example_branch_labels.py
[2026-02-14T15:49:39.724+0000] {processor.py:840} INFO - DAG(s) 'example_branch_labels' retrieved from /home/airflow/.local/lib/python3.12/site-packages/airflow/example_dags/example_branch_labels.py
[2026-02-14T15:49:39.732+0000] {logging_mixin.py:188} INFO - [2026-02-14T15:49:39.732+0000] {dag.py:3089} INFO - Sync 1 DAGs
[2026-02-14T15:49:39.739+0000] {logging_mixin.py:188} INFO - [2026-02-14T15:49:39.739+0000] {dag.py:3947} INFO - Setting next_dagrun for example_branch_labels to 2026-02-13 00:00:00+00:00, run_after=2026-02-14 00:00:00+00:00
[2026-02-14T15:49:39.748+0000] {processor.py:183} INFO - Processing /home/airflow/.local/lib/python3.12/site-packages/airflow/example_dags/example_branch_labels.py took 0.031 seconds
[2026-02-14T15:50:10.091+0000] {processor.py:161} INFO - Started process (PID=464) to work on /home/airflow/.local/lib/python3.12/site-packages/airflow/example_dags/example_branch_labels.py
[2026-02-14T15:50:10.092+0000] {processor.py:830} INFO - Processing file /home/airflow/.local/lib/python3.12/site-packages/airflow/example_dags/example_branch_labels.py for tasks to queue
[2026-02-14T15:50:10.092+0000] {logging_mixin.py:188} INFO - [2026-02-14T15:50:10.092+0000] {dagbag.py:545} INFO - Filling up the DagBag from /home/airflow/.local/lib/python3.12/site-packages/airflow/example_dags/example_branch_labels.py
[2026-02-14T15:50:10.096+0000] {processor.py:840} INFO - DAG(s) 'example_branch_labels' retrieved from /home/airflow/.local/lib/python3.12/site-packages/airflow/example_dags/example_branch_labels.py
[2026-02-14T15:50:10.105+0000] {logging_mixin.py:188} INFO - [2026-02-14T15:50:10.105+0000] {dag.py:3089} INFO - Sync 1 DAGs
[2026-02-14T15:50:10.115+0000] {logging_mixin.py:188} INFO - [2026-02-14T15:50:10.115+0000] {dag.py:3947} INFO - Setting next_dagrun for example_branch_labels to 2026-02-13 00:00:00+00:00, run_after=2026-02-14 00:00:00+00:00
[2026-02-14T15:50:10.124+0000] {processor.py:183} INFO - Processing /home/airflow/.local/lib/python3.12/site-packages/airflow/example_dags/example_branch_labels.py took 0.036 seconds
[2026-02-14T15:50:40.506+0000] {processor.py:161} INFO - Started process (PID=523) to work on /home/airflow/.local/lib/python3.12/site-packages/airflow/example_dags/example_branch_labels.py
[2026-02-14T15:50:40.507+0000] {processor.py:830} INFO - Processing file /home/airflow/.local/lib/python3.12/site-packages/airflow/example_dags/example_branch_labels.py for tasks to queue
[2026-02-14T15:50:40.509+0000] {logging_mixin.py:188} INFO - [2026-02-14T15:50:40.508+0000] {dagbag.py:545} INFO - Filling up the DagBag from /home/airflow/.local/lib/python3.12/site-packages/airflow/example_dags/example_branch_labels.py
[2026-02-14T15:50:40.513+0000] {processor.py:840} INFO - DAG(s) 'example_branch_labels' retrieved from /home/airflow/.local/lib/python3.12/site-packages/airflow/example_dags/example_branch_labels.py
[2026-02-14T15:50:40.523+0000] {logging_mixin.py:188} INFO - [2026-02-14T15:50:40.522+0000] {dag.py:3089} INFO - Sync 1 DAGs
[2026-02-14T15:50:40.531+0000] {logging_mixin.py:188} INFO - [2026-02-14T15:50:40.531+0000] {dag.py:3947} INFO - Setting next_dagrun for example_branch_labels to 2026-02-13 00:00:00+00:00, run_after=2026-02-14 00:00:00+00:00
[2026-02-14T15:50:40.540+0000] {processor.py:183} INFO - Processing /home/airflow/.local/lib/python3.12/site-packages/airflow/example_dags/example_branch_labels.py took 0.036 seconds
[2026-02-14T15:51:11.191+0000] {processor.py:161} INFO - Started process (PID=582) to work on /home/airflow/.local/lib/python3.12/site-packages/airflow/example_dags/example_branch_labels.py
[2026-02-14T15:51:11.192+0000] {processor.py:830} INFO - Processing file /home/airflow/.local/lib/python3.12/site-packages/airflow/example_dags/example_branch_labels.py for tasks to queue
[2026-02-14T15:51:11.193+0000] {logging_mixin.py:188} INFO - [2026-02-14T15:51:11.192+0000] {dagbag.py:545} INFO - Filling up the DagBag from /home/airflow/.local/lib/python3.12/site-packages/airflow/example_dags/example_branch_labels.py
[2026-02-14T15:51:11.197+0000] {processor.py:840} INFO - DAG(s) 'example_branch_labels' retrieved from /home/airflow/.local/lib/python3.12/site-packages/airflow/example_dags/example_branch_labels.py
[2026-02-14T15:51:11.209+0000] {logging_mixin.py:188} INFO - [2026-02-14T15:51:11.209+0000] {dag.py:3089} INFO - Sync 1 DAGs
[2026-02-14T15:51:11.220+0000] {logging_mixin.py:188} INFO - [2026-02-14T15:51:11.220+0000] {dag.py:3947} INFO - Setting next_dagrun for example_branch_labels to 2026-02-13 00:00:00+00:00, run_after=2026-02-14 00:00:00+00:00
[2026-02-14T15:51:11.227+0000] {processor.py:183} INFO - Processing /home/airflow/.local/lib/python3.12/site-packages/airflow/example_dags/example_branch_labels.py took 0.038 seconds
[2026-02-14T15:51:41.772+0000] {processor.py:161} INFO - Started process (PID=641) to work on /home/airflow/.local/lib/python3.12/site-packages/airflow/example_dags/example_branch_labels.py
[2026-02-14T15:51:41.773+0000] {processor.py:830} INFO - Processing file /home/airflow/.local/lib/python3.12/site-packages/airflow/example_dags/example_branch_labels.py for tasks to queue
[2026-02-14T15:51:41.774+0000] {logging_mixin.py:188} INFO - [2026-02-14T15:51:41.774+0000] {dagbag.py:545} INFO - Filling up the DagBag from /home/airflow/.local/lib/python3.12/site-packages/airflow/example_dags/example_branch_labels.py
[2026-02-14T15:51:41.776+0000] {processor.py:840} INFO - DAG(s) 'example_branch_labels' retrieved from /home/airflow/.local/lib/python3.12/site-packages/airflow/example_dags/example_branch_labels.py
[2026-02-14T15:51:41.787+0000] {logging_mixin.py:188} INFO - [2026-02-14T15:51:41.787+0000] {dag.py:3089} INFO - Sync 1 DAGs
[2026-02-14T15:51:41.794+0000] {logging_mixin.py:188} INFO - [2026-02-14T15:51:41.794+0000] {dag.py:3947} INFO - Setting next_dagrun for example_branch_labels to 2026-02-13 00:00:00+00:00, run_after=2026-02-14 00:00:00+00:00
[2026-02-14T15:51:41.801+0000] {processor.py:183} INFO - Processing /home/airflow/.local/lib/python3.12/site-packages/airflow/example_dags/example_branch_labels.py took 0.031 seconds
[2026-02-14T15:52:12.207+0000] {processor.py:161} INFO - Started process (PID=700) to work on /home/airflow/.local/lib/python3.12/site-packages/airflow/example_dags/example_branch_labels.py
[2026-02-14T15:52:12.207+0000] {processor.py:830} INFO - Processing file /home/airflow/.local/lib/python3.12/site-packages/airflow/example_dags/example_branch_labels.py for tasks to queue
[2026-02-14T15:52:12.208+0000] {logging_mixin.py:188} INFO - [2026-02-14T15:52:12.208+0000] {dagbag.py:545} INFO - Filling up the DagBag from /home/airflow/.local/lib/python3.12/site-packages/airflow/example_dags/example_branch_labels.py
[2026-02-14T15:52:12.211+0000] {processor.py:840} INFO - DAG(s) 'example_branch_labels' retrieved from /home/airflow/.local/lib/python3.12/site-packages/airflow/example_dags/example_branch_labels.py
[2026-02-14T15:52:12.219+0000] {logging_mixin.py:188} INFO - [2026-02-14T15:52:12.219+0000] {dag.py:3089} INFO - Sync 1 DAGs
[2026-02-14T15:52:12.231+0000] {logging_mixin.py:188} INFO - [2026-02-14T15:52:12.231+0000] {dag.py:3947} INFO - Setting next_dagrun for example_branch_labels to 2026-02-13 00:00:00+00:00, run_after=2026-02-14 00:00:00+00:00
[2026-02-14T15:52:12.238+0000] {processor.py:183} INFO - Processing /home/airflow/.local/lib/python3.12/site-packages/airflow/example_dags/example_branch_labels.py took 0.033 seconds
[2026-02-14T15:52:42.695+0000] {processor.py:161} INFO - Started process (PID=759) to work on /home/airflow/.local/lib/python3.12/site-packages/airflow/example_dags/example_branch_labels.py
[2026-02-14T15:52:42.695+0000] {processor.py:830} INFO - Processing file /home/airflow/.local/lib/python3.12/site-packages/airflow/example_dags/example_branch_labels.py for tasks to queue
[2026-02-14T15:52:42.696+0000] {logging_mixin.py:188} INFO - [2026-02-14T15:52:42.696+0000] {dagbag.py:545} INFO - Filling up the DagBag from /home/airflow/.local/lib/python3.12/site-packages/airflow/example_dags/example_branch_labels.py
[2026-02-14T15:52:42.700+0000] {processor.py:840} INFO - DAG(s) 'example_branch_labels' retrieved from /home/airflow/.local/lib/python3.12/site-packages/airflow/example_dags/example_branch_labels.py
[2026-02-14T15:52:42.709+0000] {logging_mixin.py:188} INFO - [2026-02-14T15:52:42.709+0000] {dag.py:3089} INFO - Sync 1 DAGs
[2026-02-14T15:52:42.718+0000] {logging_mixin.py:188} INFO - [2026-02-14T15:52:42.718+0000] {dag.py:3947} INFO - Setting next_dagrun for example_branch_labels to 2026-02-13 00:00:00+00:00, run_after=2026-02-14 00:00:00+00:00
[2026-02-14T15:52:42.724+0000] {processor.py:183} INFO - Processing /home/airflow/.local/lib/python3.12/site-packages/airflow/example_dags/example_branch_labels.py took 0.032 seconds
[2026-02-14T15:53:13.031+0000] {processor.py:161} INFO - Started process (PID=818) to work on /home/airflow/.local/lib/python3.12/site-packages/airflow/example_dags/example_branch_labels.py
[2026-02-14T15:53:13.032+0000] {processor.py:830} INFO - Processing file /home/airflow/.local/lib/python3.12/site-packages/airflow/example_dags/example_branch_labels.py for tasks to queue
[2026-02-14T15:53:13.033+0000] {logging_mixin.py:188} INFO - [2026-02-14T15:53:13.033+0000] {dagbag.py:545} INFO - Filling up the DagBag from /home/airflow/.local/lib/python3.12/site-packages/airflow/example_dags/example_branch_labels.py
[2026-02-14T15:53:13.037+0000] {processor.py:840} INFO - DAG(s) 'example_branch_labels' retrieved from /home/airflow/.local/lib/python3.12/site-packages/airflow/example_dags/example_branch_labels.py
[2026-02-14T15:53:13.047+0000] {logging_mixin.py:188} INFO - [2026-02-14T15:53:13.046+0000] {dag.py:3089} INFO - Sync 1 DAGs
[2026-02-14T15:53:13.055+0000] {logging_mixin.py:188} INFO - [2026-02-14T15:53:13.055+0000] {dag.py:3947} INFO - Setting next_dagrun for example_branch_labels to 2026-02-13 00:00:00+00:00, run_after=2026-02-14 00:00:00+00:00
[2026-02-14T15:53:13.061+0000] {processor.py:183} INFO - Processing /home/airflow/.local/lib/python3.12/site-packages/airflow/example_dags/example_branch_labels.py took 0.032 seconds
[2026-02-14T15:53:43.347+0000] {processor.py:161} INFO - Started process (PID=877) to work on /home/airflow/.local/lib/python3.12/site-packages/airflow/example_dags/example_branch_labels.py
[2026-02-14T15:53:43.348+0000] {processor.py:830} INFO - Processing file /home/airflow/.local/lib/python3.12/site-packages/airflow/example_dags/example_branch_labels.py for tasks to queue
[2026-02-14T15:53:43.348+0000] {logging_mixin.py:188} INFO - [2026-02-14T15:53:43.348+0000] {dagbag.py:545} INFO - Filling up the DagBag from /home/airflow/.local/lib/python3.12/site-packages/airflow/example_dags/example_branch_labels.py
[2026-02-14T15:53:43.352+0000] {processor.py:840} INFO - DAG(s) 'example_branch_labels' retrieved from /home/airflow/.local/lib/python3.12/site-packages/airflow/example_dags/example_branch_labels.py
[2026-02-14T15:53:43.360+0000] {logging_mixin.py:188} INFO - [2026-02-14T15:53:43.360+0000] {dag.py:3089} INFO - Sync 1 DAGs
[2026-02-14T15:53:43.370+0000] {logging_mixin.py:188} INFO - [2026-02-14T15:53:43.370+0000] {dag.py:3947} INFO - Setting next_dagrun for example_branch_labels to 2026-02-13 00:00:00+00:00, run_after=2026-02-14 00:00:00+00:00
[2026-02-14T15:53:43.379+0000] {processor.py:183} INFO - Processing /home/airflow/.local/lib/python3.12/site-packages/airflow/example_dags/example_branch_labels.py took 0.035 seconds
[2026-02-14T15:54:13.788+0000] {processor.py:161} INFO - Started process (PID=936) to work on /home/airflow/.local/lib/python3.12/site-packages/airflow/example_dags/example_branch_labels.py
[2026-02-14T15:54:13.789+0000] {processor.py:830} INFO - Processing file /home/airflow/.local/lib/python3.12/site-packages/airflow/example_dags/example_branch_labels.py for tasks to queue
[2026-02-14T15:54:13.790+0000] {logging_mixin.py:188} INFO - [2026-02-14T15:54:13.790+0000] {dagbag.py:545} INFO - Filling up the DagBag from /home/airflow/.local/lib/python3.12/site-packages/airflow/example_dags/example_branch_labels.py
[2026-02-14T15:54:13.793+0000] {processor.py:840} INFO - DAG(s) 'example_branch_labels' retrieved from /home/airflow/.local/lib/python3.12/site-packages/airflow/example_dags/example_branch_labels.py
[2026-02-14T15:54:13.802+0000] {logging_mixin.py:188} INFO - [2026-02-14T15:54:13.801+0000] {dag.py:3089} INFO - Sync 1 DAGs
[2026-02-14T15:54:13.809+0000] {logging_mixin.py:188} INFO - [2026-02-14T15:54:13.809+0000] {dag.py:3947} INFO - Setting next_dagrun for example_branch_labels to 2026-02-13 00:00:00+00:00, run_after=2026-02-14 00:00:00+00:00
[2026-02-14T15:54:13.816+0000] {processor.py:183} INFO - Processing /home/airflow/.local/lib/python3.12/site-packages/airflow/example_dags/example_branch_labels.py took 0.030 seconds
[2026-02-14T15:54:44.304+0000] {processor.py:161} INFO - Started process (PID=995) to work on /home/airflow/.local/lib/python3.12/site-packages/airflow/example_dags/example_branch_labels.py
[2026-02-14T15:54:44.304+0000] {processor.py:830} INFO - Processing file /home/airflow/.local/lib/python3.12/site-packages/airflow/example_dags/example_branch_labels.py for tasks to queue
[2026-02-14T15:54:44.305+0000] {logging_mixin.py:188} INFO - [2026-02-14T15:54:44.305+0000] {dagbag.py:545} INFO - Filling up the DagBag from /home/airflow/.local/lib/python3.12/site-packages/airflow/example_dags/example_branch_labels.py
[2026-02-14T15:54:44.307+0000] {processor.py:840} INFO - DAG(s) 'example_branch_labels' retrieved from /home/airflow/.local/lib/python3.12/site-packages/airflow/example_dags/example_branch_labels.py
[2026-02-14T15:54:44.317+0000] {logging_mixin.py:188} INFO - [2026-02-14T15:54:44.317+0000] {dag.py:3089} INFO - Sync 1 DAGs
[2026-02-14T15:54:44.325+0000] {logging_mixin.py:188} INFO - [2026-02-14T15:54:44.325+0000] {dag.py:3947} INFO - Setting next_dagrun for example_branch_labels to 2026-02-13 00:00:00+00:00, run_after=2026-02-14 00:00:00+00:00
[2026-02-14T15:54:44.331+0000] {processor.py:183} INFO - Processing /home/airflow/.local/lib/python3.12/site-packages/airflow/example_dags/example_branch_labels.py took 0.029 seconds
[2026-02-14T15:55:15.358+0000] {processor.py:161} INFO - Started process (PID=1054) to work on /home/airflow/.local/lib/python3.12/site-packages/airflow/example_dags/example_branch_labels.py
[2026-02-14T15:55:15.361+0000] {processor.py:830} INFO - Processing file /home/airflow/.local/lib/python3.12/site-packages/airflow/example_dags/example_branch_labels.py for tasks to queue
[2026-02-14T15:55:15.364+0000] {logging_mixin.py:188} INFO - [2026-02-14T15:55:15.364+0000] {dagbag.py:545} INFO - Filling up the DagBag from /home/airflow/.local/lib/python3.12/site-packages/airflow/example_dags/example_branch_labels.py
[2026-02-14T15:55:15.370+0000] {processor.py:840} INFO - DAG(s) 'example_branch_labels' retrieved from /home/airflow/.local/lib/python3.12/site-packages/airflow/example_dags/example_branch_labels.py
[2026-02-14T15:55:15.403+0000] {logging_mixin.py:188} INFO - [2026-02-14T15:55:15.402+0000] {dag.py:3089} INFO - Sync 1 DAGs
[2026-02-14T15:55:15.432+0000] {logging_mixin.py:188} INFO - [2026-02-14T15:55:15.432+0000] {dag.py:3947} INFO - Setting next_dagrun for example_branch_labels to 2026-02-13 00:00:00+00:00, run_after=2026-02-14 00:00:00+00:00
[2026-02-14T15:55:15.470+0000] {processor.py:183} INFO - Processing /home/airflow/.local/lib/python3.12/site-packages/airflow/example_dags/example_branch_labels.py took 0.117 seconds
[2026-02-14T15:55:46.259+0000] {processor.py:161} INFO - Started process (PID=1112) to work on /home/airflow/.local/lib/python3.12/site-packages/airflow/example_dags/example_branch_labels.py
[2026-02-14T15:55:46.260+0000] {processor.py:830} INFO - Processing file /home/airflow/.local/lib/python3.12/site-packages/airflow/example_dags/example_branch_labels.py for tasks to queue
[2026-02-14T15:55:46.261+0000] {logging_mixin.py:188} INFO - [2026-02-14T15:55:46.261+0000] {dagbag.py:545} INFO - Filling up the DagBag from /home/airflow/.local/lib/python3.12/site-packages/airflow/example_dags/example_branch_labels.py
[2026-02-14T15:55:46.264+0000] {processor.py:840} INFO - DAG(s) 'example_branch_labels' retrieved from /home/airflow/.local/lib/python3.12/site-packages/airflow/example_dags/example_branch_labels.py
[2026-02-14T15:55:46.273+0000] {logging_mixin.py:188} INFO - [2026-02-14T15:55:46.273+0000] {dag.py:3089} INFO - Sync 1 DAGs
[2026-02-14T15:55:46.282+0000] {logging_mixin.py:188} INFO - [2026-02-14T15:55:46.282+0000] {dag.py:3947} INFO - Setting next_dagrun for example_branch_labels to 2026-02-13 00:00:00+00:00, run_after=2026-02-14 00:00:00+00:00
[2026-02-14T15:55:46.292+0000] {processor.py:183} INFO - Processing /home/airflow/.local/lib/python3.12/site-packages/airflow/example_dags/example_branch_labels.py took 0.037 seconds
[2026-02-14T15:56:16.757+0000] {processor.py:161} INFO - Started process (PID=1171) to work on /home/airflow/.local/lib/python3.12/site-packages/airflow/example_dags/example_branch_labels.py
[2026-02-14T15:56:16.758+0000] {processor.py:830} INFO - Processing file /home/airflow/.local/lib/python3.12/site-packages/airflow/example_dags/example_branch_labels.py for tasks to queue
[2026-02-14T15:56:16.758+0000] {logging_mixin.py:188} INFO - [2026-02-14T15:56:16.758+0000] {dagbag.py:545} INFO - Filling up the DagBag from /home/airflow/.local/lib/python3.12/site-packages/airflow/example_dags/example_branch_labels.py
[2026-02-14T15:56:16.761+0000] {processor.py:840} INFO - DAG(s) 'example_branch_labels' retrieved from /home/airflow/.local/lib/python3.12/site-packages/airflow/example_dags/example_branch_labels.py
[2026-02-14T15:56:16.772+0000] {logging_mixin.py:188} INFO - [2026-02-14T15:56:16.771+0000] {dag.py:3089} INFO - Sync 1 DAGs
[2026-02-14T15:56:16.780+0000] {logging_mixin.py:188} INFO - [2026-02-14T15:56:16.780+0000] {dag.py:3947} INFO - Setting next_dagrun for example_branch_labels to 2026-02-13 00:00:00+00:00, run_after=2026-02-14 00:00:00+00:00
[2026-02-14T15:56:16.786+0000] {processor.py:183} INFO - Processing /home/airflow/.local/lib/python3.12/site-packages/airflow/example_dags/example_branch_labels.py took 0.031 seconds
[2026-02-14T15:56:47.268+0000] {processor.py:161} INFO - Started process (PID=1230) to work on /home/airflow/.local/lib/python3.12/site-packages/airflow/example_dags/example_branch_labels.py
[2026-02-14T15:56:47.268+0000] {processor.py:830} INFO - Processing file /home/airflow/.local/lib/python3.12/site-packages/airflow/example_dags/example_branch_labels.py for tasks to queue
[2026-02-14T15:56:47.270+0000] {logging_mixin.py:188} INFO - [2026-02-14T15:56:47.270+0000] {dagbag.py:545} INFO - Filling up the DagBag from /home/airflow/.local/lib/python3.12/site-packages/airflow/example_dags/example_branch_labels.py
[2026-02-14T15:56:47.274+0000] {processor.py:840} INFO - DAG(s) 'example_branch_labels' retrieved from /home/airflow/.local/lib/python3.12/site-packages/airflow/example_dags/example_branch_labels.py
[2026-02-14T15:56:47.285+0000] {logging_mixin.py:188} INFO - [2026-02-14T15:56:47.285+0000] {dag.py:3089} INFO - Sync 1 DAGs
[2026-02-14T15:56:47.294+0000] {logging_mixin.py:188} INFO - [2026-02-14T15:56:47.293+0000] {dag.py:3947} INFO - Setting next_dagrun for example_branch_labels to 2026-02-13 00:00:00+00:00, run_after=2026-02-14 00:00:00+00:00
[2026-02-14T15:56:47.302+0000] {processor.py:183} INFO - Processing /home/airflow/.local/lib/python3.12/site-packages/airflow/example_dags/example_branch_labels.py took 0.036 seconds
[2026-02-14T15:57:17.820+0000] {processor.py:161} INFO - Started process (PID=1289) to work on /home/airflow/.local/lib/python3.12/site-packages/airflow/example_dags/example_branch_labels.py
[2026-02-14T15:57:17.820+0000] {processor.py:830} INFO - Processing file /home/airflow/.local/lib/python3.12/site-packages/airflow/example_dags/example_branch_labels.py for tasks to queue
[2026-02-14T15:57:17.821+0000] {logging_mixin.py:188} INFO - [2026-02-14T15:57:17.821+0000] {dagbag.py:545} INFO - Filling up the DagBag from /home/airflow/.local/lib/python3.12/site-packages/airflow/example_dags/example_branch_labels.py
[2026-02-14T15:57:17.824+0000] {processor.py:840} INFO - DAG(s) 'example_branch_labels' retrieved from /home/airflow/.local/lib/python3.12/site-packages/airflow/example_dags/example_branch_labels.py
[2026-02-14T15:57:17.833+0000] {logging_mixin.py:188} INFO - [2026-02-14T15:57:17.833+0000] {dag.py:3089} INFO - Sync 1 DAGs
[2026-02-14T15:57:17.841+0000] {logging_mixin.py:188} INFO - [2026-02-14T15:57:17.841+0000] {dag.py:3947} INFO - Setting next_dagrun for example_branch_labels to 2026-02-13 00:00:00+00:00, run_after=2026-02-14 00:00:00+00:00
[2026-02-14T15:57:17.852+0000] {processor.py:183} INFO - Processing /home/airflow/.local/lib/python3.12/site-packages/airflow/example_dags/example_branch_labels.py took 0.035 seconds
[2026-02-14T15:57:48.598+0000] {processor.py:161} INFO - Started process (PID=1348) to work on /home/airflow/.local/lib/python3.12/site-packages/airflow/example_dags/example_branch_labels.py
[2026-02-14T15:57:48.598+0000] {processor.py:830} INFO - Processing file /home/airflow/.local/lib/python3.12/site-packages/airflow/example_dags/example_branch_labels.py for tasks to queue
[2026-02-14T15:57:48.600+0000] {logging_mixin.py:188} INFO - [2026-02-14T15:57:48.600+0000] {dagbag.py:545} INFO - Filling up the DagBag from /home/airflow/.local/lib/python3.12/site-packages/airflow/example_dags/example_branch_labels.py
[2026-02-14T15:57:48.604+0000] {processor.py:840} INFO - DAG(s) 'example_branch_labels' retrieved from /home/airflow/.local/lib/python3.12/site-packages/airflow/example_dags/example_branch_labels.py
[2026-02-14T15:57:48.616+0000] {logging_mixin.py:188} INFO - [2026-02-14T15:57:48.615+0000] {dag.py:3089} INFO - Sync 1 DAGs
[2026-02-14T15:57:48.627+0000] {logging_mixin.py:188} INFO - [2026-02-14T15:57:48.627+0000] {dag.py:3947} INFO - Setting next_dagrun for example_branch_labels to 2026-02-13 00:00:00+00:00, run_after=2026-02-14 00:00:00+00:00
[2026-02-14T15:57:48.634+0000] {processor.py:183} INFO - Processing /home/airflow/.local/lib/python3.12/site-packages/airflow/example_dags/example_branch_labels.py took 0.039 seconds
[2026-02-14T15:58:18.954+0000] {processor.py:161} INFO - Started process (PID=1407) to work on /home/airflow/.local/lib/python3.12/site-packages/airflow/example_dags/example_branch_labels.py
[2026-02-14T15:58:18.955+0000] {processor.py:830} INFO - Processing file /home/airflow/.local/lib/python3.12/site-packages/airflow/example_dags/example_branch_labels.py for tasks to queue
[2026-02-14T15:58:18.955+0000] {logging_mixin.py:188} INFO - [2026-02-14T15:58:18.955+0000] {dagbag.py:545} INFO - Filling up the DagBag from /home/airflow/.local/lib/python3.12/site-packages/airflow/example_dags/example_branch_labels.py
[2026-02-14T15:58:18.958+0000] {processor.py:840} INFO - DAG(s) 'example_branch_labels' retrieved from /home/airflow/.local/lib/python3.12/site-packages/airflow/example_dags/example_branch_labels.py
[2026-02-14T15:58:18.974+0000] {logging_mixin.py:188} INFO - [2026-02-14T15:58:18.974+0000] {dag.py:3089} INFO - Sync 1 DAGs
[2026-02-14T15:58:18.984+0000] {logging_mixin.py:188} INFO - [2026-02-14T15:58:18.984+0000] {dag.py:3947} INFO - Setting next_dagrun for example_branch_labels to 2026-02-13 00:00:00+00:00, run_after=2026-02-14 00:00:00+00:00
[2026-02-14T15:58:18.993+0000] {processor.py:183} INFO - Processing /home/airflow/.local/lib/python3.12/site-packages/airflow/example_dags/example_branch_labels.py took 0.041 seconds
[2026-02-14T15:58:49.321+0000] {processor.py:161} INFO - Started process (PID=1466) to work on /home/airflow/.local/lib/python3.12/site-packages/airflow/example_dags/example_branch_labels.py
[2026-02-14T15:58:49.321+0000] {processor.py:830} INFO - Processing file /home/airflow/.local/lib/python3.12/site-packages/airflow/example_dags/example_branch_labels.py for tasks to queue
[2026-02-14T15:58:49.322+0000] {logging_mixin.py:188} INFO - [2026-02-14T15:58:49.322+0000] {dagbag.py:545} INFO - Filling up the DagBag from /home/airflow/.local/lib/python3.12/site-packages/airflow/example_dags/example_branch_labels.py
[2026-02-14T15:58:49.325+0000] {processor.py:840} INFO - DAG(s) 'example_branch_labels' retrieved from /home/airflow/.local/lib/python3.12/site-packages/airflow/example_dags/example_branch_labels.py
[2026-02-14T15:58:49.333+0000] {logging_mixin.py:188} INFO - [2026-02-14T15:58:49.333+0000] {dag.py:3089} INFO - Sync 1 DAGs
[2026-02-14T15:58:49.342+0000] {logging_mixin.py:188} INFO - [2026-02-14T15:58:49.342+0000] {dag.py:3947} INFO - Setting next_dagrun for example_branch_labels to 2026-02-13 00:00:00+00:00, run_after=2026-02-14 00:00:00+00:00
[2026-02-14T15:58:49.350+0000] {processor.py:183} INFO - Processing /home/airflow/.local/lib/python3.12/site-packages/airflow/example_dags/example_branch_labels.py took 0.033 seconds
[2026-02-14T15:59:19.588+0000] {processor.py:161} INFO - Started process (PID=1525) to work on /home/airflow/.local/lib/python3.12/site-packages/airflow/example_dags/example_branch_labels.py
[2026-02-14T15:59:19.588+0000] {processor.py:830} INFO - Processing file /home/airflow/.local/lib/python3.12/site-packages/airflow/example_dags/example_branch_labels.py for tasks to queue
[2026-02-14T15:59:19.589+0000] {logging_mixin.py:188} INFO - [2026-02-14T15:59:19.589+0000] {dagbag.py:545} INFO - Filling up the DagBag from /home/airflow/.local/lib/python3.12/site-packages/airflow/example_dags/example_branch_labels.py
[2026-02-14T15:59:19.594+0000] {processor.py:840} INFO - DAG(s) 'example_branch_labels' retrieved from /home/airflow/.local/lib/python3.12/site-packages/airflow/example_dags/example_branch_labels.py
[2026-02-14T15:59:19.602+0000] {logging_mixin.py:188} INFO - [2026-02-14T15:59:19.602+0000] {dag.py:3089} INFO - Sync 1 DAGs
[2026-02-14T15:59:19.678+0000] {logging_mixin.py:188} INFO - [2026-02-14T15:59:19.678+0000] {dag.py:3947} INFO - Setting next_dagrun for example_branch_labels to 2026-02-13 00:00:00+00:00, run_after=2026-02-14 00:00:00+00:00
[2026-02-14T15:59:19.686+0000] {processor.py:183} INFO - Processing /home/airflow/.local/lib/python3.12/site-packages/airflow/example_dags/example_branch_labels.py took 0.102 seconds
[2026-02-14T15:59:50.431+0000] {processor.py:161} INFO - Started process (PID=1584) to work on /home/airflow/.local/lib/python3.12/site-packages/airflow/example_dags/example_branch_labels.py
[2026-02-14T15:59:50.432+0000] {processor.py:830} INFO - Processing file /home/airflow/.local/lib/python3.12/site-packages/airflow/example_dags/example_branch_labels.py for tasks to queue
[2026-02-14T15:59:50.432+0000] {logging_mixin.py:188} INFO - [2026-02-14T15:59:50.432+0000] {dagbag.py:545} INFO - Filling up the DagBag from /home/airflow/.local/lib/python3.12/site-packages/airflow/example_dags/example_branch_labels.py
[2026-02-14T15:59:50.435+0000] {processor.py:840} INFO - DAG(s) 'example_branch_labels' retrieved from /home/airflow/.local/lib/python3.12/site-packages/airflow/example_dags/example_branch_labels.py
[2026-02-14T15:59:50.444+0000] {logging_mixin.py:188} INFO - [2026-02-14T15:59:50.444+0000] {dag.py:3089} INFO - Sync 1 DAGs
[2026-02-14T15:59:50.522+0000] {logging_mixin.py:188} INFO - [2026-02-14T15:59:50.522+0000] {dag.py:3947} INFO - Setting next_dagrun for example_branch_labels to 2026-02-13 00:00:00+00:00, run_after=2026-02-14 00:00:00+00:00
[2026-02-14T15:59:50.532+0000] {processor.py:183} INFO - Processing /home/airflow/.local/lib/python3.12/site-packages/airflow/example_dags/example_branch_labels.py took 0.103 seconds
[2026-02-14T16:00:20.805+0000] {processor.py:161} INFO - Started process (PID=1643) to work on /home/airflow/.local/lib/python3.12/site-packages/airflow/example_dags/example_branch_labels.py
[2026-02-14T16:00:20.806+0000] {processor.py:830} INFO - Processing file /home/airflow/.local/lib/python3.12/site-packages/airflow/example_dags/example_branch_labels.py for tasks to queue
[2026-02-14T16:00:20.806+0000] {logging_mixin.py:188} INFO - [2026-02-14T16:00:20.806+0000] {dagbag.py:545} INFO - Filling up the DagBag from /home/airflow/.local/lib/python3.12/site-packages/airflow/example_dags/example_branch_labels.py
[2026-02-14T16:00:20.809+0000] {processor.py:840} INFO - DAG(s) 'example_branch_labels' retrieved from /home/airflow/.local/lib/python3.12/site-packages/airflow/example_dags/example_branch_labels.py
[2026-02-14T16:00:20.817+0000] {logging_mixin.py:188} INFO - [2026-02-14T16:00:20.817+0000] {dag.py:3089} INFO - Sync 1 DAGs
[2026-02-14T16:00:20.825+0000] {logging_mixin.py:188} INFO - [2026-02-14T16:00:20.825+0000] {dag.py:3947} INFO - Setting next_dagrun for example_branch_labels to 2026-02-13 00:00:00+00:00, run_after=2026-02-14 00:00:00+00:00
[2026-02-14T16:00:20.832+0000] {processor.py:183} INFO - Processing /home/airflow/.local/lib/python3.12/site-packages/airflow/example_dags/example_branch_labels.py took 0.030 seconds
[2026-02-14T16:00:51.312+0000] {processor.py:161} INFO - Started process (PID=1702) to work on /home/airflow/.local/lib/python3.12/site-packages/airflow/example_dags/example_branch_labels.py
[2026-02-14T16:00:51.315+0000] {processor.py:830} INFO - Processing file /home/airflow/.local/lib/python3.12/site-packages/airflow/example_dags/example_branch_labels.py for tasks to queue
[2026-02-14T16:00:51.316+0000] {logging_mixin.py:188} INFO - [2026-02-14T16:00:51.316+0000] {dagbag.py:545} INFO - Filling up the DagBag from /home/airflow/.local/lib/python3.12/site-packages/airflow/example_dags/example_branch_labels.py
[2026-02-14T16:00:51.320+0000] {processor.py:840} INFO - DAG(s) 'example_branch_labels' retrieved from /home/airflow/.local/lib/python3.12/site-packages/airflow/example_dags/example_branch_labels.py
[2026-02-14T16:00:51.331+0000] {logging_mixin.py:188} INFO - [2026-02-14T16:00:51.331+0000] {dag.py:3089} INFO - Sync 1 DAGs
[2026-02-14T16:00:51.340+0000] {logging_mixin.py:188} INFO - [2026-02-14T16:00:51.340+0000] {dag.py:3947} INFO - Setting next_dagrun for example_branch_labels to 2026-02-13 00:00:00+00:00, run_after=2026-02-14 00:00:00+00:00
[2026-02-14T16:00:51.346+0000] {processor.py:183} INFO - Processing /home/airflow/.local/lib/python3.12/site-packages/airflow/example_dags/example_branch_labels.py took 0.036 seconds
[2026-02-14T16:01:21.807+0000] {processor.py:161} INFO - Started process (PID=1761) to work on /home/airflow/.local/lib/python3.12/site-packages/airflow/example_dags/example_branch_labels.py
[2026-02-14T16:01:21.809+0000] {processor.py:830} INFO - Processing file /home/airflow/.local/lib/python3.12/site-packages/airflow/example_dags/example_branch_labels.py for tasks to queue
[2026-02-14T16:01:21.810+0000] {logging_mixin.py:188} INFO - [2026-02-14T16:01:21.810+0000] {dagbag.py:545} INFO - Filling up the DagBag from /home/airflow/.local/lib/python3.12/site-packages/airflow/example_dags/example_branch_labels.py
[2026-02-14T16:01:21.813+0000] {processor.py:840} INFO - DAG(s) 'example_branch_labels' retrieved from /home/airflow/.local/lib/python3.12/site-packages/airflow/example_dags/example_branch_labels.py
[2026-02-14T16:01:21.827+0000] {logging_mixin.py:188} INFO - [2026-02-14T16:01:21.827+0000] {dag.py:3089} INFO - Sync 1 DAGs
[2026-02-14T16:01:21.836+0000] {logging_mixin.py:188} INFO - [2026-02-14T16:01:21.836+0000] {dag.py:3947} INFO - Setting next_dagrun for example_branch_labels to 2026-02-13 00:00:00+00:00, run_after=2026-02-14 00:00:00+00:00
[2026-02-14T16:01:21.844+0000] {processor.py:183} INFO - Processing /home/airflow/.local/lib/python3.12/site-packages/airflow/example_dags/example_branch_labels.py took 0.039 seconds
[2026-02-14T16:01:52.166+0000] {processor.py:161} INFO - Started process (PID=1820) to work on /home/airflow/.local/lib/python3.12/site-packages/airflow/example_dags/example_branch_labels.py
[2026-02-14T16:01:52.166+0000] {processor.py:830} INFO - Processing file /home/airflow/.local/lib/python3.12/site-packages/airflow/example_dags/example_branch_labels.py for tasks to queue
[2026-02-14T16:01:52.167+0000] {logging_mixin.py:188} INFO - [2026-02-14T16:01:52.167+0000] {dagbag.py:545} INFO - Filling up the DagBag from /home/airflow/.local/lib/python3.12/site-packages/airflow/example_dags/example_branch_labels.py
[2026-02-14T16:01:52.170+0000] {processor.py:840} INFO - DAG(s) 'example_branch_labels' retrieved from /home/airflow/.local/lib/python3.12/site-packages/airflow/example_dags/example_branch_labels.py
[2026-02-14T16:01:52.178+0000] {logging_mixin.py:188} INFO - [2026-02-14T16:01:52.178+0000] {dag.py:3089} INFO - Sync 1 DAGs
[2026-02-14T16:01:52.186+0000] {logging_mixin.py:188} INFO - [2026-02-14T16:01:52.186+0000] {dag.py:3947} INFO - Setting next_dagrun for example_branch_labels to 2026-02-13 00:00:00+00:00, run_after=2026-02-14 00:00:00+00:00
[2026-02-14T16:01:52.197+0000] {processor.py:183} INFO - Processing /home/airflow/.local/lib/python3.12/site-packages/airflow/example_dags/example_branch_labels.py took 0.033 seconds
[2026-02-14T16:02:22.564+0000] {processor.py:161} INFO - Started process (PID=1879) to work on /home/airflow/.local/lib/python3.12/site-packages/airflow/example_dags/example_branch_labels.py
[2026-02-14T16:02:22.565+0000] {processor.py:830} INFO - Processing file /home/airflow/.local/lib/python3.12/site-packages/airflow/example_dags/example_branch_labels.py for tasks to queue
[2026-02-14T16:02:22.566+0000] {logging_mixin.py:188} INFO - [2026-02-14T16:02:22.566+0000] {dagbag.py:545} INFO - Filling up the DagBag from /home/airflow/.local/lib/python3.12/site-packages/airflow/example_dags/example_branch_labels.py
[2026-02-14T16:02:22.570+0000] {processor.py:840} INFO - DAG(s) 'example_branch_labels' retrieved from /home/airflow/.local/lib/python3.12/site-packages/airflow/example_dags/example_branch_labels.py
[2026-02-14T16:02:22.579+0000] {logging_mixin.py:188} INFO - [2026-02-14T16:02:22.579+0000] {dag.py:3089} INFO - Sync 1 DAGs
[2026-02-14T16:02:22.588+0000] {logging_mixin.py:188} INFO - [2026-02-14T16:02:22.588+0000] {dag.py:3947} INFO - Setting next_dagrun for example_branch_labels to 2026-02-13 00:00:00+00:00, run_after=2026-02-14 00:00:00+00:00
[2026-02-14T16:02:22.596+0000] {processor.py:183} INFO - Processing /home/airflow/.local/lib/python3.12/site-packages/airflow/example_dags/example_branch_labels.py took 0.034 seconds
[2026-02-14T16:02:52.994+0000] {processor.py:161} INFO - Started process (PID=1938) to work on /home/airflow/.local/lib/python3.12/site-packages/airflow/example_dags/example_branch_labels.py
[2026-02-14T16:02:52.995+0000] {processor.py:830} INFO - Processing file /home/airflow/.local/lib/python3.12/site-packages/airflow/example_dags/example_branch_labels.py for tasks to queue
[2026-02-14T16:02:52.996+0000] {logging_mixin.py:188} INFO - [2026-02-14T16:02:52.996+0000] {dagbag.py:545} INFO - Filling up the DagBag from /home/airflow/.local/lib/python3.12/site-packages/airflow/example_dags/example_branch_labels.py
[2026-02-14T16:02:52.999+0000] {processor.py:840} INFO - DAG(s) 'example_branch_labels' retrieved from /home/airflow/.local/lib/python3.12/site-packages/airflow/example_dags/example_branch_labels.py
[2026-02-14T16:02:53.009+0000] {logging_mixin.py:188} INFO - [2026-02-14T16:02:53.009+0000] {dag.py:3089} INFO - Sync 1 DAGs
[2026-02-14T16:02:53.021+0000] {logging_mixin.py:188} INFO - [2026-02-14T16:02:53.021+0000] {dag.py:3947} INFO - Setting next_dagrun for example_branch_labels to 2026-02-13 00:00:00+00:00, run_after=2026-02-14 00:00:00+00:00
[2026-02-14T16:02:53.030+0000] {processor.py:183} INFO - Processing /home/airflow/.local/lib/python3.12/site-packages/airflow/example_dags/example_branch_labels.py took 0.038 seconds
[2026-02-14T16:03:23.576+0000] {processor.py:161} INFO - Started process (PID=1997) to work on /home/airflow/.local/lib/python3.12/site-packages/airflow/example_dags/example_branch_labels.py
[2026-02-14T16:03:23.577+0000] {processor.py:830} INFO - Processing file /home/airflow/.local/lib/python3.12/site-packages/airflow/example_dags/example_branch_labels.py for tasks to queue
[2026-02-14T16:03:23.579+0000] {logging_mixin.py:188} INFO - [2026-02-14T16:03:23.579+0000] {dagbag.py:545} INFO - Filling up the DagBag from /home/airflow/.local/lib/python3.12/site-packages/airflow/example_dags/example_branch_labels.py
[2026-02-14T16:03:23.583+0000] {processor.py:840} INFO - DAG(s) 'example_branch_labels' retrieved from /home/airflow/.local/lib/python3.12/site-packages/airflow/example_dags/example_branch_labels.py
[2026-02-14T16:03:23.595+0000] {logging_mixin.py:188} INFO - [2026-02-14T16:03:23.595+0000] {dag.py:3089} INFO - Sync 1 DAGs
[2026-02-14T16:03:23.606+0000] {logging_mixin.py:188} INFO - [2026-02-14T16:03:23.606+0000] {dag.py:3947} INFO - Setting next_dagrun for example_branch_labels to 2026-02-13 00:00:00+00:00, run_after=2026-02-14 00:00:00+00:00
[2026-02-14T16:03:23.617+0000] {processor.py:183} INFO - Processing /home/airflow/.local/lib/python3.12/site-packages/airflow/example_dags/example_branch_labels.py took 0.044 seconds
[2026-02-14T16:03:54.143+0000] {processor.py:161} INFO - Started process (PID=2056) to work on /home/airflow/.local/lib/python3.12/site-packages/airflow/example_dags/example_branch_labels.py
[2026-02-14T16:03:54.143+0000] {processor.py:830} INFO - Processing file /home/airflow/.local/lib/python3.12/site-packages/airflow/example_dags/example_branch_labels.py for tasks to queue
[2026-02-14T16:03:54.144+0000] {logging_mixin.py:188} INFO - [2026-02-14T16:03:54.144+0000] {dagbag.py:545} INFO - Filling up the DagBag from /home/airflow/.local/lib/python3.12/site-packages/airflow/example_dags/example_branch_labels.py
[2026-02-14T16:03:54.147+0000] {processor.py:840} INFO - DAG(s) 'example_branch_labels' retrieved from /home/airflow/.local/lib/python3.12/site-packages/airflow/example_dags/example_branch_labels.py
[2026-02-14T16:03:54.156+0000] {logging_mixin.py:188} INFO - [2026-02-14T16:03:54.156+0000] {dag.py:3089} INFO - Sync 1 DAGs
[2026-02-14T16:03:54.165+0000] {logging_mixin.py:188} INFO - [2026-02-14T16:03:54.165+0000] {dag.py:3947} INFO - Setting next_dagrun for example_branch_labels to 2026-02-13 00:00:00+00:00, run_after=2026-02-14 00:00:00+00:00
[2026-02-14T16:03:54.177+0000] {processor.py:183} INFO - Processing /home/airflow/.local/lib/python3.12/site-packages/airflow/example_dags/example_branch_labels.py took 0.036 seconds
[2026-02-14T16:04:24.831+0000] {processor.py:161} INFO - Started process (PID=2115) to work on /home/airflow/.local/lib/python3.12/site-packages/airflow/example_dags/example_branch_labels.py
[2026-02-14T16:04:24.833+0000] {processor.py:830} INFO - Processing file /home/airflow/.local/lib/python3.12/site-packages/airflow/example_dags/example_branch_labels.py for tasks to queue
[2026-02-14T16:04:24.834+0000] {logging_mixin.py:188} INFO - [2026-02-14T16:04:24.834+0000] {dagbag.py:545} INFO - Filling up the DagBag from /home/airflow/.local/lib/python3.12/site-packages/airflow/example_dags/example_branch_labels.py
[2026-02-14T16:04:24.837+0000] {processor.py:840} INFO - DAG(s) 'example_branch_labels' retrieved from /home/airflow/.local/lib/python3.12/site-packages/airflow/example_dags/example_branch_labels.py
[2026-02-14T16:04:24.845+0000] {logging_mixin.py:188} INFO - [2026-02-14T16:04:24.845+0000] {dag.py:3089} INFO - Sync 1 DAGs
[2026-02-14T16:04:24.854+0000] {logging_mixin.py:188} INFO - [2026-02-14T16:04:24.854+0000] {dag.py:3947} INFO - Setting next_dagrun for example_branch_labels to 2026-02-13 00:00:00+00:00, run_after=2026-02-14 00:00:00+00:00
[2026-02-14T16:04:24.864+0000] {processor.py:183} INFO - Processing /home/airflow/.local/lib/python3.12/site-packages/airflow/example_dags/example_branch_labels.py took 0.035 seconds
[2026-02-14T16:04:55.327+0000] {processor.py:161} INFO - Started process (PID=2174) to work on /home/airflow/.local/lib/python3.12/site-packages/airflow/example_dags/example_branch_labels.py
[2026-02-14T16:04:55.327+0000] {processor.py:830} INFO - Processing file /home/airflow/.local/lib/python3.12/site-packages/airflow/example_dags/example_branch_labels.py for tasks to queue
[2026-02-14T16:04:55.328+0000] {logging_mixin.py:188} INFO - [2026-02-14T16:04:55.328+0000] {dagbag.py:545} INFO - Filling up the DagBag from /home/airflow/.local/lib/python3.12/site-packages/airflow/example_dags/example_branch_labels.py
[2026-02-14T16:04:55.331+0000] {processor.py:840} INFO - DAG(s) 'example_branch_labels' retrieved from /home/airflow/.local/lib/python3.12/site-packages/airflow/example_dags/example_branch_labels.py
[2026-02-14T16:04:55.342+0000] {logging_mixin.py:188} INFO - [2026-02-14T16:04:55.342+0000] {dag.py:3089} INFO - Sync 1 DAGs
[2026-02-14T16:04:55.349+0000] {logging_mixin.py:188} INFO - [2026-02-14T16:04:55.349+0000] {dag.py:3947} INFO - Setting next_dagrun for example_branch_labels to 2026-02-13 00:00:00+00:00, run_after=2026-02-14 00:00:00+00:00
[2026-02-14T16:04:55.356+0000] {processor.py:183} INFO - Processing /home/airflow/.local/lib/python3.12/site-packages/airflow/example_dags/example_branch_labels.py took 0.031 seconds
[2026-02-14T16:05:25.829+0000] {processor.py:161} INFO - Started process (PID=2233) to work on /home/airflow/.local/lib/python3.12/site-packages/airflow/example_dags/example_branch_labels.py
[2026-02-14T16:05:25.829+0000] {processor.py:830} INFO - Processing file /home/airflow/.local/lib/python3.12/site-packages/airflow/example_dags/example_branch_labels.py for tasks to queue
[2026-02-14T16:05:25.830+0000] {logging_mixin.py:188} INFO - [2026-02-14T16:05:25.830+0000] {dagbag.py:545} INFO - Filling up the DagBag from /home/airflow/.local/lib/python3.12/site-packages/airflow/example_dags/example_branch_labels.py
[2026-02-14T16:05:25.834+0000] {processor.py:840} INFO - DAG(s) 'example_branch_labels' retrieved from /home/airflow/.local/lib/python3.12/site-packages/airflow/example_dags/example_branch_labels.py
[2026-02-14T16:05:25.842+0000] {logging_mixin.py:188} INFO - [2026-02-14T16:05:25.842+0000] {dag.py:3089} INFO - Sync 1 DAGs
[2026-02-14T16:05:25.850+0000] {logging_mixin.py:188} INFO - [2026-02-14T16:05:25.850+0000] {dag.py:3947} INFO - Setting next_dagrun for example_branch_labels to 2026-02-13 00:00:00+00:00, run_after=2026-02-14 00:00:00+00:00
[2026-02-14T16:05:25.862+0000] {processor.py:183} INFO - Processing /home/airflow/.local/lib/python3.12/site-packages/airflow/example_dags/example_branch_labels.py took 0.035 seconds
[2026-02-14T16:05:56.312+0000] {processor.py:161} INFO - Started process (PID=2292) to work on /home/airflow/.local/lib/python3.12/site-packages/airflow/example_dags/example_branch_labels.py
[2026-02-14T16:05:56.313+0000] {processor.py:830} INFO - Processing file /home/airflow/.local/lib/python3.12/site-packages/airflow/example_dags/example_branch_labels.py for tasks to queue
[2026-02-14T16:05:56.314+0000] {logging_mixin.py:188} INFO - [2026-02-14T16:05:56.314+0000] {dagbag.py:545} INFO - Filling up the DagBag from /home/airflow/.local/lib/python3.12/site-packages/airflow/example_dags/example_branch_labels.py
[2026-02-14T16:05:56.319+0000] {processor.py:840} INFO - DAG(s) 'example_branch_labels' retrieved from /home/airflow/.local/lib/python3.12/site-packages/airflow/example_dags/example_branch_labels.py
[2026-02-14T16:05:56.332+0000] {logging_mixin.py:188} INFO - [2026-02-14T16:05:56.332+0000] {dag.py:3089} INFO - Sync 1 DAGs
[2026-02-14T16:05:56.346+0000] {logging_mixin.py:188} INFO - [2026-02-14T16:05:56.346+0000] {dag.py:3947} INFO - Setting next_dagrun for example_branch_labels to 2026-02-13 00:00:00+00:00, run_after=2026-02-14 00:00:00+00:00
[2026-02-14T16:05:56.358+0000] {processor.py:183} INFO - Processing /home/airflow/.local/lib/python3.12/site-packages/airflow/example_dags/example_branch_labels.py took 0.048 seconds
[2026-02-14T16:06:26.744+0000] {processor.py:161} INFO - Started process (PID=2351) to work on /home/airflow/.local/lib/python3.12/site-packages/airflow/example_dags/example_branch_labels.py
[2026-02-14T16:06:26.746+0000] {processor.py:830} INFO - Processing file /home/airflow/.local/lib/python3.12/site-packages/airflow/example_dags/example_branch_labels.py for tasks to queue
[2026-02-14T16:06:26.746+0000] {logging_mixin.py:188} INFO - [2026-02-14T16:06:26.746+0000] {dagbag.py:545} INFO - Filling up the DagBag from /home/airflow/.local/lib/python3.12/site-packages/airflow/example_dags/example_branch_labels.py
[2026-02-14T16:06:26.749+0000] {processor.py:840} INFO - DAG(s) 'example_branch_labels' retrieved from /home/airflow/.local/lib/python3.12/site-packages/airflow/example_dags/example_branch_labels.py
[2026-02-14T16:06:26.760+0000] {logging_mixin.py:188} INFO - [2026-02-14T16:06:26.759+0000] {dag.py:3089} INFO - Sync 1 DAGs
[2026-02-14T16:06:26.768+0000] {logging_mixin.py:188} INFO - [2026-02-14T16:06:26.768+0000] {dag.py:3947} INFO - Setting next_dagrun for example_branch_labels to 2026-02-13 00:00:00+00:00, run_after=2026-02-14 00:00:00+00:00
[2026-02-14T16:06:26.774+0000] {processor.py:183} INFO - Processing /home/airflow/.local/lib/python3.12/site-packages/airflow/example_dags/example_branch_labels.py took 0.032 seconds
[2026-02-14T16:06:57.526+0000] {processor.py:161} INFO - Started process (PID=2410) to work on /home/airflow/.local/lib/python3.12/site-packages/airflow/example_dags/example_branch_labels.py
[2026-02-14T16:06:57.528+0000] {processor.py:830} INFO - Processing file /home/airflow/.local/lib/python3.12/site-packages/airflow/example_dags/example_branch_labels.py for tasks to queue
[2026-02-14T16:06:57.529+0000] {logging_mixin.py:188} INFO - [2026-02-14T16:06:57.529+0000] {dagbag.py:545} INFO - Filling up the DagBag from /home/airflow/.local/lib/python3.12/site-packages/airflow/example_dags/example_branch_labels.py
[2026-02-14T16:06:57.534+0000] {processor.py:840} INFO - DAG(s) 'example_branch_labels' retrieved from /home/airflow/.local/lib/python3.12/site-packages/airflow/example_dags/example_branch_labels.py
[2026-02-14T16:06:57.550+0000] {logging_mixin.py:188} INFO - [2026-02-14T16:06:57.550+0000] {dag.py:3089} INFO - Sync 1 DAGs
[2026-02-14T16:06:57.572+0000] {logging_mixin.py:188} INFO - [2026-02-14T16:06:57.572+0000] {dag.py:3947} INFO - Setting next_dagrun for example_branch_labels to 2026-02-13 00:00:00+00:00, run_after=2026-02-14 00:00:00+00:00
[2026-02-14T16:06:57.592+0000] {processor.py:183} INFO - Processing /home/airflow/.local/lib/python3.12/site-packages/airflow/example_dags/example_branch_labels.py took 0.069 seconds
[2026-02-14T16:07:28.300+0000] {processor.py:161} INFO - Started process (PID=2469) to work on /home/airflow/.local/lib/python3.12/site-packages/airflow/example_dags/example_branch_labels.py
[2026-02-14T16:07:28.300+0000] {processor.py:830} INFO - Processing file /home/airflow/.local/lib/python3.12/site-packages/airflow/example_dags/example_branch_labels.py for tasks to queue
[2026-02-14T16:07:28.301+0000] {logging_mixin.py:188} INFO - [2026-02-14T16:07:28.301+0000] {dagbag.py:545} INFO - Filling up the DagBag from /home/airflow/.local/lib/python3.12/site-packages/airflow/example_dags/example_branch_labels.py
[2026-02-14T16:07:28.303+0000] {processor.py:840} INFO - DAG(s) 'example_branch_labels' retrieved from /home/airflow/.local/lib/python3.12/site-packages/airflow/example_dags/example_branch_labels.py
[2026-02-14T16:07:28.312+0000] {logging_mixin.py:188} INFO - [2026-02-14T16:07:28.312+0000] {dag.py:3089} INFO - Sync 1 DAGs
[2026-02-14T16:07:28.321+0000] {logging_mixin.py:188} INFO - [2026-02-14T16:07:28.321+0000] {dag.py:3947} INFO - Setting next_dagrun for example_branch_labels to 2026-02-13 00:00:00+00:00, run_after=2026-02-14 00:00:00+00:00
[2026-02-14T16:07:28.331+0000] {processor.py:183} INFO - Processing /home/airflow/.local/lib/python3.12/site-packages/airflow/example_dags/example_branch_labels.py took 0.034 seconds
[2026-02-14T16:07:59.066+0000] {processor.py:161} INFO - Started process (PID=2528) to work on /home/airflow/.local/lib/python3.12/site-packages/airflow/example_dags/example_branch_labels.py
[2026-02-14T16:07:59.066+0000] {processor.py:830} INFO - Processing file /home/airflow/.local/lib/python3.12/site-packages/airflow/example_dags/example_branch_labels.py for tasks to queue
[2026-02-14T16:07:59.067+0000] {logging_mixin.py:188} INFO - [2026-02-14T16:07:59.067+0000] {dagbag.py:545} INFO - Filling up the DagBag from /home/airflow/.local/lib/python3.12/site-packages/airflow/example_dags/example_branch_labels.py
[2026-02-14T16:07:59.070+0000] {processor.py:840} INFO - DAG(s) 'example_branch_labels' retrieved from /home/airflow/.local/lib/python3.12/site-packages/airflow/example_dags/example_branch_labels.py
[2026-02-14T16:07:59.079+0000] {logging_mixin.py:188} INFO - [2026-02-14T16:07:59.079+0000] {dag.py:3089} INFO - Sync 1 DAGs
[2026-02-14T16:07:59.087+0000] {logging_mixin.py:188} INFO - [2026-02-14T16:07:59.087+0000] {dag.py:3947} INFO - Setting next_dagrun for example_branch_labels to 2026-02-13 00:00:00+00:00, run_after=2026-02-14 00:00:00+00:00
[2026-02-14T16:07:59.096+0000] {processor.py:183} INFO - Processing /home/airflow/.local/lib/python3.12/site-packages/airflow/example_dags/example_branch_labels.py took 0.033 seconds
[2026-02-14T16:08:29.543+0000] {processor.py:161} INFO - Started process (PID=2587) to work on /home/airflow/.local/lib/python3.12/site-packages/airflow/example_dags/example_branch_labels.py
[2026-02-14T16:08:29.545+0000] {processor.py:830} INFO - Processing file /home/airflow/.local/lib/python3.12/site-packages/airflow/example_dags/example_branch_labels.py for tasks to queue
[2026-02-14T16:08:29.546+0000] {logging_mixin.py:188} INFO - [2026-02-14T16:08:29.546+0000] {dagbag.py:545} INFO - Filling up the DagBag from /home/airflow/.local/lib/python3.12/site-packages/airflow/example_dags/example_branch_labels.py
[2026-02-14T16:08:29.549+0000] {processor.py:840} INFO - DAG(s) 'example_branch_labels' retrieved from /home/airflow/.local/lib/python3.12/site-packages/airflow/example_dags/example_branch_labels.py
[2026-02-14T16:08:29.558+0000] {logging_mixin.py:188} INFO - [2026-02-14T16:08:29.558+0000] {dag.py:3089} INFO - Sync 1 DAGs
[2026-02-14T16:08:29.567+0000] {logging_mixin.py:188} INFO - [2026-02-14T16:08:29.567+0000] {dag.py:3947} INFO - Setting next_dagrun for example_branch_labels to 2026-02-13 00:00:00+00:00, run_after=2026-02-14 00:00:00+00:00
[2026-02-14T16:08:29.573+0000] {processor.py:183} INFO - Processing /home/airflow/.local/lib/python3.12/site-packages/airflow/example_dags/example_branch_labels.py took 0.032 seconds
[2026-02-14T16:08:59.993+0000] {processor.py:161} INFO - Started process (PID=2646) to work on /home/airflow/.local/lib/python3.12/site-packages/airflow/example_dags/example_branch_labels.py
[2026-02-14T16:08:59.994+0000] {processor.py:830} INFO - Processing file /home/airflow/.local/lib/python3.12/site-packages/airflow/example_dags/example_branch_labels.py for tasks to queue
[2026-02-14T16:08:59.996+0000] {logging_mixin.py:188} INFO - [2026-02-14T16:08:59.995+0000] {dagbag.py:545} INFO - Filling up the DagBag from /home/airflow/.local/lib/python3.12/site-packages/airflow/example_dags/example_branch_labels.py
[2026-02-14T16:08:59.999+0000] {processor.py:840} INFO - DAG(s) 'example_branch_labels' retrieved from /home/airflow/.local/lib/python3.12/site-packages/airflow/example_dags/example_branch_labels.py
[2026-02-14T16:09:00.008+0000] {logging_mixin.py:188} INFO - [2026-02-14T16:09:00.008+0000] {dag.py:3089} INFO - Sync 1 DAGs
[2026-02-14T16:09:00.017+0000] {logging_mixin.py:188} INFO - [2026-02-14T16:09:00.017+0000] {dag.py:3947} INFO - Setting next_dagrun for example_branch_labels to 2026-02-13 00:00:00+00:00, run_after=2026-02-14 00:00:00+00:00
[2026-02-14T16:09:00.027+0000] {processor.py:183} INFO - Processing /home/airflow/.local/lib/python3.12/site-packages/airflow/example_dags/example_branch_labels.py took 0.036 seconds
[2026-02-14T16:09:30.468+0000] {processor.py:161} INFO - Started process (PID=2705) to work on /home/airflow/.local/lib/python3.12/site-packages/airflow/example_dags/example_branch_labels.py
[2026-02-14T16:09:30.468+0000] {processor.py:830} INFO - Processing file /home/airflow/.local/lib/python3.12/site-packages/airflow/example_dags/example_branch_labels.py for tasks to queue
[2026-02-14T16:09:30.469+0000] {logging_mixin.py:188} INFO - [2026-02-14T16:09:30.469+0000] {dagbag.py:545} INFO - Filling up the DagBag from /home/airflow/.local/lib/python3.12/site-packages/airflow/example_dags/example_branch_labels.py
[2026-02-14T16:09:30.473+0000] {processor.py:840} INFO - DAG(s) 'example_branch_labels' retrieved from /home/airflow/.local/lib/python3.12/site-packages/airflow/example_dags/example_branch_labels.py
[2026-02-14T16:09:30.484+0000] {logging_mixin.py:188} INFO - [2026-02-14T16:09:30.483+0000] {dag.py:3089} INFO - Sync 1 DAGs
[2026-02-14T16:09:30.494+0000] {logging_mixin.py:188} INFO - [2026-02-14T16:09:30.494+0000] {dag.py:3947} INFO - Setting next_dagrun for example_branch_labels to 2026-02-13 00:00:00+00:00, run_after=2026-02-14 00:00:00+00:00
[2026-02-14T16:09:30.499+0000] {processor.py:183} INFO - Processing /home/airflow/.local/lib/python3.12/site-packages/airflow/example_dags/example_branch_labels.py took 0.036 seconds
[2026-02-14T16:10:00.775+0000] {processor.py:161} INFO - Started process (PID=2764) to work on /home/airflow/.local/lib/python3.12/site-packages/airflow/example_dags/example_branch_labels.py
[2026-02-14T16:10:00.776+0000] {processor.py:830} INFO - Processing file /home/airflow/.local/lib/python3.12/site-packages/airflow/example_dags/example_branch_labels.py for tasks to queue
[2026-02-14T16:10:00.777+0000] {logging_mixin.py:188} INFO - [2026-02-14T16:10:00.777+0000] {dagbag.py:545} INFO - Filling up the DagBag from /home/airflow/.local/lib/python3.12/site-packages/airflow/example_dags/example_branch_labels.py
[2026-02-14T16:10:00.780+0000] {processor.py:840} INFO - DAG(s) 'example_branch_labels' retrieved from /home/airflow/.local/lib/python3.12/site-packages/airflow/example_dags/example_branch_labels.py
[2026-02-14T16:10:00.788+0000] {logging_mixin.py:188} INFO - [2026-02-14T16:10:00.788+0000] {dag.py:3089} INFO - Sync 1 DAGs
[2026-02-14T16:10:00.796+0000] {logging_mixin.py:188} INFO - [2026-02-14T16:10:00.796+0000] {dag.py:3947} INFO - Setting next_dagrun for example_branch_labels to 2026-02-13 00:00:00+00:00, run_after=2026-02-14 00:00:00+00:00
[2026-02-14T16:10:00.802+0000] {processor.py:183} INFO - Processing /home/airflow/.local/lib/python3.12/site-packages/airflow/example_dags/example_branch_labels.py took 0.029 seconds
[2026-02-14T16:10:31.145+0000] {processor.py:161} INFO - Started process (PID=2822) to work on /home/airflow/.local/lib/python3.12/site-packages/airflow/example_dags/example_branch_labels.py
[2026-02-14T16:10:31.148+0000] {processor.py:830} INFO - Processing file /home/airflow/.local/lib/python3.12/site-packages/airflow/example_dags/example_branch_labels.py for tasks to queue
[2026-02-14T16:10:31.150+0000] {logging_mixin.py:188} INFO - [2026-02-14T16:10:31.150+0000] {dagbag.py:545} INFO - Filling up the DagBag from /home/airflow/.local/lib/python3.12/site-packages/airflow/example_dags/example_branch_labels.py
[2026-02-14T16:10:31.153+0000] {processor.py:840} INFO - DAG(s) 'example_branch_labels' retrieved from /home/airflow/.local/lib/python3.12/site-packages/airflow/example_dags/example_branch_labels.py
[2026-02-14T16:10:31.165+0000] {logging_mixin.py:188} INFO - [2026-02-14T16:10:31.165+0000] {dag.py:3089} INFO - Sync 1 DAGs
[2026-02-14T16:10:31.180+0000] {logging_mixin.py:188} INFO - [2026-02-14T16:10:31.180+0000] {dag.py:3947} INFO - Setting next_dagrun for example_branch_labels to 2026-02-13 00:00:00+00:00, run_after=2026-02-14 00:00:00+00:00
[2026-02-14T16:10:31.191+0000] {processor.py:183} INFO - Processing /home/airflow/.local/lib/python3.12/site-packages/airflow/example_dags/example_branch_labels.py took 0.049 seconds
[2026-02-14T16:11:01.891+0000] {processor.py:161} INFO - Started process (PID=2881) to work on /home/airflow/.local/lib/python3.12/site-packages/airflow/example_dags/example_branch_labels.py
[2026-02-14T16:11:01.891+0000] {processor.py:830} INFO - Processing file /home/airflow/.local/lib/python3.12/site-packages/airflow/example_dags/example_branch_labels.py for tasks to queue
[2026-02-14T16:11:01.893+0000] {logging_mixin.py:188} INFO - [2026-02-14T16:11:01.893+0000] {dagbag.py:545} INFO - Filling up the DagBag from /home/airflow/.local/lib/python3.12/site-packages/airflow/example_dags/example_branch_labels.py
[2026-02-14T16:11:01.896+0000] {processor.py:840} INFO - DAG(s) 'example_branch_labels' retrieved from /home/airflow/.local/lib/python3.12/site-packages/airflow/example_dags/example_branch_labels.py
[2026-02-14T16:11:01.905+0000] {logging_mixin.py:188} INFO - [2026-02-14T16:11:01.905+0000] {dag.py:3089} INFO - Sync 1 DAGs
[2026-02-14T16:11:01.915+0000] {logging_mixin.py:188} INFO - [2026-02-14T16:11:01.915+0000] {dag.py:3947} INFO - Setting next_dagrun for example_branch_labels to 2026-02-13 00:00:00+00:00, run_after=2026-02-14 00:00:00+00:00
[2026-02-14T16:11:01.927+0000] {processor.py:183} INFO - Processing /home/airflow/.local/lib/python3.12/site-packages/airflow/example_dags/example_branch_labels.py took 0.039 seconds
[2026-02-14T16:11:32.117+0000] {processor.py:161} INFO - Started process (PID=2940) to work on /home/airflow/.local/lib/python3.12/site-packages/airflow/example_dags/example_branch_labels.py
[2026-02-14T16:11:32.118+0000] {processor.py:830} INFO - Processing file /home/airflow/.local/lib/python3.12/site-packages/airflow/example_dags/example_branch_labels.py for tasks to queue
[2026-02-14T16:11:32.119+0000] {logging_mixin.py:188} INFO - [2026-02-14T16:11:32.119+0000] {dagbag.py:545} INFO - Filling up the DagBag from /home/airflow/.local/lib/python3.12/site-packages/airflow/example_dags/example_branch_labels.py
[2026-02-14T16:11:32.122+0000] {processor.py:840} INFO - DAG(s) 'example_branch_labels' retrieved from /home/airflow/.local/lib/python3.12/site-packages/airflow/example_dags/example_branch_labels.py
[2026-02-14T16:11:32.133+0000] {logging_mixin.py:188} INFO - [2026-02-14T16:11:32.133+0000] {dag.py:3089} INFO - Sync 1 DAGs
[2026-02-14T16:11:32.143+0000] {logging_mixin.py:188} INFO - [2026-02-14T16:11:32.142+0000] {dag.py:3947} INFO - Setting next_dagrun for example_branch_labels to 2026-02-13 00:00:00+00:00, run_after=2026-02-14 00:00:00+00:00
[2026-02-14T16:11:32.153+0000] {processor.py:183} INFO - Processing /home/airflow/.local/lib/python3.12/site-packages/airflow/example_dags/example_branch_labels.py took 0.039 seconds
[2026-02-14T16:12:02.492+0000] {processor.py:161} INFO - Started process (PID=2999) to work on /home/airflow/.local/lib/python3.12/site-packages/airflow/example_dags/example_branch_labels.py
[2026-02-14T16:12:02.493+0000] {processor.py:830} INFO - Processing file /home/airflow/.local/lib/python3.12/site-packages/airflow/example_dags/example_branch_labels.py for tasks to queue
[2026-02-14T16:12:02.493+0000] {logging_mixin.py:188} INFO - [2026-02-14T16:12:02.493+0000] {dagbag.py:545} INFO - Filling up the DagBag from /home/airflow/.local/lib/python3.12/site-packages/airflow/example_dags/example_branch_labels.py
[2026-02-14T16:12:02.497+0000] {processor.py:840} INFO - DAG(s) 'example_branch_labels' retrieved from /home/airflow/.local/lib/python3.12/site-packages/airflow/example_dags/example_branch_labels.py
[2026-02-14T16:12:02.505+0000] {logging_mixin.py:188} INFO - [2026-02-14T16:12:02.505+0000] {dag.py:3089} INFO - Sync 1 DAGs
[2026-02-14T16:12:02.515+0000] {logging_mixin.py:188} INFO - [2026-02-14T16:12:02.515+0000] {dag.py:3947} INFO - Setting next_dagrun for example_branch_labels to 2026-02-13 00:00:00+00:00, run_after=2026-02-14 00:00:00+00:00
[2026-02-14T16:12:02.521+0000] {processor.py:183} INFO - Processing /home/airflow/.local/lib/python3.12/site-packages/airflow/example_dags/example_branch_labels.py took 0.032 seconds
[2026-02-14T16:12:32.952+0000] {processor.py:161} INFO - Started process (PID=3058) to work on /home/airflow/.local/lib/python3.12/site-packages/airflow/example_dags/example_branch_labels.py
[2026-02-14T16:12:32.953+0000] {processor.py:830} INFO - Processing file /home/airflow/.local/lib/python3.12/site-packages/airflow/example_dags/example_branch_labels.py for tasks to queue
[2026-02-14T16:12:32.954+0000] {logging_mixin.py:188} INFO - [2026-02-14T16:12:32.954+0000] {dagbag.py:545} INFO - Filling up the DagBag from /home/airflow/.local/lib/python3.12/site-packages/airflow/example_dags/example_branch_labels.py
[2026-02-14T16:12:32.958+0000] {processor.py:840} INFO - DAG(s) 'example_branch_labels' retrieved from /home/airflow/.local/lib/python3.12/site-packages/airflow/example_dags/example_branch_labels.py
[2026-02-14T16:12:32.967+0000] {logging_mixin.py:188} INFO - [2026-02-14T16:12:32.967+0000] {dag.py:3089} INFO - Sync 1 DAGs
[2026-02-14T16:12:32.976+0000] {logging_mixin.py:188} INFO - [2026-02-14T16:12:32.976+0000] {dag.py:3947} INFO - Setting next_dagrun for example_branch_labels to 2026-02-13 00:00:00+00:00, run_after=2026-02-14 00:00:00+00:00
[2026-02-14T16:12:32.983+0000] {processor.py:183} INFO - Processing /home/airflow/.local/lib/python3.12/site-packages/airflow/example_dags/example_branch_labels.py took 0.033 seconds
[2026-02-14T16:13:03.433+0000] {processor.py:161} INFO - Started process (PID=3117) to work on /home/airflow/.local/lib/python3.12/site-packages/airflow/example_dags/example_branch_labels.py
[2026-02-14T16:13:03.433+0000] {processor.py:830} INFO - Processing file /home/airflow/.local/lib/python3.12/site-packages/airflow/example_dags/example_branch_labels.py for tasks to queue
[2026-02-14T16:13:03.434+0000] {logging_mixin.py:188} INFO - [2026-02-14T16:13:03.434+0000] {dagbag.py:545} INFO - Filling up the DagBag from /home/airflow/.local/lib/python3.12/site-packages/airflow/example_dags/example_branch_labels.py
[2026-02-14T16:13:03.438+0000] {processor.py:840} INFO - DAG(s) 'example_branch_labels' retrieved from /home/airflow/.local/lib/python3.12/site-packages/airflow/example_dags/example_branch_labels.py
[2026-02-14T16:13:03.447+0000] {logging_mixin.py:188} INFO - [2026-02-14T16:13:03.447+0000] {dag.py:3089} INFO - Sync 1 DAGs
[2026-02-14T16:13:03.455+0000] {logging_mixin.py:188} INFO - [2026-02-14T16:13:03.455+0000] {dag.py:3947} INFO - Setting next_dagrun for example_branch_labels to 2026-02-13 00:00:00+00:00, run_after=2026-02-14 00:00:00+00:00
[2026-02-14T16:13:03.462+0000] {processor.py:183} INFO - Processing /home/airflow/.local/lib/python3.12/site-packages/airflow/example_dags/example_branch_labels.py took 0.032 seconds
[2026-02-14T16:13:33.704+0000] {processor.py:161} INFO - Started process (PID=3176) to work on /home/airflow/.local/lib/python3.12/site-packages/airflow/example_dags/example_branch_labels.py
[2026-02-14T16:13:33.705+0000] {processor.py:830} INFO - Processing file /home/airflow/.local/lib/python3.12/site-packages/airflow/example_dags/example_branch_labels.py for tasks to queue
[2026-02-14T16:13:33.705+0000] {logging_mixin.py:188} INFO - [2026-02-14T16:13:33.705+0000] {dagbag.py:545} INFO - Filling up the DagBag from /home/airflow/.local/lib/python3.12/site-packages/airflow/example_dags/example_branch_labels.py
[2026-02-14T16:13:33.709+0000] {processor.py:840} INFO - DAG(s) 'example_branch_labels' retrieved from /home/airflow/.local/lib/python3.12/site-packages/airflow/example_dags/example_branch_labels.py
[2026-02-14T16:13:33.717+0000] {logging_mixin.py:188} INFO - [2026-02-14T16:13:33.717+0000] {dag.py:3089} INFO - Sync 1 DAGs
[2026-02-14T16:13:33.727+0000] {logging_mixin.py:188} INFO - [2026-02-14T16:13:33.727+0000] {dag.py:3947} INFO - Setting next_dagrun for example_branch_labels to 2026-02-13 00:00:00+00:00, run_after=2026-02-14 00:00:00+00:00
[2026-02-14T16:13:33.732+0000] {processor.py:183} INFO - Processing /home/airflow/.local/lib/python3.12/site-packages/airflow/example_dags/example_branch_labels.py took 0.032 seconds
[2026-02-14T16:14:04.044+0000] {processor.py:161} INFO - Started process (PID=3235) to work on /home/airflow/.local/lib/python3.12/site-packages/airflow/example_dags/example_branch_labels.py
[2026-02-14T16:14:04.046+0000] {processor.py:830} INFO - Processing file /home/airflow/.local/lib/python3.12/site-packages/airflow/example_dags/example_branch_labels.py for tasks to queue
[2026-02-14T16:14:04.048+0000] {logging_mixin.py:188} INFO - [2026-02-14T16:14:04.048+0000] {dagbag.py:545} INFO - Filling up the DagBag from /home/airflow/.local/lib/python3.12/site-packages/airflow/example_dags/example_branch_labels.py
[2026-02-14T16:14:04.058+0000] {processor.py:840} INFO - DAG(s) 'example_branch_labels' retrieved from /home/airflow/.local/lib/python3.12/site-packages/airflow/example_dags/example_branch_labels.py
[2026-02-14T16:14:04.093+0000] {logging_mixin.py:188} INFO - [2026-02-14T16:14:04.092+0000] {dag.py:3089} INFO - Sync 1 DAGs
[2026-02-14T16:14:04.114+0000] {logging_mixin.py:188} INFO - [2026-02-14T16:14:04.113+0000] {dag.py:3947} INFO - Setting next_dagrun for example_branch_labels to 2026-02-13 00:00:00+00:00, run_after=2026-02-14 00:00:00+00:00
[2026-02-14T16:14:04.136+0000] {processor.py:183} INFO - Processing /home/airflow/.local/lib/python3.12/site-packages/airflow/example_dags/example_branch_labels.py took 0.100 seconds
[2026-02-14T16:14:34.689+0000] {processor.py:161} INFO - Started process (PID=3294) to work on /home/airflow/.local/lib/python3.12/site-packages/airflow/example_dags/example_branch_labels.py
[2026-02-14T16:14:34.690+0000] {processor.py:830} INFO - Processing file /home/airflow/.local/lib/python3.12/site-packages/airflow/example_dags/example_branch_labels.py for tasks to queue
[2026-02-14T16:14:34.692+0000] {logging_mixin.py:188} INFO - [2026-02-14T16:14:34.691+0000] {dagbag.py:545} INFO - Filling up the DagBag from /home/airflow/.local/lib/python3.12/site-packages/airflow/example_dags/example_branch_labels.py
[2026-02-14T16:14:34.699+0000] {processor.py:840} INFO - DAG(s) 'example_branch_labels' retrieved from /home/airflow/.local/lib/python3.12/site-packages/airflow/example_dags/example_branch_labels.py
[2026-02-14T16:14:34.720+0000] {logging_mixin.py:188} INFO - [2026-02-14T16:14:34.720+0000] {dag.py:3089} INFO - Sync 1 DAGs
[2026-02-14T16:14:34.745+0000] {logging_mixin.py:188} INFO - [2026-02-14T16:14:34.745+0000] {dag.py:3947} INFO - Setting next_dagrun for example_branch_labels to 2026-02-13 00:00:00+00:00, run_after=2026-02-14 00:00:00+00:00
[2026-02-14T16:14:34.770+0000] {processor.py:183} INFO - Processing /home/airflow/.local/lib/python3.12/site-packages/airflow/example_dags/example_branch_labels.py took 0.086 seconds
[2026-02-14T16:15:05.505+0000] {processor.py:161} INFO - Started process (PID=3353) to work on /home/airflow/.local/lib/python3.12/site-packages/airflow/example_dags/example_branch_labels.py
[2026-02-14T16:15:05.506+0000] {processor.py:830} INFO - Processing file /home/airflow/.local/lib/python3.12/site-packages/airflow/example_dags/example_branch_labels.py for tasks to queue
[2026-02-14T16:15:05.507+0000] {logging_mixin.py:188} INFO - [2026-02-14T16:15:05.507+0000] {dagbag.py:545} INFO - Filling up the DagBag from /home/airflow/.local/lib/python3.12/site-packages/airflow/example_dags/example_branch_labels.py
[2026-02-14T16:15:05.513+0000] {processor.py:840} INFO - DAG(s) 'example_branch_labels' retrieved from /home/airflow/.local/lib/python3.12/site-packages/airflow/example_dags/example_branch_labels.py
[2026-02-14T16:15:05.523+0000] {logging_mixin.py:188} INFO - [2026-02-14T16:15:05.523+0000] {dag.py:3089} INFO - Sync 1 DAGs
[2026-02-14T16:15:05.533+0000] {logging_mixin.py:188} INFO - [2026-02-14T16:15:05.533+0000] {dag.py:3947} INFO - Setting next_dagrun for example_branch_labels to 2026-02-13 00:00:00+00:00, run_after=2026-02-14 00:00:00+00:00
[2026-02-14T16:15:05.541+0000] {processor.py:183} INFO - Processing /home/airflow/.local/lib/python3.12/site-packages/airflow/example_dags/example_branch_labels.py took 0.038 seconds
[2026-02-14T16:15:36.181+0000] {processor.py:161} INFO - Started process (PID=3412) to work on /home/airflow/.local/lib/python3.12/site-packages/airflow/example_dags/example_branch_labels.py
[2026-02-14T16:15:36.181+0000] {processor.py:830} INFO - Processing file /home/airflow/.local/lib/python3.12/site-packages/airflow/example_dags/example_branch_labels.py for tasks to queue
[2026-02-14T16:15:36.182+0000] {logging_mixin.py:188} INFO - [2026-02-14T16:15:36.182+0000] {dagbag.py:545} INFO - Filling up the DagBag from /home/airflow/.local/lib/python3.12/site-packages/airflow/example_dags/example_branch_labels.py
[2026-02-14T16:15:36.186+0000] {processor.py:840} INFO - DAG(s) 'example_branch_labels' retrieved from /home/airflow/.local/lib/python3.12/site-packages/airflow/example_dags/example_branch_labels.py
[2026-02-14T16:15:36.197+0000] {logging_mixin.py:188} INFO - [2026-02-14T16:15:36.197+0000] {dag.py:3089} INFO - Sync 1 DAGs
[2026-02-14T16:15:36.207+0000] {logging_mixin.py:188} INFO - [2026-02-14T16:15:36.206+0000] {dag.py:3947} INFO - Setting next_dagrun for example_branch_labels to 2026-02-13 00:00:00+00:00, run_after=2026-02-14 00:00:00+00:00
[2026-02-14T16:15:36.215+0000] {processor.py:183} INFO - Processing /home/airflow/.local/lib/python3.12/site-packages/airflow/example_dags/example_branch_labels.py took 0.037 seconds
[2026-02-14T16:16:06.339+0000] {processor.py:161} INFO - Started process (PID=3471) to work on /home/airflow/.local/lib/python3.12/site-packages/airflow/example_dags/example_branch_labels.py
[2026-02-14T16:16:06.340+0000] {processor.py:830} INFO - Processing file /home/airflow/.local/lib/python3.12/site-packages/airflow/example_dags/example_branch_labels.py for tasks to queue
[2026-02-14T16:16:06.341+0000] {logging_mixin.py:188} INFO - [2026-02-14T16:16:06.341+0000] {dagbag.py:545} INFO - Filling up the DagBag from /home/airflow/.local/lib/python3.12/site-packages/airflow/example_dags/example_branch_labels.py
[2026-02-14T16:16:06.345+0000] {processor.py:840} INFO - DAG(s) 'example_branch_labels' retrieved from /home/airflow/.local/lib/python3.12/site-packages/airflow/example_dags/example_branch_labels.py
[2026-02-14T16:16:06.353+0000] {logging_mixin.py:188} INFO - [2026-02-14T16:16:06.353+0000] {dag.py:3089} INFO - Sync 1 DAGs
[2026-02-14T16:16:06.361+0000] {logging_mixin.py:188} INFO - [2026-02-14T16:16:06.361+0000] {dag.py:3947} INFO - Setting next_dagrun for example_branch_labels to 2026-02-13 00:00:00+00:00, run_after=2026-02-14 00:00:00+00:00
[2026-02-14T16:16:06.367+0000] {processor.py:183} INFO - Processing /home/airflow/.local/lib/python3.12/site-packages/airflow/example_dags/example_branch_labels.py took 0.031 seconds
[2026-02-14T16:16:36.883+0000] {processor.py:161} INFO - Started process (PID=3530) to work on /home/airflow/.local/lib/python3.12/site-packages/airflow/example_dags/example_branch_labels.py
[2026-02-14T16:16:36.884+0000] {processor.py:830} INFO - Processing file /home/airflow/.local/lib/python3.12/site-packages/airflow/example_dags/example_branch_labels.py for tasks to queue
[2026-02-14T16:16:36.885+0000] {logging_mixin.py:188} INFO - [2026-02-14T16:16:36.885+0000] {dagbag.py:545} INFO - Filling up the DagBag from /home/airflow/.local/lib/python3.12/site-packages/airflow/example_dags/example_branch_labels.py
[2026-02-14T16:16:36.888+0000] {processor.py:840} INFO - DAG(s) 'example_branch_labels' retrieved from /home/airflow/.local/lib/python3.12/site-packages/airflow/example_dags/example_branch_labels.py
[2026-02-14T16:16:36.898+0000] {logging_mixin.py:188} INFO - [2026-02-14T16:16:36.898+0000] {dag.py:3089} INFO - Sync 1 DAGs
[2026-02-14T16:16:36.908+0000] {logging_mixin.py:188} INFO - [2026-02-14T16:16:36.908+0000] {dag.py:3947} INFO - Setting next_dagrun for example_branch_labels to 2026-02-13 00:00:00+00:00, run_after=2026-02-14 00:00:00+00:00
[2026-02-14T16:16:36.915+0000] {processor.py:183} INFO - Processing /home/airflow/.local/lib/python3.12/site-packages/airflow/example_dags/example_branch_labels.py took 0.035 seconds
[2026-02-14T16:17:07.431+0000] {processor.py:161} INFO - Started process (PID=3589) to work on /home/airflow/.local/lib/python3.12/site-packages/airflow/example_dags/example_branch_labels.py
[2026-02-14T16:17:07.432+0000] {processor.py:830} INFO - Processing file /home/airflow/.local/lib/python3.12/site-packages/airflow/example_dags/example_branch_labels.py for tasks to queue
[2026-02-14T16:17:07.432+0000] {logging_mixin.py:188} INFO - [2026-02-14T16:17:07.432+0000] {dagbag.py:545} INFO - Filling up the DagBag from /home/airflow/.local/lib/python3.12/site-packages/airflow/example_dags/example_branch_labels.py
[2026-02-14T16:17:07.435+0000] {processor.py:840} INFO - DAG(s) 'example_branch_labels' retrieved from /home/airflow/.local/lib/python3.12/site-packages/airflow/example_dags/example_branch_labels.py
[2026-02-14T16:17:07.446+0000] {logging_mixin.py:188} INFO - [2026-02-14T16:17:07.446+0000] {dag.py:3089} INFO - Sync 1 DAGs
[2026-02-14T16:17:07.455+0000] {logging_mixin.py:188} INFO - [2026-02-14T16:17:07.455+0000] {dag.py:3947} INFO - Setting next_dagrun for example_branch_labels to 2026-02-13 00:00:00+00:00, run_after=2026-02-14 00:00:00+00:00
[2026-02-14T16:17:07.465+0000] {processor.py:183} INFO - Processing /home/airflow/.local/lib/python3.12/site-packages/airflow/example_dags/example_branch_labels.py took 0.043 seconds
[2026-02-14T16:17:38.084+0000] {processor.py:161} INFO - Started process (PID=3648) to work on /home/airflow/.local/lib/python3.12/site-packages/airflow/example_dags/example_branch_labels.py
[2026-02-14T16:17:38.085+0000] {processor.py:830} INFO - Processing file /home/airflow/.local/lib/python3.12/site-packages/airflow/example_dags/example_branch_labels.py for tasks to queue
[2026-02-14T16:17:38.085+0000] {logging_mixin.py:188} INFO - [2026-02-14T16:17:38.085+0000] {dagbag.py:545} INFO - Filling up the DagBag from /home/airflow/.local/lib/python3.12/site-packages/airflow/example_dags/example_branch_labels.py
[2026-02-14T16:17:38.088+0000] {processor.py:840} INFO - DAG(s) 'example_branch_labels' retrieved from /home/airflow/.local/lib/python3.12/site-packages/airflow/example_dags/example_branch_labels.py
[2026-02-14T16:17:38.098+0000] {logging_mixin.py:188} INFO - [2026-02-14T16:17:38.098+0000] {dag.py:3089} INFO - Sync 1 DAGs
[2026-02-14T16:17:38.109+0000] {logging_mixin.py:188} INFO - [2026-02-14T16:17:38.108+0000] {dag.py:3947} INFO - Setting next_dagrun for example_branch_labels to 2026-02-13 00:00:00+00:00, run_after=2026-02-14 00:00:00+00:00
[2026-02-14T16:17:38.119+0000] {processor.py:183} INFO - Processing /home/airflow/.local/lib/python3.12/site-packages/airflow/example_dags/example_branch_labels.py took 0.037 seconds
[2026-02-14T16:18:08.717+0000] {processor.py:161} INFO - Started process (PID=3707) to work on /home/airflow/.local/lib/python3.12/site-packages/airflow/example_dags/example_branch_labels.py
[2026-02-14T16:18:08.718+0000] {processor.py:830} INFO - Processing file /home/airflow/.local/lib/python3.12/site-packages/airflow/example_dags/example_branch_labels.py for tasks to queue
[2026-02-14T16:18:08.719+0000] {logging_mixin.py:188} INFO - [2026-02-14T16:18:08.719+0000] {dagbag.py:545} INFO - Filling up the DagBag from /home/airflow/.local/lib/python3.12/site-packages/airflow/example_dags/example_branch_labels.py
[2026-02-14T16:18:08.722+0000] {processor.py:840} INFO - DAG(s) 'example_branch_labels' retrieved from /home/airflow/.local/lib/python3.12/site-packages/airflow/example_dags/example_branch_labels.py
[2026-02-14T16:18:08.732+0000] {logging_mixin.py:188} INFO - [2026-02-14T16:18:08.731+0000] {dag.py:3089} INFO - Sync 1 DAGs
[2026-02-14T16:18:08.741+0000] {logging_mixin.py:188} INFO - [2026-02-14T16:18:08.741+0000] {dag.py:3947} INFO - Setting next_dagrun for example_branch_labels to 2026-02-13 00:00:00+00:00, run_after=2026-02-14 00:00:00+00:00
[2026-02-14T16:18:08.749+0000] {processor.py:183} INFO - Processing /home/airflow/.local/lib/python3.12/site-packages/airflow/example_dags/example_branch_labels.py took 0.035 seconds
[2026-02-14T16:18:39.318+0000] {processor.py:161} INFO - Started process (PID=3766) to work on /home/airflow/.local/lib/python3.12/site-packages/airflow/example_dags/example_branch_labels.py
[2026-02-14T16:18:39.320+0000] {processor.py:830} INFO - Processing file /home/airflow/.local/lib/python3.12/site-packages/airflow/example_dags/example_branch_labels.py for tasks to queue
[2026-02-14T16:18:39.322+0000] {logging_mixin.py:188} INFO - [2026-02-14T16:18:39.322+0000] {dagbag.py:545} INFO - Filling up the DagBag from /home/airflow/.local/lib/python3.12/site-packages/airflow/example_dags/example_branch_labels.py
[2026-02-14T16:18:39.328+0000] {processor.py:840} INFO - DAG(s) 'example_branch_labels' retrieved from /home/airflow/.local/lib/python3.12/site-packages/airflow/example_dags/example_branch_labels.py
[2026-02-14T16:18:39.342+0000] {logging_mixin.py:188} INFO - [2026-02-14T16:18:39.342+0000] {dag.py:3089} INFO - Sync 1 DAGs
[2026-02-14T16:18:39.356+0000] {logging_mixin.py:188} INFO - [2026-02-14T16:18:39.356+0000] {dag.py:3947} INFO - Setting next_dagrun for example_branch_labels to 2026-02-13 00:00:00+00:00, run_after=2026-02-14 00:00:00+00:00
[2026-02-14T16:18:39.367+0000] {processor.py:183} INFO - Processing /home/airflow/.local/lib/python3.12/site-packages/airflow/example_dags/example_branch_labels.py took 0.060 seconds
[2026-02-14T16:19:09.531+0000] {processor.py:161} INFO - Started process (PID=3825) to work on /home/airflow/.local/lib/python3.12/site-packages/airflow/example_dags/example_branch_labels.py
[2026-02-14T16:19:09.532+0000] {processor.py:830} INFO - Processing file /home/airflow/.local/lib/python3.12/site-packages/airflow/example_dags/example_branch_labels.py for tasks to queue
[2026-02-14T16:19:09.533+0000] {logging_mixin.py:188} INFO - [2026-02-14T16:19:09.532+0000] {dagbag.py:545} INFO - Filling up the DagBag from /home/airflow/.local/lib/python3.12/site-packages/airflow/example_dags/example_branch_labels.py
[2026-02-14T16:19:09.536+0000] {processor.py:840} INFO - DAG(s) 'example_branch_labels' retrieved from /home/airflow/.local/lib/python3.12/site-packages/airflow/example_dags/example_branch_labels.py
[2026-02-14T16:19:09.544+0000] {logging_mixin.py:188} INFO - [2026-02-14T16:19:09.544+0000] {dag.py:3089} INFO - Sync 1 DAGs
[2026-02-14T16:19:09.553+0000] {logging_mixin.py:188} INFO - [2026-02-14T16:19:09.553+0000] {dag.py:3947} INFO - Setting next_dagrun for example_branch_labels to 2026-02-13 00:00:00+00:00, run_after=2026-02-14 00:00:00+00:00
[2026-02-14T16:19:09.565+0000] {processor.py:183} INFO - Processing /home/airflow/.local/lib/python3.12/site-packages/airflow/example_dags/example_branch_labels.py took 0.036 seconds
[2026-02-14T16:19:40.265+0000] {processor.py:161} INFO - Started process (PID=3884) to work on /home/airflow/.local/lib/python3.12/site-packages/airflow/example_dags/example_branch_labels.py
[2026-02-14T16:19:40.266+0000] {processor.py:830} INFO - Processing file /home/airflow/.local/lib/python3.12/site-packages/airflow/example_dags/example_branch_labels.py for tasks to queue
[2026-02-14T16:19:40.267+0000] {logging_mixin.py:188} INFO - [2026-02-14T16:19:40.267+0000] {dagbag.py:545} INFO - Filling up the DagBag from /home/airflow/.local/lib/python3.12/site-packages/airflow/example_dags/example_branch_labels.py
[2026-02-14T16:19:40.272+0000] {processor.py:840} INFO - DAG(s) 'example_branch_labels' retrieved from /home/airflow/.local/lib/python3.12/site-packages/airflow/example_dags/example_branch_labels.py
[2026-02-14T16:19:40.287+0000] {logging_mixin.py:188} INFO - [2026-02-14T16:19:40.286+0000] {dag.py:3089} INFO - Sync 1 DAGs
[2026-02-14T16:19:40.298+0000] {logging_mixin.py:188} INFO - [2026-02-14T16:19:40.298+0000] {dag.py:3947} INFO - Setting next_dagrun for example_branch_labels to 2026-02-13 00:00:00+00:00, run_after=2026-02-14 00:00:00+00:00
[2026-02-14T16:19:40.311+0000] {processor.py:183} INFO - Processing /home/airflow/.local/lib/python3.12/site-packages/airflow/example_dags/example_branch_labels.py took 0.051 seconds
[2026-02-14T16:20:10.627+0000] {processor.py:161} INFO - Started process (PID=3943) to work on /home/airflow/.local/lib/python3.12/site-packages/airflow/example_dags/example_branch_labels.py
[2026-02-14T16:20:10.629+0000] {processor.py:830} INFO - Processing file /home/airflow/.local/lib/python3.12/site-packages/airflow/example_dags/example_branch_labels.py for tasks to queue
[2026-02-14T16:20:10.631+0000] {logging_mixin.py:188} INFO - [2026-02-14T16:20:10.630+0000] {dagbag.py:545} INFO - Filling up the DagBag from /home/airflow/.local/lib/python3.12/site-packages/airflow/example_dags/example_branch_labels.py
[2026-02-14T16:20:10.634+0000] {processor.py:840} INFO - DAG(s) 'example_branch_labels' retrieved from /home/airflow/.local/lib/python3.12/site-packages/airflow/example_dags/example_branch_labels.py
[2026-02-14T16:20:10.652+0000] {logging_mixin.py:188} INFO - [2026-02-14T16:20:10.652+0000] {dag.py:3089} INFO - Sync 1 DAGs
[2026-02-14T16:20:10.663+0000] {logging_mixin.py:188} INFO - [2026-02-14T16:20:10.663+0000] {dag.py:3947} INFO - Setting next_dagrun for example_branch_labels to 2026-02-13 00:00:00+00:00, run_after=2026-02-14 00:00:00+00:00
[2026-02-14T16:20:10.680+0000] {processor.py:183} INFO - Processing /home/airflow/.local/lib/python3.12/site-packages/airflow/example_dags/example_branch_labels.py took 0.057 seconds
[2026-02-14T16:20:41.169+0000] {processor.py:161} INFO - Started process (PID=4002) to work on /home/airflow/.local/lib/python3.12/site-packages/airflow/example_dags/example_branch_labels.py
[2026-02-14T16:20:41.169+0000] {processor.py:830} INFO - Processing file /home/airflow/.local/lib/python3.12/site-packages/airflow/example_dags/example_branch_labels.py for tasks to queue
[2026-02-14T16:20:41.171+0000] {logging_mixin.py:188} INFO - [2026-02-14T16:20:41.170+0000] {dagbag.py:545} INFO - Filling up the DagBag from /home/airflow/.local/lib/python3.12/site-packages/airflow/example_dags/example_branch_labels.py
[2026-02-14T16:20:41.175+0000] {processor.py:840} INFO - DAG(s) 'example_branch_labels' retrieved from /home/airflow/.local/lib/python3.12/site-packages/airflow/example_dags/example_branch_labels.py
[2026-02-14T16:20:41.187+0000] {logging_mixin.py:188} INFO - [2026-02-14T16:20:41.187+0000] {dag.py:3089} INFO - Sync 1 DAGs
[2026-02-14T16:20:41.196+0000] {logging_mixin.py:188} INFO - [2026-02-14T16:20:41.196+0000] {dag.py:3947} INFO - Setting next_dagrun for example_branch_labels to 2026-02-13 00:00:00+00:00, run_after=2026-02-14 00:00:00+00:00
[2026-02-14T16:20:41.206+0000] {processor.py:183} INFO - Processing /home/airflow/.local/lib/python3.12/site-packages/airflow/example_dags/example_branch_labels.py took 0.041 seconds
[2026-02-14T16:21:11.818+0000] {processor.py:161} INFO - Started process (PID=4061) to work on /home/airflow/.local/lib/python3.12/site-packages/airflow/example_dags/example_branch_labels.py
[2026-02-14T16:21:11.818+0000] {processor.py:830} INFO - Processing file /home/airflow/.local/lib/python3.12/site-packages/airflow/example_dags/example_branch_labels.py for tasks to queue
[2026-02-14T16:21:11.819+0000] {logging_mixin.py:188} INFO - [2026-02-14T16:21:11.819+0000] {dagbag.py:545} INFO - Filling up the DagBag from /home/airflow/.local/lib/python3.12/site-packages/airflow/example_dags/example_branch_labels.py
[2026-02-14T16:21:11.822+0000] {processor.py:840} INFO - DAG(s) 'example_branch_labels' retrieved from /home/airflow/.local/lib/python3.12/site-packages/airflow/example_dags/example_branch_labels.py
[2026-02-14T16:21:11.830+0000] {logging_mixin.py:188} INFO - [2026-02-14T16:21:11.830+0000] {dag.py:3089} INFO - Sync 1 DAGs
[2026-02-14T16:21:11.838+0000] {logging_mixin.py:188} INFO - [2026-02-14T16:21:11.838+0000] {dag.py:3947} INFO - Setting next_dagrun for example_branch_labels to 2026-02-13 00:00:00+00:00, run_after=2026-02-14 00:00:00+00:00
[2026-02-14T16:21:11.846+0000] {processor.py:183} INFO - Processing /home/airflow/.local/lib/python3.12/site-packages/airflow/example_dags/example_branch_labels.py took 0.031 seconds
