[2026-02-14T15:46:37.621+0000] {processor.py:161} INFO - Started process (PID=53) to work on /home/airflow/.local/lib/python3.12/site-packages/airflow/example_dags/example_local_kubernetes_executor.py
[2026-02-14T15:46:37.622+0000] {processor.py:830} INFO - Processing file /home/airflow/.local/lib/python3.12/site-packages/airflow/example_dags/example_local_kubernetes_executor.py for tasks to queue
[2026-02-14T15:46:37.625+0000] {logging_mixin.py:188} INFO - [2026-02-14T15:46:37.625+0000] {dagbag.py:545} INFO - Filling up the DagBag from /home/airflow/.local/lib/python3.12/site-packages/airflow/example_dags/example_local_kubernetes_executor.py
[2026-02-14T15:46:37.634+0000] {processor.py:840} INFO - DAG(s) 'example_local_kubernetes_executor' retrieved from /home/airflow/.local/lib/python3.12/site-packages/airflow/example_dags/example_local_kubernetes_executor.py
[2026-02-14T15:46:37.651+0000] {logging_mixin.py:188} INFO - [2026-02-14T15:46:37.651+0000] {dag.py:3089} INFO - Sync 1 DAGs
[2026-02-14T15:46:37.666+0000] {logging_mixin.py:188} INFO - [2026-02-14T15:46:37.666+0000] {dag.py:3947} INFO - Setting next_dagrun for example_local_kubernetes_executor to None, run_after=None
[2026-02-14T15:46:37.685+0000] {processor.py:183} INFO - Processing /home/airflow/.local/lib/python3.12/site-packages/airflow/example_dags/example_local_kubernetes_executor.py took 0.073 seconds
[2026-02-14T15:47:08.562+0000] {processor.py:161} INFO - Started process (PID=112) to work on /home/airflow/.local/lib/python3.12/site-packages/airflow/example_dags/example_local_kubernetes_executor.py
[2026-02-14T15:47:08.563+0000] {processor.py:830} INFO - Processing file /home/airflow/.local/lib/python3.12/site-packages/airflow/example_dags/example_local_kubernetes_executor.py for tasks to queue
[2026-02-14T15:47:08.564+0000] {logging_mixin.py:188} INFO - [2026-02-14T15:47:08.564+0000] {dagbag.py:545} INFO - Filling up the DagBag from /home/airflow/.local/lib/python3.12/site-packages/airflow/example_dags/example_local_kubernetes_executor.py
[2026-02-14T15:47:08.568+0000] {processor.py:840} INFO - DAG(s) 'example_local_kubernetes_executor' retrieved from /home/airflow/.local/lib/python3.12/site-packages/airflow/example_dags/example_local_kubernetes_executor.py
[2026-02-14T15:47:08.613+0000] {logging_mixin.py:188} INFO - [2026-02-14T15:47:08.613+0000] {dag.py:3089} INFO - Sync 1 DAGs
[2026-02-14T15:47:08.616+0000] {logging_mixin.py:188} INFO - [2026-02-14T15:47:08.616+0000] {dag.py:3947} INFO - Setting next_dagrun for example_local_kubernetes_executor to None, run_after=None
[2026-02-14T15:47:08.622+0000] {processor.py:183} INFO - Processing /home/airflow/.local/lib/python3.12/site-packages/airflow/example_dags/example_local_kubernetes_executor.py took 0.062 seconds
[2026-02-14T15:47:39.640+0000] {processor.py:161} INFO - Started process (PID=177) to work on /home/airflow/.local/lib/python3.12/site-packages/airflow/example_dags/example_local_kubernetes_executor.py
[2026-02-14T15:47:39.641+0000] {processor.py:830} INFO - Processing file /home/airflow/.local/lib/python3.12/site-packages/airflow/example_dags/example_local_kubernetes_executor.py for tasks to queue
[2026-02-14T15:47:39.643+0000] {logging_mixin.py:188} INFO - [2026-02-14T15:47:39.642+0000] {dagbag.py:545} INFO - Filling up the DagBag from /home/airflow/.local/lib/python3.12/site-packages/airflow/example_dags/example_local_kubernetes_executor.py
[2026-02-14T15:47:39.651+0000] {processor.py:840} INFO - DAG(s) 'example_local_kubernetes_executor' retrieved from /home/airflow/.local/lib/python3.12/site-packages/airflow/example_dags/example_local_kubernetes_executor.py
[2026-02-14T15:47:39.674+0000] {logging_mixin.py:188} INFO - [2026-02-14T15:47:39.674+0000] {dag.py:3089} INFO - Sync 1 DAGs
[2026-02-14T15:47:39.680+0000] {logging_mixin.py:188} INFO - [2026-02-14T15:47:39.679+0000] {dag.py:3947} INFO - Setting next_dagrun for example_local_kubernetes_executor to None, run_after=None
[2026-02-14T15:47:39.688+0000] {processor.py:183} INFO - Processing /home/airflow/.local/lib/python3.12/site-packages/airflow/example_dags/example_local_kubernetes_executor.py took 0.055 seconds
[2026-02-14T15:48:10.268+0000] {processor.py:161} INFO - Started process (PID=236) to work on /home/airflow/.local/lib/python3.12/site-packages/airflow/example_dags/example_local_kubernetes_executor.py
[2026-02-14T15:48:10.270+0000] {processor.py:830} INFO - Processing file /home/airflow/.local/lib/python3.12/site-packages/airflow/example_dags/example_local_kubernetes_executor.py for tasks to queue
[2026-02-14T15:48:10.272+0000] {logging_mixin.py:188} INFO - [2026-02-14T15:48:10.272+0000] {dagbag.py:545} INFO - Filling up the DagBag from /home/airflow/.local/lib/python3.12/site-packages/airflow/example_dags/example_local_kubernetes_executor.py
[2026-02-14T15:48:10.279+0000] {processor.py:840} INFO - DAG(s) 'example_local_kubernetes_executor' retrieved from /home/airflow/.local/lib/python3.12/site-packages/airflow/example_dags/example_local_kubernetes_executor.py
[2026-02-14T15:48:10.302+0000] {logging_mixin.py:188} INFO - [2026-02-14T15:48:10.302+0000] {dag.py:3089} INFO - Sync 1 DAGs
[2026-02-14T15:48:10.308+0000] {logging_mixin.py:188} INFO - [2026-02-14T15:48:10.308+0000] {dag.py:3947} INFO - Setting next_dagrun for example_local_kubernetes_executor to None, run_after=None
[2026-02-14T15:48:10.318+0000] {processor.py:183} INFO - Processing /home/airflow/.local/lib/python3.12/site-packages/airflow/example_dags/example_local_kubernetes_executor.py took 0.057 seconds
[2026-02-14T15:48:40.857+0000] {processor.py:161} INFO - Started process (PID=295) to work on /home/airflow/.local/lib/python3.12/site-packages/airflow/example_dags/example_local_kubernetes_executor.py
[2026-02-14T15:48:40.858+0000] {processor.py:830} INFO - Processing file /home/airflow/.local/lib/python3.12/site-packages/airflow/example_dags/example_local_kubernetes_executor.py for tasks to queue
[2026-02-14T15:48:40.859+0000] {logging_mixin.py:188} INFO - [2026-02-14T15:48:40.859+0000] {dagbag.py:545} INFO - Filling up the DagBag from /home/airflow/.local/lib/python3.12/site-packages/airflow/example_dags/example_local_kubernetes_executor.py
[2026-02-14T15:48:40.865+0000] {processor.py:840} INFO - DAG(s) 'example_local_kubernetes_executor' retrieved from /home/airflow/.local/lib/python3.12/site-packages/airflow/example_dags/example_local_kubernetes_executor.py
[2026-02-14T15:48:40.884+0000] {logging_mixin.py:188} INFO - [2026-02-14T15:48:40.884+0000] {dag.py:3089} INFO - Sync 1 DAGs
[2026-02-14T15:48:40.890+0000] {logging_mixin.py:188} INFO - [2026-02-14T15:48:40.890+0000] {dag.py:3947} INFO - Setting next_dagrun for example_local_kubernetes_executor to None, run_after=None
[2026-02-14T15:48:40.899+0000] {processor.py:183} INFO - Processing /home/airflow/.local/lib/python3.12/site-packages/airflow/example_dags/example_local_kubernetes_executor.py took 0.047 seconds
[2026-02-14T15:49:11.503+0000] {processor.py:161} INFO - Started process (PID=354) to work on /home/airflow/.local/lib/python3.12/site-packages/airflow/example_dags/example_local_kubernetes_executor.py
[2026-02-14T15:49:11.504+0000] {processor.py:830} INFO - Processing file /home/airflow/.local/lib/python3.12/site-packages/airflow/example_dags/example_local_kubernetes_executor.py for tasks to queue
[2026-02-14T15:49:11.506+0000] {logging_mixin.py:188} INFO - [2026-02-14T15:49:11.505+0000] {dagbag.py:545} INFO - Filling up the DagBag from /home/airflow/.local/lib/python3.12/site-packages/airflow/example_dags/example_local_kubernetes_executor.py
[2026-02-14T15:49:11.513+0000] {processor.py:840} INFO - DAG(s) 'example_local_kubernetes_executor' retrieved from /home/airflow/.local/lib/python3.12/site-packages/airflow/example_dags/example_local_kubernetes_executor.py
[2026-02-14T15:49:11.535+0000] {logging_mixin.py:188} INFO - [2026-02-14T15:49:11.535+0000] {dag.py:3089} INFO - Sync 1 DAGs
[2026-02-14T15:49:11.541+0000] {logging_mixin.py:188} INFO - [2026-02-14T15:49:11.540+0000] {dag.py:3947} INFO - Setting next_dagrun for example_local_kubernetes_executor to None, run_after=None
[2026-02-14T15:49:11.551+0000] {processor.py:183} INFO - Processing /home/airflow/.local/lib/python3.12/site-packages/airflow/example_dags/example_local_kubernetes_executor.py took 0.055 seconds
[2026-02-14T15:49:41.873+0000] {processor.py:161} INFO - Started process (PID=413) to work on /home/airflow/.local/lib/python3.12/site-packages/airflow/example_dags/example_local_kubernetes_executor.py
[2026-02-14T15:49:41.873+0000] {processor.py:830} INFO - Processing file /home/airflow/.local/lib/python3.12/site-packages/airflow/example_dags/example_local_kubernetes_executor.py for tasks to queue
[2026-02-14T15:49:41.874+0000] {logging_mixin.py:188} INFO - [2026-02-14T15:49:41.874+0000] {dagbag.py:545} INFO - Filling up the DagBag from /home/airflow/.local/lib/python3.12/site-packages/airflow/example_dags/example_local_kubernetes_executor.py
[2026-02-14T15:49:41.877+0000] {processor.py:840} INFO - DAG(s) 'example_local_kubernetes_executor' retrieved from /home/airflow/.local/lib/python3.12/site-packages/airflow/example_dags/example_local_kubernetes_executor.py
[2026-02-14T15:49:41.894+0000] {logging_mixin.py:188} INFO - [2026-02-14T15:49:41.894+0000] {dag.py:3089} INFO - Sync 1 DAGs
[2026-02-14T15:49:41.900+0000] {logging_mixin.py:188} INFO - [2026-02-14T15:49:41.900+0000] {dag.py:3947} INFO - Setting next_dagrun for example_local_kubernetes_executor to None, run_after=None
[2026-02-14T15:49:41.909+0000] {processor.py:183} INFO - Processing /home/airflow/.local/lib/python3.12/site-packages/airflow/example_dags/example_local_kubernetes_executor.py took 0.038 seconds
[2026-02-14T15:50:12.283+0000] {processor.py:161} INFO - Started process (PID=472) to work on /home/airflow/.local/lib/python3.12/site-packages/airflow/example_dags/example_local_kubernetes_executor.py
[2026-02-14T15:50:12.284+0000] {processor.py:830} INFO - Processing file /home/airflow/.local/lib/python3.12/site-packages/airflow/example_dags/example_local_kubernetes_executor.py for tasks to queue
[2026-02-14T15:50:12.284+0000] {logging_mixin.py:188} INFO - [2026-02-14T15:50:12.284+0000] {dagbag.py:545} INFO - Filling up the DagBag from /home/airflow/.local/lib/python3.12/site-packages/airflow/example_dags/example_local_kubernetes_executor.py
[2026-02-14T15:50:12.288+0000] {processor.py:840} INFO - DAG(s) 'example_local_kubernetes_executor' retrieved from /home/airflow/.local/lib/python3.12/site-packages/airflow/example_dags/example_local_kubernetes_executor.py
[2026-02-14T15:50:12.305+0000] {logging_mixin.py:188} INFO - [2026-02-14T15:50:12.305+0000] {dag.py:3089} INFO - Sync 1 DAGs
[2026-02-14T15:50:12.309+0000] {logging_mixin.py:188} INFO - [2026-02-14T15:50:12.309+0000] {dag.py:3947} INFO - Setting next_dagrun for example_local_kubernetes_executor to None, run_after=None
[2026-02-14T15:50:12.324+0000] {processor.py:183} INFO - Processing /home/airflow/.local/lib/python3.12/site-packages/airflow/example_dags/example_local_kubernetes_executor.py took 0.043 seconds
[2026-02-14T15:50:42.731+0000] {processor.py:161} INFO - Started process (PID=531) to work on /home/airflow/.local/lib/python3.12/site-packages/airflow/example_dags/example_local_kubernetes_executor.py
[2026-02-14T15:50:42.733+0000] {processor.py:830} INFO - Processing file /home/airflow/.local/lib/python3.12/site-packages/airflow/example_dags/example_local_kubernetes_executor.py for tasks to queue
[2026-02-14T15:50:42.734+0000] {logging_mixin.py:188} INFO - [2026-02-14T15:50:42.734+0000] {dagbag.py:545} INFO - Filling up the DagBag from /home/airflow/.local/lib/python3.12/site-packages/airflow/example_dags/example_local_kubernetes_executor.py
[2026-02-14T15:50:42.741+0000] {processor.py:840} INFO - DAG(s) 'example_local_kubernetes_executor' retrieved from /home/airflow/.local/lib/python3.12/site-packages/airflow/example_dags/example_local_kubernetes_executor.py
[2026-02-14T15:50:42.769+0000] {logging_mixin.py:188} INFO - [2026-02-14T15:50:42.769+0000] {dag.py:3089} INFO - Sync 1 DAGs
[2026-02-14T15:50:42.778+0000] {logging_mixin.py:188} INFO - [2026-02-14T15:50:42.778+0000] {dag.py:3947} INFO - Setting next_dagrun for example_local_kubernetes_executor to None, run_after=None
[2026-02-14T15:50:42.792+0000] {processor.py:183} INFO - Processing /home/airflow/.local/lib/python3.12/site-packages/airflow/example_dags/example_local_kubernetes_executor.py took 0.067 seconds
[2026-02-14T15:51:13.448+0000] {processor.py:161} INFO - Started process (PID=590) to work on /home/airflow/.local/lib/python3.12/site-packages/airflow/example_dags/example_local_kubernetes_executor.py
[2026-02-14T15:51:13.449+0000] {processor.py:830} INFO - Processing file /home/airflow/.local/lib/python3.12/site-packages/airflow/example_dags/example_local_kubernetes_executor.py for tasks to queue
[2026-02-14T15:51:13.450+0000] {logging_mixin.py:188} INFO - [2026-02-14T15:51:13.450+0000] {dagbag.py:545} INFO - Filling up the DagBag from /home/airflow/.local/lib/python3.12/site-packages/airflow/example_dags/example_local_kubernetes_executor.py
[2026-02-14T15:51:13.455+0000] {processor.py:840} INFO - DAG(s) 'example_local_kubernetes_executor' retrieved from /home/airflow/.local/lib/python3.12/site-packages/airflow/example_dags/example_local_kubernetes_executor.py
[2026-02-14T15:51:13.480+0000] {logging_mixin.py:188} INFO - [2026-02-14T15:51:13.479+0000] {dag.py:3089} INFO - Sync 1 DAGs
[2026-02-14T15:51:13.487+0000] {logging_mixin.py:188} INFO - [2026-02-14T15:51:13.487+0000] {dag.py:3947} INFO - Setting next_dagrun for example_local_kubernetes_executor to None, run_after=None
[2026-02-14T15:51:13.497+0000] {processor.py:183} INFO - Processing /home/airflow/.local/lib/python3.12/site-packages/airflow/example_dags/example_local_kubernetes_executor.py took 0.055 seconds
[2026-02-14T15:51:43.967+0000] {processor.py:161} INFO - Started process (PID=649) to work on /home/airflow/.local/lib/python3.12/site-packages/airflow/example_dags/example_local_kubernetes_executor.py
[2026-02-14T15:51:43.968+0000] {processor.py:830} INFO - Processing file /home/airflow/.local/lib/python3.12/site-packages/airflow/example_dags/example_local_kubernetes_executor.py for tasks to queue
[2026-02-14T15:51:43.970+0000] {logging_mixin.py:188} INFO - [2026-02-14T15:51:43.970+0000] {dagbag.py:545} INFO - Filling up the DagBag from /home/airflow/.local/lib/python3.12/site-packages/airflow/example_dags/example_local_kubernetes_executor.py
[2026-02-14T15:51:43.976+0000] {processor.py:840} INFO - DAG(s) 'example_local_kubernetes_executor' retrieved from /home/airflow/.local/lib/python3.12/site-packages/airflow/example_dags/example_local_kubernetes_executor.py
[2026-02-14T15:51:44.005+0000] {logging_mixin.py:188} INFO - [2026-02-14T15:51:44.005+0000] {dag.py:3089} INFO - Sync 1 DAGs
[2026-02-14T15:51:44.011+0000] {logging_mixin.py:188} INFO - [2026-02-14T15:51:44.011+0000] {dag.py:3947} INFO - Setting next_dagrun for example_local_kubernetes_executor to None, run_after=None
[2026-02-14T15:51:44.021+0000] {processor.py:183} INFO - Processing /home/airflow/.local/lib/python3.12/site-packages/airflow/example_dags/example_local_kubernetes_executor.py took 0.060 seconds
[2026-02-14T15:52:14.419+0000] {processor.py:161} INFO - Started process (PID=708) to work on /home/airflow/.local/lib/python3.12/site-packages/airflow/example_dags/example_local_kubernetes_executor.py
[2026-02-14T15:52:14.420+0000] {processor.py:830} INFO - Processing file /home/airflow/.local/lib/python3.12/site-packages/airflow/example_dags/example_local_kubernetes_executor.py for tasks to queue
[2026-02-14T15:52:14.423+0000] {logging_mixin.py:188} INFO - [2026-02-14T15:52:14.422+0000] {dagbag.py:545} INFO - Filling up the DagBag from /home/airflow/.local/lib/python3.12/site-packages/airflow/example_dags/example_local_kubernetes_executor.py
[2026-02-14T15:52:14.428+0000] {processor.py:840} INFO - DAG(s) 'example_local_kubernetes_executor' retrieved from /home/airflow/.local/lib/python3.12/site-packages/airflow/example_dags/example_local_kubernetes_executor.py
[2026-02-14T15:52:14.454+0000] {logging_mixin.py:188} INFO - [2026-02-14T15:52:14.454+0000] {dag.py:3089} INFO - Sync 1 DAGs
[2026-02-14T15:52:14.462+0000] {logging_mixin.py:188} INFO - [2026-02-14T15:52:14.462+0000] {dag.py:3947} INFO - Setting next_dagrun for example_local_kubernetes_executor to None, run_after=None
[2026-02-14T15:52:14.478+0000] {processor.py:183} INFO - Processing /home/airflow/.local/lib/python3.12/site-packages/airflow/example_dags/example_local_kubernetes_executor.py took 0.064 seconds
[2026-02-14T15:52:44.888+0000] {processor.py:161} INFO - Started process (PID=767) to work on /home/airflow/.local/lib/python3.12/site-packages/airflow/example_dags/example_local_kubernetes_executor.py
[2026-02-14T15:52:44.889+0000] {processor.py:830} INFO - Processing file /home/airflow/.local/lib/python3.12/site-packages/airflow/example_dags/example_local_kubernetes_executor.py for tasks to queue
[2026-02-14T15:52:44.891+0000] {logging_mixin.py:188} INFO - [2026-02-14T15:52:44.891+0000] {dagbag.py:545} INFO - Filling up the DagBag from /home/airflow/.local/lib/python3.12/site-packages/airflow/example_dags/example_local_kubernetes_executor.py
[2026-02-14T15:52:44.895+0000] {processor.py:840} INFO - DAG(s) 'example_local_kubernetes_executor' retrieved from /home/airflow/.local/lib/python3.12/site-packages/airflow/example_dags/example_local_kubernetes_executor.py
[2026-02-14T15:52:44.913+0000] {logging_mixin.py:188} INFO - [2026-02-14T15:52:44.913+0000] {dag.py:3089} INFO - Sync 1 DAGs
[2026-02-14T15:52:44.918+0000] {logging_mixin.py:188} INFO - [2026-02-14T15:52:44.918+0000] {dag.py:3947} INFO - Setting next_dagrun for example_local_kubernetes_executor to None, run_after=None
[2026-02-14T15:52:44.927+0000] {processor.py:183} INFO - Processing /home/airflow/.local/lib/python3.12/site-packages/airflow/example_dags/example_local_kubernetes_executor.py took 0.043 seconds
[2026-02-14T15:53:15.238+0000] {processor.py:161} INFO - Started process (PID=826) to work on /home/airflow/.local/lib/python3.12/site-packages/airflow/example_dags/example_local_kubernetes_executor.py
[2026-02-14T15:53:15.240+0000] {processor.py:830} INFO - Processing file /home/airflow/.local/lib/python3.12/site-packages/airflow/example_dags/example_local_kubernetes_executor.py for tasks to queue
[2026-02-14T15:53:15.243+0000] {logging_mixin.py:188} INFO - [2026-02-14T15:53:15.242+0000] {dagbag.py:545} INFO - Filling up the DagBag from /home/airflow/.local/lib/python3.12/site-packages/airflow/example_dags/example_local_kubernetes_executor.py
[2026-02-14T15:53:15.251+0000] {processor.py:840} INFO - DAG(s) 'example_local_kubernetes_executor' retrieved from /home/airflow/.local/lib/python3.12/site-packages/airflow/example_dags/example_local_kubernetes_executor.py
[2026-02-14T15:53:15.271+0000] {logging_mixin.py:188} INFO - [2026-02-14T15:53:15.271+0000] {dag.py:3089} INFO - Sync 1 DAGs
[2026-02-14T15:53:15.276+0000] {logging_mixin.py:188} INFO - [2026-02-14T15:53:15.276+0000] {dag.py:3947} INFO - Setting next_dagrun for example_local_kubernetes_executor to None, run_after=None
[2026-02-14T15:53:15.285+0000] {processor.py:183} INFO - Processing /home/airflow/.local/lib/python3.12/site-packages/airflow/example_dags/example_local_kubernetes_executor.py took 0.054 seconds
[2026-02-14T15:53:45.561+0000] {processor.py:161} INFO - Started process (PID=885) to work on /home/airflow/.local/lib/python3.12/site-packages/airflow/example_dags/example_local_kubernetes_executor.py
[2026-02-14T15:53:45.562+0000] {processor.py:830} INFO - Processing file /home/airflow/.local/lib/python3.12/site-packages/airflow/example_dags/example_local_kubernetes_executor.py for tasks to queue
[2026-02-14T15:53:45.564+0000] {logging_mixin.py:188} INFO - [2026-02-14T15:53:45.564+0000] {dagbag.py:545} INFO - Filling up the DagBag from /home/airflow/.local/lib/python3.12/site-packages/airflow/example_dags/example_local_kubernetes_executor.py
[2026-02-14T15:53:45.575+0000] {processor.py:840} INFO - DAG(s) 'example_local_kubernetes_executor' retrieved from /home/airflow/.local/lib/python3.12/site-packages/airflow/example_dags/example_local_kubernetes_executor.py
[2026-02-14T15:53:45.596+0000] {logging_mixin.py:188} INFO - [2026-02-14T15:53:45.595+0000] {dag.py:3089} INFO - Sync 1 DAGs
[2026-02-14T15:53:45.601+0000] {logging_mixin.py:188} INFO - [2026-02-14T15:53:45.601+0000] {dag.py:3947} INFO - Setting next_dagrun for example_local_kubernetes_executor to None, run_after=None
[2026-02-14T15:53:45.613+0000] {processor.py:183} INFO - Processing /home/airflow/.local/lib/python3.12/site-packages/airflow/example_dags/example_local_kubernetes_executor.py took 0.058 seconds
[2026-02-14T15:54:15.995+0000] {processor.py:161} INFO - Started process (PID=944) to work on /home/airflow/.local/lib/python3.12/site-packages/airflow/example_dags/example_local_kubernetes_executor.py
[2026-02-14T15:54:15.996+0000] {processor.py:830} INFO - Processing file /home/airflow/.local/lib/python3.12/site-packages/airflow/example_dags/example_local_kubernetes_executor.py for tasks to queue
[2026-02-14T15:54:15.997+0000] {logging_mixin.py:188} INFO - [2026-02-14T15:54:15.997+0000] {dagbag.py:545} INFO - Filling up the DagBag from /home/airflow/.local/lib/python3.12/site-packages/airflow/example_dags/example_local_kubernetes_executor.py
[2026-02-14T15:54:16.003+0000] {processor.py:840} INFO - DAG(s) 'example_local_kubernetes_executor' retrieved from /home/airflow/.local/lib/python3.12/site-packages/airflow/example_dags/example_local_kubernetes_executor.py
[2026-02-14T15:54:16.026+0000] {logging_mixin.py:188} INFO - [2026-02-14T15:54:16.025+0000] {dag.py:3089} INFO - Sync 1 DAGs
[2026-02-14T15:54:16.033+0000] {logging_mixin.py:188} INFO - [2026-02-14T15:54:16.033+0000] {dag.py:3947} INFO - Setting next_dagrun for example_local_kubernetes_executor to None, run_after=None
[2026-02-14T15:54:16.045+0000] {processor.py:183} INFO - Processing /home/airflow/.local/lib/python3.12/site-packages/airflow/example_dags/example_local_kubernetes_executor.py took 0.056 seconds
[2026-02-14T15:54:46.510+0000] {processor.py:161} INFO - Started process (PID=1003) to work on /home/airflow/.local/lib/python3.12/site-packages/airflow/example_dags/example_local_kubernetes_executor.py
[2026-02-14T15:54:46.511+0000] {processor.py:830} INFO - Processing file /home/airflow/.local/lib/python3.12/site-packages/airflow/example_dags/example_local_kubernetes_executor.py for tasks to queue
[2026-02-14T15:54:46.513+0000] {logging_mixin.py:188} INFO - [2026-02-14T15:54:46.513+0000] {dagbag.py:545} INFO - Filling up the DagBag from /home/airflow/.local/lib/python3.12/site-packages/airflow/example_dags/example_local_kubernetes_executor.py
[2026-02-14T15:54:46.521+0000] {processor.py:840} INFO - DAG(s) 'example_local_kubernetes_executor' retrieved from /home/airflow/.local/lib/python3.12/site-packages/airflow/example_dags/example_local_kubernetes_executor.py
[2026-02-14T15:54:46.544+0000] {logging_mixin.py:188} INFO - [2026-02-14T15:54:46.544+0000] {dag.py:3089} INFO - Sync 1 DAGs
[2026-02-14T15:54:46.550+0000] {logging_mixin.py:188} INFO - [2026-02-14T15:54:46.550+0000] {dag.py:3947} INFO - Setting next_dagrun for example_local_kubernetes_executor to None, run_after=None
[2026-02-14T15:54:46.561+0000] {processor.py:183} INFO - Processing /home/airflow/.local/lib/python3.12/site-packages/airflow/example_dags/example_local_kubernetes_executor.py took 0.057 seconds
[2026-02-14T15:55:16.941+0000] {processor.py:161} INFO - Started process (PID=1062) to work on /home/airflow/.local/lib/python3.12/site-packages/airflow/example_dags/example_local_kubernetes_executor.py
[2026-02-14T15:55:16.943+0000] {processor.py:830} INFO - Processing file /home/airflow/.local/lib/python3.12/site-packages/airflow/example_dags/example_local_kubernetes_executor.py for tasks to queue
[2026-02-14T15:55:16.945+0000] {logging_mixin.py:188} INFO - [2026-02-14T15:55:16.945+0000] {dagbag.py:545} INFO - Filling up the DagBag from /home/airflow/.local/lib/python3.12/site-packages/airflow/example_dags/example_local_kubernetes_executor.py
[2026-02-14T15:55:16.953+0000] {processor.py:840} INFO - DAG(s) 'example_local_kubernetes_executor' retrieved from /home/airflow/.local/lib/python3.12/site-packages/airflow/example_dags/example_local_kubernetes_executor.py
[2026-02-14T15:55:17.011+0000] {logging_mixin.py:188} INFO - [2026-02-14T15:55:17.010+0000] {dag.py:3089} INFO - Sync 1 DAGs
[2026-02-14T15:55:17.048+0000] {logging_mixin.py:188} INFO - [2026-02-14T15:55:17.048+0000] {dag.py:3947} INFO - Setting next_dagrun for example_local_kubernetes_executor to None, run_after=None
[2026-02-14T15:55:17.102+0000] {processor.py:183} INFO - Processing /home/airflow/.local/lib/python3.12/site-packages/airflow/example_dags/example_local_kubernetes_executor.py took 0.166 seconds
[2026-02-14T15:55:47.427+0000] {processor.py:161} INFO - Started process (PID=1120) to work on /home/airflow/.local/lib/python3.12/site-packages/airflow/example_dags/example_local_kubernetes_executor.py
[2026-02-14T15:55:47.428+0000] {processor.py:830} INFO - Processing file /home/airflow/.local/lib/python3.12/site-packages/airflow/example_dags/example_local_kubernetes_executor.py for tasks to queue
[2026-02-14T15:55:47.429+0000] {logging_mixin.py:188} INFO - [2026-02-14T15:55:47.428+0000] {dagbag.py:545} INFO - Filling up the DagBag from /home/airflow/.local/lib/python3.12/site-packages/airflow/example_dags/example_local_kubernetes_executor.py
[2026-02-14T15:55:47.432+0000] {processor.py:840} INFO - DAG(s) 'example_local_kubernetes_executor' retrieved from /home/airflow/.local/lib/python3.12/site-packages/airflow/example_dags/example_local_kubernetes_executor.py
[2026-02-14T15:55:47.448+0000] {logging_mixin.py:188} INFO - [2026-02-14T15:55:47.448+0000] {dag.py:3089} INFO - Sync 1 DAGs
[2026-02-14T15:55:47.453+0000] {logging_mixin.py:188} INFO - [2026-02-14T15:55:47.453+0000] {dag.py:3947} INFO - Setting next_dagrun for example_local_kubernetes_executor to None, run_after=None
[2026-02-14T15:55:47.459+0000] {processor.py:183} INFO - Processing /home/airflow/.local/lib/python3.12/site-packages/airflow/example_dags/example_local_kubernetes_executor.py took 0.035 seconds
[2026-02-14T15:56:17.937+0000] {processor.py:161} INFO - Started process (PID=1179) to work on /home/airflow/.local/lib/python3.12/site-packages/airflow/example_dags/example_local_kubernetes_executor.py
[2026-02-14T15:56:17.938+0000] {processor.py:830} INFO - Processing file /home/airflow/.local/lib/python3.12/site-packages/airflow/example_dags/example_local_kubernetes_executor.py for tasks to queue
[2026-02-14T15:56:17.940+0000] {logging_mixin.py:188} INFO - [2026-02-14T15:56:17.940+0000] {dagbag.py:545} INFO - Filling up the DagBag from /home/airflow/.local/lib/python3.12/site-packages/airflow/example_dags/example_local_kubernetes_executor.py
[2026-02-14T15:56:17.947+0000] {processor.py:840} INFO - DAG(s) 'example_local_kubernetes_executor' retrieved from /home/airflow/.local/lib/python3.12/site-packages/airflow/example_dags/example_local_kubernetes_executor.py
[2026-02-14T15:56:17.970+0000] {logging_mixin.py:188} INFO - [2026-02-14T15:56:17.969+0000] {dag.py:3089} INFO - Sync 1 DAGs
[2026-02-14T15:56:17.975+0000] {logging_mixin.py:188} INFO - [2026-02-14T15:56:17.975+0000] {dag.py:3947} INFO - Setting next_dagrun for example_local_kubernetes_executor to None, run_after=None
[2026-02-14T15:56:17.984+0000] {processor.py:183} INFO - Processing /home/airflow/.local/lib/python3.12/site-packages/airflow/example_dags/example_local_kubernetes_executor.py took 0.054 seconds
[2026-02-14T15:56:48.453+0000] {processor.py:161} INFO - Started process (PID=1238) to work on /home/airflow/.local/lib/python3.12/site-packages/airflow/example_dags/example_local_kubernetes_executor.py
[2026-02-14T15:56:48.453+0000] {processor.py:830} INFO - Processing file /home/airflow/.local/lib/python3.12/site-packages/airflow/example_dags/example_local_kubernetes_executor.py for tasks to queue
[2026-02-14T15:56:48.455+0000] {logging_mixin.py:188} INFO - [2026-02-14T15:56:48.455+0000] {dagbag.py:545} INFO - Filling up the DagBag from /home/airflow/.local/lib/python3.12/site-packages/airflow/example_dags/example_local_kubernetes_executor.py
[2026-02-14T15:56:48.460+0000] {processor.py:840} INFO - DAG(s) 'example_local_kubernetes_executor' retrieved from /home/airflow/.local/lib/python3.12/site-packages/airflow/example_dags/example_local_kubernetes_executor.py
[2026-02-14T15:56:48.482+0000] {logging_mixin.py:188} INFO - [2026-02-14T15:56:48.482+0000] {dag.py:3089} INFO - Sync 1 DAGs
[2026-02-14T15:56:48.488+0000] {logging_mixin.py:188} INFO - [2026-02-14T15:56:48.488+0000] {dag.py:3947} INFO - Setting next_dagrun for example_local_kubernetes_executor to None, run_after=None
[2026-02-14T15:56:48.498+0000] {processor.py:183} INFO - Processing /home/airflow/.local/lib/python3.12/site-packages/airflow/example_dags/example_local_kubernetes_executor.py took 0.050 seconds
[2026-02-14T15:57:19.188+0000] {processor.py:161} INFO - Started process (PID=1297) to work on /home/airflow/.local/lib/python3.12/site-packages/airflow/example_dags/example_local_kubernetes_executor.py
[2026-02-14T15:57:19.189+0000] {processor.py:830} INFO - Processing file /home/airflow/.local/lib/python3.12/site-packages/airflow/example_dags/example_local_kubernetes_executor.py for tasks to queue
[2026-02-14T15:57:19.190+0000] {logging_mixin.py:188} INFO - [2026-02-14T15:57:19.190+0000] {dagbag.py:545} INFO - Filling up the DagBag from /home/airflow/.local/lib/python3.12/site-packages/airflow/example_dags/example_local_kubernetes_executor.py
[2026-02-14T15:57:19.196+0000] {processor.py:840} INFO - DAG(s) 'example_local_kubernetes_executor' retrieved from /home/airflow/.local/lib/python3.12/site-packages/airflow/example_dags/example_local_kubernetes_executor.py
[2026-02-14T15:57:19.222+0000] {logging_mixin.py:188} INFO - [2026-02-14T15:57:19.222+0000] {dag.py:3089} INFO - Sync 1 DAGs
[2026-02-14T15:57:19.228+0000] {logging_mixin.py:188} INFO - [2026-02-14T15:57:19.228+0000] {dag.py:3947} INFO - Setting next_dagrun for example_local_kubernetes_executor to None, run_after=None
[2026-02-14T15:57:19.237+0000] {processor.py:183} INFO - Processing /home/airflow/.local/lib/python3.12/site-packages/airflow/example_dags/example_local_kubernetes_executor.py took 0.057 seconds
[2026-02-14T15:57:49.823+0000] {processor.py:161} INFO - Started process (PID=1356) to work on /home/airflow/.local/lib/python3.12/site-packages/airflow/example_dags/example_local_kubernetes_executor.py
[2026-02-14T15:57:49.824+0000] {processor.py:830} INFO - Processing file /home/airflow/.local/lib/python3.12/site-packages/airflow/example_dags/example_local_kubernetes_executor.py for tasks to queue
[2026-02-14T15:57:49.825+0000] {logging_mixin.py:188} INFO - [2026-02-14T15:57:49.825+0000] {dagbag.py:545} INFO - Filling up the DagBag from /home/airflow/.local/lib/python3.12/site-packages/airflow/example_dags/example_local_kubernetes_executor.py
[2026-02-14T15:57:49.836+0000] {processor.py:840} INFO - DAG(s) 'example_local_kubernetes_executor' retrieved from /home/airflow/.local/lib/python3.12/site-packages/airflow/example_dags/example_local_kubernetes_executor.py
[2026-02-14T15:57:49.870+0000] {logging_mixin.py:188} INFO - [2026-02-14T15:57:49.870+0000] {dag.py:3089} INFO - Sync 1 DAGs
[2026-02-14T15:57:49.877+0000] {logging_mixin.py:188} INFO - [2026-02-14T15:57:49.877+0000] {dag.py:3947} INFO - Setting next_dagrun for example_local_kubernetes_executor to None, run_after=None
[2026-02-14T15:57:49.888+0000] {processor.py:183} INFO - Processing /home/airflow/.local/lib/python3.12/site-packages/airflow/example_dags/example_local_kubernetes_executor.py took 0.069 seconds
[2026-02-14T15:58:20.135+0000] {processor.py:161} INFO - Started process (PID=1415) to work on /home/airflow/.local/lib/python3.12/site-packages/airflow/example_dags/example_local_kubernetes_executor.py
[2026-02-14T15:58:20.138+0000] {processor.py:830} INFO - Processing file /home/airflow/.local/lib/python3.12/site-packages/airflow/example_dags/example_local_kubernetes_executor.py for tasks to queue
[2026-02-14T15:58:20.140+0000] {logging_mixin.py:188} INFO - [2026-02-14T15:58:20.139+0000] {dagbag.py:545} INFO - Filling up the DagBag from /home/airflow/.local/lib/python3.12/site-packages/airflow/example_dags/example_local_kubernetes_executor.py
[2026-02-14T15:58:20.147+0000] {processor.py:840} INFO - DAG(s) 'example_local_kubernetes_executor' retrieved from /home/airflow/.local/lib/python3.12/site-packages/airflow/example_dags/example_local_kubernetes_executor.py
[2026-02-14T15:58:20.167+0000] {logging_mixin.py:188} INFO - [2026-02-14T15:58:20.167+0000] {dag.py:3089} INFO - Sync 1 DAGs
[2026-02-14T15:58:20.174+0000] {logging_mixin.py:188} INFO - [2026-02-14T15:58:20.174+0000] {dag.py:3947} INFO - Setting next_dagrun for example_local_kubernetes_executor to None, run_after=None
[2026-02-14T15:58:20.183+0000] {processor.py:183} INFO - Processing /home/airflow/.local/lib/python3.12/site-packages/airflow/example_dags/example_local_kubernetes_executor.py took 0.052 seconds
[2026-02-14T15:58:50.526+0000] {processor.py:161} INFO - Started process (PID=1474) to work on /home/airflow/.local/lib/python3.12/site-packages/airflow/example_dags/example_local_kubernetes_executor.py
[2026-02-14T15:58:50.528+0000] {processor.py:830} INFO - Processing file /home/airflow/.local/lib/python3.12/site-packages/airflow/example_dags/example_local_kubernetes_executor.py for tasks to queue
[2026-02-14T15:58:50.530+0000] {logging_mixin.py:188} INFO - [2026-02-14T15:58:50.530+0000] {dagbag.py:545} INFO - Filling up the DagBag from /home/airflow/.local/lib/python3.12/site-packages/airflow/example_dags/example_local_kubernetes_executor.py
[2026-02-14T15:58:50.537+0000] {processor.py:840} INFO - DAG(s) 'example_local_kubernetes_executor' retrieved from /home/airflow/.local/lib/python3.12/site-packages/airflow/example_dags/example_local_kubernetes_executor.py
[2026-02-14T15:58:50.559+0000] {logging_mixin.py:188} INFO - [2026-02-14T15:58:50.558+0000] {dag.py:3089} INFO - Sync 1 DAGs
[2026-02-14T15:58:50.565+0000] {logging_mixin.py:188} INFO - [2026-02-14T15:58:50.565+0000] {dag.py:3947} INFO - Setting next_dagrun for example_local_kubernetes_executor to None, run_after=None
[2026-02-14T15:58:50.575+0000] {processor.py:183} INFO - Processing /home/airflow/.local/lib/python3.12/site-packages/airflow/example_dags/example_local_kubernetes_executor.py took 0.055 seconds
[2026-02-14T15:59:20.849+0000] {processor.py:161} INFO - Started process (PID=1533) to work on /home/airflow/.local/lib/python3.12/site-packages/airflow/example_dags/example_local_kubernetes_executor.py
[2026-02-14T15:59:20.850+0000] {processor.py:830} INFO - Processing file /home/airflow/.local/lib/python3.12/site-packages/airflow/example_dags/example_local_kubernetes_executor.py for tasks to queue
[2026-02-14T15:59:20.852+0000] {logging_mixin.py:188} INFO - [2026-02-14T15:59:20.851+0000] {dagbag.py:545} INFO - Filling up the DagBag from /home/airflow/.local/lib/python3.12/site-packages/airflow/example_dags/example_local_kubernetes_executor.py
[2026-02-14T15:59:20.859+0000] {processor.py:840} INFO - DAG(s) 'example_local_kubernetes_executor' retrieved from /home/airflow/.local/lib/python3.12/site-packages/airflow/example_dags/example_local_kubernetes_executor.py
[2026-02-14T15:59:20.881+0000] {logging_mixin.py:188} INFO - [2026-02-14T15:59:20.881+0000] {dag.py:3089} INFO - Sync 1 DAGs
[2026-02-14T15:59:20.888+0000] {logging_mixin.py:188} INFO - [2026-02-14T15:59:20.888+0000] {dag.py:3947} INFO - Setting next_dagrun for example_local_kubernetes_executor to None, run_after=None
[2026-02-14T15:59:20.899+0000] {processor.py:183} INFO - Processing /home/airflow/.local/lib/python3.12/site-packages/airflow/example_dags/example_local_kubernetes_executor.py took 0.057 seconds
[2026-02-14T15:59:50.930+0000] {processor.py:161} INFO - Started process (PID=1592) to work on /home/airflow/.local/lib/python3.12/site-packages/airflow/example_dags/example_local_kubernetes_executor.py
[2026-02-14T15:59:50.930+0000] {processor.py:830} INFO - Processing file /home/airflow/.local/lib/python3.12/site-packages/airflow/example_dags/example_local_kubernetes_executor.py for tasks to queue
[2026-02-14T15:59:50.931+0000] {logging_mixin.py:188} INFO - [2026-02-14T15:59:50.931+0000] {dagbag.py:545} INFO - Filling up the DagBag from /home/airflow/.local/lib/python3.12/site-packages/airflow/example_dags/example_local_kubernetes_executor.py
[2026-02-14T15:59:50.934+0000] {processor.py:840} INFO - DAG(s) 'example_local_kubernetes_executor' retrieved from /home/airflow/.local/lib/python3.12/site-packages/airflow/example_dags/example_local_kubernetes_executor.py
[2026-02-14T15:59:51.011+0000] {logging_mixin.py:188} INFO - [2026-02-14T15:59:51.011+0000] {dag.py:3089} INFO - Sync 1 DAGs
[2026-02-14T15:59:51.015+0000] {logging_mixin.py:188} INFO - [2026-02-14T15:59:51.015+0000] {dag.py:3947} INFO - Setting next_dagrun for example_local_kubernetes_executor to None, run_after=None
[2026-02-14T15:59:51.023+0000] {processor.py:183} INFO - Processing /home/airflow/.local/lib/python3.12/site-packages/airflow/example_dags/example_local_kubernetes_executor.py took 0.095 seconds
[2026-02-14T16:00:21.985+0000] {processor.py:161} INFO - Started process (PID=1651) to work on /home/airflow/.local/lib/python3.12/site-packages/airflow/example_dags/example_local_kubernetes_executor.py
[2026-02-14T16:00:21.986+0000] {processor.py:830} INFO - Processing file /home/airflow/.local/lib/python3.12/site-packages/airflow/example_dags/example_local_kubernetes_executor.py for tasks to queue
[2026-02-14T16:00:21.988+0000] {logging_mixin.py:188} INFO - [2026-02-14T16:00:21.988+0000] {dagbag.py:545} INFO - Filling up the DagBag from /home/airflow/.local/lib/python3.12/site-packages/airflow/example_dags/example_local_kubernetes_executor.py
[2026-02-14T16:00:21.995+0000] {processor.py:840} INFO - DAG(s) 'example_local_kubernetes_executor' retrieved from /home/airflow/.local/lib/python3.12/site-packages/airflow/example_dags/example_local_kubernetes_executor.py
[2026-02-14T16:00:22.015+0000] {logging_mixin.py:188} INFO - [2026-02-14T16:00:22.015+0000] {dag.py:3089} INFO - Sync 1 DAGs
[2026-02-14T16:00:22.021+0000] {logging_mixin.py:188} INFO - [2026-02-14T16:00:22.021+0000] {dag.py:3947} INFO - Setting next_dagrun for example_local_kubernetes_executor to None, run_after=None
[2026-02-14T16:00:22.031+0000] {processor.py:183} INFO - Processing /home/airflow/.local/lib/python3.12/site-packages/airflow/example_dags/example_local_kubernetes_executor.py took 0.053 seconds
[2026-02-14T16:00:52.512+0000] {processor.py:161} INFO - Started process (PID=1710) to work on /home/airflow/.local/lib/python3.12/site-packages/airflow/example_dags/example_local_kubernetes_executor.py
[2026-02-14T16:00:52.514+0000] {processor.py:830} INFO - Processing file /home/airflow/.local/lib/python3.12/site-packages/airflow/example_dags/example_local_kubernetes_executor.py for tasks to queue
[2026-02-14T16:00:52.516+0000] {logging_mixin.py:188} INFO - [2026-02-14T16:00:52.515+0000] {dagbag.py:545} INFO - Filling up the DagBag from /home/airflow/.local/lib/python3.12/site-packages/airflow/example_dags/example_local_kubernetes_executor.py
[2026-02-14T16:00:52.524+0000] {processor.py:840} INFO - DAG(s) 'example_local_kubernetes_executor' retrieved from /home/airflow/.local/lib/python3.12/site-packages/airflow/example_dags/example_local_kubernetes_executor.py
[2026-02-14T16:00:52.551+0000] {logging_mixin.py:188} INFO - [2026-02-14T16:00:52.551+0000] {dag.py:3089} INFO - Sync 1 DAGs
[2026-02-14T16:00:52.558+0000] {logging_mixin.py:188} INFO - [2026-02-14T16:00:52.558+0000] {dag.py:3947} INFO - Setting next_dagrun for example_local_kubernetes_executor to None, run_after=None
[2026-02-14T16:00:52.568+0000] {processor.py:183} INFO - Processing /home/airflow/.local/lib/python3.12/site-packages/airflow/example_dags/example_local_kubernetes_executor.py took 0.062 seconds
[2026-02-14T16:01:23.001+0000] {processor.py:161} INFO - Started process (PID=1769) to work on /home/airflow/.local/lib/python3.12/site-packages/airflow/example_dags/example_local_kubernetes_executor.py
[2026-02-14T16:01:23.002+0000] {processor.py:830} INFO - Processing file /home/airflow/.local/lib/python3.12/site-packages/airflow/example_dags/example_local_kubernetes_executor.py for tasks to queue
[2026-02-14T16:01:23.004+0000] {logging_mixin.py:188} INFO - [2026-02-14T16:01:23.004+0000] {dagbag.py:545} INFO - Filling up the DagBag from /home/airflow/.local/lib/python3.12/site-packages/airflow/example_dags/example_local_kubernetes_executor.py
[2026-02-14T16:01:23.010+0000] {processor.py:840} INFO - DAG(s) 'example_local_kubernetes_executor' retrieved from /home/airflow/.local/lib/python3.12/site-packages/airflow/example_dags/example_local_kubernetes_executor.py
[2026-02-14T16:01:23.034+0000] {logging_mixin.py:188} INFO - [2026-02-14T16:01:23.034+0000] {dag.py:3089} INFO - Sync 1 DAGs
[2026-02-14T16:01:23.040+0000] {logging_mixin.py:188} INFO - [2026-02-14T16:01:23.040+0000] {dag.py:3947} INFO - Setting next_dagrun for example_local_kubernetes_executor to None, run_after=None
[2026-02-14T16:01:23.048+0000] {processor.py:183} INFO - Processing /home/airflow/.local/lib/python3.12/site-packages/airflow/example_dags/example_local_kubernetes_executor.py took 0.053 seconds
[2026-02-14T16:01:53.336+0000] {processor.py:161} INFO - Started process (PID=1828) to work on /home/airflow/.local/lib/python3.12/site-packages/airflow/example_dags/example_local_kubernetes_executor.py
[2026-02-14T16:01:53.337+0000] {processor.py:830} INFO - Processing file /home/airflow/.local/lib/python3.12/site-packages/airflow/example_dags/example_local_kubernetes_executor.py for tasks to queue
[2026-02-14T16:01:53.338+0000] {logging_mixin.py:188} INFO - [2026-02-14T16:01:53.337+0000] {dagbag.py:545} INFO - Filling up the DagBag from /home/airflow/.local/lib/python3.12/site-packages/airflow/example_dags/example_local_kubernetes_executor.py
[2026-02-14T16:01:53.342+0000] {processor.py:840} INFO - DAG(s) 'example_local_kubernetes_executor' retrieved from /home/airflow/.local/lib/python3.12/site-packages/airflow/example_dags/example_local_kubernetes_executor.py
[2026-02-14T16:01:53.359+0000] {logging_mixin.py:188} INFO - [2026-02-14T16:01:53.359+0000] {dag.py:3089} INFO - Sync 1 DAGs
[2026-02-14T16:01:53.365+0000] {logging_mixin.py:188} INFO - [2026-02-14T16:01:53.365+0000] {dag.py:3947} INFO - Setting next_dagrun for example_local_kubernetes_executor to None, run_after=None
[2026-02-14T16:01:53.375+0000] {processor.py:183} INFO - Processing /home/airflow/.local/lib/python3.12/site-packages/airflow/example_dags/example_local_kubernetes_executor.py took 0.043 seconds
[2026-02-14T16:02:23.751+0000] {processor.py:161} INFO - Started process (PID=1887) to work on /home/airflow/.local/lib/python3.12/site-packages/airflow/example_dags/example_local_kubernetes_executor.py
[2026-02-14T16:02:23.751+0000] {processor.py:830} INFO - Processing file /home/airflow/.local/lib/python3.12/site-packages/airflow/example_dags/example_local_kubernetes_executor.py for tasks to queue
[2026-02-14T16:02:23.754+0000] {logging_mixin.py:188} INFO - [2026-02-14T16:02:23.754+0000] {dagbag.py:545} INFO - Filling up the DagBag from /home/airflow/.local/lib/python3.12/site-packages/airflow/example_dags/example_local_kubernetes_executor.py
[2026-02-14T16:02:23.761+0000] {processor.py:840} INFO - DAG(s) 'example_local_kubernetes_executor' retrieved from /home/airflow/.local/lib/python3.12/site-packages/airflow/example_dags/example_local_kubernetes_executor.py
[2026-02-14T16:02:23.789+0000] {logging_mixin.py:188} INFO - [2026-02-14T16:02:23.789+0000] {dag.py:3089} INFO - Sync 1 DAGs
[2026-02-14T16:02:23.796+0000] {logging_mixin.py:188} INFO - [2026-02-14T16:02:23.796+0000] {dag.py:3947} INFO - Setting next_dagrun for example_local_kubernetes_executor to None, run_after=None
[2026-02-14T16:02:23.806+0000] {processor.py:183} INFO - Processing /home/airflow/.local/lib/python3.12/site-packages/airflow/example_dags/example_local_kubernetes_executor.py took 0.059 seconds
[2026-02-14T16:02:54.198+0000] {processor.py:161} INFO - Started process (PID=1946) to work on /home/airflow/.local/lib/python3.12/site-packages/airflow/example_dags/example_local_kubernetes_executor.py
[2026-02-14T16:02:54.200+0000] {processor.py:830} INFO - Processing file /home/airflow/.local/lib/python3.12/site-packages/airflow/example_dags/example_local_kubernetes_executor.py for tasks to queue
[2026-02-14T16:02:54.204+0000] {logging_mixin.py:188} INFO - [2026-02-14T16:02:54.203+0000] {dagbag.py:545} INFO - Filling up the DagBag from /home/airflow/.local/lib/python3.12/site-packages/airflow/example_dags/example_local_kubernetes_executor.py
[2026-02-14T16:02:54.210+0000] {processor.py:840} INFO - DAG(s) 'example_local_kubernetes_executor' retrieved from /home/airflow/.local/lib/python3.12/site-packages/airflow/example_dags/example_local_kubernetes_executor.py
[2026-02-14T16:02:54.236+0000] {logging_mixin.py:188} INFO - [2026-02-14T16:02:54.236+0000] {dag.py:3089} INFO - Sync 1 DAGs
[2026-02-14T16:02:54.243+0000] {logging_mixin.py:188} INFO - [2026-02-14T16:02:54.243+0000] {dag.py:3947} INFO - Setting next_dagrun for example_local_kubernetes_executor to None, run_after=None
[2026-02-14T16:02:54.255+0000] {processor.py:183} INFO - Processing /home/airflow/.local/lib/python3.12/site-packages/airflow/example_dags/example_local_kubernetes_executor.py took 0.061 seconds
[2026-02-14T16:03:24.788+0000] {processor.py:161} INFO - Started process (PID=2005) to work on /home/airflow/.local/lib/python3.12/site-packages/airflow/example_dags/example_local_kubernetes_executor.py
[2026-02-14T16:03:24.792+0000] {processor.py:830} INFO - Processing file /home/airflow/.local/lib/python3.12/site-packages/airflow/example_dags/example_local_kubernetes_executor.py for tasks to queue
[2026-02-14T16:03:24.794+0000] {logging_mixin.py:188} INFO - [2026-02-14T16:03:24.793+0000] {dagbag.py:545} INFO - Filling up the DagBag from /home/airflow/.local/lib/python3.12/site-packages/airflow/example_dags/example_local_kubernetes_executor.py
[2026-02-14T16:03:24.801+0000] {processor.py:840} INFO - DAG(s) 'example_local_kubernetes_executor' retrieved from /home/airflow/.local/lib/python3.12/site-packages/airflow/example_dags/example_local_kubernetes_executor.py
[2026-02-14T16:03:24.823+0000] {logging_mixin.py:188} INFO - [2026-02-14T16:03:24.823+0000] {dag.py:3089} INFO - Sync 1 DAGs
[2026-02-14T16:03:24.829+0000] {logging_mixin.py:188} INFO - [2026-02-14T16:03:24.829+0000] {dag.py:3947} INFO - Setting next_dagrun for example_local_kubernetes_executor to None, run_after=None
[2026-02-14T16:03:24.837+0000] {processor.py:183} INFO - Processing /home/airflow/.local/lib/python3.12/site-packages/airflow/example_dags/example_local_kubernetes_executor.py took 0.055 seconds
[2026-02-14T16:03:55.323+0000] {processor.py:161} INFO - Started process (PID=2064) to work on /home/airflow/.local/lib/python3.12/site-packages/airflow/example_dags/example_local_kubernetes_executor.py
[2026-02-14T16:03:55.324+0000] {processor.py:830} INFO - Processing file /home/airflow/.local/lib/python3.12/site-packages/airflow/example_dags/example_local_kubernetes_executor.py for tasks to queue
[2026-02-14T16:03:55.326+0000] {logging_mixin.py:188} INFO - [2026-02-14T16:03:55.326+0000] {dagbag.py:545} INFO - Filling up the DagBag from /home/airflow/.local/lib/python3.12/site-packages/airflow/example_dags/example_local_kubernetes_executor.py
[2026-02-14T16:03:55.334+0000] {processor.py:840} INFO - DAG(s) 'example_local_kubernetes_executor' retrieved from /home/airflow/.local/lib/python3.12/site-packages/airflow/example_dags/example_local_kubernetes_executor.py
[2026-02-14T16:03:55.355+0000] {logging_mixin.py:188} INFO - [2026-02-14T16:03:55.355+0000] {dag.py:3089} INFO - Sync 1 DAGs
[2026-02-14T16:03:55.360+0000] {logging_mixin.py:188} INFO - [2026-02-14T16:03:55.360+0000] {dag.py:3947} INFO - Setting next_dagrun for example_local_kubernetes_executor to None, run_after=None
[2026-02-14T16:03:55.370+0000] {processor.py:183} INFO - Processing /home/airflow/.local/lib/python3.12/site-packages/airflow/example_dags/example_local_kubernetes_executor.py took 0.054 seconds
[2026-02-14T16:04:26.036+0000] {processor.py:161} INFO - Started process (PID=2123) to work on /home/airflow/.local/lib/python3.12/site-packages/airflow/example_dags/example_local_kubernetes_executor.py
[2026-02-14T16:04:26.037+0000] {processor.py:830} INFO - Processing file /home/airflow/.local/lib/python3.12/site-packages/airflow/example_dags/example_local_kubernetes_executor.py for tasks to queue
[2026-02-14T16:04:26.039+0000] {logging_mixin.py:188} INFO - [2026-02-14T16:04:26.039+0000] {dagbag.py:545} INFO - Filling up the DagBag from /home/airflow/.local/lib/python3.12/site-packages/airflow/example_dags/example_local_kubernetes_executor.py
[2026-02-14T16:04:26.046+0000] {processor.py:840} INFO - DAG(s) 'example_local_kubernetes_executor' retrieved from /home/airflow/.local/lib/python3.12/site-packages/airflow/example_dags/example_local_kubernetes_executor.py
[2026-02-14T16:04:26.072+0000] {logging_mixin.py:188} INFO - [2026-02-14T16:04:26.072+0000] {dag.py:3089} INFO - Sync 1 DAGs
[2026-02-14T16:04:26.078+0000] {logging_mixin.py:188} INFO - [2026-02-14T16:04:26.078+0000] {dag.py:3947} INFO - Setting next_dagrun for example_local_kubernetes_executor to None, run_after=None
[2026-02-14T16:04:26.092+0000] {processor.py:183} INFO - Processing /home/airflow/.local/lib/python3.12/site-packages/airflow/example_dags/example_local_kubernetes_executor.py took 0.062 seconds
[2026-02-14T16:04:56.499+0000] {processor.py:161} INFO - Started process (PID=2182) to work on /home/airflow/.local/lib/python3.12/site-packages/airflow/example_dags/example_local_kubernetes_executor.py
[2026-02-14T16:04:56.501+0000] {processor.py:830} INFO - Processing file /home/airflow/.local/lib/python3.12/site-packages/airflow/example_dags/example_local_kubernetes_executor.py for tasks to queue
[2026-02-14T16:04:56.503+0000] {logging_mixin.py:188} INFO - [2026-02-14T16:04:56.503+0000] {dagbag.py:545} INFO - Filling up the DagBag from /home/airflow/.local/lib/python3.12/site-packages/airflow/example_dags/example_local_kubernetes_executor.py
[2026-02-14T16:04:56.508+0000] {processor.py:840} INFO - DAG(s) 'example_local_kubernetes_executor' retrieved from /home/airflow/.local/lib/python3.12/site-packages/airflow/example_dags/example_local_kubernetes_executor.py
[2026-02-14T16:04:56.528+0000] {logging_mixin.py:188} INFO - [2026-02-14T16:04:56.528+0000] {dag.py:3089} INFO - Sync 1 DAGs
[2026-02-14T16:04:56.533+0000] {logging_mixin.py:188} INFO - [2026-02-14T16:04:56.533+0000] {dag.py:3947} INFO - Setting next_dagrun for example_local_kubernetes_executor to None, run_after=None
[2026-02-14T16:04:56.541+0000] {processor.py:183} INFO - Processing /home/airflow/.local/lib/python3.12/site-packages/airflow/example_dags/example_local_kubernetes_executor.py took 0.047 seconds
[2026-02-14T16:05:27.015+0000] {processor.py:161} INFO - Started process (PID=2241) to work on /home/airflow/.local/lib/python3.12/site-packages/airflow/example_dags/example_local_kubernetes_executor.py
[2026-02-14T16:05:27.016+0000] {processor.py:830} INFO - Processing file /home/airflow/.local/lib/python3.12/site-packages/airflow/example_dags/example_local_kubernetes_executor.py for tasks to queue
[2026-02-14T16:05:27.019+0000] {logging_mixin.py:188} INFO - [2026-02-14T16:05:27.018+0000] {dagbag.py:545} INFO - Filling up the DagBag from /home/airflow/.local/lib/python3.12/site-packages/airflow/example_dags/example_local_kubernetes_executor.py
[2026-02-14T16:05:27.028+0000] {processor.py:840} INFO - DAG(s) 'example_local_kubernetes_executor' retrieved from /home/airflow/.local/lib/python3.12/site-packages/airflow/example_dags/example_local_kubernetes_executor.py
[2026-02-14T16:05:27.050+0000] {logging_mixin.py:188} INFO - [2026-02-14T16:05:27.050+0000] {dag.py:3089} INFO - Sync 1 DAGs
[2026-02-14T16:05:27.059+0000] {logging_mixin.py:188} INFO - [2026-02-14T16:05:27.059+0000] {dag.py:3947} INFO - Setting next_dagrun for example_local_kubernetes_executor to None, run_after=None
[2026-02-14T16:05:27.069+0000] {processor.py:183} INFO - Processing /home/airflow/.local/lib/python3.12/site-packages/airflow/example_dags/example_local_kubernetes_executor.py took 0.061 seconds
[2026-02-14T16:05:57.513+0000] {processor.py:161} INFO - Started process (PID=2300) to work on /home/airflow/.local/lib/python3.12/site-packages/airflow/example_dags/example_local_kubernetes_executor.py
[2026-02-14T16:05:57.514+0000] {processor.py:830} INFO - Processing file /home/airflow/.local/lib/python3.12/site-packages/airflow/example_dags/example_local_kubernetes_executor.py for tasks to queue
[2026-02-14T16:05:57.517+0000] {logging_mixin.py:188} INFO - [2026-02-14T16:05:57.516+0000] {dagbag.py:545} INFO - Filling up the DagBag from /home/airflow/.local/lib/python3.12/site-packages/airflow/example_dags/example_local_kubernetes_executor.py
[2026-02-14T16:05:57.527+0000] {processor.py:840} INFO - DAG(s) 'example_local_kubernetes_executor' retrieved from /home/airflow/.local/lib/python3.12/site-packages/airflow/example_dags/example_local_kubernetes_executor.py
[2026-02-14T16:05:57.550+0000] {logging_mixin.py:188} INFO - [2026-02-14T16:05:57.550+0000] {dag.py:3089} INFO - Sync 1 DAGs
[2026-02-14T16:05:57.556+0000] {logging_mixin.py:188} INFO - [2026-02-14T16:05:57.556+0000] {dag.py:3947} INFO - Setting next_dagrun for example_local_kubernetes_executor to None, run_after=None
[2026-02-14T16:05:57.567+0000] {processor.py:183} INFO - Processing /home/airflow/.local/lib/python3.12/site-packages/airflow/example_dags/example_local_kubernetes_executor.py took 0.062 seconds
[2026-02-14T16:06:27.939+0000] {processor.py:161} INFO - Started process (PID=2359) to work on /home/airflow/.local/lib/python3.12/site-packages/airflow/example_dags/example_local_kubernetes_executor.py
[2026-02-14T16:06:27.941+0000] {processor.py:830} INFO - Processing file /home/airflow/.local/lib/python3.12/site-packages/airflow/example_dags/example_local_kubernetes_executor.py for tasks to queue
[2026-02-14T16:06:27.944+0000] {logging_mixin.py:188} INFO - [2026-02-14T16:06:27.943+0000] {dagbag.py:545} INFO - Filling up the DagBag from /home/airflow/.local/lib/python3.12/site-packages/airflow/example_dags/example_local_kubernetes_executor.py
[2026-02-14T16:06:27.951+0000] {processor.py:840} INFO - DAG(s) 'example_local_kubernetes_executor' retrieved from /home/airflow/.local/lib/python3.12/site-packages/airflow/example_dags/example_local_kubernetes_executor.py
[2026-02-14T16:06:27.976+0000] {logging_mixin.py:188} INFO - [2026-02-14T16:06:27.975+0000] {dag.py:3089} INFO - Sync 1 DAGs
[2026-02-14T16:06:27.982+0000] {logging_mixin.py:188} INFO - [2026-02-14T16:06:27.982+0000] {dag.py:3947} INFO - Setting next_dagrun for example_local_kubernetes_executor to None, run_after=None
[2026-02-14T16:06:27.990+0000] {processor.py:183} INFO - Processing /home/airflow/.local/lib/python3.12/site-packages/airflow/example_dags/example_local_kubernetes_executor.py took 0.059 seconds
[2026-02-14T16:06:58.863+0000] {processor.py:161} INFO - Started process (PID=2418) to work on /home/airflow/.local/lib/python3.12/site-packages/airflow/example_dags/example_local_kubernetes_executor.py
[2026-02-14T16:06:58.866+0000] {processor.py:830} INFO - Processing file /home/airflow/.local/lib/python3.12/site-packages/airflow/example_dags/example_local_kubernetes_executor.py for tasks to queue
[2026-02-14T16:06:58.867+0000] {logging_mixin.py:188} INFO - [2026-02-14T16:06:58.867+0000] {dagbag.py:545} INFO - Filling up the DagBag from /home/airflow/.local/lib/python3.12/site-packages/airflow/example_dags/example_local_kubernetes_executor.py
[2026-02-14T16:06:58.874+0000] {processor.py:840} INFO - DAG(s) 'example_local_kubernetes_executor' retrieved from /home/airflow/.local/lib/python3.12/site-packages/airflow/example_dags/example_local_kubernetes_executor.py
[2026-02-14T16:06:58.896+0000] {logging_mixin.py:188} INFO - [2026-02-14T16:06:58.896+0000] {dag.py:3089} INFO - Sync 1 DAGs
[2026-02-14T16:06:58.905+0000] {logging_mixin.py:188} INFO - [2026-02-14T16:06:58.905+0000] {dag.py:3947} INFO - Setting next_dagrun for example_local_kubernetes_executor to None, run_after=None
[2026-02-14T16:06:58.916+0000] {processor.py:183} INFO - Processing /home/airflow/.local/lib/python3.12/site-packages/airflow/example_dags/example_local_kubernetes_executor.py took 0.058 seconds
[2026-02-14T16:07:29.480+0000] {processor.py:161} INFO - Started process (PID=2477) to work on /home/airflow/.local/lib/python3.12/site-packages/airflow/example_dags/example_local_kubernetes_executor.py
[2026-02-14T16:07:29.483+0000] {processor.py:830} INFO - Processing file /home/airflow/.local/lib/python3.12/site-packages/airflow/example_dags/example_local_kubernetes_executor.py for tasks to queue
[2026-02-14T16:07:29.485+0000] {logging_mixin.py:188} INFO - [2026-02-14T16:07:29.484+0000] {dagbag.py:545} INFO - Filling up the DagBag from /home/airflow/.local/lib/python3.12/site-packages/airflow/example_dags/example_local_kubernetes_executor.py
[2026-02-14T16:07:29.491+0000] {processor.py:840} INFO - DAG(s) 'example_local_kubernetes_executor' retrieved from /home/airflow/.local/lib/python3.12/site-packages/airflow/example_dags/example_local_kubernetes_executor.py
[2026-02-14T16:07:29.525+0000] {logging_mixin.py:188} INFO - [2026-02-14T16:07:29.525+0000] {dag.py:3089} INFO - Sync 1 DAGs
[2026-02-14T16:07:29.531+0000] {logging_mixin.py:188} INFO - [2026-02-14T16:07:29.530+0000] {dag.py:3947} INFO - Setting next_dagrun for example_local_kubernetes_executor to None, run_after=None
[2026-02-14T16:07:29.543+0000] {processor.py:183} INFO - Processing /home/airflow/.local/lib/python3.12/site-packages/airflow/example_dags/example_local_kubernetes_executor.py took 0.071 seconds
[2026-02-14T16:08:00.242+0000] {processor.py:161} INFO - Started process (PID=2536) to work on /home/airflow/.local/lib/python3.12/site-packages/airflow/example_dags/example_local_kubernetes_executor.py
[2026-02-14T16:08:00.243+0000] {processor.py:830} INFO - Processing file /home/airflow/.local/lib/python3.12/site-packages/airflow/example_dags/example_local_kubernetes_executor.py for tasks to queue
[2026-02-14T16:08:00.244+0000] {logging_mixin.py:188} INFO - [2026-02-14T16:08:00.244+0000] {dagbag.py:545} INFO - Filling up the DagBag from /home/airflow/.local/lib/python3.12/site-packages/airflow/example_dags/example_local_kubernetes_executor.py
[2026-02-14T16:08:00.250+0000] {processor.py:840} INFO - DAG(s) 'example_local_kubernetes_executor' retrieved from /home/airflow/.local/lib/python3.12/site-packages/airflow/example_dags/example_local_kubernetes_executor.py
[2026-02-14T16:08:00.272+0000] {logging_mixin.py:188} INFO - [2026-02-14T16:08:00.272+0000] {dag.py:3089} INFO - Sync 1 DAGs
[2026-02-14T16:08:00.279+0000] {logging_mixin.py:188} INFO - [2026-02-14T16:08:00.279+0000] {dag.py:3947} INFO - Setting next_dagrun for example_local_kubernetes_executor to None, run_after=None
[2026-02-14T16:08:00.289+0000] {processor.py:183} INFO - Processing /home/airflow/.local/lib/python3.12/site-packages/airflow/example_dags/example_local_kubernetes_executor.py took 0.053 seconds
[2026-02-14T16:08:30.753+0000] {processor.py:161} INFO - Started process (PID=2595) to work on /home/airflow/.local/lib/python3.12/site-packages/airflow/example_dags/example_local_kubernetes_executor.py
[2026-02-14T16:08:30.754+0000] {processor.py:830} INFO - Processing file /home/airflow/.local/lib/python3.12/site-packages/airflow/example_dags/example_local_kubernetes_executor.py for tasks to queue
[2026-02-14T16:08:30.756+0000] {logging_mixin.py:188} INFO - [2026-02-14T16:08:30.755+0000] {dagbag.py:545} INFO - Filling up the DagBag from /home/airflow/.local/lib/python3.12/site-packages/airflow/example_dags/example_local_kubernetes_executor.py
[2026-02-14T16:08:30.762+0000] {processor.py:840} INFO - DAG(s) 'example_local_kubernetes_executor' retrieved from /home/airflow/.local/lib/python3.12/site-packages/airflow/example_dags/example_local_kubernetes_executor.py
[2026-02-14T16:08:30.785+0000] {logging_mixin.py:188} INFO - [2026-02-14T16:08:30.785+0000] {dag.py:3089} INFO - Sync 1 DAGs
[2026-02-14T16:08:30.791+0000] {logging_mixin.py:188} INFO - [2026-02-14T16:08:30.791+0000] {dag.py:3947} INFO - Setting next_dagrun for example_local_kubernetes_executor to None, run_after=None
[2026-02-14T16:08:30.801+0000] {processor.py:183} INFO - Processing /home/airflow/.local/lib/python3.12/site-packages/airflow/example_dags/example_local_kubernetes_executor.py took 0.055 seconds
[2026-02-14T16:09:01.183+0000] {processor.py:161} INFO - Started process (PID=2654) to work on /home/airflow/.local/lib/python3.12/site-packages/airflow/example_dags/example_local_kubernetes_executor.py
[2026-02-14T16:09:01.184+0000] {processor.py:830} INFO - Processing file /home/airflow/.local/lib/python3.12/site-packages/airflow/example_dags/example_local_kubernetes_executor.py for tasks to queue
[2026-02-14T16:09:01.185+0000] {logging_mixin.py:188} INFO - [2026-02-14T16:09:01.185+0000] {dagbag.py:545} INFO - Filling up the DagBag from /home/airflow/.local/lib/python3.12/site-packages/airflow/example_dags/example_local_kubernetes_executor.py
[2026-02-14T16:09:01.189+0000] {processor.py:840} INFO - DAG(s) 'example_local_kubernetes_executor' retrieved from /home/airflow/.local/lib/python3.12/site-packages/airflow/example_dags/example_local_kubernetes_executor.py
[2026-02-14T16:09:01.211+0000] {logging_mixin.py:188} INFO - [2026-02-14T16:09:01.211+0000] {dag.py:3089} INFO - Sync 1 DAGs
[2026-02-14T16:09:01.217+0000] {logging_mixin.py:188} INFO - [2026-02-14T16:09:01.217+0000] {dag.py:3947} INFO - Setting next_dagrun for example_local_kubernetes_executor to None, run_after=None
[2026-02-14T16:09:01.225+0000] {processor.py:183} INFO - Processing /home/airflow/.local/lib/python3.12/site-packages/airflow/example_dags/example_local_kubernetes_executor.py took 0.047 seconds
[2026-02-14T16:09:31.651+0000] {processor.py:161} INFO - Started process (PID=2713) to work on /home/airflow/.local/lib/python3.12/site-packages/airflow/example_dags/example_local_kubernetes_executor.py
[2026-02-14T16:09:31.652+0000] {processor.py:830} INFO - Processing file /home/airflow/.local/lib/python3.12/site-packages/airflow/example_dags/example_local_kubernetes_executor.py for tasks to queue
[2026-02-14T16:09:31.653+0000] {logging_mixin.py:188} INFO - [2026-02-14T16:09:31.653+0000] {dagbag.py:545} INFO - Filling up the DagBag from /home/airflow/.local/lib/python3.12/site-packages/airflow/example_dags/example_local_kubernetes_executor.py
[2026-02-14T16:09:31.660+0000] {processor.py:840} INFO - DAG(s) 'example_local_kubernetes_executor' retrieved from /home/airflow/.local/lib/python3.12/site-packages/airflow/example_dags/example_local_kubernetes_executor.py
[2026-02-14T16:09:31.676+0000] {logging_mixin.py:188} INFO - [2026-02-14T16:09:31.676+0000] {dag.py:3089} INFO - Sync 1 DAGs
[2026-02-14T16:09:31.681+0000] {logging_mixin.py:188} INFO - [2026-02-14T16:09:31.681+0000] {dag.py:3947} INFO - Setting next_dagrun for example_local_kubernetes_executor to None, run_after=None
[2026-02-14T16:09:31.689+0000] {processor.py:183} INFO - Processing /home/airflow/.local/lib/python3.12/site-packages/airflow/example_dags/example_local_kubernetes_executor.py took 0.041 seconds
[2026-02-14T16:10:01.931+0000] {processor.py:161} INFO - Started process (PID=2772) to work on /home/airflow/.local/lib/python3.12/site-packages/airflow/example_dags/example_local_kubernetes_executor.py
[2026-02-14T16:10:01.931+0000] {processor.py:830} INFO - Processing file /home/airflow/.local/lib/python3.12/site-packages/airflow/example_dags/example_local_kubernetes_executor.py for tasks to queue
[2026-02-14T16:10:01.932+0000] {logging_mixin.py:188} INFO - [2026-02-14T16:10:01.932+0000] {dagbag.py:545} INFO - Filling up the DagBag from /home/airflow/.local/lib/python3.12/site-packages/airflow/example_dags/example_local_kubernetes_executor.py
[2026-02-14T16:10:01.935+0000] {processor.py:840} INFO - DAG(s) 'example_local_kubernetes_executor' retrieved from /home/airflow/.local/lib/python3.12/site-packages/airflow/example_dags/example_local_kubernetes_executor.py
[2026-02-14T16:10:01.950+0000] {logging_mixin.py:188} INFO - [2026-02-14T16:10:01.950+0000] {dag.py:3089} INFO - Sync 1 DAGs
[2026-02-14T16:10:01.954+0000] {logging_mixin.py:188} INFO - [2026-02-14T16:10:01.954+0000] {dag.py:3947} INFO - Setting next_dagrun for example_local_kubernetes_executor to None, run_after=None
[2026-02-14T16:10:01.961+0000] {processor.py:183} INFO - Processing /home/airflow/.local/lib/python3.12/site-packages/airflow/example_dags/example_local_kubernetes_executor.py took 0.032 seconds
[2026-02-14T16:10:32.372+0000] {processor.py:161} INFO - Started process (PID=2830) to work on /home/airflow/.local/lib/python3.12/site-packages/airflow/example_dags/example_local_kubernetes_executor.py
[2026-02-14T16:10:32.372+0000] {processor.py:830} INFO - Processing file /home/airflow/.local/lib/python3.12/site-packages/airflow/example_dags/example_local_kubernetes_executor.py for tasks to queue
[2026-02-14T16:10:32.373+0000] {logging_mixin.py:188} INFO - [2026-02-14T16:10:32.373+0000] {dagbag.py:545} INFO - Filling up the DagBag from /home/airflow/.local/lib/python3.12/site-packages/airflow/example_dags/example_local_kubernetes_executor.py
[2026-02-14T16:10:32.378+0000] {processor.py:840} INFO - DAG(s) 'example_local_kubernetes_executor' retrieved from /home/airflow/.local/lib/python3.12/site-packages/airflow/example_dags/example_local_kubernetes_executor.py
[2026-02-14T16:10:32.400+0000] {logging_mixin.py:188} INFO - [2026-02-14T16:10:32.400+0000] {dag.py:3089} INFO - Sync 1 DAGs
[2026-02-14T16:10:32.407+0000] {logging_mixin.py:188} INFO - [2026-02-14T16:10:32.407+0000] {dag.py:3947} INFO - Setting next_dagrun for example_local_kubernetes_executor to None, run_after=None
[2026-02-14T16:10:32.417+0000] {processor.py:183} INFO - Processing /home/airflow/.local/lib/python3.12/site-packages/airflow/example_dags/example_local_kubernetes_executor.py took 0.049 seconds
[2026-02-14T16:11:03.116+0000] {processor.py:161} INFO - Started process (PID=2889) to work on /home/airflow/.local/lib/python3.12/site-packages/airflow/example_dags/example_local_kubernetes_executor.py
[2026-02-14T16:11:03.117+0000] {processor.py:830} INFO - Processing file /home/airflow/.local/lib/python3.12/site-packages/airflow/example_dags/example_local_kubernetes_executor.py for tasks to queue
[2026-02-14T16:11:03.118+0000] {logging_mixin.py:188} INFO - [2026-02-14T16:11:03.118+0000] {dagbag.py:545} INFO - Filling up the DagBag from /home/airflow/.local/lib/python3.12/site-packages/airflow/example_dags/example_local_kubernetes_executor.py
[2026-02-14T16:11:03.124+0000] {processor.py:840} INFO - DAG(s) 'example_local_kubernetes_executor' retrieved from /home/airflow/.local/lib/python3.12/site-packages/airflow/example_dags/example_local_kubernetes_executor.py
[2026-02-14T16:11:03.162+0000] {logging_mixin.py:188} INFO - [2026-02-14T16:11:03.162+0000] {dag.py:3089} INFO - Sync 1 DAGs
[2026-02-14T16:11:03.174+0000] {logging_mixin.py:188} INFO - [2026-02-14T16:11:03.173+0000] {dag.py:3947} INFO - Setting next_dagrun for example_local_kubernetes_executor to None, run_after=None
[2026-02-14T16:11:03.196+0000] {processor.py:183} INFO - Processing /home/airflow/.local/lib/python3.12/site-packages/airflow/example_dags/example_local_kubernetes_executor.py took 0.087 seconds
[2026-02-14T16:11:33.329+0000] {processor.py:161} INFO - Started process (PID=2948) to work on /home/airflow/.local/lib/python3.12/site-packages/airflow/example_dags/example_local_kubernetes_executor.py
[2026-02-14T16:11:33.331+0000] {processor.py:830} INFO - Processing file /home/airflow/.local/lib/python3.12/site-packages/airflow/example_dags/example_local_kubernetes_executor.py for tasks to queue
[2026-02-14T16:11:33.332+0000] {logging_mixin.py:188} INFO - [2026-02-14T16:11:33.332+0000] {dagbag.py:545} INFO - Filling up the DagBag from /home/airflow/.local/lib/python3.12/site-packages/airflow/example_dags/example_local_kubernetes_executor.py
[2026-02-14T16:11:33.338+0000] {processor.py:840} INFO - DAG(s) 'example_local_kubernetes_executor' retrieved from /home/airflow/.local/lib/python3.12/site-packages/airflow/example_dags/example_local_kubernetes_executor.py
[2026-02-14T16:11:33.360+0000] {logging_mixin.py:188} INFO - [2026-02-14T16:11:33.359+0000] {dag.py:3089} INFO - Sync 1 DAGs
[2026-02-14T16:11:33.366+0000] {logging_mixin.py:188} INFO - [2026-02-14T16:11:33.366+0000] {dag.py:3947} INFO - Setting next_dagrun for example_local_kubernetes_executor to None, run_after=None
[2026-02-14T16:11:33.382+0000] {processor.py:183} INFO - Processing /home/airflow/.local/lib/python3.12/site-packages/airflow/example_dags/example_local_kubernetes_executor.py took 0.057 seconds
[2026-02-14T16:12:03.682+0000] {processor.py:161} INFO - Started process (PID=3007) to work on /home/airflow/.local/lib/python3.12/site-packages/airflow/example_dags/example_local_kubernetes_executor.py
[2026-02-14T16:12:03.684+0000] {processor.py:830} INFO - Processing file /home/airflow/.local/lib/python3.12/site-packages/airflow/example_dags/example_local_kubernetes_executor.py for tasks to queue
[2026-02-14T16:12:03.686+0000] {logging_mixin.py:188} INFO - [2026-02-14T16:12:03.686+0000] {dagbag.py:545} INFO - Filling up the DagBag from /home/airflow/.local/lib/python3.12/site-packages/airflow/example_dags/example_local_kubernetes_executor.py
[2026-02-14T16:12:03.694+0000] {processor.py:840} INFO - DAG(s) 'example_local_kubernetes_executor' retrieved from /home/airflow/.local/lib/python3.12/site-packages/airflow/example_dags/example_local_kubernetes_executor.py
[2026-02-14T16:12:03.713+0000] {logging_mixin.py:188} INFO - [2026-02-14T16:12:03.713+0000] {dag.py:3089} INFO - Sync 1 DAGs
[2026-02-14T16:12:03.719+0000] {logging_mixin.py:188} INFO - [2026-02-14T16:12:03.719+0000] {dag.py:3947} INFO - Setting next_dagrun for example_local_kubernetes_executor to None, run_after=None
[2026-02-14T16:12:03.725+0000] {processor.py:183} INFO - Processing /home/airflow/.local/lib/python3.12/site-packages/airflow/example_dags/example_local_kubernetes_executor.py took 0.050 seconds
[2026-02-14T16:12:34.130+0000] {processor.py:161} INFO - Started process (PID=3066) to work on /home/airflow/.local/lib/python3.12/site-packages/airflow/example_dags/example_local_kubernetes_executor.py
[2026-02-14T16:12:34.130+0000] {processor.py:830} INFO - Processing file /home/airflow/.local/lib/python3.12/site-packages/airflow/example_dags/example_local_kubernetes_executor.py for tasks to queue
[2026-02-14T16:12:34.131+0000] {logging_mixin.py:188} INFO - [2026-02-14T16:12:34.131+0000] {dagbag.py:545} INFO - Filling up the DagBag from /home/airflow/.local/lib/python3.12/site-packages/airflow/example_dags/example_local_kubernetes_executor.py
[2026-02-14T16:12:34.141+0000] {processor.py:840} INFO - DAG(s) 'example_local_kubernetes_executor' retrieved from /home/airflow/.local/lib/python3.12/site-packages/airflow/example_dags/example_local_kubernetes_executor.py
[2026-02-14T16:12:34.167+0000] {logging_mixin.py:188} INFO - [2026-02-14T16:12:34.167+0000] {dag.py:3089} INFO - Sync 1 DAGs
[2026-02-14T16:12:34.179+0000] {logging_mixin.py:188} INFO - [2026-02-14T16:12:34.179+0000] {dag.py:3947} INFO - Setting next_dagrun for example_local_kubernetes_executor to None, run_after=None
[2026-02-14T16:12:34.189+0000] {processor.py:183} INFO - Processing /home/airflow/.local/lib/python3.12/site-packages/airflow/example_dags/example_local_kubernetes_executor.py took 0.064 seconds
[2026-02-14T16:13:04.589+0000] {processor.py:161} INFO - Started process (PID=3125) to work on /home/airflow/.local/lib/python3.12/site-packages/airflow/example_dags/example_local_kubernetes_executor.py
[2026-02-14T16:13:04.590+0000] {processor.py:830} INFO - Processing file /home/airflow/.local/lib/python3.12/site-packages/airflow/example_dags/example_local_kubernetes_executor.py for tasks to queue
[2026-02-14T16:13:04.591+0000] {logging_mixin.py:188} INFO - [2026-02-14T16:13:04.591+0000] {dagbag.py:545} INFO - Filling up the DagBag from /home/airflow/.local/lib/python3.12/site-packages/airflow/example_dags/example_local_kubernetes_executor.py
[2026-02-14T16:13:04.596+0000] {processor.py:840} INFO - DAG(s) 'example_local_kubernetes_executor' retrieved from /home/airflow/.local/lib/python3.12/site-packages/airflow/example_dags/example_local_kubernetes_executor.py
[2026-02-14T16:13:04.614+0000] {logging_mixin.py:188} INFO - [2026-02-14T16:13:04.613+0000] {dag.py:3089} INFO - Sync 1 DAGs
[2026-02-14T16:13:04.621+0000] {logging_mixin.py:188} INFO - [2026-02-14T16:13:04.621+0000] {dag.py:3947} INFO - Setting next_dagrun for example_local_kubernetes_executor to None, run_after=None
[2026-02-14T16:13:04.629+0000] {processor.py:183} INFO - Processing /home/airflow/.local/lib/python3.12/site-packages/airflow/example_dags/example_local_kubernetes_executor.py took 0.043 seconds
[2026-02-14T16:13:34.873+0000] {processor.py:161} INFO - Started process (PID=3184) to work on /home/airflow/.local/lib/python3.12/site-packages/airflow/example_dags/example_local_kubernetes_executor.py
[2026-02-14T16:13:34.875+0000] {processor.py:830} INFO - Processing file /home/airflow/.local/lib/python3.12/site-packages/airflow/example_dags/example_local_kubernetes_executor.py for tasks to queue
[2026-02-14T16:13:34.876+0000] {logging_mixin.py:188} INFO - [2026-02-14T16:13:34.876+0000] {dagbag.py:545} INFO - Filling up the DagBag from /home/airflow/.local/lib/python3.12/site-packages/airflow/example_dags/example_local_kubernetes_executor.py
[2026-02-14T16:13:34.883+0000] {processor.py:840} INFO - DAG(s) 'example_local_kubernetes_executor' retrieved from /home/airflow/.local/lib/python3.12/site-packages/airflow/example_dags/example_local_kubernetes_executor.py
[2026-02-14T16:13:34.902+0000] {logging_mixin.py:188} INFO - [2026-02-14T16:13:34.902+0000] {dag.py:3089} INFO - Sync 1 DAGs
[2026-02-14T16:13:34.907+0000] {logging_mixin.py:188} INFO - [2026-02-14T16:13:34.907+0000] {dag.py:3947} INFO - Setting next_dagrun for example_local_kubernetes_executor to None, run_after=None
[2026-02-14T16:13:34.914+0000] {processor.py:183} INFO - Processing /home/airflow/.local/lib/python3.12/site-packages/airflow/example_dags/example_local_kubernetes_executor.py took 0.047 seconds
[2026-02-14T16:14:05.330+0000] {processor.py:161} INFO - Started process (PID=3243) to work on /home/airflow/.local/lib/python3.12/site-packages/airflow/example_dags/example_local_kubernetes_executor.py
[2026-02-14T16:14:05.332+0000] {processor.py:830} INFO - Processing file /home/airflow/.local/lib/python3.12/site-packages/airflow/example_dags/example_local_kubernetes_executor.py for tasks to queue
[2026-02-14T16:14:05.334+0000] {logging_mixin.py:188} INFO - [2026-02-14T16:14:05.334+0000] {dagbag.py:545} INFO - Filling up the DagBag from /home/airflow/.local/lib/python3.12/site-packages/airflow/example_dags/example_local_kubernetes_executor.py
[2026-02-14T16:14:05.348+0000] {processor.py:840} INFO - DAG(s) 'example_local_kubernetes_executor' retrieved from /home/airflow/.local/lib/python3.12/site-packages/airflow/example_dags/example_local_kubernetes_executor.py
[2026-02-14T16:14:05.374+0000] {logging_mixin.py:188} INFO - [2026-02-14T16:14:05.374+0000] {dag.py:3089} INFO - Sync 1 DAGs
[2026-02-14T16:14:05.382+0000] {logging_mixin.py:188} INFO - [2026-02-14T16:14:05.382+0000] {dag.py:3947} INFO - Setting next_dagrun for example_local_kubernetes_executor to None, run_after=None
[2026-02-14T16:14:05.499+0000] {processor.py:183} INFO - Processing /home/airflow/.local/lib/python3.12/site-packages/airflow/example_dags/example_local_kubernetes_executor.py took 0.175 seconds
[2026-02-14T16:14:35.692+0000] {processor.py:161} INFO - Started process (PID=3302) to work on /home/airflow/.local/lib/python3.12/site-packages/airflow/example_dags/example_local_kubernetes_executor.py
[2026-02-14T16:14:35.693+0000] {processor.py:830} INFO - Processing file /home/airflow/.local/lib/python3.12/site-packages/airflow/example_dags/example_local_kubernetes_executor.py for tasks to queue
[2026-02-14T16:14:35.694+0000] {logging_mixin.py:188} INFO - [2026-02-14T16:14:35.694+0000] {dagbag.py:545} INFO - Filling up the DagBag from /home/airflow/.local/lib/python3.12/site-packages/airflow/example_dags/example_local_kubernetes_executor.py
[2026-02-14T16:14:35.698+0000] {processor.py:840} INFO - DAG(s) 'example_local_kubernetes_executor' retrieved from /home/airflow/.local/lib/python3.12/site-packages/airflow/example_dags/example_local_kubernetes_executor.py
[2026-02-14T16:14:35.728+0000] {logging_mixin.py:188} INFO - [2026-02-14T16:14:35.727+0000] {dag.py:3089} INFO - Sync 1 DAGs
[2026-02-14T16:14:35.738+0000] {logging_mixin.py:188} INFO - [2026-02-14T16:14:35.738+0000] {dag.py:3947} INFO - Setting next_dagrun for example_local_kubernetes_executor to None, run_after=None
[2026-02-14T16:14:35.750+0000] {processor.py:183} INFO - Processing /home/airflow/.local/lib/python3.12/site-packages/airflow/example_dags/example_local_kubernetes_executor.py took 0.065 seconds
[2026-02-14T16:15:05.767+0000] {processor.py:161} INFO - Started process (PID=3361) to work on /home/airflow/.local/lib/python3.12/site-packages/airflow/example_dags/example_local_kubernetes_executor.py
[2026-02-14T16:15:05.767+0000] {processor.py:830} INFO - Processing file /home/airflow/.local/lib/python3.12/site-packages/airflow/example_dags/example_local_kubernetes_executor.py for tasks to queue
[2026-02-14T16:15:05.768+0000] {logging_mixin.py:188} INFO - [2026-02-14T16:15:05.768+0000] {dagbag.py:545} INFO - Filling up the DagBag from /home/airflow/.local/lib/python3.12/site-packages/airflow/example_dags/example_local_kubernetes_executor.py
[2026-02-14T16:15:05.773+0000] {processor.py:840} INFO - DAG(s) 'example_local_kubernetes_executor' retrieved from /home/airflow/.local/lib/python3.12/site-packages/airflow/example_dags/example_local_kubernetes_executor.py
[2026-02-14T16:15:05.786+0000] {logging_mixin.py:188} INFO - [2026-02-14T16:15:05.786+0000] {dag.py:3089} INFO - Sync 1 DAGs
[2026-02-14T16:15:05.791+0000] {logging_mixin.py:188} INFO - [2026-02-14T16:15:05.791+0000] {dag.py:3947} INFO - Setting next_dagrun for example_local_kubernetes_executor to None, run_after=None
[2026-02-14T16:15:05.799+0000] {processor.py:183} INFO - Processing /home/airflow/.local/lib/python3.12/site-packages/airflow/example_dags/example_local_kubernetes_executor.py took 0.035 seconds
[2026-02-14T16:15:36.366+0000] {processor.py:161} INFO - Started process (PID=3420) to work on /home/airflow/.local/lib/python3.12/site-packages/airflow/example_dags/example_local_kubernetes_executor.py
[2026-02-14T16:15:36.366+0000] {processor.py:830} INFO - Processing file /home/airflow/.local/lib/python3.12/site-packages/airflow/example_dags/example_local_kubernetes_executor.py for tasks to queue
[2026-02-14T16:15:36.367+0000] {logging_mixin.py:188} INFO - [2026-02-14T16:15:36.367+0000] {dagbag.py:545} INFO - Filling up the DagBag from /home/airflow/.local/lib/python3.12/site-packages/airflow/example_dags/example_local_kubernetes_executor.py
[2026-02-14T16:15:36.371+0000] {processor.py:840} INFO - DAG(s) 'example_local_kubernetes_executor' retrieved from /home/airflow/.local/lib/python3.12/site-packages/airflow/example_dags/example_local_kubernetes_executor.py
[2026-02-14T16:15:36.388+0000] {logging_mixin.py:188} INFO - [2026-02-14T16:15:36.388+0000] {dag.py:3089} INFO - Sync 1 DAGs
[2026-02-14T16:15:36.394+0000] {logging_mixin.py:188} INFO - [2026-02-14T16:15:36.394+0000] {dag.py:3947} INFO - Setting next_dagrun for example_local_kubernetes_executor to None, run_after=None
[2026-02-14T16:15:36.403+0000] {processor.py:183} INFO - Processing /home/airflow/.local/lib/python3.12/site-packages/airflow/example_dags/example_local_kubernetes_executor.py took 0.040 seconds
[2026-02-14T16:16:06.525+0000] {processor.py:161} INFO - Started process (PID=3479) to work on /home/airflow/.local/lib/python3.12/site-packages/airflow/example_dags/example_local_kubernetes_executor.py
[2026-02-14T16:16:06.526+0000] {processor.py:830} INFO - Processing file /home/airflow/.local/lib/python3.12/site-packages/airflow/example_dags/example_local_kubernetes_executor.py for tasks to queue
[2026-02-14T16:16:06.529+0000] {logging_mixin.py:188} INFO - [2026-02-14T16:16:06.529+0000] {dagbag.py:545} INFO - Filling up the DagBag from /home/airflow/.local/lib/python3.12/site-packages/airflow/example_dags/example_local_kubernetes_executor.py
[2026-02-14T16:16:06.533+0000] {processor.py:840} INFO - DAG(s) 'example_local_kubernetes_executor' retrieved from /home/airflow/.local/lib/python3.12/site-packages/airflow/example_dags/example_local_kubernetes_executor.py
[2026-02-14T16:16:06.546+0000] {logging_mixin.py:188} INFO - [2026-02-14T16:16:06.546+0000] {dag.py:3089} INFO - Sync 1 DAGs
[2026-02-14T16:16:06.551+0000] {logging_mixin.py:188} INFO - [2026-02-14T16:16:06.551+0000] {dag.py:3947} INFO - Setting next_dagrun for example_local_kubernetes_executor to None, run_after=None
[2026-02-14T16:16:06.556+0000] {processor.py:183} INFO - Processing /home/airflow/.local/lib/python3.12/site-packages/airflow/example_dags/example_local_kubernetes_executor.py took 0.035 seconds
[2026-02-14T16:16:37.070+0000] {processor.py:161} INFO - Started process (PID=3538) to work on /home/airflow/.local/lib/python3.12/site-packages/airflow/example_dags/example_local_kubernetes_executor.py
[2026-02-14T16:16:37.070+0000] {processor.py:830} INFO - Processing file /home/airflow/.local/lib/python3.12/site-packages/airflow/example_dags/example_local_kubernetes_executor.py for tasks to queue
[2026-02-14T16:16:37.071+0000] {logging_mixin.py:188} INFO - [2026-02-14T16:16:37.071+0000] {dagbag.py:545} INFO - Filling up the DagBag from /home/airflow/.local/lib/python3.12/site-packages/airflow/example_dags/example_local_kubernetes_executor.py
[2026-02-14T16:16:37.076+0000] {processor.py:840} INFO - DAG(s) 'example_local_kubernetes_executor' retrieved from /home/airflow/.local/lib/python3.12/site-packages/airflow/example_dags/example_local_kubernetes_executor.py
[2026-02-14T16:16:37.093+0000] {logging_mixin.py:188} INFO - [2026-02-14T16:16:37.093+0000] {dag.py:3089} INFO - Sync 1 DAGs
[2026-02-14T16:16:37.098+0000] {logging_mixin.py:188} INFO - [2026-02-14T16:16:37.098+0000] {dag.py:3947} INFO - Setting next_dagrun for example_local_kubernetes_executor to None, run_after=None
[2026-02-14T16:16:37.107+0000] {processor.py:183} INFO - Processing /home/airflow/.local/lib/python3.12/site-packages/airflow/example_dags/example_local_kubernetes_executor.py took 0.041 seconds
[2026-02-14T16:17:07.629+0000] {processor.py:161} INFO - Started process (PID=3597) to work on /home/airflow/.local/lib/python3.12/site-packages/airflow/example_dags/example_local_kubernetes_executor.py
[2026-02-14T16:17:07.630+0000] {processor.py:830} INFO - Processing file /home/airflow/.local/lib/python3.12/site-packages/airflow/example_dags/example_local_kubernetes_executor.py for tasks to queue
[2026-02-14T16:17:07.631+0000] {logging_mixin.py:188} INFO - [2026-02-14T16:17:07.631+0000] {dagbag.py:545} INFO - Filling up the DagBag from /home/airflow/.local/lib/python3.12/site-packages/airflow/example_dags/example_local_kubernetes_executor.py
[2026-02-14T16:17:07.635+0000] {processor.py:840} INFO - DAG(s) 'example_local_kubernetes_executor' retrieved from /home/airflow/.local/lib/python3.12/site-packages/airflow/example_dags/example_local_kubernetes_executor.py
[2026-02-14T16:17:07.650+0000] {logging_mixin.py:188} INFO - [2026-02-14T16:17:07.650+0000] {dag.py:3089} INFO - Sync 1 DAGs
[2026-02-14T16:17:07.656+0000] {logging_mixin.py:188} INFO - [2026-02-14T16:17:07.656+0000] {dag.py:3947} INFO - Setting next_dagrun for example_local_kubernetes_executor to None, run_after=None
[2026-02-14T16:17:07.666+0000] {processor.py:183} INFO - Processing /home/airflow/.local/lib/python3.12/site-packages/airflow/example_dags/example_local_kubernetes_executor.py took 0.039 seconds
[2026-02-14T16:17:38.264+0000] {processor.py:161} INFO - Started process (PID=3656) to work on /home/airflow/.local/lib/python3.12/site-packages/airflow/example_dags/example_local_kubernetes_executor.py
[2026-02-14T16:17:38.265+0000] {processor.py:830} INFO - Processing file /home/airflow/.local/lib/python3.12/site-packages/airflow/example_dags/example_local_kubernetes_executor.py for tasks to queue
[2026-02-14T16:17:38.266+0000] {logging_mixin.py:188} INFO - [2026-02-14T16:17:38.266+0000] {dagbag.py:545} INFO - Filling up the DagBag from /home/airflow/.local/lib/python3.12/site-packages/airflow/example_dags/example_local_kubernetes_executor.py
[2026-02-14T16:17:38.270+0000] {processor.py:840} INFO - DAG(s) 'example_local_kubernetes_executor' retrieved from /home/airflow/.local/lib/python3.12/site-packages/airflow/example_dags/example_local_kubernetes_executor.py
[2026-02-14T16:17:38.288+0000] {logging_mixin.py:188} INFO - [2026-02-14T16:17:38.288+0000] {dag.py:3089} INFO - Sync 1 DAGs
[2026-02-14T16:17:38.293+0000] {logging_mixin.py:188} INFO - [2026-02-14T16:17:38.293+0000] {dag.py:3947} INFO - Setting next_dagrun for example_local_kubernetes_executor to None, run_after=None
[2026-02-14T16:17:38.304+0000] {processor.py:183} INFO - Processing /home/airflow/.local/lib/python3.12/site-packages/airflow/example_dags/example_local_kubernetes_executor.py took 0.041 seconds
[2026-02-14T16:18:08.881+0000] {processor.py:161} INFO - Started process (PID=3715) to work on /home/airflow/.local/lib/python3.12/site-packages/airflow/example_dags/example_local_kubernetes_executor.py
[2026-02-14T16:18:08.881+0000] {processor.py:830} INFO - Processing file /home/airflow/.local/lib/python3.12/site-packages/airflow/example_dags/example_local_kubernetes_executor.py for tasks to queue
[2026-02-14T16:18:08.883+0000] {logging_mixin.py:188} INFO - [2026-02-14T16:18:08.883+0000] {dagbag.py:545} INFO - Filling up the DagBag from /home/airflow/.local/lib/python3.12/site-packages/airflow/example_dags/example_local_kubernetes_executor.py
[2026-02-14T16:18:08.886+0000] {processor.py:840} INFO - DAG(s) 'example_local_kubernetes_executor' retrieved from /home/airflow/.local/lib/python3.12/site-packages/airflow/example_dags/example_local_kubernetes_executor.py
[2026-02-14T16:18:08.901+0000] {logging_mixin.py:188} INFO - [2026-02-14T16:18:08.901+0000] {dag.py:3089} INFO - Sync 1 DAGs
[2026-02-14T16:18:08.906+0000] {logging_mixin.py:188} INFO - [2026-02-14T16:18:08.906+0000] {dag.py:3947} INFO - Setting next_dagrun for example_local_kubernetes_executor to None, run_after=None
[2026-02-14T16:18:08.914+0000] {processor.py:183} INFO - Processing /home/airflow/.local/lib/python3.12/site-packages/airflow/example_dags/example_local_kubernetes_executor.py took 0.036 seconds
[2026-02-14T16:18:39.569+0000] {processor.py:161} INFO - Started process (PID=3774) to work on /home/airflow/.local/lib/python3.12/site-packages/airflow/example_dags/example_local_kubernetes_executor.py
[2026-02-14T16:18:39.572+0000] {processor.py:830} INFO - Processing file /home/airflow/.local/lib/python3.12/site-packages/airflow/example_dags/example_local_kubernetes_executor.py for tasks to queue
[2026-02-14T16:18:39.574+0000] {logging_mixin.py:188} INFO - [2026-02-14T16:18:39.574+0000] {dagbag.py:545} INFO - Filling up the DagBag from /home/airflow/.local/lib/python3.12/site-packages/airflow/example_dags/example_local_kubernetes_executor.py
[2026-02-14T16:18:39.583+0000] {processor.py:840} INFO - DAG(s) 'example_local_kubernetes_executor' retrieved from /home/airflow/.local/lib/python3.12/site-packages/airflow/example_dags/example_local_kubernetes_executor.py
[2026-02-14T16:18:39.618+0000] {logging_mixin.py:188} INFO - [2026-02-14T16:18:39.618+0000] {dag.py:3089} INFO - Sync 1 DAGs
[2026-02-14T16:18:39.628+0000] {logging_mixin.py:188} INFO - [2026-02-14T16:18:39.628+0000] {dag.py:3947} INFO - Setting next_dagrun for example_local_kubernetes_executor to None, run_after=None
[2026-02-14T16:18:39.644+0000] {processor.py:183} INFO - Processing /home/airflow/.local/lib/python3.12/site-packages/airflow/example_dags/example_local_kubernetes_executor.py took 0.083 seconds
[2026-02-14T16:19:09.726+0000] {processor.py:161} INFO - Started process (PID=3833) to work on /home/airflow/.local/lib/python3.12/site-packages/airflow/example_dags/example_local_kubernetes_executor.py
[2026-02-14T16:19:09.727+0000] {processor.py:830} INFO - Processing file /home/airflow/.local/lib/python3.12/site-packages/airflow/example_dags/example_local_kubernetes_executor.py for tasks to queue
[2026-02-14T16:19:09.728+0000] {logging_mixin.py:188} INFO - [2026-02-14T16:19:09.728+0000] {dagbag.py:545} INFO - Filling up the DagBag from /home/airflow/.local/lib/python3.12/site-packages/airflow/example_dags/example_local_kubernetes_executor.py
[2026-02-14T16:19:09.733+0000] {processor.py:840} INFO - DAG(s) 'example_local_kubernetes_executor' retrieved from /home/airflow/.local/lib/python3.12/site-packages/airflow/example_dags/example_local_kubernetes_executor.py
[2026-02-14T16:19:09.754+0000] {logging_mixin.py:188} INFO - [2026-02-14T16:19:09.753+0000] {dag.py:3089} INFO - Sync 1 DAGs
[2026-02-14T16:19:09.760+0000] {logging_mixin.py:188} INFO - [2026-02-14T16:19:09.760+0000] {dag.py:3947} INFO - Setting next_dagrun for example_local_kubernetes_executor to None, run_after=None
[2026-02-14T16:19:09.768+0000] {processor.py:183} INFO - Processing /home/airflow/.local/lib/python3.12/site-packages/airflow/example_dags/example_local_kubernetes_executor.py took 0.046 seconds
[2026-02-14T16:19:40.492+0000] {processor.py:161} INFO - Started process (PID=3892) to work on /home/airflow/.local/lib/python3.12/site-packages/airflow/example_dags/example_local_kubernetes_executor.py
[2026-02-14T16:19:40.493+0000] {processor.py:830} INFO - Processing file /home/airflow/.local/lib/python3.12/site-packages/airflow/example_dags/example_local_kubernetes_executor.py for tasks to queue
[2026-02-14T16:19:40.495+0000] {logging_mixin.py:188} INFO - [2026-02-14T16:19:40.494+0000] {dagbag.py:545} INFO - Filling up the DagBag from /home/airflow/.local/lib/python3.12/site-packages/airflow/example_dags/example_local_kubernetes_executor.py
[2026-02-14T16:19:40.500+0000] {processor.py:840} INFO - DAG(s) 'example_local_kubernetes_executor' retrieved from /home/airflow/.local/lib/python3.12/site-packages/airflow/example_dags/example_local_kubernetes_executor.py
[2026-02-14T16:19:40.527+0000] {logging_mixin.py:188} INFO - [2026-02-14T16:19:40.527+0000] {dag.py:3089} INFO - Sync 1 DAGs
[2026-02-14T16:19:40.545+0000] {logging_mixin.py:188} INFO - [2026-02-14T16:19:40.544+0000] {dag.py:3947} INFO - Setting next_dagrun for example_local_kubernetes_executor to None, run_after=None
[2026-02-14T16:19:40.555+0000] {processor.py:183} INFO - Processing /home/airflow/.local/lib/python3.12/site-packages/airflow/example_dags/example_local_kubernetes_executor.py took 0.067 seconds
[2026-02-14T16:20:10.948+0000] {processor.py:161} INFO - Started process (PID=3951) to work on /home/airflow/.local/lib/python3.12/site-packages/airflow/example_dags/example_local_kubernetes_executor.py
[2026-02-14T16:20:10.952+0000] {processor.py:830} INFO - Processing file /home/airflow/.local/lib/python3.12/site-packages/airflow/example_dags/example_local_kubernetes_executor.py for tasks to queue
[2026-02-14T16:20:10.953+0000] {logging_mixin.py:188} INFO - [2026-02-14T16:20:10.953+0000] {dagbag.py:545} INFO - Filling up the DagBag from /home/airflow/.local/lib/python3.12/site-packages/airflow/example_dags/example_local_kubernetes_executor.py
[2026-02-14T16:20:10.961+0000] {processor.py:840} INFO - DAG(s) 'example_local_kubernetes_executor' retrieved from /home/airflow/.local/lib/python3.12/site-packages/airflow/example_dags/example_local_kubernetes_executor.py
[2026-02-14T16:20:11.018+0000] {logging_mixin.py:188} INFO - [2026-02-14T16:20:11.018+0000] {dag.py:3089} INFO - Sync 1 DAGs
[2026-02-14T16:20:11.025+0000] {logging_mixin.py:188} INFO - [2026-02-14T16:20:11.025+0000] {dag.py:3947} INFO - Setting next_dagrun for example_local_kubernetes_executor to None, run_after=None
[2026-02-14T16:20:11.037+0000] {processor.py:183} INFO - Processing /home/airflow/.local/lib/python3.12/site-packages/airflow/example_dags/example_local_kubernetes_executor.py took 0.093 seconds
[2026-02-14T16:20:41.387+0000] {processor.py:161} INFO - Started process (PID=4010) to work on /home/airflow/.local/lib/python3.12/site-packages/airflow/example_dags/example_local_kubernetes_executor.py
[2026-02-14T16:20:41.389+0000] {processor.py:830} INFO - Processing file /home/airflow/.local/lib/python3.12/site-packages/airflow/example_dags/example_local_kubernetes_executor.py for tasks to queue
[2026-02-14T16:20:41.391+0000] {logging_mixin.py:188} INFO - [2026-02-14T16:20:41.390+0000] {dagbag.py:545} INFO - Filling up the DagBag from /home/airflow/.local/lib/python3.12/site-packages/airflow/example_dags/example_local_kubernetes_executor.py
[2026-02-14T16:20:41.395+0000] {processor.py:840} INFO - DAG(s) 'example_local_kubernetes_executor' retrieved from /home/airflow/.local/lib/python3.12/site-packages/airflow/example_dags/example_local_kubernetes_executor.py
[2026-02-14T16:20:41.418+0000] {logging_mixin.py:188} INFO - [2026-02-14T16:20:41.418+0000] {dag.py:3089} INFO - Sync 1 DAGs
[2026-02-14T16:20:41.424+0000] {logging_mixin.py:188} INFO - [2026-02-14T16:20:41.424+0000] {dag.py:3947} INFO - Setting next_dagrun for example_local_kubernetes_executor to None, run_after=None
[2026-02-14T16:20:41.435+0000] {processor.py:183} INFO - Processing /home/airflow/.local/lib/python3.12/site-packages/airflow/example_dags/example_local_kubernetes_executor.py took 0.050 seconds
[2026-02-14T16:21:12.000+0000] {processor.py:161} INFO - Started process (PID=4069) to work on /home/airflow/.local/lib/python3.12/site-packages/airflow/example_dags/example_local_kubernetes_executor.py
[2026-02-14T16:21:12.000+0000] {processor.py:830} INFO - Processing file /home/airflow/.local/lib/python3.12/site-packages/airflow/example_dags/example_local_kubernetes_executor.py for tasks to queue
[2026-02-14T16:21:12.001+0000] {logging_mixin.py:188} INFO - [2026-02-14T16:21:12.001+0000] {dagbag.py:545} INFO - Filling up the DagBag from /home/airflow/.local/lib/python3.12/site-packages/airflow/example_dags/example_local_kubernetes_executor.py
[2026-02-14T16:21:12.005+0000] {processor.py:840} INFO - DAG(s) 'example_local_kubernetes_executor' retrieved from /home/airflow/.local/lib/python3.12/site-packages/airflow/example_dags/example_local_kubernetes_executor.py
[2026-02-14T16:21:12.020+0000] {logging_mixin.py:188} INFO - [2026-02-14T16:21:12.020+0000] {dag.py:3089} INFO - Sync 1 DAGs
[2026-02-14T16:21:12.024+0000] {logging_mixin.py:188} INFO - [2026-02-14T16:21:12.024+0000] {dag.py:3947} INFO - Setting next_dagrun for example_local_kubernetes_executor to None, run_after=None
[2026-02-14T16:21:12.031+0000] {processor.py:183} INFO - Processing /home/airflow/.local/lib/python3.12/site-packages/airflow/example_dags/example_local_kubernetes_executor.py took 0.035 seconds
