[2026-02-14T15:46:38.129+0000] {processor.py:161} INFO - Started process (PID=64) to work on /home/airflow/.local/lib/python3.12/site-packages/airflow/example_dags/example_task_group.py
[2026-02-14T15:46:38.131+0000] {processor.py:830} INFO - Processing file /home/airflow/.local/lib/python3.12/site-packages/airflow/example_dags/example_task_group.py for tasks to queue
[2026-02-14T15:46:38.133+0000] {logging_mixin.py:188} INFO - [2026-02-14T15:46:38.133+0000] {dagbag.py:545} INFO - Filling up the DagBag from /home/airflow/.local/lib/python3.12/site-packages/airflow/example_dags/example_task_group.py
[2026-02-14T15:46:38.149+0000] {processor.py:840} INFO - DAG(s) 'example_task_group' retrieved from /home/airflow/.local/lib/python3.12/site-packages/airflow/example_dags/example_task_group.py
[2026-02-14T15:46:38.162+0000] {logging_mixin.py:188} INFO - [2026-02-14T15:46:38.162+0000] {dag.py:3089} INFO - Sync 1 DAGs
[2026-02-14T15:46:38.186+0000] {logging_mixin.py:188} INFO - [2026-02-14T15:46:38.186+0000] {dag.py:3947} INFO - Setting next_dagrun for example_task_group to 2026-02-13 00:00:00+00:00, run_after=2026-02-14 00:00:00+00:00
[2026-02-14T15:46:38.204+0000] {processor.py:183} INFO - Processing /home/airflow/.local/lib/python3.12/site-packages/airflow/example_dags/example_task_group.py took 0.081 seconds
[2026-02-14T15:47:08.965+0000] {processor.py:161} INFO - Started process (PID=129) to work on /home/airflow/.local/lib/python3.12/site-packages/airflow/example_dags/example_task_group.py
[2026-02-14T15:47:08.965+0000] {processor.py:830} INFO - Processing file /home/airflow/.local/lib/python3.12/site-packages/airflow/example_dags/example_task_group.py for tasks to queue
[2026-02-14T15:47:08.966+0000] {logging_mixin.py:188} INFO - [2026-02-14T15:47:08.966+0000] {dagbag.py:545} INFO - Filling up the DagBag from /home/airflow/.local/lib/python3.12/site-packages/airflow/example_dags/example_task_group.py
[2026-02-14T15:47:08.969+0000] {processor.py:840} INFO - DAG(s) 'example_task_group' retrieved from /home/airflow/.local/lib/python3.12/site-packages/airflow/example_dags/example_task_group.py
[2026-02-14T15:47:09.008+0000] {logging_mixin.py:188} INFO - [2026-02-14T15:47:09.007+0000] {dag.py:3089} INFO - Sync 1 DAGs
[2026-02-14T15:47:09.014+0000] {logging_mixin.py:188} INFO - [2026-02-14T15:47:09.014+0000] {dag.py:3947} INFO - Setting next_dagrun for example_task_group to 2026-02-13 00:00:00+00:00, run_after=2026-02-14 00:00:00+00:00
[2026-02-14T15:47:09.026+0000] {processor.py:183} INFO - Processing /home/airflow/.local/lib/python3.12/site-packages/airflow/example_dags/example_task_group.py took 0.064 seconds
[2026-02-14T15:47:39.912+0000] {processor.py:161} INFO - Started process (PID=188) to work on /home/airflow/.local/lib/python3.12/site-packages/airflow/example_dags/example_task_group.py
[2026-02-14T15:47:39.912+0000] {processor.py:830} INFO - Processing file /home/airflow/.local/lib/python3.12/site-packages/airflow/example_dags/example_task_group.py for tasks to queue
[2026-02-14T15:47:39.913+0000] {logging_mixin.py:188} INFO - [2026-02-14T15:47:39.912+0000] {dagbag.py:545} INFO - Filling up the DagBag from /home/airflow/.local/lib/python3.12/site-packages/airflow/example_dags/example_task_group.py
[2026-02-14T15:47:39.915+0000] {processor.py:840} INFO - DAG(s) 'example_task_group' retrieved from /home/airflow/.local/lib/python3.12/site-packages/airflow/example_dags/example_task_group.py
[2026-02-14T15:47:39.922+0000] {logging_mixin.py:188} INFO - [2026-02-14T15:47:39.922+0000] {dag.py:3089} INFO - Sync 1 DAGs
[2026-02-14T15:47:39.928+0000] {logging_mixin.py:188} INFO - [2026-02-14T15:47:39.928+0000] {dag.py:3947} INFO - Setting next_dagrun for example_task_group to 2026-02-13 00:00:00+00:00, run_after=2026-02-14 00:00:00+00:00
[2026-02-14T15:47:39.932+0000] {processor.py:183} INFO - Processing /home/airflow/.local/lib/python3.12/site-packages/airflow/example_dags/example_task_group.py took 0.023 seconds
[2026-02-14T15:48:10.500+0000] {processor.py:161} INFO - Started process (PID=247) to work on /home/airflow/.local/lib/python3.12/site-packages/airflow/example_dags/example_task_group.py
[2026-02-14T15:48:10.501+0000] {processor.py:830} INFO - Processing file /home/airflow/.local/lib/python3.12/site-packages/airflow/example_dags/example_task_group.py for tasks to queue
[2026-02-14T15:48:10.502+0000] {logging_mixin.py:188} INFO - [2026-02-14T15:48:10.502+0000] {dagbag.py:545} INFO - Filling up the DagBag from /home/airflow/.local/lib/python3.12/site-packages/airflow/example_dags/example_task_group.py
[2026-02-14T15:48:10.505+0000] {processor.py:840} INFO - DAG(s) 'example_task_group' retrieved from /home/airflow/.local/lib/python3.12/site-packages/airflow/example_dags/example_task_group.py
[2026-02-14T15:48:10.515+0000] {logging_mixin.py:188} INFO - [2026-02-14T15:48:10.515+0000] {dag.py:3089} INFO - Sync 1 DAGs
[2026-02-14T15:48:10.522+0000] {logging_mixin.py:188} INFO - [2026-02-14T15:48:10.522+0000] {dag.py:3947} INFO - Setting next_dagrun for example_task_group to 2026-02-13 00:00:00+00:00, run_after=2026-02-14 00:00:00+00:00
[2026-02-14T15:48:10.528+0000] {processor.py:183} INFO - Processing /home/airflow/.local/lib/python3.12/site-packages/airflow/example_dags/example_task_group.py took 0.030 seconds
[2026-02-14T15:48:41.101+0000] {processor.py:161} INFO - Started process (PID=306) to work on /home/airflow/.local/lib/python3.12/site-packages/airflow/example_dags/example_task_group.py
[2026-02-14T15:48:41.102+0000] {processor.py:830} INFO - Processing file /home/airflow/.local/lib/python3.12/site-packages/airflow/example_dags/example_task_group.py for tasks to queue
[2026-02-14T15:48:41.102+0000] {logging_mixin.py:188} INFO - [2026-02-14T15:48:41.102+0000] {dagbag.py:545} INFO - Filling up the DagBag from /home/airflow/.local/lib/python3.12/site-packages/airflow/example_dags/example_task_group.py
[2026-02-14T15:48:41.105+0000] {processor.py:840} INFO - DAG(s) 'example_task_group' retrieved from /home/airflow/.local/lib/python3.12/site-packages/airflow/example_dags/example_task_group.py
[2026-02-14T15:48:41.112+0000] {logging_mixin.py:188} INFO - [2026-02-14T15:48:41.112+0000] {dag.py:3089} INFO - Sync 1 DAGs
[2026-02-14T15:48:41.118+0000] {logging_mixin.py:188} INFO - [2026-02-14T15:48:41.118+0000] {dag.py:3947} INFO - Setting next_dagrun for example_task_group to 2026-02-13 00:00:00+00:00, run_after=2026-02-14 00:00:00+00:00
[2026-02-14T15:48:41.123+0000] {processor.py:183} INFO - Processing /home/airflow/.local/lib/python3.12/site-packages/airflow/example_dags/example_task_group.py took 0.024 seconds
[2026-02-14T15:49:11.744+0000] {processor.py:161} INFO - Started process (PID=365) to work on /home/airflow/.local/lib/python3.12/site-packages/airflow/example_dags/example_task_group.py
[2026-02-14T15:49:11.744+0000] {processor.py:830} INFO - Processing file /home/airflow/.local/lib/python3.12/site-packages/airflow/example_dags/example_task_group.py for tasks to queue
[2026-02-14T15:49:11.745+0000] {logging_mixin.py:188} INFO - [2026-02-14T15:49:11.745+0000] {dagbag.py:545} INFO - Filling up the DagBag from /home/airflow/.local/lib/python3.12/site-packages/airflow/example_dags/example_task_group.py
[2026-02-14T15:49:11.747+0000] {processor.py:840} INFO - DAG(s) 'example_task_group' retrieved from /home/airflow/.local/lib/python3.12/site-packages/airflow/example_dags/example_task_group.py
[2026-02-14T15:49:11.754+0000] {logging_mixin.py:188} INFO - [2026-02-14T15:49:11.754+0000] {dag.py:3089} INFO - Sync 1 DAGs
[2026-02-14T15:49:11.760+0000] {logging_mixin.py:188} INFO - [2026-02-14T15:49:11.760+0000] {dag.py:3947} INFO - Setting next_dagrun for example_task_group to 2026-02-13 00:00:00+00:00, run_after=2026-02-14 00:00:00+00:00
[2026-02-14T15:49:11.765+0000] {processor.py:183} INFO - Processing /home/airflow/.local/lib/python3.12/site-packages/airflow/example_dags/example_task_group.py took 0.023 seconds
[2026-02-14T15:49:42.143+0000] {processor.py:161} INFO - Started process (PID=424) to work on /home/airflow/.local/lib/python3.12/site-packages/airflow/example_dags/example_task_group.py
[2026-02-14T15:49:42.143+0000] {processor.py:830} INFO - Processing file /home/airflow/.local/lib/python3.12/site-packages/airflow/example_dags/example_task_group.py for tasks to queue
[2026-02-14T15:49:42.144+0000] {logging_mixin.py:188} INFO - [2026-02-14T15:49:42.144+0000] {dagbag.py:545} INFO - Filling up the DagBag from /home/airflow/.local/lib/python3.12/site-packages/airflow/example_dags/example_task_group.py
[2026-02-14T15:49:42.148+0000] {processor.py:840} INFO - DAG(s) 'example_task_group' retrieved from /home/airflow/.local/lib/python3.12/site-packages/airflow/example_dags/example_task_group.py
[2026-02-14T15:49:42.156+0000] {logging_mixin.py:188} INFO - [2026-02-14T15:49:42.156+0000] {dag.py:3089} INFO - Sync 1 DAGs
[2026-02-14T15:49:42.163+0000] {logging_mixin.py:188} INFO - [2026-02-14T15:49:42.163+0000] {dag.py:3947} INFO - Setting next_dagrun for example_task_group to 2026-02-13 00:00:00+00:00, run_after=2026-02-14 00:00:00+00:00
[2026-02-14T15:49:42.169+0000] {processor.py:183} INFO - Processing /home/airflow/.local/lib/python3.12/site-packages/airflow/example_dags/example_task_group.py took 0.028 seconds
[2026-02-14T15:50:12.543+0000] {processor.py:161} INFO - Started process (PID=483) to work on /home/airflow/.local/lib/python3.12/site-packages/airflow/example_dags/example_task_group.py
[2026-02-14T15:50:12.544+0000] {processor.py:830} INFO - Processing file /home/airflow/.local/lib/python3.12/site-packages/airflow/example_dags/example_task_group.py for tasks to queue
[2026-02-14T15:50:12.544+0000] {logging_mixin.py:188} INFO - [2026-02-14T15:50:12.544+0000] {dagbag.py:545} INFO - Filling up the DagBag from /home/airflow/.local/lib/python3.12/site-packages/airflow/example_dags/example_task_group.py
[2026-02-14T15:50:12.547+0000] {processor.py:840} INFO - DAG(s) 'example_task_group' retrieved from /home/airflow/.local/lib/python3.12/site-packages/airflow/example_dags/example_task_group.py
[2026-02-14T15:50:12.554+0000] {logging_mixin.py:188} INFO - [2026-02-14T15:50:12.554+0000] {dag.py:3089} INFO - Sync 1 DAGs
[2026-02-14T15:50:12.561+0000] {logging_mixin.py:188} INFO - [2026-02-14T15:50:12.561+0000] {dag.py:3947} INFO - Setting next_dagrun for example_task_group to 2026-02-13 00:00:00+00:00, run_after=2026-02-14 00:00:00+00:00
[2026-02-14T15:50:12.566+0000] {processor.py:183} INFO - Processing /home/airflow/.local/lib/python3.12/site-packages/airflow/example_dags/example_task_group.py took 0.025 seconds
[2026-02-14T15:50:43.003+0000] {processor.py:161} INFO - Started process (PID=542) to work on /home/airflow/.local/lib/python3.12/site-packages/airflow/example_dags/example_task_group.py
[2026-02-14T15:50:43.003+0000] {processor.py:830} INFO - Processing file /home/airflow/.local/lib/python3.12/site-packages/airflow/example_dags/example_task_group.py for tasks to queue
[2026-02-14T15:50:43.004+0000] {logging_mixin.py:188} INFO - [2026-02-14T15:50:43.004+0000] {dagbag.py:545} INFO - Filling up the DagBag from /home/airflow/.local/lib/python3.12/site-packages/airflow/example_dags/example_task_group.py
[2026-02-14T15:50:43.006+0000] {processor.py:840} INFO - DAG(s) 'example_task_group' retrieved from /home/airflow/.local/lib/python3.12/site-packages/airflow/example_dags/example_task_group.py
[2026-02-14T15:50:43.018+0000] {logging_mixin.py:188} INFO - [2026-02-14T15:50:43.018+0000] {dag.py:3089} INFO - Sync 1 DAGs
[2026-02-14T15:50:43.029+0000] {logging_mixin.py:188} INFO - [2026-02-14T15:50:43.028+0000] {dag.py:3947} INFO - Setting next_dagrun for example_task_group to 2026-02-13 00:00:00+00:00, run_after=2026-02-14 00:00:00+00:00
[2026-02-14T15:50:43.038+0000] {processor.py:183} INFO - Processing /home/airflow/.local/lib/python3.12/site-packages/airflow/example_dags/example_task_group.py took 0.037 seconds
[2026-02-14T15:51:13.731+0000] {processor.py:161} INFO - Started process (PID=601) to work on /home/airflow/.local/lib/python3.12/site-packages/airflow/example_dags/example_task_group.py
[2026-02-14T15:51:13.732+0000] {processor.py:830} INFO - Processing file /home/airflow/.local/lib/python3.12/site-packages/airflow/example_dags/example_task_group.py for tasks to queue
[2026-02-14T15:51:13.734+0000] {logging_mixin.py:188} INFO - [2026-02-14T15:51:13.734+0000] {dagbag.py:545} INFO - Filling up the DagBag from /home/airflow/.local/lib/python3.12/site-packages/airflow/example_dags/example_task_group.py
[2026-02-14T15:51:13.738+0000] {processor.py:840} INFO - DAG(s) 'example_task_group' retrieved from /home/airflow/.local/lib/python3.12/site-packages/airflow/example_dags/example_task_group.py
[2026-02-14T15:51:13.750+0000] {logging_mixin.py:188} INFO - [2026-02-14T15:51:13.750+0000] {dag.py:3089} INFO - Sync 1 DAGs
[2026-02-14T15:51:13.760+0000] {logging_mixin.py:188} INFO - [2026-02-14T15:51:13.760+0000] {dag.py:3947} INFO - Setting next_dagrun for example_task_group to 2026-02-13 00:00:00+00:00, run_after=2026-02-14 00:00:00+00:00
[2026-02-14T15:51:13.770+0000] {processor.py:183} INFO - Processing /home/airflow/.local/lib/python3.12/site-packages/airflow/example_dags/example_task_group.py took 0.042 seconds
[2026-02-14T15:51:44.233+0000] {processor.py:161} INFO - Started process (PID=660) to work on /home/airflow/.local/lib/python3.12/site-packages/airflow/example_dags/example_task_group.py
[2026-02-14T15:51:44.234+0000] {processor.py:830} INFO - Processing file /home/airflow/.local/lib/python3.12/site-packages/airflow/example_dags/example_task_group.py for tasks to queue
[2026-02-14T15:51:44.235+0000] {logging_mixin.py:188} INFO - [2026-02-14T15:51:44.235+0000] {dagbag.py:545} INFO - Filling up the DagBag from /home/airflow/.local/lib/python3.12/site-packages/airflow/example_dags/example_task_group.py
[2026-02-14T15:51:44.237+0000] {processor.py:840} INFO - DAG(s) 'example_task_group' retrieved from /home/airflow/.local/lib/python3.12/site-packages/airflow/example_dags/example_task_group.py
[2026-02-14T15:51:44.245+0000] {logging_mixin.py:188} INFO - [2026-02-14T15:51:44.245+0000] {dag.py:3089} INFO - Sync 1 DAGs
[2026-02-14T15:51:44.252+0000] {logging_mixin.py:188} INFO - [2026-02-14T15:51:44.252+0000] {dag.py:3947} INFO - Setting next_dagrun for example_task_group to 2026-02-13 00:00:00+00:00, run_after=2026-02-14 00:00:00+00:00
[2026-02-14T15:51:44.258+0000] {processor.py:183} INFO - Processing /home/airflow/.local/lib/python3.12/site-packages/airflow/example_dags/example_task_group.py took 0.027 seconds
[2026-02-14T15:52:14.695+0000] {processor.py:161} INFO - Started process (PID=719) to work on /home/airflow/.local/lib/python3.12/site-packages/airflow/example_dags/example_task_group.py
[2026-02-14T15:52:14.695+0000] {processor.py:830} INFO - Processing file /home/airflow/.local/lib/python3.12/site-packages/airflow/example_dags/example_task_group.py for tasks to queue
[2026-02-14T15:52:14.696+0000] {logging_mixin.py:188} INFO - [2026-02-14T15:52:14.696+0000] {dagbag.py:545} INFO - Filling up the DagBag from /home/airflow/.local/lib/python3.12/site-packages/airflow/example_dags/example_task_group.py
[2026-02-14T15:52:14.699+0000] {processor.py:840} INFO - DAG(s) 'example_task_group' retrieved from /home/airflow/.local/lib/python3.12/site-packages/airflow/example_dags/example_task_group.py
[2026-02-14T15:52:14.708+0000] {logging_mixin.py:188} INFO - [2026-02-14T15:52:14.708+0000] {dag.py:3089} INFO - Sync 1 DAGs
[2026-02-14T15:52:14.717+0000] {logging_mixin.py:188} INFO - [2026-02-14T15:52:14.717+0000] {dag.py:3947} INFO - Setting next_dagrun for example_task_group to 2026-02-13 00:00:00+00:00, run_after=2026-02-14 00:00:00+00:00
[2026-02-14T15:52:14.728+0000] {processor.py:183} INFO - Processing /home/airflow/.local/lib/python3.12/site-packages/airflow/example_dags/example_task_group.py took 0.035 seconds
[2026-02-14T15:52:45.115+0000] {processor.py:161} INFO - Started process (PID=778) to work on /home/airflow/.local/lib/python3.12/site-packages/airflow/example_dags/example_task_group.py
[2026-02-14T15:52:45.116+0000] {processor.py:830} INFO - Processing file /home/airflow/.local/lib/python3.12/site-packages/airflow/example_dags/example_task_group.py for tasks to queue
[2026-02-14T15:52:45.116+0000] {logging_mixin.py:188} INFO - [2026-02-14T15:52:45.116+0000] {dagbag.py:545} INFO - Filling up the DagBag from /home/airflow/.local/lib/python3.12/site-packages/airflow/example_dags/example_task_group.py
[2026-02-14T15:52:45.119+0000] {processor.py:840} INFO - DAG(s) 'example_task_group' retrieved from /home/airflow/.local/lib/python3.12/site-packages/airflow/example_dags/example_task_group.py
[2026-02-14T15:52:45.127+0000] {logging_mixin.py:188} INFO - [2026-02-14T15:52:45.126+0000] {dag.py:3089} INFO - Sync 1 DAGs
[2026-02-14T15:52:45.134+0000] {logging_mixin.py:188} INFO - [2026-02-14T15:52:45.134+0000] {dag.py:3947} INFO - Setting next_dagrun for example_task_group to 2026-02-13 00:00:00+00:00, run_after=2026-02-14 00:00:00+00:00
[2026-02-14T15:52:45.144+0000] {processor.py:183} INFO - Processing /home/airflow/.local/lib/python3.12/site-packages/airflow/example_dags/example_task_group.py took 0.032 seconds
[2026-02-14T15:53:15.468+0000] {processor.py:161} INFO - Started process (PID=837) to work on /home/airflow/.local/lib/python3.12/site-packages/airflow/example_dags/example_task_group.py
[2026-02-14T15:53:15.469+0000] {processor.py:830} INFO - Processing file /home/airflow/.local/lib/python3.12/site-packages/airflow/example_dags/example_task_group.py for tasks to queue
[2026-02-14T15:53:15.470+0000] {logging_mixin.py:188} INFO - [2026-02-14T15:53:15.469+0000] {dagbag.py:545} INFO - Filling up the DagBag from /home/airflow/.local/lib/python3.12/site-packages/airflow/example_dags/example_task_group.py
[2026-02-14T15:53:15.472+0000] {processor.py:840} INFO - DAG(s) 'example_task_group' retrieved from /home/airflow/.local/lib/python3.12/site-packages/airflow/example_dags/example_task_group.py
[2026-02-14T15:53:15.481+0000] {logging_mixin.py:188} INFO - [2026-02-14T15:53:15.481+0000] {dag.py:3089} INFO - Sync 1 DAGs
[2026-02-14T15:53:15.487+0000] {logging_mixin.py:188} INFO - [2026-02-14T15:53:15.487+0000] {dag.py:3947} INFO - Setting next_dagrun for example_task_group to 2026-02-13 00:00:00+00:00, run_after=2026-02-14 00:00:00+00:00
[2026-02-14T15:53:15.493+0000] {processor.py:183} INFO - Processing /home/airflow/.local/lib/python3.12/site-packages/airflow/example_dags/example_task_group.py took 0.027 seconds
[2026-02-14T15:53:45.810+0000] {processor.py:161} INFO - Started process (PID=896) to work on /home/airflow/.local/lib/python3.12/site-packages/airflow/example_dags/example_task_group.py
[2026-02-14T15:53:45.811+0000] {processor.py:830} INFO - Processing file /home/airflow/.local/lib/python3.12/site-packages/airflow/example_dags/example_task_group.py for tasks to queue
[2026-02-14T15:53:45.811+0000] {logging_mixin.py:188} INFO - [2026-02-14T15:53:45.811+0000] {dagbag.py:545} INFO - Filling up the DagBag from /home/airflow/.local/lib/python3.12/site-packages/airflow/example_dags/example_task_group.py
[2026-02-14T15:53:45.814+0000] {processor.py:840} INFO - DAG(s) 'example_task_group' retrieved from /home/airflow/.local/lib/python3.12/site-packages/airflow/example_dags/example_task_group.py
[2026-02-14T15:53:45.825+0000] {logging_mixin.py:188} INFO - [2026-02-14T15:53:45.825+0000] {dag.py:3089} INFO - Sync 1 DAGs
[2026-02-14T15:53:45.833+0000] {logging_mixin.py:188} INFO - [2026-02-14T15:53:45.833+0000] {dag.py:3947} INFO - Setting next_dagrun for example_task_group to 2026-02-13 00:00:00+00:00, run_after=2026-02-14 00:00:00+00:00
[2026-02-14T15:53:45.841+0000] {processor.py:183} INFO - Processing /home/airflow/.local/lib/python3.12/site-packages/airflow/example_dags/example_task_group.py took 0.033 seconds
[2026-02-14T15:54:16.229+0000] {processor.py:161} INFO - Started process (PID=955) to work on /home/airflow/.local/lib/python3.12/site-packages/airflow/example_dags/example_task_group.py
[2026-02-14T15:54:16.230+0000] {processor.py:830} INFO - Processing file /home/airflow/.local/lib/python3.12/site-packages/airflow/example_dags/example_task_group.py for tasks to queue
[2026-02-14T15:54:16.230+0000] {logging_mixin.py:188} INFO - [2026-02-14T15:54:16.230+0000] {dagbag.py:545} INFO - Filling up the DagBag from /home/airflow/.local/lib/python3.12/site-packages/airflow/example_dags/example_task_group.py
[2026-02-14T15:54:16.233+0000] {processor.py:840} INFO - DAG(s) 'example_task_group' retrieved from /home/airflow/.local/lib/python3.12/site-packages/airflow/example_dags/example_task_group.py
[2026-02-14T15:54:16.241+0000] {logging_mixin.py:188} INFO - [2026-02-14T15:54:16.241+0000] {dag.py:3089} INFO - Sync 1 DAGs
[2026-02-14T15:54:16.248+0000] {logging_mixin.py:188} INFO - [2026-02-14T15:54:16.248+0000] {dag.py:3947} INFO - Setting next_dagrun for example_task_group to 2026-02-13 00:00:00+00:00, run_after=2026-02-14 00:00:00+00:00
[2026-02-14T15:54:16.257+0000] {processor.py:183} INFO - Processing /home/airflow/.local/lib/python3.12/site-packages/airflow/example_dags/example_task_group.py took 0.030 seconds
[2026-02-14T15:54:46.750+0000] {processor.py:161} INFO - Started process (PID=1014) to work on /home/airflow/.local/lib/python3.12/site-packages/airflow/example_dags/example_task_group.py
[2026-02-14T15:54:46.751+0000] {processor.py:830} INFO - Processing file /home/airflow/.local/lib/python3.12/site-packages/airflow/example_dags/example_task_group.py for tasks to queue
[2026-02-14T15:54:46.752+0000] {logging_mixin.py:188} INFO - [2026-02-14T15:54:46.752+0000] {dagbag.py:545} INFO - Filling up the DagBag from /home/airflow/.local/lib/python3.12/site-packages/airflow/example_dags/example_task_group.py
[2026-02-14T15:54:46.755+0000] {processor.py:840} INFO - DAG(s) 'example_task_group' retrieved from /home/airflow/.local/lib/python3.12/site-packages/airflow/example_dags/example_task_group.py
[2026-02-14T15:54:46.764+0000] {logging_mixin.py:188} INFO - [2026-02-14T15:54:46.764+0000] {dag.py:3089} INFO - Sync 1 DAGs
[2026-02-14T15:54:46.775+0000] {logging_mixin.py:188} INFO - [2026-02-14T15:54:46.775+0000] {dag.py:3947} INFO - Setting next_dagrun for example_task_group to 2026-02-13 00:00:00+00:00, run_after=2026-02-14 00:00:00+00:00
[2026-02-14T15:54:46.782+0000] {processor.py:183} INFO - Processing /home/airflow/.local/lib/python3.12/site-packages/airflow/example_dags/example_task_group.py took 0.034 seconds
[2026-02-14T15:55:18.090+0000] {processor.py:161} INFO - Started process (PID=1073) to work on /home/airflow/.local/lib/python3.12/site-packages/airflow/example_dags/example_task_group.py
[2026-02-14T15:55:18.092+0000] {processor.py:830} INFO - Processing file /home/airflow/.local/lib/python3.12/site-packages/airflow/example_dags/example_task_group.py for tasks to queue
[2026-02-14T15:55:18.099+0000] {logging_mixin.py:188} INFO - [2026-02-14T15:55:18.098+0000] {dagbag.py:545} INFO - Filling up the DagBag from /home/airflow/.local/lib/python3.12/site-packages/airflow/example_dags/example_task_group.py
[2026-02-14T15:55:18.115+0000] {processor.py:840} INFO - DAG(s) 'example_task_group' retrieved from /home/airflow/.local/lib/python3.12/site-packages/airflow/example_dags/example_task_group.py
[2026-02-14T15:55:18.152+0000] {logging_mixin.py:188} INFO - [2026-02-14T15:55:18.152+0000] {dag.py:3089} INFO - Sync 1 DAGs
[2026-02-14T15:55:18.190+0000] {logging_mixin.py:188} INFO - [2026-02-14T15:55:18.190+0000] {dag.py:3947} INFO - Setting next_dagrun for example_task_group to 2026-02-13 00:00:00+00:00, run_after=2026-02-14 00:00:00+00:00
[2026-02-14T15:55:18.251+0000] {processor.py:183} INFO - Processing /home/airflow/.local/lib/python3.12/site-packages/airflow/example_dags/example_task_group.py took 0.166 seconds
[2026-02-14T15:55:48.719+0000] {processor.py:161} INFO - Started process (PID=1131) to work on /home/airflow/.local/lib/python3.12/site-packages/airflow/example_dags/example_task_group.py
[2026-02-14T15:55:48.719+0000] {processor.py:830} INFO - Processing file /home/airflow/.local/lib/python3.12/site-packages/airflow/example_dags/example_task_group.py for tasks to queue
[2026-02-14T15:55:48.720+0000] {logging_mixin.py:188} INFO - [2026-02-14T15:55:48.720+0000] {dagbag.py:545} INFO - Filling up the DagBag from /home/airflow/.local/lib/python3.12/site-packages/airflow/example_dags/example_task_group.py
[2026-02-14T15:55:48.723+0000] {processor.py:840} INFO - DAG(s) 'example_task_group' retrieved from /home/airflow/.local/lib/python3.12/site-packages/airflow/example_dags/example_task_group.py
[2026-02-14T15:55:48.732+0000] {logging_mixin.py:188} INFO - [2026-02-14T15:55:48.732+0000] {dag.py:3089} INFO - Sync 1 DAGs
[2026-02-14T15:55:48.741+0000] {logging_mixin.py:188} INFO - [2026-02-14T15:55:48.741+0000] {dag.py:3947} INFO - Setting next_dagrun for example_task_group to 2026-02-13 00:00:00+00:00, run_after=2026-02-14 00:00:00+00:00
[2026-02-14T15:55:48.751+0000] {processor.py:183} INFO - Processing /home/airflow/.local/lib/python3.12/site-packages/airflow/example_dags/example_task_group.py took 0.034 seconds
[2026-02-14T15:56:19.219+0000] {processor.py:161} INFO - Started process (PID=1190) to work on /home/airflow/.local/lib/python3.12/site-packages/airflow/example_dags/example_task_group.py
[2026-02-14T15:56:19.219+0000] {processor.py:830} INFO - Processing file /home/airflow/.local/lib/python3.12/site-packages/airflow/example_dags/example_task_group.py for tasks to queue
[2026-02-14T15:56:19.220+0000] {logging_mixin.py:188} INFO - [2026-02-14T15:56:19.220+0000] {dagbag.py:545} INFO - Filling up the DagBag from /home/airflow/.local/lib/python3.12/site-packages/airflow/example_dags/example_task_group.py
[2026-02-14T15:56:19.223+0000] {processor.py:840} INFO - DAG(s) 'example_task_group' retrieved from /home/airflow/.local/lib/python3.12/site-packages/airflow/example_dags/example_task_group.py
[2026-02-14T15:56:19.233+0000] {logging_mixin.py:188} INFO - [2026-02-14T15:56:19.233+0000] {dag.py:3089} INFO - Sync 1 DAGs
[2026-02-14T15:56:19.240+0000] {logging_mixin.py:188} INFO - [2026-02-14T15:56:19.240+0000] {dag.py:3947} INFO - Setting next_dagrun for example_task_group to 2026-02-13 00:00:00+00:00, run_after=2026-02-14 00:00:00+00:00
[2026-02-14T15:56:19.248+0000] {processor.py:183} INFO - Processing /home/airflow/.local/lib/python3.12/site-packages/airflow/example_dags/example_task_group.py took 0.031 seconds
[2026-02-14T15:56:49.741+0000] {processor.py:161} INFO - Started process (PID=1249) to work on /home/airflow/.local/lib/python3.12/site-packages/airflow/example_dags/example_task_group.py
[2026-02-14T15:56:49.742+0000] {processor.py:830} INFO - Processing file /home/airflow/.local/lib/python3.12/site-packages/airflow/example_dags/example_task_group.py for tasks to queue
[2026-02-14T15:56:49.743+0000] {logging_mixin.py:188} INFO - [2026-02-14T15:56:49.743+0000] {dagbag.py:545} INFO - Filling up the DagBag from /home/airflow/.local/lib/python3.12/site-packages/airflow/example_dags/example_task_group.py
[2026-02-14T15:56:49.745+0000] {processor.py:840} INFO - DAG(s) 'example_task_group' retrieved from /home/airflow/.local/lib/python3.12/site-packages/airflow/example_dags/example_task_group.py
[2026-02-14T15:56:49.754+0000] {logging_mixin.py:188} INFO - [2026-02-14T15:56:49.753+0000] {dag.py:3089} INFO - Sync 1 DAGs
[2026-02-14T15:56:49.762+0000] {logging_mixin.py:188} INFO - [2026-02-14T15:56:49.762+0000] {dag.py:3947} INFO - Setting next_dagrun for example_task_group to 2026-02-13 00:00:00+00:00, run_after=2026-02-14 00:00:00+00:00
[2026-02-14T15:56:49.770+0000] {processor.py:183} INFO - Processing /home/airflow/.local/lib/python3.12/site-packages/airflow/example_dags/example_task_group.py took 0.031 seconds
[2026-02-14T15:57:20.474+0000] {processor.py:161} INFO - Started process (PID=1308) to work on /home/airflow/.local/lib/python3.12/site-packages/airflow/example_dags/example_task_group.py
[2026-02-14T15:57:20.474+0000] {processor.py:830} INFO - Processing file /home/airflow/.local/lib/python3.12/site-packages/airflow/example_dags/example_task_group.py for tasks to queue
[2026-02-14T15:57:20.475+0000] {logging_mixin.py:188} INFO - [2026-02-14T15:57:20.475+0000] {dagbag.py:545} INFO - Filling up the DagBag from /home/airflow/.local/lib/python3.12/site-packages/airflow/example_dags/example_task_group.py
[2026-02-14T15:57:20.479+0000] {processor.py:840} INFO - DAG(s) 'example_task_group' retrieved from /home/airflow/.local/lib/python3.12/site-packages/airflow/example_dags/example_task_group.py
[2026-02-14T15:57:20.490+0000] {logging_mixin.py:188} INFO - [2026-02-14T15:57:20.490+0000] {dag.py:3089} INFO - Sync 1 DAGs
[2026-02-14T15:57:20.498+0000] {logging_mixin.py:188} INFO - [2026-02-14T15:57:20.498+0000] {dag.py:3947} INFO - Setting next_dagrun for example_task_group to 2026-02-13 00:00:00+00:00, run_after=2026-02-14 00:00:00+00:00
[2026-02-14T15:57:20.505+0000] {processor.py:183} INFO - Processing /home/airflow/.local/lib/python3.12/site-packages/airflow/example_dags/example_task_group.py took 0.034 seconds
[2026-02-14T15:57:51.468+0000] {processor.py:161} INFO - Started process (PID=1367) to work on /home/airflow/.local/lib/python3.12/site-packages/airflow/example_dags/example_task_group.py
[2026-02-14T15:57:51.468+0000] {processor.py:830} INFO - Processing file /home/airflow/.local/lib/python3.12/site-packages/airflow/example_dags/example_task_group.py for tasks to queue
[2026-02-14T15:57:51.469+0000] {logging_mixin.py:188} INFO - [2026-02-14T15:57:51.469+0000] {dagbag.py:545} INFO - Filling up the DagBag from /home/airflow/.local/lib/python3.12/site-packages/airflow/example_dags/example_task_group.py
[2026-02-14T15:57:51.473+0000] {processor.py:840} INFO - DAG(s) 'example_task_group' retrieved from /home/airflow/.local/lib/python3.12/site-packages/airflow/example_dags/example_task_group.py
[2026-02-14T15:57:51.483+0000] {logging_mixin.py:188} INFO - [2026-02-14T15:57:51.483+0000] {dag.py:3089} INFO - Sync 1 DAGs
[2026-02-14T15:57:51.561+0000] {logging_mixin.py:188} INFO - [2026-02-14T15:57:51.561+0000] {dag.py:3947} INFO - Setting next_dagrun for example_task_group to 2026-02-13 00:00:00+00:00, run_after=2026-02-14 00:00:00+00:00
[2026-02-14T15:57:51.567+0000] {processor.py:183} INFO - Processing /home/airflow/.local/lib/python3.12/site-packages/airflow/example_dags/example_task_group.py took 0.102 seconds
[2026-02-14T15:58:22.483+0000] {processor.py:161} INFO - Started process (PID=1426) to work on /home/airflow/.local/lib/python3.12/site-packages/airflow/example_dags/example_task_group.py
[2026-02-14T15:58:22.484+0000] {processor.py:830} INFO - Processing file /home/airflow/.local/lib/python3.12/site-packages/airflow/example_dags/example_task_group.py for tasks to queue
[2026-02-14T15:58:22.484+0000] {logging_mixin.py:188} INFO - [2026-02-14T15:58:22.484+0000] {dagbag.py:545} INFO - Filling up the DagBag from /home/airflow/.local/lib/python3.12/site-packages/airflow/example_dags/example_task_group.py
[2026-02-14T15:58:22.487+0000] {processor.py:840} INFO - DAG(s) 'example_task_group' retrieved from /home/airflow/.local/lib/python3.12/site-packages/airflow/example_dags/example_task_group.py
[2026-02-14T15:58:22.497+0000] {logging_mixin.py:188} INFO - [2026-02-14T15:58:22.497+0000] {dag.py:3089} INFO - Sync 1 DAGs
[2026-02-14T15:58:22.504+0000] {logging_mixin.py:188} INFO - [2026-02-14T15:58:22.504+0000] {dag.py:3947} INFO - Setting next_dagrun for example_task_group to 2026-02-13 00:00:00+00:00, run_after=2026-02-14 00:00:00+00:00
[2026-02-14T15:58:22.580+0000] {processor.py:183} INFO - Processing /home/airflow/.local/lib/python3.12/site-packages/airflow/example_dags/example_task_group.py took 0.099 seconds
[2026-02-14T15:58:52.928+0000] {processor.py:161} INFO - Started process (PID=1485) to work on /home/airflow/.local/lib/python3.12/site-packages/airflow/example_dags/example_task_group.py
[2026-02-14T15:58:52.929+0000] {processor.py:830} INFO - Processing file /home/airflow/.local/lib/python3.12/site-packages/airflow/example_dags/example_task_group.py for tasks to queue
[2026-02-14T15:58:52.930+0000] {logging_mixin.py:188} INFO - [2026-02-14T15:58:52.930+0000] {dagbag.py:545} INFO - Filling up the DagBag from /home/airflow/.local/lib/python3.12/site-packages/airflow/example_dags/example_task_group.py
[2026-02-14T15:58:52.933+0000] {processor.py:840} INFO - DAG(s) 'example_task_group' retrieved from /home/airflow/.local/lib/python3.12/site-packages/airflow/example_dags/example_task_group.py
[2026-02-14T15:58:52.945+0000] {logging_mixin.py:188} INFO - [2026-02-14T15:58:52.945+0000] {dag.py:3089} INFO - Sync 1 DAGs
[2026-02-14T15:58:52.954+0000] {logging_mixin.py:188} INFO - [2026-02-14T15:58:52.954+0000] {dag.py:3947} INFO - Setting next_dagrun for example_task_group to 2026-02-13 00:00:00+00:00, run_after=2026-02-14 00:00:00+00:00
[2026-02-14T15:58:52.964+0000] {processor.py:183} INFO - Processing /home/airflow/.local/lib/python3.12/site-packages/airflow/example_dags/example_task_group.py took 0.038 seconds
[2026-02-14T15:59:23.181+0000] {processor.py:161} INFO - Started process (PID=1544) to work on /home/airflow/.local/lib/python3.12/site-packages/airflow/example_dags/example_task_group.py
[2026-02-14T15:59:23.181+0000] {processor.py:830} INFO - Processing file /home/airflow/.local/lib/python3.12/site-packages/airflow/example_dags/example_task_group.py for tasks to queue
[2026-02-14T15:59:23.182+0000] {logging_mixin.py:188} INFO - [2026-02-14T15:59:23.182+0000] {dagbag.py:545} INFO - Filling up the DagBag from /home/airflow/.local/lib/python3.12/site-packages/airflow/example_dags/example_task_group.py
[2026-02-14T15:59:23.185+0000] {processor.py:840} INFO - DAG(s) 'example_task_group' retrieved from /home/airflow/.local/lib/python3.12/site-packages/airflow/example_dags/example_task_group.py
[2026-02-14T15:59:23.196+0000] {logging_mixin.py:188} INFO - [2026-02-14T15:59:23.196+0000] {dag.py:3089} INFO - Sync 1 DAGs
[2026-02-14T15:59:23.205+0000] {logging_mixin.py:188} INFO - [2026-02-14T15:59:23.205+0000] {dag.py:3947} INFO - Setting next_dagrun for example_task_group to 2026-02-13 00:00:00+00:00, run_after=2026-02-14 00:00:00+00:00
[2026-02-14T15:59:23.212+0000] {processor.py:183} INFO - Processing /home/airflow/.local/lib/python3.12/site-packages/airflow/example_dags/example_task_group.py took 0.033 seconds
[2026-02-14T15:59:53.433+0000] {processor.py:161} INFO - Started process (PID=1603) to work on /home/airflow/.local/lib/python3.12/site-packages/airflow/example_dags/example_task_group.py
[2026-02-14T15:59:53.433+0000] {processor.py:830} INFO - Processing file /home/airflow/.local/lib/python3.12/site-packages/airflow/example_dags/example_task_group.py for tasks to queue
[2026-02-14T15:59:53.434+0000] {logging_mixin.py:188} INFO - [2026-02-14T15:59:53.434+0000] {dagbag.py:545} INFO - Filling up the DagBag from /home/airflow/.local/lib/python3.12/site-packages/airflow/example_dags/example_task_group.py
[2026-02-14T15:59:53.508+0000] {processor.py:840} INFO - DAG(s) 'example_task_group' retrieved from /home/airflow/.local/lib/python3.12/site-packages/airflow/example_dags/example_task_group.py
[2026-02-14T15:59:53.517+0000] {logging_mixin.py:188} INFO - [2026-02-14T15:59:53.517+0000] {dag.py:3089} INFO - Sync 1 DAGs
[2026-02-14T15:59:53.523+0000] {logging_mixin.py:188} INFO - [2026-02-14T15:59:53.523+0000] {dag.py:3947} INFO - Setting next_dagrun for example_task_group to 2026-02-13 00:00:00+00:00, run_after=2026-02-14 00:00:00+00:00
[2026-02-14T15:59:53.528+0000] {processor.py:183} INFO - Processing /home/airflow/.local/lib/python3.12/site-packages/airflow/example_dags/example_task_group.py took 0.098 seconds
[2026-02-14T16:00:24.252+0000] {processor.py:161} INFO - Started process (PID=1662) to work on /home/airflow/.local/lib/python3.12/site-packages/airflow/example_dags/example_task_group.py
[2026-02-14T16:00:24.253+0000] {processor.py:830} INFO - Processing file /home/airflow/.local/lib/python3.12/site-packages/airflow/example_dags/example_task_group.py for tasks to queue
[2026-02-14T16:00:24.253+0000] {logging_mixin.py:188} INFO - [2026-02-14T16:00:24.253+0000] {dagbag.py:545} INFO - Filling up the DagBag from /home/airflow/.local/lib/python3.12/site-packages/airflow/example_dags/example_task_group.py
[2026-02-14T16:00:24.256+0000] {processor.py:840} INFO - DAG(s) 'example_task_group' retrieved from /home/airflow/.local/lib/python3.12/site-packages/airflow/example_dags/example_task_group.py
[2026-02-14T16:00:24.263+0000] {logging_mixin.py:188} INFO - [2026-02-14T16:00:24.263+0000] {dag.py:3089} INFO - Sync 1 DAGs
[2026-02-14T16:00:24.270+0000] {logging_mixin.py:188} INFO - [2026-02-14T16:00:24.270+0000] {dag.py:3947} INFO - Setting next_dagrun for example_task_group to 2026-02-13 00:00:00+00:00, run_after=2026-02-14 00:00:00+00:00
[2026-02-14T16:00:24.276+0000] {processor.py:183} INFO - Processing /home/airflow/.local/lib/python3.12/site-packages/airflow/example_dags/example_task_group.py took 0.025 seconds
[2026-02-14T16:00:54.817+0000] {processor.py:161} INFO - Started process (PID=1721) to work on /home/airflow/.local/lib/python3.12/site-packages/airflow/example_dags/example_task_group.py
[2026-02-14T16:00:54.818+0000] {processor.py:830} INFO - Processing file /home/airflow/.local/lib/python3.12/site-packages/airflow/example_dags/example_task_group.py for tasks to queue
[2026-02-14T16:00:54.818+0000] {logging_mixin.py:188} INFO - [2026-02-14T16:00:54.818+0000] {dagbag.py:545} INFO - Filling up the DagBag from /home/airflow/.local/lib/python3.12/site-packages/airflow/example_dags/example_task_group.py
[2026-02-14T16:00:54.821+0000] {processor.py:840} INFO - DAG(s) 'example_task_group' retrieved from /home/airflow/.local/lib/python3.12/site-packages/airflow/example_dags/example_task_group.py
[2026-02-14T16:00:54.828+0000] {logging_mixin.py:188} INFO - [2026-02-14T16:00:54.828+0000] {dag.py:3089} INFO - Sync 1 DAGs
[2026-02-14T16:00:54.834+0000] {logging_mixin.py:188} INFO - [2026-02-14T16:00:54.834+0000] {dag.py:3947} INFO - Setting next_dagrun for example_task_group to 2026-02-13 00:00:00+00:00, run_after=2026-02-14 00:00:00+00:00
[2026-02-14T16:00:54.840+0000] {processor.py:183} INFO - Processing /home/airflow/.local/lib/python3.12/site-packages/airflow/example_dags/example_task_group.py took 0.025 seconds
[2026-02-14T16:01:25.262+0000] {processor.py:161} INFO - Started process (PID=1780) to work on /home/airflow/.local/lib/python3.12/site-packages/airflow/example_dags/example_task_group.py
[2026-02-14T16:01:25.262+0000] {processor.py:830} INFO - Processing file /home/airflow/.local/lib/python3.12/site-packages/airflow/example_dags/example_task_group.py for tasks to queue
[2026-02-14T16:01:25.263+0000] {logging_mixin.py:188} INFO - [2026-02-14T16:01:25.263+0000] {dagbag.py:545} INFO - Filling up the DagBag from /home/airflow/.local/lib/python3.12/site-packages/airflow/example_dags/example_task_group.py
[2026-02-14T16:01:25.268+0000] {processor.py:840} INFO - DAG(s) 'example_task_group' retrieved from /home/airflow/.local/lib/python3.12/site-packages/airflow/example_dags/example_task_group.py
[2026-02-14T16:01:25.280+0000] {logging_mixin.py:188} INFO - [2026-02-14T16:01:25.280+0000] {dag.py:3089} INFO - Sync 1 DAGs
[2026-02-14T16:01:25.293+0000] {logging_mixin.py:188} INFO - [2026-02-14T16:01:25.293+0000] {dag.py:3947} INFO - Setting next_dagrun for example_task_group to 2026-02-13 00:00:00+00:00, run_after=2026-02-14 00:00:00+00:00
[2026-02-14T16:01:25.306+0000] {processor.py:183} INFO - Processing /home/airflow/.local/lib/python3.12/site-packages/airflow/example_dags/example_task_group.py took 0.047 seconds
[2026-02-14T16:01:55.594+0000] {processor.py:161} INFO - Started process (PID=1839) to work on /home/airflow/.local/lib/python3.12/site-packages/airflow/example_dags/example_task_group.py
[2026-02-14T16:01:55.594+0000] {processor.py:830} INFO - Processing file /home/airflow/.local/lib/python3.12/site-packages/airflow/example_dags/example_task_group.py for tasks to queue
[2026-02-14T16:01:55.595+0000] {logging_mixin.py:188} INFO - [2026-02-14T16:01:55.595+0000] {dagbag.py:545} INFO - Filling up the DagBag from /home/airflow/.local/lib/python3.12/site-packages/airflow/example_dags/example_task_group.py
[2026-02-14T16:01:55.598+0000] {processor.py:840} INFO - DAG(s) 'example_task_group' retrieved from /home/airflow/.local/lib/python3.12/site-packages/airflow/example_dags/example_task_group.py
[2026-02-14T16:01:55.607+0000] {logging_mixin.py:188} INFO - [2026-02-14T16:01:55.607+0000] {dag.py:3089} INFO - Sync 1 DAGs
[2026-02-14T16:01:55.614+0000] {logging_mixin.py:188} INFO - [2026-02-14T16:01:55.614+0000] {dag.py:3947} INFO - Setting next_dagrun for example_task_group to 2026-02-13 00:00:00+00:00, run_after=2026-02-14 00:00:00+00:00
[2026-02-14T16:01:55.624+0000] {processor.py:183} INFO - Processing /home/airflow/.local/lib/python3.12/site-packages/airflow/example_dags/example_task_group.py took 0.034 seconds
[2026-02-14T16:02:26.043+0000] {processor.py:161} INFO - Started process (PID=1898) to work on /home/airflow/.local/lib/python3.12/site-packages/airflow/example_dags/example_task_group.py
[2026-02-14T16:02:26.044+0000] {processor.py:830} INFO - Processing file /home/airflow/.local/lib/python3.12/site-packages/airflow/example_dags/example_task_group.py for tasks to queue
[2026-02-14T16:02:26.044+0000] {logging_mixin.py:188} INFO - [2026-02-14T16:02:26.044+0000] {dagbag.py:545} INFO - Filling up the DagBag from /home/airflow/.local/lib/python3.12/site-packages/airflow/example_dags/example_task_group.py
[2026-02-14T16:02:26.048+0000] {processor.py:840} INFO - DAG(s) 'example_task_group' retrieved from /home/airflow/.local/lib/python3.12/site-packages/airflow/example_dags/example_task_group.py
[2026-02-14T16:02:26.056+0000] {logging_mixin.py:188} INFO - [2026-02-14T16:02:26.056+0000] {dag.py:3089} INFO - Sync 1 DAGs
[2026-02-14T16:02:26.066+0000] {logging_mixin.py:188} INFO - [2026-02-14T16:02:26.066+0000] {dag.py:3947} INFO - Setting next_dagrun for example_task_group to 2026-02-13 00:00:00+00:00, run_after=2026-02-14 00:00:00+00:00
[2026-02-14T16:02:26.075+0000] {processor.py:183} INFO - Processing /home/airflow/.local/lib/python3.12/site-packages/airflow/example_dags/example_task_group.py took 0.034 seconds
[2026-02-14T16:02:56.560+0000] {processor.py:161} INFO - Started process (PID=1957) to work on /home/airflow/.local/lib/python3.12/site-packages/airflow/example_dags/example_task_group.py
[2026-02-14T16:02:56.560+0000] {processor.py:830} INFO - Processing file /home/airflow/.local/lib/python3.12/site-packages/airflow/example_dags/example_task_group.py for tasks to queue
[2026-02-14T16:02:56.561+0000] {logging_mixin.py:188} INFO - [2026-02-14T16:02:56.561+0000] {dagbag.py:545} INFO - Filling up the DagBag from /home/airflow/.local/lib/python3.12/site-packages/airflow/example_dags/example_task_group.py
[2026-02-14T16:02:56.564+0000] {processor.py:840} INFO - DAG(s) 'example_task_group' retrieved from /home/airflow/.local/lib/python3.12/site-packages/airflow/example_dags/example_task_group.py
[2026-02-14T16:02:56.572+0000] {logging_mixin.py:188} INFO - [2026-02-14T16:02:56.572+0000] {dag.py:3089} INFO - Sync 1 DAGs
[2026-02-14T16:02:56.581+0000] {logging_mixin.py:188} INFO - [2026-02-14T16:02:56.581+0000] {dag.py:3947} INFO - Setting next_dagrun for example_task_group to 2026-02-13 00:00:00+00:00, run_after=2026-02-14 00:00:00+00:00
[2026-02-14T16:02:56.587+0000] {processor.py:183} INFO - Processing /home/airflow/.local/lib/python3.12/site-packages/airflow/example_dags/example_task_group.py took 0.030 seconds
[2026-02-14T16:03:27.093+0000] {processor.py:161} INFO - Started process (PID=2016) to work on /home/airflow/.local/lib/python3.12/site-packages/airflow/example_dags/example_task_group.py
[2026-02-14T16:03:27.094+0000] {processor.py:830} INFO - Processing file /home/airflow/.local/lib/python3.12/site-packages/airflow/example_dags/example_task_group.py for tasks to queue
[2026-02-14T16:03:27.095+0000] {logging_mixin.py:188} INFO - [2026-02-14T16:03:27.095+0000] {dagbag.py:545} INFO - Filling up the DagBag from /home/airflow/.local/lib/python3.12/site-packages/airflow/example_dags/example_task_group.py
[2026-02-14T16:03:27.098+0000] {processor.py:840} INFO - DAG(s) 'example_task_group' retrieved from /home/airflow/.local/lib/python3.12/site-packages/airflow/example_dags/example_task_group.py
[2026-02-14T16:03:27.107+0000] {logging_mixin.py:188} INFO - [2026-02-14T16:03:27.107+0000] {dag.py:3089} INFO - Sync 1 DAGs
[2026-02-14T16:03:27.117+0000] {logging_mixin.py:188} INFO - [2026-02-14T16:03:27.117+0000] {dag.py:3947} INFO - Setting next_dagrun for example_task_group to 2026-02-13 00:00:00+00:00, run_after=2026-02-14 00:00:00+00:00
[2026-02-14T16:03:27.129+0000] {processor.py:183} INFO - Processing /home/airflow/.local/lib/python3.12/site-packages/airflow/example_dags/example_task_group.py took 0.041 seconds
[2026-02-14T16:03:57.723+0000] {processor.py:161} INFO - Started process (PID=2075) to work on /home/airflow/.local/lib/python3.12/site-packages/airflow/example_dags/example_task_group.py
[2026-02-14T16:03:57.724+0000] {processor.py:830} INFO - Processing file /home/airflow/.local/lib/python3.12/site-packages/airflow/example_dags/example_task_group.py for tasks to queue
[2026-02-14T16:03:57.725+0000] {logging_mixin.py:188} INFO - [2026-02-14T16:03:57.725+0000] {dagbag.py:545} INFO - Filling up the DagBag from /home/airflow/.local/lib/python3.12/site-packages/airflow/example_dags/example_task_group.py
[2026-02-14T16:03:57.728+0000] {processor.py:840} INFO - DAG(s) 'example_task_group' retrieved from /home/airflow/.local/lib/python3.12/site-packages/airflow/example_dags/example_task_group.py
[2026-02-14T16:03:57.742+0000] {logging_mixin.py:188} INFO - [2026-02-14T16:03:57.742+0000] {dag.py:3089} INFO - Sync 1 DAGs
[2026-02-14T16:03:57.756+0000] {logging_mixin.py:188} INFO - [2026-02-14T16:03:57.756+0000] {dag.py:3947} INFO - Setting next_dagrun for example_task_group to 2026-02-13 00:00:00+00:00, run_after=2026-02-14 00:00:00+00:00
[2026-02-14T16:03:57.771+0000] {processor.py:183} INFO - Processing /home/airflow/.local/lib/python3.12/site-packages/airflow/example_dags/example_task_group.py took 0.051 seconds
[2026-02-14T16:04:28.339+0000] {processor.py:161} INFO - Started process (PID=2134) to work on /home/airflow/.local/lib/python3.12/site-packages/airflow/example_dags/example_task_group.py
[2026-02-14T16:04:28.340+0000] {processor.py:830} INFO - Processing file /home/airflow/.local/lib/python3.12/site-packages/airflow/example_dags/example_task_group.py for tasks to queue
[2026-02-14T16:04:28.341+0000] {logging_mixin.py:188} INFO - [2026-02-14T16:04:28.341+0000] {dagbag.py:545} INFO - Filling up the DagBag from /home/airflow/.local/lib/python3.12/site-packages/airflow/example_dags/example_task_group.py
[2026-02-14T16:04:28.345+0000] {processor.py:840} INFO - DAG(s) 'example_task_group' retrieved from /home/airflow/.local/lib/python3.12/site-packages/airflow/example_dags/example_task_group.py
[2026-02-14T16:04:28.357+0000] {logging_mixin.py:188} INFO - [2026-02-14T16:04:28.357+0000] {dag.py:3089} INFO - Sync 1 DAGs
[2026-02-14T16:04:28.369+0000] {logging_mixin.py:188} INFO - [2026-02-14T16:04:28.369+0000] {dag.py:3947} INFO - Setting next_dagrun for example_task_group to 2026-02-13 00:00:00+00:00, run_after=2026-02-14 00:00:00+00:00
[2026-02-14T16:04:28.383+0000] {processor.py:183} INFO - Processing /home/airflow/.local/lib/python3.12/site-packages/airflow/example_dags/example_task_group.py took 0.048 seconds
[2026-02-14T16:04:58.769+0000] {processor.py:161} INFO - Started process (PID=2193) to work on /home/airflow/.local/lib/python3.12/site-packages/airflow/example_dags/example_task_group.py
[2026-02-14T16:04:58.770+0000] {processor.py:830} INFO - Processing file /home/airflow/.local/lib/python3.12/site-packages/airflow/example_dags/example_task_group.py for tasks to queue
[2026-02-14T16:04:58.771+0000] {logging_mixin.py:188} INFO - [2026-02-14T16:04:58.771+0000] {dagbag.py:545} INFO - Filling up the DagBag from /home/airflow/.local/lib/python3.12/site-packages/airflow/example_dags/example_task_group.py
[2026-02-14T16:04:58.774+0000] {processor.py:840} INFO - DAG(s) 'example_task_group' retrieved from /home/airflow/.local/lib/python3.12/site-packages/airflow/example_dags/example_task_group.py
[2026-02-14T16:04:58.781+0000] {logging_mixin.py:188} INFO - [2026-02-14T16:04:58.781+0000] {dag.py:3089} INFO - Sync 1 DAGs
[2026-02-14T16:04:58.789+0000] {logging_mixin.py:188} INFO - [2026-02-14T16:04:58.789+0000] {dag.py:3947} INFO - Setting next_dagrun for example_task_group to 2026-02-13 00:00:00+00:00, run_after=2026-02-14 00:00:00+00:00
[2026-02-14T16:04:58.799+0000] {processor.py:183} INFO - Processing /home/airflow/.local/lib/python3.12/site-packages/airflow/example_dags/example_task_group.py took 0.033 seconds
[2026-02-14T16:05:29.321+0000] {processor.py:161} INFO - Started process (PID=2252) to work on /home/airflow/.local/lib/python3.12/site-packages/airflow/example_dags/example_task_group.py
[2026-02-14T16:05:29.322+0000] {processor.py:830} INFO - Processing file /home/airflow/.local/lib/python3.12/site-packages/airflow/example_dags/example_task_group.py for tasks to queue
[2026-02-14T16:05:29.323+0000] {logging_mixin.py:188} INFO - [2026-02-14T16:05:29.322+0000] {dagbag.py:545} INFO - Filling up the DagBag from /home/airflow/.local/lib/python3.12/site-packages/airflow/example_dags/example_task_group.py
[2026-02-14T16:05:29.326+0000] {processor.py:840} INFO - DAG(s) 'example_task_group' retrieved from /home/airflow/.local/lib/python3.12/site-packages/airflow/example_dags/example_task_group.py
[2026-02-14T16:05:29.336+0000] {logging_mixin.py:188} INFO - [2026-02-14T16:05:29.336+0000] {dag.py:3089} INFO - Sync 1 DAGs
[2026-02-14T16:05:29.344+0000] {logging_mixin.py:188} INFO - [2026-02-14T16:05:29.344+0000] {dag.py:3947} INFO - Setting next_dagrun for example_task_group to 2026-02-13 00:00:00+00:00, run_after=2026-02-14 00:00:00+00:00
[2026-02-14T16:05:29.352+0000] {processor.py:183} INFO - Processing /home/airflow/.local/lib/python3.12/site-packages/airflow/example_dags/example_task_group.py took 0.034 seconds
[2026-02-14T16:05:59.786+0000] {processor.py:161} INFO - Started process (PID=2311) to work on /home/airflow/.local/lib/python3.12/site-packages/airflow/example_dags/example_task_group.py
[2026-02-14T16:05:59.787+0000] {processor.py:830} INFO - Processing file /home/airflow/.local/lib/python3.12/site-packages/airflow/example_dags/example_task_group.py for tasks to queue
[2026-02-14T16:05:59.787+0000] {logging_mixin.py:188} INFO - [2026-02-14T16:05:59.787+0000] {dagbag.py:545} INFO - Filling up the DagBag from /home/airflow/.local/lib/python3.12/site-packages/airflow/example_dags/example_task_group.py
[2026-02-14T16:05:59.791+0000] {processor.py:840} INFO - DAG(s) 'example_task_group' retrieved from /home/airflow/.local/lib/python3.12/site-packages/airflow/example_dags/example_task_group.py
[2026-02-14T16:05:59.798+0000] {logging_mixin.py:188} INFO - [2026-02-14T16:05:59.798+0000] {dag.py:3089} INFO - Sync 1 DAGs
[2026-02-14T16:05:59.806+0000] {logging_mixin.py:188} INFO - [2026-02-14T16:05:59.806+0000] {dag.py:3947} INFO - Setting next_dagrun for example_task_group to 2026-02-13 00:00:00+00:00, run_after=2026-02-14 00:00:00+00:00
[2026-02-14T16:05:59.816+0000] {processor.py:183} INFO - Processing /home/airflow/.local/lib/python3.12/site-packages/airflow/example_dags/example_task_group.py took 0.033 seconds
[2026-02-14T16:06:30.261+0000] {processor.py:161} INFO - Started process (PID=2370) to work on /home/airflow/.local/lib/python3.12/site-packages/airflow/example_dags/example_task_group.py
[2026-02-14T16:06:30.262+0000] {processor.py:830} INFO - Processing file /home/airflow/.local/lib/python3.12/site-packages/airflow/example_dags/example_task_group.py for tasks to queue
[2026-02-14T16:06:30.263+0000] {logging_mixin.py:188} INFO - [2026-02-14T16:06:30.263+0000] {dagbag.py:545} INFO - Filling up the DagBag from /home/airflow/.local/lib/python3.12/site-packages/airflow/example_dags/example_task_group.py
[2026-02-14T16:06:30.266+0000] {processor.py:840} INFO - DAG(s) 'example_task_group' retrieved from /home/airflow/.local/lib/python3.12/site-packages/airflow/example_dags/example_task_group.py
[2026-02-14T16:06:30.279+0000] {logging_mixin.py:188} INFO - [2026-02-14T16:06:30.279+0000] {dag.py:3089} INFO - Sync 1 DAGs
[2026-02-14T16:06:30.290+0000] {logging_mixin.py:188} INFO - [2026-02-14T16:06:30.289+0000] {dag.py:3947} INFO - Setting next_dagrun for example_task_group to 2026-02-13 00:00:00+00:00, run_after=2026-02-14 00:00:00+00:00
[2026-02-14T16:06:30.301+0000] {processor.py:183} INFO - Processing /home/airflow/.local/lib/python3.12/site-packages/airflow/example_dags/example_task_group.py took 0.044 seconds
[2026-02-14T16:07:01.176+0000] {processor.py:161} INFO - Started process (PID=2429) to work on /home/airflow/.local/lib/python3.12/site-packages/airflow/example_dags/example_task_group.py
[2026-02-14T16:07:01.176+0000] {processor.py:830} INFO - Processing file /home/airflow/.local/lib/python3.12/site-packages/airflow/example_dags/example_task_group.py for tasks to queue
[2026-02-14T16:07:01.181+0000] {logging_mixin.py:188} INFO - [2026-02-14T16:07:01.180+0000] {dagbag.py:545} INFO - Filling up the DagBag from /home/airflow/.local/lib/python3.12/site-packages/airflow/example_dags/example_task_group.py
[2026-02-14T16:07:01.184+0000] {processor.py:840} INFO - DAG(s) 'example_task_group' retrieved from /home/airflow/.local/lib/python3.12/site-packages/airflow/example_dags/example_task_group.py
[2026-02-14T16:07:01.196+0000] {logging_mixin.py:188} INFO - [2026-02-14T16:07:01.196+0000] {dag.py:3089} INFO - Sync 1 DAGs
[2026-02-14T16:07:01.206+0000] {logging_mixin.py:188} INFO - [2026-02-14T16:07:01.206+0000] {dag.py:3947} INFO - Setting next_dagrun for example_task_group to 2026-02-13 00:00:00+00:00, run_after=2026-02-14 00:00:00+00:00
[2026-02-14T16:07:01.216+0000] {processor.py:183} INFO - Processing /home/airflow/.local/lib/python3.12/site-packages/airflow/example_dags/example_task_group.py took 0.043 seconds
[2026-02-14T16:07:31.799+0000] {processor.py:161} INFO - Started process (PID=2488) to work on /home/airflow/.local/lib/python3.12/site-packages/airflow/example_dags/example_task_group.py
[2026-02-14T16:07:31.799+0000] {processor.py:830} INFO - Processing file /home/airflow/.local/lib/python3.12/site-packages/airflow/example_dags/example_task_group.py for tasks to queue
[2026-02-14T16:07:31.800+0000] {logging_mixin.py:188} INFO - [2026-02-14T16:07:31.800+0000] {dagbag.py:545} INFO - Filling up the DagBag from /home/airflow/.local/lib/python3.12/site-packages/airflow/example_dags/example_task_group.py
[2026-02-14T16:07:31.803+0000] {processor.py:840} INFO - DAG(s) 'example_task_group' retrieved from /home/airflow/.local/lib/python3.12/site-packages/airflow/example_dags/example_task_group.py
[2026-02-14T16:07:31.810+0000] {logging_mixin.py:188} INFO - [2026-02-14T16:07:31.810+0000] {dag.py:3089} INFO - Sync 1 DAGs
[2026-02-14T16:07:31.817+0000] {logging_mixin.py:188} INFO - [2026-02-14T16:07:31.817+0000] {dag.py:3947} INFO - Setting next_dagrun for example_task_group to 2026-02-13 00:00:00+00:00, run_after=2026-02-14 00:00:00+00:00
[2026-02-14T16:07:31.822+0000] {processor.py:183} INFO - Processing /home/airflow/.local/lib/python3.12/site-packages/airflow/example_dags/example_task_group.py took 0.025 seconds
[2026-02-14T16:08:02.559+0000] {processor.py:161} INFO - Started process (PID=2547) to work on /home/airflow/.local/lib/python3.12/site-packages/airflow/example_dags/example_task_group.py
[2026-02-14T16:08:02.561+0000] {processor.py:830} INFO - Processing file /home/airflow/.local/lib/python3.12/site-packages/airflow/example_dags/example_task_group.py for tasks to queue
[2026-02-14T16:08:02.562+0000] {logging_mixin.py:188} INFO - [2026-02-14T16:08:02.562+0000] {dagbag.py:545} INFO - Filling up the DagBag from /home/airflow/.local/lib/python3.12/site-packages/airflow/example_dags/example_task_group.py
[2026-02-14T16:08:02.565+0000] {processor.py:840} INFO - DAG(s) 'example_task_group' retrieved from /home/airflow/.local/lib/python3.12/site-packages/airflow/example_dags/example_task_group.py
[2026-02-14T16:08:02.577+0000] {logging_mixin.py:188} INFO - [2026-02-14T16:08:02.577+0000] {dag.py:3089} INFO - Sync 1 DAGs
[2026-02-14T16:08:02.586+0000] {logging_mixin.py:188} INFO - [2026-02-14T16:08:02.586+0000] {dag.py:3947} INFO - Setting next_dagrun for example_task_group to 2026-02-13 00:00:00+00:00, run_after=2026-02-14 00:00:00+00:00
[2026-02-14T16:08:02.595+0000] {processor.py:183} INFO - Processing /home/airflow/.local/lib/python3.12/site-packages/airflow/example_dags/example_task_group.py took 0.040 seconds
[2026-02-14T16:08:33.011+0000] {processor.py:161} INFO - Started process (PID=2606) to work on /home/airflow/.local/lib/python3.12/site-packages/airflow/example_dags/example_task_group.py
[2026-02-14T16:08:33.012+0000] {processor.py:830} INFO - Processing file /home/airflow/.local/lib/python3.12/site-packages/airflow/example_dags/example_task_group.py for tasks to queue
[2026-02-14T16:08:33.013+0000] {logging_mixin.py:188} INFO - [2026-02-14T16:08:33.013+0000] {dagbag.py:545} INFO - Filling up the DagBag from /home/airflow/.local/lib/python3.12/site-packages/airflow/example_dags/example_task_group.py
[2026-02-14T16:08:33.015+0000] {processor.py:840} INFO - DAG(s) 'example_task_group' retrieved from /home/airflow/.local/lib/python3.12/site-packages/airflow/example_dags/example_task_group.py
[2026-02-14T16:08:33.023+0000] {logging_mixin.py:188} INFO - [2026-02-14T16:08:33.023+0000] {dag.py:3089} INFO - Sync 1 DAGs
[2026-02-14T16:08:33.032+0000] {logging_mixin.py:188} INFO - [2026-02-14T16:08:33.032+0000] {dag.py:3947} INFO - Setting next_dagrun for example_task_group to 2026-02-13 00:00:00+00:00, run_after=2026-02-14 00:00:00+00:00
[2026-02-14T16:08:33.039+0000] {processor.py:183} INFO - Processing /home/airflow/.local/lib/python3.12/site-packages/airflow/example_dags/example_task_group.py took 0.030 seconds
[2026-02-14T16:09:03.473+0000] {processor.py:161} INFO - Started process (PID=2665) to work on /home/airflow/.local/lib/python3.12/site-packages/airflow/example_dags/example_task_group.py
[2026-02-14T16:09:03.473+0000] {processor.py:830} INFO - Processing file /home/airflow/.local/lib/python3.12/site-packages/airflow/example_dags/example_task_group.py for tasks to queue
[2026-02-14T16:09:03.474+0000] {logging_mixin.py:188} INFO - [2026-02-14T16:09:03.474+0000] {dagbag.py:545} INFO - Filling up the DagBag from /home/airflow/.local/lib/python3.12/site-packages/airflow/example_dags/example_task_group.py
[2026-02-14T16:09:03.476+0000] {processor.py:840} INFO - DAG(s) 'example_task_group' retrieved from /home/airflow/.local/lib/python3.12/site-packages/airflow/example_dags/example_task_group.py
[2026-02-14T16:09:03.483+0000] {logging_mixin.py:188} INFO - [2026-02-14T16:09:03.483+0000] {dag.py:3089} INFO - Sync 1 DAGs
[2026-02-14T16:09:03.489+0000] {logging_mixin.py:188} INFO - [2026-02-14T16:09:03.489+0000] {dag.py:3947} INFO - Setting next_dagrun for example_task_group to 2026-02-13 00:00:00+00:00, run_after=2026-02-14 00:00:00+00:00
[2026-02-14T16:09:03.494+0000] {processor.py:183} INFO - Processing /home/airflow/.local/lib/python3.12/site-packages/airflow/example_dags/example_task_group.py took 0.024 seconds
[2026-02-14T16:09:33.892+0000] {processor.py:161} INFO - Started process (PID=2724) to work on /home/airflow/.local/lib/python3.12/site-packages/airflow/example_dags/example_task_group.py
[2026-02-14T16:09:33.892+0000] {processor.py:830} INFO - Processing file /home/airflow/.local/lib/python3.12/site-packages/airflow/example_dags/example_task_group.py for tasks to queue
[2026-02-14T16:09:33.894+0000] {logging_mixin.py:188} INFO - [2026-02-14T16:09:33.894+0000] {dagbag.py:545} INFO - Filling up the DagBag from /home/airflow/.local/lib/python3.12/site-packages/airflow/example_dags/example_task_group.py
[2026-02-14T16:09:33.897+0000] {processor.py:840} INFO - DAG(s) 'example_task_group' retrieved from /home/airflow/.local/lib/python3.12/site-packages/airflow/example_dags/example_task_group.py
[2026-02-14T16:09:33.905+0000] {logging_mixin.py:188} INFO - [2026-02-14T16:09:33.905+0000] {dag.py:3089} INFO - Sync 1 DAGs
[2026-02-14T16:09:33.913+0000] {logging_mixin.py:188} INFO - [2026-02-14T16:09:33.913+0000] {dag.py:3947} INFO - Setting next_dagrun for example_task_group to 2026-02-13 00:00:00+00:00, run_after=2026-02-14 00:00:00+00:00
[2026-02-14T16:09:33.918+0000] {processor.py:183} INFO - Processing /home/airflow/.local/lib/python3.12/site-packages/airflow/example_dags/example_task_group.py took 0.029 seconds
[2026-02-14T16:10:04.156+0000] {processor.py:161} INFO - Started process (PID=2783) to work on /home/airflow/.local/lib/python3.12/site-packages/airflow/example_dags/example_task_group.py
[2026-02-14T16:10:04.157+0000] {processor.py:830} INFO - Processing file /home/airflow/.local/lib/python3.12/site-packages/airflow/example_dags/example_task_group.py for tasks to queue
[2026-02-14T16:10:04.157+0000] {logging_mixin.py:188} INFO - [2026-02-14T16:10:04.157+0000] {dagbag.py:545} INFO - Filling up the DagBag from /home/airflow/.local/lib/python3.12/site-packages/airflow/example_dags/example_task_group.py
[2026-02-14T16:10:04.160+0000] {processor.py:840} INFO - DAG(s) 'example_task_group' retrieved from /home/airflow/.local/lib/python3.12/site-packages/airflow/example_dags/example_task_group.py
[2026-02-14T16:10:04.167+0000] {logging_mixin.py:188} INFO - [2026-02-14T16:10:04.167+0000] {dag.py:3089} INFO - Sync 1 DAGs
[2026-02-14T16:10:04.175+0000] {logging_mixin.py:188} INFO - [2026-02-14T16:10:04.175+0000] {dag.py:3947} INFO - Setting next_dagrun for example_task_group to 2026-02-13 00:00:00+00:00, run_after=2026-02-14 00:00:00+00:00
[2026-02-14T16:10:04.181+0000] {processor.py:183} INFO - Processing /home/airflow/.local/lib/python3.12/site-packages/airflow/example_dags/example_task_group.py took 0.027 seconds
[2026-02-14T16:10:34.795+0000] {processor.py:161} INFO - Started process (PID=2841) to work on /home/airflow/.local/lib/python3.12/site-packages/airflow/example_dags/example_task_group.py
[2026-02-14T16:10:34.796+0000] {processor.py:830} INFO - Processing file /home/airflow/.local/lib/python3.12/site-packages/airflow/example_dags/example_task_group.py for tasks to queue
[2026-02-14T16:10:34.797+0000] {logging_mixin.py:188} INFO - [2026-02-14T16:10:34.796+0000] {dagbag.py:545} INFO - Filling up the DagBag from /home/airflow/.local/lib/python3.12/site-packages/airflow/example_dags/example_task_group.py
[2026-02-14T16:10:34.801+0000] {processor.py:840} INFO - DAG(s) 'example_task_group' retrieved from /home/airflow/.local/lib/python3.12/site-packages/airflow/example_dags/example_task_group.py
[2026-02-14T16:10:34.814+0000] {logging_mixin.py:188} INFO - [2026-02-14T16:10:34.814+0000] {dag.py:3089} INFO - Sync 1 DAGs
[2026-02-14T16:10:34.823+0000] {logging_mixin.py:188} INFO - [2026-02-14T16:10:34.822+0000] {dag.py:3947} INFO - Setting next_dagrun for example_task_group to 2026-02-13 00:00:00+00:00, run_after=2026-02-14 00:00:00+00:00
[2026-02-14T16:10:34.829+0000] {processor.py:183} INFO - Processing /home/airflow/.local/lib/python3.12/site-packages/airflow/example_dags/example_task_group.py took 0.037 seconds
[2026-02-14T16:11:05.800+0000] {processor.py:161} INFO - Started process (PID=2900) to work on /home/airflow/.local/lib/python3.12/site-packages/airflow/example_dags/example_task_group.py
[2026-02-14T16:11:05.801+0000] {processor.py:830} INFO - Processing file /home/airflow/.local/lib/python3.12/site-packages/airflow/example_dags/example_task_group.py for tasks to queue
[2026-02-14T16:11:05.803+0000] {logging_mixin.py:188} INFO - [2026-02-14T16:11:05.803+0000] {dagbag.py:545} INFO - Filling up the DagBag from /home/airflow/.local/lib/python3.12/site-packages/airflow/example_dags/example_task_group.py
[2026-02-14T16:11:05.810+0000] {processor.py:840} INFO - DAG(s) 'example_task_group' retrieved from /home/airflow/.local/lib/python3.12/site-packages/airflow/example_dags/example_task_group.py
[2026-02-14T16:11:05.825+0000] {logging_mixin.py:188} INFO - [2026-02-14T16:11:05.825+0000] {dag.py:3089} INFO - Sync 1 DAGs
[2026-02-14T16:11:05.835+0000] {logging_mixin.py:188} INFO - [2026-02-14T16:11:05.835+0000] {dag.py:3947} INFO - Setting next_dagrun for example_task_group to 2026-02-13 00:00:00+00:00, run_after=2026-02-14 00:00:00+00:00
[2026-02-14T16:11:05.844+0000] {processor.py:183} INFO - Processing /home/airflow/.local/lib/python3.12/site-packages/airflow/example_dags/example_task_group.py took 0.049 seconds
[2026-02-14T16:11:35.946+0000] {processor.py:161} INFO - Started process (PID=2959) to work on /home/airflow/.local/lib/python3.12/site-packages/airflow/example_dags/example_task_group.py
[2026-02-14T16:11:35.947+0000] {processor.py:830} INFO - Processing file /home/airflow/.local/lib/python3.12/site-packages/airflow/example_dags/example_task_group.py for tasks to queue
[2026-02-14T16:11:35.950+0000] {logging_mixin.py:188} INFO - [2026-02-14T16:11:35.950+0000] {dagbag.py:545} INFO - Filling up the DagBag from /home/airflow/.local/lib/python3.12/site-packages/airflow/example_dags/example_task_group.py
[2026-02-14T16:11:35.962+0000] {processor.py:840} INFO - DAG(s) 'example_task_group' retrieved from /home/airflow/.local/lib/python3.12/site-packages/airflow/example_dags/example_task_group.py
[2026-02-14T16:11:36.017+0000] {logging_mixin.py:188} INFO - [2026-02-14T16:11:36.017+0000] {dag.py:3089} INFO - Sync 1 DAGs
[2026-02-14T16:11:36.070+0000] {logging_mixin.py:188} INFO - [2026-02-14T16:11:36.070+0000] {dag.py:3947} INFO - Setting next_dagrun for example_task_group to 2026-02-13 00:00:00+00:00, run_after=2026-02-14 00:00:00+00:00
[2026-02-14T16:11:36.273+0000] {processor.py:183} INFO - Processing /home/airflow/.local/lib/python3.12/site-packages/airflow/example_dags/example_task_group.py took 0.337 seconds
[2026-02-14T16:12:06.971+0000] {processor.py:161} INFO - Started process (PID=3018) to work on /home/airflow/.local/lib/python3.12/site-packages/airflow/example_dags/example_task_group.py
[2026-02-14T16:12:06.972+0000] {processor.py:830} INFO - Processing file /home/airflow/.local/lib/python3.12/site-packages/airflow/example_dags/example_task_group.py for tasks to queue
[2026-02-14T16:12:06.974+0000] {logging_mixin.py:188} INFO - [2026-02-14T16:12:06.974+0000] {dagbag.py:545} INFO - Filling up the DagBag from /home/airflow/.local/lib/python3.12/site-packages/airflow/example_dags/example_task_group.py
[2026-02-14T16:12:06.982+0000] {processor.py:840} INFO - DAG(s) 'example_task_group' retrieved from /home/airflow/.local/lib/python3.12/site-packages/airflow/example_dags/example_task_group.py
[2026-02-14T16:12:06.996+0000] {logging_mixin.py:188} INFO - [2026-02-14T16:12:06.996+0000] {dag.py:3089} INFO - Sync 1 DAGs
[2026-02-14T16:12:07.007+0000] {logging_mixin.py:188} INFO - [2026-02-14T16:12:07.006+0000] {dag.py:3947} INFO - Setting next_dagrun for example_task_group to 2026-02-13 00:00:00+00:00, run_after=2026-02-14 00:00:00+00:00
[2026-02-14T16:12:07.014+0000] {processor.py:183} INFO - Processing /home/airflow/.local/lib/python3.12/site-packages/airflow/example_dags/example_task_group.py took 0.050 seconds
[2026-02-14T16:12:37.538+0000] {processor.py:161} INFO - Started process (PID=3077) to work on /home/airflow/.local/lib/python3.12/site-packages/airflow/example_dags/example_task_group.py
[2026-02-14T16:12:37.539+0000] {processor.py:830} INFO - Processing file /home/airflow/.local/lib/python3.12/site-packages/airflow/example_dags/example_task_group.py for tasks to queue
[2026-02-14T16:12:37.540+0000] {logging_mixin.py:188} INFO - [2026-02-14T16:12:37.540+0000] {dagbag.py:545} INFO - Filling up the DagBag from /home/airflow/.local/lib/python3.12/site-packages/airflow/example_dags/example_task_group.py
[2026-02-14T16:12:37.547+0000] {processor.py:840} INFO - DAG(s) 'example_task_group' retrieved from /home/airflow/.local/lib/python3.12/site-packages/airflow/example_dags/example_task_group.py
[2026-02-14T16:12:37.560+0000] {logging_mixin.py:188} INFO - [2026-02-14T16:12:37.559+0000] {dag.py:3089} INFO - Sync 1 DAGs
[2026-02-14T16:12:37.570+0000] {logging_mixin.py:188} INFO - [2026-02-14T16:12:37.570+0000] {dag.py:3947} INFO - Setting next_dagrun for example_task_group to 2026-02-13 00:00:00+00:00, run_after=2026-02-14 00:00:00+00:00
[2026-02-14T16:12:37.579+0000] {processor.py:183} INFO - Processing /home/airflow/.local/lib/python3.12/site-packages/airflow/example_dags/example_task_group.py took 0.046 seconds
[2026-02-14T16:13:07.843+0000] {processor.py:161} INFO - Started process (PID=3136) to work on /home/airflow/.local/lib/python3.12/site-packages/airflow/example_dags/example_task_group.py
[2026-02-14T16:13:07.844+0000] {processor.py:830} INFO - Processing file /home/airflow/.local/lib/python3.12/site-packages/airflow/example_dags/example_task_group.py for tasks to queue
[2026-02-14T16:13:07.845+0000] {logging_mixin.py:188} INFO - [2026-02-14T16:13:07.845+0000] {dagbag.py:545} INFO - Filling up the DagBag from /home/airflow/.local/lib/python3.12/site-packages/airflow/example_dags/example_task_group.py
[2026-02-14T16:13:07.850+0000] {processor.py:840} INFO - DAG(s) 'example_task_group' retrieved from /home/airflow/.local/lib/python3.12/site-packages/airflow/example_dags/example_task_group.py
[2026-02-14T16:13:07.862+0000] {logging_mixin.py:188} INFO - [2026-02-14T16:13:07.861+0000] {dag.py:3089} INFO - Sync 1 DAGs
[2026-02-14T16:13:07.872+0000] {logging_mixin.py:188} INFO - [2026-02-14T16:13:07.872+0000] {dag.py:3947} INFO - Setting next_dagrun for example_task_group to 2026-02-13 00:00:00+00:00, run_after=2026-02-14 00:00:00+00:00
[2026-02-14T16:13:07.879+0000] {processor.py:183} INFO - Processing /home/airflow/.local/lib/python3.12/site-packages/airflow/example_dags/example_task_group.py took 0.041 seconds
[2026-02-14T16:13:38.112+0000] {processor.py:161} INFO - Started process (PID=3195) to work on /home/airflow/.local/lib/python3.12/site-packages/airflow/example_dags/example_task_group.py
[2026-02-14T16:13:38.113+0000] {processor.py:830} INFO - Processing file /home/airflow/.local/lib/python3.12/site-packages/airflow/example_dags/example_task_group.py for tasks to queue
[2026-02-14T16:13:38.114+0000] {logging_mixin.py:188} INFO - [2026-02-14T16:13:38.114+0000] {dagbag.py:545} INFO - Filling up the DagBag from /home/airflow/.local/lib/python3.12/site-packages/airflow/example_dags/example_task_group.py
[2026-02-14T16:13:38.118+0000] {processor.py:840} INFO - DAG(s) 'example_task_group' retrieved from /home/airflow/.local/lib/python3.12/site-packages/airflow/example_dags/example_task_group.py
[2026-02-14T16:13:38.129+0000] {logging_mixin.py:188} INFO - [2026-02-14T16:13:38.129+0000] {dag.py:3089} INFO - Sync 1 DAGs
[2026-02-14T16:13:38.138+0000] {logging_mixin.py:188} INFO - [2026-02-14T16:13:38.138+0000] {dag.py:3947} INFO - Setting next_dagrun for example_task_group to 2026-02-13 00:00:00+00:00, run_after=2026-02-14 00:00:00+00:00
[2026-02-14T16:13:38.145+0000] {processor.py:183} INFO - Processing /home/airflow/.local/lib/python3.12/site-packages/airflow/example_dags/example_task_group.py took 0.038 seconds
[2026-02-14T16:14:08.912+0000] {processor.py:161} INFO - Started process (PID=3254) to work on /home/airflow/.local/lib/python3.12/site-packages/airflow/example_dags/example_task_group.py
[2026-02-14T16:14:08.915+0000] {processor.py:830} INFO - Processing file /home/airflow/.local/lib/python3.12/site-packages/airflow/example_dags/example_task_group.py for tasks to queue
[2026-02-14T16:14:08.916+0000] {logging_mixin.py:188} INFO - [2026-02-14T16:14:08.916+0000] {dagbag.py:545} INFO - Filling up the DagBag from /home/airflow/.local/lib/python3.12/site-packages/airflow/example_dags/example_task_group.py
[2026-02-14T16:14:08.922+0000] {processor.py:840} INFO - DAG(s) 'example_task_group' retrieved from /home/airflow/.local/lib/python3.12/site-packages/airflow/example_dags/example_task_group.py
[2026-02-14T16:14:08.937+0000] {logging_mixin.py:188} INFO - [2026-02-14T16:14:08.936+0000] {dag.py:3089} INFO - Sync 1 DAGs
[2026-02-14T16:14:08.951+0000] {logging_mixin.py:188} INFO - [2026-02-14T16:14:08.950+0000] {dag.py:3947} INFO - Setting next_dagrun for example_task_group to 2026-02-13 00:00:00+00:00, run_after=2026-02-14 00:00:00+00:00
[2026-02-14T16:14:08.970+0000] {processor.py:183} INFO - Processing /home/airflow/.local/lib/python3.12/site-packages/airflow/example_dags/example_task_group.py took 0.064 seconds
[2026-02-14T16:14:39.078+0000] {processor.py:161} INFO - Started process (PID=3313) to work on /home/airflow/.local/lib/python3.12/site-packages/airflow/example_dags/example_task_group.py
[2026-02-14T16:14:39.079+0000] {processor.py:830} INFO - Processing file /home/airflow/.local/lib/python3.12/site-packages/airflow/example_dags/example_task_group.py for tasks to queue
[2026-02-14T16:14:39.084+0000] {logging_mixin.py:188} INFO - [2026-02-14T16:14:39.084+0000] {dagbag.py:545} INFO - Filling up the DagBag from /home/airflow/.local/lib/python3.12/site-packages/airflow/example_dags/example_task_group.py
[2026-02-14T16:14:39.092+0000] {processor.py:840} INFO - DAG(s) 'example_task_group' retrieved from /home/airflow/.local/lib/python3.12/site-packages/airflow/example_dags/example_task_group.py
[2026-02-14T16:14:39.114+0000] {logging_mixin.py:188} INFO - [2026-02-14T16:14:39.114+0000] {dag.py:3089} INFO - Sync 1 DAGs
[2026-02-14T16:14:39.130+0000] {logging_mixin.py:188} INFO - [2026-02-14T16:14:39.129+0000] {dag.py:3947} INFO - Setting next_dagrun for example_task_group to 2026-02-13 00:00:00+00:00, run_after=2026-02-14 00:00:00+00:00
[2026-02-14T16:14:39.155+0000] {processor.py:183} INFO - Processing /home/airflow/.local/lib/python3.12/site-packages/airflow/example_dags/example_task_group.py took 0.085 seconds
[2026-02-14T16:15:10.103+0000] {processor.py:161} INFO - Started process (PID=3372) to work on /home/airflow/.local/lib/python3.12/site-packages/airflow/example_dags/example_task_group.py
[2026-02-14T16:15:10.103+0000] {processor.py:830} INFO - Processing file /home/airflow/.local/lib/python3.12/site-packages/airflow/example_dags/example_task_group.py for tasks to queue
[2026-02-14T16:15:10.104+0000] {logging_mixin.py:188} INFO - [2026-02-14T16:15:10.104+0000] {dagbag.py:545} INFO - Filling up the DagBag from /home/airflow/.local/lib/python3.12/site-packages/airflow/example_dags/example_task_group.py
[2026-02-14T16:15:10.107+0000] {processor.py:840} INFO - DAG(s) 'example_task_group' retrieved from /home/airflow/.local/lib/python3.12/site-packages/airflow/example_dags/example_task_group.py
[2026-02-14T16:15:10.124+0000] {logging_mixin.py:188} INFO - [2026-02-14T16:15:10.123+0000] {dag.py:3089} INFO - Sync 1 DAGs
[2026-02-14T16:15:10.137+0000] {logging_mixin.py:188} INFO - [2026-02-14T16:15:10.137+0000] {dag.py:3947} INFO - Setting next_dagrun for example_task_group to 2026-02-13 00:00:00+00:00, run_after=2026-02-14 00:00:00+00:00
[2026-02-14T16:15:10.145+0000] {processor.py:183} INFO - Processing /home/airflow/.local/lib/python3.12/site-packages/airflow/example_dags/example_task_group.py took 0.046 seconds
[2026-02-14T16:15:40.736+0000] {processor.py:161} INFO - Started process (PID=3431) to work on /home/airflow/.local/lib/python3.12/site-packages/airflow/example_dags/example_task_group.py
[2026-02-14T16:15:40.738+0000] {processor.py:830} INFO - Processing file /home/airflow/.local/lib/python3.12/site-packages/airflow/example_dags/example_task_group.py for tasks to queue
[2026-02-14T16:15:40.741+0000] {logging_mixin.py:188} INFO - [2026-02-14T16:15:40.741+0000] {dagbag.py:545} INFO - Filling up the DagBag from /home/airflow/.local/lib/python3.12/site-packages/airflow/example_dags/example_task_group.py
[2026-02-14T16:15:40.754+0000] {processor.py:840} INFO - DAG(s) 'example_task_group' retrieved from /home/airflow/.local/lib/python3.12/site-packages/airflow/example_dags/example_task_group.py
[2026-02-14T16:15:40.775+0000] {logging_mixin.py:188} INFO - [2026-02-14T16:15:40.775+0000] {dag.py:3089} INFO - Sync 1 DAGs
[2026-02-14T16:15:40.795+0000] {logging_mixin.py:188} INFO - [2026-02-14T16:15:40.795+0000] {dag.py:3947} INFO - Setting next_dagrun for example_task_group to 2026-02-13 00:00:00+00:00, run_after=2026-02-14 00:00:00+00:00
[2026-02-14T16:15:40.816+0000] {processor.py:183} INFO - Processing /home/airflow/.local/lib/python3.12/site-packages/airflow/example_dags/example_task_group.py took 0.087 seconds
[2026-02-14T16:16:10.865+0000] {processor.py:161} INFO - Started process (PID=3490) to work on /home/airflow/.local/lib/python3.12/site-packages/airflow/example_dags/example_task_group.py
[2026-02-14T16:16:10.867+0000] {processor.py:830} INFO - Processing file /home/airflow/.local/lib/python3.12/site-packages/airflow/example_dags/example_task_group.py for tasks to queue
[2026-02-14T16:16:10.869+0000] {logging_mixin.py:188} INFO - [2026-02-14T16:16:10.869+0000] {dagbag.py:545} INFO - Filling up the DagBag from /home/airflow/.local/lib/python3.12/site-packages/airflow/example_dags/example_task_group.py
[2026-02-14T16:16:10.873+0000] {processor.py:840} INFO - DAG(s) 'example_task_group' retrieved from /home/airflow/.local/lib/python3.12/site-packages/airflow/example_dags/example_task_group.py
[2026-02-14T16:16:10.891+0000] {logging_mixin.py:188} INFO - [2026-02-14T16:16:10.891+0000] {dag.py:3089} INFO - Sync 1 DAGs
[2026-02-14T16:16:10.907+0000] {logging_mixin.py:188} INFO - [2026-02-14T16:16:10.906+0000] {dag.py:3947} INFO - Setting next_dagrun for example_task_group to 2026-02-13 00:00:00+00:00, run_after=2026-02-14 00:00:00+00:00
[2026-02-14T16:16:10.919+0000] {processor.py:183} INFO - Processing /home/airflow/.local/lib/python3.12/site-packages/airflow/example_dags/example_task_group.py took 0.059 seconds
[2026-02-14T16:16:41.401+0000] {processor.py:161} INFO - Started process (PID=3549) to work on /home/airflow/.local/lib/python3.12/site-packages/airflow/example_dags/example_task_group.py
[2026-02-14T16:16:41.403+0000] {processor.py:830} INFO - Processing file /home/airflow/.local/lib/python3.12/site-packages/airflow/example_dags/example_task_group.py for tasks to queue
[2026-02-14T16:16:41.404+0000] {logging_mixin.py:188} INFO - [2026-02-14T16:16:41.404+0000] {dagbag.py:545} INFO - Filling up the DagBag from /home/airflow/.local/lib/python3.12/site-packages/airflow/example_dags/example_task_group.py
[2026-02-14T16:16:41.409+0000] {processor.py:840} INFO - DAG(s) 'example_task_group' retrieved from /home/airflow/.local/lib/python3.12/site-packages/airflow/example_dags/example_task_group.py
[2026-02-14T16:16:41.424+0000] {logging_mixin.py:188} INFO - [2026-02-14T16:16:41.424+0000] {dag.py:3089} INFO - Sync 1 DAGs
[2026-02-14T16:16:41.436+0000] {logging_mixin.py:188} INFO - [2026-02-14T16:16:41.436+0000] {dag.py:3947} INFO - Setting next_dagrun for example_task_group to 2026-02-13 00:00:00+00:00, run_after=2026-02-14 00:00:00+00:00
[2026-02-14T16:16:41.445+0000] {processor.py:183} INFO - Processing /home/airflow/.local/lib/python3.12/site-packages/airflow/example_dags/example_task_group.py took 0.051 seconds
[2026-02-14T16:17:11.951+0000] {processor.py:161} INFO - Started process (PID=3608) to work on /home/airflow/.local/lib/python3.12/site-packages/airflow/example_dags/example_task_group.py
[2026-02-14T16:17:11.952+0000] {processor.py:830} INFO - Processing file /home/airflow/.local/lib/python3.12/site-packages/airflow/example_dags/example_task_group.py for tasks to queue
[2026-02-14T16:17:11.954+0000] {logging_mixin.py:188} INFO - [2026-02-14T16:17:11.954+0000] {dagbag.py:545} INFO - Filling up the DagBag from /home/airflow/.local/lib/python3.12/site-packages/airflow/example_dags/example_task_group.py
[2026-02-14T16:17:11.963+0000] {processor.py:840} INFO - DAG(s) 'example_task_group' retrieved from /home/airflow/.local/lib/python3.12/site-packages/airflow/example_dags/example_task_group.py
[2026-02-14T16:17:11.979+0000] {logging_mixin.py:188} INFO - [2026-02-14T16:17:11.979+0000] {dag.py:3089} INFO - Sync 1 DAGs
[2026-02-14T16:17:11.989+0000] {logging_mixin.py:188} INFO - [2026-02-14T16:17:11.989+0000] {dag.py:3947} INFO - Setting next_dagrun for example_task_group to 2026-02-13 00:00:00+00:00, run_after=2026-02-14 00:00:00+00:00
[2026-02-14T16:17:11.999+0000] {processor.py:183} INFO - Processing /home/airflow/.local/lib/python3.12/site-packages/airflow/example_dags/example_task_group.py took 0.055 seconds
[2026-02-14T16:17:42.634+0000] {processor.py:161} INFO - Started process (PID=3667) to work on /home/airflow/.local/lib/python3.12/site-packages/airflow/example_dags/example_task_group.py
[2026-02-14T16:17:42.635+0000] {processor.py:830} INFO - Processing file /home/airflow/.local/lib/python3.12/site-packages/airflow/example_dags/example_task_group.py for tasks to queue
[2026-02-14T16:17:42.637+0000] {logging_mixin.py:188} INFO - [2026-02-14T16:17:42.637+0000] {dagbag.py:545} INFO - Filling up the DagBag from /home/airflow/.local/lib/python3.12/site-packages/airflow/example_dags/example_task_group.py
[2026-02-14T16:17:42.644+0000] {processor.py:840} INFO - DAG(s) 'example_task_group' retrieved from /home/airflow/.local/lib/python3.12/site-packages/airflow/example_dags/example_task_group.py
[2026-02-14T16:17:42.660+0000] {logging_mixin.py:188} INFO - [2026-02-14T16:17:42.660+0000] {dag.py:3089} INFO - Sync 1 DAGs
[2026-02-14T16:17:42.672+0000] {logging_mixin.py:188} INFO - [2026-02-14T16:17:42.672+0000] {dag.py:3947} INFO - Setting next_dagrun for example_task_group to 2026-02-13 00:00:00+00:00, run_after=2026-02-14 00:00:00+00:00
[2026-02-14T16:17:42.685+0000] {processor.py:183} INFO - Processing /home/airflow/.local/lib/python3.12/site-packages/airflow/example_dags/example_task_group.py took 0.057 seconds
[2026-02-14T16:18:13.209+0000] {processor.py:161} INFO - Started process (PID=3732) to work on /home/airflow/.local/lib/python3.12/site-packages/airflow/example_dags/example_task_group.py
[2026-02-14T16:18:13.211+0000] {processor.py:830} INFO - Processing file /home/airflow/.local/lib/python3.12/site-packages/airflow/example_dags/example_task_group.py for tasks to queue
[2026-02-14T16:18:13.213+0000] {logging_mixin.py:188} INFO - [2026-02-14T16:18:13.212+0000] {dagbag.py:545} INFO - Filling up the DagBag from /home/airflow/.local/lib/python3.12/site-packages/airflow/example_dags/example_task_group.py
[2026-02-14T16:18:13.221+0000] {processor.py:840} INFO - DAG(s) 'example_task_group' retrieved from /home/airflow/.local/lib/python3.12/site-packages/airflow/example_dags/example_task_group.py
[2026-02-14T16:18:13.238+0000] {logging_mixin.py:188} INFO - [2026-02-14T16:18:13.238+0000] {dag.py:3089} INFO - Sync 1 DAGs
[2026-02-14T16:18:13.250+0000] {logging_mixin.py:188} INFO - [2026-02-14T16:18:13.250+0000] {dag.py:3947} INFO - Setting next_dagrun for example_task_group to 2026-02-13 00:00:00+00:00, run_after=2026-02-14 00:00:00+00:00
[2026-02-14T16:18:13.257+0000] {processor.py:183} INFO - Processing /home/airflow/.local/lib/python3.12/site-packages/airflow/example_dags/example_task_group.py took 0.057 seconds
[2026-02-14T16:18:43.931+0000] {processor.py:161} INFO - Started process (PID=3791) to work on /home/airflow/.local/lib/python3.12/site-packages/airflow/example_dags/example_task_group.py
[2026-02-14T16:18:43.933+0000] {processor.py:830} INFO - Processing file /home/airflow/.local/lib/python3.12/site-packages/airflow/example_dags/example_task_group.py for tasks to queue
[2026-02-14T16:18:43.934+0000] {logging_mixin.py:188} INFO - [2026-02-14T16:18:43.934+0000] {dagbag.py:545} INFO - Filling up the DagBag from /home/airflow/.local/lib/python3.12/site-packages/airflow/example_dags/example_task_group.py
[2026-02-14T16:18:43.939+0000] {processor.py:840} INFO - DAG(s) 'example_task_group' retrieved from /home/airflow/.local/lib/python3.12/site-packages/airflow/example_dags/example_task_group.py
[2026-02-14T16:18:43.957+0000] {logging_mixin.py:188} INFO - [2026-02-14T16:18:43.957+0000] {dag.py:3089} INFO - Sync 1 DAGs
[2026-02-14T16:18:43.971+0000] {logging_mixin.py:188} INFO - [2026-02-14T16:18:43.971+0000] {dag.py:3947} INFO - Setting next_dagrun for example_task_group to 2026-02-13 00:00:00+00:00, run_after=2026-02-14 00:00:00+00:00
[2026-02-14T16:18:43.983+0000] {processor.py:183} INFO - Processing /home/airflow/.local/lib/python3.12/site-packages/airflow/example_dags/example_task_group.py took 0.064 seconds
[2026-02-14T16:19:14.089+0000] {processor.py:161} INFO - Started process (PID=3850) to work on /home/airflow/.local/lib/python3.12/site-packages/airflow/example_dags/example_task_group.py
[2026-02-14T16:19:14.090+0000] {processor.py:830} INFO - Processing file /home/airflow/.local/lib/python3.12/site-packages/airflow/example_dags/example_task_group.py for tasks to queue
[2026-02-14T16:19:14.092+0000] {logging_mixin.py:188} INFO - [2026-02-14T16:19:14.092+0000] {dagbag.py:545} INFO - Filling up the DagBag from /home/airflow/.local/lib/python3.12/site-packages/airflow/example_dags/example_task_group.py
[2026-02-14T16:19:14.098+0000] {processor.py:840} INFO - DAG(s) 'example_task_group' retrieved from /home/airflow/.local/lib/python3.12/site-packages/airflow/example_dags/example_task_group.py
[2026-02-14T16:19:14.112+0000] {logging_mixin.py:188} INFO - [2026-02-14T16:19:14.112+0000] {dag.py:3089} INFO - Sync 1 DAGs
[2026-02-14T16:19:14.125+0000] {logging_mixin.py:188} INFO - [2026-02-14T16:19:14.125+0000] {dag.py:3947} INFO - Setting next_dagrun for example_task_group to 2026-02-13 00:00:00+00:00, run_after=2026-02-14 00:00:00+00:00
[2026-02-14T16:19:14.135+0000] {processor.py:183} INFO - Processing /home/airflow/.local/lib/python3.12/site-packages/airflow/example_dags/example_task_group.py took 0.054 seconds
[2026-02-14T16:19:45.014+0000] {processor.py:161} INFO - Started process (PID=3909) to work on /home/airflow/.local/lib/python3.12/site-packages/airflow/example_dags/example_task_group.py
[2026-02-14T16:19:45.015+0000] {processor.py:830} INFO - Processing file /home/airflow/.local/lib/python3.12/site-packages/airflow/example_dags/example_task_group.py for tasks to queue
[2026-02-14T16:19:45.016+0000] {logging_mixin.py:188} INFO - [2026-02-14T16:19:45.016+0000] {dagbag.py:545} INFO - Filling up the DagBag from /home/airflow/.local/lib/python3.12/site-packages/airflow/example_dags/example_task_group.py
[2026-02-14T16:19:45.021+0000] {processor.py:840} INFO - DAG(s) 'example_task_group' retrieved from /home/airflow/.local/lib/python3.12/site-packages/airflow/example_dags/example_task_group.py
[2026-02-14T16:19:45.039+0000] {logging_mixin.py:188} INFO - [2026-02-14T16:19:45.039+0000] {dag.py:3089} INFO - Sync 1 DAGs
[2026-02-14T16:19:45.052+0000] {logging_mixin.py:188} INFO - [2026-02-14T16:19:45.052+0000] {dag.py:3947} INFO - Setting next_dagrun for example_task_group to 2026-02-13 00:00:00+00:00, run_after=2026-02-14 00:00:00+00:00
[2026-02-14T16:19:45.068+0000] {processor.py:183} INFO - Processing /home/airflow/.local/lib/python3.12/site-packages/airflow/example_dags/example_task_group.py took 0.058 seconds
[2026-02-14T16:20:15.480+0000] {processor.py:161} INFO - Started process (PID=3968) to work on /home/airflow/.local/lib/python3.12/site-packages/airflow/example_dags/example_task_group.py
[2026-02-14T16:20:15.483+0000] {processor.py:830} INFO - Processing file /home/airflow/.local/lib/python3.12/site-packages/airflow/example_dags/example_task_group.py for tasks to queue
[2026-02-14T16:20:15.486+0000] {logging_mixin.py:188} INFO - [2026-02-14T16:20:15.486+0000] {dagbag.py:545} INFO - Filling up the DagBag from /home/airflow/.local/lib/python3.12/site-packages/airflow/example_dags/example_task_group.py
[2026-02-14T16:20:15.495+0000] {processor.py:840} INFO - DAG(s) 'example_task_group' retrieved from /home/airflow/.local/lib/python3.12/site-packages/airflow/example_dags/example_task_group.py
[2026-02-14T16:20:15.516+0000] {logging_mixin.py:188} INFO - [2026-02-14T16:20:15.516+0000] {dag.py:3089} INFO - Sync 1 DAGs
[2026-02-14T16:20:15.535+0000] {logging_mixin.py:188} INFO - [2026-02-14T16:20:15.535+0000] {dag.py:3947} INFO - Setting next_dagrun for example_task_group to 2026-02-13 00:00:00+00:00, run_after=2026-02-14 00:00:00+00:00
[2026-02-14T16:20:15.552+0000] {processor.py:183} INFO - Processing /home/airflow/.local/lib/python3.12/site-packages/airflow/example_dags/example_task_group.py took 0.078 seconds
[2026-02-14T16:20:45.748+0000] {processor.py:161} INFO - Started process (PID=4027) to work on /home/airflow/.local/lib/python3.12/site-packages/airflow/example_dags/example_task_group.py
[2026-02-14T16:20:45.749+0000] {processor.py:830} INFO - Processing file /home/airflow/.local/lib/python3.12/site-packages/airflow/example_dags/example_task_group.py for tasks to queue
[2026-02-14T16:20:45.750+0000] {logging_mixin.py:188} INFO - [2026-02-14T16:20:45.750+0000] {dagbag.py:545} INFO - Filling up the DagBag from /home/airflow/.local/lib/python3.12/site-packages/airflow/example_dags/example_task_group.py
[2026-02-14T16:20:45.755+0000] {processor.py:840} INFO - DAG(s) 'example_task_group' retrieved from /home/airflow/.local/lib/python3.12/site-packages/airflow/example_dags/example_task_group.py
[2026-02-14T16:20:45.771+0000] {logging_mixin.py:188} INFO - [2026-02-14T16:20:45.771+0000] {dag.py:3089} INFO - Sync 1 DAGs
[2026-02-14T16:20:45.780+0000] {logging_mixin.py:188} INFO - [2026-02-14T16:20:45.780+0000] {dag.py:3947} INFO - Setting next_dagrun for example_task_group to 2026-02-13 00:00:00+00:00, run_after=2026-02-14 00:00:00+00:00
[2026-02-14T16:20:45.791+0000] {processor.py:183} INFO - Processing /home/airflow/.local/lib/python3.12/site-packages/airflow/example_dags/example_task_group.py took 0.046 seconds
[2026-02-14T16:21:16.342+0000] {processor.py:161} INFO - Started process (PID=4086) to work on /home/airflow/.local/lib/python3.12/site-packages/airflow/example_dags/example_task_group.py
[2026-02-14T16:21:16.343+0000] {processor.py:830} INFO - Processing file /home/airflow/.local/lib/python3.12/site-packages/airflow/example_dags/example_task_group.py for tasks to queue
[2026-02-14T16:21:16.345+0000] {logging_mixin.py:188} INFO - [2026-02-14T16:21:16.345+0000] {dagbag.py:545} INFO - Filling up the DagBag from /home/airflow/.local/lib/python3.12/site-packages/airflow/example_dags/example_task_group.py
[2026-02-14T16:21:16.351+0000] {processor.py:840} INFO - DAG(s) 'example_task_group' retrieved from /home/airflow/.local/lib/python3.12/site-packages/airflow/example_dags/example_task_group.py
[2026-02-14T16:21:16.367+0000] {logging_mixin.py:188} INFO - [2026-02-14T16:21:16.367+0000] {dag.py:3089} INFO - Sync 1 DAGs
[2026-02-14T16:21:16.377+0000] {logging_mixin.py:188} INFO - [2026-02-14T16:21:16.377+0000] {dag.py:3947} INFO - Setting next_dagrun for example_task_group to 2026-02-13 00:00:00+00:00, run_after=2026-02-14 00:00:00+00:00
[2026-02-14T16:21:16.388+0000] {processor.py:183} INFO - Processing /home/airflow/.local/lib/python3.12/site-packages/airflow/example_dags/example_task_group.py took 0.053 seconds
