[2026-02-14T15:46:37.135+0000] {processor.py:161} INFO - Started process (PID=47) to work on /home/airflow/.local/lib/python3.12/site-packages/airflow/example_dags/example_params_ui_tutorial.py
[2026-02-14T15:46:37.137+0000] {processor.py:830} INFO - Processing file /home/airflow/.local/lib/python3.12/site-packages/airflow/example_dags/example_params_ui_tutorial.py for tasks to queue
[2026-02-14T15:46:37.144+0000] {logging_mixin.py:188} INFO - [2026-02-14T15:46:37.143+0000] {dagbag.py:545} INFO - Filling up the DagBag from /home/airflow/.local/lib/python3.12/site-packages/airflow/example_dags/example_params_ui_tutorial.py
[2026-02-14T15:46:37.161+0000] {processor.py:840} INFO - DAG(s) 'example_params_ui_tutorial' retrieved from /home/airflow/.local/lib/python3.12/site-packages/airflow/example_dags/example_params_ui_tutorial.py
[2026-02-14T15:46:37.183+0000] {logging_mixin.py:188} INFO - [2026-02-14T15:46:37.183+0000] {dag.py:3089} INFO - Sync 1 DAGs
[2026-02-14T15:46:37.203+0000] {logging_mixin.py:188} INFO - [2026-02-14T15:46:37.203+0000] {dag.py:3947} INFO - Setting next_dagrun for example_params_ui_tutorial to None, run_after=None
[2026-02-14T15:46:37.224+0000] {processor.py:183} INFO - Processing /home/airflow/.local/lib/python3.12/site-packages/airflow/example_dags/example_params_ui_tutorial.py took 0.094 seconds
[2026-02-14T15:47:07.321+0000] {processor.py:161} INFO - Started process (PID=106) to work on /home/airflow/.local/lib/python3.12/site-packages/airflow/example_dags/example_params_ui_tutorial.py
[2026-02-14T15:47:07.322+0000] {processor.py:830} INFO - Processing file /home/airflow/.local/lib/python3.12/site-packages/airflow/example_dags/example_params_ui_tutorial.py for tasks to queue
[2026-02-14T15:47:07.323+0000] {logging_mixin.py:188} INFO - [2026-02-14T15:47:07.322+0000] {dagbag.py:545} INFO - Filling up the DagBag from /home/airflow/.local/lib/python3.12/site-packages/airflow/example_dags/example_params_ui_tutorial.py
[2026-02-14T15:47:07.326+0000] {processor.py:840} INFO - DAG(s) 'example_params_ui_tutorial' retrieved from /home/airflow/.local/lib/python3.12/site-packages/airflow/example_dags/example_params_ui_tutorial.py
[2026-02-14T15:47:07.369+0000] {logging_mixin.py:188} INFO - [2026-02-14T15:47:07.369+0000] {dag.py:3089} INFO - Sync 1 DAGs
[2026-02-14T15:47:07.375+0000] {logging_mixin.py:188} INFO - [2026-02-14T15:47:07.374+0000] {dag.py:3947} INFO - Setting next_dagrun for example_params_ui_tutorial to None, run_after=None
[2026-02-14T15:47:07.383+0000] {processor.py:183} INFO - Processing /home/airflow/.local/lib/python3.12/site-packages/airflow/example_dags/example_params_ui_tutorial.py took 0.064 seconds
[2026-02-14T15:47:37.475+0000] {processor.py:161} INFO - Started process (PID=165) to work on /home/airflow/.local/lib/python3.12/site-packages/airflow/example_dags/example_params_ui_tutorial.py
[2026-02-14T15:47:37.475+0000] {processor.py:830} INFO - Processing file /home/airflow/.local/lib/python3.12/site-packages/airflow/example_dags/example_params_ui_tutorial.py for tasks to queue
[2026-02-14T15:47:37.476+0000] {logging_mixin.py:188} INFO - [2026-02-14T15:47:37.476+0000] {dagbag.py:545} INFO - Filling up the DagBag from /home/airflow/.local/lib/python3.12/site-packages/airflow/example_dags/example_params_ui_tutorial.py
[2026-02-14T15:47:37.480+0000] {processor.py:840} INFO - DAG(s) 'example_params_ui_tutorial' retrieved from /home/airflow/.local/lib/python3.12/site-packages/airflow/example_dags/example_params_ui_tutorial.py
[2026-02-14T15:47:37.498+0000] {logging_mixin.py:188} INFO - [2026-02-14T15:47:37.497+0000] {dag.py:3089} INFO - Sync 1 DAGs
[2026-02-14T15:47:37.505+0000] {logging_mixin.py:188} INFO - [2026-02-14T15:47:37.505+0000] {dag.py:3947} INFO - Setting next_dagrun for example_params_ui_tutorial to None, run_after=None
[2026-02-14T15:47:37.515+0000] {processor.py:183} INFO - Processing /home/airflow/.local/lib/python3.12/site-packages/airflow/example_dags/example_params_ui_tutorial.py took 0.043 seconds
[2026-02-14T15:48:08.091+0000] {processor.py:161} INFO - Started process (PID=224) to work on /home/airflow/.local/lib/python3.12/site-packages/airflow/example_dags/example_params_ui_tutorial.py
[2026-02-14T15:48:08.092+0000] {processor.py:830} INFO - Processing file /home/airflow/.local/lib/python3.12/site-packages/airflow/example_dags/example_params_ui_tutorial.py for tasks to queue
[2026-02-14T15:48:08.093+0000] {logging_mixin.py:188} INFO - [2026-02-14T15:48:08.093+0000] {dagbag.py:545} INFO - Filling up the DagBag from /home/airflow/.local/lib/python3.12/site-packages/airflow/example_dags/example_params_ui_tutorial.py
[2026-02-14T15:48:08.096+0000] {processor.py:840} INFO - DAG(s) 'example_params_ui_tutorial' retrieved from /home/airflow/.local/lib/python3.12/site-packages/airflow/example_dags/example_params_ui_tutorial.py
[2026-02-14T15:48:08.116+0000] {logging_mixin.py:188} INFO - [2026-02-14T15:48:08.116+0000] {dag.py:3089} INFO - Sync 1 DAGs
[2026-02-14T15:48:08.121+0000] {logging_mixin.py:188} INFO - [2026-02-14T15:48:08.120+0000] {dag.py:3947} INFO - Setting next_dagrun for example_params_ui_tutorial to None, run_after=None
[2026-02-14T15:48:08.130+0000] {processor.py:183} INFO - Processing /home/airflow/.local/lib/python3.12/site-packages/airflow/example_dags/example_params_ui_tutorial.py took 0.042 seconds
[2026-02-14T15:48:38.692+0000] {processor.py:161} INFO - Started process (PID=283) to work on /home/airflow/.local/lib/python3.12/site-packages/airflow/example_dags/example_params_ui_tutorial.py
[2026-02-14T15:48:38.693+0000] {processor.py:830} INFO - Processing file /home/airflow/.local/lib/python3.12/site-packages/airflow/example_dags/example_params_ui_tutorial.py for tasks to queue
[2026-02-14T15:48:38.694+0000] {logging_mixin.py:188} INFO - [2026-02-14T15:48:38.694+0000] {dagbag.py:545} INFO - Filling up the DagBag from /home/airflow/.local/lib/python3.12/site-packages/airflow/example_dags/example_params_ui_tutorial.py
[2026-02-14T15:48:38.697+0000] {processor.py:840} INFO - DAG(s) 'example_params_ui_tutorial' retrieved from /home/airflow/.local/lib/python3.12/site-packages/airflow/example_dags/example_params_ui_tutorial.py
[2026-02-14T15:48:38.715+0000] {logging_mixin.py:188} INFO - [2026-02-14T15:48:38.715+0000] {dag.py:3089} INFO - Sync 1 DAGs
[2026-02-14T15:48:38.719+0000] {logging_mixin.py:188} INFO - [2026-02-14T15:48:38.719+0000] {dag.py:3947} INFO - Setting next_dagrun for example_params_ui_tutorial to None, run_after=None
[2026-02-14T15:48:38.727+0000] {processor.py:183} INFO - Processing /home/airflow/.local/lib/python3.12/site-packages/airflow/example_dags/example_params_ui_tutorial.py took 0.037 seconds
[2026-02-14T15:49:09.357+0000] {processor.py:161} INFO - Started process (PID=348) to work on /home/airflow/.local/lib/python3.12/site-packages/airflow/example_dags/example_params_ui_tutorial.py
[2026-02-14T15:49:09.358+0000] {processor.py:830} INFO - Processing file /home/airflow/.local/lib/python3.12/site-packages/airflow/example_dags/example_params_ui_tutorial.py for tasks to queue
[2026-02-14T15:49:09.359+0000] {logging_mixin.py:188} INFO - [2026-02-14T15:49:09.359+0000] {dagbag.py:545} INFO - Filling up the DagBag from /home/airflow/.local/lib/python3.12/site-packages/airflow/example_dags/example_params_ui_tutorial.py
[2026-02-14T15:49:09.362+0000] {processor.py:840} INFO - DAG(s) 'example_params_ui_tutorial' retrieved from /home/airflow/.local/lib/python3.12/site-packages/airflow/example_dags/example_params_ui_tutorial.py
[2026-02-14T15:49:09.381+0000] {logging_mixin.py:188} INFO - [2026-02-14T15:49:09.381+0000] {dag.py:3089} INFO - Sync 1 DAGs
[2026-02-14T15:49:09.386+0000] {logging_mixin.py:188} INFO - [2026-02-14T15:49:09.386+0000] {dag.py:3947} INFO - Setting next_dagrun for example_params_ui_tutorial to None, run_after=None
[2026-02-14T15:49:09.394+0000] {processor.py:183} INFO - Processing /home/airflow/.local/lib/python3.12/site-packages/airflow/example_dags/example_params_ui_tutorial.py took 0.039 seconds
[2026-02-14T15:49:39.757+0000] {processor.py:161} INFO - Started process (PID=407) to work on /home/airflow/.local/lib/python3.12/site-packages/airflow/example_dags/example_params_ui_tutorial.py
[2026-02-14T15:49:39.757+0000] {processor.py:830} INFO - Processing file /home/airflow/.local/lib/python3.12/site-packages/airflow/example_dags/example_params_ui_tutorial.py for tasks to queue
[2026-02-14T15:49:39.758+0000] {logging_mixin.py:188} INFO - [2026-02-14T15:49:39.758+0000] {dagbag.py:545} INFO - Filling up the DagBag from /home/airflow/.local/lib/python3.12/site-packages/airflow/example_dags/example_params_ui_tutorial.py
[2026-02-14T15:49:39.761+0000] {processor.py:840} INFO - DAG(s) 'example_params_ui_tutorial' retrieved from /home/airflow/.local/lib/python3.12/site-packages/airflow/example_dags/example_params_ui_tutorial.py
[2026-02-14T15:49:39.779+0000] {logging_mixin.py:188} INFO - [2026-02-14T15:49:39.779+0000] {dag.py:3089} INFO - Sync 1 DAGs
[2026-02-14T15:49:39.783+0000] {logging_mixin.py:188} INFO - [2026-02-14T15:49:39.783+0000] {dag.py:3947} INFO - Setting next_dagrun for example_params_ui_tutorial to None, run_after=None
[2026-02-14T15:49:39.791+0000] {processor.py:183} INFO - Processing /home/airflow/.local/lib/python3.12/site-packages/airflow/example_dags/example_params_ui_tutorial.py took 0.037 seconds
[2026-02-14T15:50:10.134+0000] {processor.py:161} INFO - Started process (PID=466) to work on /home/airflow/.local/lib/python3.12/site-packages/airflow/example_dags/example_params_ui_tutorial.py
[2026-02-14T15:50:10.134+0000] {processor.py:830} INFO - Processing file /home/airflow/.local/lib/python3.12/site-packages/airflow/example_dags/example_params_ui_tutorial.py for tasks to queue
[2026-02-14T15:50:10.135+0000] {logging_mixin.py:188} INFO - [2026-02-14T15:50:10.135+0000] {dagbag.py:545} INFO - Filling up the DagBag from /home/airflow/.local/lib/python3.12/site-packages/airflow/example_dags/example_params_ui_tutorial.py
[2026-02-14T15:50:10.138+0000] {processor.py:840} INFO - DAG(s) 'example_params_ui_tutorial' retrieved from /home/airflow/.local/lib/python3.12/site-packages/airflow/example_dags/example_params_ui_tutorial.py
[2026-02-14T15:50:10.157+0000] {logging_mixin.py:188} INFO - [2026-02-14T15:50:10.157+0000] {dag.py:3089} INFO - Sync 1 DAGs
[2026-02-14T15:50:10.161+0000] {logging_mixin.py:188} INFO - [2026-02-14T15:50:10.161+0000] {dag.py:3947} INFO - Setting next_dagrun for example_params_ui_tutorial to None, run_after=None
[2026-02-14T15:50:10.168+0000] {processor.py:183} INFO - Processing /home/airflow/.local/lib/python3.12/site-packages/airflow/example_dags/example_params_ui_tutorial.py took 0.037 seconds
[2026-02-14T15:50:40.553+0000] {processor.py:161} INFO - Started process (PID=525) to work on /home/airflow/.local/lib/python3.12/site-packages/airflow/example_dags/example_params_ui_tutorial.py
[2026-02-14T15:50:40.553+0000] {processor.py:830} INFO - Processing file /home/airflow/.local/lib/python3.12/site-packages/airflow/example_dags/example_params_ui_tutorial.py for tasks to queue
[2026-02-14T15:50:40.555+0000] {logging_mixin.py:188} INFO - [2026-02-14T15:50:40.554+0000] {dagbag.py:545} INFO - Filling up the DagBag from /home/airflow/.local/lib/python3.12/site-packages/airflow/example_dags/example_params_ui_tutorial.py
[2026-02-14T15:50:40.558+0000] {processor.py:840} INFO - DAG(s) 'example_params_ui_tutorial' retrieved from /home/airflow/.local/lib/python3.12/site-packages/airflow/example_dags/example_params_ui_tutorial.py
[2026-02-14T15:50:40.578+0000] {logging_mixin.py:188} INFO - [2026-02-14T15:50:40.578+0000] {dag.py:3089} INFO - Sync 1 DAGs
[2026-02-14T15:50:40.583+0000] {logging_mixin.py:188} INFO - [2026-02-14T15:50:40.583+0000] {dag.py:3947} INFO - Setting next_dagrun for example_params_ui_tutorial to None, run_after=None
[2026-02-14T15:50:40.593+0000] {processor.py:183} INFO - Processing /home/airflow/.local/lib/python3.12/site-packages/airflow/example_dags/example_params_ui_tutorial.py took 0.042 seconds
[2026-02-14T15:51:11.239+0000] {processor.py:161} INFO - Started process (PID=584) to work on /home/airflow/.local/lib/python3.12/site-packages/airflow/example_dags/example_params_ui_tutorial.py
[2026-02-14T15:51:11.240+0000] {processor.py:830} INFO - Processing file /home/airflow/.local/lib/python3.12/site-packages/airflow/example_dags/example_params_ui_tutorial.py for tasks to queue
[2026-02-14T15:51:11.242+0000] {logging_mixin.py:188} INFO - [2026-02-14T15:51:11.241+0000] {dagbag.py:545} INFO - Filling up the DagBag from /home/airflow/.local/lib/python3.12/site-packages/airflow/example_dags/example_params_ui_tutorial.py
[2026-02-14T15:51:11.245+0000] {processor.py:840} INFO - DAG(s) 'example_params_ui_tutorial' retrieved from /home/airflow/.local/lib/python3.12/site-packages/airflow/example_dags/example_params_ui_tutorial.py
[2026-02-14T15:51:11.267+0000] {logging_mixin.py:188} INFO - [2026-02-14T15:51:11.266+0000] {dag.py:3089} INFO - Sync 1 DAGs
[2026-02-14T15:51:11.272+0000] {logging_mixin.py:188} INFO - [2026-02-14T15:51:11.272+0000] {dag.py:3947} INFO - Setting next_dagrun for example_params_ui_tutorial to None, run_after=None
[2026-02-14T15:51:11.280+0000] {processor.py:183} INFO - Processing /home/airflow/.local/lib/python3.12/site-packages/airflow/example_dags/example_params_ui_tutorial.py took 0.043 seconds
[2026-02-14T15:51:41.810+0000] {processor.py:161} INFO - Started process (PID=643) to work on /home/airflow/.local/lib/python3.12/site-packages/airflow/example_dags/example_params_ui_tutorial.py
[2026-02-14T15:51:41.811+0000] {processor.py:830} INFO - Processing file /home/airflow/.local/lib/python3.12/site-packages/airflow/example_dags/example_params_ui_tutorial.py for tasks to queue
[2026-02-14T15:51:41.811+0000] {logging_mixin.py:188} INFO - [2026-02-14T15:51:41.811+0000] {dagbag.py:545} INFO - Filling up the DagBag from /home/airflow/.local/lib/python3.12/site-packages/airflow/example_dags/example_params_ui_tutorial.py
[2026-02-14T15:51:41.814+0000] {processor.py:840} INFO - DAG(s) 'example_params_ui_tutorial' retrieved from /home/airflow/.local/lib/python3.12/site-packages/airflow/example_dags/example_params_ui_tutorial.py
[2026-02-14T15:51:41.829+0000] {logging_mixin.py:188} INFO - [2026-02-14T15:51:41.829+0000] {dag.py:3089} INFO - Sync 1 DAGs
[2026-02-14T15:51:41.833+0000] {logging_mixin.py:188} INFO - [2026-02-14T15:51:41.833+0000] {dag.py:3947} INFO - Setting next_dagrun for example_params_ui_tutorial to None, run_after=None
[2026-02-14T15:51:41.837+0000] {processor.py:183} INFO - Processing /home/airflow/.local/lib/python3.12/site-packages/airflow/example_dags/example_params_ui_tutorial.py took 0.029 seconds
[2026-02-14T15:52:12.247+0000] {processor.py:161} INFO - Started process (PID=702) to work on /home/airflow/.local/lib/python3.12/site-packages/airflow/example_dags/example_params_ui_tutorial.py
[2026-02-14T15:52:12.248+0000] {processor.py:830} INFO - Processing file /home/airflow/.local/lib/python3.12/site-packages/airflow/example_dags/example_params_ui_tutorial.py for tasks to queue
[2026-02-14T15:52:12.249+0000] {logging_mixin.py:188} INFO - [2026-02-14T15:52:12.249+0000] {dagbag.py:545} INFO - Filling up the DagBag from /home/airflow/.local/lib/python3.12/site-packages/airflow/example_dags/example_params_ui_tutorial.py
[2026-02-14T15:52:12.252+0000] {processor.py:840} INFO - DAG(s) 'example_params_ui_tutorial' retrieved from /home/airflow/.local/lib/python3.12/site-packages/airflow/example_dags/example_params_ui_tutorial.py
[2026-02-14T15:52:12.269+0000] {logging_mixin.py:188} INFO - [2026-02-14T15:52:12.269+0000] {dag.py:3089} INFO - Sync 1 DAGs
[2026-02-14T15:52:12.273+0000] {logging_mixin.py:188} INFO - [2026-02-14T15:52:12.273+0000] {dag.py:3947} INFO - Setting next_dagrun for example_params_ui_tutorial to None, run_after=None
[2026-02-14T15:52:12.280+0000] {processor.py:183} INFO - Processing /home/airflow/.local/lib/python3.12/site-packages/airflow/example_dags/example_params_ui_tutorial.py took 0.035 seconds
[2026-02-14T15:52:42.734+0000] {processor.py:161} INFO - Started process (PID=761) to work on /home/airflow/.local/lib/python3.12/site-packages/airflow/example_dags/example_params_ui_tutorial.py
[2026-02-14T15:52:42.735+0000] {processor.py:830} INFO - Processing file /home/airflow/.local/lib/python3.12/site-packages/airflow/example_dags/example_params_ui_tutorial.py for tasks to queue
[2026-02-14T15:52:42.736+0000] {logging_mixin.py:188} INFO - [2026-02-14T15:52:42.735+0000] {dagbag.py:545} INFO - Filling up the DagBag from /home/airflow/.local/lib/python3.12/site-packages/airflow/example_dags/example_params_ui_tutorial.py
[2026-02-14T15:52:42.738+0000] {processor.py:840} INFO - DAG(s) 'example_params_ui_tutorial' retrieved from /home/airflow/.local/lib/python3.12/site-packages/airflow/example_dags/example_params_ui_tutorial.py
[2026-02-14T15:52:42.756+0000] {logging_mixin.py:188} INFO - [2026-02-14T15:52:42.756+0000] {dag.py:3089} INFO - Sync 1 DAGs
[2026-02-14T15:52:42.761+0000] {logging_mixin.py:188} INFO - [2026-02-14T15:52:42.761+0000] {dag.py:3947} INFO - Setting next_dagrun for example_params_ui_tutorial to None, run_after=None
[2026-02-14T15:52:42.770+0000] {processor.py:183} INFO - Processing /home/airflow/.local/lib/python3.12/site-packages/airflow/example_dags/example_params_ui_tutorial.py took 0.038 seconds
[2026-02-14T15:53:13.069+0000] {processor.py:161} INFO - Started process (PID=820) to work on /home/airflow/.local/lib/python3.12/site-packages/airflow/example_dags/example_params_ui_tutorial.py
[2026-02-14T15:53:13.070+0000] {processor.py:830} INFO - Processing file /home/airflow/.local/lib/python3.12/site-packages/airflow/example_dags/example_params_ui_tutorial.py for tasks to queue
[2026-02-14T15:53:13.071+0000] {logging_mixin.py:188} INFO - [2026-02-14T15:53:13.071+0000] {dagbag.py:545} INFO - Filling up the DagBag from /home/airflow/.local/lib/python3.12/site-packages/airflow/example_dags/example_params_ui_tutorial.py
[2026-02-14T15:53:13.075+0000] {processor.py:840} INFO - DAG(s) 'example_params_ui_tutorial' retrieved from /home/airflow/.local/lib/python3.12/site-packages/airflow/example_dags/example_params_ui_tutorial.py
[2026-02-14T15:53:13.093+0000] {logging_mixin.py:188} INFO - [2026-02-14T15:53:13.093+0000] {dag.py:3089} INFO - Sync 1 DAGs
[2026-02-14T15:53:13.097+0000] {logging_mixin.py:188} INFO - [2026-02-14T15:53:13.097+0000] {dag.py:3947} INFO - Setting next_dagrun for example_params_ui_tutorial to None, run_after=None
[2026-02-14T15:53:13.103+0000] {processor.py:183} INFO - Processing /home/airflow/.local/lib/python3.12/site-packages/airflow/example_dags/example_params_ui_tutorial.py took 0.036 seconds
[2026-02-14T15:53:43.389+0000] {processor.py:161} INFO - Started process (PID=879) to work on /home/airflow/.local/lib/python3.12/site-packages/airflow/example_dags/example_params_ui_tutorial.py
[2026-02-14T15:53:43.389+0000] {processor.py:830} INFO - Processing file /home/airflow/.local/lib/python3.12/site-packages/airflow/example_dags/example_params_ui_tutorial.py for tasks to queue
[2026-02-14T15:53:43.390+0000] {logging_mixin.py:188} INFO - [2026-02-14T15:53:43.390+0000] {dagbag.py:545} INFO - Filling up the DagBag from /home/airflow/.local/lib/python3.12/site-packages/airflow/example_dags/example_params_ui_tutorial.py
[2026-02-14T15:53:43.393+0000] {processor.py:840} INFO - DAG(s) 'example_params_ui_tutorial' retrieved from /home/airflow/.local/lib/python3.12/site-packages/airflow/example_dags/example_params_ui_tutorial.py
[2026-02-14T15:53:43.413+0000] {logging_mixin.py:188} INFO - [2026-02-14T15:53:43.413+0000] {dag.py:3089} INFO - Sync 1 DAGs
[2026-02-14T15:53:43.418+0000] {logging_mixin.py:188} INFO - [2026-02-14T15:53:43.418+0000] {dag.py:3947} INFO - Setting next_dagrun for example_params_ui_tutorial to None, run_after=None
[2026-02-14T15:53:43.424+0000] {processor.py:183} INFO - Processing /home/airflow/.local/lib/python3.12/site-packages/airflow/example_dags/example_params_ui_tutorial.py took 0.038 seconds
[2026-02-14T15:54:13.828+0000] {processor.py:161} INFO - Started process (PID=938) to work on /home/airflow/.local/lib/python3.12/site-packages/airflow/example_dags/example_params_ui_tutorial.py
[2026-02-14T15:54:13.828+0000] {processor.py:830} INFO - Processing file /home/airflow/.local/lib/python3.12/site-packages/airflow/example_dags/example_params_ui_tutorial.py for tasks to queue
[2026-02-14T15:54:13.829+0000] {logging_mixin.py:188} INFO - [2026-02-14T15:54:13.829+0000] {dagbag.py:545} INFO - Filling up the DagBag from /home/airflow/.local/lib/python3.12/site-packages/airflow/example_dags/example_params_ui_tutorial.py
[2026-02-14T15:54:13.832+0000] {processor.py:840} INFO - DAG(s) 'example_params_ui_tutorial' retrieved from /home/airflow/.local/lib/python3.12/site-packages/airflow/example_dags/example_params_ui_tutorial.py
[2026-02-14T15:54:13.851+0000] {logging_mixin.py:188} INFO - [2026-02-14T15:54:13.851+0000] {dag.py:3089} INFO - Sync 1 DAGs
[2026-02-14T15:54:13.856+0000] {logging_mixin.py:188} INFO - [2026-02-14T15:54:13.856+0000] {dag.py:3947} INFO - Setting next_dagrun for example_params_ui_tutorial to None, run_after=None
[2026-02-14T15:54:13.865+0000] {processor.py:183} INFO - Processing /home/airflow/.local/lib/python3.12/site-packages/airflow/example_dags/example_params_ui_tutorial.py took 0.039 seconds
[2026-02-14T15:54:44.340+0000] {processor.py:161} INFO - Started process (PID=997) to work on /home/airflow/.local/lib/python3.12/site-packages/airflow/example_dags/example_params_ui_tutorial.py
[2026-02-14T15:54:44.340+0000] {processor.py:830} INFO - Processing file /home/airflow/.local/lib/python3.12/site-packages/airflow/example_dags/example_params_ui_tutorial.py for tasks to queue
[2026-02-14T15:54:44.341+0000] {logging_mixin.py:188} INFO - [2026-02-14T15:54:44.341+0000] {dagbag.py:545} INFO - Filling up the DagBag from /home/airflow/.local/lib/python3.12/site-packages/airflow/example_dags/example_params_ui_tutorial.py
[2026-02-14T15:54:44.344+0000] {processor.py:840} INFO - DAG(s) 'example_params_ui_tutorial' retrieved from /home/airflow/.local/lib/python3.12/site-packages/airflow/example_dags/example_params_ui_tutorial.py
[2026-02-14T15:54:44.361+0000] {logging_mixin.py:188} INFO - [2026-02-14T15:54:44.361+0000] {dag.py:3089} INFO - Sync 1 DAGs
[2026-02-14T15:54:44.366+0000] {logging_mixin.py:188} INFO - [2026-02-14T15:54:44.366+0000] {dag.py:3947} INFO - Setting next_dagrun for example_params_ui_tutorial to None, run_after=None
[2026-02-14T15:54:44.375+0000] {processor.py:183} INFO - Processing /home/airflow/.local/lib/python3.12/site-packages/airflow/example_dags/example_params_ui_tutorial.py took 0.037 seconds
[2026-02-14T15:55:15.492+0000] {processor.py:161} INFO - Started process (PID=1056) to work on /home/airflow/.local/lib/python3.12/site-packages/airflow/example_dags/example_params_ui_tutorial.py
[2026-02-14T15:55:15.494+0000] {processor.py:830} INFO - Processing file /home/airflow/.local/lib/python3.12/site-packages/airflow/example_dags/example_params_ui_tutorial.py for tasks to queue
[2026-02-14T15:55:15.496+0000] {logging_mixin.py:188} INFO - [2026-02-14T15:55:15.496+0000] {dagbag.py:545} INFO - Filling up the DagBag from /home/airflow/.local/lib/python3.12/site-packages/airflow/example_dags/example_params_ui_tutorial.py
[2026-02-14T15:55:15.507+0000] {processor.py:840} INFO - DAG(s) 'example_params_ui_tutorial' retrieved from /home/airflow/.local/lib/python3.12/site-packages/airflow/example_dags/example_params_ui_tutorial.py
[2026-02-14T15:55:15.556+0000] {logging_mixin.py:188} INFO - [2026-02-14T15:55:15.556+0000] {dag.py:3089} INFO - Sync 1 DAGs
[2026-02-14T15:55:15.565+0000] {logging_mixin.py:188} INFO - [2026-02-14T15:55:15.565+0000] {dag.py:3947} INFO - Setting next_dagrun for example_params_ui_tutorial to None, run_after=None
[2026-02-14T15:55:15.598+0000] {processor.py:183} INFO - Processing /home/airflow/.local/lib/python3.12/site-packages/airflow/example_dags/example_params_ui_tutorial.py took 0.110 seconds
[2026-02-14T15:55:46.303+0000] {processor.py:161} INFO - Started process (PID=1114) to work on /home/airflow/.local/lib/python3.12/site-packages/airflow/example_dags/example_params_ui_tutorial.py
[2026-02-14T15:55:46.303+0000] {processor.py:830} INFO - Processing file /home/airflow/.local/lib/python3.12/site-packages/airflow/example_dags/example_params_ui_tutorial.py for tasks to queue
[2026-02-14T15:55:46.305+0000] {logging_mixin.py:188} INFO - [2026-02-14T15:55:46.304+0000] {dagbag.py:545} INFO - Filling up the DagBag from /home/airflow/.local/lib/python3.12/site-packages/airflow/example_dags/example_params_ui_tutorial.py
[2026-02-14T15:55:46.308+0000] {processor.py:840} INFO - DAG(s) 'example_params_ui_tutorial' retrieved from /home/airflow/.local/lib/python3.12/site-packages/airflow/example_dags/example_params_ui_tutorial.py
[2026-02-14T15:55:46.325+0000] {logging_mixin.py:188} INFO - [2026-02-14T15:55:46.325+0000] {dag.py:3089} INFO - Sync 1 DAGs
[2026-02-14T15:55:46.330+0000] {logging_mixin.py:188} INFO - [2026-02-14T15:55:46.330+0000] {dag.py:3947} INFO - Setting next_dagrun for example_params_ui_tutorial to None, run_after=None
[2026-02-14T15:55:46.337+0000] {processor.py:183} INFO - Processing /home/airflow/.local/lib/python3.12/site-packages/airflow/example_dags/example_params_ui_tutorial.py took 0.037 seconds
[2026-02-14T15:56:16.795+0000] {processor.py:161} INFO - Started process (PID=1173) to work on /home/airflow/.local/lib/python3.12/site-packages/airflow/example_dags/example_params_ui_tutorial.py
[2026-02-14T15:56:16.795+0000] {processor.py:830} INFO - Processing file /home/airflow/.local/lib/python3.12/site-packages/airflow/example_dags/example_params_ui_tutorial.py for tasks to queue
[2026-02-14T15:56:16.796+0000] {logging_mixin.py:188} INFO - [2026-02-14T15:56:16.796+0000] {dagbag.py:545} INFO - Filling up the DagBag from /home/airflow/.local/lib/python3.12/site-packages/airflow/example_dags/example_params_ui_tutorial.py
[2026-02-14T15:56:16.799+0000] {processor.py:840} INFO - DAG(s) 'example_params_ui_tutorial' retrieved from /home/airflow/.local/lib/python3.12/site-packages/airflow/example_dags/example_params_ui_tutorial.py
[2026-02-14T15:56:16.824+0000] {logging_mixin.py:188} INFO - [2026-02-14T15:56:16.824+0000] {dag.py:3089} INFO - Sync 1 DAGs
[2026-02-14T15:56:16.829+0000] {logging_mixin.py:188} INFO - [2026-02-14T15:56:16.829+0000] {dag.py:3947} INFO - Setting next_dagrun for example_params_ui_tutorial to None, run_after=None
[2026-02-14T15:56:16.836+0000] {processor.py:183} INFO - Processing /home/airflow/.local/lib/python3.12/site-packages/airflow/example_dags/example_params_ui_tutorial.py took 0.043 seconds
[2026-02-14T15:56:47.312+0000] {processor.py:161} INFO - Started process (PID=1232) to work on /home/airflow/.local/lib/python3.12/site-packages/airflow/example_dags/example_params_ui_tutorial.py
[2026-02-14T15:56:47.313+0000] {processor.py:830} INFO - Processing file /home/airflow/.local/lib/python3.12/site-packages/airflow/example_dags/example_params_ui_tutorial.py for tasks to queue
[2026-02-14T15:56:47.314+0000] {logging_mixin.py:188} INFO - [2026-02-14T15:56:47.314+0000] {dagbag.py:545} INFO - Filling up the DagBag from /home/airflow/.local/lib/python3.12/site-packages/airflow/example_dags/example_params_ui_tutorial.py
[2026-02-14T15:56:47.318+0000] {processor.py:840} INFO - DAG(s) 'example_params_ui_tutorial' retrieved from /home/airflow/.local/lib/python3.12/site-packages/airflow/example_dags/example_params_ui_tutorial.py
[2026-02-14T15:56:47.338+0000] {logging_mixin.py:188} INFO - [2026-02-14T15:56:47.337+0000] {dag.py:3089} INFO - Sync 1 DAGs
[2026-02-14T15:56:47.344+0000] {logging_mixin.py:188} INFO - [2026-02-14T15:56:47.344+0000] {dag.py:3947} INFO - Setting next_dagrun for example_params_ui_tutorial to None, run_after=None
[2026-02-14T15:56:47.350+0000] {processor.py:183} INFO - Processing /home/airflow/.local/lib/python3.12/site-packages/airflow/example_dags/example_params_ui_tutorial.py took 0.041 seconds
[2026-02-14T15:57:17.861+0000] {processor.py:161} INFO - Started process (PID=1291) to work on /home/airflow/.local/lib/python3.12/site-packages/airflow/example_dags/example_params_ui_tutorial.py
[2026-02-14T15:57:17.862+0000] {processor.py:830} INFO - Processing file /home/airflow/.local/lib/python3.12/site-packages/airflow/example_dags/example_params_ui_tutorial.py for tasks to queue
[2026-02-14T15:57:17.863+0000] {logging_mixin.py:188} INFO - [2026-02-14T15:57:17.863+0000] {dagbag.py:545} INFO - Filling up the DagBag from /home/airflow/.local/lib/python3.12/site-packages/airflow/example_dags/example_params_ui_tutorial.py
[2026-02-14T15:57:17.867+0000] {processor.py:840} INFO - DAG(s) 'example_params_ui_tutorial' retrieved from /home/airflow/.local/lib/python3.12/site-packages/airflow/example_dags/example_params_ui_tutorial.py
[2026-02-14T15:57:17.887+0000] {logging_mixin.py:188} INFO - [2026-02-14T15:57:17.887+0000] {dag.py:3089} INFO - Sync 1 DAGs
[2026-02-14T15:57:17.892+0000] {logging_mixin.py:188} INFO - [2026-02-14T15:57:17.892+0000] {dag.py:3947} INFO - Setting next_dagrun for example_params_ui_tutorial to None, run_after=None
[2026-02-14T15:57:17.970+0000] {processor.py:183} INFO - Processing /home/airflow/.local/lib/python3.12/site-packages/airflow/example_dags/example_params_ui_tutorial.py took 0.111 seconds
[2026-02-14T15:57:48.655+0000] {processor.py:161} INFO - Started process (PID=1350) to work on /home/airflow/.local/lib/python3.12/site-packages/airflow/example_dags/example_params_ui_tutorial.py
[2026-02-14T15:57:48.657+0000] {processor.py:830} INFO - Processing file /home/airflow/.local/lib/python3.12/site-packages/airflow/example_dags/example_params_ui_tutorial.py for tasks to queue
[2026-02-14T15:57:48.658+0000] {logging_mixin.py:188} INFO - [2026-02-14T15:57:48.658+0000] {dagbag.py:545} INFO - Filling up the DagBag from /home/airflow/.local/lib/python3.12/site-packages/airflow/example_dags/example_params_ui_tutorial.py
[2026-02-14T15:57:48.662+0000] {processor.py:840} INFO - DAG(s) 'example_params_ui_tutorial' retrieved from /home/airflow/.local/lib/python3.12/site-packages/airflow/example_dags/example_params_ui_tutorial.py
[2026-02-14T15:57:48.681+0000] {logging_mixin.py:188} INFO - [2026-02-14T15:57:48.681+0000] {dag.py:3089} INFO - Sync 1 DAGs
[2026-02-14T15:57:48.685+0000] {logging_mixin.py:188} INFO - [2026-02-14T15:57:48.685+0000] {dag.py:3947} INFO - Setting next_dagrun for example_params_ui_tutorial to None, run_after=None
[2026-02-14T15:57:48.694+0000] {processor.py:183} INFO - Processing /home/airflow/.local/lib/python3.12/site-packages/airflow/example_dags/example_params_ui_tutorial.py took 0.043 seconds
[2026-02-14T15:58:19.006+0000] {processor.py:161} INFO - Started process (PID=1409) to work on /home/airflow/.local/lib/python3.12/site-packages/airflow/example_dags/example_params_ui_tutorial.py
[2026-02-14T15:58:19.007+0000] {processor.py:830} INFO - Processing file /home/airflow/.local/lib/python3.12/site-packages/airflow/example_dags/example_params_ui_tutorial.py for tasks to queue
[2026-02-14T15:58:19.008+0000] {logging_mixin.py:188} INFO - [2026-02-14T15:58:19.008+0000] {dagbag.py:545} INFO - Filling up the DagBag from /home/airflow/.local/lib/python3.12/site-packages/airflow/example_dags/example_params_ui_tutorial.py
[2026-02-14T15:58:19.012+0000] {processor.py:840} INFO - DAG(s) 'example_params_ui_tutorial' retrieved from /home/airflow/.local/lib/python3.12/site-packages/airflow/example_dags/example_params_ui_tutorial.py
[2026-02-14T15:58:19.030+0000] {logging_mixin.py:188} INFO - [2026-02-14T15:58:19.030+0000] {dag.py:3089} INFO - Sync 1 DAGs
[2026-02-14T15:58:19.035+0000] {logging_mixin.py:188} INFO - [2026-02-14T15:58:19.035+0000] {dag.py:3947} INFO - Setting next_dagrun for example_params_ui_tutorial to None, run_after=None
[2026-02-14T15:58:19.042+0000] {processor.py:183} INFO - Processing /home/airflow/.local/lib/python3.12/site-packages/airflow/example_dags/example_params_ui_tutorial.py took 0.039 seconds
[2026-02-14T15:58:49.391+0000] {processor.py:161} INFO - Started process (PID=1468) to work on /home/airflow/.local/lib/python3.12/site-packages/airflow/example_dags/example_params_ui_tutorial.py
[2026-02-14T15:58:49.392+0000] {processor.py:830} INFO - Processing file /home/airflow/.local/lib/python3.12/site-packages/airflow/example_dags/example_params_ui_tutorial.py for tasks to queue
[2026-02-14T15:58:49.392+0000] {logging_mixin.py:188} INFO - [2026-02-14T15:58:49.392+0000] {dagbag.py:545} INFO - Filling up the DagBag from /home/airflow/.local/lib/python3.12/site-packages/airflow/example_dags/example_params_ui_tutorial.py
[2026-02-14T15:58:49.395+0000] {processor.py:840} INFO - DAG(s) 'example_params_ui_tutorial' retrieved from /home/airflow/.local/lib/python3.12/site-packages/airflow/example_dags/example_params_ui_tutorial.py
[2026-02-14T15:58:49.415+0000] {logging_mixin.py:188} INFO - [2026-02-14T15:58:49.415+0000] {dag.py:3089} INFO - Sync 1 DAGs
[2026-02-14T15:58:49.419+0000] {logging_mixin.py:188} INFO - [2026-02-14T15:58:49.419+0000] {dag.py:3947} INFO - Setting next_dagrun for example_params_ui_tutorial to None, run_after=None
[2026-02-14T15:58:49.425+0000] {processor.py:183} INFO - Processing /home/airflow/.local/lib/python3.12/site-packages/airflow/example_dags/example_params_ui_tutorial.py took 0.037 seconds
[2026-02-14T15:59:19.697+0000] {processor.py:161} INFO - Started process (PID=1527) to work on /home/airflow/.local/lib/python3.12/site-packages/airflow/example_dags/example_params_ui_tutorial.py
[2026-02-14T15:59:19.698+0000] {processor.py:830} INFO - Processing file /home/airflow/.local/lib/python3.12/site-packages/airflow/example_dags/example_params_ui_tutorial.py for tasks to queue
[2026-02-14T15:59:19.698+0000] {logging_mixin.py:188} INFO - [2026-02-14T15:59:19.698+0000] {dagbag.py:545} INFO - Filling up the DagBag from /home/airflow/.local/lib/python3.12/site-packages/airflow/example_dags/example_params_ui_tutorial.py
[2026-02-14T15:59:19.701+0000] {processor.py:840} INFO - DAG(s) 'example_params_ui_tutorial' retrieved from /home/airflow/.local/lib/python3.12/site-packages/airflow/example_dags/example_params_ui_tutorial.py
[2026-02-14T15:59:19.718+0000] {logging_mixin.py:188} INFO - [2026-02-14T15:59:19.718+0000] {dag.py:3089} INFO - Sync 1 DAGs
[2026-02-14T15:59:19.722+0000] {logging_mixin.py:188} INFO - [2026-02-14T15:59:19.722+0000] {dag.py:3947} INFO - Setting next_dagrun for example_params_ui_tutorial to None, run_after=None
[2026-02-14T15:59:19.732+0000] {processor.py:183} INFO - Processing /home/airflow/.local/lib/python3.12/site-packages/airflow/example_dags/example_params_ui_tutorial.py took 0.038 seconds
[2026-02-14T15:59:50.543+0000] {processor.py:161} INFO - Started process (PID=1586) to work on /home/airflow/.local/lib/python3.12/site-packages/airflow/example_dags/example_params_ui_tutorial.py
[2026-02-14T15:59:50.544+0000] {processor.py:830} INFO - Processing file /home/airflow/.local/lib/python3.12/site-packages/airflow/example_dags/example_params_ui_tutorial.py for tasks to queue
[2026-02-14T15:59:50.544+0000] {logging_mixin.py:188} INFO - [2026-02-14T15:59:50.544+0000] {dagbag.py:545} INFO - Filling up the DagBag from /home/airflow/.local/lib/python3.12/site-packages/airflow/example_dags/example_params_ui_tutorial.py
[2026-02-14T15:59:50.547+0000] {processor.py:840} INFO - DAG(s) 'example_params_ui_tutorial' retrieved from /home/airflow/.local/lib/python3.12/site-packages/airflow/example_dags/example_params_ui_tutorial.py
[2026-02-14T15:59:50.564+0000] {logging_mixin.py:188} INFO - [2026-02-14T15:59:50.564+0000] {dag.py:3089} INFO - Sync 1 DAGs
[2026-02-14T15:59:50.639+0000] {logging_mixin.py:188} INFO - [2026-02-14T15:59:50.639+0000] {dag.py:3947} INFO - Setting next_dagrun for example_params_ui_tutorial to None, run_after=None
[2026-02-14T15:59:50.645+0000] {processor.py:183} INFO - Processing /home/airflow/.local/lib/python3.12/site-packages/airflow/example_dags/example_params_ui_tutorial.py took 0.105 seconds
[2026-02-14T16:00:20.842+0000] {processor.py:161} INFO - Started process (PID=1645) to work on /home/airflow/.local/lib/python3.12/site-packages/airflow/example_dags/example_params_ui_tutorial.py
[2026-02-14T16:00:20.843+0000] {processor.py:830} INFO - Processing file /home/airflow/.local/lib/python3.12/site-packages/airflow/example_dags/example_params_ui_tutorial.py for tasks to queue
[2026-02-14T16:00:20.844+0000] {logging_mixin.py:188} INFO - [2026-02-14T16:00:20.843+0000] {dagbag.py:545} INFO - Filling up the DagBag from /home/airflow/.local/lib/python3.12/site-packages/airflow/example_dags/example_params_ui_tutorial.py
[2026-02-14T16:00:20.846+0000] {processor.py:840} INFO - DAG(s) 'example_params_ui_tutorial' retrieved from /home/airflow/.local/lib/python3.12/site-packages/airflow/example_dags/example_params_ui_tutorial.py
[2026-02-14T16:00:20.864+0000] {logging_mixin.py:188} INFO - [2026-02-14T16:00:20.864+0000] {dag.py:3089} INFO - Sync 1 DAGs
[2026-02-14T16:00:20.869+0000] {logging_mixin.py:188} INFO - [2026-02-14T16:00:20.869+0000] {dag.py:3947} INFO - Setting next_dagrun for example_params_ui_tutorial to None, run_after=None
[2026-02-14T16:00:20.878+0000] {processor.py:183} INFO - Processing /home/airflow/.local/lib/python3.12/site-packages/airflow/example_dags/example_params_ui_tutorial.py took 0.038 seconds
[2026-02-14T16:00:51.358+0000] {processor.py:161} INFO - Started process (PID=1704) to work on /home/airflow/.local/lib/python3.12/site-packages/airflow/example_dags/example_params_ui_tutorial.py
[2026-02-14T16:00:51.360+0000] {processor.py:830} INFO - Processing file /home/airflow/.local/lib/python3.12/site-packages/airflow/example_dags/example_params_ui_tutorial.py for tasks to queue
[2026-02-14T16:00:51.360+0000] {logging_mixin.py:188} INFO - [2026-02-14T16:00:51.360+0000] {dagbag.py:545} INFO - Filling up the DagBag from /home/airflow/.local/lib/python3.12/site-packages/airflow/example_dags/example_params_ui_tutorial.py
[2026-02-14T16:00:51.363+0000] {processor.py:840} INFO - DAG(s) 'example_params_ui_tutorial' retrieved from /home/airflow/.local/lib/python3.12/site-packages/airflow/example_dags/example_params_ui_tutorial.py
[2026-02-14T16:00:51.381+0000] {logging_mixin.py:188} INFO - [2026-02-14T16:00:51.381+0000] {dag.py:3089} INFO - Sync 1 DAGs
[2026-02-14T16:00:51.386+0000] {logging_mixin.py:188} INFO - [2026-02-14T16:00:51.386+0000] {dag.py:3947} INFO - Setting next_dagrun for example_params_ui_tutorial to None, run_after=None
[2026-02-14T16:00:51.396+0000] {processor.py:183} INFO - Processing /home/airflow/.local/lib/python3.12/site-packages/airflow/example_dags/example_params_ui_tutorial.py took 0.041 seconds
[2026-02-14T16:01:21.855+0000] {processor.py:161} INFO - Started process (PID=1763) to work on /home/airflow/.local/lib/python3.12/site-packages/airflow/example_dags/example_params_ui_tutorial.py
[2026-02-14T16:01:21.857+0000] {processor.py:830} INFO - Processing file /home/airflow/.local/lib/python3.12/site-packages/airflow/example_dags/example_params_ui_tutorial.py for tasks to queue
[2026-02-14T16:01:21.858+0000] {logging_mixin.py:188} INFO - [2026-02-14T16:01:21.858+0000] {dagbag.py:545} INFO - Filling up the DagBag from /home/airflow/.local/lib/python3.12/site-packages/airflow/example_dags/example_params_ui_tutorial.py
[2026-02-14T16:01:21.861+0000] {processor.py:840} INFO - DAG(s) 'example_params_ui_tutorial' retrieved from /home/airflow/.local/lib/python3.12/site-packages/airflow/example_dags/example_params_ui_tutorial.py
[2026-02-14T16:01:21.880+0000] {logging_mixin.py:188} INFO - [2026-02-14T16:01:21.880+0000] {dag.py:3089} INFO - Sync 1 DAGs
[2026-02-14T16:01:21.885+0000] {logging_mixin.py:188} INFO - [2026-02-14T16:01:21.885+0000] {dag.py:3947} INFO - Setting next_dagrun for example_params_ui_tutorial to None, run_after=None
[2026-02-14T16:01:21.891+0000] {processor.py:183} INFO - Processing /home/airflow/.local/lib/python3.12/site-packages/airflow/example_dags/example_params_ui_tutorial.py took 0.039 seconds
[2026-02-14T16:01:52.208+0000] {processor.py:161} INFO - Started process (PID=1822) to work on /home/airflow/.local/lib/python3.12/site-packages/airflow/example_dags/example_params_ui_tutorial.py
[2026-02-14T16:01:52.209+0000] {processor.py:830} INFO - Processing file /home/airflow/.local/lib/python3.12/site-packages/airflow/example_dags/example_params_ui_tutorial.py for tasks to queue
[2026-02-14T16:01:52.210+0000] {logging_mixin.py:188} INFO - [2026-02-14T16:01:52.210+0000] {dagbag.py:545} INFO - Filling up the DagBag from /home/airflow/.local/lib/python3.12/site-packages/airflow/example_dags/example_params_ui_tutorial.py
[2026-02-14T16:01:52.213+0000] {processor.py:840} INFO - DAG(s) 'example_params_ui_tutorial' retrieved from /home/airflow/.local/lib/python3.12/site-packages/airflow/example_dags/example_params_ui_tutorial.py
[2026-02-14T16:01:52.232+0000] {logging_mixin.py:188} INFO - [2026-02-14T16:01:52.232+0000] {dag.py:3089} INFO - Sync 1 DAGs
[2026-02-14T16:01:52.238+0000] {logging_mixin.py:188} INFO - [2026-02-14T16:01:52.237+0000] {dag.py:3947} INFO - Setting next_dagrun for example_params_ui_tutorial to None, run_after=None
[2026-02-14T16:01:52.247+0000] {processor.py:183} INFO - Processing /home/airflow/.local/lib/python3.12/site-packages/airflow/example_dags/example_params_ui_tutorial.py took 0.041 seconds
[2026-02-14T16:02:22.610+0000] {processor.py:161} INFO - Started process (PID=1881) to work on /home/airflow/.local/lib/python3.12/site-packages/airflow/example_dags/example_params_ui_tutorial.py
[2026-02-14T16:02:22.611+0000] {processor.py:830} INFO - Processing file /home/airflow/.local/lib/python3.12/site-packages/airflow/example_dags/example_params_ui_tutorial.py for tasks to queue
[2026-02-14T16:02:22.612+0000] {logging_mixin.py:188} INFO - [2026-02-14T16:02:22.612+0000] {dagbag.py:545} INFO - Filling up the DagBag from /home/airflow/.local/lib/python3.12/site-packages/airflow/example_dags/example_params_ui_tutorial.py
[2026-02-14T16:02:22.616+0000] {processor.py:840} INFO - DAG(s) 'example_params_ui_tutorial' retrieved from /home/airflow/.local/lib/python3.12/site-packages/airflow/example_dags/example_params_ui_tutorial.py
[2026-02-14T16:02:22.636+0000] {logging_mixin.py:188} INFO - [2026-02-14T16:02:22.636+0000] {dag.py:3089} INFO - Sync 1 DAGs
[2026-02-14T16:02:22.641+0000] {logging_mixin.py:188} INFO - [2026-02-14T16:02:22.641+0000] {dag.py:3947} INFO - Setting next_dagrun for example_params_ui_tutorial to None, run_after=None
[2026-02-14T16:02:22.647+0000] {processor.py:183} INFO - Processing /home/airflow/.local/lib/python3.12/site-packages/airflow/example_dags/example_params_ui_tutorial.py took 0.040 seconds
[2026-02-14T16:02:53.043+0000] {processor.py:161} INFO - Started process (PID=1940) to work on /home/airflow/.local/lib/python3.12/site-packages/airflow/example_dags/example_params_ui_tutorial.py
[2026-02-14T16:02:53.044+0000] {processor.py:830} INFO - Processing file /home/airflow/.local/lib/python3.12/site-packages/airflow/example_dags/example_params_ui_tutorial.py for tasks to queue
[2026-02-14T16:02:53.045+0000] {logging_mixin.py:188} INFO - [2026-02-14T16:02:53.045+0000] {dagbag.py:545} INFO - Filling up the DagBag from /home/airflow/.local/lib/python3.12/site-packages/airflow/example_dags/example_params_ui_tutorial.py
[2026-02-14T16:02:53.049+0000] {processor.py:840} INFO - DAG(s) 'example_params_ui_tutorial' retrieved from /home/airflow/.local/lib/python3.12/site-packages/airflow/example_dags/example_params_ui_tutorial.py
[2026-02-14T16:02:53.070+0000] {logging_mixin.py:188} INFO - [2026-02-14T16:02:53.070+0000] {dag.py:3089} INFO - Sync 1 DAGs
[2026-02-14T16:02:53.076+0000] {logging_mixin.py:188} INFO - [2026-02-14T16:02:53.076+0000] {dag.py:3947} INFO - Setting next_dagrun for example_params_ui_tutorial to None, run_after=None
[2026-02-14T16:02:53.085+0000] {processor.py:183} INFO - Processing /home/airflow/.local/lib/python3.12/site-packages/airflow/example_dags/example_params_ui_tutorial.py took 0.044 seconds
[2026-02-14T16:03:23.629+0000] {processor.py:161} INFO - Started process (PID=1999) to work on /home/airflow/.local/lib/python3.12/site-packages/airflow/example_dags/example_params_ui_tutorial.py
[2026-02-14T16:03:23.631+0000] {processor.py:830} INFO - Processing file /home/airflow/.local/lib/python3.12/site-packages/airflow/example_dags/example_params_ui_tutorial.py for tasks to queue
[2026-02-14T16:03:23.632+0000] {logging_mixin.py:188} INFO - [2026-02-14T16:03:23.632+0000] {dagbag.py:545} INFO - Filling up the DagBag from /home/airflow/.local/lib/python3.12/site-packages/airflow/example_dags/example_params_ui_tutorial.py
[2026-02-14T16:03:23.639+0000] {processor.py:840} INFO - DAG(s) 'example_params_ui_tutorial' retrieved from /home/airflow/.local/lib/python3.12/site-packages/airflow/example_dags/example_params_ui_tutorial.py
[2026-02-14T16:03:23.663+0000] {logging_mixin.py:188} INFO - [2026-02-14T16:03:23.663+0000] {dag.py:3089} INFO - Sync 1 DAGs
[2026-02-14T16:03:23.669+0000] {logging_mixin.py:188} INFO - [2026-02-14T16:03:23.669+0000] {dag.py:3947} INFO - Setting next_dagrun for example_params_ui_tutorial to None, run_after=None
[2026-02-14T16:03:23.679+0000] {processor.py:183} INFO - Processing /home/airflow/.local/lib/python3.12/site-packages/airflow/example_dags/example_params_ui_tutorial.py took 0.052 seconds
[2026-02-14T16:03:54.187+0000] {processor.py:161} INFO - Started process (PID=2058) to work on /home/airflow/.local/lib/python3.12/site-packages/airflow/example_dags/example_params_ui_tutorial.py
[2026-02-14T16:03:54.188+0000] {processor.py:830} INFO - Processing file /home/airflow/.local/lib/python3.12/site-packages/airflow/example_dags/example_params_ui_tutorial.py for tasks to queue
[2026-02-14T16:03:54.189+0000] {logging_mixin.py:188} INFO - [2026-02-14T16:03:54.188+0000] {dagbag.py:545} INFO - Filling up the DagBag from /home/airflow/.local/lib/python3.12/site-packages/airflow/example_dags/example_params_ui_tutorial.py
[2026-02-14T16:03:54.192+0000] {processor.py:840} INFO - DAG(s) 'example_params_ui_tutorial' retrieved from /home/airflow/.local/lib/python3.12/site-packages/airflow/example_dags/example_params_ui_tutorial.py
[2026-02-14T16:03:54.210+0000] {logging_mixin.py:188} INFO - [2026-02-14T16:03:54.210+0000] {dag.py:3089} INFO - Sync 1 DAGs
[2026-02-14T16:03:54.215+0000] {logging_mixin.py:188} INFO - [2026-02-14T16:03:54.215+0000] {dag.py:3947} INFO - Setting next_dagrun for example_params_ui_tutorial to None, run_after=None
[2026-02-14T16:03:54.223+0000] {processor.py:183} INFO - Processing /home/airflow/.local/lib/python3.12/site-packages/airflow/example_dags/example_params_ui_tutorial.py took 0.038 seconds
[2026-02-14T16:04:24.877+0000] {processor.py:161} INFO - Started process (PID=2117) to work on /home/airflow/.local/lib/python3.12/site-packages/airflow/example_dags/example_params_ui_tutorial.py
[2026-02-14T16:04:24.878+0000] {processor.py:830} INFO - Processing file /home/airflow/.local/lib/python3.12/site-packages/airflow/example_dags/example_params_ui_tutorial.py for tasks to queue
[2026-02-14T16:04:24.879+0000] {logging_mixin.py:188} INFO - [2026-02-14T16:04:24.879+0000] {dagbag.py:545} INFO - Filling up the DagBag from /home/airflow/.local/lib/python3.12/site-packages/airflow/example_dags/example_params_ui_tutorial.py
[2026-02-14T16:04:24.882+0000] {processor.py:840} INFO - DAG(s) 'example_params_ui_tutorial' retrieved from /home/airflow/.local/lib/python3.12/site-packages/airflow/example_dags/example_params_ui_tutorial.py
[2026-02-14T16:04:24.902+0000] {logging_mixin.py:188} INFO - [2026-02-14T16:04:24.902+0000] {dag.py:3089} INFO - Sync 1 DAGs
[2026-02-14T16:04:24.907+0000] {logging_mixin.py:188} INFO - [2026-02-14T16:04:24.907+0000] {dag.py:3947} INFO - Setting next_dagrun for example_params_ui_tutorial to None, run_after=None
[2026-02-14T16:04:24.916+0000] {processor.py:183} INFO - Processing /home/airflow/.local/lib/python3.12/site-packages/airflow/example_dags/example_params_ui_tutorial.py took 0.041 seconds
[2026-02-14T16:04:55.366+0000] {processor.py:161} INFO - Started process (PID=2176) to work on /home/airflow/.local/lib/python3.12/site-packages/airflow/example_dags/example_params_ui_tutorial.py
[2026-02-14T16:04:55.367+0000] {processor.py:830} INFO - Processing file /home/airflow/.local/lib/python3.12/site-packages/airflow/example_dags/example_params_ui_tutorial.py for tasks to queue
[2026-02-14T16:04:55.368+0000] {logging_mixin.py:188} INFO - [2026-02-14T16:04:55.368+0000] {dagbag.py:545} INFO - Filling up the DagBag from /home/airflow/.local/lib/python3.12/site-packages/airflow/example_dags/example_params_ui_tutorial.py
[2026-02-14T16:04:55.371+0000] {processor.py:840} INFO - DAG(s) 'example_params_ui_tutorial' retrieved from /home/airflow/.local/lib/python3.12/site-packages/airflow/example_dags/example_params_ui_tutorial.py
[2026-02-14T16:04:55.390+0000] {logging_mixin.py:188} INFO - [2026-02-14T16:04:55.390+0000] {dag.py:3089} INFO - Sync 1 DAGs
[2026-02-14T16:04:55.394+0000] {logging_mixin.py:188} INFO - [2026-02-14T16:04:55.394+0000] {dag.py:3947} INFO - Setting next_dagrun for example_params_ui_tutorial to None, run_after=None
[2026-02-14T16:04:55.400+0000] {processor.py:183} INFO - Processing /home/airflow/.local/lib/python3.12/site-packages/airflow/example_dags/example_params_ui_tutorial.py took 0.037 seconds
[2026-02-14T16:05:25.872+0000] {processor.py:161} INFO - Started process (PID=2235) to work on /home/airflow/.local/lib/python3.12/site-packages/airflow/example_dags/example_params_ui_tutorial.py
[2026-02-14T16:05:25.873+0000] {processor.py:830} INFO - Processing file /home/airflow/.local/lib/python3.12/site-packages/airflow/example_dags/example_params_ui_tutorial.py for tasks to queue
[2026-02-14T16:05:25.874+0000] {logging_mixin.py:188} INFO - [2026-02-14T16:05:25.874+0000] {dagbag.py:545} INFO - Filling up the DagBag from /home/airflow/.local/lib/python3.12/site-packages/airflow/example_dags/example_params_ui_tutorial.py
[2026-02-14T16:05:25.877+0000] {processor.py:840} INFO - DAG(s) 'example_params_ui_tutorial' retrieved from /home/airflow/.local/lib/python3.12/site-packages/airflow/example_dags/example_params_ui_tutorial.py
[2026-02-14T16:05:25.897+0000] {logging_mixin.py:188} INFO - [2026-02-14T16:05:25.897+0000] {dag.py:3089} INFO - Sync 1 DAGs
[2026-02-14T16:05:25.902+0000] {logging_mixin.py:188} INFO - [2026-02-14T16:05:25.902+0000] {dag.py:3947} INFO - Setting next_dagrun for example_params_ui_tutorial to None, run_after=None
[2026-02-14T16:05:25.909+0000] {processor.py:183} INFO - Processing /home/airflow/.local/lib/python3.12/site-packages/airflow/example_dags/example_params_ui_tutorial.py took 0.039 seconds
[2026-02-14T16:05:56.368+0000] {processor.py:161} INFO - Started process (PID=2294) to work on /home/airflow/.local/lib/python3.12/site-packages/airflow/example_dags/example_params_ui_tutorial.py
[2026-02-14T16:05:56.369+0000] {processor.py:830} INFO - Processing file /home/airflow/.local/lib/python3.12/site-packages/airflow/example_dags/example_params_ui_tutorial.py for tasks to queue
[2026-02-14T16:05:56.370+0000] {logging_mixin.py:188} INFO - [2026-02-14T16:05:56.369+0000] {dagbag.py:545} INFO - Filling up the DagBag from /home/airflow/.local/lib/python3.12/site-packages/airflow/example_dags/example_params_ui_tutorial.py
[2026-02-14T16:05:56.372+0000] {processor.py:840} INFO - DAG(s) 'example_params_ui_tutorial' retrieved from /home/airflow/.local/lib/python3.12/site-packages/airflow/example_dags/example_params_ui_tutorial.py
[2026-02-14T16:05:56.390+0000] {logging_mixin.py:188} INFO - [2026-02-14T16:05:56.390+0000] {dag.py:3089} INFO - Sync 1 DAGs
[2026-02-14T16:05:56.393+0000] {logging_mixin.py:188} INFO - [2026-02-14T16:05:56.393+0000] {dag.py:3947} INFO - Setting next_dagrun for example_params_ui_tutorial to None, run_after=None
[2026-02-14T16:05:56.401+0000] {processor.py:183} INFO - Processing /home/airflow/.local/lib/python3.12/site-packages/airflow/example_dags/example_params_ui_tutorial.py took 0.035 seconds
[2026-02-14T16:06:26.790+0000] {processor.py:161} INFO - Started process (PID=2353) to work on /home/airflow/.local/lib/python3.12/site-packages/airflow/example_dags/example_params_ui_tutorial.py
[2026-02-14T16:06:26.791+0000] {processor.py:830} INFO - Processing file /home/airflow/.local/lib/python3.12/site-packages/airflow/example_dags/example_params_ui_tutorial.py for tasks to queue
[2026-02-14T16:06:26.791+0000] {logging_mixin.py:188} INFO - [2026-02-14T16:06:26.791+0000] {dagbag.py:545} INFO - Filling up the DagBag from /home/airflow/.local/lib/python3.12/site-packages/airflow/example_dags/example_params_ui_tutorial.py
[2026-02-14T16:06:26.796+0000] {processor.py:840} INFO - DAG(s) 'example_params_ui_tutorial' retrieved from /home/airflow/.local/lib/python3.12/site-packages/airflow/example_dags/example_params_ui_tutorial.py
[2026-02-14T16:06:26.816+0000] {logging_mixin.py:188} INFO - [2026-02-14T16:06:26.816+0000] {dag.py:3089} INFO - Sync 1 DAGs
[2026-02-14T16:06:26.820+0000] {logging_mixin.py:188} INFO - [2026-02-14T16:06:26.820+0000] {dag.py:3947} INFO - Setting next_dagrun for example_params_ui_tutorial to None, run_after=None
[2026-02-14T16:06:26.830+0000] {processor.py:183} INFO - Processing /home/airflow/.local/lib/python3.12/site-packages/airflow/example_dags/example_params_ui_tutorial.py took 0.043 seconds
[2026-02-14T16:06:57.677+0000] {processor.py:161} INFO - Started process (PID=2412) to work on /home/airflow/.local/lib/python3.12/site-packages/airflow/example_dags/example_params_ui_tutorial.py
[2026-02-14T16:06:57.678+0000] {processor.py:830} INFO - Processing file /home/airflow/.local/lib/python3.12/site-packages/airflow/example_dags/example_params_ui_tutorial.py for tasks to queue
[2026-02-14T16:06:57.679+0000] {logging_mixin.py:188} INFO - [2026-02-14T16:06:57.679+0000] {dagbag.py:545} INFO - Filling up the DagBag from /home/airflow/.local/lib/python3.12/site-packages/airflow/example_dags/example_params_ui_tutorial.py
[2026-02-14T16:06:57.689+0000] {processor.py:840} INFO - DAG(s) 'example_params_ui_tutorial' retrieved from /home/airflow/.local/lib/python3.12/site-packages/airflow/example_dags/example_params_ui_tutorial.py
[2026-02-14T16:06:57.727+0000] {logging_mixin.py:188} INFO - [2026-02-14T16:06:57.727+0000] {dag.py:3089} INFO - Sync 1 DAGs
[2026-02-14T16:06:57.738+0000] {logging_mixin.py:188} INFO - [2026-02-14T16:06:57.738+0000] {dag.py:3947} INFO - Setting next_dagrun for example_params_ui_tutorial to None, run_after=None
[2026-02-14T16:06:57.760+0000] {processor.py:183} INFO - Processing /home/airflow/.local/lib/python3.12/site-packages/airflow/example_dags/example_params_ui_tutorial.py took 0.087 seconds
[2026-02-14T16:07:28.343+0000] {processor.py:161} INFO - Started process (PID=2471) to work on /home/airflow/.local/lib/python3.12/site-packages/airflow/example_dags/example_params_ui_tutorial.py
[2026-02-14T16:07:28.344+0000] {processor.py:830} INFO - Processing file /home/airflow/.local/lib/python3.12/site-packages/airflow/example_dags/example_params_ui_tutorial.py for tasks to queue
[2026-02-14T16:07:28.344+0000] {logging_mixin.py:188} INFO - [2026-02-14T16:07:28.344+0000] {dagbag.py:545} INFO - Filling up the DagBag from /home/airflow/.local/lib/python3.12/site-packages/airflow/example_dags/example_params_ui_tutorial.py
[2026-02-14T16:07:28.347+0000] {processor.py:840} INFO - DAG(s) 'example_params_ui_tutorial' retrieved from /home/airflow/.local/lib/python3.12/site-packages/airflow/example_dags/example_params_ui_tutorial.py
[2026-02-14T16:07:28.364+0000] {logging_mixin.py:188} INFO - [2026-02-14T16:07:28.364+0000] {dag.py:3089} INFO - Sync 1 DAGs
[2026-02-14T16:07:28.369+0000] {logging_mixin.py:188} INFO - [2026-02-14T16:07:28.369+0000] {dag.py:3947} INFO - Setting next_dagrun for example_params_ui_tutorial to None, run_after=None
[2026-02-14T16:07:28.377+0000] {processor.py:183} INFO - Processing /home/airflow/.local/lib/python3.12/site-packages/airflow/example_dags/example_params_ui_tutorial.py took 0.036 seconds
[2026-02-14T16:07:59.106+0000] {processor.py:161} INFO - Started process (PID=2530) to work on /home/airflow/.local/lib/python3.12/site-packages/airflow/example_dags/example_params_ui_tutorial.py
[2026-02-14T16:07:59.106+0000] {processor.py:830} INFO - Processing file /home/airflow/.local/lib/python3.12/site-packages/airflow/example_dags/example_params_ui_tutorial.py for tasks to queue
[2026-02-14T16:07:59.107+0000] {logging_mixin.py:188} INFO - [2026-02-14T16:07:59.107+0000] {dagbag.py:545} INFO - Filling up the DagBag from /home/airflow/.local/lib/python3.12/site-packages/airflow/example_dags/example_params_ui_tutorial.py
[2026-02-14T16:07:59.110+0000] {processor.py:840} INFO - DAG(s) 'example_params_ui_tutorial' retrieved from /home/airflow/.local/lib/python3.12/site-packages/airflow/example_dags/example_params_ui_tutorial.py
[2026-02-14T16:07:59.127+0000] {logging_mixin.py:188} INFO - [2026-02-14T16:07:59.127+0000] {dag.py:3089} INFO - Sync 1 DAGs
[2026-02-14T16:07:59.132+0000] {logging_mixin.py:188} INFO - [2026-02-14T16:07:59.132+0000] {dag.py:3947} INFO - Setting next_dagrun for example_params_ui_tutorial to None, run_after=None
[2026-02-14T16:07:59.141+0000] {processor.py:183} INFO - Processing /home/airflow/.local/lib/python3.12/site-packages/airflow/example_dags/example_params_ui_tutorial.py took 0.037 seconds
[2026-02-14T16:08:29.589+0000] {processor.py:161} INFO - Started process (PID=2589) to work on /home/airflow/.local/lib/python3.12/site-packages/airflow/example_dags/example_params_ui_tutorial.py
[2026-02-14T16:08:29.590+0000] {processor.py:830} INFO - Processing file /home/airflow/.local/lib/python3.12/site-packages/airflow/example_dags/example_params_ui_tutorial.py for tasks to queue
[2026-02-14T16:08:29.591+0000] {logging_mixin.py:188} INFO - [2026-02-14T16:08:29.591+0000] {dagbag.py:545} INFO - Filling up the DagBag from /home/airflow/.local/lib/python3.12/site-packages/airflow/example_dags/example_params_ui_tutorial.py
[2026-02-14T16:08:29.595+0000] {processor.py:840} INFO - DAG(s) 'example_params_ui_tutorial' retrieved from /home/airflow/.local/lib/python3.12/site-packages/airflow/example_dags/example_params_ui_tutorial.py
[2026-02-14T16:08:29.619+0000] {logging_mixin.py:188} INFO - [2026-02-14T16:08:29.618+0000] {dag.py:3089} INFO - Sync 1 DAGs
[2026-02-14T16:08:29.625+0000] {logging_mixin.py:188} INFO - [2026-02-14T16:08:29.625+0000] {dag.py:3947} INFO - Setting next_dagrun for example_params_ui_tutorial to None, run_after=None
[2026-02-14T16:08:29.637+0000] {processor.py:183} INFO - Processing /home/airflow/.local/lib/python3.12/site-packages/airflow/example_dags/example_params_ui_tutorial.py took 0.051 seconds
[2026-02-14T16:09:00.038+0000] {processor.py:161} INFO - Started process (PID=2648) to work on /home/airflow/.local/lib/python3.12/site-packages/airflow/example_dags/example_params_ui_tutorial.py
[2026-02-14T16:09:00.039+0000] {processor.py:830} INFO - Processing file /home/airflow/.local/lib/python3.12/site-packages/airflow/example_dags/example_params_ui_tutorial.py for tasks to queue
[2026-02-14T16:09:00.039+0000] {logging_mixin.py:188} INFO - [2026-02-14T16:09:00.039+0000] {dagbag.py:545} INFO - Filling up the DagBag from /home/airflow/.local/lib/python3.12/site-packages/airflow/example_dags/example_params_ui_tutorial.py
[2026-02-14T16:09:00.042+0000] {processor.py:840} INFO - DAG(s) 'example_params_ui_tutorial' retrieved from /home/airflow/.local/lib/python3.12/site-packages/airflow/example_dags/example_params_ui_tutorial.py
[2026-02-14T16:09:00.059+0000] {logging_mixin.py:188} INFO - [2026-02-14T16:09:00.059+0000] {dag.py:3089} INFO - Sync 1 DAGs
[2026-02-14T16:09:00.066+0000] {logging_mixin.py:188} INFO - [2026-02-14T16:09:00.066+0000] {dag.py:3947} INFO - Setting next_dagrun for example_params_ui_tutorial to None, run_after=None
[2026-02-14T16:09:00.075+0000] {processor.py:183} INFO - Processing /home/airflow/.local/lib/python3.12/site-packages/airflow/example_dags/example_params_ui_tutorial.py took 0.040 seconds
[2026-02-14T16:09:30.515+0000] {processor.py:161} INFO - Started process (PID=2707) to work on /home/airflow/.local/lib/python3.12/site-packages/airflow/example_dags/example_params_ui_tutorial.py
[2026-02-14T16:09:30.515+0000] {processor.py:830} INFO - Processing file /home/airflow/.local/lib/python3.12/site-packages/airflow/example_dags/example_params_ui_tutorial.py for tasks to queue
[2026-02-14T16:09:30.516+0000] {logging_mixin.py:188} INFO - [2026-02-14T16:09:30.516+0000] {dagbag.py:545} INFO - Filling up the DagBag from /home/airflow/.local/lib/python3.12/site-packages/airflow/example_dags/example_params_ui_tutorial.py
[2026-02-14T16:09:30.520+0000] {processor.py:840} INFO - DAG(s) 'example_params_ui_tutorial' retrieved from /home/airflow/.local/lib/python3.12/site-packages/airflow/example_dags/example_params_ui_tutorial.py
[2026-02-14T16:09:30.550+0000] {logging_mixin.py:188} INFO - [2026-02-14T16:09:30.550+0000] {dag.py:3089} INFO - Sync 1 DAGs
[2026-02-14T16:09:30.557+0000] {logging_mixin.py:188} INFO - [2026-02-14T16:09:30.557+0000] {dag.py:3947} INFO - Setting next_dagrun for example_params_ui_tutorial to None, run_after=None
[2026-02-14T16:09:30.565+0000] {processor.py:183} INFO - Processing /home/airflow/.local/lib/python3.12/site-packages/airflow/example_dags/example_params_ui_tutorial.py took 0.054 seconds
[2026-02-14T16:10:00.813+0000] {processor.py:161} INFO - Started process (PID=2766) to work on /home/airflow/.local/lib/python3.12/site-packages/airflow/example_dags/example_params_ui_tutorial.py
[2026-02-14T16:10:00.813+0000] {processor.py:830} INFO - Processing file /home/airflow/.local/lib/python3.12/site-packages/airflow/example_dags/example_params_ui_tutorial.py for tasks to queue
[2026-02-14T16:10:00.814+0000] {logging_mixin.py:188} INFO - [2026-02-14T16:10:00.813+0000] {dagbag.py:545} INFO - Filling up the DagBag from /home/airflow/.local/lib/python3.12/site-packages/airflow/example_dags/example_params_ui_tutorial.py
[2026-02-14T16:10:00.817+0000] {processor.py:840} INFO - DAG(s) 'example_params_ui_tutorial' retrieved from /home/airflow/.local/lib/python3.12/site-packages/airflow/example_dags/example_params_ui_tutorial.py
[2026-02-14T16:10:00.835+0000] {logging_mixin.py:188} INFO - [2026-02-14T16:10:00.835+0000] {dag.py:3089} INFO - Sync 1 DAGs
[2026-02-14T16:10:00.839+0000] {logging_mixin.py:188} INFO - [2026-02-14T16:10:00.839+0000] {dag.py:3947} INFO - Setting next_dagrun for example_params_ui_tutorial to None, run_after=None
[2026-02-14T16:10:00.845+0000] {processor.py:183} INFO - Processing /home/airflow/.local/lib/python3.12/site-packages/airflow/example_dags/example_params_ui_tutorial.py took 0.035 seconds
[2026-02-14T16:10:31.206+0000] {processor.py:161} INFO - Started process (PID=2824) to work on /home/airflow/.local/lib/python3.12/site-packages/airflow/example_dags/example_params_ui_tutorial.py
[2026-02-14T16:10:31.207+0000] {processor.py:830} INFO - Processing file /home/airflow/.local/lib/python3.12/site-packages/airflow/example_dags/example_params_ui_tutorial.py for tasks to queue
[2026-02-14T16:10:31.207+0000] {logging_mixin.py:188} INFO - [2026-02-14T16:10:31.207+0000] {dagbag.py:545} INFO - Filling up the DagBag from /home/airflow/.local/lib/python3.12/site-packages/airflow/example_dags/example_params_ui_tutorial.py
[2026-02-14T16:10:31.211+0000] {processor.py:840} INFO - DAG(s) 'example_params_ui_tutorial' retrieved from /home/airflow/.local/lib/python3.12/site-packages/airflow/example_dags/example_params_ui_tutorial.py
[2026-02-14T16:10:31.233+0000] {logging_mixin.py:188} INFO - [2026-02-14T16:10:31.233+0000] {dag.py:3089} INFO - Sync 1 DAGs
[2026-02-14T16:10:31.240+0000] {logging_mixin.py:188} INFO - [2026-02-14T16:10:31.240+0000] {dag.py:3947} INFO - Setting next_dagrun for example_params_ui_tutorial to None, run_after=None
[2026-02-14T16:10:31.249+0000] {processor.py:183} INFO - Processing /home/airflow/.local/lib/python3.12/site-packages/airflow/example_dags/example_params_ui_tutorial.py took 0.046 seconds
[2026-02-14T16:11:01.943+0000] {processor.py:161} INFO - Started process (PID=2883) to work on /home/airflow/.local/lib/python3.12/site-packages/airflow/example_dags/example_params_ui_tutorial.py
[2026-02-14T16:11:01.944+0000] {processor.py:830} INFO - Processing file /home/airflow/.local/lib/python3.12/site-packages/airflow/example_dags/example_params_ui_tutorial.py for tasks to queue
[2026-02-14T16:11:01.945+0000] {logging_mixin.py:188} INFO - [2026-02-14T16:11:01.944+0000] {dagbag.py:545} INFO - Filling up the DagBag from /home/airflow/.local/lib/python3.12/site-packages/airflow/example_dags/example_params_ui_tutorial.py
[2026-02-14T16:11:01.949+0000] {processor.py:840} INFO - DAG(s) 'example_params_ui_tutorial' retrieved from /home/airflow/.local/lib/python3.12/site-packages/airflow/example_dags/example_params_ui_tutorial.py
[2026-02-14T16:11:01.973+0000] {logging_mixin.py:188} INFO - [2026-02-14T16:11:01.972+0000] {dag.py:3089} INFO - Sync 1 DAGs
[2026-02-14T16:11:01.979+0000] {logging_mixin.py:188} INFO - [2026-02-14T16:11:01.979+0000] {dag.py:3947} INFO - Setting next_dagrun for example_params_ui_tutorial to None, run_after=None
[2026-02-14T16:11:01.987+0000] {processor.py:183} INFO - Processing /home/airflow/.local/lib/python3.12/site-packages/airflow/example_dags/example_params_ui_tutorial.py took 0.047 seconds
[2026-02-14T16:11:32.169+0000] {processor.py:161} INFO - Started process (PID=2942) to work on /home/airflow/.local/lib/python3.12/site-packages/airflow/example_dags/example_params_ui_tutorial.py
[2026-02-14T16:11:32.170+0000] {processor.py:830} INFO - Processing file /home/airflow/.local/lib/python3.12/site-packages/airflow/example_dags/example_params_ui_tutorial.py for tasks to queue
[2026-02-14T16:11:32.171+0000] {logging_mixin.py:188} INFO - [2026-02-14T16:11:32.171+0000] {dagbag.py:545} INFO - Filling up the DagBag from /home/airflow/.local/lib/python3.12/site-packages/airflow/example_dags/example_params_ui_tutorial.py
[2026-02-14T16:11:32.174+0000] {processor.py:840} INFO - DAG(s) 'example_params_ui_tutorial' retrieved from /home/airflow/.local/lib/python3.12/site-packages/airflow/example_dags/example_params_ui_tutorial.py
[2026-02-14T16:11:32.194+0000] {logging_mixin.py:188} INFO - [2026-02-14T16:11:32.194+0000] {dag.py:3089} INFO - Sync 1 DAGs
[2026-02-14T16:11:32.200+0000] {logging_mixin.py:188} INFO - [2026-02-14T16:11:32.200+0000] {dag.py:3947} INFO - Setting next_dagrun for example_params_ui_tutorial to None, run_after=None
[2026-02-14T16:11:32.210+0000] {processor.py:183} INFO - Processing /home/airflow/.local/lib/python3.12/site-packages/airflow/example_dags/example_params_ui_tutorial.py took 0.044 seconds
[2026-02-14T16:12:02.533+0000] {processor.py:161} INFO - Started process (PID=3001) to work on /home/airflow/.local/lib/python3.12/site-packages/airflow/example_dags/example_params_ui_tutorial.py
[2026-02-14T16:12:02.534+0000] {processor.py:830} INFO - Processing file /home/airflow/.local/lib/python3.12/site-packages/airflow/example_dags/example_params_ui_tutorial.py for tasks to queue
[2026-02-14T16:12:02.536+0000] {logging_mixin.py:188} INFO - [2026-02-14T16:12:02.535+0000] {dagbag.py:545} INFO - Filling up the DagBag from /home/airflow/.local/lib/python3.12/site-packages/airflow/example_dags/example_params_ui_tutorial.py
[2026-02-14T16:12:02.540+0000] {processor.py:840} INFO - DAG(s) 'example_params_ui_tutorial' retrieved from /home/airflow/.local/lib/python3.12/site-packages/airflow/example_dags/example_params_ui_tutorial.py
[2026-02-14T16:12:02.561+0000] {logging_mixin.py:188} INFO - [2026-02-14T16:12:02.561+0000] {dag.py:3089} INFO - Sync 1 DAGs
[2026-02-14T16:12:02.565+0000] {logging_mixin.py:188} INFO - [2026-02-14T16:12:02.565+0000] {dag.py:3947} INFO - Setting next_dagrun for example_params_ui_tutorial to None, run_after=None
[2026-02-14T16:12:02.574+0000] {processor.py:183} INFO - Processing /home/airflow/.local/lib/python3.12/site-packages/airflow/example_dags/example_params_ui_tutorial.py took 0.043 seconds
[2026-02-14T16:12:32.995+0000] {processor.py:161} INFO - Started process (PID=3060) to work on /home/airflow/.local/lib/python3.12/site-packages/airflow/example_dags/example_params_ui_tutorial.py
[2026-02-14T16:12:32.997+0000] {processor.py:830} INFO - Processing file /home/airflow/.local/lib/python3.12/site-packages/airflow/example_dags/example_params_ui_tutorial.py for tasks to queue
[2026-02-14T16:12:32.998+0000] {logging_mixin.py:188} INFO - [2026-02-14T16:12:32.998+0000] {dagbag.py:545} INFO - Filling up the DagBag from /home/airflow/.local/lib/python3.12/site-packages/airflow/example_dags/example_params_ui_tutorial.py
[2026-02-14T16:12:33.002+0000] {processor.py:840} INFO - DAG(s) 'example_params_ui_tutorial' retrieved from /home/airflow/.local/lib/python3.12/site-packages/airflow/example_dags/example_params_ui_tutorial.py
[2026-02-14T16:12:33.023+0000] {logging_mixin.py:188} INFO - [2026-02-14T16:12:33.022+0000] {dag.py:3089} INFO - Sync 1 DAGs
[2026-02-14T16:12:33.029+0000] {logging_mixin.py:188} INFO - [2026-02-14T16:12:33.029+0000] {dag.py:3947} INFO - Setting next_dagrun for example_params_ui_tutorial to None, run_after=None
[2026-02-14T16:12:33.036+0000] {processor.py:183} INFO - Processing /home/airflow/.local/lib/python3.12/site-packages/airflow/example_dags/example_params_ui_tutorial.py took 0.045 seconds
[2026-02-14T16:13:03.471+0000] {processor.py:161} INFO - Started process (PID=3119) to work on /home/airflow/.local/lib/python3.12/site-packages/airflow/example_dags/example_params_ui_tutorial.py
[2026-02-14T16:13:03.472+0000] {processor.py:830} INFO - Processing file /home/airflow/.local/lib/python3.12/site-packages/airflow/example_dags/example_params_ui_tutorial.py for tasks to queue
[2026-02-14T16:13:03.473+0000] {logging_mixin.py:188} INFO - [2026-02-14T16:13:03.472+0000] {dagbag.py:545} INFO - Filling up the DagBag from /home/airflow/.local/lib/python3.12/site-packages/airflow/example_dags/example_params_ui_tutorial.py
[2026-02-14T16:13:03.475+0000] {processor.py:840} INFO - DAG(s) 'example_params_ui_tutorial' retrieved from /home/airflow/.local/lib/python3.12/site-packages/airflow/example_dags/example_params_ui_tutorial.py
[2026-02-14T16:13:03.493+0000] {logging_mixin.py:188} INFO - [2026-02-14T16:13:03.493+0000] {dag.py:3089} INFO - Sync 1 DAGs
[2026-02-14T16:13:03.497+0000] {logging_mixin.py:188} INFO - [2026-02-14T16:13:03.497+0000] {dag.py:3947} INFO - Setting next_dagrun for example_params_ui_tutorial to None, run_after=None
[2026-02-14T16:13:03.504+0000] {processor.py:183} INFO - Processing /home/airflow/.local/lib/python3.12/site-packages/airflow/example_dags/example_params_ui_tutorial.py took 0.034 seconds
[2026-02-14T16:13:33.743+0000] {processor.py:161} INFO - Started process (PID=3178) to work on /home/airflow/.local/lib/python3.12/site-packages/airflow/example_dags/example_params_ui_tutorial.py
[2026-02-14T16:13:33.743+0000] {processor.py:830} INFO - Processing file /home/airflow/.local/lib/python3.12/site-packages/airflow/example_dags/example_params_ui_tutorial.py for tasks to queue
[2026-02-14T16:13:33.744+0000] {logging_mixin.py:188} INFO - [2026-02-14T16:13:33.744+0000] {dagbag.py:545} INFO - Filling up the DagBag from /home/airflow/.local/lib/python3.12/site-packages/airflow/example_dags/example_params_ui_tutorial.py
[2026-02-14T16:13:33.746+0000] {processor.py:840} INFO - DAG(s) 'example_params_ui_tutorial' retrieved from /home/airflow/.local/lib/python3.12/site-packages/airflow/example_dags/example_params_ui_tutorial.py
[2026-02-14T16:13:33.763+0000] {logging_mixin.py:188} INFO - [2026-02-14T16:13:33.763+0000] {dag.py:3089} INFO - Sync 1 DAGs
[2026-02-14T16:13:33.770+0000] {logging_mixin.py:188} INFO - [2026-02-14T16:13:33.770+0000] {dag.py:3947} INFO - Setting next_dagrun for example_params_ui_tutorial to None, run_after=None
[2026-02-14T16:13:33.776+0000] {processor.py:183} INFO - Processing /home/airflow/.local/lib/python3.12/site-packages/airflow/example_dags/example_params_ui_tutorial.py took 0.036 seconds
[2026-02-14T16:14:04.148+0000] {processor.py:161} INFO - Started process (PID=3237) to work on /home/airflow/.local/lib/python3.12/site-packages/airflow/example_dags/example_params_ui_tutorial.py
[2026-02-14T16:14:04.148+0000] {processor.py:830} INFO - Processing file /home/airflow/.local/lib/python3.12/site-packages/airflow/example_dags/example_params_ui_tutorial.py for tasks to queue
[2026-02-14T16:14:04.149+0000] {logging_mixin.py:188} INFO - [2026-02-14T16:14:04.149+0000] {dagbag.py:545} INFO - Filling up the DagBag from /home/airflow/.local/lib/python3.12/site-packages/airflow/example_dags/example_params_ui_tutorial.py
[2026-02-14T16:14:04.153+0000] {processor.py:840} INFO - DAG(s) 'example_params_ui_tutorial' retrieved from /home/airflow/.local/lib/python3.12/site-packages/airflow/example_dags/example_params_ui_tutorial.py
[2026-02-14T16:14:04.175+0000] {logging_mixin.py:188} INFO - [2026-02-14T16:14:04.175+0000] {dag.py:3089} INFO - Sync 1 DAGs
[2026-02-14T16:14:04.181+0000] {logging_mixin.py:188} INFO - [2026-02-14T16:14:04.181+0000] {dag.py:3947} INFO - Setting next_dagrun for example_params_ui_tutorial to None, run_after=None
[2026-02-14T16:14:04.189+0000] {processor.py:183} INFO - Processing /home/airflow/.local/lib/python3.12/site-packages/airflow/example_dags/example_params_ui_tutorial.py took 0.045 seconds
[2026-02-14T16:14:34.873+0000] {processor.py:161} INFO - Started process (PID=3296) to work on /home/airflow/.local/lib/python3.12/site-packages/airflow/example_dags/example_params_ui_tutorial.py
[2026-02-14T16:14:34.874+0000] {processor.py:830} INFO - Processing file /home/airflow/.local/lib/python3.12/site-packages/airflow/example_dags/example_params_ui_tutorial.py for tasks to queue
[2026-02-14T16:14:34.878+0000] {logging_mixin.py:188} INFO - [2026-02-14T16:14:34.877+0000] {dagbag.py:545} INFO - Filling up the DagBag from /home/airflow/.local/lib/python3.12/site-packages/airflow/example_dags/example_params_ui_tutorial.py
[2026-02-14T16:14:34.889+0000] {processor.py:840} INFO - DAG(s) 'example_params_ui_tutorial' retrieved from /home/airflow/.local/lib/python3.12/site-packages/airflow/example_dags/example_params_ui_tutorial.py
[2026-02-14T16:14:35.059+0000] {logging_mixin.py:188} INFO - [2026-02-14T16:14:35.058+0000] {dag.py:3089} INFO - Sync 1 DAGs
[2026-02-14T16:14:35.119+0000] {logging_mixin.py:188} INFO - [2026-02-14T16:14:35.119+0000] {dag.py:3947} INFO - Setting next_dagrun for example_params_ui_tutorial to None, run_after=None
[2026-02-14T16:14:35.202+0000] {processor.py:183} INFO - Processing /home/airflow/.local/lib/python3.12/site-packages/airflow/example_dags/example_params_ui_tutorial.py took 0.334 seconds
[2026-02-14T16:15:05.635+0000] {processor.py:161} INFO - Started process (PID=3357) to work on /home/airflow/.local/lib/python3.12/site-packages/airflow/example_dags/example_params_ui_tutorial.py
[2026-02-14T16:15:05.636+0000] {processor.py:830} INFO - Processing file /home/airflow/.local/lib/python3.12/site-packages/airflow/example_dags/example_params_ui_tutorial.py for tasks to queue
[2026-02-14T16:15:05.636+0000] {logging_mixin.py:188} INFO - [2026-02-14T16:15:05.636+0000] {dagbag.py:545} INFO - Filling up the DagBag from /home/airflow/.local/lib/python3.12/site-packages/airflow/example_dags/example_params_ui_tutorial.py
[2026-02-14T16:15:05.640+0000] {processor.py:840} INFO - DAG(s) 'example_params_ui_tutorial' retrieved from /home/airflow/.local/lib/python3.12/site-packages/airflow/example_dags/example_params_ui_tutorial.py
[2026-02-14T16:15:05.662+0000] {logging_mixin.py:188} INFO - [2026-02-14T16:15:05.662+0000] {dag.py:3089} INFO - Sync 1 DAGs
[2026-02-14T16:15:05.669+0000] {logging_mixin.py:188} INFO - [2026-02-14T16:15:05.669+0000] {dag.py:3947} INFO - Setting next_dagrun for example_params_ui_tutorial to None, run_after=None
[2026-02-14T16:15:05.677+0000] {processor.py:183} INFO - Processing /home/airflow/.local/lib/python3.12/site-packages/airflow/example_dags/example_params_ui_tutorial.py took 0.046 seconds
[2026-02-14T16:15:36.228+0000] {processor.py:161} INFO - Started process (PID=3414) to work on /home/airflow/.local/lib/python3.12/site-packages/airflow/example_dags/example_params_ui_tutorial.py
[2026-02-14T16:15:36.229+0000] {processor.py:830} INFO - Processing file /home/airflow/.local/lib/python3.12/site-packages/airflow/example_dags/example_params_ui_tutorial.py for tasks to queue
[2026-02-14T16:15:36.230+0000] {logging_mixin.py:188} INFO - [2026-02-14T16:15:36.230+0000] {dagbag.py:545} INFO - Filling up the DagBag from /home/airflow/.local/lib/python3.12/site-packages/airflow/example_dags/example_params_ui_tutorial.py
[2026-02-14T16:15:36.233+0000] {processor.py:840} INFO - DAG(s) 'example_params_ui_tutorial' retrieved from /home/airflow/.local/lib/python3.12/site-packages/airflow/example_dags/example_params_ui_tutorial.py
[2026-02-14T16:15:36.256+0000] {logging_mixin.py:188} INFO - [2026-02-14T16:15:36.256+0000] {dag.py:3089} INFO - Sync 1 DAGs
[2026-02-14T16:15:36.262+0000] {logging_mixin.py:188} INFO - [2026-02-14T16:15:36.261+0000] {dag.py:3947} INFO - Setting next_dagrun for example_params_ui_tutorial to None, run_after=None
[2026-02-14T16:15:36.272+0000] {processor.py:183} INFO - Processing /home/airflow/.local/lib/python3.12/site-packages/airflow/example_dags/example_params_ui_tutorial.py took 0.048 seconds
[2026-02-14T16:16:06.384+0000] {processor.py:161} INFO - Started process (PID=3473) to work on /home/airflow/.local/lib/python3.12/site-packages/airflow/example_dags/example_params_ui_tutorial.py
[2026-02-14T16:16:06.387+0000] {processor.py:830} INFO - Processing file /home/airflow/.local/lib/python3.12/site-packages/airflow/example_dags/example_params_ui_tutorial.py for tasks to queue
[2026-02-14T16:16:06.389+0000] {logging_mixin.py:188} INFO - [2026-02-14T16:16:06.389+0000] {dagbag.py:545} INFO - Filling up the DagBag from /home/airflow/.local/lib/python3.12/site-packages/airflow/example_dags/example_params_ui_tutorial.py
[2026-02-14T16:16:06.392+0000] {processor.py:840} INFO - DAG(s) 'example_params_ui_tutorial' retrieved from /home/airflow/.local/lib/python3.12/site-packages/airflow/example_dags/example_params_ui_tutorial.py
[2026-02-14T16:16:06.411+0000] {logging_mixin.py:188} INFO - [2026-02-14T16:16:06.411+0000] {dag.py:3089} INFO - Sync 1 DAGs
[2026-02-14T16:16:06.416+0000] {logging_mixin.py:188} INFO - [2026-02-14T16:16:06.416+0000] {dag.py:3947} INFO - Setting next_dagrun for example_params_ui_tutorial to None, run_after=None
[2026-02-14T16:16:06.422+0000] {processor.py:183} INFO - Processing /home/airflow/.local/lib/python3.12/site-packages/airflow/example_dags/example_params_ui_tutorial.py took 0.043 seconds
[2026-02-14T16:16:36.930+0000] {processor.py:161} INFO - Started process (PID=3532) to work on /home/airflow/.local/lib/python3.12/site-packages/airflow/example_dags/example_params_ui_tutorial.py
[2026-02-14T16:16:36.931+0000] {processor.py:830} INFO - Processing file /home/airflow/.local/lib/python3.12/site-packages/airflow/example_dags/example_params_ui_tutorial.py for tasks to queue
[2026-02-14T16:16:36.934+0000] {logging_mixin.py:188} INFO - [2026-02-14T16:16:36.934+0000] {dagbag.py:545} INFO - Filling up the DagBag from /home/airflow/.local/lib/python3.12/site-packages/airflow/example_dags/example_params_ui_tutorial.py
[2026-02-14T16:16:36.937+0000] {processor.py:840} INFO - DAG(s) 'example_params_ui_tutorial' retrieved from /home/airflow/.local/lib/python3.12/site-packages/airflow/example_dags/example_params_ui_tutorial.py
[2026-02-14T16:16:36.958+0000] {logging_mixin.py:188} INFO - [2026-02-14T16:16:36.958+0000] {dag.py:3089} INFO - Sync 1 DAGs
[2026-02-14T16:16:36.963+0000] {logging_mixin.py:188} INFO - [2026-02-14T16:16:36.963+0000] {dag.py:3947} INFO - Setting next_dagrun for example_params_ui_tutorial to None, run_after=None
[2026-02-14T16:16:36.974+0000] {processor.py:183} INFO - Processing /home/airflow/.local/lib/python3.12/site-packages/airflow/example_dags/example_params_ui_tutorial.py took 0.049 seconds
[2026-02-14T16:17:07.483+0000] {processor.py:161} INFO - Started process (PID=3591) to work on /home/airflow/.local/lib/python3.12/site-packages/airflow/example_dags/example_params_ui_tutorial.py
[2026-02-14T16:17:07.484+0000] {processor.py:830} INFO - Processing file /home/airflow/.local/lib/python3.12/site-packages/airflow/example_dags/example_params_ui_tutorial.py for tasks to queue
[2026-02-14T16:17:07.485+0000] {logging_mixin.py:188} INFO - [2026-02-14T16:17:07.485+0000] {dagbag.py:545} INFO - Filling up the DagBag from /home/airflow/.local/lib/python3.12/site-packages/airflow/example_dags/example_params_ui_tutorial.py
[2026-02-14T16:17:07.488+0000] {processor.py:840} INFO - DAG(s) 'example_params_ui_tutorial' retrieved from /home/airflow/.local/lib/python3.12/site-packages/airflow/example_dags/example_params_ui_tutorial.py
[2026-02-14T16:17:07.511+0000] {logging_mixin.py:188} INFO - [2026-02-14T16:17:07.511+0000] {dag.py:3089} INFO - Sync 1 DAGs
[2026-02-14T16:17:07.520+0000] {logging_mixin.py:188} INFO - [2026-02-14T16:17:07.520+0000] {dag.py:3947} INFO - Setting next_dagrun for example_params_ui_tutorial to None, run_after=None
[2026-02-14T16:17:07.530+0000] {processor.py:183} INFO - Processing /home/airflow/.local/lib/python3.12/site-packages/airflow/example_dags/example_params_ui_tutorial.py took 0.052 seconds
[2026-02-14T16:17:38.130+0000] {processor.py:161} INFO - Started process (PID=3650) to work on /home/airflow/.local/lib/python3.12/site-packages/airflow/example_dags/example_params_ui_tutorial.py
[2026-02-14T16:17:38.131+0000] {processor.py:830} INFO - Processing file /home/airflow/.local/lib/python3.12/site-packages/airflow/example_dags/example_params_ui_tutorial.py for tasks to queue
[2026-02-14T16:17:38.134+0000] {logging_mixin.py:188} INFO - [2026-02-14T16:17:38.132+0000] {dagbag.py:545} INFO - Filling up the DagBag from /home/airflow/.local/lib/python3.12/site-packages/airflow/example_dags/example_params_ui_tutorial.py
[2026-02-14T16:17:38.137+0000] {processor.py:840} INFO - DAG(s) 'example_params_ui_tutorial' retrieved from /home/airflow/.local/lib/python3.12/site-packages/airflow/example_dags/example_params_ui_tutorial.py
[2026-02-14T16:17:38.155+0000] {logging_mixin.py:188} INFO - [2026-02-14T16:17:38.155+0000] {dag.py:3089} INFO - Sync 1 DAGs
[2026-02-14T16:17:38.160+0000] {logging_mixin.py:188} INFO - [2026-02-14T16:17:38.160+0000] {dag.py:3947} INFO - Setting next_dagrun for example_params_ui_tutorial to None, run_after=None
[2026-02-14T16:17:38.170+0000] {processor.py:183} INFO - Processing /home/airflow/.local/lib/python3.12/site-packages/airflow/example_dags/example_params_ui_tutorial.py took 0.043 seconds
[2026-02-14T16:18:08.760+0000] {processor.py:161} INFO - Started process (PID=3709) to work on /home/airflow/.local/lib/python3.12/site-packages/airflow/example_dags/example_params_ui_tutorial.py
[2026-02-14T16:18:08.760+0000] {processor.py:830} INFO - Processing file /home/airflow/.local/lib/python3.12/site-packages/airflow/example_dags/example_params_ui_tutorial.py for tasks to queue
[2026-02-14T16:18:08.761+0000] {logging_mixin.py:188} INFO - [2026-02-14T16:18:08.761+0000] {dagbag.py:545} INFO - Filling up the DagBag from /home/airflow/.local/lib/python3.12/site-packages/airflow/example_dags/example_params_ui_tutorial.py
[2026-02-14T16:18:08.764+0000] {processor.py:840} INFO - DAG(s) 'example_params_ui_tutorial' retrieved from /home/airflow/.local/lib/python3.12/site-packages/airflow/example_dags/example_params_ui_tutorial.py
[2026-02-14T16:18:08.785+0000] {logging_mixin.py:188} INFO - [2026-02-14T16:18:08.785+0000] {dag.py:3089} INFO - Sync 1 DAGs
[2026-02-14T16:18:08.790+0000] {logging_mixin.py:188} INFO - [2026-02-14T16:18:08.790+0000] {dag.py:3947} INFO - Setting next_dagrun for example_params_ui_tutorial to None, run_after=None
[2026-02-14T16:18:08.796+0000] {processor.py:183} INFO - Processing /home/airflow/.local/lib/python3.12/site-packages/airflow/example_dags/example_params_ui_tutorial.py took 0.039 seconds
[2026-02-14T16:18:39.385+0000] {processor.py:161} INFO - Started process (PID=3768) to work on /home/airflow/.local/lib/python3.12/site-packages/airflow/example_dags/example_params_ui_tutorial.py
[2026-02-14T16:18:39.386+0000] {processor.py:830} INFO - Processing file /home/airflow/.local/lib/python3.12/site-packages/airflow/example_dags/example_params_ui_tutorial.py for tasks to queue
[2026-02-14T16:18:39.387+0000] {logging_mixin.py:188} INFO - [2026-02-14T16:18:39.387+0000] {dagbag.py:545} INFO - Filling up the DagBag from /home/airflow/.local/lib/python3.12/site-packages/airflow/example_dags/example_params_ui_tutorial.py
[2026-02-14T16:18:39.390+0000] {processor.py:840} INFO - DAG(s) 'example_params_ui_tutorial' retrieved from /home/airflow/.local/lib/python3.12/site-packages/airflow/example_dags/example_params_ui_tutorial.py
[2026-02-14T16:18:39.412+0000] {logging_mixin.py:188} INFO - [2026-02-14T16:18:39.412+0000] {dag.py:3089} INFO - Sync 1 DAGs
[2026-02-14T16:18:39.418+0000] {logging_mixin.py:188} INFO - [2026-02-14T16:18:39.418+0000] {dag.py:3947} INFO - Setting next_dagrun for example_params_ui_tutorial to None, run_after=None
[2026-02-14T16:18:39.429+0000] {processor.py:183} INFO - Processing /home/airflow/.local/lib/python3.12/site-packages/airflow/example_dags/example_params_ui_tutorial.py took 0.047 seconds
[2026-02-14T16:19:09.576+0000] {processor.py:161} INFO - Started process (PID=3827) to work on /home/airflow/.local/lib/python3.12/site-packages/airflow/example_dags/example_params_ui_tutorial.py
[2026-02-14T16:19:09.577+0000] {processor.py:830} INFO - Processing file /home/airflow/.local/lib/python3.12/site-packages/airflow/example_dags/example_params_ui_tutorial.py for tasks to queue
[2026-02-14T16:19:09.579+0000] {logging_mixin.py:188} INFO - [2026-02-14T16:19:09.578+0000] {dagbag.py:545} INFO - Filling up the DagBag from /home/airflow/.local/lib/python3.12/site-packages/airflow/example_dags/example_params_ui_tutorial.py
[2026-02-14T16:19:09.583+0000] {processor.py:840} INFO - DAG(s) 'example_params_ui_tutorial' retrieved from /home/airflow/.local/lib/python3.12/site-packages/airflow/example_dags/example_params_ui_tutorial.py
[2026-02-14T16:19:09.604+0000] {logging_mixin.py:188} INFO - [2026-02-14T16:19:09.604+0000] {dag.py:3089} INFO - Sync 1 DAGs
[2026-02-14T16:19:09.612+0000] {logging_mixin.py:188} INFO - [2026-02-14T16:19:09.612+0000] {dag.py:3947} INFO - Setting next_dagrun for example_params_ui_tutorial to None, run_after=None
[2026-02-14T16:19:09.621+0000] {processor.py:183} INFO - Processing /home/airflow/.local/lib/python3.12/site-packages/airflow/example_dags/example_params_ui_tutorial.py took 0.048 seconds
[2026-02-14T16:19:40.326+0000] {processor.py:161} INFO - Started process (PID=3886) to work on /home/airflow/.local/lib/python3.12/site-packages/airflow/example_dags/example_params_ui_tutorial.py
[2026-02-14T16:19:40.326+0000] {processor.py:830} INFO - Processing file /home/airflow/.local/lib/python3.12/site-packages/airflow/example_dags/example_params_ui_tutorial.py for tasks to queue
[2026-02-14T16:19:40.327+0000] {logging_mixin.py:188} INFO - [2026-02-14T16:19:40.327+0000] {dagbag.py:545} INFO - Filling up the DagBag from /home/airflow/.local/lib/python3.12/site-packages/airflow/example_dags/example_params_ui_tutorial.py
[2026-02-14T16:19:40.330+0000] {processor.py:840} INFO - DAG(s) 'example_params_ui_tutorial' retrieved from /home/airflow/.local/lib/python3.12/site-packages/airflow/example_dags/example_params_ui_tutorial.py
[2026-02-14T16:19:40.352+0000] {logging_mixin.py:188} INFO - [2026-02-14T16:19:40.352+0000] {dag.py:3089} INFO - Sync 1 DAGs
[2026-02-14T16:19:40.359+0000] {logging_mixin.py:188} INFO - [2026-02-14T16:19:40.359+0000] {dag.py:3947} INFO - Setting next_dagrun for example_params_ui_tutorial to None, run_after=None
[2026-02-14T16:19:40.367+0000] {processor.py:183} INFO - Processing /home/airflow/.local/lib/python3.12/site-packages/airflow/example_dags/example_params_ui_tutorial.py took 0.045 seconds
[2026-02-14T16:20:10.694+0000] {processor.py:161} INFO - Started process (PID=3945) to work on /home/airflow/.local/lib/python3.12/site-packages/airflow/example_dags/example_params_ui_tutorial.py
[2026-02-14T16:20:10.694+0000] {processor.py:830} INFO - Processing file /home/airflow/.local/lib/python3.12/site-packages/airflow/example_dags/example_params_ui_tutorial.py for tasks to queue
[2026-02-14T16:20:10.695+0000] {logging_mixin.py:188} INFO - [2026-02-14T16:20:10.695+0000] {dagbag.py:545} INFO - Filling up the DagBag from /home/airflow/.local/lib/python3.12/site-packages/airflow/example_dags/example_params_ui_tutorial.py
[2026-02-14T16:20:10.699+0000] {processor.py:840} INFO - DAG(s) 'example_params_ui_tutorial' retrieved from /home/airflow/.local/lib/python3.12/site-packages/airflow/example_dags/example_params_ui_tutorial.py
[2026-02-14T16:20:10.736+0000] {logging_mixin.py:188} INFO - [2026-02-14T16:20:10.736+0000] {dag.py:3089} INFO - Sync 1 DAGs
[2026-02-14T16:20:10.747+0000] {logging_mixin.py:188} INFO - [2026-02-14T16:20:10.747+0000] {dag.py:3947} INFO - Setting next_dagrun for example_params_ui_tutorial to None, run_after=None
[2026-02-14T16:20:10.759+0000] {processor.py:183} INFO - Processing /home/airflow/.local/lib/python3.12/site-packages/airflow/example_dags/example_params_ui_tutorial.py took 0.068 seconds
[2026-02-14T16:20:41.220+0000] {processor.py:161} INFO - Started process (PID=4004) to work on /home/airflow/.local/lib/python3.12/site-packages/airflow/example_dags/example_params_ui_tutorial.py
[2026-02-14T16:20:41.220+0000] {processor.py:830} INFO - Processing file /home/airflow/.local/lib/python3.12/site-packages/airflow/example_dags/example_params_ui_tutorial.py for tasks to queue
[2026-02-14T16:20:41.222+0000] {logging_mixin.py:188} INFO - [2026-02-14T16:20:41.222+0000] {dagbag.py:545} INFO - Filling up the DagBag from /home/airflow/.local/lib/python3.12/site-packages/airflow/example_dags/example_params_ui_tutorial.py
[2026-02-14T16:20:41.229+0000] {processor.py:840} INFO - DAG(s) 'example_params_ui_tutorial' retrieved from /home/airflow/.local/lib/python3.12/site-packages/airflow/example_dags/example_params_ui_tutorial.py
[2026-02-14T16:20:41.254+0000] {logging_mixin.py:188} INFO - [2026-02-14T16:20:41.254+0000] {dag.py:3089} INFO - Sync 1 DAGs
[2026-02-14T16:20:41.262+0000] {logging_mixin.py:188} INFO - [2026-02-14T16:20:41.261+0000] {dag.py:3947} INFO - Setting next_dagrun for example_params_ui_tutorial to None, run_after=None
[2026-02-14T16:20:41.274+0000] {processor.py:183} INFO - Processing /home/airflow/.local/lib/python3.12/site-packages/airflow/example_dags/example_params_ui_tutorial.py took 0.058 seconds
[2026-02-14T16:21:11.860+0000] {processor.py:161} INFO - Started process (PID=4063) to work on /home/airflow/.local/lib/python3.12/site-packages/airflow/example_dags/example_params_ui_tutorial.py
[2026-02-14T16:21:11.861+0000] {processor.py:830} INFO - Processing file /home/airflow/.local/lib/python3.12/site-packages/airflow/example_dags/example_params_ui_tutorial.py for tasks to queue
[2026-02-14T16:21:11.861+0000] {logging_mixin.py:188} INFO - [2026-02-14T16:21:11.861+0000] {dagbag.py:545} INFO - Filling up the DagBag from /home/airflow/.local/lib/python3.12/site-packages/airflow/example_dags/example_params_ui_tutorial.py
[2026-02-14T16:21:11.864+0000] {processor.py:840} INFO - DAG(s) 'example_params_ui_tutorial' retrieved from /home/airflow/.local/lib/python3.12/site-packages/airflow/example_dags/example_params_ui_tutorial.py
[2026-02-14T16:21:11.883+0000] {logging_mixin.py:188} INFO - [2026-02-14T16:21:11.883+0000] {dag.py:3089} INFO - Sync 1 DAGs
[2026-02-14T16:21:11.888+0000] {logging_mixin.py:188} INFO - [2026-02-14T16:21:11.888+0000] {dag.py:3947} INFO - Setting next_dagrun for example_params_ui_tutorial to None, run_after=None
[2026-02-14T16:21:11.899+0000] {processor.py:183} INFO - Processing /home/airflow/.local/lib/python3.12/site-packages/airflow/example_dags/example_params_ui_tutorial.py took 0.042 seconds
