[2026-02-14T15:46:37.555+0000] {processor.py:161} INFO - Started process (PID=52) to work on /home/airflow/.local/lib/python3.12/site-packages/airflow/example_dags/example_params_trigger_ui.py
[2026-02-14T15:46:37.556+0000] {processor.py:830} INFO - Processing file /home/airflow/.local/lib/python3.12/site-packages/airflow/example_dags/example_params_trigger_ui.py for tasks to queue
[2026-02-14T15:46:37.557+0000] {logging_mixin.py:188} INFO - [2026-02-14T15:46:37.556+0000] {dagbag.py:545} INFO - Filling up the DagBag from /home/airflow/.local/lib/python3.12/site-packages/airflow/example_dags/example_params_trigger_ui.py
[2026-02-14T15:46:37.565+0000] {processor.py:840} INFO - DAG(s) 'example_params_trigger_ui' retrieved from /home/airflow/.local/lib/python3.12/site-packages/airflow/example_dags/example_params_trigger_ui.py
[2026-02-14T15:46:37.578+0000] {logging_mixin.py:188} INFO - [2026-02-14T15:46:37.578+0000] {dag.py:3089} INFO - Sync 1 DAGs
[2026-02-14T15:46:37.594+0000] {logging_mixin.py:188} INFO - [2026-02-14T15:46:37.594+0000] {dag.py:3947} INFO - Setting next_dagrun for example_params_trigger_ui to None, run_after=None
[2026-02-14T15:46:37.626+0000] {processor.py:183} INFO - Processing /home/airflow/.local/lib/python3.12/site-packages/airflow/example_dags/example_params_trigger_ui.py took 0.075 seconds
[2026-02-14T15:47:08.497+0000] {processor.py:161} INFO - Started process (PID=111) to work on /home/airflow/.local/lib/python3.12/site-packages/airflow/example_dags/example_params_trigger_ui.py
[2026-02-14T15:47:08.497+0000] {processor.py:830} INFO - Processing file /home/airflow/.local/lib/python3.12/site-packages/airflow/example_dags/example_params_trigger_ui.py for tasks to queue
[2026-02-14T15:47:08.498+0000] {logging_mixin.py:188} INFO - [2026-02-14T15:47:08.498+0000] {dagbag.py:545} INFO - Filling up the DagBag from /home/airflow/.local/lib/python3.12/site-packages/airflow/example_dags/example_params_trigger_ui.py
[2026-02-14T15:47:08.502+0000] {processor.py:840} INFO - DAG(s) 'example_params_trigger_ui' retrieved from /home/airflow/.local/lib/python3.12/site-packages/airflow/example_dags/example_params_trigger_ui.py
[2026-02-14T15:47:08.546+0000] {logging_mixin.py:188} INFO - [2026-02-14T15:47:08.546+0000] {dag.py:3089} INFO - Sync 1 DAGs
[2026-02-14T15:47:08.551+0000] {logging_mixin.py:188} INFO - [2026-02-14T15:47:08.551+0000] {dag.py:3947} INFO - Setting next_dagrun for example_params_trigger_ui to None, run_after=None
[2026-02-14T15:47:08.561+0000] {processor.py:183} INFO - Processing /home/airflow/.local/lib/python3.12/site-packages/airflow/example_dags/example_params_trigger_ui.py took 0.066 seconds
[2026-02-14T15:47:38.577+0000] {processor.py:161} INFO - Started process (PID=170) to work on /home/airflow/.local/lib/python3.12/site-packages/airflow/example_dags/example_params_trigger_ui.py
[2026-02-14T15:47:38.577+0000] {processor.py:830} INFO - Processing file /home/airflow/.local/lib/python3.12/site-packages/airflow/example_dags/example_params_trigger_ui.py for tasks to queue
[2026-02-14T15:47:38.579+0000] {logging_mixin.py:188} INFO - [2026-02-14T15:47:38.579+0000] {dagbag.py:545} INFO - Filling up the DagBag from /home/airflow/.local/lib/python3.12/site-packages/airflow/example_dags/example_params_trigger_ui.py
[2026-02-14T15:47:38.584+0000] {processor.py:840} INFO - DAG(s) 'example_params_trigger_ui' retrieved from /home/airflow/.local/lib/python3.12/site-packages/airflow/example_dags/example_params_trigger_ui.py
[2026-02-14T15:47:38.602+0000] {logging_mixin.py:188} INFO - [2026-02-14T15:47:38.601+0000] {dag.py:3089} INFO - Sync 1 DAGs
[2026-02-14T15:47:38.607+0000] {logging_mixin.py:188} INFO - [2026-02-14T15:47:38.607+0000] {dag.py:3947} INFO - Setting next_dagrun for example_params_trigger_ui to None, run_after=None
[2026-02-14T15:47:38.614+0000] {processor.py:183} INFO - Processing /home/airflow/.local/lib/python3.12/site-packages/airflow/example_dags/example_params_trigger_ui.py took 0.041 seconds
[2026-02-14T15:48:09.206+0000] {processor.py:161} INFO - Started process (PID=235) to work on /home/airflow/.local/lib/python3.12/site-packages/airflow/example_dags/example_params_trigger_ui.py
[2026-02-14T15:48:09.207+0000] {processor.py:830} INFO - Processing file /home/airflow/.local/lib/python3.12/site-packages/airflow/example_dags/example_params_trigger_ui.py for tasks to queue
[2026-02-14T15:48:09.207+0000] {logging_mixin.py:188} INFO - [2026-02-14T15:48:09.207+0000] {dagbag.py:545} INFO - Filling up the DagBag from /home/airflow/.local/lib/python3.12/site-packages/airflow/example_dags/example_params_trigger_ui.py
[2026-02-14T15:48:09.211+0000] {processor.py:840} INFO - DAG(s) 'example_params_trigger_ui' retrieved from /home/airflow/.local/lib/python3.12/site-packages/airflow/example_dags/example_params_trigger_ui.py
[2026-02-14T15:48:09.224+0000] {logging_mixin.py:188} INFO - [2026-02-14T15:48:09.224+0000] {dag.py:3089} INFO - Sync 1 DAGs
[2026-02-14T15:48:09.229+0000] {logging_mixin.py:188} INFO - [2026-02-14T15:48:09.229+0000] {dag.py:3947} INFO - Setting next_dagrun for example_params_trigger_ui to None, run_after=None
[2026-02-14T15:48:09.238+0000] {processor.py:183} INFO - Processing /home/airflow/.local/lib/python3.12/site-packages/airflow/example_dags/example_params_trigger_ui.py took 0.034 seconds
[2026-02-14T15:48:39.803+0000] {processor.py:161} INFO - Started process (PID=294) to work on /home/airflow/.local/lib/python3.12/site-packages/airflow/example_dags/example_params_trigger_ui.py
[2026-02-14T15:48:39.804+0000] {processor.py:830} INFO - Processing file /home/airflow/.local/lib/python3.12/site-packages/airflow/example_dags/example_params_trigger_ui.py for tasks to queue
[2026-02-14T15:48:39.806+0000] {logging_mixin.py:188} INFO - [2026-02-14T15:48:39.806+0000] {dagbag.py:545} INFO - Filling up the DagBag from /home/airflow/.local/lib/python3.12/site-packages/airflow/example_dags/example_params_trigger_ui.py
[2026-02-14T15:48:39.815+0000] {processor.py:840} INFO - DAG(s) 'example_params_trigger_ui' retrieved from /home/airflow/.local/lib/python3.12/site-packages/airflow/example_dags/example_params_trigger_ui.py
[2026-02-14T15:48:39.836+0000] {logging_mixin.py:188} INFO - [2026-02-14T15:48:39.836+0000] {dag.py:3089} INFO - Sync 1 DAGs
[2026-02-14T15:48:39.841+0000] {logging_mixin.py:188} INFO - [2026-02-14T15:48:39.841+0000] {dag.py:3947} INFO - Setting next_dagrun for example_params_trigger_ui to None, run_after=None
[2026-02-14T15:48:39.847+0000] {processor.py:183} INFO - Processing /home/airflow/.local/lib/python3.12/site-packages/airflow/example_dags/example_params_trigger_ui.py took 0.046 seconds
[2026-02-14T15:49:10.480+0000] {processor.py:161} INFO - Started process (PID=353) to work on /home/airflow/.local/lib/python3.12/site-packages/airflow/example_dags/example_params_trigger_ui.py
[2026-02-14T15:49:10.481+0000] {processor.py:830} INFO - Processing file /home/airflow/.local/lib/python3.12/site-packages/airflow/example_dags/example_params_trigger_ui.py for tasks to queue
[2026-02-14T15:49:10.481+0000] {logging_mixin.py:188} INFO - [2026-02-14T15:49:10.481+0000] {dagbag.py:545} INFO - Filling up the DagBag from /home/airflow/.local/lib/python3.12/site-packages/airflow/example_dags/example_params_trigger_ui.py
[2026-02-14T15:49:10.485+0000] {processor.py:840} INFO - DAG(s) 'example_params_trigger_ui' retrieved from /home/airflow/.local/lib/python3.12/site-packages/airflow/example_dags/example_params_trigger_ui.py
[2026-02-14T15:49:10.497+0000] {logging_mixin.py:188} INFO - [2026-02-14T15:49:10.497+0000] {dag.py:3089} INFO - Sync 1 DAGs
[2026-02-14T15:49:10.502+0000] {logging_mixin.py:188} INFO - [2026-02-14T15:49:10.502+0000] {dag.py:3947} INFO - Setting next_dagrun for example_params_trigger_ui to None, run_after=None
[2026-02-14T15:49:10.507+0000] {processor.py:183} INFO - Processing /home/airflow/.local/lib/python3.12/site-packages/airflow/example_dags/example_params_trigger_ui.py took 0.029 seconds
[2026-02-14T15:49:40.833+0000] {processor.py:161} INFO - Started process (PID=412) to work on /home/airflow/.local/lib/python3.12/site-packages/airflow/example_dags/example_params_trigger_ui.py
[2026-02-14T15:49:40.834+0000] {processor.py:830} INFO - Processing file /home/airflow/.local/lib/python3.12/site-packages/airflow/example_dags/example_params_trigger_ui.py for tasks to queue
[2026-02-14T15:49:40.835+0000] {logging_mixin.py:188} INFO - [2026-02-14T15:49:40.835+0000] {dagbag.py:545} INFO - Filling up the DagBag from /home/airflow/.local/lib/python3.12/site-packages/airflow/example_dags/example_params_trigger_ui.py
[2026-02-14T15:49:40.839+0000] {processor.py:840} INFO - DAG(s) 'example_params_trigger_ui' retrieved from /home/airflow/.local/lib/python3.12/site-packages/airflow/example_dags/example_params_trigger_ui.py
[2026-02-14T15:49:40.856+0000] {logging_mixin.py:188} INFO - [2026-02-14T15:49:40.856+0000] {dag.py:3089} INFO - Sync 1 DAGs
[2026-02-14T15:49:40.860+0000] {logging_mixin.py:188} INFO - [2026-02-14T15:49:40.860+0000] {dag.py:3947} INFO - Setting next_dagrun for example_params_trigger_ui to None, run_after=None
[2026-02-14T15:49:40.866+0000] {processor.py:183} INFO - Processing /home/airflow/.local/lib/python3.12/site-packages/airflow/example_dags/example_params_trigger_ui.py took 0.036 seconds
[2026-02-14T15:50:11.244+0000] {processor.py:161} INFO - Started process (PID=471) to work on /home/airflow/.local/lib/python3.12/site-packages/airflow/example_dags/example_params_trigger_ui.py
[2026-02-14T15:50:11.245+0000] {processor.py:830} INFO - Processing file /home/airflow/.local/lib/python3.12/site-packages/airflow/example_dags/example_params_trigger_ui.py for tasks to queue
[2026-02-14T15:50:11.246+0000] {logging_mixin.py:188} INFO - [2026-02-14T15:50:11.246+0000] {dagbag.py:545} INFO - Filling up the DagBag from /home/airflow/.local/lib/python3.12/site-packages/airflow/example_dags/example_params_trigger_ui.py
[2026-02-14T15:50:11.251+0000] {processor.py:840} INFO - DAG(s) 'example_params_trigger_ui' retrieved from /home/airflow/.local/lib/python3.12/site-packages/airflow/example_dags/example_params_trigger_ui.py
[2026-02-14T15:50:11.267+0000] {logging_mixin.py:188} INFO - [2026-02-14T15:50:11.267+0000] {dag.py:3089} INFO - Sync 1 DAGs
[2026-02-14T15:50:11.271+0000] {logging_mixin.py:188} INFO - [2026-02-14T15:50:11.271+0000] {dag.py:3947} INFO - Setting next_dagrun for example_params_trigger_ui to None, run_after=None
[2026-02-14T15:50:11.277+0000] {processor.py:183} INFO - Processing /home/airflow/.local/lib/python3.12/site-packages/airflow/example_dags/example_params_trigger_ui.py took 0.035 seconds
[2026-02-14T15:50:41.681+0000] {processor.py:161} INFO - Started process (PID=530) to work on /home/airflow/.local/lib/python3.12/site-packages/airflow/example_dags/example_params_trigger_ui.py
[2026-02-14T15:50:41.681+0000] {processor.py:830} INFO - Processing file /home/airflow/.local/lib/python3.12/site-packages/airflow/example_dags/example_params_trigger_ui.py for tasks to queue
[2026-02-14T15:50:41.682+0000] {logging_mixin.py:188} INFO - [2026-02-14T15:50:41.682+0000] {dagbag.py:545} INFO - Filling up the DagBag from /home/airflow/.local/lib/python3.12/site-packages/airflow/example_dags/example_params_trigger_ui.py
[2026-02-14T15:50:41.687+0000] {processor.py:840} INFO - DAG(s) 'example_params_trigger_ui' retrieved from /home/airflow/.local/lib/python3.12/site-packages/airflow/example_dags/example_params_trigger_ui.py
[2026-02-14T15:50:41.706+0000] {logging_mixin.py:188} INFO - [2026-02-14T15:50:41.706+0000] {dag.py:3089} INFO - Sync 1 DAGs
[2026-02-14T15:50:41.710+0000] {logging_mixin.py:188} INFO - [2026-02-14T15:50:41.710+0000] {dag.py:3947} INFO - Setting next_dagrun for example_params_trigger_ui to None, run_after=None
[2026-02-14T15:50:41.716+0000] {processor.py:183} INFO - Processing /home/airflow/.local/lib/python3.12/site-packages/airflow/example_dags/example_params_trigger_ui.py took 0.037 seconds
[2026-02-14T15:51:12.425+0000] {processor.py:161} INFO - Started process (PID=589) to work on /home/airflow/.local/lib/python3.12/site-packages/airflow/example_dags/example_params_trigger_ui.py
[2026-02-14T15:51:12.425+0000] {processor.py:830} INFO - Processing file /home/airflow/.local/lib/python3.12/site-packages/airflow/example_dags/example_params_trigger_ui.py for tasks to queue
[2026-02-14T15:51:12.426+0000] {logging_mixin.py:188} INFO - [2026-02-14T15:51:12.426+0000] {dagbag.py:545} INFO - Filling up the DagBag from /home/airflow/.local/lib/python3.12/site-packages/airflow/example_dags/example_params_trigger_ui.py
[2026-02-14T15:51:12.430+0000] {processor.py:840} INFO - DAG(s) 'example_params_trigger_ui' retrieved from /home/airflow/.local/lib/python3.12/site-packages/airflow/example_dags/example_params_trigger_ui.py
[2026-02-14T15:51:12.446+0000] {logging_mixin.py:188} INFO - [2026-02-14T15:51:12.446+0000] {dag.py:3089} INFO - Sync 1 DAGs
[2026-02-14T15:51:12.451+0000] {logging_mixin.py:188} INFO - [2026-02-14T15:51:12.451+0000] {dag.py:3947} INFO - Setting next_dagrun for example_params_trigger_ui to None, run_after=None
[2026-02-14T15:51:12.456+0000] {processor.py:183} INFO - Processing /home/airflow/.local/lib/python3.12/site-packages/airflow/example_dags/example_params_trigger_ui.py took 0.034 seconds
[2026-02-14T15:51:42.911+0000] {processor.py:161} INFO - Started process (PID=648) to work on /home/airflow/.local/lib/python3.12/site-packages/airflow/example_dags/example_params_trigger_ui.py
[2026-02-14T15:51:42.912+0000] {processor.py:830} INFO - Processing file /home/airflow/.local/lib/python3.12/site-packages/airflow/example_dags/example_params_trigger_ui.py for tasks to queue
[2026-02-14T15:51:42.913+0000] {logging_mixin.py:188} INFO - [2026-02-14T15:51:42.913+0000] {dagbag.py:545} INFO - Filling up the DagBag from /home/airflow/.local/lib/python3.12/site-packages/airflow/example_dags/example_params_trigger_ui.py
[2026-02-14T15:51:42.918+0000] {processor.py:840} INFO - DAG(s) 'example_params_trigger_ui' retrieved from /home/airflow/.local/lib/python3.12/site-packages/airflow/example_dags/example_params_trigger_ui.py
[2026-02-14T15:51:42.934+0000] {logging_mixin.py:188} INFO - [2026-02-14T15:51:42.934+0000] {dag.py:3089} INFO - Sync 1 DAGs
[2026-02-14T15:51:42.938+0000] {logging_mixin.py:188} INFO - [2026-02-14T15:51:42.938+0000] {dag.py:3947} INFO - Setting next_dagrun for example_params_trigger_ui to None, run_after=None
[2026-02-14T15:51:42.944+0000] {processor.py:183} INFO - Processing /home/airflow/.local/lib/python3.12/site-packages/airflow/example_dags/example_params_trigger_ui.py took 0.035 seconds
[2026-02-14T15:52:13.372+0000] {processor.py:161} INFO - Started process (PID=707) to work on /home/airflow/.local/lib/python3.12/site-packages/airflow/example_dags/example_params_trigger_ui.py
[2026-02-14T15:52:13.373+0000] {processor.py:830} INFO - Processing file /home/airflow/.local/lib/python3.12/site-packages/airflow/example_dags/example_params_trigger_ui.py for tasks to queue
[2026-02-14T15:52:13.374+0000] {logging_mixin.py:188} INFO - [2026-02-14T15:52:13.374+0000] {dagbag.py:545} INFO - Filling up the DagBag from /home/airflow/.local/lib/python3.12/site-packages/airflow/example_dags/example_params_trigger_ui.py
[2026-02-14T15:52:13.377+0000] {processor.py:840} INFO - DAG(s) 'example_params_trigger_ui' retrieved from /home/airflow/.local/lib/python3.12/site-packages/airflow/example_dags/example_params_trigger_ui.py
[2026-02-14T15:52:13.395+0000] {logging_mixin.py:188} INFO - [2026-02-14T15:52:13.395+0000] {dag.py:3089} INFO - Sync 1 DAGs
[2026-02-14T15:52:13.399+0000] {logging_mixin.py:188} INFO - [2026-02-14T15:52:13.399+0000] {dag.py:3947} INFO - Setting next_dagrun for example_params_trigger_ui to None, run_after=None
[2026-02-14T15:52:13.405+0000] {processor.py:183} INFO - Processing /home/airflow/.local/lib/python3.12/site-packages/airflow/example_dags/example_params_trigger_ui.py took 0.036 seconds
[2026-02-14T15:52:43.842+0000] {processor.py:161} INFO - Started process (PID=766) to work on /home/airflow/.local/lib/python3.12/site-packages/airflow/example_dags/example_params_trigger_ui.py
[2026-02-14T15:52:43.843+0000] {processor.py:830} INFO - Processing file /home/airflow/.local/lib/python3.12/site-packages/airflow/example_dags/example_params_trigger_ui.py for tasks to queue
[2026-02-14T15:52:43.844+0000] {logging_mixin.py:188} INFO - [2026-02-14T15:52:43.843+0000] {dagbag.py:545} INFO - Filling up the DagBag from /home/airflow/.local/lib/python3.12/site-packages/airflow/example_dags/example_params_trigger_ui.py
[2026-02-14T15:52:43.850+0000] {processor.py:840} INFO - DAG(s) 'example_params_trigger_ui' retrieved from /home/airflow/.local/lib/python3.12/site-packages/airflow/example_dags/example_params_trigger_ui.py
[2026-02-14T15:52:43.867+0000] {logging_mixin.py:188} INFO - [2026-02-14T15:52:43.867+0000] {dag.py:3089} INFO - Sync 1 DAGs
[2026-02-14T15:52:43.872+0000] {logging_mixin.py:188} INFO - [2026-02-14T15:52:43.872+0000] {dag.py:3947} INFO - Setting next_dagrun for example_params_trigger_ui to None, run_after=None
[2026-02-14T15:52:43.878+0000] {processor.py:183} INFO - Processing /home/airflow/.local/lib/python3.12/site-packages/airflow/example_dags/example_params_trigger_ui.py took 0.038 seconds
[2026-02-14T15:53:14.214+0000] {processor.py:161} INFO - Started process (PID=825) to work on /home/airflow/.local/lib/python3.12/site-packages/airflow/example_dags/example_params_trigger_ui.py
[2026-02-14T15:53:14.215+0000] {processor.py:830} INFO - Processing file /home/airflow/.local/lib/python3.12/site-packages/airflow/example_dags/example_params_trigger_ui.py for tasks to queue
[2026-02-14T15:53:14.215+0000] {logging_mixin.py:188} INFO - [2026-02-14T15:53:14.215+0000] {dagbag.py:545} INFO - Filling up the DagBag from /home/airflow/.local/lib/python3.12/site-packages/airflow/example_dags/example_params_trigger_ui.py
[2026-02-14T15:53:14.218+0000] {processor.py:840} INFO - DAG(s) 'example_params_trigger_ui' retrieved from /home/airflow/.local/lib/python3.12/site-packages/airflow/example_dags/example_params_trigger_ui.py
[2026-02-14T15:53:14.230+0000] {logging_mixin.py:188} INFO - [2026-02-14T15:53:14.230+0000] {dag.py:3089} INFO - Sync 1 DAGs
[2026-02-14T15:53:14.234+0000] {logging_mixin.py:188} INFO - [2026-02-14T15:53:14.234+0000] {dag.py:3947} INFO - Setting next_dagrun for example_params_trigger_ui to None, run_after=None
[2026-02-14T15:53:14.239+0000] {processor.py:183} INFO - Processing /home/airflow/.local/lib/python3.12/site-packages/airflow/example_dags/example_params_trigger_ui.py took 0.026 seconds
[2026-02-14T15:53:44.506+0000] {processor.py:161} INFO - Started process (PID=884) to work on /home/airflow/.local/lib/python3.12/site-packages/airflow/example_dags/example_params_trigger_ui.py
[2026-02-14T15:53:44.506+0000] {processor.py:830} INFO - Processing file /home/airflow/.local/lib/python3.12/site-packages/airflow/example_dags/example_params_trigger_ui.py for tasks to queue
[2026-02-14T15:53:44.507+0000] {logging_mixin.py:188} INFO - [2026-02-14T15:53:44.507+0000] {dagbag.py:545} INFO - Filling up the DagBag from /home/airflow/.local/lib/python3.12/site-packages/airflow/example_dags/example_params_trigger_ui.py
[2026-02-14T15:53:44.510+0000] {processor.py:840} INFO - DAG(s) 'example_params_trigger_ui' retrieved from /home/airflow/.local/lib/python3.12/site-packages/airflow/example_dags/example_params_trigger_ui.py
[2026-02-14T15:53:44.528+0000] {logging_mixin.py:188} INFO - [2026-02-14T15:53:44.528+0000] {dag.py:3089} INFO - Sync 1 DAGs
[2026-02-14T15:53:44.532+0000] {logging_mixin.py:188} INFO - [2026-02-14T15:53:44.532+0000] {dag.py:3947} INFO - Setting next_dagrun for example_params_trigger_ui to None, run_after=None
[2026-02-14T15:53:44.538+0000] {processor.py:183} INFO - Processing /home/airflow/.local/lib/python3.12/site-packages/airflow/example_dags/example_params_trigger_ui.py took 0.034 seconds
[2026-02-14T15:54:14.947+0000] {processor.py:161} INFO - Started process (PID=943) to work on /home/airflow/.local/lib/python3.12/site-packages/airflow/example_dags/example_params_trigger_ui.py
[2026-02-14T15:54:14.947+0000] {processor.py:830} INFO - Processing file /home/airflow/.local/lib/python3.12/site-packages/airflow/example_dags/example_params_trigger_ui.py for tasks to queue
[2026-02-14T15:54:14.948+0000] {logging_mixin.py:188} INFO - [2026-02-14T15:54:14.948+0000] {dagbag.py:545} INFO - Filling up the DagBag from /home/airflow/.local/lib/python3.12/site-packages/airflow/example_dags/example_params_trigger_ui.py
[2026-02-14T15:54:14.953+0000] {processor.py:840} INFO - DAG(s) 'example_params_trigger_ui' retrieved from /home/airflow/.local/lib/python3.12/site-packages/airflow/example_dags/example_params_trigger_ui.py
[2026-02-14T15:54:14.968+0000] {logging_mixin.py:188} INFO - [2026-02-14T15:54:14.968+0000] {dag.py:3089} INFO - Sync 1 DAGs
[2026-02-14T15:54:14.974+0000] {logging_mixin.py:188} INFO - [2026-02-14T15:54:14.974+0000] {dag.py:3947} INFO - Setting next_dagrun for example_params_trigger_ui to None, run_after=None
[2026-02-14T15:54:14.979+0000] {processor.py:183} INFO - Processing /home/airflow/.local/lib/python3.12/site-packages/airflow/example_dags/example_params_trigger_ui.py took 0.034 seconds
[2026-02-14T15:54:45.459+0000] {processor.py:161} INFO - Started process (PID=1002) to work on /home/airflow/.local/lib/python3.12/site-packages/airflow/example_dags/example_params_trigger_ui.py
[2026-02-14T15:54:45.460+0000] {processor.py:830} INFO - Processing file /home/airflow/.local/lib/python3.12/site-packages/airflow/example_dags/example_params_trigger_ui.py for tasks to queue
[2026-02-14T15:54:45.461+0000] {logging_mixin.py:188} INFO - [2026-02-14T15:54:45.461+0000] {dagbag.py:545} INFO - Filling up the DagBag from /home/airflow/.local/lib/python3.12/site-packages/airflow/example_dags/example_params_trigger_ui.py
[2026-02-14T15:54:45.465+0000] {processor.py:840} INFO - DAG(s) 'example_params_trigger_ui' retrieved from /home/airflow/.local/lib/python3.12/site-packages/airflow/example_dags/example_params_trigger_ui.py
[2026-02-14T15:54:45.485+0000] {logging_mixin.py:188} INFO - [2026-02-14T15:54:45.485+0000] {dag.py:3089} INFO - Sync 1 DAGs
[2026-02-14T15:54:45.489+0000] {logging_mixin.py:188} INFO - [2026-02-14T15:54:45.489+0000] {dag.py:3947} INFO - Setting next_dagrun for example_params_trigger_ui to None, run_after=None
[2026-02-14T15:54:45.495+0000] {processor.py:183} INFO - Processing /home/airflow/.local/lib/python3.12/site-packages/airflow/example_dags/example_params_trigger_ui.py took 0.039 seconds
[2026-02-14T15:55:15.930+0000] {processor.py:161} INFO - Started process (PID=1061) to work on /home/airflow/.local/lib/python3.12/site-packages/airflow/example_dags/example_params_trigger_ui.py
[2026-02-14T15:55:15.932+0000] {processor.py:830} INFO - Processing file /home/airflow/.local/lib/python3.12/site-packages/airflow/example_dags/example_params_trigger_ui.py for tasks to queue
[2026-02-14T15:55:15.938+0000] {logging_mixin.py:188} INFO - [2026-02-14T15:55:15.937+0000] {dagbag.py:545} INFO - Filling up the DagBag from /home/airflow/.local/lib/python3.12/site-packages/airflow/example_dags/example_params_trigger_ui.py
[2026-02-14T15:55:15.969+0000] {processor.py:840} INFO - DAG(s) 'example_params_trigger_ui' retrieved from /home/airflow/.local/lib/python3.12/site-packages/airflow/example_dags/example_params_trigger_ui.py
[2026-02-14T15:55:16.085+0000] {logging_mixin.py:188} INFO - [2026-02-14T15:55:16.084+0000] {dag.py:3089} INFO - Sync 1 DAGs
[2026-02-14T15:55:16.107+0000] {logging_mixin.py:188} INFO - [2026-02-14T15:55:16.107+0000] {dag.py:3947} INFO - Setting next_dagrun for example_params_trigger_ui to None, run_after=None
[2026-02-14T15:55:16.192+0000] {processor.py:183} INFO - Processing /home/airflow/.local/lib/python3.12/site-packages/airflow/example_dags/example_params_trigger_ui.py took 0.277 seconds
[2026-02-14T15:55:46.415+0000] {processor.py:161} INFO - Started process (PID=1119) to work on /home/airflow/.local/lib/python3.12/site-packages/airflow/example_dags/example_params_trigger_ui.py
[2026-02-14T15:55:46.416+0000] {processor.py:830} INFO - Processing file /home/airflow/.local/lib/python3.12/site-packages/airflow/example_dags/example_params_trigger_ui.py for tasks to queue
[2026-02-14T15:55:46.416+0000] {logging_mixin.py:188} INFO - [2026-02-14T15:55:46.416+0000] {dagbag.py:545} INFO - Filling up the DagBag from /home/airflow/.local/lib/python3.12/site-packages/airflow/example_dags/example_params_trigger_ui.py
[2026-02-14T15:55:46.420+0000] {processor.py:840} INFO - DAG(s) 'example_params_trigger_ui' retrieved from /home/airflow/.local/lib/python3.12/site-packages/airflow/example_dags/example_params_trigger_ui.py
[2026-02-14T15:55:46.432+0000] {logging_mixin.py:188} INFO - [2026-02-14T15:55:46.432+0000] {dag.py:3089} INFO - Sync 1 DAGs
[2026-02-14T15:55:46.436+0000] {logging_mixin.py:188} INFO - [2026-02-14T15:55:46.436+0000] {dag.py:3947} INFO - Setting next_dagrun for example_params_trigger_ui to None, run_after=None
[2026-02-14T15:55:46.441+0000] {processor.py:183} INFO - Processing /home/airflow/.local/lib/python3.12/site-packages/airflow/example_dags/example_params_trigger_ui.py took 0.028 seconds
[2026-02-14T15:56:16.909+0000] {processor.py:161} INFO - Started process (PID=1178) to work on /home/airflow/.local/lib/python3.12/site-packages/airflow/example_dags/example_params_trigger_ui.py
[2026-02-14T15:56:16.909+0000] {processor.py:830} INFO - Processing file /home/airflow/.local/lib/python3.12/site-packages/airflow/example_dags/example_params_trigger_ui.py for tasks to queue
[2026-02-14T15:56:16.910+0000] {logging_mixin.py:188} INFO - [2026-02-14T15:56:16.910+0000] {dagbag.py:545} INFO - Filling up the DagBag from /home/airflow/.local/lib/python3.12/site-packages/airflow/example_dags/example_params_trigger_ui.py
[2026-02-14T15:56:16.913+0000] {processor.py:840} INFO - DAG(s) 'example_params_trigger_ui' retrieved from /home/airflow/.local/lib/python3.12/site-packages/airflow/example_dags/example_params_trigger_ui.py
[2026-02-14T15:56:16.925+0000] {logging_mixin.py:188} INFO - [2026-02-14T15:56:16.925+0000] {dag.py:3089} INFO - Sync 1 DAGs
[2026-02-14T15:56:16.928+0000] {logging_mixin.py:188} INFO - [2026-02-14T15:56:16.928+0000] {dag.py:3947} INFO - Setting next_dagrun for example_params_trigger_ui to None, run_after=None
[2026-02-14T15:56:16.933+0000] {processor.py:183} INFO - Processing /home/airflow/.local/lib/python3.12/site-packages/airflow/example_dags/example_params_trigger_ui.py took 0.027 seconds
[2026-02-14T15:56:47.417+0000] {processor.py:161} INFO - Started process (PID=1237) to work on /home/airflow/.local/lib/python3.12/site-packages/airflow/example_dags/example_params_trigger_ui.py
[2026-02-14T15:56:47.418+0000] {processor.py:830} INFO - Processing file /home/airflow/.local/lib/python3.12/site-packages/airflow/example_dags/example_params_trigger_ui.py for tasks to queue
[2026-02-14T15:56:47.419+0000] {logging_mixin.py:188} INFO - [2026-02-14T15:56:47.419+0000] {dagbag.py:545} INFO - Filling up the DagBag from /home/airflow/.local/lib/python3.12/site-packages/airflow/example_dags/example_params_trigger_ui.py
[2026-02-14T15:56:47.423+0000] {processor.py:840} INFO - DAG(s) 'example_params_trigger_ui' retrieved from /home/airflow/.local/lib/python3.12/site-packages/airflow/example_dags/example_params_trigger_ui.py
[2026-02-14T15:56:47.438+0000] {logging_mixin.py:188} INFO - [2026-02-14T15:56:47.438+0000] {dag.py:3089} INFO - Sync 1 DAGs
[2026-02-14T15:56:47.442+0000] {logging_mixin.py:188} INFO - [2026-02-14T15:56:47.442+0000] {dag.py:3947} INFO - Setting next_dagrun for example_params_trigger_ui to None, run_after=None
[2026-02-14T15:56:47.448+0000] {processor.py:183} INFO - Processing /home/airflow/.local/lib/python3.12/site-packages/airflow/example_dags/example_params_trigger_ui.py took 0.034 seconds
[2026-02-14T15:57:18.131+0000] {processor.py:161} INFO - Started process (PID=1296) to work on /home/airflow/.local/lib/python3.12/site-packages/airflow/example_dags/example_params_trigger_ui.py
[2026-02-14T15:57:18.132+0000] {processor.py:830} INFO - Processing file /home/airflow/.local/lib/python3.12/site-packages/airflow/example_dags/example_params_trigger_ui.py for tasks to queue
[2026-02-14T15:57:18.132+0000] {logging_mixin.py:188} INFO - [2026-02-14T15:57:18.132+0000] {dagbag.py:545} INFO - Filling up the DagBag from /home/airflow/.local/lib/python3.12/site-packages/airflow/example_dags/example_params_trigger_ui.py
[2026-02-14T15:57:18.137+0000] {processor.py:840} INFO - DAG(s) 'example_params_trigger_ui' retrieved from /home/airflow/.local/lib/python3.12/site-packages/airflow/example_dags/example_params_trigger_ui.py
[2026-02-14T15:57:18.151+0000] {logging_mixin.py:188} INFO - [2026-02-14T15:57:18.151+0000] {dag.py:3089} INFO - Sync 1 DAGs
[2026-02-14T15:57:18.156+0000] {logging_mixin.py:188} INFO - [2026-02-14T15:57:18.156+0000] {dag.py:3947} INFO - Setting next_dagrun for example_params_trigger_ui to None, run_after=None
[2026-02-14T15:57:18.162+0000] {processor.py:183} INFO - Processing /home/airflow/.local/lib/python3.12/site-packages/airflow/example_dags/example_params_trigger_ui.py took 0.033 seconds
[2026-02-14T15:57:48.759+0000] {processor.py:161} INFO - Started process (PID=1355) to work on /home/airflow/.local/lib/python3.12/site-packages/airflow/example_dags/example_params_trigger_ui.py
[2026-02-14T15:57:48.760+0000] {processor.py:830} INFO - Processing file /home/airflow/.local/lib/python3.12/site-packages/airflow/example_dags/example_params_trigger_ui.py for tasks to queue
[2026-02-14T15:57:48.761+0000] {logging_mixin.py:188} INFO - [2026-02-14T15:57:48.761+0000] {dagbag.py:545} INFO - Filling up the DagBag from /home/airflow/.local/lib/python3.12/site-packages/airflow/example_dags/example_params_trigger_ui.py
[2026-02-14T15:57:48.765+0000] {processor.py:840} INFO - DAG(s) 'example_params_trigger_ui' retrieved from /home/airflow/.local/lib/python3.12/site-packages/airflow/example_dags/example_params_trigger_ui.py
[2026-02-14T15:57:48.781+0000] {logging_mixin.py:188} INFO - [2026-02-14T15:57:48.781+0000] {dag.py:3089} INFO - Sync 1 DAGs
[2026-02-14T15:57:48.785+0000] {logging_mixin.py:188} INFO - [2026-02-14T15:57:48.785+0000] {dag.py:3947} INFO - Setting next_dagrun for example_params_trigger_ui to None, run_after=None
[2026-02-14T15:57:48.850+0000] {processor.py:183} INFO - Processing /home/airflow/.local/lib/python3.12/site-packages/airflow/example_dags/example_params_trigger_ui.py took 0.093 seconds
[2026-02-14T15:58:19.116+0000] {processor.py:161} INFO - Started process (PID=1414) to work on /home/airflow/.local/lib/python3.12/site-packages/airflow/example_dags/example_params_trigger_ui.py
[2026-02-14T15:58:19.116+0000] {processor.py:830} INFO - Processing file /home/airflow/.local/lib/python3.12/site-packages/airflow/example_dags/example_params_trigger_ui.py for tasks to queue
[2026-02-14T15:58:19.117+0000] {logging_mixin.py:188} INFO - [2026-02-14T15:58:19.117+0000] {dagbag.py:545} INFO - Filling up the DagBag from /home/airflow/.local/lib/python3.12/site-packages/airflow/example_dags/example_params_trigger_ui.py
[2026-02-14T15:58:19.121+0000] {processor.py:840} INFO - DAG(s) 'example_params_trigger_ui' retrieved from /home/airflow/.local/lib/python3.12/site-packages/airflow/example_dags/example_params_trigger_ui.py
[2026-02-14T15:58:19.132+0000] {logging_mixin.py:188} INFO - [2026-02-14T15:58:19.132+0000] {dag.py:3089} INFO - Sync 1 DAGs
[2026-02-14T15:58:19.136+0000] {logging_mixin.py:188} INFO - [2026-02-14T15:58:19.136+0000] {dag.py:3947} INFO - Setting next_dagrun for example_params_trigger_ui to None, run_after=None
[2026-02-14T15:58:19.141+0000] {processor.py:183} INFO - Processing /home/airflow/.local/lib/python3.12/site-packages/airflow/example_dags/example_params_trigger_ui.py took 0.028 seconds
[2026-02-14T15:58:49.477+0000] {processor.py:161} INFO - Started process (PID=1473) to work on /home/airflow/.local/lib/python3.12/site-packages/airflow/example_dags/example_params_trigger_ui.py
[2026-02-14T15:58:49.477+0000] {processor.py:830} INFO - Processing file /home/airflow/.local/lib/python3.12/site-packages/airflow/example_dags/example_params_trigger_ui.py for tasks to queue
[2026-02-14T15:58:49.479+0000] {logging_mixin.py:188} INFO - [2026-02-14T15:58:49.478+0000] {dagbag.py:545} INFO - Filling up the DagBag from /home/airflow/.local/lib/python3.12/site-packages/airflow/example_dags/example_params_trigger_ui.py
[2026-02-14T15:58:49.483+0000] {processor.py:840} INFO - DAG(s) 'example_params_trigger_ui' retrieved from /home/airflow/.local/lib/python3.12/site-packages/airflow/example_dags/example_params_trigger_ui.py
[2026-02-14T15:58:49.497+0000] {logging_mixin.py:188} INFO - [2026-02-14T15:58:49.497+0000] {dag.py:3089} INFO - Sync 1 DAGs
[2026-02-14T15:58:49.501+0000] {logging_mixin.py:188} INFO - [2026-02-14T15:58:49.501+0000] {dag.py:3947} INFO - Setting next_dagrun for example_params_trigger_ui to None, run_after=None
[2026-02-14T15:58:49.506+0000] {processor.py:183} INFO - Processing /home/airflow/.local/lib/python3.12/site-packages/airflow/example_dags/example_params_trigger_ui.py took 0.032 seconds
[2026-02-14T15:59:19.823+0000] {processor.py:161} INFO - Started process (PID=1532) to work on /home/airflow/.local/lib/python3.12/site-packages/airflow/example_dags/example_params_trigger_ui.py
[2026-02-14T15:59:19.823+0000] {processor.py:830} INFO - Processing file /home/airflow/.local/lib/python3.12/site-packages/airflow/example_dags/example_params_trigger_ui.py for tasks to queue
[2026-02-14T15:59:19.824+0000] {logging_mixin.py:188} INFO - [2026-02-14T15:59:19.824+0000] {dagbag.py:545} INFO - Filling up the DagBag from /home/airflow/.local/lib/python3.12/site-packages/airflow/example_dags/example_params_trigger_ui.py
[2026-02-14T15:59:19.827+0000] {processor.py:840} INFO - DAG(s) 'example_params_trigger_ui' retrieved from /home/airflow/.local/lib/python3.12/site-packages/airflow/example_dags/example_params_trigger_ui.py
[2026-02-14T15:59:19.839+0000] {logging_mixin.py:188} INFO - [2026-02-14T15:59:19.839+0000] {dag.py:3089} INFO - Sync 1 DAGs
[2026-02-14T15:59:19.843+0000] {logging_mixin.py:188} INFO - [2026-02-14T15:59:19.843+0000] {dag.py:3947} INFO - Setting next_dagrun for example_params_trigger_ui to None, run_after=None
[2026-02-14T15:59:19.848+0000] {processor.py:183} INFO - Processing /home/airflow/.local/lib/python3.12/site-packages/airflow/example_dags/example_params_trigger_ui.py took 0.028 seconds
[2026-02-14T15:59:50.831+0000] {processor.py:161} INFO - Started process (PID=1591) to work on /home/airflow/.local/lib/python3.12/site-packages/airflow/example_dags/example_params_trigger_ui.py
[2026-02-14T15:59:50.831+0000] {processor.py:830} INFO - Processing file /home/airflow/.local/lib/python3.12/site-packages/airflow/example_dags/example_params_trigger_ui.py for tasks to queue
[2026-02-14T15:59:50.832+0000] {logging_mixin.py:188} INFO - [2026-02-14T15:59:50.832+0000] {dagbag.py:545} INFO - Filling up the DagBag from /home/airflow/.local/lib/python3.12/site-packages/airflow/example_dags/example_params_trigger_ui.py
[2026-02-14T15:59:50.836+0000] {processor.py:840} INFO - DAG(s) 'example_params_trigger_ui' retrieved from /home/airflow/.local/lib/python3.12/site-packages/airflow/example_dags/example_params_trigger_ui.py
[2026-02-14T15:59:50.912+0000] {logging_mixin.py:188} INFO - [2026-02-14T15:59:50.912+0000] {dag.py:3089} INFO - Sync 1 DAGs
[2026-02-14T15:59:50.915+0000] {logging_mixin.py:188} INFO - [2026-02-14T15:59:50.915+0000] {dag.py:3947} INFO - Setting next_dagrun for example_params_trigger_ui to None, run_after=None
[2026-02-14T15:59:50.920+0000] {processor.py:183} INFO - Processing /home/airflow/.local/lib/python3.12/site-packages/airflow/example_dags/example_params_trigger_ui.py took 0.091 seconds
[2026-02-14T16:00:20.942+0000] {processor.py:161} INFO - Started process (PID=1650) to work on /home/airflow/.local/lib/python3.12/site-packages/airflow/example_dags/example_params_trigger_ui.py
[2026-02-14T16:00:20.944+0000] {processor.py:830} INFO - Processing file /home/airflow/.local/lib/python3.12/site-packages/airflow/example_dags/example_params_trigger_ui.py for tasks to queue
[2026-02-14T16:00:20.945+0000] {logging_mixin.py:188} INFO - [2026-02-14T16:00:20.945+0000] {dagbag.py:545} INFO - Filling up the DagBag from /home/airflow/.local/lib/python3.12/site-packages/airflow/example_dags/example_params_trigger_ui.py
[2026-02-14T16:00:20.950+0000] {processor.py:840} INFO - DAG(s) 'example_params_trigger_ui' retrieved from /home/airflow/.local/lib/python3.12/site-packages/airflow/example_dags/example_params_trigger_ui.py
[2026-02-14T16:00:20.966+0000] {logging_mixin.py:188} INFO - [2026-02-14T16:00:20.966+0000] {dag.py:3089} INFO - Sync 1 DAGs
[2026-02-14T16:00:20.970+0000] {logging_mixin.py:188} INFO - [2026-02-14T16:00:20.970+0000] {dag.py:3947} INFO - Setting next_dagrun for example_params_trigger_ui to None, run_after=None
[2026-02-14T16:00:20.976+0000] {processor.py:183} INFO - Processing /home/airflow/.local/lib/python3.12/site-packages/airflow/example_dags/example_params_trigger_ui.py took 0.036 seconds
[2026-02-14T16:00:51.474+0000] {processor.py:161} INFO - Started process (PID=1709) to work on /home/airflow/.local/lib/python3.12/site-packages/airflow/example_dags/example_params_trigger_ui.py
[2026-02-14T16:00:51.475+0000] {processor.py:830} INFO - Processing file /home/airflow/.local/lib/python3.12/site-packages/airflow/example_dags/example_params_trigger_ui.py for tasks to queue
[2026-02-14T16:00:51.477+0000] {logging_mixin.py:188} INFO - [2026-02-14T16:00:51.476+0000] {dagbag.py:545} INFO - Filling up the DagBag from /home/airflow/.local/lib/python3.12/site-packages/airflow/example_dags/example_params_trigger_ui.py
[2026-02-14T16:00:51.481+0000] {processor.py:840} INFO - DAG(s) 'example_params_trigger_ui' retrieved from /home/airflow/.local/lib/python3.12/site-packages/airflow/example_dags/example_params_trigger_ui.py
[2026-02-14T16:00:51.495+0000] {logging_mixin.py:188} INFO - [2026-02-14T16:00:51.495+0000] {dag.py:3089} INFO - Sync 1 DAGs
[2026-02-14T16:00:51.499+0000] {logging_mixin.py:188} INFO - [2026-02-14T16:00:51.499+0000] {dag.py:3947} INFO - Setting next_dagrun for example_params_trigger_ui to None, run_after=None
[2026-02-14T16:00:51.505+0000] {processor.py:183} INFO - Processing /home/airflow/.local/lib/python3.12/site-packages/airflow/example_dags/example_params_trigger_ui.py took 0.034 seconds
[2026-02-14T16:01:21.971+0000] {processor.py:161} INFO - Started process (PID=1768) to work on /home/airflow/.local/lib/python3.12/site-packages/airflow/example_dags/example_params_trigger_ui.py
[2026-02-14T16:01:21.971+0000] {processor.py:830} INFO - Processing file /home/airflow/.local/lib/python3.12/site-packages/airflow/example_dags/example_params_trigger_ui.py for tasks to queue
[2026-02-14T16:01:21.972+0000] {logging_mixin.py:188} INFO - [2026-02-14T16:01:21.972+0000] {dagbag.py:545} INFO - Filling up the DagBag from /home/airflow/.local/lib/python3.12/site-packages/airflow/example_dags/example_params_trigger_ui.py
[2026-02-14T16:01:21.976+0000] {processor.py:840} INFO - DAG(s) 'example_params_trigger_ui' retrieved from /home/airflow/.local/lib/python3.12/site-packages/airflow/example_dags/example_params_trigger_ui.py
[2026-02-14T16:01:21.989+0000] {logging_mixin.py:188} INFO - [2026-02-14T16:01:21.989+0000] {dag.py:3089} INFO - Sync 1 DAGs
[2026-02-14T16:01:21.994+0000] {logging_mixin.py:188} INFO - [2026-02-14T16:01:21.994+0000] {dag.py:3947} INFO - Setting next_dagrun for example_params_trigger_ui to None, run_after=None
[2026-02-14T16:01:22.000+0000] {processor.py:183} INFO - Processing /home/airflow/.local/lib/python3.12/site-packages/airflow/example_dags/example_params_trigger_ui.py took 0.032 seconds
[2026-02-14T16:01:52.326+0000] {processor.py:161} INFO - Started process (PID=1827) to work on /home/airflow/.local/lib/python3.12/site-packages/airflow/example_dags/example_params_trigger_ui.py
[2026-02-14T16:01:52.326+0000] {processor.py:830} INFO - Processing file /home/airflow/.local/lib/python3.12/site-packages/airflow/example_dags/example_params_trigger_ui.py for tasks to queue
[2026-02-14T16:01:52.327+0000] {logging_mixin.py:188} INFO - [2026-02-14T16:01:52.327+0000] {dagbag.py:545} INFO - Filling up the DagBag from /home/airflow/.local/lib/python3.12/site-packages/airflow/example_dags/example_params_trigger_ui.py
[2026-02-14T16:01:52.330+0000] {processor.py:840} INFO - DAG(s) 'example_params_trigger_ui' retrieved from /home/airflow/.local/lib/python3.12/site-packages/airflow/example_dags/example_params_trigger_ui.py
[2026-02-14T16:01:52.343+0000] {logging_mixin.py:188} INFO - [2026-02-14T16:01:52.343+0000] {dag.py:3089} INFO - Sync 1 DAGs
[2026-02-14T16:01:52.347+0000] {logging_mixin.py:188} INFO - [2026-02-14T16:01:52.347+0000] {dag.py:3947} INFO - Setting next_dagrun for example_params_trigger_ui to None, run_after=None
[2026-02-14T16:01:52.353+0000] {processor.py:183} INFO - Processing /home/airflow/.local/lib/python3.12/site-packages/airflow/example_dags/example_params_trigger_ui.py took 0.029 seconds
[2026-02-14T16:02:22.704+0000] {processor.py:161} INFO - Started process (PID=1886) to work on /home/airflow/.local/lib/python3.12/site-packages/airflow/example_dags/example_params_trigger_ui.py
[2026-02-14T16:02:22.705+0000] {processor.py:830} INFO - Processing file /home/airflow/.local/lib/python3.12/site-packages/airflow/example_dags/example_params_trigger_ui.py for tasks to queue
[2026-02-14T16:02:22.706+0000] {logging_mixin.py:188} INFO - [2026-02-14T16:02:22.706+0000] {dagbag.py:545} INFO - Filling up the DagBag from /home/airflow/.local/lib/python3.12/site-packages/airflow/example_dags/example_params_trigger_ui.py
[2026-02-14T16:02:22.710+0000] {processor.py:840} INFO - DAG(s) 'example_params_trigger_ui' retrieved from /home/airflow/.local/lib/python3.12/site-packages/airflow/example_dags/example_params_trigger_ui.py
[2026-02-14T16:02:22.737+0000] {logging_mixin.py:188} INFO - [2026-02-14T16:02:22.737+0000] {dag.py:3089} INFO - Sync 1 DAGs
[2026-02-14T16:02:22.744+0000] {logging_mixin.py:188} INFO - [2026-02-14T16:02:22.744+0000] {dag.py:3947} INFO - Setting next_dagrun for example_params_trigger_ui to None, run_after=None
[2026-02-14T16:02:22.752+0000] {processor.py:183} INFO - Processing /home/airflow/.local/lib/python3.12/site-packages/airflow/example_dags/example_params_trigger_ui.py took 0.050 seconds
[2026-02-14T16:02:53.187+0000] {processor.py:161} INFO - Started process (PID=1945) to work on /home/airflow/.local/lib/python3.12/site-packages/airflow/example_dags/example_params_trigger_ui.py
[2026-02-14T16:02:53.187+0000] {processor.py:830} INFO - Processing file /home/airflow/.local/lib/python3.12/site-packages/airflow/example_dags/example_params_trigger_ui.py for tasks to queue
[2026-02-14T16:02:53.188+0000] {logging_mixin.py:188} INFO - [2026-02-14T16:02:53.188+0000] {dagbag.py:545} INFO - Filling up the DagBag from /home/airflow/.local/lib/python3.12/site-packages/airflow/example_dags/example_params_trigger_ui.py
[2026-02-14T16:02:53.192+0000] {processor.py:840} INFO - DAG(s) 'example_params_trigger_ui' retrieved from /home/airflow/.local/lib/python3.12/site-packages/airflow/example_dags/example_params_trigger_ui.py
[2026-02-14T16:02:53.209+0000] {logging_mixin.py:188} INFO - [2026-02-14T16:02:53.209+0000] {dag.py:3089} INFO - Sync 1 DAGs
[2026-02-14T16:02:53.214+0000] {logging_mixin.py:188} INFO - [2026-02-14T16:02:53.214+0000] {dag.py:3947} INFO - Setting next_dagrun for example_params_trigger_ui to None, run_after=None
[2026-02-14T16:02:53.221+0000] {processor.py:183} INFO - Processing /home/airflow/.local/lib/python3.12/site-packages/airflow/example_dags/example_params_trigger_ui.py took 0.038 seconds
[2026-02-14T16:03:23.741+0000] {processor.py:161} INFO - Started process (PID=2004) to work on /home/airflow/.local/lib/python3.12/site-packages/airflow/example_dags/example_params_trigger_ui.py
[2026-02-14T16:03:23.743+0000] {processor.py:830} INFO - Processing file /home/airflow/.local/lib/python3.12/site-packages/airflow/example_dags/example_params_trigger_ui.py for tasks to queue
[2026-02-14T16:03:23.744+0000] {logging_mixin.py:188} INFO - [2026-02-14T16:03:23.744+0000] {dagbag.py:545} INFO - Filling up the DagBag from /home/airflow/.local/lib/python3.12/site-packages/airflow/example_dags/example_params_trigger_ui.py
[2026-02-14T16:03:23.749+0000] {processor.py:840} INFO - DAG(s) 'example_params_trigger_ui' retrieved from /home/airflow/.local/lib/python3.12/site-packages/airflow/example_dags/example_params_trigger_ui.py
[2026-02-14T16:03:23.765+0000] {logging_mixin.py:188} INFO - [2026-02-14T16:03:23.765+0000] {dag.py:3089} INFO - Sync 1 DAGs
[2026-02-14T16:03:23.769+0000] {logging_mixin.py:188} INFO - [2026-02-14T16:03:23.769+0000] {dag.py:3947} INFO - Setting next_dagrun for example_params_trigger_ui to None, run_after=None
[2026-02-14T16:03:23.774+0000] {processor.py:183} INFO - Processing /home/airflow/.local/lib/python3.12/site-packages/airflow/example_dags/example_params_trigger_ui.py took 0.036 seconds
[2026-02-14T16:03:54.298+0000] {processor.py:161} INFO - Started process (PID=2063) to work on /home/airflow/.local/lib/python3.12/site-packages/airflow/example_dags/example_params_trigger_ui.py
[2026-02-14T16:03:54.298+0000] {processor.py:830} INFO - Processing file /home/airflow/.local/lib/python3.12/site-packages/airflow/example_dags/example_params_trigger_ui.py for tasks to queue
[2026-02-14T16:03:54.299+0000] {logging_mixin.py:188} INFO - [2026-02-14T16:03:54.299+0000] {dagbag.py:545} INFO - Filling up the DagBag from /home/airflow/.local/lib/python3.12/site-packages/airflow/example_dags/example_params_trigger_ui.py
[2026-02-14T16:03:54.302+0000] {processor.py:840} INFO - DAG(s) 'example_params_trigger_ui' retrieved from /home/airflow/.local/lib/python3.12/site-packages/airflow/example_dags/example_params_trigger_ui.py
[2026-02-14T16:03:54.315+0000] {logging_mixin.py:188} INFO - [2026-02-14T16:03:54.315+0000] {dag.py:3089} INFO - Sync 1 DAGs
[2026-02-14T16:03:54.319+0000] {logging_mixin.py:188} INFO - [2026-02-14T16:03:54.319+0000] {dag.py:3947} INFO - Setting next_dagrun for example_params_trigger_ui to None, run_after=None
[2026-02-14T16:03:54.324+0000] {processor.py:183} INFO - Processing /home/airflow/.local/lib/python3.12/site-packages/airflow/example_dags/example_params_trigger_ui.py took 0.028 seconds
[2026-02-14T16:04:24.988+0000] {processor.py:161} INFO - Started process (PID=2122) to work on /home/airflow/.local/lib/python3.12/site-packages/airflow/example_dags/example_params_trigger_ui.py
[2026-02-14T16:04:24.989+0000] {processor.py:830} INFO - Processing file /home/airflow/.local/lib/python3.12/site-packages/airflow/example_dags/example_params_trigger_ui.py for tasks to queue
[2026-02-14T16:04:24.991+0000] {logging_mixin.py:188} INFO - [2026-02-14T16:04:24.991+0000] {dagbag.py:545} INFO - Filling up the DagBag from /home/airflow/.local/lib/python3.12/site-packages/airflow/example_dags/example_params_trigger_ui.py
[2026-02-14T16:04:24.995+0000] {processor.py:840} INFO - DAG(s) 'example_params_trigger_ui' retrieved from /home/airflow/.local/lib/python3.12/site-packages/airflow/example_dags/example_params_trigger_ui.py
[2026-02-14T16:04:25.012+0000] {logging_mixin.py:188} INFO - [2026-02-14T16:04:25.012+0000] {dag.py:3089} INFO - Sync 1 DAGs
[2026-02-14T16:04:25.016+0000] {logging_mixin.py:188} INFO - [2026-02-14T16:04:25.016+0000] {dag.py:3947} INFO - Setting next_dagrun for example_params_trigger_ui to None, run_after=None
[2026-02-14T16:04:25.022+0000] {processor.py:183} INFO - Processing /home/airflow/.local/lib/python3.12/site-packages/airflow/example_dags/example_params_trigger_ui.py took 0.036 seconds
[2026-02-14T16:04:55.480+0000] {processor.py:161} INFO - Started process (PID=2181) to work on /home/airflow/.local/lib/python3.12/site-packages/airflow/example_dags/example_params_trigger_ui.py
[2026-02-14T16:04:55.480+0000] {processor.py:830} INFO - Processing file /home/airflow/.local/lib/python3.12/site-packages/airflow/example_dags/example_params_trigger_ui.py for tasks to queue
[2026-02-14T16:04:55.481+0000] {logging_mixin.py:188} INFO - [2026-02-14T16:04:55.481+0000] {dagbag.py:545} INFO - Filling up the DagBag from /home/airflow/.local/lib/python3.12/site-packages/airflow/example_dags/example_params_trigger_ui.py
[2026-02-14T16:04:55.484+0000] {processor.py:840} INFO - DAG(s) 'example_params_trigger_ui' retrieved from /home/airflow/.local/lib/python3.12/site-packages/airflow/example_dags/example_params_trigger_ui.py
[2026-02-14T16:04:55.496+0000] {logging_mixin.py:188} INFO - [2026-02-14T16:04:55.496+0000] {dag.py:3089} INFO - Sync 1 DAGs
[2026-02-14T16:04:55.500+0000] {logging_mixin.py:188} INFO - [2026-02-14T16:04:55.500+0000] {dag.py:3947} INFO - Setting next_dagrun for example_params_trigger_ui to None, run_after=None
[2026-02-14T16:04:55.506+0000] {processor.py:183} INFO - Processing /home/airflow/.local/lib/python3.12/site-packages/airflow/example_dags/example_params_trigger_ui.py took 0.028 seconds
[2026-02-14T16:05:25.968+0000] {processor.py:161} INFO - Started process (PID=2240) to work on /home/airflow/.local/lib/python3.12/site-packages/airflow/example_dags/example_params_trigger_ui.py
[2026-02-14T16:05:25.968+0000] {processor.py:830} INFO - Processing file /home/airflow/.local/lib/python3.12/site-packages/airflow/example_dags/example_params_trigger_ui.py for tasks to queue
[2026-02-14T16:05:25.969+0000] {logging_mixin.py:188} INFO - [2026-02-14T16:05:25.969+0000] {dagbag.py:545} INFO - Filling up the DagBag from /home/airflow/.local/lib/python3.12/site-packages/airflow/example_dags/example_params_trigger_ui.py
[2026-02-14T16:05:25.974+0000] {processor.py:840} INFO - DAG(s) 'example_params_trigger_ui' retrieved from /home/airflow/.local/lib/python3.12/site-packages/airflow/example_dags/example_params_trigger_ui.py
[2026-02-14T16:05:25.987+0000] {logging_mixin.py:188} INFO - [2026-02-14T16:05:25.987+0000] {dag.py:3089} INFO - Sync 1 DAGs
[2026-02-14T16:05:25.991+0000] {logging_mixin.py:188} INFO - [2026-02-14T16:05:25.991+0000] {dag.py:3947} INFO - Setting next_dagrun for example_params_trigger_ui to None, run_after=None
[2026-02-14T16:05:25.996+0000] {processor.py:183} INFO - Processing /home/airflow/.local/lib/python3.12/site-packages/airflow/example_dags/example_params_trigger_ui.py took 0.030 seconds
[2026-02-14T16:05:56.455+0000] {processor.py:161} INFO - Started process (PID=2299) to work on /home/airflow/.local/lib/python3.12/site-packages/airflow/example_dags/example_params_trigger_ui.py
[2026-02-14T16:05:56.455+0000] {processor.py:830} INFO - Processing file /home/airflow/.local/lib/python3.12/site-packages/airflow/example_dags/example_params_trigger_ui.py for tasks to queue
[2026-02-14T16:05:56.458+0000] {logging_mixin.py:188} INFO - [2026-02-14T16:05:56.457+0000] {dagbag.py:545} INFO - Filling up the DagBag from /home/airflow/.local/lib/python3.12/site-packages/airflow/example_dags/example_params_trigger_ui.py
[2026-02-14T16:05:56.461+0000] {processor.py:840} INFO - DAG(s) 'example_params_trigger_ui' retrieved from /home/airflow/.local/lib/python3.12/site-packages/airflow/example_dags/example_params_trigger_ui.py
[2026-02-14T16:05:56.478+0000] {logging_mixin.py:188} INFO - [2026-02-14T16:05:56.478+0000] {dag.py:3089} INFO - Sync 1 DAGs
[2026-02-14T16:05:56.482+0000] {logging_mixin.py:188} INFO - [2026-02-14T16:05:56.482+0000] {dag.py:3947} INFO - Setting next_dagrun for example_params_trigger_ui to None, run_after=None
[2026-02-14T16:05:56.487+0000] {processor.py:183} INFO - Processing /home/airflow/.local/lib/python3.12/site-packages/airflow/example_dags/example_params_trigger_ui.py took 0.035 seconds
[2026-02-14T16:06:26.902+0000] {processor.py:161} INFO - Started process (PID=2358) to work on /home/airflow/.local/lib/python3.12/site-packages/airflow/example_dags/example_params_trigger_ui.py
[2026-02-14T16:06:26.903+0000] {processor.py:830} INFO - Processing file /home/airflow/.local/lib/python3.12/site-packages/airflow/example_dags/example_params_trigger_ui.py for tasks to queue
[2026-02-14T16:06:26.904+0000] {logging_mixin.py:188} INFO - [2026-02-14T16:06:26.904+0000] {dagbag.py:545} INFO - Filling up the DagBag from /home/airflow/.local/lib/python3.12/site-packages/airflow/example_dags/example_params_trigger_ui.py
[2026-02-14T16:06:26.908+0000] {processor.py:840} INFO - DAG(s) 'example_params_trigger_ui' retrieved from /home/airflow/.local/lib/python3.12/site-packages/airflow/example_dags/example_params_trigger_ui.py
[2026-02-14T16:06:26.921+0000] {logging_mixin.py:188} INFO - [2026-02-14T16:06:26.921+0000] {dag.py:3089} INFO - Sync 1 DAGs
[2026-02-14T16:06:26.925+0000] {logging_mixin.py:188} INFO - [2026-02-14T16:06:26.925+0000] {dag.py:3947} INFO - Setting next_dagrun for example_params_trigger_ui to None, run_after=None
[2026-02-14T16:06:26.930+0000] {processor.py:183} INFO - Processing /home/airflow/.local/lib/python3.12/site-packages/airflow/example_dags/example_params_trigger_ui.py took 0.030 seconds
[2026-02-14T16:06:57.854+0000] {processor.py:161} INFO - Started process (PID=2417) to work on /home/airflow/.local/lib/python3.12/site-packages/airflow/example_dags/example_params_trigger_ui.py
[2026-02-14T16:06:57.856+0000] {processor.py:830} INFO - Processing file /home/airflow/.local/lib/python3.12/site-packages/airflow/example_dags/example_params_trigger_ui.py for tasks to queue
[2026-02-14T16:06:57.858+0000] {logging_mixin.py:188} INFO - [2026-02-14T16:06:57.857+0000] {dagbag.py:545} INFO - Filling up the DagBag from /home/airflow/.local/lib/python3.12/site-packages/airflow/example_dags/example_params_trigger_ui.py
[2026-02-14T16:06:57.865+0000] {processor.py:840} INFO - DAG(s) 'example_params_trigger_ui' retrieved from /home/airflow/.local/lib/python3.12/site-packages/airflow/example_dags/example_params_trigger_ui.py
[2026-02-14T16:06:57.900+0000] {logging_mixin.py:188} INFO - [2026-02-14T16:06:57.900+0000] {dag.py:3089} INFO - Sync 1 DAGs
[2026-02-14T16:06:57.908+0000] {logging_mixin.py:188} INFO - [2026-02-14T16:06:57.908+0000] {dag.py:3947} INFO - Setting next_dagrun for example_params_trigger_ui to None, run_after=None
[2026-02-14T16:06:57.922+0000] {processor.py:183} INFO - Processing /home/airflow/.local/lib/python3.12/site-packages/airflow/example_dags/example_params_trigger_ui.py took 0.071 seconds
[2026-02-14T16:07:28.430+0000] {processor.py:161} INFO - Started process (PID=2476) to work on /home/airflow/.local/lib/python3.12/site-packages/airflow/example_dags/example_params_trigger_ui.py
[2026-02-14T16:07:28.433+0000] {processor.py:830} INFO - Processing file /home/airflow/.local/lib/python3.12/site-packages/airflow/example_dags/example_params_trigger_ui.py for tasks to queue
[2026-02-14T16:07:28.435+0000] {logging_mixin.py:188} INFO - [2026-02-14T16:07:28.435+0000] {dagbag.py:545} INFO - Filling up the DagBag from /home/airflow/.local/lib/python3.12/site-packages/airflow/example_dags/example_params_trigger_ui.py
[2026-02-14T16:07:28.439+0000] {processor.py:840} INFO - DAG(s) 'example_params_trigger_ui' retrieved from /home/airflow/.local/lib/python3.12/site-packages/airflow/example_dags/example_params_trigger_ui.py
[2026-02-14T16:07:28.457+0000] {logging_mixin.py:188} INFO - [2026-02-14T16:07:28.457+0000] {dag.py:3089} INFO - Sync 1 DAGs
[2026-02-14T16:07:28.461+0000] {logging_mixin.py:188} INFO - [2026-02-14T16:07:28.461+0000] {dag.py:3947} INFO - Setting next_dagrun for example_params_trigger_ui to None, run_after=None
[2026-02-14T16:07:28.466+0000] {processor.py:183} INFO - Processing /home/airflow/.local/lib/python3.12/site-packages/airflow/example_dags/example_params_trigger_ui.py took 0.038 seconds
[2026-02-14T16:07:59.195+0000] {processor.py:161} INFO - Started process (PID=2535) to work on /home/airflow/.local/lib/python3.12/site-packages/airflow/example_dags/example_params_trigger_ui.py
[2026-02-14T16:07:59.197+0000] {processor.py:830} INFO - Processing file /home/airflow/.local/lib/python3.12/site-packages/airflow/example_dags/example_params_trigger_ui.py for tasks to queue
[2026-02-14T16:07:59.198+0000] {logging_mixin.py:188} INFO - [2026-02-14T16:07:59.198+0000] {dagbag.py:545} INFO - Filling up the DagBag from /home/airflow/.local/lib/python3.12/site-packages/airflow/example_dags/example_params_trigger_ui.py
[2026-02-14T16:07:59.203+0000] {processor.py:840} INFO - DAG(s) 'example_params_trigger_ui' retrieved from /home/airflow/.local/lib/python3.12/site-packages/airflow/example_dags/example_params_trigger_ui.py
[2026-02-14T16:07:59.220+0000] {logging_mixin.py:188} INFO - [2026-02-14T16:07:59.220+0000] {dag.py:3089} INFO - Sync 1 DAGs
[2026-02-14T16:07:59.224+0000] {logging_mixin.py:188} INFO - [2026-02-14T16:07:59.224+0000] {dag.py:3947} INFO - Setting next_dagrun for example_params_trigger_ui to None, run_after=None
[2026-02-14T16:07:59.230+0000] {processor.py:183} INFO - Processing /home/airflow/.local/lib/python3.12/site-packages/airflow/example_dags/example_params_trigger_ui.py took 0.037 seconds
[2026-02-14T16:08:29.709+0000] {processor.py:161} INFO - Started process (PID=2594) to work on /home/airflow/.local/lib/python3.12/site-packages/airflow/example_dags/example_params_trigger_ui.py
[2026-02-14T16:08:29.710+0000] {processor.py:830} INFO - Processing file /home/airflow/.local/lib/python3.12/site-packages/airflow/example_dags/example_params_trigger_ui.py for tasks to queue
[2026-02-14T16:08:29.711+0000] {logging_mixin.py:188} INFO - [2026-02-14T16:08:29.711+0000] {dagbag.py:545} INFO - Filling up the DagBag from /home/airflow/.local/lib/python3.12/site-packages/airflow/example_dags/example_params_trigger_ui.py
[2026-02-14T16:08:29.715+0000] {processor.py:840} INFO - DAG(s) 'example_params_trigger_ui' retrieved from /home/airflow/.local/lib/python3.12/site-packages/airflow/example_dags/example_params_trigger_ui.py
[2026-02-14T16:08:29.730+0000] {logging_mixin.py:188} INFO - [2026-02-14T16:08:29.730+0000] {dag.py:3089} INFO - Sync 1 DAGs
[2026-02-14T16:08:29.734+0000] {logging_mixin.py:188} INFO - [2026-02-14T16:08:29.734+0000] {dag.py:3947} INFO - Setting next_dagrun for example_params_trigger_ui to None, run_after=None
[2026-02-14T16:08:29.740+0000] {processor.py:183} INFO - Processing /home/airflow/.local/lib/python3.12/site-packages/airflow/example_dags/example_params_trigger_ui.py took 0.034 seconds
[2026-02-14T16:09:00.139+0000] {processor.py:161} INFO - Started process (PID=2653) to work on /home/airflow/.local/lib/python3.12/site-packages/airflow/example_dags/example_params_trigger_ui.py
[2026-02-14T16:09:00.140+0000] {processor.py:830} INFO - Processing file /home/airflow/.local/lib/python3.12/site-packages/airflow/example_dags/example_params_trigger_ui.py for tasks to queue
[2026-02-14T16:09:00.141+0000] {logging_mixin.py:188} INFO - [2026-02-14T16:09:00.140+0000] {dagbag.py:545} INFO - Filling up the DagBag from /home/airflow/.local/lib/python3.12/site-packages/airflow/example_dags/example_params_trigger_ui.py
[2026-02-14T16:09:00.145+0000] {processor.py:840} INFO - DAG(s) 'example_params_trigger_ui' retrieved from /home/airflow/.local/lib/python3.12/site-packages/airflow/example_dags/example_params_trigger_ui.py
[2026-02-14T16:09:00.162+0000] {logging_mixin.py:188} INFO - [2026-02-14T16:09:00.162+0000] {dag.py:3089} INFO - Sync 1 DAGs
[2026-02-14T16:09:00.166+0000] {logging_mixin.py:188} INFO - [2026-02-14T16:09:00.166+0000] {dag.py:3947} INFO - Setting next_dagrun for example_params_trigger_ui to None, run_after=None
[2026-02-14T16:09:00.172+0000] {processor.py:183} INFO - Processing /home/airflow/.local/lib/python3.12/site-packages/airflow/example_dags/example_params_trigger_ui.py took 0.035 seconds
[2026-02-14T16:09:30.609+0000] {processor.py:161} INFO - Started process (PID=2712) to work on /home/airflow/.local/lib/python3.12/site-packages/airflow/example_dags/example_params_trigger_ui.py
[2026-02-14T16:09:30.609+0000] {processor.py:830} INFO - Processing file /home/airflow/.local/lib/python3.12/site-packages/airflow/example_dags/example_params_trigger_ui.py for tasks to queue
[2026-02-14T16:09:30.611+0000] {logging_mixin.py:188} INFO - [2026-02-14T16:09:30.611+0000] {dagbag.py:545} INFO - Filling up the DagBag from /home/airflow/.local/lib/python3.12/site-packages/airflow/example_dags/example_params_trigger_ui.py
[2026-02-14T16:09:30.616+0000] {processor.py:840} INFO - DAG(s) 'example_params_trigger_ui' retrieved from /home/airflow/.local/lib/python3.12/site-packages/airflow/example_dags/example_params_trigger_ui.py
[2026-02-14T16:09:30.630+0000] {logging_mixin.py:188} INFO - [2026-02-14T16:09:30.630+0000] {dag.py:3089} INFO - Sync 1 DAGs
[2026-02-14T16:09:30.635+0000] {logging_mixin.py:188} INFO - [2026-02-14T16:09:30.634+0000] {dag.py:3947} INFO - Setting next_dagrun for example_params_trigger_ui to None, run_after=None
[2026-02-14T16:09:30.640+0000] {processor.py:183} INFO - Processing /home/airflow/.local/lib/python3.12/site-packages/airflow/example_dags/example_params_trigger_ui.py took 0.034 seconds
[2026-02-14T16:10:00.904+0000] {processor.py:161} INFO - Started process (PID=2771) to work on /home/airflow/.local/lib/python3.12/site-packages/airflow/example_dags/example_params_trigger_ui.py
[2026-02-14T16:10:00.904+0000] {processor.py:830} INFO - Processing file /home/airflow/.local/lib/python3.12/site-packages/airflow/example_dags/example_params_trigger_ui.py for tasks to queue
[2026-02-14T16:10:00.905+0000] {logging_mixin.py:188} INFO - [2026-02-14T16:10:00.905+0000] {dagbag.py:545} INFO - Filling up the DagBag from /home/airflow/.local/lib/python3.12/site-packages/airflow/example_dags/example_params_trigger_ui.py
[2026-02-14T16:10:00.908+0000] {processor.py:840} INFO - DAG(s) 'example_params_trigger_ui' retrieved from /home/airflow/.local/lib/python3.12/site-packages/airflow/example_dags/example_params_trigger_ui.py
[2026-02-14T16:10:00.923+0000] {logging_mixin.py:188} INFO - [2026-02-14T16:10:00.922+0000] {dag.py:3089} INFO - Sync 1 DAGs
[2026-02-14T16:10:00.926+0000] {logging_mixin.py:188} INFO - [2026-02-14T16:10:00.926+0000] {dag.py:3947} INFO - Setting next_dagrun for example_params_trigger_ui to None, run_after=None
[2026-02-14T16:10:00.932+0000] {processor.py:183} INFO - Processing /home/airflow/.local/lib/python3.12/site-packages/airflow/example_dags/example_params_trigger_ui.py took 0.030 seconds
[2026-02-14T16:10:31.340+0000] {processor.py:161} INFO - Started process (PID=2829) to work on /home/airflow/.local/lib/python3.12/site-packages/airflow/example_dags/example_params_trigger_ui.py
[2026-02-14T16:10:31.341+0000] {processor.py:830} INFO - Processing file /home/airflow/.local/lib/python3.12/site-packages/airflow/example_dags/example_params_trigger_ui.py for tasks to queue
[2026-02-14T16:10:31.342+0000] {logging_mixin.py:188} INFO - [2026-02-14T16:10:31.342+0000] {dagbag.py:545} INFO - Filling up the DagBag from /home/airflow/.local/lib/python3.12/site-packages/airflow/example_dags/example_params_trigger_ui.py
[2026-02-14T16:10:31.347+0000] {processor.py:840} INFO - DAG(s) 'example_params_trigger_ui' retrieved from /home/airflow/.local/lib/python3.12/site-packages/airflow/example_dags/example_params_trigger_ui.py
[2026-02-14T16:10:31.364+0000] {logging_mixin.py:188} INFO - [2026-02-14T16:10:31.364+0000] {dag.py:3089} INFO - Sync 1 DAGs
[2026-02-14T16:10:31.369+0000] {logging_mixin.py:188} INFO - [2026-02-14T16:10:31.369+0000] {dag.py:3947} INFO - Setting next_dagrun for example_params_trigger_ui to None, run_after=None
[2026-02-14T16:10:31.376+0000] {processor.py:183} INFO - Processing /home/airflow/.local/lib/python3.12/site-packages/airflow/example_dags/example_params_trigger_ui.py took 0.039 seconds
[2026-02-14T16:11:02.080+0000] {processor.py:161} INFO - Started process (PID=2888) to work on /home/airflow/.local/lib/python3.12/site-packages/airflow/example_dags/example_params_trigger_ui.py
[2026-02-14T16:11:02.081+0000] {processor.py:830} INFO - Processing file /home/airflow/.local/lib/python3.12/site-packages/airflow/example_dags/example_params_trigger_ui.py for tasks to queue
[2026-02-14T16:11:02.083+0000] {logging_mixin.py:188} INFO - [2026-02-14T16:11:02.082+0000] {dagbag.py:545} INFO - Filling up the DagBag from /home/airflow/.local/lib/python3.12/site-packages/airflow/example_dags/example_params_trigger_ui.py
[2026-02-14T16:11:02.090+0000] {processor.py:840} INFO - DAG(s) 'example_params_trigger_ui' retrieved from /home/airflow/.local/lib/python3.12/site-packages/airflow/example_dags/example_params_trigger_ui.py
[2026-02-14T16:11:02.113+0000] {logging_mixin.py:188} INFO - [2026-02-14T16:11:02.113+0000] {dag.py:3089} INFO - Sync 1 DAGs
[2026-02-14T16:11:02.118+0000] {logging_mixin.py:188} INFO - [2026-02-14T16:11:02.118+0000] {dag.py:3947} INFO - Setting next_dagrun for example_params_trigger_ui to None, run_after=None
[2026-02-14T16:11:02.125+0000] {processor.py:183} INFO - Processing /home/airflow/.local/lib/python3.12/site-packages/airflow/example_dags/example_params_trigger_ui.py took 0.048 seconds
[2026-02-14T16:11:32.311+0000] {processor.py:161} INFO - Started process (PID=2947) to work on /home/airflow/.local/lib/python3.12/site-packages/airflow/example_dags/example_params_trigger_ui.py
[2026-02-14T16:11:32.312+0000] {processor.py:830} INFO - Processing file /home/airflow/.local/lib/python3.12/site-packages/airflow/example_dags/example_params_trigger_ui.py for tasks to queue
[2026-02-14T16:11:32.313+0000] {logging_mixin.py:188} INFO - [2026-02-14T16:11:32.313+0000] {dagbag.py:545} INFO - Filling up the DagBag from /home/airflow/.local/lib/python3.12/site-packages/airflow/example_dags/example_params_trigger_ui.py
[2026-02-14T16:11:32.318+0000] {processor.py:840} INFO - DAG(s) 'example_params_trigger_ui' retrieved from /home/airflow/.local/lib/python3.12/site-packages/airflow/example_dags/example_params_trigger_ui.py
[2026-02-14T16:11:32.334+0000] {logging_mixin.py:188} INFO - [2026-02-14T16:11:32.333+0000] {dag.py:3089} INFO - Sync 1 DAGs
[2026-02-14T16:11:32.339+0000] {logging_mixin.py:188} INFO - [2026-02-14T16:11:32.339+0000] {dag.py:3947} INFO - Setting next_dagrun for example_params_trigger_ui to None, run_after=None
[2026-02-14T16:11:32.348+0000] {processor.py:183} INFO - Processing /home/airflow/.local/lib/python3.12/site-packages/airflow/example_dags/example_params_trigger_ui.py took 0.040 seconds
[2026-02-14T16:12:02.642+0000] {processor.py:161} INFO - Started process (PID=3006) to work on /home/airflow/.local/lib/python3.12/site-packages/airflow/example_dags/example_params_trigger_ui.py
[2026-02-14T16:12:02.643+0000] {processor.py:830} INFO - Processing file /home/airflow/.local/lib/python3.12/site-packages/airflow/example_dags/example_params_trigger_ui.py for tasks to queue
[2026-02-14T16:12:02.644+0000] {logging_mixin.py:188} INFO - [2026-02-14T16:12:02.644+0000] {dagbag.py:545} INFO - Filling up the DagBag from /home/airflow/.local/lib/python3.12/site-packages/airflow/example_dags/example_params_trigger_ui.py
[2026-02-14T16:12:02.648+0000] {processor.py:840} INFO - DAG(s) 'example_params_trigger_ui' retrieved from /home/airflow/.local/lib/python3.12/site-packages/airflow/example_dags/example_params_trigger_ui.py
[2026-02-14T16:12:02.662+0000] {logging_mixin.py:188} INFO - [2026-02-14T16:12:02.662+0000] {dag.py:3089} INFO - Sync 1 DAGs
[2026-02-14T16:12:02.667+0000] {logging_mixin.py:188} INFO - [2026-02-14T16:12:02.667+0000] {dag.py:3947} INFO - Setting next_dagrun for example_params_trigger_ui to None, run_after=None
[2026-02-14T16:12:02.672+0000] {processor.py:183} INFO - Processing /home/airflow/.local/lib/python3.12/site-packages/airflow/example_dags/example_params_trigger_ui.py took 0.033 seconds
[2026-02-14T16:12:33.116+0000] {processor.py:161} INFO - Started process (PID=3065) to work on /home/airflow/.local/lib/python3.12/site-packages/airflow/example_dags/example_params_trigger_ui.py
[2026-02-14T16:12:33.116+0000] {processor.py:830} INFO - Processing file /home/airflow/.local/lib/python3.12/site-packages/airflow/example_dags/example_params_trigger_ui.py for tasks to queue
[2026-02-14T16:12:33.117+0000] {logging_mixin.py:188} INFO - [2026-02-14T16:12:33.117+0000] {dagbag.py:545} INFO - Filling up the DagBag from /home/airflow/.local/lib/python3.12/site-packages/airflow/example_dags/example_params_trigger_ui.py
[2026-02-14T16:12:33.121+0000] {processor.py:840} INFO - DAG(s) 'example_params_trigger_ui' retrieved from /home/airflow/.local/lib/python3.12/site-packages/airflow/example_dags/example_params_trigger_ui.py
[2026-02-14T16:12:33.138+0000] {logging_mixin.py:188} INFO - [2026-02-14T16:12:33.138+0000] {dag.py:3089} INFO - Sync 1 DAGs
[2026-02-14T16:12:33.143+0000] {logging_mixin.py:188} INFO - [2026-02-14T16:12:33.143+0000] {dag.py:3947} INFO - Setting next_dagrun for example_params_trigger_ui to None, run_after=None
[2026-02-14T16:12:33.150+0000] {processor.py:183} INFO - Processing /home/airflow/.local/lib/python3.12/site-packages/airflow/example_dags/example_params_trigger_ui.py took 0.036 seconds
[2026-02-14T16:13:03.559+0000] {processor.py:161} INFO - Started process (PID=3124) to work on /home/airflow/.local/lib/python3.12/site-packages/airflow/example_dags/example_params_trigger_ui.py
[2026-02-14T16:13:03.559+0000] {processor.py:830} INFO - Processing file /home/airflow/.local/lib/python3.12/site-packages/airflow/example_dags/example_params_trigger_ui.py for tasks to queue
[2026-02-14T16:13:03.560+0000] {logging_mixin.py:188} INFO - [2026-02-14T16:13:03.560+0000] {dagbag.py:545} INFO - Filling up the DagBag from /home/airflow/.local/lib/python3.12/site-packages/airflow/example_dags/example_params_trigger_ui.py
[2026-02-14T16:13:03.564+0000] {processor.py:840} INFO - DAG(s) 'example_params_trigger_ui' retrieved from /home/airflow/.local/lib/python3.12/site-packages/airflow/example_dags/example_params_trigger_ui.py
[2026-02-14T16:13:03.578+0000] {logging_mixin.py:188} INFO - [2026-02-14T16:13:03.578+0000] {dag.py:3089} INFO - Sync 1 DAGs
[2026-02-14T16:13:03.583+0000] {logging_mixin.py:188} INFO - [2026-02-14T16:13:03.582+0000] {dag.py:3947} INFO - Setting next_dagrun for example_params_trigger_ui to None, run_after=None
[2026-02-14T16:13:03.588+0000] {processor.py:183} INFO - Processing /home/airflow/.local/lib/python3.12/site-packages/airflow/example_dags/example_params_trigger_ui.py took 0.032 seconds
[2026-02-14T16:13:33.835+0000] {processor.py:161} INFO - Started process (PID=3183) to work on /home/airflow/.local/lib/python3.12/site-packages/airflow/example_dags/example_params_trigger_ui.py
[2026-02-14T16:13:33.835+0000] {processor.py:830} INFO - Processing file /home/airflow/.local/lib/python3.12/site-packages/airflow/example_dags/example_params_trigger_ui.py for tasks to queue
[2026-02-14T16:13:33.836+0000] {logging_mixin.py:188} INFO - [2026-02-14T16:13:33.836+0000] {dagbag.py:545} INFO - Filling up the DagBag from /home/airflow/.local/lib/python3.12/site-packages/airflow/example_dags/example_params_trigger_ui.py
[2026-02-14T16:13:33.841+0000] {processor.py:840} INFO - DAG(s) 'example_params_trigger_ui' retrieved from /home/airflow/.local/lib/python3.12/site-packages/airflow/example_dags/example_params_trigger_ui.py
[2026-02-14T16:13:33.854+0000] {logging_mixin.py:188} INFO - [2026-02-14T16:13:33.854+0000] {dag.py:3089} INFO - Sync 1 DAGs
[2026-02-14T16:13:33.858+0000] {logging_mixin.py:188} INFO - [2026-02-14T16:13:33.858+0000] {dag.py:3947} INFO - Setting next_dagrun for example_params_trigger_ui to None, run_after=None
[2026-02-14T16:13:33.864+0000] {processor.py:183} INFO - Processing /home/airflow/.local/lib/python3.12/site-packages/airflow/example_dags/example_params_trigger_ui.py took 0.031 seconds
[2026-02-14T16:14:04.287+0000] {processor.py:161} INFO - Started process (PID=3242) to work on /home/airflow/.local/lib/python3.12/site-packages/airflow/example_dags/example_params_trigger_ui.py
[2026-02-14T16:14:04.287+0000] {processor.py:830} INFO - Processing file /home/airflow/.local/lib/python3.12/site-packages/airflow/example_dags/example_params_trigger_ui.py for tasks to queue
[2026-02-14T16:14:04.288+0000] {logging_mixin.py:188} INFO - [2026-02-14T16:14:04.288+0000] {dagbag.py:545} INFO - Filling up the DagBag from /home/airflow/.local/lib/python3.12/site-packages/airflow/example_dags/example_params_trigger_ui.py
[2026-02-14T16:14:04.294+0000] {processor.py:840} INFO - DAG(s) 'example_params_trigger_ui' retrieved from /home/airflow/.local/lib/python3.12/site-packages/airflow/example_dags/example_params_trigger_ui.py
[2026-02-14T16:14:04.317+0000] {logging_mixin.py:188} INFO - [2026-02-14T16:14:04.317+0000] {dag.py:3089} INFO - Sync 1 DAGs
[2026-02-14T16:14:04.325+0000] {logging_mixin.py:188} INFO - [2026-02-14T16:14:04.325+0000] {dag.py:3947} INFO - Setting next_dagrun for example_params_trigger_ui to None, run_after=None
[2026-02-14T16:14:04.334+0000] {processor.py:183} INFO - Processing /home/airflow/.local/lib/python3.12/site-packages/airflow/example_dags/example_params_trigger_ui.py took 0.051 seconds
[2026-02-14T16:14:35.265+0000] {processor.py:161} INFO - Started process (PID=3301) to work on /home/airflow/.local/lib/python3.12/site-packages/airflow/example_dags/example_params_trigger_ui.py
[2026-02-14T16:14:35.266+0000] {processor.py:830} INFO - Processing file /home/airflow/.local/lib/python3.12/site-packages/airflow/example_dags/example_params_trigger_ui.py for tasks to queue
[2026-02-14T16:14:35.268+0000] {logging_mixin.py:188} INFO - [2026-02-14T16:14:35.268+0000] {dagbag.py:545} INFO - Filling up the DagBag from /home/airflow/.local/lib/python3.12/site-packages/airflow/example_dags/example_params_trigger_ui.py
[2026-02-14T16:14:35.276+0000] {processor.py:840} INFO - DAG(s) 'example_params_trigger_ui' retrieved from /home/airflow/.local/lib/python3.12/site-packages/airflow/example_dags/example_params_trigger_ui.py
[2026-02-14T16:14:35.316+0000] {logging_mixin.py:188} INFO - [2026-02-14T16:14:35.315+0000] {dag.py:3089} INFO - Sync 1 DAGs
[2026-02-14T16:14:35.334+0000] {logging_mixin.py:188} INFO - [2026-02-14T16:14:35.334+0000] {dag.py:3947} INFO - Setting next_dagrun for example_params_trigger_ui to None, run_after=None
[2026-02-14T16:14:35.357+0000] {processor.py:183} INFO - Processing /home/airflow/.local/lib/python3.12/site-packages/airflow/example_dags/example_params_trigger_ui.py took 0.098 seconds
[2026-02-14T16:15:05.687+0000] {processor.py:161} INFO - Started process (PID=3359) to work on /home/airflow/.local/lib/python3.12/site-packages/airflow/example_dags/example_params_trigger_ui.py
[2026-02-14T16:15:05.688+0000] {processor.py:830} INFO - Processing file /home/airflow/.local/lib/python3.12/site-packages/airflow/example_dags/example_params_trigger_ui.py for tasks to queue
[2026-02-14T16:15:05.688+0000] {logging_mixin.py:188} INFO - [2026-02-14T16:15:05.688+0000] {dagbag.py:545} INFO - Filling up the DagBag from /home/airflow/.local/lib/python3.12/site-packages/airflow/example_dags/example_params_trigger_ui.py
[2026-02-14T16:15:05.694+0000] {processor.py:840} INFO - DAG(s) 'example_params_trigger_ui' retrieved from /home/airflow/.local/lib/python3.12/site-packages/airflow/example_dags/example_params_trigger_ui.py
[2026-02-14T16:15:05.710+0000] {logging_mixin.py:188} INFO - [2026-02-14T16:15:05.710+0000] {dag.py:3089} INFO - Sync 1 DAGs
[2026-02-14T16:15:05.715+0000] {logging_mixin.py:188} INFO - [2026-02-14T16:15:05.714+0000] {dag.py:3947} INFO - Setting next_dagrun for example_params_trigger_ui to None, run_after=None
[2026-02-14T16:15:05.721+0000] {processor.py:183} INFO - Processing /home/airflow/.local/lib/python3.12/site-packages/airflow/example_dags/example_params_trigger_ui.py took 0.036 seconds
[2026-02-14T16:15:36.340+0000] {processor.py:161} INFO - Started process (PID=3419) to work on /home/airflow/.local/lib/python3.12/site-packages/airflow/example_dags/example_params_trigger_ui.py
[2026-02-14T16:15:36.341+0000] {processor.py:830} INFO - Processing file /home/airflow/.local/lib/python3.12/site-packages/airflow/example_dags/example_params_trigger_ui.py for tasks to queue
[2026-02-14T16:15:36.343+0000] {logging_mixin.py:188} INFO - [2026-02-14T16:15:36.343+0000] {dagbag.py:545} INFO - Filling up the DagBag from /home/airflow/.local/lib/python3.12/site-packages/airflow/example_dags/example_params_trigger_ui.py
[2026-02-14T16:15:36.347+0000] {processor.py:840} INFO - DAG(s) 'example_params_trigger_ui' retrieved from /home/airflow/.local/lib/python3.12/site-packages/airflow/example_dags/example_params_trigger_ui.py
[2026-02-14T16:15:36.362+0000] {logging_mixin.py:188} INFO - [2026-02-14T16:15:36.361+0000] {dag.py:3089} INFO - Sync 1 DAGs
[2026-02-14T16:15:36.366+0000] {logging_mixin.py:188} INFO - [2026-02-14T16:15:36.366+0000] {dag.py:3947} INFO - Setting next_dagrun for example_params_trigger_ui to None, run_after=None
[2026-02-14T16:15:36.375+0000] {processor.py:183} INFO - Processing /home/airflow/.local/lib/python3.12/site-packages/airflow/example_dags/example_params_trigger_ui.py took 0.038 seconds
[2026-02-14T16:16:06.513+0000] {processor.py:161} INFO - Started process (PID=3478) to work on /home/airflow/.local/lib/python3.12/site-packages/airflow/example_dags/example_params_trigger_ui.py
[2026-02-14T16:16:06.514+0000] {processor.py:830} INFO - Processing file /home/airflow/.local/lib/python3.12/site-packages/airflow/example_dags/example_params_trigger_ui.py for tasks to queue
[2026-02-14T16:16:06.515+0000] {logging_mixin.py:188} INFO - [2026-02-14T16:16:06.515+0000] {dagbag.py:545} INFO - Filling up the DagBag from /home/airflow/.local/lib/python3.12/site-packages/airflow/example_dags/example_params_trigger_ui.py
[2026-02-14T16:16:06.520+0000] {processor.py:840} INFO - DAG(s) 'example_params_trigger_ui' retrieved from /home/airflow/.local/lib/python3.12/site-packages/airflow/example_dags/example_params_trigger_ui.py
[2026-02-14T16:16:06.537+0000] {logging_mixin.py:188} INFO - [2026-02-14T16:16:06.536+0000] {dag.py:3089} INFO - Sync 1 DAGs
[2026-02-14T16:16:06.541+0000] {logging_mixin.py:188} INFO - [2026-02-14T16:16:06.541+0000] {dag.py:3947} INFO - Setting next_dagrun for example_params_trigger_ui to None, run_after=None
[2026-02-14T16:16:06.548+0000] {processor.py:183} INFO - Processing /home/airflow/.local/lib/python3.12/site-packages/airflow/example_dags/example_params_trigger_ui.py took 0.037 seconds
[2026-02-14T16:16:37.047+0000] {processor.py:161} INFO - Started process (PID=3537) to work on /home/airflow/.local/lib/python3.12/site-packages/airflow/example_dags/example_params_trigger_ui.py
[2026-02-14T16:16:37.047+0000] {processor.py:830} INFO - Processing file /home/airflow/.local/lib/python3.12/site-packages/airflow/example_dags/example_params_trigger_ui.py for tasks to queue
[2026-02-14T16:16:37.048+0000] {logging_mixin.py:188} INFO - [2026-02-14T16:16:37.048+0000] {dagbag.py:545} INFO - Filling up the DagBag from /home/airflow/.local/lib/python3.12/site-packages/airflow/example_dags/example_params_trigger_ui.py
[2026-02-14T16:16:37.052+0000] {processor.py:840} INFO - DAG(s) 'example_params_trigger_ui' retrieved from /home/airflow/.local/lib/python3.12/site-packages/airflow/example_dags/example_params_trigger_ui.py
[2026-02-14T16:16:37.074+0000] {logging_mixin.py:188} INFO - [2026-02-14T16:16:37.074+0000] {dag.py:3089} INFO - Sync 1 DAGs
[2026-02-14T16:16:37.080+0000] {logging_mixin.py:188} INFO - [2026-02-14T16:16:37.080+0000] {dag.py:3947} INFO - Setting next_dagrun for example_params_trigger_ui to None, run_after=None
[2026-02-14T16:16:37.088+0000] {processor.py:183} INFO - Processing /home/airflow/.local/lib/python3.12/site-packages/airflow/example_dags/example_params_trigger_ui.py took 0.044 seconds
[2026-02-14T16:17:07.590+0000] {processor.py:161} INFO - Started process (PID=3596) to work on /home/airflow/.local/lib/python3.12/site-packages/airflow/example_dags/example_params_trigger_ui.py
[2026-02-14T16:17:07.590+0000] {processor.py:830} INFO - Processing file /home/airflow/.local/lib/python3.12/site-packages/airflow/example_dags/example_params_trigger_ui.py for tasks to queue
[2026-02-14T16:17:07.593+0000] {logging_mixin.py:188} INFO - [2026-02-14T16:17:07.593+0000] {dagbag.py:545} INFO - Filling up the DagBag from /home/airflow/.local/lib/python3.12/site-packages/airflow/example_dags/example_params_trigger_ui.py
[2026-02-14T16:17:07.598+0000] {processor.py:840} INFO - DAG(s) 'example_params_trigger_ui' retrieved from /home/airflow/.local/lib/python3.12/site-packages/airflow/example_dags/example_params_trigger_ui.py
[2026-02-14T16:17:07.619+0000] {logging_mixin.py:188} INFO - [2026-02-14T16:17:07.619+0000] {dag.py:3089} INFO - Sync 1 DAGs
[2026-02-14T16:17:07.624+0000] {logging_mixin.py:188} INFO - [2026-02-14T16:17:07.624+0000] {dag.py:3947} INFO - Setting next_dagrun for example_params_trigger_ui to None, run_after=None
[2026-02-14T16:17:07.630+0000] {processor.py:183} INFO - Processing /home/airflow/.local/lib/python3.12/site-packages/airflow/example_dags/example_params_trigger_ui.py took 0.043 seconds
[2026-02-14T16:17:38.237+0000] {processor.py:161} INFO - Started process (PID=3655) to work on /home/airflow/.local/lib/python3.12/site-packages/airflow/example_dags/example_params_trigger_ui.py
[2026-02-14T16:17:38.238+0000] {processor.py:830} INFO - Processing file /home/airflow/.local/lib/python3.12/site-packages/airflow/example_dags/example_params_trigger_ui.py for tasks to queue
[2026-02-14T16:17:38.240+0000] {logging_mixin.py:188} INFO - [2026-02-14T16:17:38.240+0000] {dagbag.py:545} INFO - Filling up the DagBag from /home/airflow/.local/lib/python3.12/site-packages/airflow/example_dags/example_params_trigger_ui.py
[2026-02-14T16:17:38.245+0000] {processor.py:840} INFO - DAG(s) 'example_params_trigger_ui' retrieved from /home/airflow/.local/lib/python3.12/site-packages/airflow/example_dags/example_params_trigger_ui.py
[2026-02-14T16:17:38.262+0000] {logging_mixin.py:188} INFO - [2026-02-14T16:17:38.261+0000] {dag.py:3089} INFO - Sync 1 DAGs
[2026-02-14T16:17:38.266+0000] {logging_mixin.py:188} INFO - [2026-02-14T16:17:38.266+0000] {dag.py:3947} INFO - Setting next_dagrun for example_params_trigger_ui to None, run_after=None
[2026-02-14T16:17:38.275+0000] {processor.py:183} INFO - Processing /home/airflow/.local/lib/python3.12/site-packages/airflow/example_dags/example_params_trigger_ui.py took 0.041 seconds
[2026-02-14T16:18:08.855+0000] {processor.py:161} INFO - Started process (PID=3714) to work on /home/airflow/.local/lib/python3.12/site-packages/airflow/example_dags/example_params_trigger_ui.py
[2026-02-14T16:18:08.856+0000] {processor.py:830} INFO - Processing file /home/airflow/.local/lib/python3.12/site-packages/airflow/example_dags/example_params_trigger_ui.py for tasks to queue
[2026-02-14T16:18:08.857+0000] {logging_mixin.py:188} INFO - [2026-02-14T16:18:08.857+0000] {dagbag.py:545} INFO - Filling up the DagBag from /home/airflow/.local/lib/python3.12/site-packages/airflow/example_dags/example_params_trigger_ui.py
[2026-02-14T16:18:08.861+0000] {processor.py:840} INFO - DAG(s) 'example_params_trigger_ui' retrieved from /home/airflow/.local/lib/python3.12/site-packages/airflow/example_dags/example_params_trigger_ui.py
[2026-02-14T16:18:08.876+0000] {logging_mixin.py:188} INFO - [2026-02-14T16:18:08.876+0000] {dag.py:3089} INFO - Sync 1 DAGs
[2026-02-14T16:18:08.880+0000] {logging_mixin.py:188} INFO - [2026-02-14T16:18:08.880+0000] {dag.py:3947} INFO - Setting next_dagrun for example_params_trigger_ui to None, run_after=None
[2026-02-14T16:18:08.887+0000] {processor.py:183} INFO - Processing /home/airflow/.local/lib/python3.12/site-packages/airflow/example_dags/example_params_trigger_ui.py took 0.035 seconds
[2026-02-14T16:18:39.540+0000] {processor.py:161} INFO - Started process (PID=3773) to work on /home/airflow/.local/lib/python3.12/site-packages/airflow/example_dags/example_params_trigger_ui.py
[2026-02-14T16:18:39.542+0000] {processor.py:830} INFO - Processing file /home/airflow/.local/lib/python3.12/site-packages/airflow/example_dags/example_params_trigger_ui.py for tasks to queue
[2026-02-14T16:18:39.544+0000] {logging_mixin.py:188} INFO - [2026-02-14T16:18:39.544+0000] {dagbag.py:545} INFO - Filling up the DagBag from /home/airflow/.local/lib/python3.12/site-packages/airflow/example_dags/example_params_trigger_ui.py
[2026-02-14T16:18:39.549+0000] {processor.py:840} INFO - DAG(s) 'example_params_trigger_ui' retrieved from /home/airflow/.local/lib/python3.12/site-packages/airflow/example_dags/example_params_trigger_ui.py
[2026-02-14T16:18:39.571+0000] {logging_mixin.py:188} INFO - [2026-02-14T16:18:39.571+0000] {dag.py:3089} INFO - Sync 1 DAGs
[2026-02-14T16:18:39.579+0000] {logging_mixin.py:188} INFO - [2026-02-14T16:18:39.579+0000] {dag.py:3947} INFO - Setting next_dagrun for example_params_trigger_ui to None, run_after=None
[2026-02-14T16:18:39.590+0000] {processor.py:183} INFO - Processing /home/airflow/.local/lib/python3.12/site-packages/airflow/example_dags/example_params_trigger_ui.py took 0.057 seconds
[2026-02-14T16:19:09.691+0000] {processor.py:161} INFO - Started process (PID=3832) to work on /home/airflow/.local/lib/python3.12/site-packages/airflow/example_dags/example_params_trigger_ui.py
[2026-02-14T16:19:09.692+0000] {processor.py:830} INFO - Processing file /home/airflow/.local/lib/python3.12/site-packages/airflow/example_dags/example_params_trigger_ui.py for tasks to queue
[2026-02-14T16:19:09.693+0000] {logging_mixin.py:188} INFO - [2026-02-14T16:19:09.693+0000] {dagbag.py:545} INFO - Filling up the DagBag from /home/airflow/.local/lib/python3.12/site-packages/airflow/example_dags/example_params_trigger_ui.py
[2026-02-14T16:19:09.700+0000] {processor.py:840} INFO - DAG(s) 'example_params_trigger_ui' retrieved from /home/airflow/.local/lib/python3.12/site-packages/airflow/example_dags/example_params_trigger_ui.py
[2026-02-14T16:19:09.724+0000] {logging_mixin.py:188} INFO - [2026-02-14T16:19:09.724+0000] {dag.py:3089} INFO - Sync 1 DAGs
[2026-02-14T16:19:09.731+0000] {logging_mixin.py:188} INFO - [2026-02-14T16:19:09.731+0000] {dag.py:3947} INFO - Setting next_dagrun for example_params_trigger_ui to None, run_after=None
[2026-02-14T16:19:09.741+0000] {processor.py:183} INFO - Processing /home/airflow/.local/lib/python3.12/site-packages/airflow/example_dags/example_params_trigger_ui.py took 0.053 seconds
[2026-02-14T16:19:40.483+0000] {processor.py:161} INFO - Started process (PID=3891) to work on /home/airflow/.local/lib/python3.12/site-packages/airflow/example_dags/example_params_trigger_ui.py
[2026-02-14T16:19:40.484+0000] {processor.py:830} INFO - Processing file /home/airflow/.local/lib/python3.12/site-packages/airflow/example_dags/example_params_trigger_ui.py for tasks to queue
[2026-02-14T16:19:40.485+0000] {logging_mixin.py:188} INFO - [2026-02-14T16:19:40.485+0000] {dagbag.py:545} INFO - Filling up the DagBag from /home/airflow/.local/lib/python3.12/site-packages/airflow/example_dags/example_params_trigger_ui.py
[2026-02-14T16:19:40.491+0000] {processor.py:840} INFO - DAG(s) 'example_params_trigger_ui' retrieved from /home/airflow/.local/lib/python3.12/site-packages/airflow/example_dags/example_params_trigger_ui.py
[2026-02-14T16:19:40.514+0000] {logging_mixin.py:188} INFO - [2026-02-14T16:19:40.514+0000] {dag.py:3089} INFO - Sync 1 DAGs
[2026-02-14T16:19:40.520+0000] {logging_mixin.py:188} INFO - [2026-02-14T16:19:40.519+0000] {dag.py:3947} INFO - Setting next_dagrun for example_params_trigger_ui to None, run_after=None
[2026-02-14T16:19:40.533+0000] {processor.py:183} INFO - Processing /home/airflow/.local/lib/python3.12/site-packages/airflow/example_dags/example_params_trigger_ui.py took 0.052 seconds
[2026-02-14T16:20:10.923+0000] {processor.py:161} INFO - Started process (PID=3950) to work on /home/airflow/.local/lib/python3.12/site-packages/airflow/example_dags/example_params_trigger_ui.py
[2026-02-14T16:20:10.924+0000] {processor.py:830} INFO - Processing file /home/airflow/.local/lib/python3.12/site-packages/airflow/example_dags/example_params_trigger_ui.py for tasks to queue
[2026-02-14T16:20:10.925+0000] {logging_mixin.py:188} INFO - [2026-02-14T16:20:10.925+0000] {dagbag.py:545} INFO - Filling up the DagBag from /home/airflow/.local/lib/python3.12/site-packages/airflow/example_dags/example_params_trigger_ui.py
[2026-02-14T16:20:10.929+0000] {processor.py:840} INFO - DAG(s) 'example_params_trigger_ui' retrieved from /home/airflow/.local/lib/python3.12/site-packages/airflow/example_dags/example_params_trigger_ui.py
[2026-02-14T16:20:10.958+0000] {logging_mixin.py:188} INFO - [2026-02-14T16:20:10.958+0000] {dag.py:3089} INFO - Sync 1 DAGs
[2026-02-14T16:20:10.988+0000] {logging_mixin.py:188} INFO - [2026-02-14T16:20:10.985+0000] {dag.py:3947} INFO - Setting next_dagrun for example_params_trigger_ui to None, run_after=None
[2026-02-14T16:20:11.013+0000] {processor.py:183} INFO - Processing /home/airflow/.local/lib/python3.12/site-packages/airflow/example_dags/example_params_trigger_ui.py took 0.095 seconds
[2026-02-14T16:20:41.369+0000] {processor.py:161} INFO - Started process (PID=4009) to work on /home/airflow/.local/lib/python3.12/site-packages/airflow/example_dags/example_params_trigger_ui.py
[2026-02-14T16:20:41.370+0000] {processor.py:830} INFO - Processing file /home/airflow/.local/lib/python3.12/site-packages/airflow/example_dags/example_params_trigger_ui.py for tasks to queue
[2026-02-14T16:20:41.371+0000] {logging_mixin.py:188} INFO - [2026-02-14T16:20:41.371+0000] {dagbag.py:545} INFO - Filling up the DagBag from /home/airflow/.local/lib/python3.12/site-packages/airflow/example_dags/example_params_trigger_ui.py
[2026-02-14T16:20:41.376+0000] {processor.py:840} INFO - DAG(s) 'example_params_trigger_ui' retrieved from /home/airflow/.local/lib/python3.12/site-packages/airflow/example_dags/example_params_trigger_ui.py
[2026-02-14T16:20:41.395+0000] {logging_mixin.py:188} INFO - [2026-02-14T16:20:41.395+0000] {dag.py:3089} INFO - Sync 1 DAGs
[2026-02-14T16:20:41.400+0000] {logging_mixin.py:188} INFO - [2026-02-14T16:20:41.400+0000] {dag.py:3947} INFO - Setting next_dagrun for example_params_trigger_ui to None, run_after=None
[2026-02-14T16:20:41.413+0000] {processor.py:183} INFO - Processing /home/airflow/.local/lib/python3.12/site-packages/airflow/example_dags/example_params_trigger_ui.py took 0.047 seconds
[2026-02-14T16:21:11.961+0000] {processor.py:161} INFO - Started process (PID=4068) to work on /home/airflow/.local/lib/python3.12/site-packages/airflow/example_dags/example_params_trigger_ui.py
[2026-02-14T16:21:11.963+0000] {processor.py:830} INFO - Processing file /home/airflow/.local/lib/python3.12/site-packages/airflow/example_dags/example_params_trigger_ui.py for tasks to queue
[2026-02-14T16:21:11.964+0000] {logging_mixin.py:188} INFO - [2026-02-14T16:21:11.964+0000] {dagbag.py:545} INFO - Filling up the DagBag from /home/airflow/.local/lib/python3.12/site-packages/airflow/example_dags/example_params_trigger_ui.py
[2026-02-14T16:21:11.968+0000] {processor.py:840} INFO - DAG(s) 'example_params_trigger_ui' retrieved from /home/airflow/.local/lib/python3.12/site-packages/airflow/example_dags/example_params_trigger_ui.py
[2026-02-14T16:21:11.986+0000] {logging_mixin.py:188} INFO - [2026-02-14T16:21:11.986+0000] {dag.py:3089} INFO - Sync 1 DAGs
[2026-02-14T16:21:11.991+0000] {logging_mixin.py:188} INFO - [2026-02-14T16:21:11.991+0000] {dag.py:3947} INFO - Setting next_dagrun for example_params_trigger_ui to None, run_after=None
[2026-02-14T16:21:11.998+0000] {processor.py:183} INFO - Processing /home/airflow/.local/lib/python3.12/site-packages/airflow/example_dags/example_params_trigger_ui.py took 0.039 seconds
