[2026-02-14T15:46:36.622+0000] {processor.py:161} INFO - Started process (PID=40) to work on /home/airflow/.local/lib/python3.12/site-packages/airflow/example_dags/example_dag_decorator.py
[2026-02-14T15:46:36.623+0000] {processor.py:830} INFO - Processing file /home/airflow/.local/lib/python3.12/site-packages/airflow/example_dags/example_dag_decorator.py for tasks to queue
[2026-02-14T15:46:36.626+0000] {logging_mixin.py:188} INFO - [2026-02-14T15:46:36.626+0000] {dagbag.py:545} INFO - Filling up the DagBag from /home/airflow/.local/lib/python3.12/site-packages/airflow/example_dags/example_dag_decorator.py
[2026-02-14T15:46:36.875+0000] {processor.py:840} INFO - DAG(s) 'example_dag_decorator' retrieved from /home/airflow/.local/lib/python3.12/site-packages/airflow/example_dags/example_dag_decorator.py
[2026-02-14T15:46:36.890+0000] {logging_mixin.py:188} INFO - [2026-02-14T15:46:36.890+0000] {dag.py:3089} INFO - Sync 1 DAGs
[2026-02-14T15:46:36.897+0000] {logging_mixin.py:188} INFO - [2026-02-14T15:46:36.897+0000] {dag.py:3947} INFO - Setting next_dagrun for example_dag_decorator to None, run_after=None
[2026-02-14T15:46:36.913+0000] {processor.py:183} INFO - Processing /home/airflow/.local/lib/python3.12/site-packages/airflow/example_dags/example_dag_decorator.py took 0.294 seconds
[2026-02-14T15:47:06.975+0000] {processor.py:161} INFO - Started process (PID=99) to work on /home/airflow/.local/lib/python3.12/site-packages/airflow/example_dags/example_dag_decorator.py
[2026-02-14T15:47:06.976+0000] {processor.py:830} INFO - Processing file /home/airflow/.local/lib/python3.12/site-packages/airflow/example_dags/example_dag_decorator.py for tasks to queue
[2026-02-14T15:47:06.978+0000] {logging_mixin.py:188} INFO - [2026-02-14T15:47:06.978+0000] {dagbag.py:545} INFO - Filling up the DagBag from /home/airflow/.local/lib/python3.12/site-packages/airflow/example_dags/example_dag_decorator.py
[2026-02-14T15:47:07.062+0000] {processor.py:840} INFO - DAG(s) 'example_dag_decorator' retrieved from /home/airflow/.local/lib/python3.12/site-packages/airflow/example_dags/example_dag_decorator.py
[2026-02-14T15:47:07.103+0000] {logging_mixin.py:188} INFO - [2026-02-14T15:47:07.103+0000] {dag.py:3089} INFO - Sync 1 DAGs
[2026-02-14T15:47:07.107+0000] {logging_mixin.py:188} INFO - [2026-02-14T15:47:07.107+0000] {dag.py:3947} INFO - Setting next_dagrun for example_dag_decorator to None, run_after=None
[2026-02-14T15:47:07.119+0000] {processor.py:183} INFO - Processing /home/airflow/.local/lib/python3.12/site-packages/airflow/example_dags/example_dag_decorator.py took 0.149 seconds
[2026-02-14T15:47:37.229+0000] {processor.py:161} INFO - Started process (PID=158) to work on /home/airflow/.local/lib/python3.12/site-packages/airflow/example_dags/example_dag_decorator.py
[2026-02-14T15:47:37.229+0000] {processor.py:830} INFO - Processing file /home/airflow/.local/lib/python3.12/site-packages/airflow/example_dags/example_dag_decorator.py for tasks to queue
[2026-02-14T15:47:37.231+0000] {logging_mixin.py:188} INFO - [2026-02-14T15:47:37.230+0000] {dagbag.py:545} INFO - Filling up the DagBag from /home/airflow/.local/lib/python3.12/site-packages/airflow/example_dags/example_dag_decorator.py
[2026-02-14T15:47:37.300+0000] {processor.py:840} INFO - DAG(s) 'example_dag_decorator' retrieved from /home/airflow/.local/lib/python3.12/site-packages/airflow/example_dags/example_dag_decorator.py
[2026-02-14T15:47:37.353+0000] {logging_mixin.py:188} INFO - [2026-02-14T15:47:37.353+0000] {dag.py:3089} INFO - Sync 1 DAGs
[2026-02-14T15:47:37.358+0000] {logging_mixin.py:188} INFO - [2026-02-14T15:47:37.358+0000] {dag.py:3947} INFO - Setting next_dagrun for example_dag_decorator to None, run_after=None
[2026-02-14T15:47:37.368+0000] {processor.py:183} INFO - Processing /home/airflow/.local/lib/python3.12/site-packages/airflow/example_dags/example_dag_decorator.py took 0.145 seconds
[2026-02-14T15:48:07.867+0000] {processor.py:161} INFO - Started process (PID=217) to work on /home/airflow/.local/lib/python3.12/site-packages/airflow/example_dags/example_dag_decorator.py
[2026-02-14T15:48:07.868+0000] {processor.py:830} INFO - Processing file /home/airflow/.local/lib/python3.12/site-packages/airflow/example_dags/example_dag_decorator.py for tasks to queue
[2026-02-14T15:48:07.871+0000] {logging_mixin.py:188} INFO - [2026-02-14T15:48:07.870+0000] {dagbag.py:545} INFO - Filling up the DagBag from /home/airflow/.local/lib/python3.12/site-packages/airflow/example_dags/example_dag_decorator.py
[2026-02-14T15:48:07.928+0000] {processor.py:840} INFO - DAG(s) 'example_dag_decorator' retrieved from /home/airflow/.local/lib/python3.12/site-packages/airflow/example_dags/example_dag_decorator.py
[2026-02-14T15:48:07.980+0000] {logging_mixin.py:188} INFO - [2026-02-14T15:48:07.980+0000] {dag.py:3089} INFO - Sync 1 DAGs
[2026-02-14T15:48:07.985+0000] {logging_mixin.py:188} INFO - [2026-02-14T15:48:07.985+0000] {dag.py:3947} INFO - Setting next_dagrun for example_dag_decorator to None, run_after=None
[2026-02-14T15:48:07.995+0000] {processor.py:183} INFO - Processing /home/airflow/.local/lib/python3.12/site-packages/airflow/example_dags/example_dag_decorator.py took 0.133 seconds
[2026-02-14T15:48:38.437+0000] {processor.py:161} INFO - Started process (PID=276) to work on /home/airflow/.local/lib/python3.12/site-packages/airflow/example_dags/example_dag_decorator.py
[2026-02-14T15:48:38.439+0000] {processor.py:830} INFO - Processing file /home/airflow/.local/lib/python3.12/site-packages/airflow/example_dags/example_dag_decorator.py for tasks to queue
[2026-02-14T15:48:38.441+0000] {logging_mixin.py:188} INFO - [2026-02-14T15:48:38.441+0000] {dagbag.py:545} INFO - Filling up the DagBag from /home/airflow/.local/lib/python3.12/site-packages/airflow/example_dags/example_dag_decorator.py
[2026-02-14T15:48:38.522+0000] {processor.py:840} INFO - DAG(s) 'example_dag_decorator' retrieved from /home/airflow/.local/lib/python3.12/site-packages/airflow/example_dags/example_dag_decorator.py
[2026-02-14T15:48:38.541+0000] {logging_mixin.py:188} INFO - [2026-02-14T15:48:38.541+0000] {dag.py:3089} INFO - Sync 1 DAGs
[2026-02-14T15:48:38.552+0000] {logging_mixin.py:188} INFO - [2026-02-14T15:48:38.552+0000] {dag.py:3947} INFO - Setting next_dagrun for example_dag_decorator to None, run_after=None
[2026-02-14T15:48:38.574+0000] {processor.py:183} INFO - Processing /home/airflow/.local/lib/python3.12/site-packages/airflow/example_dags/example_dag_decorator.py took 0.143 seconds
[2026-02-14T15:49:09.111+0000] {processor.py:161} INFO - Started process (PID=335) to work on /home/airflow/.local/lib/python3.12/site-packages/airflow/example_dags/example_dag_decorator.py
[2026-02-14T15:49:09.112+0000] {processor.py:830} INFO - Processing file /home/airflow/.local/lib/python3.12/site-packages/airflow/example_dags/example_dag_decorator.py for tasks to queue
[2026-02-14T15:49:09.114+0000] {logging_mixin.py:188} INFO - [2026-02-14T15:49:09.114+0000] {dagbag.py:545} INFO - Filling up the DagBag from /home/airflow/.local/lib/python3.12/site-packages/airflow/example_dags/example_dag_decorator.py
[2026-02-14T15:49:09.191+0000] {processor.py:840} INFO - DAG(s) 'example_dag_decorator' retrieved from /home/airflow/.local/lib/python3.12/site-packages/airflow/example_dags/example_dag_decorator.py
[2026-02-14T15:49:09.241+0000] {logging_mixin.py:188} INFO - [2026-02-14T15:49:09.241+0000] {dag.py:3089} INFO - Sync 1 DAGs
[2026-02-14T15:49:09.247+0000] {logging_mixin.py:188} INFO - [2026-02-14T15:49:09.247+0000] {dag.py:3947} INFO - Setting next_dagrun for example_dag_decorator to None, run_after=None
[2026-02-14T15:49:09.257+0000] {processor.py:183} INFO - Processing /home/airflow/.local/lib/python3.12/site-packages/airflow/example_dags/example_dag_decorator.py took 0.152 seconds
[2026-02-14T15:49:39.570+0000] {processor.py:161} INFO - Started process (PID=400) to work on /home/airflow/.local/lib/python3.12/site-packages/airflow/example_dags/example_dag_decorator.py
[2026-02-14T15:49:39.571+0000] {processor.py:830} INFO - Processing file /home/airflow/.local/lib/python3.12/site-packages/airflow/example_dags/example_dag_decorator.py for tasks to queue
[2026-02-14T15:49:39.574+0000] {logging_mixin.py:188} INFO - [2026-02-14T15:49:39.573+0000] {dagbag.py:545} INFO - Filling up the DagBag from /home/airflow/.local/lib/python3.12/site-packages/airflow/example_dags/example_dag_decorator.py
[2026-02-14T15:49:39.620+0000] {processor.py:840} INFO - DAG(s) 'example_dag_decorator' retrieved from /home/airflow/.local/lib/python3.12/site-packages/airflow/example_dags/example_dag_decorator.py
[2026-02-14T15:49:39.661+0000] {logging_mixin.py:188} INFO - [2026-02-14T15:49:39.661+0000] {dag.py:3089} INFO - Sync 1 DAGs
[2026-02-14T15:49:39.665+0000] {logging_mixin.py:188} INFO - [2026-02-14T15:49:39.665+0000] {dag.py:3947} INFO - Setting next_dagrun for example_dag_decorator to None, run_after=None
[2026-02-14T15:49:39.675+0000] {processor.py:183} INFO - Processing /home/airflow/.local/lib/python3.12/site-packages/airflow/example_dags/example_dag_decorator.py took 0.111 seconds
[2026-02-14T15:50:09.941+0000] {processor.py:161} INFO - Started process (PID=459) to work on /home/airflow/.local/lib/python3.12/site-packages/airflow/example_dags/example_dag_decorator.py
[2026-02-14T15:50:09.942+0000] {processor.py:830} INFO - Processing file /home/airflow/.local/lib/python3.12/site-packages/airflow/example_dags/example_dag_decorator.py for tasks to queue
[2026-02-14T15:50:09.943+0000] {logging_mixin.py:188} INFO - [2026-02-14T15:50:09.943+0000] {dagbag.py:545} INFO - Filling up the DagBag from /home/airflow/.local/lib/python3.12/site-packages/airflow/example_dags/example_dag_decorator.py
[2026-02-14T15:50:09.987+0000] {processor.py:840} INFO - DAG(s) 'example_dag_decorator' retrieved from /home/airflow/.local/lib/python3.12/site-packages/airflow/example_dags/example_dag_decorator.py
[2026-02-14T15:50:10.028+0000] {logging_mixin.py:188} INFO - [2026-02-14T15:50:10.028+0000] {dag.py:3089} INFO - Sync 1 DAGs
[2026-02-14T15:50:10.031+0000] {logging_mixin.py:188} INFO - [2026-02-14T15:50:10.031+0000] {dag.py:3947} INFO - Setting next_dagrun for example_dag_decorator to None, run_after=None
[2026-02-14T15:50:10.042+0000] {processor.py:183} INFO - Processing /home/airflow/.local/lib/python3.12/site-packages/airflow/example_dags/example_dag_decorator.py took 0.104 seconds
[2026-02-14T15:50:40.344+0000] {processor.py:161} INFO - Started process (PID=518) to work on /home/airflow/.local/lib/python3.12/site-packages/airflow/example_dags/example_dag_decorator.py
[2026-02-14T15:50:40.345+0000] {processor.py:830} INFO - Processing file /home/airflow/.local/lib/python3.12/site-packages/airflow/example_dags/example_dag_decorator.py for tasks to queue
[2026-02-14T15:50:40.347+0000] {logging_mixin.py:188} INFO - [2026-02-14T15:50:40.347+0000] {dagbag.py:545} INFO - Filling up the DagBag from /home/airflow/.local/lib/python3.12/site-packages/airflow/example_dags/example_dag_decorator.py
[2026-02-14T15:50:40.397+0000] {processor.py:840} INFO - DAG(s) 'example_dag_decorator' retrieved from /home/airflow/.local/lib/python3.12/site-packages/airflow/example_dags/example_dag_decorator.py
[2026-02-14T15:50:40.441+0000] {logging_mixin.py:188} INFO - [2026-02-14T15:50:40.441+0000] {dag.py:3089} INFO - Sync 1 DAGs
[2026-02-14T15:50:40.445+0000] {logging_mixin.py:188} INFO - [2026-02-14T15:50:40.445+0000] {dag.py:3947} INFO - Setting next_dagrun for example_dag_decorator to None, run_after=None
[2026-02-14T15:50:40.457+0000] {processor.py:183} INFO - Processing /home/airflow/.local/lib/python3.12/site-packages/airflow/example_dags/example_dag_decorator.py took 0.119 seconds
[2026-02-14T15:51:10.880+0000] {processor.py:161} INFO - Started process (PID=577) to work on /home/airflow/.local/lib/python3.12/site-packages/airflow/example_dags/example_dag_decorator.py
[2026-02-14T15:51:10.881+0000] {processor.py:830} INFO - Processing file /home/airflow/.local/lib/python3.12/site-packages/airflow/example_dags/example_dag_decorator.py for tasks to queue
[2026-02-14T15:51:10.888+0000] {logging_mixin.py:188} INFO - [2026-02-14T15:51:10.887+0000] {dagbag.py:545} INFO - Filling up the DagBag from /home/airflow/.local/lib/python3.12/site-packages/airflow/example_dags/example_dag_decorator.py
[2026-02-14T15:51:10.981+0000] {processor.py:840} INFO - DAG(s) 'example_dag_decorator' retrieved from /home/airflow/.local/lib/python3.12/site-packages/airflow/example_dags/example_dag_decorator.py
[2026-02-14T15:51:11.182+0000] {logging_mixin.py:188} INFO - [2026-02-14T15:51:11.182+0000] {dag.py:3089} INFO - Sync 1 DAGs
[2026-02-14T15:51:11.187+0000] {logging_mixin.py:188} INFO - [2026-02-14T15:51:11.187+0000] {dag.py:3947} INFO - Setting next_dagrun for example_dag_decorator to None, run_after=None
[2026-02-14T15:51:11.199+0000] {processor.py:183} INFO - Processing /home/airflow/.local/lib/python3.12/site-packages/airflow/example_dags/example_dag_decorator.py took 0.330 seconds
[2026-02-14T15:51:41.558+0000] {processor.py:161} INFO - Started process (PID=636) to work on /home/airflow/.local/lib/python3.12/site-packages/airflow/example_dags/example_dag_decorator.py
[2026-02-14T15:51:41.559+0000] {processor.py:830} INFO - Processing file /home/airflow/.local/lib/python3.12/site-packages/airflow/example_dags/example_dag_decorator.py for tasks to queue
[2026-02-14T15:51:41.561+0000] {logging_mixin.py:188} INFO - [2026-02-14T15:51:41.561+0000] {dagbag.py:545} INFO - Filling up the DagBag from /home/airflow/.local/lib/python3.12/site-packages/airflow/example_dags/example_dag_decorator.py
[2026-02-14T15:51:41.620+0000] {processor.py:840} INFO - DAG(s) 'example_dag_decorator' retrieved from /home/airflow/.local/lib/python3.12/site-packages/airflow/example_dags/example_dag_decorator.py
[2026-02-14T15:51:41.754+0000] {logging_mixin.py:188} INFO - [2026-02-14T15:51:41.754+0000] {dag.py:3089} INFO - Sync 1 DAGs
[2026-02-14T15:51:41.758+0000] {logging_mixin.py:188} INFO - [2026-02-14T15:51:41.758+0000] {dag.py:3947} INFO - Setting next_dagrun for example_dag_decorator to None, run_after=None
[2026-02-14T15:51:41.765+0000] {processor.py:183} INFO - Processing /home/airflow/.local/lib/python3.12/site-packages/airflow/example_dags/example_dag_decorator.py took 0.214 seconds
[2026-02-14T15:52:11.976+0000] {processor.py:161} INFO - Started process (PID=695) to work on /home/airflow/.local/lib/python3.12/site-packages/airflow/example_dags/example_dag_decorator.py
[2026-02-14T15:52:11.977+0000] {processor.py:830} INFO - Processing file /home/airflow/.local/lib/python3.12/site-packages/airflow/example_dags/example_dag_decorator.py for tasks to queue
[2026-02-14T15:52:11.978+0000] {logging_mixin.py:188} INFO - [2026-02-14T15:52:11.978+0000] {dagbag.py:545} INFO - Filling up the DagBag from /home/airflow/.local/lib/python3.12/site-packages/airflow/example_dags/example_dag_decorator.py
[2026-02-14T15:52:12.040+0000] {processor.py:840} INFO - DAG(s) 'example_dag_decorator' retrieved from /home/airflow/.local/lib/python3.12/site-packages/airflow/example_dags/example_dag_decorator.py
[2026-02-14T15:52:12.179+0000] {logging_mixin.py:188} INFO - [2026-02-14T15:52:12.178+0000] {dag.py:3089} INFO - Sync 1 DAGs
[2026-02-14T15:52:12.183+0000] {logging_mixin.py:188} INFO - [2026-02-14T15:52:12.183+0000] {dag.py:3947} INFO - Setting next_dagrun for example_dag_decorator to None, run_after=None
[2026-02-14T15:52:12.195+0000] {processor.py:183} INFO - Processing /home/airflow/.local/lib/python3.12/site-packages/airflow/example_dags/example_dag_decorator.py took 0.225 seconds
[2026-02-14T15:52:42.501+0000] {processor.py:161} INFO - Started process (PID=754) to work on /home/airflow/.local/lib/python3.12/site-packages/airflow/example_dags/example_dag_decorator.py
[2026-02-14T15:52:42.501+0000] {processor.py:830} INFO - Processing file /home/airflow/.local/lib/python3.12/site-packages/airflow/example_dags/example_dag_decorator.py for tasks to queue
[2026-02-14T15:52:42.502+0000] {logging_mixin.py:188} INFO - [2026-02-14T15:52:42.502+0000] {dagbag.py:545} INFO - Filling up the DagBag from /home/airflow/.local/lib/python3.12/site-packages/airflow/example_dags/example_dag_decorator.py
[2026-02-14T15:52:42.546+0000] {processor.py:840} INFO - DAG(s) 'example_dag_decorator' retrieved from /home/airflow/.local/lib/python3.12/site-packages/airflow/example_dags/example_dag_decorator.py
[2026-02-14T15:52:42.672+0000] {logging_mixin.py:188} INFO - [2026-02-14T15:52:42.672+0000] {dag.py:3089} INFO - Sync 1 DAGs
[2026-02-14T15:52:42.677+0000] {logging_mixin.py:188} INFO - [2026-02-14T15:52:42.676+0000] {dag.py:3947} INFO - Setting next_dagrun for example_dag_decorator to None, run_after=None
[2026-02-14T15:52:42.683+0000] {processor.py:183} INFO - Processing /home/airflow/.local/lib/python3.12/site-packages/airflow/example_dags/example_dag_decorator.py took 0.186 seconds
[2026-02-14T15:53:12.853+0000] {processor.py:161} INFO - Started process (PID=813) to work on /home/airflow/.local/lib/python3.12/site-packages/airflow/example_dags/example_dag_decorator.py
[2026-02-14T15:53:12.854+0000] {processor.py:830} INFO - Processing file /home/airflow/.local/lib/python3.12/site-packages/airflow/example_dags/example_dag_decorator.py for tasks to queue
[2026-02-14T15:53:12.855+0000] {logging_mixin.py:188} INFO - [2026-02-14T15:53:12.855+0000] {dagbag.py:545} INFO - Filling up the DagBag from /home/airflow/.local/lib/python3.12/site-packages/airflow/example_dags/example_dag_decorator.py
[2026-02-14T15:53:12.902+0000] {processor.py:840} INFO - DAG(s) 'example_dag_decorator' retrieved from /home/airflow/.local/lib/python3.12/site-packages/airflow/example_dags/example_dag_decorator.py
[2026-02-14T15:53:13.009+0000] {logging_mixin.py:188} INFO - [2026-02-14T15:53:13.009+0000] {dag.py:3089} INFO - Sync 1 DAGs
[2026-02-14T15:53:13.013+0000] {logging_mixin.py:188} INFO - [2026-02-14T15:53:13.012+0000] {dag.py:3947} INFO - Setting next_dagrun for example_dag_decorator to None, run_after=None
[2026-02-14T15:53:13.020+0000] {processor.py:183} INFO - Processing /home/airflow/.local/lib/python3.12/site-packages/airflow/example_dags/example_dag_decorator.py took 0.172 seconds
[2026-02-14T15:53:43.153+0000] {processor.py:161} INFO - Started process (PID=872) to work on /home/airflow/.local/lib/python3.12/site-packages/airflow/example_dags/example_dag_decorator.py
[2026-02-14T15:53:43.154+0000] {processor.py:830} INFO - Processing file /home/airflow/.local/lib/python3.12/site-packages/airflow/example_dags/example_dag_decorator.py for tasks to queue
[2026-02-14T15:53:43.156+0000] {logging_mixin.py:188} INFO - [2026-02-14T15:53:43.155+0000] {dagbag.py:545} INFO - Filling up the DagBag from /home/airflow/.local/lib/python3.12/site-packages/airflow/example_dags/example_dag_decorator.py
[2026-02-14T15:53:43.208+0000] {processor.py:840} INFO - DAG(s) 'example_dag_decorator' retrieved from /home/airflow/.local/lib/python3.12/site-packages/airflow/example_dags/example_dag_decorator.py
[2026-02-14T15:53:43.324+0000] {logging_mixin.py:188} INFO - [2026-02-14T15:53:43.324+0000] {dag.py:3089} INFO - Sync 1 DAGs
[2026-02-14T15:53:43.328+0000] {logging_mixin.py:188} INFO - [2026-02-14T15:53:43.327+0000] {dag.py:3947} INFO - Setting next_dagrun for example_dag_decorator to None, run_after=None
[2026-02-14T15:53:43.336+0000] {processor.py:183} INFO - Processing /home/airflow/.local/lib/python3.12/site-packages/airflow/example_dags/example_dag_decorator.py took 0.186 seconds
[2026-02-14T15:54:13.608+0000] {processor.py:161} INFO - Started process (PID=931) to work on /home/airflow/.local/lib/python3.12/site-packages/airflow/example_dags/example_dag_decorator.py
[2026-02-14T15:54:13.608+0000] {processor.py:830} INFO - Processing file /home/airflow/.local/lib/python3.12/site-packages/airflow/example_dags/example_dag_decorator.py for tasks to queue
[2026-02-14T15:54:13.610+0000] {logging_mixin.py:188} INFO - [2026-02-14T15:54:13.609+0000] {dagbag.py:545} INFO - Filling up the DagBag from /home/airflow/.local/lib/python3.12/site-packages/airflow/example_dags/example_dag_decorator.py
[2026-02-14T15:54:13.658+0000] {processor.py:840} INFO - DAG(s) 'example_dag_decorator' retrieved from /home/airflow/.local/lib/python3.12/site-packages/airflow/example_dags/example_dag_decorator.py
[2026-02-14T15:54:13.766+0000] {logging_mixin.py:188} INFO - [2026-02-14T15:54:13.766+0000] {dag.py:3089} INFO - Sync 1 DAGs
[2026-02-14T15:54:13.770+0000] {logging_mixin.py:188} INFO - [2026-02-14T15:54:13.770+0000] {dag.py:3947} INFO - Setting next_dagrun for example_dag_decorator to None, run_after=None
[2026-02-14T15:54:13.778+0000] {processor.py:183} INFO - Processing /home/airflow/.local/lib/python3.12/site-packages/airflow/example_dags/example_dag_decorator.py took 0.175 seconds
[2026-02-14T15:54:44.053+0000] {processor.py:161} INFO - Started process (PID=990) to work on /home/airflow/.local/lib/python3.12/site-packages/airflow/example_dags/example_dag_decorator.py
[2026-02-14T15:54:44.054+0000] {processor.py:830} INFO - Processing file /home/airflow/.local/lib/python3.12/site-packages/airflow/example_dags/example_dag_decorator.py for tasks to queue
[2026-02-14T15:54:44.056+0000] {logging_mixin.py:188} INFO - [2026-02-14T15:54:44.056+0000] {dagbag.py:545} INFO - Filling up the DagBag from /home/airflow/.local/lib/python3.12/site-packages/airflow/example_dags/example_dag_decorator.py
[2026-02-14T15:54:44.121+0000] {processor.py:840} INFO - DAG(s) 'example_dag_decorator' retrieved from /home/airflow/.local/lib/python3.12/site-packages/airflow/example_dags/example_dag_decorator.py
[2026-02-14T15:54:44.306+0000] {logging_mixin.py:188} INFO - [2026-02-14T15:54:44.306+0000] {dag.py:3089} INFO - Sync 1 DAGs
[2026-02-14T15:54:44.312+0000] {logging_mixin.py:188} INFO - [2026-02-14T15:54:44.312+0000] {dag.py:3947} INFO - Setting next_dagrun for example_dag_decorator to None, run_after=None
[2026-02-14T15:54:44.320+0000] {processor.py:183} INFO - Processing /home/airflow/.local/lib/python3.12/site-packages/airflow/example_dags/example_dag_decorator.py took 0.274 seconds
[2026-02-14T15:55:14.685+0000] {processor.py:161} INFO - Started process (PID=1049) to work on /home/airflow/.local/lib/python3.12/site-packages/airflow/example_dags/example_dag_decorator.py
[2026-02-14T15:55:14.688+0000] {processor.py:830} INFO - Processing file /home/airflow/.local/lib/python3.12/site-packages/airflow/example_dags/example_dag_decorator.py for tasks to queue
[2026-02-14T15:55:14.695+0000] {logging_mixin.py:188} INFO - [2026-02-14T15:55:14.693+0000] {dagbag.py:545} INFO - Filling up the DagBag from /home/airflow/.local/lib/python3.12/site-packages/airflow/example_dags/example_dag_decorator.py
[2026-02-14T15:55:15.027+0000] {processor.py:840} INFO - DAG(s) 'example_dag_decorator' retrieved from /home/airflow/.local/lib/python3.12/site-packages/airflow/example_dags/example_dag_decorator.py
[2026-02-14T15:55:15.132+0000] {logging_mixin.py:188} INFO - [2026-02-14T15:55:15.131+0000] {dag.py:3089} INFO - Sync 1 DAGs
[2026-02-14T15:55:15.169+0000] {logging_mixin.py:188} INFO - [2026-02-14T15:55:15.168+0000] {dag.py:3947} INFO - Setting next_dagrun for example_dag_decorator to None, run_after=None
[2026-02-14T15:55:15.211+0000] {processor.py:183} INFO - Processing /home/airflow/.local/lib/python3.12/site-packages/airflow/example_dags/example_dag_decorator.py took 0.532 seconds
[2026-02-14T15:55:46.073+0000] {processor.py:161} INFO - Started process (PID=1107) to work on /home/airflow/.local/lib/python3.12/site-packages/airflow/example_dags/example_dag_decorator.py
[2026-02-14T15:55:46.074+0000] {processor.py:830} INFO - Processing file /home/airflow/.local/lib/python3.12/site-packages/airflow/example_dags/example_dag_decorator.py for tasks to queue
[2026-02-14T15:55:46.075+0000] {logging_mixin.py:188} INFO - [2026-02-14T15:55:46.075+0000] {dagbag.py:545} INFO - Filling up the DagBag from /home/airflow/.local/lib/python3.12/site-packages/airflow/example_dags/example_dag_decorator.py
[2026-02-14T15:55:46.207+0000] {processor.py:840} INFO - DAG(s) 'example_dag_decorator' retrieved from /home/airflow/.local/lib/python3.12/site-packages/airflow/example_dags/example_dag_decorator.py
[2026-02-14T15:55:46.246+0000] {logging_mixin.py:188} INFO - [2026-02-14T15:55:46.246+0000] {dag.py:3089} INFO - Sync 1 DAGs
[2026-02-14T15:55:46.250+0000] {logging_mixin.py:188} INFO - [2026-02-14T15:55:46.250+0000] {dag.py:3947} INFO - Setting next_dagrun for example_dag_decorator to None, run_after=None
[2026-02-14T15:55:46.257+0000] {processor.py:183} INFO - Processing /home/airflow/.local/lib/python3.12/site-packages/airflow/example_dags/example_dag_decorator.py took 0.189 seconds
[2026-02-14T15:56:16.589+0000] {processor.py:161} INFO - Started process (PID=1166) to work on /home/airflow/.local/lib/python3.12/site-packages/airflow/example_dags/example_dag_decorator.py
[2026-02-14T15:56:16.590+0000] {processor.py:830} INFO - Processing file /home/airflow/.local/lib/python3.12/site-packages/airflow/example_dags/example_dag_decorator.py for tasks to queue
[2026-02-14T15:56:16.592+0000] {logging_mixin.py:188} INFO - [2026-02-14T15:56:16.592+0000] {dagbag.py:545} INFO - Filling up the DagBag from /home/airflow/.local/lib/python3.12/site-packages/airflow/example_dags/example_dag_decorator.py
[2026-02-14T15:56:16.727+0000] {processor.py:840} INFO - DAG(s) 'example_dag_decorator' retrieved from /home/airflow/.local/lib/python3.12/site-packages/airflow/example_dags/example_dag_decorator.py
[2026-02-14T15:56:16.764+0000] {logging_mixin.py:188} INFO - [2026-02-14T15:56:16.764+0000] {dag.py:3089} INFO - Sync 1 DAGs
[2026-02-14T15:56:16.767+0000] {logging_mixin.py:188} INFO - [2026-02-14T15:56:16.767+0000] {dag.py:3947} INFO - Setting next_dagrun for example_dag_decorator to None, run_after=None
[2026-02-14T15:56:16.778+0000] {processor.py:183} INFO - Processing /home/airflow/.local/lib/python3.12/site-packages/airflow/example_dags/example_dag_decorator.py took 0.196 seconds
[2026-02-14T15:56:47.050+0000] {processor.py:161} INFO - Started process (PID=1225) to work on /home/airflow/.local/lib/python3.12/site-packages/airflow/example_dags/example_dag_decorator.py
[2026-02-14T15:56:47.054+0000] {processor.py:830} INFO - Processing file /home/airflow/.local/lib/python3.12/site-packages/airflow/example_dags/example_dag_decorator.py for tasks to queue
[2026-02-14T15:56:47.062+0000] {logging_mixin.py:188} INFO - [2026-02-14T15:56:47.062+0000] {dagbag.py:545} INFO - Filling up the DagBag from /home/airflow/.local/lib/python3.12/site-packages/airflow/example_dags/example_dag_decorator.py
[2026-02-14T15:56:47.231+0000] {processor.py:840} INFO - DAG(s) 'example_dag_decorator' retrieved from /home/airflow/.local/lib/python3.12/site-packages/airflow/example_dags/example_dag_decorator.py
[2026-02-14T15:56:47.266+0000] {logging_mixin.py:188} INFO - [2026-02-14T15:56:47.266+0000] {dag.py:3089} INFO - Sync 1 DAGs
[2026-02-14T15:56:47.269+0000] {logging_mixin.py:188} INFO - [2026-02-14T15:56:47.269+0000] {dag.py:3947} INFO - Setting next_dagrun for example_dag_decorator to None, run_after=None
[2026-02-14T15:56:47.278+0000] {processor.py:183} INFO - Processing /home/airflow/.local/lib/python3.12/site-packages/airflow/example_dags/example_dag_decorator.py took 0.235 seconds
[2026-02-14T15:57:17.638+0000] {processor.py:161} INFO - Started process (PID=1284) to work on /home/airflow/.local/lib/python3.12/site-packages/airflow/example_dags/example_dag_decorator.py
[2026-02-14T15:57:17.639+0000] {processor.py:830} INFO - Processing file /home/airflow/.local/lib/python3.12/site-packages/airflow/example_dags/example_dag_decorator.py for tasks to queue
[2026-02-14T15:57:17.641+0000] {logging_mixin.py:188} INFO - [2026-02-14T15:57:17.641+0000] {dagbag.py:545} INFO - Filling up the DagBag from /home/airflow/.local/lib/python3.12/site-packages/airflow/example_dags/example_dag_decorator.py
[2026-02-14T15:57:17.770+0000] {processor.py:840} INFO - DAG(s) 'example_dag_decorator' retrieved from /home/airflow/.local/lib/python3.12/site-packages/airflow/example_dags/example_dag_decorator.py
[2026-02-14T15:57:17.810+0000] {logging_mixin.py:188} INFO - [2026-02-14T15:57:17.810+0000] {dag.py:3089} INFO - Sync 1 DAGs
[2026-02-14T15:57:17.814+0000] {logging_mixin.py:188} INFO - [2026-02-14T15:57:17.814+0000] {dag.py:3947} INFO - Setting next_dagrun for example_dag_decorator to None, run_after=None
[2026-02-14T15:57:17.821+0000] {processor.py:183} INFO - Processing /home/airflow/.local/lib/python3.12/site-packages/airflow/example_dags/example_dag_decorator.py took 0.191 seconds
[2026-02-14T15:57:48.368+0000] {processor.py:161} INFO - Started process (PID=1343) to work on /home/airflow/.local/lib/python3.12/site-packages/airflow/example_dags/example_dag_decorator.py
[2026-02-14T15:57:48.369+0000] {processor.py:830} INFO - Processing file /home/airflow/.local/lib/python3.12/site-packages/airflow/example_dags/example_dag_decorator.py for tasks to queue
[2026-02-14T15:57:48.371+0000] {logging_mixin.py:188} INFO - [2026-02-14T15:57:48.371+0000] {dagbag.py:545} INFO - Filling up the DagBag from /home/airflow/.local/lib/python3.12/site-packages/airflow/example_dags/example_dag_decorator.py
[2026-02-14T15:57:48.561+0000] {processor.py:840} INFO - DAG(s) 'example_dag_decorator' retrieved from /home/airflow/.local/lib/python3.12/site-packages/airflow/example_dags/example_dag_decorator.py
[2026-02-14T15:57:48.607+0000] {logging_mixin.py:188} INFO - [2026-02-14T15:57:48.606+0000] {dag.py:3089} INFO - Sync 1 DAGs
[2026-02-14T15:57:48.611+0000] {logging_mixin.py:188} INFO - [2026-02-14T15:57:48.611+0000] {dag.py:3947} INFO - Setting next_dagrun for example_dag_decorator to None, run_after=None
[2026-02-14T15:57:48.621+0000] {processor.py:183} INFO - Processing /home/airflow/.local/lib/python3.12/site-packages/airflow/example_dags/example_dag_decorator.py took 0.259 seconds
[2026-02-14T15:58:18.726+0000] {processor.py:161} INFO - Started process (PID=1402) to work on /home/airflow/.local/lib/python3.12/site-packages/airflow/example_dags/example_dag_decorator.py
[2026-02-14T15:58:18.728+0000] {processor.py:830} INFO - Processing file /home/airflow/.local/lib/python3.12/site-packages/airflow/example_dags/example_dag_decorator.py for tasks to queue
[2026-02-14T15:58:18.730+0000] {logging_mixin.py:188} INFO - [2026-02-14T15:58:18.730+0000] {dagbag.py:545} INFO - Filling up the DagBag from /home/airflow/.local/lib/python3.12/site-packages/airflow/example_dags/example_dag_decorator.py
[2026-02-14T15:58:18.912+0000] {processor.py:840} INFO - DAG(s) 'example_dag_decorator' retrieved from /home/airflow/.local/lib/python3.12/site-packages/airflow/example_dags/example_dag_decorator.py
[2026-02-14T15:58:18.962+0000] {logging_mixin.py:188} INFO - [2026-02-14T15:58:18.962+0000] {dag.py:3089} INFO - Sync 1 DAGs
[2026-02-14T15:58:18.969+0000] {logging_mixin.py:188} INFO - [2026-02-14T15:58:18.969+0000] {dag.py:3947} INFO - Setting next_dagrun for example_dag_decorator to None, run_after=None
[2026-02-14T15:58:18.980+0000] {processor.py:183} INFO - Processing /home/airflow/.local/lib/python3.12/site-packages/airflow/example_dags/example_dag_decorator.py took 0.262 seconds
[2026-02-14T15:58:49.128+0000] {processor.py:161} INFO - Started process (PID=1461) to work on /home/airflow/.local/lib/python3.12/site-packages/airflow/example_dags/example_dag_decorator.py
[2026-02-14T15:58:49.130+0000] {processor.py:830} INFO - Processing file /home/airflow/.local/lib/python3.12/site-packages/airflow/example_dags/example_dag_decorator.py for tasks to queue
[2026-02-14T15:58:49.132+0000] {logging_mixin.py:188} INFO - [2026-02-14T15:58:49.132+0000] {dagbag.py:545} INFO - Filling up the DagBag from /home/airflow/.local/lib/python3.12/site-packages/airflow/example_dags/example_dag_decorator.py
[2026-02-14T15:58:49.298+0000] {processor.py:840} INFO - DAG(s) 'example_dag_decorator' retrieved from /home/airflow/.local/lib/python3.12/site-packages/airflow/example_dags/example_dag_decorator.py
[2026-02-14T15:58:49.333+0000] {logging_mixin.py:188} INFO - [2026-02-14T15:58:49.333+0000] {dag.py:3089} INFO - Sync 1 DAGs
[2026-02-14T15:58:49.336+0000] {logging_mixin.py:188} INFO - [2026-02-14T15:58:49.336+0000] {dag.py:3947} INFO - Setting next_dagrun for example_dag_decorator to None, run_after=None
[2026-02-14T15:58:49.346+0000] {processor.py:183} INFO - Processing /home/airflow/.local/lib/python3.12/site-packages/airflow/example_dags/example_dag_decorator.py took 0.226 seconds
[2026-02-14T15:59:19.485+0000] {processor.py:161} INFO - Started process (PID=1523) to work on /home/airflow/.local/lib/python3.12/site-packages/airflow/example_dags/example_dag_decorator.py
[2026-02-14T15:59:19.485+0000] {processor.py:830} INFO - Processing file /home/airflow/.local/lib/python3.12/site-packages/airflow/example_dags/example_dag_decorator.py for tasks to queue
[2026-02-14T15:59:19.486+0000] {logging_mixin.py:188} INFO - [2026-02-14T15:59:19.486+0000] {dagbag.py:545} INFO - Filling up the DagBag from /home/airflow/.local/lib/python3.12/site-packages/airflow/example_dags/example_dag_decorator.py
[2026-02-14T15:59:19.585+0000] {processor.py:840} INFO - DAG(s) 'example_dag_decorator' retrieved from /home/airflow/.local/lib/python3.12/site-packages/airflow/example_dags/example_dag_decorator.py
[2026-02-14T15:59:19.617+0000] {logging_mixin.py:188} INFO - [2026-02-14T15:59:19.616+0000] {dag.py:3089} INFO - Sync 1 DAGs
[2026-02-14T15:59:19.620+0000] {logging_mixin.py:188} INFO - [2026-02-14T15:59:19.620+0000] {dag.py:3947} INFO - Setting next_dagrun for example_dag_decorator to None, run_after=None
[2026-02-14T15:59:19.631+0000] {processor.py:183} INFO - Processing /home/airflow/.local/lib/python3.12/site-packages/airflow/example_dags/example_dag_decorator.py took 0.148 seconds
[2026-02-14T15:59:50.082+0000] {processor.py:161} INFO - Started process (PID=1579) to work on /home/airflow/.local/lib/python3.12/site-packages/airflow/example_dags/example_dag_decorator.py
[2026-02-14T15:59:50.083+0000] {processor.py:830} INFO - Processing file /home/airflow/.local/lib/python3.12/site-packages/airflow/example_dags/example_dag_decorator.py for tasks to queue
[2026-02-14T15:59:50.086+0000] {logging_mixin.py:188} INFO - [2026-02-14T15:59:50.085+0000] {dagbag.py:545} INFO - Filling up the DagBag from /home/airflow/.local/lib/python3.12/site-packages/airflow/example_dags/example_dag_decorator.py
[2026-02-14T15:59:50.210+0000] {processor.py:840} INFO - DAG(s) 'example_dag_decorator' retrieved from /home/airflow/.local/lib/python3.12/site-packages/airflow/example_dags/example_dag_decorator.py
[2026-02-14T15:59:50.245+0000] {logging_mixin.py:188} INFO - [2026-02-14T15:59:50.245+0000] {dag.py:3089} INFO - Sync 1 DAGs
[2026-02-14T15:59:50.248+0000] {logging_mixin.py:188} INFO - [2026-02-14T15:59:50.248+0000] {dag.py:3947} INFO - Setting next_dagrun for example_dag_decorator to None, run_after=None
[2026-02-14T15:59:50.257+0000] {processor.py:183} INFO - Processing /home/airflow/.local/lib/python3.12/site-packages/airflow/example_dags/example_dag_decorator.py took 0.181 seconds
[2026-02-14T16:00:20.646+0000] {processor.py:161} INFO - Started process (PID=1638) to work on /home/airflow/.local/lib/python3.12/site-packages/airflow/example_dags/example_dag_decorator.py
[2026-02-14T16:00:20.647+0000] {processor.py:830} INFO - Processing file /home/airflow/.local/lib/python3.12/site-packages/airflow/example_dags/example_dag_decorator.py for tasks to queue
[2026-02-14T16:00:20.649+0000] {logging_mixin.py:188} INFO - [2026-02-14T16:00:20.648+0000] {dagbag.py:545} INFO - Filling up the DagBag from /home/airflow/.local/lib/python3.12/site-packages/airflow/example_dags/example_dag_decorator.py
[2026-02-14T16:00:20.699+0000] {processor.py:840} INFO - DAG(s) 'example_dag_decorator' retrieved from /home/airflow/.local/lib/python3.12/site-packages/airflow/example_dags/example_dag_decorator.py
[2026-02-14T16:00:20.744+0000] {logging_mixin.py:188} INFO - [2026-02-14T16:00:20.744+0000] {dag.py:3089} INFO - Sync 1 DAGs
[2026-02-14T16:00:20.749+0000] {logging_mixin.py:188} INFO - [2026-02-14T16:00:20.748+0000] {dag.py:3947} INFO - Setting next_dagrun for example_dag_decorator to None, run_after=None
[2026-02-14T16:00:20.756+0000] {processor.py:183} INFO - Processing /home/airflow/.local/lib/python3.12/site-packages/airflow/example_dags/example_dag_decorator.py took 0.115 seconds
[2026-02-14T16:00:51.113+0000] {processor.py:161} INFO - Started process (PID=1697) to work on /home/airflow/.local/lib/python3.12/site-packages/airflow/example_dags/example_dag_decorator.py
[2026-02-14T16:00:51.114+0000] {processor.py:830} INFO - Processing file /home/airflow/.local/lib/python3.12/site-packages/airflow/example_dags/example_dag_decorator.py for tasks to queue
[2026-02-14T16:00:51.121+0000] {logging_mixin.py:188} INFO - [2026-02-14T16:00:51.120+0000] {dagbag.py:545} INFO - Filling up the DagBag from /home/airflow/.local/lib/python3.12/site-packages/airflow/example_dags/example_dag_decorator.py
[2026-02-14T16:00:51.191+0000] {processor.py:840} INFO - DAG(s) 'example_dag_decorator' retrieved from /home/airflow/.local/lib/python3.12/site-packages/airflow/example_dags/example_dag_decorator.py
[2026-02-14T16:00:51.240+0000] {logging_mixin.py:188} INFO - [2026-02-14T16:00:51.240+0000] {dag.py:3089} INFO - Sync 1 DAGs
[2026-02-14T16:00:51.245+0000] {logging_mixin.py:188} INFO - [2026-02-14T16:00:51.245+0000] {dag.py:3947} INFO - Setting next_dagrun for example_dag_decorator to None, run_after=None
[2026-02-14T16:00:51.254+0000] {processor.py:183} INFO - Processing /home/airflow/.local/lib/python3.12/site-packages/airflow/example_dags/example_dag_decorator.py took 0.148 seconds
[2026-02-14T16:01:21.621+0000] {processor.py:161} INFO - Started process (PID=1756) to work on /home/airflow/.local/lib/python3.12/site-packages/airflow/example_dags/example_dag_decorator.py
[2026-02-14T16:01:21.622+0000] {processor.py:830} INFO - Processing file /home/airflow/.local/lib/python3.12/site-packages/airflow/example_dags/example_dag_decorator.py for tasks to queue
[2026-02-14T16:01:21.623+0000] {logging_mixin.py:188} INFO - [2026-02-14T16:01:21.623+0000] {dagbag.py:545} INFO - Filling up the DagBag from /home/airflow/.local/lib/python3.12/site-packages/airflow/example_dags/example_dag_decorator.py
[2026-02-14T16:01:21.677+0000] {processor.py:840} INFO - DAG(s) 'example_dag_decorator' retrieved from /home/airflow/.local/lib/python3.12/site-packages/airflow/example_dags/example_dag_decorator.py
[2026-02-14T16:01:21.712+0000] {logging_mixin.py:188} INFO - [2026-02-14T16:01:21.712+0000] {dag.py:3089} INFO - Sync 1 DAGs
[2026-02-14T16:01:21.715+0000] {logging_mixin.py:188} INFO - [2026-02-14T16:01:21.715+0000] {dag.py:3947} INFO - Setting next_dagrun for example_dag_decorator to None, run_after=None
[2026-02-14T16:01:21.720+0000] {processor.py:183} INFO - Processing /home/airflow/.local/lib/python3.12/site-packages/airflow/example_dags/example_dag_decorator.py took 0.101 seconds
[2026-02-14T16:01:52.005+0000] {processor.py:161} INFO - Started process (PID=1815) to work on /home/airflow/.local/lib/python3.12/site-packages/airflow/example_dags/example_dag_decorator.py
[2026-02-14T16:01:52.005+0000] {processor.py:830} INFO - Processing file /home/airflow/.local/lib/python3.12/site-packages/airflow/example_dags/example_dag_decorator.py for tasks to queue
[2026-02-14T16:01:52.007+0000] {logging_mixin.py:188} INFO - [2026-02-14T16:01:52.007+0000] {dagbag.py:545} INFO - Filling up the DagBag from /home/airflow/.local/lib/python3.12/site-packages/airflow/example_dags/example_dag_decorator.py
[2026-02-14T16:01:52.057+0000] {processor.py:840} INFO - DAG(s) 'example_dag_decorator' retrieved from /home/airflow/.local/lib/python3.12/site-packages/airflow/example_dags/example_dag_decorator.py
[2026-02-14T16:01:52.101+0000] {logging_mixin.py:188} INFO - [2026-02-14T16:01:52.101+0000] {dag.py:3089} INFO - Sync 1 DAGs
[2026-02-14T16:01:52.105+0000] {logging_mixin.py:188} INFO - [2026-02-14T16:01:52.105+0000] {dag.py:3947} INFO - Setting next_dagrun for example_dag_decorator to None, run_after=None
[2026-02-14T16:01:52.116+0000] {processor.py:183} INFO - Processing /home/airflow/.local/lib/python3.12/site-packages/airflow/example_dags/example_dag_decorator.py took 0.116 seconds
[2026-02-14T16:02:22.388+0000] {processor.py:161} INFO - Started process (PID=1874) to work on /home/airflow/.local/lib/python3.12/site-packages/airflow/example_dags/example_dag_decorator.py
[2026-02-14T16:02:22.389+0000] {processor.py:830} INFO - Processing file /home/airflow/.local/lib/python3.12/site-packages/airflow/example_dags/example_dag_decorator.py for tasks to queue
[2026-02-14T16:02:22.391+0000] {logging_mixin.py:188} INFO - [2026-02-14T16:02:22.391+0000] {dagbag.py:545} INFO - Filling up the DagBag from /home/airflow/.local/lib/python3.12/site-packages/airflow/example_dags/example_dag_decorator.py
[2026-02-14T16:02:22.446+0000] {processor.py:840} INFO - DAG(s) 'example_dag_decorator' retrieved from /home/airflow/.local/lib/python3.12/site-packages/airflow/example_dags/example_dag_decorator.py
[2026-02-14T16:02:22.495+0000] {logging_mixin.py:188} INFO - [2026-02-14T16:02:22.495+0000] {dag.py:3089} INFO - Sync 1 DAGs
[2026-02-14T16:02:22.500+0000] {logging_mixin.py:188} INFO - [2026-02-14T16:02:22.500+0000] {dag.py:3947} INFO - Setting next_dagrun for example_dag_decorator to None, run_after=None
[2026-02-14T16:02:22.509+0000] {processor.py:183} INFO - Processing /home/airflow/.local/lib/python3.12/site-packages/airflow/example_dags/example_dag_decorator.py took 0.124 seconds
[2026-02-14T16:02:52.795+0000] {processor.py:161} INFO - Started process (PID=1933) to work on /home/airflow/.local/lib/python3.12/site-packages/airflow/example_dags/example_dag_decorator.py
[2026-02-14T16:02:52.797+0000] {processor.py:830} INFO - Processing file /home/airflow/.local/lib/python3.12/site-packages/airflow/example_dags/example_dag_decorator.py for tasks to queue
[2026-02-14T16:02:52.799+0000] {logging_mixin.py:188} INFO - [2026-02-14T16:02:52.798+0000] {dagbag.py:545} INFO - Filling up the DagBag from /home/airflow/.local/lib/python3.12/site-packages/airflow/example_dags/example_dag_decorator.py
[2026-02-14T16:02:52.868+0000] {processor.py:840} INFO - DAG(s) 'example_dag_decorator' retrieved from /home/airflow/.local/lib/python3.12/site-packages/airflow/example_dags/example_dag_decorator.py
[2026-02-14T16:02:52.911+0000] {logging_mixin.py:188} INFO - [2026-02-14T16:02:52.911+0000] {dag.py:3089} INFO - Sync 1 DAGs
[2026-02-14T16:02:52.918+0000] {logging_mixin.py:188} INFO - [2026-02-14T16:02:52.918+0000] {dag.py:3947} INFO - Setting next_dagrun for example_dag_decorator to None, run_after=None
[2026-02-14T16:02:52.927+0000] {processor.py:183} INFO - Processing /home/airflow/.local/lib/python3.12/site-packages/airflow/example_dags/example_dag_decorator.py took 0.141 seconds
[2026-02-14T16:03:23.382+0000] {processor.py:161} INFO - Started process (PID=1992) to work on /home/airflow/.local/lib/python3.12/site-packages/airflow/example_dags/example_dag_decorator.py
[2026-02-14T16:03:23.385+0000] {processor.py:830} INFO - Processing file /home/airflow/.local/lib/python3.12/site-packages/airflow/example_dags/example_dag_decorator.py for tasks to queue
[2026-02-14T16:03:23.386+0000] {logging_mixin.py:188} INFO - [2026-02-14T16:03:23.386+0000] {dagbag.py:545} INFO - Filling up the DagBag from /home/airflow/.local/lib/python3.12/site-packages/airflow/example_dags/example_dag_decorator.py
[2026-02-14T16:03:23.450+0000] {processor.py:840} INFO - DAG(s) 'example_dag_decorator' retrieved from /home/airflow/.local/lib/python3.12/site-packages/airflow/example_dags/example_dag_decorator.py
[2026-02-14T16:03:23.500+0000] {logging_mixin.py:188} INFO - [2026-02-14T16:03:23.500+0000] {dag.py:3089} INFO - Sync 1 DAGs
[2026-02-14T16:03:23.505+0000] {logging_mixin.py:188} INFO - [2026-02-14T16:03:23.504+0000] {dag.py:3947} INFO - Setting next_dagrun for example_dag_decorator to None, run_after=None
[2026-02-14T16:03:23.517+0000] {processor.py:183} INFO - Processing /home/airflow/.local/lib/python3.12/site-packages/airflow/example_dags/example_dag_decorator.py took 0.139 seconds
[2026-02-14T16:03:53.982+0000] {processor.py:161} INFO - Started process (PID=2051) to work on /home/airflow/.local/lib/python3.12/site-packages/airflow/example_dags/example_dag_decorator.py
[2026-02-14T16:03:53.983+0000] {processor.py:830} INFO - Processing file /home/airflow/.local/lib/python3.12/site-packages/airflow/example_dags/example_dag_decorator.py for tasks to queue
[2026-02-14T16:03:53.985+0000] {logging_mixin.py:188} INFO - [2026-02-14T16:03:53.985+0000] {dagbag.py:545} INFO - Filling up the DagBag from /home/airflow/.local/lib/python3.12/site-packages/airflow/example_dags/example_dag_decorator.py
[2026-02-14T16:03:54.035+0000] {processor.py:840} INFO - DAG(s) 'example_dag_decorator' retrieved from /home/airflow/.local/lib/python3.12/site-packages/airflow/example_dags/example_dag_decorator.py
[2026-02-14T16:03:54.074+0000] {logging_mixin.py:188} INFO - [2026-02-14T16:03:54.074+0000] {dag.py:3089} INFO - Sync 1 DAGs
[2026-02-14T16:03:54.078+0000] {logging_mixin.py:188} INFO - [2026-02-14T16:03:54.078+0000] {dag.py:3947} INFO - Setting next_dagrun for example_dag_decorator to None, run_after=None
[2026-02-14T16:03:54.089+0000] {processor.py:183} INFO - Processing /home/airflow/.local/lib/python3.12/site-packages/airflow/example_dags/example_dag_decorator.py took 0.112 seconds
[2026-02-14T16:04:24.664+0000] {processor.py:161} INFO - Started process (PID=2110) to work on /home/airflow/.local/lib/python3.12/site-packages/airflow/example_dags/example_dag_decorator.py
[2026-02-14T16:04:24.665+0000] {processor.py:830} INFO - Processing file /home/airflow/.local/lib/python3.12/site-packages/airflow/example_dags/example_dag_decorator.py for tasks to queue
[2026-02-14T16:04:24.667+0000] {logging_mixin.py:188} INFO - [2026-02-14T16:04:24.666+0000] {dagbag.py:545} INFO - Filling up the DagBag from /home/airflow/.local/lib/python3.12/site-packages/airflow/example_dags/example_dag_decorator.py
[2026-02-14T16:04:24.715+0000] {processor.py:840} INFO - DAG(s) 'example_dag_decorator' retrieved from /home/airflow/.local/lib/python3.12/site-packages/airflow/example_dags/example_dag_decorator.py
[2026-02-14T16:04:24.767+0000] {logging_mixin.py:188} INFO - [2026-02-14T16:04:24.767+0000] {dag.py:3089} INFO - Sync 1 DAGs
[2026-02-14T16:04:24.771+0000] {logging_mixin.py:188} INFO - [2026-02-14T16:04:24.771+0000] {dag.py:3947} INFO - Setting next_dagrun for example_dag_decorator to None, run_after=None
[2026-02-14T16:04:24.780+0000] {processor.py:183} INFO - Processing /home/airflow/.local/lib/python3.12/site-packages/airflow/example_dags/example_dag_decorator.py took 0.121 seconds
[2026-02-14T16:04:55.185+0000] {processor.py:161} INFO - Started process (PID=2169) to work on /home/airflow/.local/lib/python3.12/site-packages/airflow/example_dags/example_dag_decorator.py
[2026-02-14T16:04:55.188+0000] {processor.py:830} INFO - Processing file /home/airflow/.local/lib/python3.12/site-packages/airflow/example_dags/example_dag_decorator.py for tasks to queue
[2026-02-14T16:04:55.189+0000] {logging_mixin.py:188} INFO - [2026-02-14T16:04:55.189+0000] {dagbag.py:545} INFO - Filling up the DagBag from /home/airflow/.local/lib/python3.12/site-packages/airflow/example_dags/example_dag_decorator.py
[2026-02-14T16:04:55.233+0000] {processor.py:840} INFO - DAG(s) 'example_dag_decorator' retrieved from /home/airflow/.local/lib/python3.12/site-packages/airflow/example_dags/example_dag_decorator.py
[2026-02-14T16:04:55.270+0000] {logging_mixin.py:188} INFO - [2026-02-14T16:04:55.270+0000] {dag.py:3089} INFO - Sync 1 DAGs
[2026-02-14T16:04:55.274+0000] {logging_mixin.py:188} INFO - [2026-02-14T16:04:55.274+0000] {dag.py:3947} INFO - Setting next_dagrun for example_dag_decorator to None, run_after=None
[2026-02-14T16:04:55.279+0000] {processor.py:183} INFO - Processing /home/airflow/.local/lib/python3.12/site-packages/airflow/example_dags/example_dag_decorator.py took 0.099 seconds
[2026-02-14T16:05:25.668+0000] {processor.py:161} INFO - Started process (PID=2228) to work on /home/airflow/.local/lib/python3.12/site-packages/airflow/example_dags/example_dag_decorator.py
[2026-02-14T16:05:25.669+0000] {processor.py:830} INFO - Processing file /home/airflow/.local/lib/python3.12/site-packages/airflow/example_dags/example_dag_decorator.py for tasks to queue
[2026-02-14T16:05:25.672+0000] {logging_mixin.py:188} INFO - [2026-02-14T16:05:25.672+0000] {dagbag.py:545} INFO - Filling up the DagBag from /home/airflow/.local/lib/python3.12/site-packages/airflow/example_dags/example_dag_decorator.py
[2026-02-14T16:05:25.721+0000] {processor.py:840} INFO - DAG(s) 'example_dag_decorator' retrieved from /home/airflow/.local/lib/python3.12/site-packages/airflow/example_dags/example_dag_decorator.py
[2026-02-14T16:05:25.761+0000] {logging_mixin.py:188} INFO - [2026-02-14T16:05:25.761+0000] {dag.py:3089} INFO - Sync 1 DAGs
[2026-02-14T16:05:25.765+0000] {logging_mixin.py:188} INFO - [2026-02-14T16:05:25.764+0000] {dag.py:3947} INFO - Setting next_dagrun for example_dag_decorator to None, run_after=None
[2026-02-14T16:05:25.774+0000] {processor.py:183} INFO - Processing /home/airflow/.local/lib/python3.12/site-packages/airflow/example_dags/example_dag_decorator.py took 0.110 seconds
[2026-02-14T16:05:56.141+0000] {processor.py:161} INFO - Started process (PID=2287) to work on /home/airflow/.local/lib/python3.12/site-packages/airflow/example_dags/example_dag_decorator.py
[2026-02-14T16:05:56.141+0000] {processor.py:830} INFO - Processing file /home/airflow/.local/lib/python3.12/site-packages/airflow/example_dags/example_dag_decorator.py for tasks to queue
[2026-02-14T16:05:56.142+0000] {logging_mixin.py:188} INFO - [2026-02-14T16:05:56.142+0000] {dagbag.py:545} INFO - Filling up the DagBag from /home/airflow/.local/lib/python3.12/site-packages/airflow/example_dags/example_dag_decorator.py
[2026-02-14T16:05:56.200+0000] {processor.py:840} INFO - DAG(s) 'example_dag_decorator' retrieved from /home/airflow/.local/lib/python3.12/site-packages/airflow/example_dags/example_dag_decorator.py
[2026-02-14T16:05:56.238+0000] {logging_mixin.py:188} INFO - [2026-02-14T16:05:56.238+0000] {dag.py:3089} INFO - Sync 1 DAGs
[2026-02-14T16:05:56.244+0000] {logging_mixin.py:188} INFO - [2026-02-14T16:05:56.244+0000] {dag.py:3947} INFO - Setting next_dagrun for example_dag_decorator to None, run_after=None
[2026-02-14T16:05:56.252+0000] {processor.py:183} INFO - Processing /home/airflow/.local/lib/python3.12/site-packages/airflow/example_dags/example_dag_decorator.py took 0.117 seconds
[2026-02-14T16:06:26.592+0000] {processor.py:161} INFO - Started process (PID=2346) to work on /home/airflow/.local/lib/python3.12/site-packages/airflow/example_dags/example_dag_decorator.py
[2026-02-14T16:06:26.593+0000] {processor.py:830} INFO - Processing file /home/airflow/.local/lib/python3.12/site-packages/airflow/example_dags/example_dag_decorator.py for tasks to queue
[2026-02-14T16:06:26.595+0000] {logging_mixin.py:188} INFO - [2026-02-14T16:06:26.595+0000] {dagbag.py:545} INFO - Filling up the DagBag from /home/airflow/.local/lib/python3.12/site-packages/airflow/example_dags/example_dag_decorator.py
[2026-02-14T16:06:26.647+0000] {processor.py:840} INFO - DAG(s) 'example_dag_decorator' retrieved from /home/airflow/.local/lib/python3.12/site-packages/airflow/example_dags/example_dag_decorator.py
[2026-02-14T16:06:26.684+0000] {logging_mixin.py:188} INFO - [2026-02-14T16:06:26.684+0000] {dag.py:3089} INFO - Sync 1 DAGs
[2026-02-14T16:06:26.688+0000] {logging_mixin.py:188} INFO - [2026-02-14T16:06:26.688+0000] {dag.py:3947} INFO - Setting next_dagrun for example_dag_decorator to None, run_after=None
[2026-02-14T16:06:26.696+0000] {processor.py:183} INFO - Processing /home/airflow/.local/lib/python3.12/site-packages/airflow/example_dags/example_dag_decorator.py took 0.107 seconds
[2026-02-14T16:06:57.205+0000] {processor.py:161} INFO - Started process (PID=2405) to work on /home/airflow/.local/lib/python3.12/site-packages/airflow/example_dags/example_dag_decorator.py
[2026-02-14T16:06:57.207+0000] {processor.py:830} INFO - Processing file /home/airflow/.local/lib/python3.12/site-packages/airflow/example_dags/example_dag_decorator.py for tasks to queue
[2026-02-14T16:06:57.209+0000] {logging_mixin.py:188} INFO - [2026-02-14T16:06:57.208+0000] {dagbag.py:545} INFO - Filling up the DagBag from /home/airflow/.local/lib/python3.12/site-packages/airflow/example_dags/example_dag_decorator.py
[2026-02-14T16:06:57.299+0000] {processor.py:840} INFO - DAG(s) 'example_dag_decorator' retrieved from /home/airflow/.local/lib/python3.12/site-packages/airflow/example_dags/example_dag_decorator.py
[2026-02-14T16:06:57.387+0000] {logging_mixin.py:188} INFO - [2026-02-14T16:06:57.387+0000] {dag.py:3089} INFO - Sync 1 DAGs
[2026-02-14T16:06:57.395+0000] {logging_mixin.py:188} INFO - [2026-02-14T16:06:57.395+0000] {dag.py:3947} INFO - Setting next_dagrun for example_dag_decorator to None, run_after=None
[2026-02-14T16:06:57.408+0000] {processor.py:183} INFO - Processing /home/airflow/.local/lib/python3.12/site-packages/airflow/example_dags/example_dag_decorator.py took 0.209 seconds
[2026-02-14T16:07:28.063+0000] {processor.py:161} INFO - Started process (PID=2464) to work on /home/airflow/.local/lib/python3.12/site-packages/airflow/example_dags/example_dag_decorator.py
[2026-02-14T16:07:28.064+0000] {processor.py:830} INFO - Processing file /home/airflow/.local/lib/python3.12/site-packages/airflow/example_dags/example_dag_decorator.py for tasks to queue
[2026-02-14T16:07:28.067+0000] {logging_mixin.py:188} INFO - [2026-02-14T16:07:28.067+0000] {dagbag.py:545} INFO - Filling up the DagBag from /home/airflow/.local/lib/python3.12/site-packages/airflow/example_dags/example_dag_decorator.py
[2026-02-14T16:07:28.166+0000] {processor.py:840} INFO - DAG(s) 'example_dag_decorator' retrieved from /home/airflow/.local/lib/python3.12/site-packages/airflow/example_dags/example_dag_decorator.py
[2026-02-14T16:07:28.222+0000] {logging_mixin.py:188} INFO - [2026-02-14T16:07:28.222+0000] {dag.py:3089} INFO - Sync 1 DAGs
[2026-02-14T16:07:28.227+0000] {logging_mixin.py:188} INFO - [2026-02-14T16:07:28.227+0000] {dag.py:3947} INFO - Setting next_dagrun for example_dag_decorator to None, run_after=None
[2026-02-14T16:07:28.237+0000] {processor.py:183} INFO - Processing /home/airflow/.local/lib/python3.12/site-packages/airflow/example_dags/example_dag_decorator.py took 0.182 seconds
[2026-02-14T16:07:58.916+0000] {processor.py:161} INFO - Started process (PID=2523) to work on /home/airflow/.local/lib/python3.12/site-packages/airflow/example_dags/example_dag_decorator.py
[2026-02-14T16:07:58.916+0000] {processor.py:830} INFO - Processing file /home/airflow/.local/lib/python3.12/site-packages/airflow/example_dags/example_dag_decorator.py for tasks to queue
[2026-02-14T16:07:58.918+0000] {logging_mixin.py:188} INFO - [2026-02-14T16:07:58.918+0000] {dagbag.py:545} INFO - Filling up the DagBag from /home/airflow/.local/lib/python3.12/site-packages/airflow/example_dags/example_dag_decorator.py
[2026-02-14T16:07:58.965+0000] {processor.py:840} INFO - DAG(s) 'example_dag_decorator' retrieved from /home/airflow/.local/lib/python3.12/site-packages/airflow/example_dags/example_dag_decorator.py
[2026-02-14T16:07:59.005+0000] {logging_mixin.py:188} INFO - [2026-02-14T16:07:59.004+0000] {dag.py:3089} INFO - Sync 1 DAGs
[2026-02-14T16:07:59.008+0000] {logging_mixin.py:188} INFO - [2026-02-14T16:07:59.008+0000] {dag.py:3947} INFO - Setting next_dagrun for example_dag_decorator to None, run_after=None
[2026-02-14T16:07:59.019+0000] {processor.py:183} INFO - Processing /home/airflow/.local/lib/python3.12/site-packages/airflow/example_dags/example_dag_decorator.py took 0.111 seconds
[2026-02-14T16:08:29.365+0000] {processor.py:161} INFO - Started process (PID=2582) to work on /home/airflow/.local/lib/python3.12/site-packages/airflow/example_dags/example_dag_decorator.py
[2026-02-14T16:08:29.366+0000] {processor.py:830} INFO - Processing file /home/airflow/.local/lib/python3.12/site-packages/airflow/example_dags/example_dag_decorator.py for tasks to queue
[2026-02-14T16:08:29.369+0000] {logging_mixin.py:188} INFO - [2026-02-14T16:08:29.368+0000] {dagbag.py:545} INFO - Filling up the DagBag from /home/airflow/.local/lib/python3.12/site-packages/airflow/example_dags/example_dag_decorator.py
[2026-02-14T16:08:29.431+0000] {processor.py:840} INFO - DAG(s) 'example_dag_decorator' retrieved from /home/airflow/.local/lib/python3.12/site-packages/airflow/example_dags/example_dag_decorator.py
[2026-02-14T16:08:29.477+0000] {logging_mixin.py:188} INFO - [2026-02-14T16:08:29.477+0000] {dag.py:3089} INFO - Sync 1 DAGs
[2026-02-14T16:08:29.482+0000] {logging_mixin.py:188} INFO - [2026-02-14T16:08:29.482+0000] {dag.py:3947} INFO - Setting next_dagrun for example_dag_decorator to None, run_after=None
[2026-02-14T16:08:29.492+0000] {processor.py:183} INFO - Processing /home/airflow/.local/lib/python3.12/site-packages/airflow/example_dags/example_dag_decorator.py took 0.131 seconds
[2026-02-14T16:08:59.842+0000] {processor.py:161} INFO - Started process (PID=2641) to work on /home/airflow/.local/lib/python3.12/site-packages/airflow/example_dags/example_dag_decorator.py
[2026-02-14T16:08:59.843+0000] {processor.py:830} INFO - Processing file /home/airflow/.local/lib/python3.12/site-packages/airflow/example_dags/example_dag_decorator.py for tasks to queue
[2026-02-14T16:08:59.844+0000] {logging_mixin.py:188} INFO - [2026-02-14T16:08:59.844+0000] {dagbag.py:545} INFO - Filling up the DagBag from /home/airflow/.local/lib/python3.12/site-packages/airflow/example_dags/example_dag_decorator.py
[2026-02-14T16:08:59.890+0000] {processor.py:840} INFO - DAG(s) 'example_dag_decorator' retrieved from /home/airflow/.local/lib/python3.12/site-packages/airflow/example_dags/example_dag_decorator.py
[2026-02-14T16:08:59.926+0000] {logging_mixin.py:188} INFO - [2026-02-14T16:08:59.926+0000] {dag.py:3089} INFO - Sync 1 DAGs
[2026-02-14T16:08:59.931+0000] {logging_mixin.py:188} INFO - [2026-02-14T16:08:59.931+0000] {dag.py:3947} INFO - Setting next_dagrun for example_dag_decorator to None, run_after=None
[2026-02-14T16:08:59.942+0000] {processor.py:183} INFO - Processing /home/airflow/.local/lib/python3.12/site-packages/airflow/example_dags/example_dag_decorator.py took 0.105 seconds
[2026-02-14T16:09:30.294+0000] {processor.py:161} INFO - Started process (PID=2700) to work on /home/airflow/.local/lib/python3.12/site-packages/airflow/example_dags/example_dag_decorator.py
[2026-02-14T16:09:30.294+0000] {processor.py:830} INFO - Processing file /home/airflow/.local/lib/python3.12/site-packages/airflow/example_dags/example_dag_decorator.py for tasks to queue
[2026-02-14T16:09:30.296+0000] {logging_mixin.py:188} INFO - [2026-02-14T16:09:30.296+0000] {dagbag.py:545} INFO - Filling up the DagBag from /home/airflow/.local/lib/python3.12/site-packages/airflow/example_dags/example_dag_decorator.py
[2026-02-14T16:09:30.364+0000] {processor.py:840} INFO - DAG(s) 'example_dag_decorator' retrieved from /home/airflow/.local/lib/python3.12/site-packages/airflow/example_dags/example_dag_decorator.py
[2026-02-14T16:09:30.409+0000] {logging_mixin.py:188} INFO - [2026-02-14T16:09:30.409+0000] {dag.py:3089} INFO - Sync 1 DAGs
[2026-02-14T16:09:30.414+0000] {logging_mixin.py:188} INFO - [2026-02-14T16:09:30.414+0000] {dag.py:3947} INFO - Setting next_dagrun for example_dag_decorator to None, run_after=None
[2026-02-14T16:09:30.422+0000] {processor.py:183} INFO - Processing /home/airflow/.local/lib/python3.12/site-packages/airflow/example_dags/example_dag_decorator.py took 0.131 seconds
[2026-02-14T16:10:00.605+0000] {processor.py:161} INFO - Started process (PID=2759) to work on /home/airflow/.local/lib/python3.12/site-packages/airflow/example_dags/example_dag_decorator.py
[2026-02-14T16:10:00.606+0000] {processor.py:830} INFO - Processing file /home/airflow/.local/lib/python3.12/site-packages/airflow/example_dags/example_dag_decorator.py for tasks to queue
[2026-02-14T16:10:00.607+0000] {logging_mixin.py:188} INFO - [2026-02-14T16:10:00.607+0000] {dagbag.py:545} INFO - Filling up the DagBag from /home/airflow/.local/lib/python3.12/site-packages/airflow/example_dags/example_dag_decorator.py
[2026-02-14T16:10:00.669+0000] {processor.py:840} INFO - DAG(s) 'example_dag_decorator' retrieved from /home/airflow/.local/lib/python3.12/site-packages/airflow/example_dags/example_dag_decorator.py
[2026-02-14T16:10:00.715+0000] {logging_mixin.py:188} INFO - [2026-02-14T16:10:00.715+0000] {dag.py:3089} INFO - Sync 1 DAGs
[2026-02-14T16:10:00.719+0000] {logging_mixin.py:188} INFO - [2026-02-14T16:10:00.719+0000] {dag.py:3947} INFO - Setting next_dagrun for example_dag_decorator to None, run_after=None
[2026-02-14T16:10:00.726+0000] {processor.py:183} INFO - Processing /home/airflow/.local/lib/python3.12/site-packages/airflow/example_dags/example_dag_decorator.py took 0.124 seconds
[2026-02-14T16:10:30.922+0000] {processor.py:161} INFO - Started process (PID=2817) to work on /home/airflow/.local/lib/python3.12/site-packages/airflow/example_dags/example_dag_decorator.py
[2026-02-14T16:10:30.923+0000] {processor.py:830} INFO - Processing file /home/airflow/.local/lib/python3.12/site-packages/airflow/example_dags/example_dag_decorator.py for tasks to queue
[2026-02-14T16:10:30.925+0000] {logging_mixin.py:188} INFO - [2026-02-14T16:10:30.924+0000] {dagbag.py:545} INFO - Filling up the DagBag from /home/airflow/.local/lib/python3.12/site-packages/airflow/example_dags/example_dag_decorator.py
[2026-02-14T16:10:30.995+0000] {processor.py:840} INFO - DAG(s) 'example_dag_decorator' retrieved from /home/airflow/.local/lib/python3.12/site-packages/airflow/example_dags/example_dag_decorator.py
[2026-02-14T16:10:31.068+0000] {logging_mixin.py:188} INFO - [2026-02-14T16:10:31.067+0000] {dag.py:3089} INFO - Sync 1 DAGs
[2026-02-14T16:10:31.075+0000] {logging_mixin.py:188} INFO - [2026-02-14T16:10:31.075+0000] {dag.py:3947} INFO - Setting next_dagrun for example_dag_decorator to None, run_after=None
[2026-02-14T16:10:31.084+0000] {processor.py:183} INFO - Processing /home/airflow/.local/lib/python3.12/site-packages/airflow/example_dags/example_dag_decorator.py took 0.165 seconds
[2026-02-14T16:11:01.614+0000] {processor.py:161} INFO - Started process (PID=2876) to work on /home/airflow/.local/lib/python3.12/site-packages/airflow/example_dags/example_dag_decorator.py
[2026-02-14T16:11:01.615+0000] {processor.py:830} INFO - Processing file /home/airflow/.local/lib/python3.12/site-packages/airflow/example_dags/example_dag_decorator.py for tasks to queue
[2026-02-14T16:11:01.619+0000] {logging_mixin.py:188} INFO - [2026-02-14T16:11:01.618+0000] {dagbag.py:545} INFO - Filling up the DagBag from /home/airflow/.local/lib/python3.12/site-packages/airflow/example_dags/example_dag_decorator.py
[2026-02-14T16:11:01.709+0000] {processor.py:840} INFO - DAG(s) 'example_dag_decorator' retrieved from /home/airflow/.local/lib/python3.12/site-packages/airflow/example_dags/example_dag_decorator.py
[2026-02-14T16:11:01.787+0000] {logging_mixin.py:188} INFO - [2026-02-14T16:11:01.787+0000] {dag.py:3089} INFO - Sync 1 DAGs
[2026-02-14T16:11:01.797+0000] {logging_mixin.py:188} INFO - [2026-02-14T16:11:01.797+0000] {dag.py:3947} INFO - Setting next_dagrun for example_dag_decorator to None, run_after=None
[2026-02-14T16:11:01.811+0000] {processor.py:183} INFO - Processing /home/airflow/.local/lib/python3.12/site-packages/airflow/example_dags/example_dag_decorator.py took 0.201 seconds
[2026-02-14T16:11:31.830+0000] {processor.py:161} INFO - Started process (PID=2935) to work on /home/airflow/.local/lib/python3.12/site-packages/airflow/example_dags/example_dag_decorator.py
[2026-02-14T16:11:31.832+0000] {processor.py:830} INFO - Processing file /home/airflow/.local/lib/python3.12/site-packages/airflow/example_dags/example_dag_decorator.py for tasks to queue
[2026-02-14T16:11:31.834+0000] {logging_mixin.py:188} INFO - [2026-02-14T16:11:31.834+0000] {dagbag.py:545} INFO - Filling up the DagBag from /home/airflow/.local/lib/python3.12/site-packages/airflow/example_dags/example_dag_decorator.py
[2026-02-14T16:11:31.896+0000] {processor.py:840} INFO - DAG(s) 'example_dag_decorator' retrieved from /home/airflow/.local/lib/python3.12/site-packages/airflow/example_dags/example_dag_decorator.py
[2026-02-14T16:11:32.005+0000] {logging_mixin.py:188} INFO - [2026-02-14T16:11:32.005+0000] {dag.py:3089} INFO - Sync 1 DAGs
[2026-02-14T16:11:32.012+0000] {logging_mixin.py:188} INFO - [2026-02-14T16:11:32.012+0000] {dag.py:3947} INFO - Setting next_dagrun for example_dag_decorator to None, run_after=None
[2026-02-14T16:11:32.055+0000] {processor.py:183} INFO - Processing /home/airflow/.local/lib/python3.12/site-packages/airflow/example_dags/example_dag_decorator.py took 0.230 seconds
[2026-02-14T16:12:02.319+0000] {processor.py:161} INFO - Started process (PID=2994) to work on /home/airflow/.local/lib/python3.12/site-packages/airflow/example_dags/example_dag_decorator.py
[2026-02-14T16:12:02.320+0000] {processor.py:830} INFO - Processing file /home/airflow/.local/lib/python3.12/site-packages/airflow/example_dags/example_dag_decorator.py for tasks to queue
[2026-02-14T16:12:02.322+0000] {logging_mixin.py:188} INFO - [2026-02-14T16:12:02.321+0000] {dagbag.py:545} INFO - Filling up the DagBag from /home/airflow/.local/lib/python3.12/site-packages/airflow/example_dags/example_dag_decorator.py
[2026-02-14T16:12:02.380+0000] {processor.py:840} INFO - DAG(s) 'example_dag_decorator' retrieved from /home/airflow/.local/lib/python3.12/site-packages/airflow/example_dags/example_dag_decorator.py
[2026-02-14T16:12:02.429+0000] {logging_mixin.py:188} INFO - [2026-02-14T16:12:02.429+0000] {dag.py:3089} INFO - Sync 1 DAGs
[2026-02-14T16:12:02.433+0000] {logging_mixin.py:188} INFO - [2026-02-14T16:12:02.433+0000] {dag.py:3947} INFO - Setting next_dagrun for example_dag_decorator to None, run_after=None
[2026-02-14T16:12:02.443+0000] {processor.py:183} INFO - Processing /home/airflow/.local/lib/python3.12/site-packages/airflow/example_dags/example_dag_decorator.py took 0.127 seconds
[2026-02-14T16:12:32.740+0000] {processor.py:161} INFO - Started process (PID=3053) to work on /home/airflow/.local/lib/python3.12/site-packages/airflow/example_dags/example_dag_decorator.py
[2026-02-14T16:12:32.741+0000] {processor.py:830} INFO - Processing file /home/airflow/.local/lib/python3.12/site-packages/airflow/example_dags/example_dag_decorator.py for tasks to queue
[2026-02-14T16:12:32.745+0000] {logging_mixin.py:188} INFO - [2026-02-14T16:12:32.745+0000] {dagbag.py:545} INFO - Filling up the DagBag from /home/airflow/.local/lib/python3.12/site-packages/airflow/example_dags/example_dag_decorator.py
[2026-02-14T16:12:32.820+0000] {processor.py:840} INFO - DAG(s) 'example_dag_decorator' retrieved from /home/airflow/.local/lib/python3.12/site-packages/airflow/example_dags/example_dag_decorator.py
[2026-02-14T16:12:32.885+0000] {logging_mixin.py:188} INFO - [2026-02-14T16:12:32.885+0000] {dag.py:3089} INFO - Sync 1 DAGs
[2026-02-14T16:12:32.890+0000] {logging_mixin.py:188} INFO - [2026-02-14T16:12:32.890+0000] {dag.py:3947} INFO - Setting next_dagrun for example_dag_decorator to None, run_after=None
[2026-02-14T16:12:32.900+0000] {processor.py:183} INFO - Processing /home/airflow/.local/lib/python3.12/site-packages/airflow/example_dags/example_dag_decorator.py took 0.165 seconds
[2026-02-14T16:13:03.275+0000] {processor.py:161} INFO - Started process (PID=3112) to work on /home/airflow/.local/lib/python3.12/site-packages/airflow/example_dags/example_dag_decorator.py
[2026-02-14T16:13:03.276+0000] {processor.py:830} INFO - Processing file /home/airflow/.local/lib/python3.12/site-packages/airflow/example_dags/example_dag_decorator.py for tasks to queue
[2026-02-14T16:13:03.278+0000] {logging_mixin.py:188} INFO - [2026-02-14T16:13:03.277+0000] {dagbag.py:545} INFO - Filling up the DagBag from /home/airflow/.local/lib/python3.12/site-packages/airflow/example_dags/example_dag_decorator.py
[2026-02-14T16:13:03.335+0000] {processor.py:840} INFO - DAG(s) 'example_dag_decorator' retrieved from /home/airflow/.local/lib/python3.12/site-packages/airflow/example_dags/example_dag_decorator.py
[2026-02-14T16:13:03.376+0000] {logging_mixin.py:188} INFO - [2026-02-14T16:13:03.376+0000] {dag.py:3089} INFO - Sync 1 DAGs
[2026-02-14T16:13:03.380+0000] {logging_mixin.py:188} INFO - [2026-02-14T16:13:03.380+0000] {dag.py:3947} INFO - Setting next_dagrun for example_dag_decorator to None, run_after=None
[2026-02-14T16:13:03.387+0000] {processor.py:183} INFO - Processing /home/airflow/.local/lib/python3.12/site-packages/airflow/example_dags/example_dag_decorator.py took 0.117 seconds
[2026-02-14T16:13:33.562+0000] {processor.py:161} INFO - Started process (PID=3171) to work on /home/airflow/.local/lib/python3.12/site-packages/airflow/example_dags/example_dag_decorator.py
[2026-02-14T16:13:33.563+0000] {processor.py:830} INFO - Processing file /home/airflow/.local/lib/python3.12/site-packages/airflow/example_dags/example_dag_decorator.py for tasks to queue
[2026-02-14T16:13:33.564+0000] {logging_mixin.py:188} INFO - [2026-02-14T16:13:33.564+0000] {dagbag.py:545} INFO - Filling up the DagBag from /home/airflow/.local/lib/python3.12/site-packages/airflow/example_dags/example_dag_decorator.py
[2026-02-14T16:13:33.608+0000] {processor.py:840} INFO - DAG(s) 'example_dag_decorator' retrieved from /home/airflow/.local/lib/python3.12/site-packages/airflow/example_dags/example_dag_decorator.py
[2026-02-14T16:13:33.647+0000] {logging_mixin.py:188} INFO - [2026-02-14T16:13:33.646+0000] {dag.py:3089} INFO - Sync 1 DAGs
[2026-02-14T16:13:33.650+0000] {logging_mixin.py:188} INFO - [2026-02-14T16:13:33.650+0000] {dag.py:3947} INFO - Setting next_dagrun for example_dag_decorator to None, run_after=None
[2026-02-14T16:13:33.657+0000] {processor.py:183} INFO - Processing /home/airflow/.local/lib/python3.12/site-packages/airflow/example_dags/example_dag_decorator.py took 0.098 seconds
[2026-02-14T16:14:03.817+0000] {processor.py:161} INFO - Started process (PID=3230) to work on /home/airflow/.local/lib/python3.12/site-packages/airflow/example_dags/example_dag_decorator.py
[2026-02-14T16:14:03.818+0000] {processor.py:830} INFO - Processing file /home/airflow/.local/lib/python3.12/site-packages/airflow/example_dags/example_dag_decorator.py for tasks to queue
[2026-02-14T16:14:03.819+0000] {logging_mixin.py:188} INFO - [2026-02-14T16:14:03.819+0000] {dagbag.py:545} INFO - Filling up the DagBag from /home/airflow/.local/lib/python3.12/site-packages/airflow/example_dags/example_dag_decorator.py
[2026-02-14T16:14:03.888+0000] {processor.py:840} INFO - DAG(s) 'example_dag_decorator' retrieved from /home/airflow/.local/lib/python3.12/site-packages/airflow/example_dags/example_dag_decorator.py
[2026-02-14T16:14:03.957+0000] {logging_mixin.py:188} INFO - [2026-02-14T16:14:03.957+0000] {dag.py:3089} INFO - Sync 1 DAGs
[2026-02-14T16:14:03.965+0000] {logging_mixin.py:188} INFO - [2026-02-14T16:14:03.965+0000] {dag.py:3947} INFO - Setting next_dagrun for example_dag_decorator to None, run_after=None
[2026-02-14T16:14:03.976+0000] {processor.py:183} INFO - Processing /home/airflow/.local/lib/python3.12/site-packages/airflow/example_dags/example_dag_decorator.py took 0.163 seconds
[2026-02-14T16:14:34.043+0000] {processor.py:161} INFO - Started process (PID=3289) to work on /home/airflow/.local/lib/python3.12/site-packages/airflow/example_dags/example_dag_decorator.py
[2026-02-14T16:14:34.045+0000] {processor.py:830} INFO - Processing file /home/airflow/.local/lib/python3.12/site-packages/airflow/example_dags/example_dag_decorator.py for tasks to queue
[2026-02-14T16:14:34.047+0000] {logging_mixin.py:188} INFO - [2026-02-14T16:14:34.047+0000] {dagbag.py:545} INFO - Filling up the DagBag from /home/airflow/.local/lib/python3.12/site-packages/airflow/example_dags/example_dag_decorator.py
[2026-02-14T16:14:34.175+0000] {processor.py:840} INFO - DAG(s) 'example_dag_decorator' retrieved from /home/airflow/.local/lib/python3.12/site-packages/airflow/example_dags/example_dag_decorator.py
[2026-02-14T16:14:34.469+0000] {logging_mixin.py:188} INFO - [2026-02-14T16:14:34.468+0000] {dag.py:3089} INFO - Sync 1 DAGs
[2026-02-14T16:14:34.480+0000] {logging_mixin.py:188} INFO - [2026-02-14T16:14:34.480+0000] {dag.py:3947} INFO - Setting next_dagrun for example_dag_decorator to None, run_after=None
[2026-02-14T16:14:34.577+0000] {processor.py:183} INFO - Processing /home/airflow/.local/lib/python3.12/site-packages/airflow/example_dags/example_dag_decorator.py took 0.542 seconds
[2026-02-14T16:15:05.270+0000] {processor.py:161} INFO - Started process (PID=3348) to work on /home/airflow/.local/lib/python3.12/site-packages/airflow/example_dags/example_dag_decorator.py
[2026-02-14T16:15:05.271+0000] {processor.py:830} INFO - Processing file /home/airflow/.local/lib/python3.12/site-packages/airflow/example_dags/example_dag_decorator.py for tasks to queue
[2026-02-14T16:15:05.273+0000] {logging_mixin.py:188} INFO - [2026-02-14T16:15:05.273+0000] {dagbag.py:545} INFO - Filling up the DagBag from /home/airflow/.local/lib/python3.12/site-packages/airflow/example_dags/example_dag_decorator.py
[2026-02-14T16:15:05.357+0000] {processor.py:840} INFO - DAG(s) 'example_dag_decorator' retrieved from /home/airflow/.local/lib/python3.12/site-packages/airflow/example_dags/example_dag_decorator.py
[2026-02-14T16:15:05.428+0000] {logging_mixin.py:188} INFO - [2026-02-14T16:15:05.428+0000] {dag.py:3089} INFO - Sync 1 DAGs
[2026-02-14T16:15:05.435+0000] {logging_mixin.py:188} INFO - [2026-02-14T16:15:05.435+0000] {dag.py:3947} INFO - Setting next_dagrun for example_dag_decorator to None, run_after=None
[2026-02-14T16:15:05.445+0000] {processor.py:183} INFO - Processing /home/airflow/.local/lib/python3.12/site-packages/airflow/example_dags/example_dag_decorator.py took 0.181 seconds
[2026-02-14T16:15:35.963+0000] {processor.py:161} INFO - Started process (PID=3407) to work on /home/airflow/.local/lib/python3.12/site-packages/airflow/example_dags/example_dag_decorator.py
[2026-02-14T16:15:35.964+0000] {processor.py:830} INFO - Processing file /home/airflow/.local/lib/python3.12/site-packages/airflow/example_dags/example_dag_decorator.py for tasks to queue
[2026-02-14T16:15:35.965+0000] {logging_mixin.py:188} INFO - [2026-02-14T16:15:35.965+0000] {dagbag.py:545} INFO - Filling up the DagBag from /home/airflow/.local/lib/python3.12/site-packages/airflow/example_dags/example_dag_decorator.py
[2026-02-14T16:15:36.055+0000] {processor.py:840} INFO - DAG(s) 'example_dag_decorator' retrieved from /home/airflow/.local/lib/python3.12/site-packages/airflow/example_dags/example_dag_decorator.py
[2026-02-14T16:15:36.102+0000] {logging_mixin.py:188} INFO - [2026-02-14T16:15:36.102+0000] {dag.py:3089} INFO - Sync 1 DAGs
[2026-02-14T16:15:36.110+0000] {logging_mixin.py:188} INFO - [2026-02-14T16:15:36.110+0000] {dag.py:3947} INFO - Setting next_dagrun for example_dag_decorator to None, run_after=None
[2026-02-14T16:15:36.120+0000] {processor.py:183} INFO - Processing /home/airflow/.local/lib/python3.12/site-packages/airflow/example_dags/example_dag_decorator.py took 0.162 seconds
[2026-02-14T16:16:06.181+0000] {processor.py:161} INFO - Started process (PID=3466) to work on /home/airflow/.local/lib/python3.12/site-packages/airflow/example_dags/example_dag_decorator.py
[2026-02-14T16:16:06.182+0000] {processor.py:830} INFO - Processing file /home/airflow/.local/lib/python3.12/site-packages/airflow/example_dags/example_dag_decorator.py for tasks to queue
[2026-02-14T16:16:06.183+0000] {logging_mixin.py:188} INFO - [2026-02-14T16:16:06.182+0000] {dagbag.py:545} INFO - Filling up the DagBag from /home/airflow/.local/lib/python3.12/site-packages/airflow/example_dags/example_dag_decorator.py
[2026-02-14T16:16:06.245+0000] {processor.py:840} INFO - DAG(s) 'example_dag_decorator' retrieved from /home/airflow/.local/lib/python3.12/site-packages/airflow/example_dags/example_dag_decorator.py
[2026-02-14T16:16:06.293+0000] {logging_mixin.py:188} INFO - [2026-02-14T16:16:06.293+0000] {dag.py:3089} INFO - Sync 1 DAGs
[2026-02-14T16:16:06.300+0000] {logging_mixin.py:188} INFO - [2026-02-14T16:16:06.300+0000] {dag.py:3947} INFO - Setting next_dagrun for example_dag_decorator to None, run_after=None
[2026-02-14T16:16:06.310+0000] {processor.py:183} INFO - Processing /home/airflow/.local/lib/python3.12/site-packages/airflow/example_dags/example_dag_decorator.py took 0.132 seconds
[2026-02-14T16:16:36.685+0000] {processor.py:161} INFO - Started process (PID=3525) to work on /home/airflow/.local/lib/python3.12/site-packages/airflow/example_dags/example_dag_decorator.py
[2026-02-14T16:16:36.687+0000] {processor.py:830} INFO - Processing file /home/airflow/.local/lib/python3.12/site-packages/airflow/example_dags/example_dag_decorator.py for tasks to queue
[2026-02-14T16:16:36.689+0000] {logging_mixin.py:188} INFO - [2026-02-14T16:16:36.689+0000] {dagbag.py:545} INFO - Filling up the DagBag from /home/airflow/.local/lib/python3.12/site-packages/airflow/example_dags/example_dag_decorator.py
[2026-02-14T16:16:36.762+0000] {processor.py:840} INFO - DAG(s) 'example_dag_decorator' retrieved from /home/airflow/.local/lib/python3.12/site-packages/airflow/example_dags/example_dag_decorator.py
[2026-02-14T16:16:36.812+0000] {logging_mixin.py:188} INFO - [2026-02-14T16:16:36.812+0000] {dag.py:3089} INFO - Sync 1 DAGs
[2026-02-14T16:16:36.817+0000] {logging_mixin.py:188} INFO - [2026-02-14T16:16:36.816+0000] {dag.py:3947} INFO - Setting next_dagrun for example_dag_decorator to None, run_after=None
[2026-02-14T16:16:36.827+0000] {processor.py:183} INFO - Processing /home/airflow/.local/lib/python3.12/site-packages/airflow/example_dags/example_dag_decorator.py took 0.146 seconds
[2026-02-14T16:17:07.210+0000] {processor.py:161} INFO - Started process (PID=3584) to work on /home/airflow/.local/lib/python3.12/site-packages/airflow/example_dags/example_dag_decorator.py
[2026-02-14T16:17:07.212+0000] {processor.py:830} INFO - Processing file /home/airflow/.local/lib/python3.12/site-packages/airflow/example_dags/example_dag_decorator.py for tasks to queue
[2026-02-14T16:17:07.215+0000] {logging_mixin.py:188} INFO - [2026-02-14T16:17:07.215+0000] {dagbag.py:545} INFO - Filling up the DagBag from /home/airflow/.local/lib/python3.12/site-packages/airflow/example_dags/example_dag_decorator.py
[2026-02-14T16:17:07.296+0000] {processor.py:840} INFO - DAG(s) 'example_dag_decorator' retrieved from /home/airflow/.local/lib/python3.12/site-packages/airflow/example_dags/example_dag_decorator.py
[2026-02-14T16:17:07.347+0000] {logging_mixin.py:188} INFO - [2026-02-14T16:17:07.347+0000] {dag.py:3089} INFO - Sync 1 DAGs
[2026-02-14T16:17:07.352+0000] {logging_mixin.py:188} INFO - [2026-02-14T16:17:07.351+0000] {dag.py:3947} INFO - Setting next_dagrun for example_dag_decorator to None, run_after=None
[2026-02-14T16:17:07.361+0000] {processor.py:183} INFO - Processing /home/airflow/.local/lib/python3.12/site-packages/airflow/example_dags/example_dag_decorator.py took 0.155 seconds
[2026-02-14T16:17:37.904+0000] {processor.py:161} INFO - Started process (PID=3643) to work on /home/airflow/.local/lib/python3.12/site-packages/airflow/example_dags/example_dag_decorator.py
[2026-02-14T16:17:37.904+0000] {processor.py:830} INFO - Processing file /home/airflow/.local/lib/python3.12/site-packages/airflow/example_dags/example_dag_decorator.py for tasks to queue
[2026-02-14T16:17:37.907+0000] {logging_mixin.py:188} INFO - [2026-02-14T16:17:37.907+0000] {dagbag.py:545} INFO - Filling up the DagBag from /home/airflow/.local/lib/python3.12/site-packages/airflow/example_dags/example_dag_decorator.py
[2026-02-14T16:17:37.968+0000] {processor.py:840} INFO - DAG(s) 'example_dag_decorator' retrieved from /home/airflow/.local/lib/python3.12/site-packages/airflow/example_dags/example_dag_decorator.py
[2026-02-14T16:17:38.015+0000] {logging_mixin.py:188} INFO - [2026-02-14T16:17:38.015+0000] {dag.py:3089} INFO - Sync 1 DAGs
[2026-02-14T16:17:38.019+0000] {logging_mixin.py:188} INFO - [2026-02-14T16:17:38.019+0000] {dag.py:3947} INFO - Setting next_dagrun for example_dag_decorator to None, run_after=None
[2026-02-14T16:17:38.030+0000] {processor.py:183} INFO - Processing /home/airflow/.local/lib/python3.12/site-packages/airflow/example_dags/example_dag_decorator.py took 0.132 seconds
[2026-02-14T16:18:08.551+0000] {processor.py:161} INFO - Started process (PID=3702) to work on /home/airflow/.local/lib/python3.12/site-packages/airflow/example_dags/example_dag_decorator.py
[2026-02-14T16:18:08.552+0000] {processor.py:830} INFO - Processing file /home/airflow/.local/lib/python3.12/site-packages/airflow/example_dags/example_dag_decorator.py for tasks to queue
[2026-02-14T16:18:08.555+0000] {logging_mixin.py:188} INFO - [2026-02-14T16:18:08.555+0000] {dagbag.py:545} INFO - Filling up the DagBag from /home/airflow/.local/lib/python3.12/site-packages/airflow/example_dags/example_dag_decorator.py
[2026-02-14T16:18:08.608+0000] {processor.py:840} INFO - DAG(s) 'example_dag_decorator' retrieved from /home/airflow/.local/lib/python3.12/site-packages/airflow/example_dags/example_dag_decorator.py
[2026-02-14T16:18:08.651+0000] {logging_mixin.py:188} INFO - [2026-02-14T16:18:08.651+0000] {dag.py:3089} INFO - Sync 1 DAGs
[2026-02-14T16:18:08.656+0000] {logging_mixin.py:188} INFO - [2026-02-14T16:18:08.656+0000] {dag.py:3947} INFO - Setting next_dagrun for example_dag_decorator to None, run_after=None
[2026-02-14T16:18:08.666+0000] {processor.py:183} INFO - Processing /home/airflow/.local/lib/python3.12/site-packages/airflow/example_dags/example_dag_decorator.py took 0.122 seconds
[2026-02-14T16:18:39.037+0000] {processor.py:161} INFO - Started process (PID=3761) to work on /home/airflow/.local/lib/python3.12/site-packages/airflow/example_dags/example_dag_decorator.py
[2026-02-14T16:18:39.038+0000] {processor.py:830} INFO - Processing file /home/airflow/.local/lib/python3.12/site-packages/airflow/example_dags/example_dag_decorator.py for tasks to queue
[2026-02-14T16:18:39.039+0000] {logging_mixin.py:188} INFO - [2026-02-14T16:18:39.039+0000] {dagbag.py:545} INFO - Filling up the DagBag from /home/airflow/.local/lib/python3.12/site-packages/airflow/example_dags/example_dag_decorator.py
[2026-02-14T16:18:39.148+0000] {processor.py:840} INFO - DAG(s) 'example_dag_decorator' retrieved from /home/airflow/.local/lib/python3.12/site-packages/airflow/example_dags/example_dag_decorator.py
[2026-02-14T16:18:39.212+0000] {logging_mixin.py:188} INFO - [2026-02-14T16:18:39.212+0000] {dag.py:3089} INFO - Sync 1 DAGs
[2026-02-14T16:18:39.218+0000] {logging_mixin.py:188} INFO - [2026-02-14T16:18:39.218+0000] {dag.py:3947} INFO - Setting next_dagrun for example_dag_decorator to None, run_after=None
[2026-02-14T16:18:39.230+0000] {processor.py:183} INFO - Processing /home/airflow/.local/lib/python3.12/site-packages/airflow/example_dags/example_dag_decorator.py took 0.204 seconds
[2026-02-14T16:19:09.322+0000] {processor.py:161} INFO - Started process (PID=3820) to work on /home/airflow/.local/lib/python3.12/site-packages/airflow/example_dags/example_dag_decorator.py
[2026-02-14T16:19:09.323+0000] {processor.py:830} INFO - Processing file /home/airflow/.local/lib/python3.12/site-packages/airflow/example_dags/example_dag_decorator.py for tasks to queue
[2026-02-14T16:19:09.328+0000] {logging_mixin.py:188} INFO - [2026-02-14T16:19:09.327+0000] {dagbag.py:545} INFO - Filling up the DagBag from /home/airflow/.local/lib/python3.12/site-packages/airflow/example_dags/example_dag_decorator.py
[2026-02-14T16:19:09.413+0000] {processor.py:840} INFO - DAG(s) 'example_dag_decorator' retrieved from /home/airflow/.local/lib/python3.12/site-packages/airflow/example_dags/example_dag_decorator.py
[2026-02-14T16:19:09.465+0000] {logging_mixin.py:188} INFO - [2026-02-14T16:19:09.465+0000] {dag.py:3089} INFO - Sync 1 DAGs
[2026-02-14T16:19:09.469+0000] {logging_mixin.py:188} INFO - [2026-02-14T16:19:09.469+0000] {dag.py:3947} INFO - Setting next_dagrun for example_dag_decorator to None, run_after=None
[2026-02-14T16:19:09.478+0000] {processor.py:183} INFO - Processing /home/airflow/.local/lib/python3.12/site-packages/airflow/example_dags/example_dag_decorator.py took 0.162 seconds
[2026-02-14T16:19:39.908+0000] {processor.py:161} INFO - Started process (PID=3879) to work on /home/airflow/.local/lib/python3.12/site-packages/airflow/example_dags/example_dag_decorator.py
[2026-02-14T16:19:39.911+0000] {processor.py:830} INFO - Processing file /home/airflow/.local/lib/python3.12/site-packages/airflow/example_dags/example_dag_decorator.py for tasks to queue
[2026-02-14T16:19:39.918+0000] {logging_mixin.py:188} INFO - [2026-02-14T16:19:39.917+0000] {dagbag.py:545} INFO - Filling up the DagBag from /home/airflow/.local/lib/python3.12/site-packages/airflow/example_dags/example_dag_decorator.py
[2026-02-14T16:19:40.009+0000] {processor.py:840} INFO - DAG(s) 'example_dag_decorator' retrieved from /home/airflow/.local/lib/python3.12/site-packages/airflow/example_dags/example_dag_decorator.py
[2026-02-14T16:19:40.059+0000] {logging_mixin.py:188} INFO - [2026-02-14T16:19:40.059+0000] {dag.py:3089} INFO - Sync 1 DAGs
[2026-02-14T16:19:40.062+0000] {logging_mixin.py:188} INFO - [2026-02-14T16:19:40.062+0000] {dag.py:3947} INFO - Setting next_dagrun for example_dag_decorator to None, run_after=None
[2026-02-14T16:19:40.086+0000] {processor.py:183} INFO - Processing /home/airflow/.local/lib/python3.12/site-packages/airflow/example_dags/example_dag_decorator.py took 0.191 seconds
[2026-02-14T16:20:10.246+0000] {processor.py:161} INFO - Started process (PID=3938) to work on /home/airflow/.local/lib/python3.12/site-packages/airflow/example_dags/example_dag_decorator.py
[2026-02-14T16:20:10.248+0000] {processor.py:830} INFO - Processing file /home/airflow/.local/lib/python3.12/site-packages/airflow/example_dags/example_dag_decorator.py for tasks to queue
[2026-02-14T16:20:10.250+0000] {logging_mixin.py:188} INFO - [2026-02-14T16:20:10.250+0000] {dagbag.py:545} INFO - Filling up the DagBag from /home/airflow/.local/lib/python3.12/site-packages/airflow/example_dags/example_dag_decorator.py
[2026-02-14T16:20:10.360+0000] {processor.py:840} INFO - DAG(s) 'example_dag_decorator' retrieved from /home/airflow/.local/lib/python3.12/site-packages/airflow/example_dags/example_dag_decorator.py
[2026-02-14T16:20:10.477+0000] {logging_mixin.py:188} INFO - [2026-02-14T16:20:10.477+0000] {dag.py:3089} INFO - Sync 1 DAGs
[2026-02-14T16:20:10.490+0000] {logging_mixin.py:188} INFO - [2026-02-14T16:20:10.490+0000] {dag.py:3947} INFO - Setting next_dagrun for example_dag_decorator to None, run_after=None
[2026-02-14T16:20:10.504+0000] {processor.py:183} INFO - Processing /home/airflow/.local/lib/python3.12/site-packages/airflow/example_dags/example_dag_decorator.py took 0.266 seconds
[2026-02-14T16:20:40.900+0000] {processor.py:161} INFO - Started process (PID=3997) to work on /home/airflow/.local/lib/python3.12/site-packages/airflow/example_dags/example_dag_decorator.py
[2026-02-14T16:20:40.902+0000] {processor.py:830} INFO - Processing file /home/airflow/.local/lib/python3.12/site-packages/airflow/example_dags/example_dag_decorator.py for tasks to queue
[2026-02-14T16:20:40.906+0000] {logging_mixin.py:188} INFO - [2026-02-14T16:20:40.906+0000] {dagbag.py:545} INFO - Filling up the DagBag from /home/airflow/.local/lib/python3.12/site-packages/airflow/example_dags/example_dag_decorator.py
[2026-02-14T16:20:41.032+0000] {processor.py:840} INFO - DAG(s) 'example_dag_decorator' retrieved from /home/airflow/.local/lib/python3.12/site-packages/airflow/example_dags/example_dag_decorator.py
[2026-02-14T16:20:41.108+0000] {logging_mixin.py:188} INFO - [2026-02-14T16:20:41.108+0000] {dag.py:3089} INFO - Sync 1 DAGs
[2026-02-14T16:20:41.112+0000] {logging_mixin.py:188} INFO - [2026-02-14T16:20:41.112+0000] {dag.py:3947} INFO - Setting next_dagrun for example_dag_decorator to None, run_after=None
[2026-02-14T16:20:41.124+0000] {processor.py:183} INFO - Processing /home/airflow/.local/lib/python3.12/site-packages/airflow/example_dags/example_dag_decorator.py took 0.228 seconds
[2026-02-14T16:21:11.625+0000] {processor.py:161} INFO - Started process (PID=4056) to work on /home/airflow/.local/lib/python3.12/site-packages/airflow/example_dags/example_dag_decorator.py
[2026-02-14T16:21:11.626+0000] {processor.py:830} INFO - Processing file /home/airflow/.local/lib/python3.12/site-packages/airflow/example_dags/example_dag_decorator.py for tasks to queue
[2026-02-14T16:21:11.628+0000] {logging_mixin.py:188} INFO - [2026-02-14T16:21:11.628+0000] {dagbag.py:545} INFO - Filling up the DagBag from /home/airflow/.local/lib/python3.12/site-packages/airflow/example_dags/example_dag_decorator.py
[2026-02-14T16:21:11.713+0000] {processor.py:840} INFO - DAG(s) 'example_dag_decorator' retrieved from /home/airflow/.local/lib/python3.12/site-packages/airflow/example_dags/example_dag_decorator.py
[2026-02-14T16:21:11.767+0000] {logging_mixin.py:188} INFO - [2026-02-14T16:21:11.767+0000] {dag.py:3089} INFO - Sync 1 DAGs
[2026-02-14T16:21:11.771+0000] {logging_mixin.py:188} INFO - [2026-02-14T16:21:11.771+0000] {dag.py:3947} INFO - Setting next_dagrun for example_dag_decorator to None, run_after=None
[2026-02-14T16:21:11.777+0000] {processor.py:183} INFO - Processing /home/airflow/.local/lib/python3.12/site-packages/airflow/example_dags/example_dag_decorator.py took 0.156 seconds
