[2026-02-14T15:46:38.273+0000] {processor.py:161} INFO - Started process (PID=68) to work on /home/airflow/.local/lib/python3.12/site-packages/airflow/example_dags/example_short_circuit_operator.py
[2026-02-14T15:46:38.273+0000] {processor.py:830} INFO - Processing file /home/airflow/.local/lib/python3.12/site-packages/airflow/example_dags/example_short_circuit_operator.py for tasks to queue
[2026-02-14T15:46:38.278+0000] {logging_mixin.py:188} INFO - [2026-02-14T15:46:38.277+0000] {dagbag.py:545} INFO - Filling up the DagBag from /home/airflow/.local/lib/python3.12/site-packages/airflow/example_dags/example_short_circuit_operator.py
[2026-02-14T15:46:38.287+0000] {processor.py:840} INFO - DAG(s) 'example_short_circuit_operator' retrieved from /home/airflow/.local/lib/python3.12/site-packages/airflow/example_dags/example_short_circuit_operator.py
[2026-02-14T15:46:38.299+0000] {logging_mixin.py:188} INFO - [2026-02-14T15:46:38.299+0000] {dag.py:3089} INFO - Sync 1 DAGs
[2026-02-14T15:46:38.313+0000] {logging_mixin.py:188} INFO - [2026-02-14T15:46:38.313+0000] {dag.py:3947} INFO - Setting next_dagrun for example_short_circuit_operator to 2026-02-13 00:00:00+00:00, run_after=2026-02-14 00:00:00+00:00
[2026-02-14T15:46:38.324+0000] {processor.py:183} INFO - Processing /home/airflow/.local/lib/python3.12/site-packages/airflow/example_dags/example_short_circuit_operator.py took 0.056 seconds
[2026-02-14T15:47:09.091+0000] {processor.py:161} INFO - Started process (PID=133) to work on /home/airflow/.local/lib/python3.12/site-packages/airflow/example_dags/example_short_circuit_operator.py
[2026-02-14T15:47:09.091+0000] {processor.py:830} INFO - Processing file /home/airflow/.local/lib/python3.12/site-packages/airflow/example_dags/example_short_circuit_operator.py for tasks to queue
[2026-02-14T15:47:09.092+0000] {logging_mixin.py:188} INFO - [2026-02-14T15:47:09.092+0000] {dagbag.py:545} INFO - Filling up the DagBag from /home/airflow/.local/lib/python3.12/site-packages/airflow/example_dags/example_short_circuit_operator.py
[2026-02-14T15:47:09.095+0000] {processor.py:840} INFO - DAG(s) 'example_short_circuit_operator' retrieved from /home/airflow/.local/lib/python3.12/site-packages/airflow/example_dags/example_short_circuit_operator.py
[2026-02-14T15:47:09.131+0000] {logging_mixin.py:188} INFO - [2026-02-14T15:47:09.131+0000] {dag.py:3089} INFO - Sync 1 DAGs
[2026-02-14T15:47:09.137+0000] {logging_mixin.py:188} INFO - [2026-02-14T15:47:09.137+0000] {dag.py:3947} INFO - Setting next_dagrun for example_short_circuit_operator to 2026-02-13 00:00:00+00:00, run_after=2026-02-14 00:00:00+00:00
[2026-02-14T15:47:09.143+0000] {processor.py:183} INFO - Processing /home/airflow/.local/lib/python3.12/site-packages/airflow/example_dags/example_short_circuit_operator.py took 0.054 seconds
[2026-02-14T15:47:39.979+0000] {processor.py:161} INFO - Started process (PID=192) to work on /home/airflow/.local/lib/python3.12/site-packages/airflow/example_dags/example_short_circuit_operator.py
[2026-02-14T15:47:39.979+0000] {processor.py:830} INFO - Processing file /home/airflow/.local/lib/python3.12/site-packages/airflow/example_dags/example_short_circuit_operator.py for tasks to queue
[2026-02-14T15:47:39.981+0000] {logging_mixin.py:188} INFO - [2026-02-14T15:47:39.981+0000] {dagbag.py:545} INFO - Filling up the DagBag from /home/airflow/.local/lib/python3.12/site-packages/airflow/example_dags/example_short_circuit_operator.py
[2026-02-14T15:47:39.985+0000] {processor.py:840} INFO - DAG(s) 'example_short_circuit_operator' retrieved from /home/airflow/.local/lib/python3.12/site-packages/airflow/example_dags/example_short_circuit_operator.py
[2026-02-14T15:47:39.994+0000] {logging_mixin.py:188} INFO - [2026-02-14T15:47:39.994+0000] {dag.py:3089} INFO - Sync 1 DAGs
[2026-02-14T15:47:40.001+0000] {logging_mixin.py:188} INFO - [2026-02-14T15:47:40.001+0000] {dag.py:3947} INFO - Setting next_dagrun for example_short_circuit_operator to 2026-02-13 00:00:00+00:00, run_after=2026-02-14 00:00:00+00:00
[2026-02-14T15:47:40.010+0000] {processor.py:183} INFO - Processing /home/airflow/.local/lib/python3.12/site-packages/airflow/example_dags/example_short_circuit_operator.py took 0.034 seconds
[2026-02-14T15:48:10.568+0000] {processor.py:161} INFO - Started process (PID=251) to work on /home/airflow/.local/lib/python3.12/site-packages/airflow/example_dags/example_short_circuit_operator.py
[2026-02-14T15:48:10.568+0000] {processor.py:830} INFO - Processing file /home/airflow/.local/lib/python3.12/site-packages/airflow/example_dags/example_short_circuit_operator.py for tasks to queue
[2026-02-14T15:48:10.570+0000] {logging_mixin.py:188} INFO - [2026-02-14T15:48:10.570+0000] {dagbag.py:545} INFO - Filling up the DagBag from /home/airflow/.local/lib/python3.12/site-packages/airflow/example_dags/example_short_circuit_operator.py
[2026-02-14T15:48:10.573+0000] {processor.py:840} INFO - DAG(s) 'example_short_circuit_operator' retrieved from /home/airflow/.local/lib/python3.12/site-packages/airflow/example_dags/example_short_circuit_operator.py
[2026-02-14T15:48:10.584+0000] {logging_mixin.py:188} INFO - [2026-02-14T15:48:10.584+0000] {dag.py:3089} INFO - Sync 1 DAGs
[2026-02-14T15:48:10.591+0000] {logging_mixin.py:188} INFO - [2026-02-14T15:48:10.591+0000] {dag.py:3947} INFO - Setting next_dagrun for example_short_circuit_operator to 2026-02-13 00:00:00+00:00, run_after=2026-02-14 00:00:00+00:00
[2026-02-14T15:48:10.598+0000] {processor.py:183} INFO - Processing /home/airflow/.local/lib/python3.12/site-packages/airflow/example_dags/example_short_circuit_operator.py took 0.033 seconds
[2026-02-14T15:48:41.168+0000] {processor.py:161} INFO - Started process (PID=310) to work on /home/airflow/.local/lib/python3.12/site-packages/airflow/example_dags/example_short_circuit_operator.py
[2026-02-14T15:48:41.169+0000] {processor.py:830} INFO - Processing file /home/airflow/.local/lib/python3.12/site-packages/airflow/example_dags/example_short_circuit_operator.py for tasks to queue
[2026-02-14T15:48:41.170+0000] {logging_mixin.py:188} INFO - [2026-02-14T15:48:41.170+0000] {dagbag.py:545} INFO - Filling up the DagBag from /home/airflow/.local/lib/python3.12/site-packages/airflow/example_dags/example_short_circuit_operator.py
[2026-02-14T15:48:41.173+0000] {processor.py:840} INFO - DAG(s) 'example_short_circuit_operator' retrieved from /home/airflow/.local/lib/python3.12/site-packages/airflow/example_dags/example_short_circuit_operator.py
[2026-02-14T15:48:41.180+0000] {logging_mixin.py:188} INFO - [2026-02-14T15:48:41.180+0000] {dag.py:3089} INFO - Sync 1 DAGs
[2026-02-14T15:48:41.188+0000] {logging_mixin.py:188} INFO - [2026-02-14T15:48:41.188+0000] {dag.py:3947} INFO - Setting next_dagrun for example_short_circuit_operator to 2026-02-13 00:00:00+00:00, run_after=2026-02-14 00:00:00+00:00
[2026-02-14T15:48:41.196+0000] {processor.py:183} INFO - Processing /home/airflow/.local/lib/python3.12/site-packages/airflow/example_dags/example_short_circuit_operator.py took 0.031 seconds
[2026-02-14T15:49:11.841+0000] {processor.py:161} INFO - Started process (PID=369) to work on /home/airflow/.local/lib/python3.12/site-packages/airflow/example_dags/example_short_circuit_operator.py
[2026-02-14T15:49:11.841+0000] {processor.py:830} INFO - Processing file /home/airflow/.local/lib/python3.12/site-packages/airflow/example_dags/example_short_circuit_operator.py for tasks to queue
[2026-02-14T15:49:11.842+0000] {logging_mixin.py:188} INFO - [2026-02-14T15:49:11.842+0000] {dagbag.py:545} INFO - Filling up the DagBag from /home/airflow/.local/lib/python3.12/site-packages/airflow/example_dags/example_short_circuit_operator.py
[2026-02-14T15:49:11.845+0000] {processor.py:840} INFO - DAG(s) 'example_short_circuit_operator' retrieved from /home/airflow/.local/lib/python3.12/site-packages/airflow/example_dags/example_short_circuit_operator.py
[2026-02-14T15:49:11.862+0000] {logging_mixin.py:188} INFO - [2026-02-14T15:49:11.861+0000] {dag.py:3089} INFO - Sync 1 DAGs
[2026-02-14T15:49:11.871+0000] {logging_mixin.py:188} INFO - [2026-02-14T15:49:11.871+0000] {dag.py:3947} INFO - Setting next_dagrun for example_short_circuit_operator to 2026-02-13 00:00:00+00:00, run_after=2026-02-14 00:00:00+00:00
[2026-02-14T15:49:11.883+0000] {processor.py:183} INFO - Processing /home/airflow/.local/lib/python3.12/site-packages/airflow/example_dags/example_short_circuit_operator.py took 0.044 seconds
[2026-02-14T15:49:42.215+0000] {processor.py:161} INFO - Started process (PID=428) to work on /home/airflow/.local/lib/python3.12/site-packages/airflow/example_dags/example_short_circuit_operator.py
[2026-02-14T15:49:42.216+0000] {processor.py:830} INFO - Processing file /home/airflow/.local/lib/python3.12/site-packages/airflow/example_dags/example_short_circuit_operator.py for tasks to queue
[2026-02-14T15:49:42.217+0000] {logging_mixin.py:188} INFO - [2026-02-14T15:49:42.217+0000] {dagbag.py:545} INFO - Filling up the DagBag from /home/airflow/.local/lib/python3.12/site-packages/airflow/example_dags/example_short_circuit_operator.py
[2026-02-14T15:49:42.221+0000] {processor.py:840} INFO - DAG(s) 'example_short_circuit_operator' retrieved from /home/airflow/.local/lib/python3.12/site-packages/airflow/example_dags/example_short_circuit_operator.py
[2026-02-14T15:49:42.231+0000] {logging_mixin.py:188} INFO - [2026-02-14T15:49:42.231+0000] {dag.py:3089} INFO - Sync 1 DAGs
[2026-02-14T15:49:42.237+0000] {logging_mixin.py:188} INFO - [2026-02-14T15:49:42.237+0000] {dag.py:3947} INFO - Setting next_dagrun for example_short_circuit_operator to 2026-02-13 00:00:00+00:00, run_after=2026-02-14 00:00:00+00:00
[2026-02-14T15:49:42.244+0000] {processor.py:183} INFO - Processing /home/airflow/.local/lib/python3.12/site-packages/airflow/example_dags/example_short_circuit_operator.py took 0.031 seconds
[2026-02-14T15:50:12.642+0000] {processor.py:161} INFO - Started process (PID=487) to work on /home/airflow/.local/lib/python3.12/site-packages/airflow/example_dags/example_short_circuit_operator.py
[2026-02-14T15:50:12.642+0000] {processor.py:830} INFO - Processing file /home/airflow/.local/lib/python3.12/site-packages/airflow/example_dags/example_short_circuit_operator.py for tasks to queue
[2026-02-14T15:50:12.643+0000] {logging_mixin.py:188} INFO - [2026-02-14T15:50:12.643+0000] {dagbag.py:545} INFO - Filling up the DagBag from /home/airflow/.local/lib/python3.12/site-packages/airflow/example_dags/example_short_circuit_operator.py
[2026-02-14T15:50:12.645+0000] {processor.py:840} INFO - DAG(s) 'example_short_circuit_operator' retrieved from /home/airflow/.local/lib/python3.12/site-packages/airflow/example_dags/example_short_circuit_operator.py
[2026-02-14T15:50:12.653+0000] {logging_mixin.py:188} INFO - [2026-02-14T15:50:12.653+0000] {dag.py:3089} INFO - Sync 1 DAGs
[2026-02-14T15:50:12.661+0000] {logging_mixin.py:188} INFO - [2026-02-14T15:50:12.661+0000] {dag.py:3947} INFO - Setting next_dagrun for example_short_circuit_operator to 2026-02-13 00:00:00+00:00, run_after=2026-02-14 00:00:00+00:00
[2026-02-14T15:50:12.667+0000] {processor.py:183} INFO - Processing /home/airflow/.local/lib/python3.12/site-packages/airflow/example_dags/example_short_circuit_operator.py took 0.027 seconds
[2026-02-14T15:50:43.083+0000] {processor.py:161} INFO - Started process (PID=546) to work on /home/airflow/.local/lib/python3.12/site-packages/airflow/example_dags/example_short_circuit_operator.py
[2026-02-14T15:50:43.084+0000] {processor.py:830} INFO - Processing file /home/airflow/.local/lib/python3.12/site-packages/airflow/example_dags/example_short_circuit_operator.py for tasks to queue
[2026-02-14T15:50:43.085+0000] {logging_mixin.py:188} INFO - [2026-02-14T15:50:43.085+0000] {dagbag.py:545} INFO - Filling up the DagBag from /home/airflow/.local/lib/python3.12/site-packages/airflow/example_dags/example_short_circuit_operator.py
[2026-02-14T15:50:43.088+0000] {processor.py:840} INFO - DAG(s) 'example_short_circuit_operator' retrieved from /home/airflow/.local/lib/python3.12/site-packages/airflow/example_dags/example_short_circuit_operator.py
[2026-02-14T15:50:43.096+0000] {logging_mixin.py:188} INFO - [2026-02-14T15:50:43.096+0000] {dag.py:3089} INFO - Sync 1 DAGs
[2026-02-14T15:50:43.103+0000] {logging_mixin.py:188} INFO - [2026-02-14T15:50:43.103+0000] {dag.py:3947} INFO - Setting next_dagrun for example_short_circuit_operator to 2026-02-13 00:00:00+00:00, run_after=2026-02-14 00:00:00+00:00
[2026-02-14T15:50:43.115+0000] {processor.py:183} INFO - Processing /home/airflow/.local/lib/python3.12/site-packages/airflow/example_dags/example_short_circuit_operator.py took 0.034 seconds
[2026-02-14T15:51:13.820+0000] {processor.py:161} INFO - Started process (PID=605) to work on /home/airflow/.local/lib/python3.12/site-packages/airflow/example_dags/example_short_circuit_operator.py
[2026-02-14T15:51:13.821+0000] {processor.py:830} INFO - Processing file /home/airflow/.local/lib/python3.12/site-packages/airflow/example_dags/example_short_circuit_operator.py for tasks to queue
[2026-02-14T15:51:13.821+0000] {logging_mixin.py:188} INFO - [2026-02-14T15:51:13.821+0000] {dagbag.py:545} INFO - Filling up the DagBag from /home/airflow/.local/lib/python3.12/site-packages/airflow/example_dags/example_short_circuit_operator.py
[2026-02-14T15:51:13.825+0000] {processor.py:840} INFO - DAG(s) 'example_short_circuit_operator' retrieved from /home/airflow/.local/lib/python3.12/site-packages/airflow/example_dags/example_short_circuit_operator.py
[2026-02-14T15:51:13.834+0000] {logging_mixin.py:188} INFO - [2026-02-14T15:51:13.834+0000] {dag.py:3089} INFO - Sync 1 DAGs
[2026-02-14T15:51:13.842+0000] {logging_mixin.py:188} INFO - [2026-02-14T15:51:13.842+0000] {dag.py:3947} INFO - Setting next_dagrun for example_short_circuit_operator to 2026-02-13 00:00:00+00:00, run_after=2026-02-14 00:00:00+00:00
[2026-02-14T15:51:13.849+0000] {processor.py:183} INFO - Processing /home/airflow/.local/lib/python3.12/site-packages/airflow/example_dags/example_short_circuit_operator.py took 0.032 seconds
[2026-02-14T15:51:44.302+0000] {processor.py:161} INFO - Started process (PID=664) to work on /home/airflow/.local/lib/python3.12/site-packages/airflow/example_dags/example_short_circuit_operator.py
[2026-02-14T15:51:44.303+0000] {processor.py:830} INFO - Processing file /home/airflow/.local/lib/python3.12/site-packages/airflow/example_dags/example_short_circuit_operator.py for tasks to queue
[2026-02-14T15:51:44.304+0000] {logging_mixin.py:188} INFO - [2026-02-14T15:51:44.303+0000] {dagbag.py:545} INFO - Filling up the DagBag from /home/airflow/.local/lib/python3.12/site-packages/airflow/example_dags/example_short_circuit_operator.py
[2026-02-14T15:51:44.306+0000] {processor.py:840} INFO - DAG(s) 'example_short_circuit_operator' retrieved from /home/airflow/.local/lib/python3.12/site-packages/airflow/example_dags/example_short_circuit_operator.py
[2026-02-14T15:51:44.314+0000] {logging_mixin.py:188} INFO - [2026-02-14T15:51:44.314+0000] {dag.py:3089} INFO - Sync 1 DAGs
[2026-02-14T15:51:44.323+0000] {logging_mixin.py:188} INFO - [2026-02-14T15:51:44.323+0000] {dag.py:3947} INFO - Setting next_dagrun for example_short_circuit_operator to 2026-02-13 00:00:00+00:00, run_after=2026-02-14 00:00:00+00:00
[2026-02-14T15:51:44.331+0000] {processor.py:183} INFO - Processing /home/airflow/.local/lib/python3.12/site-packages/airflow/example_dags/example_short_circuit_operator.py took 0.031 seconds
[2026-02-14T15:52:14.779+0000] {processor.py:161} INFO - Started process (PID=723) to work on /home/airflow/.local/lib/python3.12/site-packages/airflow/example_dags/example_short_circuit_operator.py
[2026-02-14T15:52:14.780+0000] {processor.py:830} INFO - Processing file /home/airflow/.local/lib/python3.12/site-packages/airflow/example_dags/example_short_circuit_operator.py for tasks to queue
[2026-02-14T15:52:14.781+0000] {logging_mixin.py:188} INFO - [2026-02-14T15:52:14.781+0000] {dagbag.py:545} INFO - Filling up the DagBag from /home/airflow/.local/lib/python3.12/site-packages/airflow/example_dags/example_short_circuit_operator.py
[2026-02-14T15:52:14.786+0000] {processor.py:840} INFO - DAG(s) 'example_short_circuit_operator' retrieved from /home/airflow/.local/lib/python3.12/site-packages/airflow/example_dags/example_short_circuit_operator.py
[2026-02-14T15:52:14.796+0000] {logging_mixin.py:188} INFO - [2026-02-14T15:52:14.795+0000] {dag.py:3089} INFO - Sync 1 DAGs
[2026-02-14T15:52:14.804+0000] {logging_mixin.py:188} INFO - [2026-02-14T15:52:14.804+0000] {dag.py:3947} INFO - Setting next_dagrun for example_short_circuit_operator to 2026-02-13 00:00:00+00:00, run_after=2026-02-14 00:00:00+00:00
[2026-02-14T15:52:14.813+0000] {processor.py:183} INFO - Processing /home/airflow/.local/lib/python3.12/site-packages/airflow/example_dags/example_short_circuit_operator.py took 0.038 seconds
[2026-02-14T15:52:45.190+0000] {processor.py:161} INFO - Started process (PID=782) to work on /home/airflow/.local/lib/python3.12/site-packages/airflow/example_dags/example_short_circuit_operator.py
[2026-02-14T15:52:45.190+0000] {processor.py:830} INFO - Processing file /home/airflow/.local/lib/python3.12/site-packages/airflow/example_dags/example_short_circuit_operator.py for tasks to queue
[2026-02-14T15:52:45.191+0000] {logging_mixin.py:188} INFO - [2026-02-14T15:52:45.191+0000] {dagbag.py:545} INFO - Filling up the DagBag from /home/airflow/.local/lib/python3.12/site-packages/airflow/example_dags/example_short_circuit_operator.py
[2026-02-14T15:52:45.194+0000] {processor.py:840} INFO - DAG(s) 'example_short_circuit_operator' retrieved from /home/airflow/.local/lib/python3.12/site-packages/airflow/example_dags/example_short_circuit_operator.py
[2026-02-14T15:52:45.204+0000] {logging_mixin.py:188} INFO - [2026-02-14T15:52:45.204+0000] {dag.py:3089} INFO - Sync 1 DAGs
[2026-02-14T15:52:45.212+0000] {logging_mixin.py:188} INFO - [2026-02-14T15:52:45.212+0000] {dag.py:3947} INFO - Setting next_dagrun for example_short_circuit_operator to 2026-02-13 00:00:00+00:00, run_after=2026-02-14 00:00:00+00:00
[2026-02-14T15:52:45.222+0000] {processor.py:183} INFO - Processing /home/airflow/.local/lib/python3.12/site-packages/airflow/example_dags/example_short_circuit_operator.py took 0.034 seconds
[2026-02-14T15:53:15.534+0000] {processor.py:161} INFO - Started process (PID=841) to work on /home/airflow/.local/lib/python3.12/site-packages/airflow/example_dags/example_short_circuit_operator.py
[2026-02-14T15:53:15.535+0000] {processor.py:830} INFO - Processing file /home/airflow/.local/lib/python3.12/site-packages/airflow/example_dags/example_short_circuit_operator.py for tasks to queue
[2026-02-14T15:53:15.536+0000] {logging_mixin.py:188} INFO - [2026-02-14T15:53:15.535+0000] {dagbag.py:545} INFO - Filling up the DagBag from /home/airflow/.local/lib/python3.12/site-packages/airflow/example_dags/example_short_circuit_operator.py
[2026-02-14T15:53:15.538+0000] {processor.py:840} INFO - DAG(s) 'example_short_circuit_operator' retrieved from /home/airflow/.local/lib/python3.12/site-packages/airflow/example_dags/example_short_circuit_operator.py
[2026-02-14T15:53:15.546+0000] {logging_mixin.py:188} INFO - [2026-02-14T15:53:15.545+0000] {dag.py:3089} INFO - Sync 1 DAGs
[2026-02-14T15:53:15.553+0000] {logging_mixin.py:188} INFO - [2026-02-14T15:53:15.553+0000] {dag.py:3947} INFO - Setting next_dagrun for example_short_circuit_operator to 2026-02-13 00:00:00+00:00, run_after=2026-02-14 00:00:00+00:00
[2026-02-14T15:53:15.561+0000] {processor.py:183} INFO - Processing /home/airflow/.local/lib/python3.12/site-packages/airflow/example_dags/example_short_circuit_operator.py took 0.029 seconds
[2026-02-14T15:53:45.902+0000] {processor.py:161} INFO - Started process (PID=900) to work on /home/airflow/.local/lib/python3.12/site-packages/airflow/example_dags/example_short_circuit_operator.py
[2026-02-14T15:53:45.903+0000] {processor.py:830} INFO - Processing file /home/airflow/.local/lib/python3.12/site-packages/airflow/example_dags/example_short_circuit_operator.py for tasks to queue
[2026-02-14T15:53:45.903+0000] {logging_mixin.py:188} INFO - [2026-02-14T15:53:45.903+0000] {dagbag.py:545} INFO - Filling up the DagBag from /home/airflow/.local/lib/python3.12/site-packages/airflow/example_dags/example_short_circuit_operator.py
[2026-02-14T15:53:45.906+0000] {processor.py:840} INFO - DAG(s) 'example_short_circuit_operator' retrieved from /home/airflow/.local/lib/python3.12/site-packages/airflow/example_dags/example_short_circuit_operator.py
[2026-02-14T15:53:45.918+0000] {logging_mixin.py:188} INFO - [2026-02-14T15:53:45.918+0000] {dag.py:3089} INFO - Sync 1 DAGs
[2026-02-14T15:53:45.925+0000] {logging_mixin.py:188} INFO - [2026-02-14T15:53:45.925+0000] {dag.py:3947} INFO - Setting next_dagrun for example_short_circuit_operator to 2026-02-13 00:00:00+00:00, run_after=2026-02-14 00:00:00+00:00
[2026-02-14T15:53:45.932+0000] {processor.py:183} INFO - Processing /home/airflow/.local/lib/python3.12/site-packages/airflow/example_dags/example_short_circuit_operator.py took 0.032 seconds
[2026-02-14T15:54:16.304+0000] {processor.py:161} INFO - Started process (PID=959) to work on /home/airflow/.local/lib/python3.12/site-packages/airflow/example_dags/example_short_circuit_operator.py
[2026-02-14T15:54:16.304+0000] {processor.py:830} INFO - Processing file /home/airflow/.local/lib/python3.12/site-packages/airflow/example_dags/example_short_circuit_operator.py for tasks to queue
[2026-02-14T15:54:16.305+0000] {logging_mixin.py:188} INFO - [2026-02-14T15:54:16.305+0000] {dagbag.py:545} INFO - Filling up the DagBag from /home/airflow/.local/lib/python3.12/site-packages/airflow/example_dags/example_short_circuit_operator.py
[2026-02-14T15:54:16.308+0000] {processor.py:840} INFO - DAG(s) 'example_short_circuit_operator' retrieved from /home/airflow/.local/lib/python3.12/site-packages/airflow/example_dags/example_short_circuit_operator.py
[2026-02-14T15:54:16.317+0000] {logging_mixin.py:188} INFO - [2026-02-14T15:54:16.316+0000] {dag.py:3089} INFO - Sync 1 DAGs
[2026-02-14T15:54:16.324+0000] {logging_mixin.py:188} INFO - [2026-02-14T15:54:16.324+0000] {dag.py:3947} INFO - Setting next_dagrun for example_short_circuit_operator to 2026-02-13 00:00:00+00:00, run_after=2026-02-14 00:00:00+00:00
[2026-02-14T15:54:16.333+0000] {processor.py:183} INFO - Processing /home/airflow/.local/lib/python3.12/site-packages/airflow/example_dags/example_short_circuit_operator.py took 0.031 seconds
[2026-02-14T15:54:46.825+0000] {processor.py:161} INFO - Started process (PID=1018) to work on /home/airflow/.local/lib/python3.12/site-packages/airflow/example_dags/example_short_circuit_operator.py
[2026-02-14T15:54:46.825+0000] {processor.py:830} INFO - Processing file /home/airflow/.local/lib/python3.12/site-packages/airflow/example_dags/example_short_circuit_operator.py for tasks to queue
[2026-02-14T15:54:46.826+0000] {logging_mixin.py:188} INFO - [2026-02-14T15:54:46.826+0000] {dagbag.py:545} INFO - Filling up the DagBag from /home/airflow/.local/lib/python3.12/site-packages/airflow/example_dags/example_short_circuit_operator.py
[2026-02-14T15:54:46.829+0000] {processor.py:840} INFO - DAG(s) 'example_short_circuit_operator' retrieved from /home/airflow/.local/lib/python3.12/site-packages/airflow/example_dags/example_short_circuit_operator.py
[2026-02-14T15:54:46.837+0000] {logging_mixin.py:188} INFO - [2026-02-14T15:54:46.837+0000] {dag.py:3089} INFO - Sync 1 DAGs
[2026-02-14T15:54:46.846+0000] {logging_mixin.py:188} INFO - [2026-02-14T15:54:46.846+0000] {dag.py:3947} INFO - Setting next_dagrun for example_short_circuit_operator to 2026-02-13 00:00:00+00:00, run_after=2026-02-14 00:00:00+00:00
[2026-02-14T15:54:46.855+0000] {processor.py:183} INFO - Processing /home/airflow/.local/lib/python3.12/site-packages/airflow/example_dags/example_short_circuit_operator.py took 0.033 seconds
[2026-02-14T15:55:18.452+0000] {processor.py:161} INFO - Started process (PID=1077) to work on /home/airflow/.local/lib/python3.12/site-packages/airflow/example_dags/example_short_circuit_operator.py
[2026-02-14T15:55:18.454+0000] {processor.py:830} INFO - Processing file /home/airflow/.local/lib/python3.12/site-packages/airflow/example_dags/example_short_circuit_operator.py for tasks to queue
[2026-02-14T15:55:18.459+0000] {logging_mixin.py:188} INFO - [2026-02-14T15:55:18.458+0000] {dagbag.py:545} INFO - Filling up the DagBag from /home/airflow/.local/lib/python3.12/site-packages/airflow/example_dags/example_short_circuit_operator.py
[2026-02-14T15:55:18.472+0000] {processor.py:840} INFO - DAG(s) 'example_short_circuit_operator' retrieved from /home/airflow/.local/lib/python3.12/site-packages/airflow/example_dags/example_short_circuit_operator.py
[2026-02-14T15:55:18.510+0000] {logging_mixin.py:188} INFO - [2026-02-14T15:55:18.507+0000] {dag.py:3089} INFO - Sync 1 DAGs
[2026-02-14T15:55:18.536+0000] {logging_mixin.py:188} INFO - [2026-02-14T15:55:18.535+0000] {dag.py:3947} INFO - Setting next_dagrun for example_short_circuit_operator to 2026-02-13 00:00:00+00:00, run_after=2026-02-14 00:00:00+00:00
[2026-02-14T15:55:18.587+0000] {processor.py:183} INFO - Processing /home/airflow/.local/lib/python3.12/site-packages/airflow/example_dags/example_short_circuit_operator.py took 0.140 seconds
[2026-02-14T15:55:48.799+0000] {processor.py:161} INFO - Started process (PID=1135) to work on /home/airflow/.local/lib/python3.12/site-packages/airflow/example_dags/example_short_circuit_operator.py
[2026-02-14T15:55:48.800+0000] {processor.py:830} INFO - Processing file /home/airflow/.local/lib/python3.12/site-packages/airflow/example_dags/example_short_circuit_operator.py for tasks to queue
[2026-02-14T15:55:48.801+0000] {logging_mixin.py:188} INFO - [2026-02-14T15:55:48.801+0000] {dagbag.py:545} INFO - Filling up the DagBag from /home/airflow/.local/lib/python3.12/site-packages/airflow/example_dags/example_short_circuit_operator.py
[2026-02-14T15:55:48.805+0000] {processor.py:840} INFO - DAG(s) 'example_short_circuit_operator' retrieved from /home/airflow/.local/lib/python3.12/site-packages/airflow/example_dags/example_short_circuit_operator.py
[2026-02-14T15:55:48.813+0000] {logging_mixin.py:188} INFO - [2026-02-14T15:55:48.813+0000] {dag.py:3089} INFO - Sync 1 DAGs
[2026-02-14T15:55:48.821+0000] {logging_mixin.py:188} INFO - [2026-02-14T15:55:48.821+0000] {dag.py:3947} INFO - Setting next_dagrun for example_short_circuit_operator to 2026-02-13 00:00:00+00:00, run_after=2026-02-14 00:00:00+00:00
[2026-02-14T15:55:48.831+0000] {processor.py:183} INFO - Processing /home/airflow/.local/lib/python3.12/site-packages/airflow/example_dags/example_short_circuit_operator.py took 0.034 seconds
[2026-02-14T15:56:19.290+0000] {processor.py:161} INFO - Started process (PID=1194) to work on /home/airflow/.local/lib/python3.12/site-packages/airflow/example_dags/example_short_circuit_operator.py
[2026-02-14T15:56:19.290+0000] {processor.py:830} INFO - Processing file /home/airflow/.local/lib/python3.12/site-packages/airflow/example_dags/example_short_circuit_operator.py for tasks to queue
[2026-02-14T15:56:19.292+0000] {logging_mixin.py:188} INFO - [2026-02-14T15:56:19.291+0000] {dagbag.py:545} INFO - Filling up the DagBag from /home/airflow/.local/lib/python3.12/site-packages/airflow/example_dags/example_short_circuit_operator.py
[2026-02-14T15:56:19.294+0000] {processor.py:840} INFO - DAG(s) 'example_short_circuit_operator' retrieved from /home/airflow/.local/lib/python3.12/site-packages/airflow/example_dags/example_short_circuit_operator.py
[2026-02-14T15:56:19.303+0000] {logging_mixin.py:188} INFO - [2026-02-14T15:56:19.303+0000] {dag.py:3089} INFO - Sync 1 DAGs
[2026-02-14T15:56:19.311+0000] {logging_mixin.py:188} INFO - [2026-02-14T15:56:19.311+0000] {dag.py:3947} INFO - Setting next_dagrun for example_short_circuit_operator to 2026-02-13 00:00:00+00:00, run_after=2026-02-14 00:00:00+00:00
[2026-02-14T15:56:19.319+0000] {processor.py:183} INFO - Processing /home/airflow/.local/lib/python3.12/site-packages/airflow/example_dags/example_short_circuit_operator.py took 0.032 seconds
[2026-02-14T15:56:49.814+0000] {processor.py:161} INFO - Started process (PID=1253) to work on /home/airflow/.local/lib/python3.12/site-packages/airflow/example_dags/example_short_circuit_operator.py
[2026-02-14T15:56:49.815+0000] {processor.py:830} INFO - Processing file /home/airflow/.local/lib/python3.12/site-packages/airflow/example_dags/example_short_circuit_operator.py for tasks to queue
[2026-02-14T15:56:49.816+0000] {logging_mixin.py:188} INFO - [2026-02-14T15:56:49.816+0000] {dagbag.py:545} INFO - Filling up the DagBag from /home/airflow/.local/lib/python3.12/site-packages/airflow/example_dags/example_short_circuit_operator.py
[2026-02-14T15:56:49.820+0000] {processor.py:840} INFO - DAG(s) 'example_short_circuit_operator' retrieved from /home/airflow/.local/lib/python3.12/site-packages/airflow/example_dags/example_short_circuit_operator.py
[2026-02-14T15:56:49.829+0000] {logging_mixin.py:188} INFO - [2026-02-14T15:56:49.829+0000] {dag.py:3089} INFO - Sync 1 DAGs
[2026-02-14T15:56:49.836+0000] {logging_mixin.py:188} INFO - [2026-02-14T15:56:49.836+0000] {dag.py:3947} INFO - Setting next_dagrun for example_short_circuit_operator to 2026-02-13 00:00:00+00:00, run_after=2026-02-14 00:00:00+00:00
[2026-02-14T15:56:49.846+0000] {processor.py:183} INFO - Processing /home/airflow/.local/lib/python3.12/site-packages/airflow/example_dags/example_short_circuit_operator.py took 0.034 seconds
[2026-02-14T15:57:20.557+0000] {processor.py:161} INFO - Started process (PID=1312) to work on /home/airflow/.local/lib/python3.12/site-packages/airflow/example_dags/example_short_circuit_operator.py
[2026-02-14T15:57:20.557+0000] {processor.py:830} INFO - Processing file /home/airflow/.local/lib/python3.12/site-packages/airflow/example_dags/example_short_circuit_operator.py for tasks to queue
[2026-02-14T15:57:20.558+0000] {logging_mixin.py:188} INFO - [2026-02-14T15:57:20.558+0000] {dagbag.py:545} INFO - Filling up the DagBag from /home/airflow/.local/lib/python3.12/site-packages/airflow/example_dags/example_short_circuit_operator.py
[2026-02-14T15:57:20.562+0000] {processor.py:840} INFO - DAG(s) 'example_short_circuit_operator' retrieved from /home/airflow/.local/lib/python3.12/site-packages/airflow/example_dags/example_short_circuit_operator.py
[2026-02-14T15:57:20.574+0000] {logging_mixin.py:188} INFO - [2026-02-14T15:57:20.574+0000] {dag.py:3089} INFO - Sync 1 DAGs
[2026-02-14T15:57:20.581+0000] {logging_mixin.py:188} INFO - [2026-02-14T15:57:20.581+0000] {dag.py:3947} INFO - Setting next_dagrun for example_short_circuit_operator to 2026-02-13 00:00:00+00:00, run_after=2026-02-14 00:00:00+00:00
[2026-02-14T15:57:20.589+0000] {processor.py:183} INFO - Processing /home/airflow/.local/lib/python3.12/site-packages/airflow/example_dags/example_short_circuit_operator.py took 0.035 seconds
[2026-02-14T15:57:51.686+0000] {processor.py:161} INFO - Started process (PID=1371) to work on /home/airflow/.local/lib/python3.12/site-packages/airflow/example_dags/example_short_circuit_operator.py
[2026-02-14T15:57:51.687+0000] {processor.py:830} INFO - Processing file /home/airflow/.local/lib/python3.12/site-packages/airflow/example_dags/example_short_circuit_operator.py for tasks to queue
[2026-02-14T15:57:51.687+0000] {logging_mixin.py:188} INFO - [2026-02-14T15:57:51.687+0000] {dagbag.py:545} INFO - Filling up the DagBag from /home/airflow/.local/lib/python3.12/site-packages/airflow/example_dags/example_short_circuit_operator.py
[2026-02-14T15:57:51.690+0000] {processor.py:840} INFO - DAG(s) 'example_short_circuit_operator' retrieved from /home/airflow/.local/lib/python3.12/site-packages/airflow/example_dags/example_short_circuit_operator.py
[2026-02-14T15:57:51.699+0000] {logging_mixin.py:188} INFO - [2026-02-14T15:57:51.699+0000] {dag.py:3089} INFO - Sync 1 DAGs
[2026-02-14T15:57:51.775+0000] {logging_mixin.py:188} INFO - [2026-02-14T15:57:51.775+0000] {dag.py:3947} INFO - Setting next_dagrun for example_short_circuit_operator to 2026-02-13 00:00:00+00:00, run_after=2026-02-14 00:00:00+00:00
[2026-02-14T15:57:51.784+0000] {processor.py:183} INFO - Processing /home/airflow/.local/lib/python3.12/site-packages/airflow/example_dags/example_short_circuit_operator.py took 0.101 seconds
[2026-02-14T15:58:22.624+0000] {processor.py:161} INFO - Started process (PID=1430) to work on /home/airflow/.local/lib/python3.12/site-packages/airflow/example_dags/example_short_circuit_operator.py
[2026-02-14T15:58:22.624+0000] {processor.py:830} INFO - Processing file /home/airflow/.local/lib/python3.12/site-packages/airflow/example_dags/example_short_circuit_operator.py for tasks to queue
[2026-02-14T15:58:22.626+0000] {logging_mixin.py:188} INFO - [2026-02-14T15:58:22.625+0000] {dagbag.py:545} INFO - Filling up the DagBag from /home/airflow/.local/lib/python3.12/site-packages/airflow/example_dags/example_short_circuit_operator.py
[2026-02-14T15:58:22.628+0000] {processor.py:840} INFO - DAG(s) 'example_short_circuit_operator' retrieved from /home/airflow/.local/lib/python3.12/site-packages/airflow/example_dags/example_short_circuit_operator.py
[2026-02-14T15:58:22.636+0000] {logging_mixin.py:188} INFO - [2026-02-14T15:58:22.636+0000] {dag.py:3089} INFO - Sync 1 DAGs
[2026-02-14T15:58:22.644+0000] {logging_mixin.py:188} INFO - [2026-02-14T15:58:22.644+0000] {dag.py:3947} INFO - Setting next_dagrun for example_short_circuit_operator to 2026-02-13 00:00:00+00:00, run_after=2026-02-14 00:00:00+00:00
[2026-02-14T15:58:22.727+0000] {processor.py:183} INFO - Processing /home/airflow/.local/lib/python3.12/site-packages/airflow/example_dags/example_short_circuit_operator.py took 0.105 seconds
[2026-02-14T15:58:53.013+0000] {processor.py:161} INFO - Started process (PID=1489) to work on /home/airflow/.local/lib/python3.12/site-packages/airflow/example_dags/example_short_circuit_operator.py
[2026-02-14T15:58:53.013+0000] {processor.py:830} INFO - Processing file /home/airflow/.local/lib/python3.12/site-packages/airflow/example_dags/example_short_circuit_operator.py for tasks to queue
[2026-02-14T15:58:53.014+0000] {logging_mixin.py:188} INFO - [2026-02-14T15:58:53.014+0000] {dagbag.py:545} INFO - Filling up the DagBag from /home/airflow/.local/lib/python3.12/site-packages/airflow/example_dags/example_short_circuit_operator.py
[2026-02-14T15:58:53.017+0000] {processor.py:840} INFO - DAG(s) 'example_short_circuit_operator' retrieved from /home/airflow/.local/lib/python3.12/site-packages/airflow/example_dags/example_short_circuit_operator.py
[2026-02-14T15:58:53.026+0000] {logging_mixin.py:188} INFO - [2026-02-14T15:58:53.026+0000] {dag.py:3089} INFO - Sync 1 DAGs
[2026-02-14T15:58:53.033+0000] {logging_mixin.py:188} INFO - [2026-02-14T15:58:53.033+0000] {dag.py:3947} INFO - Setting next_dagrun for example_short_circuit_operator to 2026-02-13 00:00:00+00:00, run_after=2026-02-14 00:00:00+00:00
[2026-02-14T15:58:53.043+0000] {processor.py:183} INFO - Processing /home/airflow/.local/lib/python3.12/site-packages/airflow/example_dags/example_short_circuit_operator.py took 0.033 seconds
[2026-02-14T15:59:23.264+0000] {processor.py:161} INFO - Started process (PID=1548) to work on /home/airflow/.local/lib/python3.12/site-packages/airflow/example_dags/example_short_circuit_operator.py
[2026-02-14T15:59:23.265+0000] {processor.py:830} INFO - Processing file /home/airflow/.local/lib/python3.12/site-packages/airflow/example_dags/example_short_circuit_operator.py for tasks to queue
[2026-02-14T15:59:23.266+0000] {logging_mixin.py:188} INFO - [2026-02-14T15:59:23.265+0000] {dagbag.py:545} INFO - Filling up the DagBag from /home/airflow/.local/lib/python3.12/site-packages/airflow/example_dags/example_short_circuit_operator.py
[2026-02-14T15:59:23.269+0000] {processor.py:840} INFO - DAG(s) 'example_short_circuit_operator' retrieved from /home/airflow/.local/lib/python3.12/site-packages/airflow/example_dags/example_short_circuit_operator.py
[2026-02-14T15:59:23.279+0000] {logging_mixin.py:188} INFO - [2026-02-14T15:59:23.279+0000] {dag.py:3089} INFO - Sync 1 DAGs
[2026-02-14T15:59:23.289+0000] {logging_mixin.py:188} INFO - [2026-02-14T15:59:23.289+0000] {dag.py:3947} INFO - Setting next_dagrun for example_short_circuit_operator to 2026-02-13 00:00:00+00:00, run_after=2026-02-14 00:00:00+00:00
[2026-02-14T15:59:23.295+0000] {processor.py:183} INFO - Processing /home/airflow/.local/lib/python3.12/site-packages/airflow/example_dags/example_short_circuit_operator.py took 0.033 seconds
[2026-02-14T15:59:53.640+0000] {processor.py:161} INFO - Started process (PID=1607) to work on /home/airflow/.local/lib/python3.12/site-packages/airflow/example_dags/example_short_circuit_operator.py
[2026-02-14T15:59:53.641+0000] {processor.py:830} INFO - Processing file /home/airflow/.local/lib/python3.12/site-packages/airflow/example_dags/example_short_circuit_operator.py for tasks to queue
[2026-02-14T15:59:53.641+0000] {logging_mixin.py:188} INFO - [2026-02-14T15:59:53.641+0000] {dagbag.py:545} INFO - Filling up the DagBag from /home/airflow/.local/lib/python3.12/site-packages/airflow/example_dags/example_short_circuit_operator.py
[2026-02-14T15:59:53.714+0000] {processor.py:840} INFO - DAG(s) 'example_short_circuit_operator' retrieved from /home/airflow/.local/lib/python3.12/site-packages/airflow/example_dags/example_short_circuit_operator.py
[2026-02-14T15:59:53.723+0000] {logging_mixin.py:188} INFO - [2026-02-14T15:59:53.723+0000] {dag.py:3089} INFO - Sync 1 DAGs
[2026-02-14T15:59:53.729+0000] {logging_mixin.py:188} INFO - [2026-02-14T15:59:53.729+0000] {dag.py:3947} INFO - Setting next_dagrun for example_short_circuit_operator to 2026-02-13 00:00:00+00:00, run_after=2026-02-14 00:00:00+00:00
[2026-02-14T15:59:53.734+0000] {processor.py:183} INFO - Processing /home/airflow/.local/lib/python3.12/site-packages/airflow/example_dags/example_short_circuit_operator.py took 0.096 seconds
[2026-02-14T16:00:24.352+0000] {processor.py:161} INFO - Started process (PID=1666) to work on /home/airflow/.local/lib/python3.12/site-packages/airflow/example_dags/example_short_circuit_operator.py
[2026-02-14T16:00:24.352+0000] {processor.py:830} INFO - Processing file /home/airflow/.local/lib/python3.12/site-packages/airflow/example_dags/example_short_circuit_operator.py for tasks to queue
[2026-02-14T16:00:24.353+0000] {logging_mixin.py:188} INFO - [2026-02-14T16:00:24.353+0000] {dagbag.py:545} INFO - Filling up the DagBag from /home/airflow/.local/lib/python3.12/site-packages/airflow/example_dags/example_short_circuit_operator.py
[2026-02-14T16:00:24.356+0000] {processor.py:840} INFO - DAG(s) 'example_short_circuit_operator' retrieved from /home/airflow/.local/lib/python3.12/site-packages/airflow/example_dags/example_short_circuit_operator.py
[2026-02-14T16:00:24.365+0000] {logging_mixin.py:188} INFO - [2026-02-14T16:00:24.365+0000] {dag.py:3089} INFO - Sync 1 DAGs
[2026-02-14T16:00:24.374+0000] {logging_mixin.py:188} INFO - [2026-02-14T16:00:24.374+0000] {dag.py:3947} INFO - Setting next_dagrun for example_short_circuit_operator to 2026-02-13 00:00:00+00:00, run_after=2026-02-14 00:00:00+00:00
[2026-02-14T16:00:24.384+0000] {processor.py:183} INFO - Processing /home/airflow/.local/lib/python3.12/site-packages/airflow/example_dags/example_short_circuit_operator.py took 0.034 seconds
[2026-02-14T16:00:54.916+0000] {processor.py:161} INFO - Started process (PID=1725) to work on /home/airflow/.local/lib/python3.12/site-packages/airflow/example_dags/example_short_circuit_operator.py
[2026-02-14T16:00:54.918+0000] {processor.py:830} INFO - Processing file /home/airflow/.local/lib/python3.12/site-packages/airflow/example_dags/example_short_circuit_operator.py for tasks to queue
[2026-02-14T16:00:54.918+0000] {logging_mixin.py:188} INFO - [2026-02-14T16:00:54.918+0000] {dagbag.py:545} INFO - Filling up the DagBag from /home/airflow/.local/lib/python3.12/site-packages/airflow/example_dags/example_short_circuit_operator.py
[2026-02-14T16:00:54.921+0000] {processor.py:840} INFO - DAG(s) 'example_short_circuit_operator' retrieved from /home/airflow/.local/lib/python3.12/site-packages/airflow/example_dags/example_short_circuit_operator.py
[2026-02-14T16:00:54.930+0000] {logging_mixin.py:188} INFO - [2026-02-14T16:00:54.930+0000] {dag.py:3089} INFO - Sync 1 DAGs
[2026-02-14T16:00:54.937+0000] {logging_mixin.py:188} INFO - [2026-02-14T16:00:54.937+0000] {dag.py:3947} INFO - Setting next_dagrun for example_short_circuit_operator to 2026-02-13 00:00:00+00:00, run_after=2026-02-14 00:00:00+00:00
[2026-02-14T16:00:54.945+0000] {processor.py:183} INFO - Processing /home/airflow/.local/lib/python3.12/site-packages/airflow/example_dags/example_short_circuit_operator.py took 0.032 seconds
[2026-02-14T16:01:25.355+0000] {processor.py:161} INFO - Started process (PID=1784) to work on /home/airflow/.local/lib/python3.12/site-packages/airflow/example_dags/example_short_circuit_operator.py
[2026-02-14T16:01:25.356+0000] {processor.py:830} INFO - Processing file /home/airflow/.local/lib/python3.12/site-packages/airflow/example_dags/example_short_circuit_operator.py for tasks to queue
[2026-02-14T16:01:25.357+0000] {logging_mixin.py:188} INFO - [2026-02-14T16:01:25.357+0000] {dagbag.py:545} INFO - Filling up the DagBag from /home/airflow/.local/lib/python3.12/site-packages/airflow/example_dags/example_short_circuit_operator.py
[2026-02-14T16:01:25.360+0000] {processor.py:840} INFO - DAG(s) 'example_short_circuit_operator' retrieved from /home/airflow/.local/lib/python3.12/site-packages/airflow/example_dags/example_short_circuit_operator.py
[2026-02-14T16:01:25.368+0000] {logging_mixin.py:188} INFO - [2026-02-14T16:01:25.368+0000] {dag.py:3089} INFO - Sync 1 DAGs
[2026-02-14T16:01:25.376+0000] {logging_mixin.py:188} INFO - [2026-02-14T16:01:25.376+0000] {dag.py:3947} INFO - Setting next_dagrun for example_short_circuit_operator to 2026-02-13 00:00:00+00:00, run_after=2026-02-14 00:00:00+00:00
[2026-02-14T16:01:25.386+0000] {processor.py:183} INFO - Processing /home/airflow/.local/lib/python3.12/site-packages/airflow/example_dags/example_short_circuit_operator.py took 0.033 seconds
[2026-02-14T16:01:55.670+0000] {processor.py:161} INFO - Started process (PID=1843) to work on /home/airflow/.local/lib/python3.12/site-packages/airflow/example_dags/example_short_circuit_operator.py
[2026-02-14T16:01:55.671+0000] {processor.py:830} INFO - Processing file /home/airflow/.local/lib/python3.12/site-packages/airflow/example_dags/example_short_circuit_operator.py for tasks to queue
[2026-02-14T16:01:55.672+0000] {logging_mixin.py:188} INFO - [2026-02-14T16:01:55.672+0000] {dagbag.py:545} INFO - Filling up the DagBag from /home/airflow/.local/lib/python3.12/site-packages/airflow/example_dags/example_short_circuit_operator.py
[2026-02-14T16:01:55.674+0000] {processor.py:840} INFO - DAG(s) 'example_short_circuit_operator' retrieved from /home/airflow/.local/lib/python3.12/site-packages/airflow/example_dags/example_short_circuit_operator.py
[2026-02-14T16:01:55.683+0000] {logging_mixin.py:188} INFO - [2026-02-14T16:01:55.682+0000] {dag.py:3089} INFO - Sync 1 DAGs
[2026-02-14T16:01:55.690+0000] {logging_mixin.py:188} INFO - [2026-02-14T16:01:55.690+0000] {dag.py:3947} INFO - Setting next_dagrun for example_short_circuit_operator to 2026-02-13 00:00:00+00:00, run_after=2026-02-14 00:00:00+00:00
[2026-02-14T16:01:55.700+0000] {processor.py:183} INFO - Processing /home/airflow/.local/lib/python3.12/site-packages/airflow/example_dags/example_short_circuit_operator.py took 0.032 seconds
[2026-02-14T16:02:26.126+0000] {processor.py:161} INFO - Started process (PID=1902) to work on /home/airflow/.local/lib/python3.12/site-packages/airflow/example_dags/example_short_circuit_operator.py
[2026-02-14T16:02:26.127+0000] {processor.py:830} INFO - Processing file /home/airflow/.local/lib/python3.12/site-packages/airflow/example_dags/example_short_circuit_operator.py for tasks to queue
[2026-02-14T16:02:26.127+0000] {logging_mixin.py:188} INFO - [2026-02-14T16:02:26.127+0000] {dagbag.py:545} INFO - Filling up the DagBag from /home/airflow/.local/lib/python3.12/site-packages/airflow/example_dags/example_short_circuit_operator.py
[2026-02-14T16:02:26.130+0000] {processor.py:840} INFO - DAG(s) 'example_short_circuit_operator' retrieved from /home/airflow/.local/lib/python3.12/site-packages/airflow/example_dags/example_short_circuit_operator.py
[2026-02-14T16:02:26.139+0000] {logging_mixin.py:188} INFO - [2026-02-14T16:02:26.139+0000] {dag.py:3089} INFO - Sync 1 DAGs
[2026-02-14T16:02:26.149+0000] {logging_mixin.py:188} INFO - [2026-02-14T16:02:26.149+0000] {dag.py:3947} INFO - Setting next_dagrun for example_short_circuit_operator to 2026-02-13 00:00:00+00:00, run_after=2026-02-14 00:00:00+00:00
[2026-02-14T16:02:26.160+0000] {processor.py:183} INFO - Processing /home/airflow/.local/lib/python3.12/site-packages/airflow/example_dags/example_short_circuit_operator.py took 0.036 seconds
[2026-02-14T16:02:56.647+0000] {processor.py:161} INFO - Started process (PID=1961) to work on /home/airflow/.local/lib/python3.12/site-packages/airflow/example_dags/example_short_circuit_operator.py
[2026-02-14T16:02:56.647+0000] {processor.py:830} INFO - Processing file /home/airflow/.local/lib/python3.12/site-packages/airflow/example_dags/example_short_circuit_operator.py for tasks to queue
[2026-02-14T16:02:56.648+0000] {logging_mixin.py:188} INFO - [2026-02-14T16:02:56.648+0000] {dagbag.py:545} INFO - Filling up the DagBag from /home/airflow/.local/lib/python3.12/site-packages/airflow/example_dags/example_short_circuit_operator.py
[2026-02-14T16:02:56.652+0000] {processor.py:840} INFO - DAG(s) 'example_short_circuit_operator' retrieved from /home/airflow/.local/lib/python3.12/site-packages/airflow/example_dags/example_short_circuit_operator.py
[2026-02-14T16:02:56.665+0000] {logging_mixin.py:188} INFO - [2026-02-14T16:02:56.665+0000] {dag.py:3089} INFO - Sync 1 DAGs
[2026-02-14T16:02:56.674+0000] {logging_mixin.py:188} INFO - [2026-02-14T16:02:56.674+0000] {dag.py:3947} INFO - Setting next_dagrun for example_short_circuit_operator to 2026-02-13 00:00:00+00:00, run_after=2026-02-14 00:00:00+00:00
[2026-02-14T16:02:56.682+0000] {processor.py:183} INFO - Processing /home/airflow/.local/lib/python3.12/site-packages/airflow/example_dags/example_short_circuit_operator.py took 0.039 seconds
[2026-02-14T16:03:27.178+0000] {processor.py:161} INFO - Started process (PID=2020) to work on /home/airflow/.local/lib/python3.12/site-packages/airflow/example_dags/example_short_circuit_operator.py
[2026-02-14T16:03:27.179+0000] {processor.py:830} INFO - Processing file /home/airflow/.local/lib/python3.12/site-packages/airflow/example_dags/example_short_circuit_operator.py for tasks to queue
[2026-02-14T16:03:27.181+0000] {logging_mixin.py:188} INFO - [2026-02-14T16:03:27.181+0000] {dagbag.py:545} INFO - Filling up the DagBag from /home/airflow/.local/lib/python3.12/site-packages/airflow/example_dags/example_short_circuit_operator.py
[2026-02-14T16:03:27.186+0000] {processor.py:840} INFO - DAG(s) 'example_short_circuit_operator' retrieved from /home/airflow/.local/lib/python3.12/site-packages/airflow/example_dags/example_short_circuit_operator.py
[2026-02-14T16:03:27.197+0000] {logging_mixin.py:188} INFO - [2026-02-14T16:03:27.197+0000] {dag.py:3089} INFO - Sync 1 DAGs
[2026-02-14T16:03:27.206+0000] {logging_mixin.py:188} INFO - [2026-02-14T16:03:27.206+0000] {dag.py:3947} INFO - Setting next_dagrun for example_short_circuit_operator to 2026-02-13 00:00:00+00:00, run_after=2026-02-14 00:00:00+00:00
[2026-02-14T16:03:27.214+0000] {processor.py:183} INFO - Processing /home/airflow/.local/lib/python3.12/site-packages/airflow/example_dags/example_short_circuit_operator.py took 0.039 seconds
[2026-02-14T16:03:57.847+0000] {processor.py:161} INFO - Started process (PID=2079) to work on /home/airflow/.local/lib/python3.12/site-packages/airflow/example_dags/example_short_circuit_operator.py
[2026-02-14T16:03:57.848+0000] {processor.py:830} INFO - Processing file /home/airflow/.local/lib/python3.12/site-packages/airflow/example_dags/example_short_circuit_operator.py for tasks to queue
[2026-02-14T16:03:57.849+0000] {logging_mixin.py:188} INFO - [2026-02-14T16:03:57.849+0000] {dagbag.py:545} INFO - Filling up the DagBag from /home/airflow/.local/lib/python3.12/site-packages/airflow/example_dags/example_short_circuit_operator.py
[2026-02-14T16:03:57.855+0000] {processor.py:840} INFO - DAG(s) 'example_short_circuit_operator' retrieved from /home/airflow/.local/lib/python3.12/site-packages/airflow/example_dags/example_short_circuit_operator.py
[2026-02-14T16:03:57.869+0000] {logging_mixin.py:188} INFO - [2026-02-14T16:03:57.868+0000] {dag.py:3089} INFO - Sync 1 DAGs
[2026-02-14T16:03:57.881+0000] {logging_mixin.py:188} INFO - [2026-02-14T16:03:57.881+0000] {dag.py:3947} INFO - Setting next_dagrun for example_short_circuit_operator to 2026-02-13 00:00:00+00:00, run_after=2026-02-14 00:00:00+00:00
[2026-02-14T16:03:57.897+0000] {processor.py:183} INFO - Processing /home/airflow/.local/lib/python3.12/site-packages/airflow/example_dags/example_short_circuit_operator.py took 0.053 seconds
[2026-02-14T16:04:28.435+0000] {processor.py:161} INFO - Started process (PID=2138) to work on /home/airflow/.local/lib/python3.12/site-packages/airflow/example_dags/example_short_circuit_operator.py
[2026-02-14T16:04:28.436+0000] {processor.py:830} INFO - Processing file /home/airflow/.local/lib/python3.12/site-packages/airflow/example_dags/example_short_circuit_operator.py for tasks to queue
[2026-02-14T16:04:28.436+0000] {logging_mixin.py:188} INFO - [2026-02-14T16:04:28.436+0000] {dagbag.py:545} INFO - Filling up the DagBag from /home/airflow/.local/lib/python3.12/site-packages/airflow/example_dags/example_short_circuit_operator.py
[2026-02-14T16:04:28.440+0000] {processor.py:840} INFO - DAG(s) 'example_short_circuit_operator' retrieved from /home/airflow/.local/lib/python3.12/site-packages/airflow/example_dags/example_short_circuit_operator.py
[2026-02-14T16:04:28.449+0000] {logging_mixin.py:188} INFO - [2026-02-14T16:04:28.449+0000] {dag.py:3089} INFO - Sync 1 DAGs
[2026-02-14T16:04:28.457+0000] {logging_mixin.py:188} INFO - [2026-02-14T16:04:28.457+0000] {dag.py:3947} INFO - Setting next_dagrun for example_short_circuit_operator to 2026-02-13 00:00:00+00:00, run_after=2026-02-14 00:00:00+00:00
[2026-02-14T16:04:28.468+0000] {processor.py:183} INFO - Processing /home/airflow/.local/lib/python3.12/site-packages/airflow/example_dags/example_short_circuit_operator.py took 0.035 seconds
[2026-02-14T16:04:58.843+0000] {processor.py:161} INFO - Started process (PID=2197) to work on /home/airflow/.local/lib/python3.12/site-packages/airflow/example_dags/example_short_circuit_operator.py
[2026-02-14T16:04:58.853+0000] {processor.py:830} INFO - Processing file /home/airflow/.local/lib/python3.12/site-packages/airflow/example_dags/example_short_circuit_operator.py for tasks to queue
[2026-02-14T16:04:58.854+0000] {logging_mixin.py:188} INFO - [2026-02-14T16:04:58.854+0000] {dagbag.py:545} INFO - Filling up the DagBag from /home/airflow/.local/lib/python3.12/site-packages/airflow/example_dags/example_short_circuit_operator.py
[2026-02-14T16:04:58.857+0000] {processor.py:840} INFO - DAG(s) 'example_short_circuit_operator' retrieved from /home/airflow/.local/lib/python3.12/site-packages/airflow/example_dags/example_short_circuit_operator.py
[2026-02-14T16:04:58.866+0000] {logging_mixin.py:188} INFO - [2026-02-14T16:04:58.866+0000] {dag.py:3089} INFO - Sync 1 DAGs
[2026-02-14T16:04:58.876+0000] {logging_mixin.py:188} INFO - [2026-02-14T16:04:58.876+0000] {dag.py:3947} INFO - Setting next_dagrun for example_short_circuit_operator to 2026-02-13 00:00:00+00:00, run_after=2026-02-14 00:00:00+00:00
[2026-02-14T16:04:58.885+0000] {processor.py:183} INFO - Processing /home/airflow/.local/lib/python3.12/site-packages/airflow/example_dags/example_short_circuit_operator.py took 0.044 seconds
[2026-02-14T16:05:29.398+0000] {processor.py:161} INFO - Started process (PID=2256) to work on /home/airflow/.local/lib/python3.12/site-packages/airflow/example_dags/example_short_circuit_operator.py
[2026-02-14T16:05:29.398+0000] {processor.py:830} INFO - Processing file /home/airflow/.local/lib/python3.12/site-packages/airflow/example_dags/example_short_circuit_operator.py for tasks to queue
[2026-02-14T16:05:29.399+0000] {logging_mixin.py:188} INFO - [2026-02-14T16:05:29.398+0000] {dagbag.py:545} INFO - Filling up the DagBag from /home/airflow/.local/lib/python3.12/site-packages/airflow/example_dags/example_short_circuit_operator.py
[2026-02-14T16:05:29.401+0000] {processor.py:840} INFO - DAG(s) 'example_short_circuit_operator' retrieved from /home/airflow/.local/lib/python3.12/site-packages/airflow/example_dags/example_short_circuit_operator.py
[2026-02-14T16:05:29.409+0000] {logging_mixin.py:188} INFO - [2026-02-14T16:05:29.409+0000] {dag.py:3089} INFO - Sync 1 DAGs
[2026-02-14T16:05:29.417+0000] {logging_mixin.py:188} INFO - [2026-02-14T16:05:29.417+0000] {dag.py:3947} INFO - Setting next_dagrun for example_short_circuit_operator to 2026-02-13 00:00:00+00:00, run_after=2026-02-14 00:00:00+00:00
[2026-02-14T16:05:29.426+0000] {processor.py:183} INFO - Processing /home/airflow/.local/lib/python3.12/site-packages/airflow/example_dags/example_short_circuit_operator.py took 0.030 seconds
[2026-02-14T16:05:59.864+0000] {processor.py:161} INFO - Started process (PID=2315) to work on /home/airflow/.local/lib/python3.12/site-packages/airflow/example_dags/example_short_circuit_operator.py
[2026-02-14T16:05:59.864+0000] {processor.py:830} INFO - Processing file /home/airflow/.local/lib/python3.12/site-packages/airflow/example_dags/example_short_circuit_operator.py for tasks to queue
[2026-02-14T16:05:59.865+0000] {logging_mixin.py:188} INFO - [2026-02-14T16:05:59.865+0000] {dagbag.py:545} INFO - Filling up the DagBag from /home/airflow/.local/lib/python3.12/site-packages/airflow/example_dags/example_short_circuit_operator.py
[2026-02-14T16:05:59.868+0000] {processor.py:840} INFO - DAG(s) 'example_short_circuit_operator' retrieved from /home/airflow/.local/lib/python3.12/site-packages/airflow/example_dags/example_short_circuit_operator.py
[2026-02-14T16:05:59.877+0000] {logging_mixin.py:188} INFO - [2026-02-14T16:05:59.877+0000] {dag.py:3089} INFO - Sync 1 DAGs
[2026-02-14T16:05:59.886+0000] {logging_mixin.py:188} INFO - [2026-02-14T16:05:59.886+0000] {dag.py:3947} INFO - Setting next_dagrun for example_short_circuit_operator to 2026-02-13 00:00:00+00:00, run_after=2026-02-14 00:00:00+00:00
[2026-02-14T16:05:59.895+0000] {processor.py:183} INFO - Processing /home/airflow/.local/lib/python3.12/site-packages/airflow/example_dags/example_short_circuit_operator.py took 0.034 seconds
[2026-02-14T16:06:30.363+0000] {processor.py:161} INFO - Started process (PID=2374) to work on /home/airflow/.local/lib/python3.12/site-packages/airflow/example_dags/example_short_circuit_operator.py
[2026-02-14T16:06:30.363+0000] {processor.py:830} INFO - Processing file /home/airflow/.local/lib/python3.12/site-packages/airflow/example_dags/example_short_circuit_operator.py for tasks to queue
[2026-02-14T16:06:30.365+0000] {logging_mixin.py:188} INFO - [2026-02-14T16:06:30.365+0000] {dagbag.py:545} INFO - Filling up the DagBag from /home/airflow/.local/lib/python3.12/site-packages/airflow/example_dags/example_short_circuit_operator.py
[2026-02-14T16:06:30.369+0000] {processor.py:840} INFO - DAG(s) 'example_short_circuit_operator' retrieved from /home/airflow/.local/lib/python3.12/site-packages/airflow/example_dags/example_short_circuit_operator.py
[2026-02-14T16:06:30.384+0000] {logging_mixin.py:188} INFO - [2026-02-14T16:06:30.384+0000] {dag.py:3089} INFO - Sync 1 DAGs
[2026-02-14T16:06:30.394+0000] {logging_mixin.py:188} INFO - [2026-02-14T16:06:30.394+0000] {dag.py:3947} INFO - Setting next_dagrun for example_short_circuit_operator to 2026-02-13 00:00:00+00:00, run_after=2026-02-14 00:00:00+00:00
[2026-02-14T16:06:30.405+0000] {processor.py:183} INFO - Processing /home/airflow/.local/lib/python3.12/site-packages/airflow/example_dags/example_short_circuit_operator.py took 0.045 seconds
[2026-02-14T16:07:01.254+0000] {processor.py:161} INFO - Started process (PID=2433) to work on /home/airflow/.local/lib/python3.12/site-packages/airflow/example_dags/example_short_circuit_operator.py
[2026-02-14T16:07:01.255+0000] {processor.py:830} INFO - Processing file /home/airflow/.local/lib/python3.12/site-packages/airflow/example_dags/example_short_circuit_operator.py for tasks to queue
[2026-02-14T16:07:01.256+0000] {logging_mixin.py:188} INFO - [2026-02-14T16:07:01.256+0000] {dagbag.py:545} INFO - Filling up the DagBag from /home/airflow/.local/lib/python3.12/site-packages/airflow/example_dags/example_short_circuit_operator.py
[2026-02-14T16:07:01.260+0000] {processor.py:840} INFO - DAG(s) 'example_short_circuit_operator' retrieved from /home/airflow/.local/lib/python3.12/site-packages/airflow/example_dags/example_short_circuit_operator.py
[2026-02-14T16:07:01.272+0000] {logging_mixin.py:188} INFO - [2026-02-14T16:07:01.271+0000] {dag.py:3089} INFO - Sync 1 DAGs
[2026-02-14T16:07:01.281+0000] {logging_mixin.py:188} INFO - [2026-02-14T16:07:01.281+0000] {dag.py:3947} INFO - Setting next_dagrun for example_short_circuit_operator to 2026-02-13 00:00:00+00:00, run_after=2026-02-14 00:00:00+00:00
[2026-02-14T16:07:01.288+0000] {processor.py:183} INFO - Processing /home/airflow/.local/lib/python3.12/site-packages/airflow/example_dags/example_short_circuit_operator.py took 0.036 seconds
[2026-02-14T16:07:31.875+0000] {processor.py:161} INFO - Started process (PID=2492) to work on /home/airflow/.local/lib/python3.12/site-packages/airflow/example_dags/example_short_circuit_operator.py
[2026-02-14T16:07:31.876+0000] {processor.py:830} INFO - Processing file /home/airflow/.local/lib/python3.12/site-packages/airflow/example_dags/example_short_circuit_operator.py for tasks to queue
[2026-02-14T16:07:31.877+0000] {logging_mixin.py:188} INFO - [2026-02-14T16:07:31.876+0000] {dagbag.py:545} INFO - Filling up the DagBag from /home/airflow/.local/lib/python3.12/site-packages/airflow/example_dags/example_short_circuit_operator.py
[2026-02-14T16:07:31.880+0000] {processor.py:840} INFO - DAG(s) 'example_short_circuit_operator' retrieved from /home/airflow/.local/lib/python3.12/site-packages/airflow/example_dags/example_short_circuit_operator.py
[2026-02-14T16:07:31.889+0000] {logging_mixin.py:188} INFO - [2026-02-14T16:07:31.889+0000] {dag.py:3089} INFO - Sync 1 DAGs
[2026-02-14T16:07:31.897+0000] {logging_mixin.py:188} INFO - [2026-02-14T16:07:31.897+0000] {dag.py:3947} INFO - Setting next_dagrun for example_short_circuit_operator to 2026-02-13 00:00:00+00:00, run_after=2026-02-14 00:00:00+00:00
[2026-02-14T16:07:31.904+0000] {processor.py:183} INFO - Processing /home/airflow/.local/lib/python3.12/site-packages/airflow/example_dags/example_short_circuit_operator.py took 0.031 seconds
[2026-02-14T16:08:02.649+0000] {processor.py:161} INFO - Started process (PID=2551) to work on /home/airflow/.local/lib/python3.12/site-packages/airflow/example_dags/example_short_circuit_operator.py
[2026-02-14T16:08:02.650+0000] {processor.py:830} INFO - Processing file /home/airflow/.local/lib/python3.12/site-packages/airflow/example_dags/example_short_circuit_operator.py for tasks to queue
[2026-02-14T16:08:02.651+0000] {logging_mixin.py:188} INFO - [2026-02-14T16:08:02.651+0000] {dagbag.py:545} INFO - Filling up the DagBag from /home/airflow/.local/lib/python3.12/site-packages/airflow/example_dags/example_short_circuit_operator.py
[2026-02-14T16:08:02.654+0000] {processor.py:840} INFO - DAG(s) 'example_short_circuit_operator' retrieved from /home/airflow/.local/lib/python3.12/site-packages/airflow/example_dags/example_short_circuit_operator.py
[2026-02-14T16:08:02.667+0000] {logging_mixin.py:188} INFO - [2026-02-14T16:08:02.667+0000] {dag.py:3089} INFO - Sync 1 DAGs
[2026-02-14T16:08:02.678+0000] {logging_mixin.py:188} INFO - [2026-02-14T16:08:02.678+0000] {dag.py:3947} INFO - Setting next_dagrun for example_short_circuit_operator to 2026-02-13 00:00:00+00:00, run_after=2026-02-14 00:00:00+00:00
[2026-02-14T16:08:02.689+0000] {processor.py:183} INFO - Processing /home/airflow/.local/lib/python3.12/site-packages/airflow/example_dags/example_short_circuit_operator.py took 0.046 seconds
[2026-02-14T16:08:33.085+0000] {processor.py:161} INFO - Started process (PID=2610) to work on /home/airflow/.local/lib/python3.12/site-packages/airflow/example_dags/example_short_circuit_operator.py
[2026-02-14T16:08:33.086+0000] {processor.py:830} INFO - Processing file /home/airflow/.local/lib/python3.12/site-packages/airflow/example_dags/example_short_circuit_operator.py for tasks to queue
[2026-02-14T16:08:33.086+0000] {logging_mixin.py:188} INFO - [2026-02-14T16:08:33.086+0000] {dagbag.py:545} INFO - Filling up the DagBag from /home/airflow/.local/lib/python3.12/site-packages/airflow/example_dags/example_short_circuit_operator.py
[2026-02-14T16:08:33.089+0000] {processor.py:840} INFO - DAG(s) 'example_short_circuit_operator' retrieved from /home/airflow/.local/lib/python3.12/site-packages/airflow/example_dags/example_short_circuit_operator.py
[2026-02-14T16:08:33.098+0000] {logging_mixin.py:188} INFO - [2026-02-14T16:08:33.098+0000] {dag.py:3089} INFO - Sync 1 DAGs
[2026-02-14T16:08:33.106+0000] {logging_mixin.py:188} INFO - [2026-02-14T16:08:33.106+0000] {dag.py:3947} INFO - Setting next_dagrun for example_short_circuit_operator to 2026-02-13 00:00:00+00:00, run_after=2026-02-14 00:00:00+00:00
[2026-02-14T16:08:33.117+0000] {processor.py:183} INFO - Processing /home/airflow/.local/lib/python3.12/site-packages/airflow/example_dags/example_short_circuit_operator.py took 0.034 seconds
[2026-02-14T16:09:03.569+0000] {processor.py:161} INFO - Started process (PID=2669) to work on /home/airflow/.local/lib/python3.12/site-packages/airflow/example_dags/example_short_circuit_operator.py
[2026-02-14T16:09:03.569+0000] {processor.py:830} INFO - Processing file /home/airflow/.local/lib/python3.12/site-packages/airflow/example_dags/example_short_circuit_operator.py for tasks to queue
[2026-02-14T16:09:03.570+0000] {logging_mixin.py:188} INFO - [2026-02-14T16:09:03.570+0000] {dagbag.py:545} INFO - Filling up the DagBag from /home/airflow/.local/lib/python3.12/site-packages/airflow/example_dags/example_short_circuit_operator.py
[2026-02-14T16:09:03.572+0000] {processor.py:840} INFO - DAG(s) 'example_short_circuit_operator' retrieved from /home/airflow/.local/lib/python3.12/site-packages/airflow/example_dags/example_short_circuit_operator.py
[2026-02-14T16:09:03.581+0000] {logging_mixin.py:188} INFO - [2026-02-14T16:09:03.581+0000] {dag.py:3089} INFO - Sync 1 DAGs
[2026-02-14T16:09:03.590+0000] {logging_mixin.py:188} INFO - [2026-02-14T16:09:03.590+0000] {dag.py:3947} INFO - Setting next_dagrun for example_short_circuit_operator to 2026-02-13 00:00:00+00:00, run_after=2026-02-14 00:00:00+00:00
[2026-02-14T16:09:03.598+0000] {processor.py:183} INFO - Processing /home/airflow/.local/lib/python3.12/site-packages/airflow/example_dags/example_short_circuit_operator.py took 0.032 seconds
[2026-02-14T16:09:33.961+0000] {processor.py:161} INFO - Started process (PID=2728) to work on /home/airflow/.local/lib/python3.12/site-packages/airflow/example_dags/example_short_circuit_operator.py
[2026-02-14T16:09:33.961+0000] {processor.py:830} INFO - Processing file /home/airflow/.local/lib/python3.12/site-packages/airflow/example_dags/example_short_circuit_operator.py for tasks to queue
[2026-02-14T16:09:33.962+0000] {logging_mixin.py:188} INFO - [2026-02-14T16:09:33.962+0000] {dagbag.py:545} INFO - Filling up the DagBag from /home/airflow/.local/lib/python3.12/site-packages/airflow/example_dags/example_short_circuit_operator.py
[2026-02-14T16:09:33.966+0000] {processor.py:840} INFO - DAG(s) 'example_short_circuit_operator' retrieved from /home/airflow/.local/lib/python3.12/site-packages/airflow/example_dags/example_short_circuit_operator.py
[2026-02-14T16:09:33.974+0000] {logging_mixin.py:188} INFO - [2026-02-14T16:09:33.974+0000] {dag.py:3089} INFO - Sync 1 DAGs
[2026-02-14T16:09:33.982+0000] {logging_mixin.py:188} INFO - [2026-02-14T16:09:33.982+0000] {dag.py:3947} INFO - Setting next_dagrun for example_short_circuit_operator to 2026-02-13 00:00:00+00:00, run_after=2026-02-14 00:00:00+00:00
[2026-02-14T16:09:33.988+0000] {processor.py:183} INFO - Processing /home/airflow/.local/lib/python3.12/site-packages/airflow/example_dags/example_short_circuit_operator.py took 0.029 seconds
[2026-02-14T16:10:04.220+0000] {processor.py:161} INFO - Started process (PID=2787) to work on /home/airflow/.local/lib/python3.12/site-packages/airflow/example_dags/example_short_circuit_operator.py
[2026-02-14T16:10:04.221+0000] {processor.py:830} INFO - Processing file /home/airflow/.local/lib/python3.12/site-packages/airflow/example_dags/example_short_circuit_operator.py for tasks to queue
[2026-02-14T16:10:04.222+0000] {logging_mixin.py:188} INFO - [2026-02-14T16:10:04.222+0000] {dagbag.py:545} INFO - Filling up the DagBag from /home/airflow/.local/lib/python3.12/site-packages/airflow/example_dags/example_short_circuit_operator.py
[2026-02-14T16:10:04.225+0000] {processor.py:840} INFO - DAG(s) 'example_short_circuit_operator' retrieved from /home/airflow/.local/lib/python3.12/site-packages/airflow/example_dags/example_short_circuit_operator.py
[2026-02-14T16:10:04.234+0000] {logging_mixin.py:188} INFO - [2026-02-14T16:10:04.234+0000] {dag.py:3089} INFO - Sync 1 DAGs
[2026-02-14T16:10:04.241+0000] {logging_mixin.py:188} INFO - [2026-02-14T16:10:04.241+0000] {dag.py:3947} INFO - Setting next_dagrun for example_short_circuit_operator to 2026-02-13 00:00:00+00:00, run_after=2026-02-14 00:00:00+00:00
[2026-02-14T16:10:04.247+0000] {processor.py:183} INFO - Processing /home/airflow/.local/lib/python3.12/site-packages/airflow/example_dags/example_short_circuit_operator.py took 0.029 seconds
[2026-02-14T16:10:34.884+0000] {processor.py:161} INFO - Started process (PID=2845) to work on /home/airflow/.local/lib/python3.12/site-packages/airflow/example_dags/example_short_circuit_operator.py
[2026-02-14T16:10:34.884+0000] {processor.py:830} INFO - Processing file /home/airflow/.local/lib/python3.12/site-packages/airflow/example_dags/example_short_circuit_operator.py for tasks to queue
[2026-02-14T16:10:34.886+0000] {logging_mixin.py:188} INFO - [2026-02-14T16:10:34.886+0000] {dagbag.py:545} INFO - Filling up the DagBag from /home/airflow/.local/lib/python3.12/site-packages/airflow/example_dags/example_short_circuit_operator.py
[2026-02-14T16:10:34.890+0000] {processor.py:840} INFO - DAG(s) 'example_short_circuit_operator' retrieved from /home/airflow/.local/lib/python3.12/site-packages/airflow/example_dags/example_short_circuit_operator.py
[2026-02-14T16:10:34.900+0000] {logging_mixin.py:188} INFO - [2026-02-14T16:10:34.900+0000] {dag.py:3089} INFO - Sync 1 DAGs
[2026-02-14T16:10:34.910+0000] {logging_mixin.py:188} INFO - [2026-02-14T16:10:34.909+0000] {dag.py:3947} INFO - Setting next_dagrun for example_short_circuit_operator to 2026-02-13 00:00:00+00:00, run_after=2026-02-14 00:00:00+00:00
[2026-02-14T16:10:34.916+0000] {processor.py:183} INFO - Processing /home/airflow/.local/lib/python3.12/site-packages/airflow/example_dags/example_short_circuit_operator.py took 0.035 seconds
[2026-02-14T16:11:05.909+0000] {processor.py:161} INFO - Started process (PID=2904) to work on /home/airflow/.local/lib/python3.12/site-packages/airflow/example_dags/example_short_circuit_operator.py
[2026-02-14T16:11:05.910+0000] {processor.py:830} INFO - Processing file /home/airflow/.local/lib/python3.12/site-packages/airflow/example_dags/example_short_circuit_operator.py for tasks to queue
[2026-02-14T16:11:05.911+0000] {logging_mixin.py:188} INFO - [2026-02-14T16:11:05.911+0000] {dagbag.py:545} INFO - Filling up the DagBag from /home/airflow/.local/lib/python3.12/site-packages/airflow/example_dags/example_short_circuit_operator.py
[2026-02-14T16:11:05.915+0000] {processor.py:840} INFO - DAG(s) 'example_short_circuit_operator' retrieved from /home/airflow/.local/lib/python3.12/site-packages/airflow/example_dags/example_short_circuit_operator.py
[2026-02-14T16:11:05.931+0000] {logging_mixin.py:188} INFO - [2026-02-14T16:11:05.930+0000] {dag.py:3089} INFO - Sync 1 DAGs
[2026-02-14T16:11:05.943+0000] {logging_mixin.py:188} INFO - [2026-02-14T16:11:05.943+0000] {dag.py:3947} INFO - Setting next_dagrun for example_short_circuit_operator to 2026-02-13 00:00:00+00:00, run_after=2026-02-14 00:00:00+00:00
[2026-02-14T16:11:05.952+0000] {processor.py:183} INFO - Processing /home/airflow/.local/lib/python3.12/site-packages/airflow/example_dags/example_short_circuit_operator.py took 0.045 seconds
[2026-02-14T16:11:36.337+0000] {processor.py:161} INFO - Started process (PID=2963) to work on /home/airflow/.local/lib/python3.12/site-packages/airflow/example_dags/example_short_circuit_operator.py
[2026-02-14T16:11:36.339+0000] {processor.py:830} INFO - Processing file /home/airflow/.local/lib/python3.12/site-packages/airflow/example_dags/example_short_circuit_operator.py for tasks to queue
[2026-02-14T16:11:36.341+0000] {logging_mixin.py:188} INFO - [2026-02-14T16:11:36.340+0000] {dagbag.py:545} INFO - Filling up the DagBag from /home/airflow/.local/lib/python3.12/site-packages/airflow/example_dags/example_short_circuit_operator.py
[2026-02-14T16:11:36.348+0000] {processor.py:840} INFO - DAG(s) 'example_short_circuit_operator' retrieved from /home/airflow/.local/lib/python3.12/site-packages/airflow/example_dags/example_short_circuit_operator.py
[2026-02-14T16:11:36.367+0000] {logging_mixin.py:188} INFO - [2026-02-14T16:11:36.367+0000] {dag.py:3089} INFO - Sync 1 DAGs
[2026-02-14T16:11:36.381+0000] {logging_mixin.py:188} INFO - [2026-02-14T16:11:36.381+0000] {dag.py:3947} INFO - Setting next_dagrun for example_short_circuit_operator to 2026-02-13 00:00:00+00:00, run_after=2026-02-14 00:00:00+00:00
[2026-02-14T16:11:36.405+0000] {processor.py:183} INFO - Processing /home/airflow/.local/lib/python3.12/site-packages/airflow/example_dags/example_short_circuit_operator.py took 0.073 seconds
[2026-02-14T16:12:07.056+0000] {processor.py:161} INFO - Started process (PID=3022) to work on /home/airflow/.local/lib/python3.12/site-packages/airflow/example_dags/example_short_circuit_operator.py
[2026-02-14T16:12:07.057+0000] {processor.py:830} INFO - Processing file /home/airflow/.local/lib/python3.12/site-packages/airflow/example_dags/example_short_circuit_operator.py for tasks to queue
[2026-02-14T16:12:07.057+0000] {logging_mixin.py:188} INFO - [2026-02-14T16:12:07.057+0000] {dagbag.py:545} INFO - Filling up the DagBag from /home/airflow/.local/lib/python3.12/site-packages/airflow/example_dags/example_short_circuit_operator.py
[2026-02-14T16:12:07.060+0000] {processor.py:840} INFO - DAG(s) 'example_short_circuit_operator' retrieved from /home/airflow/.local/lib/python3.12/site-packages/airflow/example_dags/example_short_circuit_operator.py
[2026-02-14T16:12:07.068+0000] {logging_mixin.py:188} INFO - [2026-02-14T16:12:07.068+0000] {dag.py:3089} INFO - Sync 1 DAGs
[2026-02-14T16:12:07.075+0000] {logging_mixin.py:188} INFO - [2026-02-14T16:12:07.075+0000] {dag.py:3947} INFO - Setting next_dagrun for example_short_circuit_operator to 2026-02-13 00:00:00+00:00, run_after=2026-02-14 00:00:00+00:00
[2026-02-14T16:12:07.081+0000] {processor.py:183} INFO - Processing /home/airflow/.local/lib/python3.12/site-packages/airflow/example_dags/example_short_circuit_operator.py took 0.026 seconds
[2026-02-14T16:12:37.634+0000] {processor.py:161} INFO - Started process (PID=3081) to work on /home/airflow/.local/lib/python3.12/site-packages/airflow/example_dags/example_short_circuit_operator.py
[2026-02-14T16:12:37.634+0000] {processor.py:830} INFO - Processing file /home/airflow/.local/lib/python3.12/site-packages/airflow/example_dags/example_short_circuit_operator.py for tasks to queue
[2026-02-14T16:12:37.635+0000] {logging_mixin.py:188} INFO - [2026-02-14T16:12:37.635+0000] {dagbag.py:545} INFO - Filling up the DagBag from /home/airflow/.local/lib/python3.12/site-packages/airflow/example_dags/example_short_circuit_operator.py
[2026-02-14T16:12:37.639+0000] {processor.py:840} INFO - DAG(s) 'example_short_circuit_operator' retrieved from /home/airflow/.local/lib/python3.12/site-packages/airflow/example_dags/example_short_circuit_operator.py
[2026-02-14T16:12:37.651+0000] {logging_mixin.py:188} INFO - [2026-02-14T16:12:37.651+0000] {dag.py:3089} INFO - Sync 1 DAGs
[2026-02-14T16:12:37.661+0000] {logging_mixin.py:188} INFO - [2026-02-14T16:12:37.661+0000] {dag.py:3947} INFO - Setting next_dagrun for example_short_circuit_operator to 2026-02-13 00:00:00+00:00, run_after=2026-02-14 00:00:00+00:00
[2026-02-14T16:12:37.670+0000] {processor.py:183} INFO - Processing /home/airflow/.local/lib/python3.12/site-packages/airflow/example_dags/example_short_circuit_operator.py took 0.039 seconds
[2026-02-14T16:13:07.924+0000] {processor.py:161} INFO - Started process (PID=3140) to work on /home/airflow/.local/lib/python3.12/site-packages/airflow/example_dags/example_short_circuit_operator.py
[2026-02-14T16:13:07.924+0000] {processor.py:830} INFO - Processing file /home/airflow/.local/lib/python3.12/site-packages/airflow/example_dags/example_short_circuit_operator.py for tasks to queue
[2026-02-14T16:13:07.925+0000] {logging_mixin.py:188} INFO - [2026-02-14T16:13:07.925+0000] {dagbag.py:545} INFO - Filling up the DagBag from /home/airflow/.local/lib/python3.12/site-packages/airflow/example_dags/example_short_circuit_operator.py
[2026-02-14T16:13:07.928+0000] {processor.py:840} INFO - DAG(s) 'example_short_circuit_operator' retrieved from /home/airflow/.local/lib/python3.12/site-packages/airflow/example_dags/example_short_circuit_operator.py
[2026-02-14T16:13:07.935+0000] {logging_mixin.py:188} INFO - [2026-02-14T16:13:07.935+0000] {dag.py:3089} INFO - Sync 1 DAGs
[2026-02-14T16:13:07.941+0000] {logging_mixin.py:188} INFO - [2026-02-14T16:13:07.941+0000] {dag.py:3947} INFO - Setting next_dagrun for example_short_circuit_operator to 2026-02-13 00:00:00+00:00, run_after=2026-02-14 00:00:00+00:00
[2026-02-14T16:13:07.947+0000] {processor.py:183} INFO - Processing /home/airflow/.local/lib/python3.12/site-packages/airflow/example_dags/example_short_circuit_operator.py took 0.025 seconds
[2026-02-14T16:13:38.183+0000] {processor.py:161} INFO - Started process (PID=3199) to work on /home/airflow/.local/lib/python3.12/site-packages/airflow/example_dags/example_short_circuit_operator.py
[2026-02-14T16:13:38.183+0000] {processor.py:830} INFO - Processing file /home/airflow/.local/lib/python3.12/site-packages/airflow/example_dags/example_short_circuit_operator.py for tasks to queue
[2026-02-14T16:13:38.184+0000] {logging_mixin.py:188} INFO - [2026-02-14T16:13:38.184+0000] {dagbag.py:545} INFO - Filling up the DagBag from /home/airflow/.local/lib/python3.12/site-packages/airflow/example_dags/example_short_circuit_operator.py
[2026-02-14T16:13:38.187+0000] {processor.py:840} INFO - DAG(s) 'example_short_circuit_operator' retrieved from /home/airflow/.local/lib/python3.12/site-packages/airflow/example_dags/example_short_circuit_operator.py
[2026-02-14T16:13:38.194+0000] {logging_mixin.py:188} INFO - [2026-02-14T16:13:38.194+0000] {dag.py:3089} INFO - Sync 1 DAGs
[2026-02-14T16:13:38.200+0000] {logging_mixin.py:188} INFO - [2026-02-14T16:13:38.200+0000] {dag.py:3947} INFO - Setting next_dagrun for example_short_circuit_operator to 2026-02-13 00:00:00+00:00, run_after=2026-02-14 00:00:00+00:00
[2026-02-14T16:13:38.206+0000] {processor.py:183} INFO - Processing /home/airflow/.local/lib/python3.12/site-packages/airflow/example_dags/example_short_circuit_operator.py took 0.025 seconds
[2026-02-14T16:14:09.042+0000] {processor.py:161} INFO - Started process (PID=3258) to work on /home/airflow/.local/lib/python3.12/site-packages/airflow/example_dags/example_short_circuit_operator.py
[2026-02-14T16:14:09.044+0000] {processor.py:830} INFO - Processing file /home/airflow/.local/lib/python3.12/site-packages/airflow/example_dags/example_short_circuit_operator.py for tasks to queue
[2026-02-14T16:14:09.045+0000] {logging_mixin.py:188} INFO - [2026-02-14T16:14:09.045+0000] {dagbag.py:545} INFO - Filling up the DagBag from /home/airflow/.local/lib/python3.12/site-packages/airflow/example_dags/example_short_circuit_operator.py
[2026-02-14T16:14:09.049+0000] {processor.py:840} INFO - DAG(s) 'example_short_circuit_operator' retrieved from /home/airflow/.local/lib/python3.12/site-packages/airflow/example_dags/example_short_circuit_operator.py
[2026-02-14T16:14:09.062+0000] {logging_mixin.py:188} INFO - [2026-02-14T16:14:09.062+0000] {dag.py:3089} INFO - Sync 1 DAGs
[2026-02-14T16:14:09.071+0000] {logging_mixin.py:188} INFO - [2026-02-14T16:14:09.070+0000] {dag.py:3947} INFO - Setting next_dagrun for example_short_circuit_operator to 2026-02-13 00:00:00+00:00, run_after=2026-02-14 00:00:00+00:00
[2026-02-14T16:14:09.079+0000] {processor.py:183} INFO - Processing /home/airflow/.local/lib/python3.12/site-packages/airflow/example_dags/example_short_circuit_operator.py took 0.044 seconds
[2026-02-14T16:14:39.233+0000] {processor.py:161} INFO - Started process (PID=3317) to work on /home/airflow/.local/lib/python3.12/site-packages/airflow/example_dags/example_short_circuit_operator.py
[2026-02-14T16:14:39.234+0000] {processor.py:830} INFO - Processing file /home/airflow/.local/lib/python3.12/site-packages/airflow/example_dags/example_short_circuit_operator.py for tasks to queue
[2026-02-14T16:14:39.236+0000] {logging_mixin.py:188} INFO - [2026-02-14T16:14:39.236+0000] {dagbag.py:545} INFO - Filling up the DagBag from /home/airflow/.local/lib/python3.12/site-packages/airflow/example_dags/example_short_circuit_operator.py
[2026-02-14T16:14:39.241+0000] {processor.py:840} INFO - DAG(s) 'example_short_circuit_operator' retrieved from /home/airflow/.local/lib/python3.12/site-packages/airflow/example_dags/example_short_circuit_operator.py
[2026-02-14T16:14:39.253+0000] {logging_mixin.py:188} INFO - [2026-02-14T16:14:39.253+0000] {dag.py:3089} INFO - Sync 1 DAGs
[2026-02-14T16:14:39.269+0000] {logging_mixin.py:188} INFO - [2026-02-14T16:14:39.269+0000] {dag.py:3947} INFO - Setting next_dagrun for example_short_circuit_operator to 2026-02-13 00:00:00+00:00, run_after=2026-02-14 00:00:00+00:00
[2026-02-14T16:14:39.280+0000] {processor.py:183} INFO - Processing /home/airflow/.local/lib/python3.12/site-packages/airflow/example_dags/example_short_circuit_operator.py took 0.052 seconds
[2026-02-14T16:15:10.197+0000] {processor.py:161} INFO - Started process (PID=3376) to work on /home/airflow/.local/lib/python3.12/site-packages/airflow/example_dags/example_short_circuit_operator.py
[2026-02-14T16:15:10.198+0000] {processor.py:830} INFO - Processing file /home/airflow/.local/lib/python3.12/site-packages/airflow/example_dags/example_short_circuit_operator.py for tasks to queue
[2026-02-14T16:15:10.199+0000] {logging_mixin.py:188} INFO - [2026-02-14T16:15:10.199+0000] {dagbag.py:545} INFO - Filling up the DagBag from /home/airflow/.local/lib/python3.12/site-packages/airflow/example_dags/example_short_circuit_operator.py
[2026-02-14T16:15:10.203+0000] {processor.py:840} INFO - DAG(s) 'example_short_circuit_operator' retrieved from /home/airflow/.local/lib/python3.12/site-packages/airflow/example_dags/example_short_circuit_operator.py
[2026-02-14T16:15:10.213+0000] {logging_mixin.py:188} INFO - [2026-02-14T16:15:10.213+0000] {dag.py:3089} INFO - Sync 1 DAGs
[2026-02-14T16:15:10.224+0000] {logging_mixin.py:188} INFO - [2026-02-14T16:15:10.223+0000] {dag.py:3947} INFO - Setting next_dagrun for example_short_circuit_operator to 2026-02-13 00:00:00+00:00, run_after=2026-02-14 00:00:00+00:00
[2026-02-14T16:15:10.235+0000] {processor.py:183} INFO - Processing /home/airflow/.local/lib/python3.12/site-packages/airflow/example_dags/example_short_circuit_operator.py took 0.041 seconds
[2026-02-14T16:15:40.897+0000] {processor.py:161} INFO - Started process (PID=3435) to work on /home/airflow/.local/lib/python3.12/site-packages/airflow/example_dags/example_short_circuit_operator.py
[2026-02-14T16:15:40.898+0000] {processor.py:830} INFO - Processing file /home/airflow/.local/lib/python3.12/site-packages/airflow/example_dags/example_short_circuit_operator.py for tasks to queue
[2026-02-14T16:15:40.899+0000] {logging_mixin.py:188} INFO - [2026-02-14T16:15:40.899+0000] {dagbag.py:545} INFO - Filling up the DagBag from /home/airflow/.local/lib/python3.12/site-packages/airflow/example_dags/example_short_circuit_operator.py
[2026-02-14T16:15:40.906+0000] {processor.py:840} INFO - DAG(s) 'example_short_circuit_operator' retrieved from /home/airflow/.local/lib/python3.12/site-packages/airflow/example_dags/example_short_circuit_operator.py
[2026-02-14T16:15:40.928+0000] {logging_mixin.py:188} INFO - [2026-02-14T16:15:40.928+0000] {dag.py:3089} INFO - Sync 1 DAGs
[2026-02-14T16:15:40.947+0000] {logging_mixin.py:188} INFO - [2026-02-14T16:15:40.947+0000] {dag.py:3947} INFO - Setting next_dagrun for example_short_circuit_operator to 2026-02-13 00:00:00+00:00, run_after=2026-02-14 00:00:00+00:00
[2026-02-14T16:15:40.964+0000] {processor.py:183} INFO - Processing /home/airflow/.local/lib/python3.12/site-packages/airflow/example_dags/example_short_circuit_operator.py took 0.071 seconds
[2026-02-14T16:16:10.985+0000] {processor.py:161} INFO - Started process (PID=3494) to work on /home/airflow/.local/lib/python3.12/site-packages/airflow/example_dags/example_short_circuit_operator.py
[2026-02-14T16:16:10.986+0000] {processor.py:830} INFO - Processing file /home/airflow/.local/lib/python3.12/site-packages/airflow/example_dags/example_short_circuit_operator.py for tasks to queue
[2026-02-14T16:16:10.987+0000] {logging_mixin.py:188} INFO - [2026-02-14T16:16:10.987+0000] {dagbag.py:545} INFO - Filling up the DagBag from /home/airflow/.local/lib/python3.12/site-packages/airflow/example_dags/example_short_circuit_operator.py
[2026-02-14T16:16:10.990+0000] {processor.py:840} INFO - DAG(s) 'example_short_circuit_operator' retrieved from /home/airflow/.local/lib/python3.12/site-packages/airflow/example_dags/example_short_circuit_operator.py
[2026-02-14T16:16:10.998+0000] {logging_mixin.py:188} INFO - [2026-02-14T16:16:10.997+0000] {dag.py:3089} INFO - Sync 1 DAGs
[2026-02-14T16:16:11.005+0000] {logging_mixin.py:188} INFO - [2026-02-14T16:16:11.005+0000] {dag.py:3947} INFO - Setting next_dagrun for example_short_circuit_operator to 2026-02-13 00:00:00+00:00, run_after=2026-02-14 00:00:00+00:00
[2026-02-14T16:16:11.010+0000] {processor.py:183} INFO - Processing /home/airflow/.local/lib/python3.12/site-packages/airflow/example_dags/example_short_circuit_operator.py took 0.031 seconds
[2026-02-14T16:16:41.504+0000] {processor.py:161} INFO - Started process (PID=3553) to work on /home/airflow/.local/lib/python3.12/site-packages/airflow/example_dags/example_short_circuit_operator.py
[2026-02-14T16:16:41.505+0000] {processor.py:830} INFO - Processing file /home/airflow/.local/lib/python3.12/site-packages/airflow/example_dags/example_short_circuit_operator.py for tasks to queue
[2026-02-14T16:16:41.505+0000] {logging_mixin.py:188} INFO - [2026-02-14T16:16:41.505+0000] {dagbag.py:545} INFO - Filling up the DagBag from /home/airflow/.local/lib/python3.12/site-packages/airflow/example_dags/example_short_circuit_operator.py
[2026-02-14T16:16:41.509+0000] {processor.py:840} INFO - DAG(s) 'example_short_circuit_operator' retrieved from /home/airflow/.local/lib/python3.12/site-packages/airflow/example_dags/example_short_circuit_operator.py
[2026-02-14T16:16:41.518+0000] {logging_mixin.py:188} INFO - [2026-02-14T16:16:41.518+0000] {dag.py:3089} INFO - Sync 1 DAGs
[2026-02-14T16:16:41.528+0000] {logging_mixin.py:188} INFO - [2026-02-14T16:16:41.527+0000] {dag.py:3947} INFO - Setting next_dagrun for example_short_circuit_operator to 2026-02-13 00:00:00+00:00, run_after=2026-02-14 00:00:00+00:00
[2026-02-14T16:16:41.534+0000] {processor.py:183} INFO - Processing /home/airflow/.local/lib/python3.12/site-packages/airflow/example_dags/example_short_circuit_operator.py took 0.032 seconds
[2026-02-14T16:17:12.052+0000] {processor.py:161} INFO - Started process (PID=3612) to work on /home/airflow/.local/lib/python3.12/site-packages/airflow/example_dags/example_short_circuit_operator.py
[2026-02-14T16:17:12.052+0000] {processor.py:830} INFO - Processing file /home/airflow/.local/lib/python3.12/site-packages/airflow/example_dags/example_short_circuit_operator.py for tasks to queue
[2026-02-14T16:17:12.053+0000] {logging_mixin.py:188} INFO - [2026-02-14T16:17:12.053+0000] {dagbag.py:545} INFO - Filling up the DagBag from /home/airflow/.local/lib/python3.12/site-packages/airflow/example_dags/example_short_circuit_operator.py
[2026-02-14T16:17:12.056+0000] {processor.py:840} INFO - DAG(s) 'example_short_circuit_operator' retrieved from /home/airflow/.local/lib/python3.12/site-packages/airflow/example_dags/example_short_circuit_operator.py
[2026-02-14T16:17:12.065+0000] {logging_mixin.py:188} INFO - [2026-02-14T16:17:12.065+0000] {dag.py:3089} INFO - Sync 1 DAGs
[2026-02-14T16:17:12.074+0000] {logging_mixin.py:188} INFO - [2026-02-14T16:17:12.074+0000] {dag.py:3947} INFO - Setting next_dagrun for example_short_circuit_operator to 2026-02-13 00:00:00+00:00, run_after=2026-02-14 00:00:00+00:00
[2026-02-14T16:17:12.085+0000] {processor.py:183} INFO - Processing /home/airflow/.local/lib/python3.12/site-packages/airflow/example_dags/example_short_circuit_operator.py took 0.036 seconds
[2026-02-14T16:17:42.779+0000] {processor.py:161} INFO - Started process (PID=3671) to work on /home/airflow/.local/lib/python3.12/site-packages/airflow/example_dags/example_short_circuit_operator.py
[2026-02-14T16:17:42.779+0000] {processor.py:830} INFO - Processing file /home/airflow/.local/lib/python3.12/site-packages/airflow/example_dags/example_short_circuit_operator.py for tasks to queue
[2026-02-14T16:17:42.781+0000] {logging_mixin.py:188} INFO - [2026-02-14T16:17:42.781+0000] {dagbag.py:545} INFO - Filling up the DagBag from /home/airflow/.local/lib/python3.12/site-packages/airflow/example_dags/example_short_circuit_operator.py
[2026-02-14T16:17:42.787+0000] {processor.py:840} INFO - DAG(s) 'example_short_circuit_operator' retrieved from /home/airflow/.local/lib/python3.12/site-packages/airflow/example_dags/example_short_circuit_operator.py
[2026-02-14T16:17:42.799+0000] {logging_mixin.py:188} INFO - [2026-02-14T16:17:42.799+0000] {dag.py:3089} INFO - Sync 1 DAGs
[2026-02-14T16:17:42.811+0000] {logging_mixin.py:188} INFO - [2026-02-14T16:17:42.811+0000] {dag.py:3947} INFO - Setting next_dagrun for example_short_circuit_operator to 2026-02-13 00:00:00+00:00, run_after=2026-02-14 00:00:00+00:00
[2026-02-14T16:17:42.822+0000] {processor.py:183} INFO - Processing /home/airflow/.local/lib/python3.12/site-packages/airflow/example_dags/example_short_circuit_operator.py took 0.050 seconds
[2026-02-14T16:18:13.299+0000] {processor.py:161} INFO - Started process (PID=3736) to work on /home/airflow/.local/lib/python3.12/site-packages/airflow/example_dags/example_short_circuit_operator.py
[2026-02-14T16:18:13.299+0000] {processor.py:830} INFO - Processing file /home/airflow/.local/lib/python3.12/site-packages/airflow/example_dags/example_short_circuit_operator.py for tasks to queue
[2026-02-14T16:18:13.301+0000] {logging_mixin.py:188} INFO - [2026-02-14T16:18:13.301+0000] {dagbag.py:545} INFO - Filling up the DagBag from /home/airflow/.local/lib/python3.12/site-packages/airflow/example_dags/example_short_circuit_operator.py
[2026-02-14T16:18:13.305+0000] {processor.py:840} INFO - DAG(s) 'example_short_circuit_operator' retrieved from /home/airflow/.local/lib/python3.12/site-packages/airflow/example_dags/example_short_circuit_operator.py
[2026-02-14T16:18:13.314+0000] {logging_mixin.py:188} INFO - [2026-02-14T16:18:13.314+0000] {dag.py:3089} INFO - Sync 1 DAGs
[2026-02-14T16:18:13.322+0000] {logging_mixin.py:188} INFO - [2026-02-14T16:18:13.322+0000] {dag.py:3947} INFO - Setting next_dagrun for example_short_circuit_operator to 2026-02-13 00:00:00+00:00, run_after=2026-02-14 00:00:00+00:00
[2026-02-14T16:18:13.329+0000] {processor.py:183} INFO - Processing /home/airflow/.local/lib/python3.12/site-packages/airflow/example_dags/example_short_circuit_operator.py took 0.033 seconds
[2026-02-14T16:18:44.039+0000] {processor.py:161} INFO - Started process (PID=3795) to work on /home/airflow/.local/lib/python3.12/site-packages/airflow/example_dags/example_short_circuit_operator.py
[2026-02-14T16:18:44.040+0000] {processor.py:830} INFO - Processing file /home/airflow/.local/lib/python3.12/site-packages/airflow/example_dags/example_short_circuit_operator.py for tasks to queue
[2026-02-14T16:18:44.041+0000] {logging_mixin.py:188} INFO - [2026-02-14T16:18:44.041+0000] {dagbag.py:545} INFO - Filling up the DagBag from /home/airflow/.local/lib/python3.12/site-packages/airflow/example_dags/example_short_circuit_operator.py
[2026-02-14T16:18:44.045+0000] {processor.py:840} INFO - DAG(s) 'example_short_circuit_operator' retrieved from /home/airflow/.local/lib/python3.12/site-packages/airflow/example_dags/example_short_circuit_operator.py
[2026-02-14T16:18:44.055+0000] {logging_mixin.py:188} INFO - [2026-02-14T16:18:44.055+0000] {dag.py:3089} INFO - Sync 1 DAGs
[2026-02-14T16:18:44.063+0000] {logging_mixin.py:188} INFO - [2026-02-14T16:18:44.063+0000] {dag.py:3947} INFO - Setting next_dagrun for example_short_circuit_operator to 2026-02-13 00:00:00+00:00, run_after=2026-02-14 00:00:00+00:00
[2026-02-14T16:18:44.070+0000] {processor.py:183} INFO - Processing /home/airflow/.local/lib/python3.12/site-packages/airflow/example_dags/example_short_circuit_operator.py took 0.035 seconds
[2026-02-14T16:19:14.193+0000] {processor.py:161} INFO - Started process (PID=3854) to work on /home/airflow/.local/lib/python3.12/site-packages/airflow/example_dags/example_short_circuit_operator.py
[2026-02-14T16:19:14.194+0000] {processor.py:830} INFO - Processing file /home/airflow/.local/lib/python3.12/site-packages/airflow/example_dags/example_short_circuit_operator.py for tasks to queue
[2026-02-14T16:19:14.195+0000] {logging_mixin.py:188} INFO - [2026-02-14T16:19:14.195+0000] {dagbag.py:545} INFO - Filling up the DagBag from /home/airflow/.local/lib/python3.12/site-packages/airflow/example_dags/example_short_circuit_operator.py
[2026-02-14T16:19:14.199+0000] {processor.py:840} INFO - DAG(s) 'example_short_circuit_operator' retrieved from /home/airflow/.local/lib/python3.12/site-packages/airflow/example_dags/example_short_circuit_operator.py
[2026-02-14T16:19:14.211+0000] {logging_mixin.py:188} INFO - [2026-02-14T16:19:14.211+0000] {dag.py:3089} INFO - Sync 1 DAGs
[2026-02-14T16:19:14.225+0000] {logging_mixin.py:188} INFO - [2026-02-14T16:19:14.225+0000] {dag.py:3947} INFO - Setting next_dagrun for example_short_circuit_operator to 2026-02-13 00:00:00+00:00, run_after=2026-02-14 00:00:00+00:00
[2026-02-14T16:19:14.233+0000] {processor.py:183} INFO - Processing /home/airflow/.local/lib/python3.12/site-packages/airflow/example_dags/example_short_circuit_operator.py took 0.043 seconds
[2026-02-14T16:19:45.120+0000] {processor.py:161} INFO - Started process (PID=3913) to work on /home/airflow/.local/lib/python3.12/site-packages/airflow/example_dags/example_short_circuit_operator.py
[2026-02-14T16:19:45.121+0000] {processor.py:830} INFO - Processing file /home/airflow/.local/lib/python3.12/site-packages/airflow/example_dags/example_short_circuit_operator.py for tasks to queue
[2026-02-14T16:19:45.122+0000] {logging_mixin.py:188} INFO - [2026-02-14T16:19:45.122+0000] {dagbag.py:545} INFO - Filling up the DagBag from /home/airflow/.local/lib/python3.12/site-packages/airflow/example_dags/example_short_circuit_operator.py
[2026-02-14T16:19:45.125+0000] {processor.py:840} INFO - DAG(s) 'example_short_circuit_operator' retrieved from /home/airflow/.local/lib/python3.12/site-packages/airflow/example_dags/example_short_circuit_operator.py
[2026-02-14T16:19:45.140+0000] {logging_mixin.py:188} INFO - [2026-02-14T16:19:45.140+0000] {dag.py:3089} INFO - Sync 1 DAGs
[2026-02-14T16:19:45.150+0000] {logging_mixin.py:188} INFO - [2026-02-14T16:19:45.150+0000] {dag.py:3947} INFO - Setting next_dagrun for example_short_circuit_operator to 2026-02-13 00:00:00+00:00, run_after=2026-02-14 00:00:00+00:00
[2026-02-14T16:19:45.160+0000] {processor.py:183} INFO - Processing /home/airflow/.local/lib/python3.12/site-packages/airflow/example_dags/example_short_circuit_operator.py took 0.043 seconds
[2026-02-14T16:20:15.629+0000] {processor.py:161} INFO - Started process (PID=3972) to work on /home/airflow/.local/lib/python3.12/site-packages/airflow/example_dags/example_short_circuit_operator.py
[2026-02-14T16:20:15.630+0000] {processor.py:830} INFO - Processing file /home/airflow/.local/lib/python3.12/site-packages/airflow/example_dags/example_short_circuit_operator.py for tasks to queue
[2026-02-14T16:20:15.631+0000] {logging_mixin.py:188} INFO - [2026-02-14T16:20:15.631+0000] {dagbag.py:545} INFO - Filling up the DagBag from /home/airflow/.local/lib/python3.12/site-packages/airflow/example_dags/example_short_circuit_operator.py
[2026-02-14T16:20:15.634+0000] {processor.py:840} INFO - DAG(s) 'example_short_circuit_operator' retrieved from /home/airflow/.local/lib/python3.12/site-packages/airflow/example_dags/example_short_circuit_operator.py
[2026-02-14T16:20:15.652+0000] {logging_mixin.py:188} INFO - [2026-02-14T16:20:15.652+0000] {dag.py:3089} INFO - Sync 1 DAGs
[2026-02-14T16:20:15.674+0000] {logging_mixin.py:188} INFO - [2026-02-14T16:20:15.674+0000] {dag.py:3947} INFO - Setting next_dagrun for example_short_circuit_operator to 2026-02-13 00:00:00+00:00, run_after=2026-02-14 00:00:00+00:00
[2026-02-14T16:20:15.692+0000] {processor.py:183} INFO - Processing /home/airflow/.local/lib/python3.12/site-packages/airflow/example_dags/example_short_circuit_operator.py took 0.066 seconds
[2026-02-14T16:20:45.851+0000] {processor.py:161} INFO - Started process (PID=4031) to work on /home/airflow/.local/lib/python3.12/site-packages/airflow/example_dags/example_short_circuit_operator.py
[2026-02-14T16:20:45.851+0000] {processor.py:830} INFO - Processing file /home/airflow/.local/lib/python3.12/site-packages/airflow/example_dags/example_short_circuit_operator.py for tasks to queue
[2026-02-14T16:20:45.853+0000] {logging_mixin.py:188} INFO - [2026-02-14T16:20:45.852+0000] {dagbag.py:545} INFO - Filling up the DagBag from /home/airflow/.local/lib/python3.12/site-packages/airflow/example_dags/example_short_circuit_operator.py
[2026-02-14T16:20:45.856+0000] {processor.py:840} INFO - DAG(s) 'example_short_circuit_operator' retrieved from /home/airflow/.local/lib/python3.12/site-packages/airflow/example_dags/example_short_circuit_operator.py
[2026-02-14T16:20:45.865+0000] {logging_mixin.py:188} INFO - [2026-02-14T16:20:45.865+0000] {dag.py:3089} INFO - Sync 1 DAGs
[2026-02-14T16:20:45.876+0000] {logging_mixin.py:188} INFO - [2026-02-14T16:20:45.876+0000] {dag.py:3947} INFO - Setting next_dagrun for example_short_circuit_operator to 2026-02-13 00:00:00+00:00, run_after=2026-02-14 00:00:00+00:00
[2026-02-14T16:20:45.888+0000] {processor.py:183} INFO - Processing /home/airflow/.local/lib/python3.12/site-packages/airflow/example_dags/example_short_circuit_operator.py took 0.040 seconds
[2026-02-14T16:21:16.435+0000] {processor.py:161} INFO - Started process (PID=4090) to work on /home/airflow/.local/lib/python3.12/site-packages/airflow/example_dags/example_short_circuit_operator.py
[2026-02-14T16:21:16.436+0000] {processor.py:830} INFO - Processing file /home/airflow/.local/lib/python3.12/site-packages/airflow/example_dags/example_short_circuit_operator.py for tasks to queue
[2026-02-14T16:21:16.437+0000] {logging_mixin.py:188} INFO - [2026-02-14T16:21:16.437+0000] {dagbag.py:545} INFO - Filling up the DagBag from /home/airflow/.local/lib/python3.12/site-packages/airflow/example_dags/example_short_circuit_operator.py
[2026-02-14T16:21:16.441+0000] {processor.py:840} INFO - DAG(s) 'example_short_circuit_operator' retrieved from /home/airflow/.local/lib/python3.12/site-packages/airflow/example_dags/example_short_circuit_operator.py
[2026-02-14T16:21:16.449+0000] {logging_mixin.py:188} INFO - [2026-02-14T16:21:16.449+0000] {dag.py:3089} INFO - Sync 1 DAGs
[2026-02-14T16:21:16.456+0000] {logging_mixin.py:188} INFO - [2026-02-14T16:21:16.456+0000] {dag.py:3947} INFO - Setting next_dagrun for example_short_circuit_operator to 2026-02-13 00:00:00+00:00, run_after=2026-02-14 00:00:00+00:00
[2026-02-14T16:21:16.466+0000] {processor.py:183} INFO - Processing /home/airflow/.local/lib/python3.12/site-packages/airflow/example_dags/example_short_circuit_operator.py took 0.033 seconds
