[2026-02-14T15:46:38.627+0000] {processor.py:161} INFO - Started process (PID=81) to work on /home/airflow/.local/lib/python3.12/site-packages/airflow/example_dags/example_bash_operator.py
[2026-02-14T15:46:38.628+0000] {processor.py:830} INFO - Processing file /home/airflow/.local/lib/python3.12/site-packages/airflow/example_dags/example_bash_operator.py for tasks to queue
[2026-02-14T15:46:38.630+0000] {logging_mixin.py:188} INFO - [2026-02-14T15:46:38.630+0000] {dagbag.py:545} INFO - Filling up the DagBag from /home/airflow/.local/lib/python3.12/site-packages/airflow/example_dags/example_bash_operator.py
[2026-02-14T15:46:38.642+0000] {processor.py:840} INFO - DAG(s) 'example_bash_operator' retrieved from /home/airflow/.local/lib/python3.12/site-packages/airflow/example_dags/example_bash_operator.py
[2026-02-14T15:46:38.651+0000] {logging_mixin.py:188} INFO - [2026-02-14T15:46:38.651+0000] {dag.py:3089} INFO - Sync 1 DAGs
[2026-02-14T15:46:38.663+0000] {logging_mixin.py:188} INFO - [2026-02-14T15:46:38.663+0000] {dag.py:3947} INFO - Setting next_dagrun for example_bash_operator to 2026-02-13 00:00:00+00:00, run_after=2026-02-14 00:00:00+00:00
[2026-02-14T15:46:38.675+0000] {processor.py:183} INFO - Processing /home/airflow/.local/lib/python3.12/site-packages/airflow/example_dags/example_bash_operator.py took 0.052 seconds
[2026-02-14T15:47:09.583+0000] {processor.py:161} INFO - Started process (PID=146) to work on /home/airflow/.local/lib/python3.12/site-packages/airflow/example_dags/example_bash_operator.py
[2026-02-14T15:47:09.584+0000] {processor.py:830} INFO - Processing file /home/airflow/.local/lib/python3.12/site-packages/airflow/example_dags/example_bash_operator.py for tasks to queue
[2026-02-14T15:47:09.585+0000] {logging_mixin.py:188} INFO - [2026-02-14T15:47:09.585+0000] {dagbag.py:545} INFO - Filling up the DagBag from /home/airflow/.local/lib/python3.12/site-packages/airflow/example_dags/example_bash_operator.py
[2026-02-14T15:47:09.590+0000] {processor.py:840} INFO - DAG(s) 'example_bash_operator' retrieved from /home/airflow/.local/lib/python3.12/site-packages/airflow/example_dags/example_bash_operator.py
[2026-02-14T15:47:09.627+0000] {logging_mixin.py:188} INFO - [2026-02-14T15:47:09.627+0000] {dag.py:3089} INFO - Sync 1 DAGs
[2026-02-14T15:47:09.634+0000] {logging_mixin.py:188} INFO - [2026-02-14T15:47:09.634+0000] {dag.py:3947} INFO - Setting next_dagrun for example_bash_operator to 2026-02-13 00:00:00+00:00, run_after=2026-02-14 00:00:00+00:00
[2026-02-14T15:47:09.642+0000] {processor.py:183} INFO - Processing /home/airflow/.local/lib/python3.12/site-packages/airflow/example_dags/example_bash_operator.py took 0.061 seconds
[2026-02-14T15:47:40.252+0000] {processor.py:161} INFO - Started process (PID=205) to work on /home/airflow/.local/lib/python3.12/site-packages/airflow/example_dags/example_bash_operator.py
[2026-02-14T15:47:40.252+0000] {processor.py:830} INFO - Processing file /home/airflow/.local/lib/python3.12/site-packages/airflow/example_dags/example_bash_operator.py for tasks to queue
[2026-02-14T15:47:40.253+0000] {logging_mixin.py:188} INFO - [2026-02-14T15:47:40.253+0000] {dagbag.py:545} INFO - Filling up the DagBag from /home/airflow/.local/lib/python3.12/site-packages/airflow/example_dags/example_bash_operator.py
[2026-02-14T15:47:40.257+0000] {processor.py:840} INFO - DAG(s) 'example_bash_operator' retrieved from /home/airflow/.local/lib/python3.12/site-packages/airflow/example_dags/example_bash_operator.py
[2026-02-14T15:47:40.268+0000] {logging_mixin.py:188} INFO - [2026-02-14T15:47:40.267+0000] {dag.py:3089} INFO - Sync 1 DAGs
[2026-02-14T15:47:40.275+0000] {logging_mixin.py:188} INFO - [2026-02-14T15:47:40.274+0000] {dag.py:3947} INFO - Setting next_dagrun for example_bash_operator to 2026-02-13 00:00:00+00:00, run_after=2026-02-14 00:00:00+00:00
[2026-02-14T15:47:40.281+0000] {processor.py:183} INFO - Processing /home/airflow/.local/lib/python3.12/site-packages/airflow/example_dags/example_bash_operator.py took 0.031 seconds
[2026-02-14T15:48:10.827+0000] {processor.py:161} INFO - Started process (PID=264) to work on /home/airflow/.local/lib/python3.12/site-packages/airflow/example_dags/example_bash_operator.py
[2026-02-14T15:48:10.829+0000] {processor.py:830} INFO - Processing file /home/airflow/.local/lib/python3.12/site-packages/airflow/example_dags/example_bash_operator.py for tasks to queue
[2026-02-14T15:48:10.830+0000] {logging_mixin.py:188} INFO - [2026-02-14T15:48:10.830+0000] {dagbag.py:545} INFO - Filling up the DagBag from /home/airflow/.local/lib/python3.12/site-packages/airflow/example_dags/example_bash_operator.py
[2026-02-14T15:48:10.836+0000] {processor.py:840} INFO - DAG(s) 'example_bash_operator' retrieved from /home/airflow/.local/lib/python3.12/site-packages/airflow/example_dags/example_bash_operator.py
[2026-02-14T15:48:10.849+0000] {logging_mixin.py:188} INFO - [2026-02-14T15:48:10.849+0000] {dag.py:3089} INFO - Sync 1 DAGs
[2026-02-14T15:48:10.856+0000] {logging_mixin.py:188} INFO - [2026-02-14T15:48:10.856+0000] {dag.py:3947} INFO - Setting next_dagrun for example_bash_operator to 2026-02-13 00:00:00+00:00, run_after=2026-02-14 00:00:00+00:00
[2026-02-14T15:48:10.863+0000] {processor.py:183} INFO - Processing /home/airflow/.local/lib/python3.12/site-packages/airflow/example_dags/example_bash_operator.py took 0.038 seconds
[2026-02-14T15:48:41.465+0000] {processor.py:161} INFO - Started process (PID=323) to work on /home/airflow/.local/lib/python3.12/site-packages/airflow/example_dags/example_bash_operator.py
[2026-02-14T15:48:41.466+0000] {processor.py:830} INFO - Processing file /home/airflow/.local/lib/python3.12/site-packages/airflow/example_dags/example_bash_operator.py for tasks to queue
[2026-02-14T15:48:41.467+0000] {logging_mixin.py:188} INFO - [2026-02-14T15:48:41.467+0000] {dagbag.py:545} INFO - Filling up the DagBag from /home/airflow/.local/lib/python3.12/site-packages/airflow/example_dags/example_bash_operator.py
[2026-02-14T15:48:41.471+0000] {processor.py:840} INFO - DAG(s) 'example_bash_operator' retrieved from /home/airflow/.local/lib/python3.12/site-packages/airflow/example_dags/example_bash_operator.py
[2026-02-14T15:48:41.480+0000] {logging_mixin.py:188} INFO - [2026-02-14T15:48:41.480+0000] {dag.py:3089} INFO - Sync 1 DAGs
[2026-02-14T15:48:41.488+0000] {logging_mixin.py:188} INFO - [2026-02-14T15:48:41.488+0000] {dag.py:3947} INFO - Setting next_dagrun for example_bash_operator to 2026-02-13 00:00:00+00:00, run_after=2026-02-14 00:00:00+00:00
[2026-02-14T15:48:41.496+0000] {processor.py:183} INFO - Processing /home/airflow/.local/lib/python3.12/site-packages/airflow/example_dags/example_bash_operator.py took 0.033 seconds
[2026-02-14T15:49:12.110+0000] {processor.py:161} INFO - Started process (PID=382) to work on /home/airflow/.local/lib/python3.12/site-packages/airflow/example_dags/example_bash_operator.py
[2026-02-14T15:49:12.111+0000] {processor.py:830} INFO - Processing file /home/airflow/.local/lib/python3.12/site-packages/airflow/example_dags/example_bash_operator.py for tasks to queue
[2026-02-14T15:49:12.113+0000] {logging_mixin.py:188} INFO - [2026-02-14T15:49:12.112+0000] {dagbag.py:545} INFO - Filling up the DagBag from /home/airflow/.local/lib/python3.12/site-packages/airflow/example_dags/example_bash_operator.py
[2026-02-14T15:49:12.117+0000] {processor.py:840} INFO - DAG(s) 'example_bash_operator' retrieved from /home/airflow/.local/lib/python3.12/site-packages/airflow/example_dags/example_bash_operator.py
[2026-02-14T15:49:12.127+0000] {logging_mixin.py:188} INFO - [2026-02-14T15:49:12.127+0000] {dag.py:3089} INFO - Sync 1 DAGs
[2026-02-14T15:49:12.135+0000] {logging_mixin.py:188} INFO - [2026-02-14T15:49:12.135+0000] {dag.py:3947} INFO - Setting next_dagrun for example_bash_operator to 2026-02-13 00:00:00+00:00, run_after=2026-02-14 00:00:00+00:00
[2026-02-14T15:49:12.140+0000] {processor.py:183} INFO - Processing /home/airflow/.local/lib/python3.12/site-packages/airflow/example_dags/example_bash_operator.py took 0.032 seconds
[2026-02-14T15:49:42.496+0000] {processor.py:161} INFO - Started process (PID=441) to work on /home/airflow/.local/lib/python3.12/site-packages/airflow/example_dags/example_bash_operator.py
[2026-02-14T15:49:42.497+0000] {processor.py:830} INFO - Processing file /home/airflow/.local/lib/python3.12/site-packages/airflow/example_dags/example_bash_operator.py for tasks to queue
[2026-02-14T15:49:42.499+0000] {logging_mixin.py:188} INFO - [2026-02-14T15:49:42.498+0000] {dagbag.py:545} INFO - Filling up the DagBag from /home/airflow/.local/lib/python3.12/site-packages/airflow/example_dags/example_bash_operator.py
[2026-02-14T15:49:42.504+0000] {processor.py:840} INFO - DAG(s) 'example_bash_operator' retrieved from /home/airflow/.local/lib/python3.12/site-packages/airflow/example_dags/example_bash_operator.py
[2026-02-14T15:49:42.517+0000] {logging_mixin.py:188} INFO - [2026-02-14T15:49:42.517+0000] {dag.py:3089} INFO - Sync 1 DAGs
[2026-02-14T15:49:42.525+0000] {logging_mixin.py:188} INFO - [2026-02-14T15:49:42.525+0000] {dag.py:3947} INFO - Setting next_dagrun for example_bash_operator to 2026-02-13 00:00:00+00:00, run_after=2026-02-14 00:00:00+00:00
[2026-02-14T15:49:42.532+0000] {processor.py:183} INFO - Processing /home/airflow/.local/lib/python3.12/site-packages/airflow/example_dags/example_bash_operator.py took 0.037 seconds
[2026-02-14T15:50:12.928+0000] {processor.py:161} INFO - Started process (PID=500) to work on /home/airflow/.local/lib/python3.12/site-packages/airflow/example_dags/example_bash_operator.py
[2026-02-14T15:50:12.929+0000] {processor.py:830} INFO - Processing file /home/airflow/.local/lib/python3.12/site-packages/airflow/example_dags/example_bash_operator.py for tasks to queue
[2026-02-14T15:50:12.929+0000] {logging_mixin.py:188} INFO - [2026-02-14T15:50:12.929+0000] {dagbag.py:545} INFO - Filling up the DagBag from /home/airflow/.local/lib/python3.12/site-packages/airflow/example_dags/example_bash_operator.py
[2026-02-14T15:50:12.934+0000] {processor.py:840} INFO - DAG(s) 'example_bash_operator' retrieved from /home/airflow/.local/lib/python3.12/site-packages/airflow/example_dags/example_bash_operator.py
[2026-02-14T15:50:12.943+0000] {logging_mixin.py:188} INFO - [2026-02-14T15:50:12.943+0000] {dag.py:3089} INFO - Sync 1 DAGs
[2026-02-14T15:50:12.952+0000] {logging_mixin.py:188} INFO - [2026-02-14T15:50:12.952+0000] {dag.py:3947} INFO - Setting next_dagrun for example_bash_operator to 2026-02-13 00:00:00+00:00, run_after=2026-02-14 00:00:00+00:00
[2026-02-14T15:50:12.962+0000] {processor.py:183} INFO - Processing /home/airflow/.local/lib/python3.12/site-packages/airflow/example_dags/example_bash_operator.py took 0.035 seconds
[2026-02-14T15:50:43.400+0000] {processor.py:161} INFO - Started process (PID=559) to work on /home/airflow/.local/lib/python3.12/site-packages/airflow/example_dags/example_bash_operator.py
[2026-02-14T15:50:43.401+0000] {processor.py:830} INFO - Processing file /home/airflow/.local/lib/python3.12/site-packages/airflow/example_dags/example_bash_operator.py for tasks to queue
[2026-02-14T15:50:43.402+0000] {logging_mixin.py:188} INFO - [2026-02-14T15:50:43.402+0000] {dagbag.py:545} INFO - Filling up the DagBag from /home/airflow/.local/lib/python3.12/site-packages/airflow/example_dags/example_bash_operator.py
[2026-02-14T15:50:43.407+0000] {processor.py:840} INFO - DAG(s) 'example_bash_operator' retrieved from /home/airflow/.local/lib/python3.12/site-packages/airflow/example_dags/example_bash_operator.py
[2026-02-14T15:50:43.417+0000] {logging_mixin.py:188} INFO - [2026-02-14T15:50:43.417+0000] {dag.py:3089} INFO - Sync 1 DAGs
[2026-02-14T15:50:43.427+0000] {logging_mixin.py:188} INFO - [2026-02-14T15:50:43.427+0000] {dag.py:3947} INFO - Setting next_dagrun for example_bash_operator to 2026-02-13 00:00:00+00:00, run_after=2026-02-14 00:00:00+00:00
[2026-02-14T15:50:43.440+0000] {processor.py:183} INFO - Processing /home/airflow/.local/lib/python3.12/site-packages/airflow/example_dags/example_bash_operator.py took 0.042 seconds
[2026-02-14T15:51:14.123+0000] {processor.py:161} INFO - Started process (PID=618) to work on /home/airflow/.local/lib/python3.12/site-packages/airflow/example_dags/example_bash_operator.py
[2026-02-14T15:51:14.125+0000] {processor.py:830} INFO - Processing file /home/airflow/.local/lib/python3.12/site-packages/airflow/example_dags/example_bash_operator.py for tasks to queue
[2026-02-14T15:51:14.126+0000] {logging_mixin.py:188} INFO - [2026-02-14T15:51:14.126+0000] {dagbag.py:545} INFO - Filling up the DagBag from /home/airflow/.local/lib/python3.12/site-packages/airflow/example_dags/example_bash_operator.py
[2026-02-14T15:51:14.131+0000] {processor.py:840} INFO - DAG(s) 'example_bash_operator' retrieved from /home/airflow/.local/lib/python3.12/site-packages/airflow/example_dags/example_bash_operator.py
[2026-02-14T15:51:14.146+0000] {logging_mixin.py:188} INFO - [2026-02-14T15:51:14.146+0000] {dag.py:3089} INFO - Sync 1 DAGs
[2026-02-14T15:51:14.157+0000] {logging_mixin.py:188} INFO - [2026-02-14T15:51:14.157+0000] {dag.py:3947} INFO - Setting next_dagrun for example_bash_operator to 2026-02-13 00:00:00+00:00, run_after=2026-02-14 00:00:00+00:00
[2026-02-14T15:51:14.164+0000] {processor.py:183} INFO - Processing /home/airflow/.local/lib/python3.12/site-packages/airflow/example_dags/example_bash_operator.py took 0.045 seconds
[2026-02-14T15:51:44.558+0000] {processor.py:161} INFO - Started process (PID=677) to work on /home/airflow/.local/lib/python3.12/site-packages/airflow/example_dags/example_bash_operator.py
[2026-02-14T15:51:44.559+0000] {processor.py:830} INFO - Processing file /home/airflow/.local/lib/python3.12/site-packages/airflow/example_dags/example_bash_operator.py for tasks to queue
[2026-02-14T15:51:44.559+0000] {logging_mixin.py:188} INFO - [2026-02-14T15:51:44.559+0000] {dagbag.py:545} INFO - Filling up the DagBag from /home/airflow/.local/lib/python3.12/site-packages/airflow/example_dags/example_bash_operator.py
[2026-02-14T15:51:44.563+0000] {processor.py:840} INFO - DAG(s) 'example_bash_operator' retrieved from /home/airflow/.local/lib/python3.12/site-packages/airflow/example_dags/example_bash_operator.py
[2026-02-14T15:51:44.573+0000] {logging_mixin.py:188} INFO - [2026-02-14T15:51:44.572+0000] {dag.py:3089} INFO - Sync 1 DAGs
[2026-02-14T15:51:44.580+0000] {logging_mixin.py:188} INFO - [2026-02-14T15:51:44.580+0000] {dag.py:3947} INFO - Setting next_dagrun for example_bash_operator to 2026-02-13 00:00:00+00:00, run_after=2026-02-14 00:00:00+00:00
[2026-02-14T15:51:44.590+0000] {processor.py:183} INFO - Processing /home/airflow/.local/lib/python3.12/site-packages/airflow/example_dags/example_bash_operator.py took 0.035 seconds
[2026-02-14T15:52:15.056+0000] {processor.py:161} INFO - Started process (PID=736) to work on /home/airflow/.local/lib/python3.12/site-packages/airflow/example_dags/example_bash_operator.py
[2026-02-14T15:52:15.057+0000] {processor.py:830} INFO - Processing file /home/airflow/.local/lib/python3.12/site-packages/airflow/example_dags/example_bash_operator.py for tasks to queue
[2026-02-14T15:52:15.058+0000] {logging_mixin.py:188} INFO - [2026-02-14T15:52:15.058+0000] {dagbag.py:545} INFO - Filling up the DagBag from /home/airflow/.local/lib/python3.12/site-packages/airflow/example_dags/example_bash_operator.py
[2026-02-14T15:52:15.073+0000] {processor.py:840} INFO - DAG(s) 'example_bash_operator' retrieved from /home/airflow/.local/lib/python3.12/site-packages/airflow/example_dags/example_bash_operator.py
[2026-02-14T15:52:15.101+0000] {logging_mixin.py:188} INFO - [2026-02-14T15:52:15.101+0000] {dag.py:3089} INFO - Sync 1 DAGs
[2026-02-14T15:52:15.114+0000] {logging_mixin.py:188} INFO - [2026-02-14T15:52:15.114+0000] {dag.py:3947} INFO - Setting next_dagrun for example_bash_operator to 2026-02-13 00:00:00+00:00, run_after=2026-02-14 00:00:00+00:00
[2026-02-14T15:52:15.121+0000] {processor.py:183} INFO - Processing /home/airflow/.local/lib/python3.12/site-packages/airflow/example_dags/example_bash_operator.py took 0.068 seconds
[2026-02-14T15:52:45.443+0000] {processor.py:161} INFO - Started process (PID=795) to work on /home/airflow/.local/lib/python3.12/site-packages/airflow/example_dags/example_bash_operator.py
[2026-02-14T15:52:45.443+0000] {processor.py:830} INFO - Processing file /home/airflow/.local/lib/python3.12/site-packages/airflow/example_dags/example_bash_operator.py for tasks to queue
[2026-02-14T15:52:45.444+0000] {logging_mixin.py:188} INFO - [2026-02-14T15:52:45.444+0000] {dagbag.py:545} INFO - Filling up the DagBag from /home/airflow/.local/lib/python3.12/site-packages/airflow/example_dags/example_bash_operator.py
[2026-02-14T15:52:45.448+0000] {processor.py:840} INFO - DAG(s) 'example_bash_operator' retrieved from /home/airflow/.local/lib/python3.12/site-packages/airflow/example_dags/example_bash_operator.py
[2026-02-14T15:52:45.457+0000] {logging_mixin.py:188} INFO - [2026-02-14T15:52:45.457+0000] {dag.py:3089} INFO - Sync 1 DAGs
[2026-02-14T15:52:45.464+0000] {logging_mixin.py:188} INFO - [2026-02-14T15:52:45.464+0000] {dag.py:3947} INFO - Setting next_dagrun for example_bash_operator to 2026-02-13 00:00:00+00:00, run_after=2026-02-14 00:00:00+00:00
[2026-02-14T15:52:45.472+0000] {processor.py:183} INFO - Processing /home/airflow/.local/lib/python3.12/site-packages/airflow/example_dags/example_bash_operator.py took 0.031 seconds
[2026-02-14T15:53:15.777+0000] {processor.py:161} INFO - Started process (PID=854) to work on /home/airflow/.local/lib/python3.12/site-packages/airflow/example_dags/example_bash_operator.py
[2026-02-14T15:53:15.778+0000] {processor.py:830} INFO - Processing file /home/airflow/.local/lib/python3.12/site-packages/airflow/example_dags/example_bash_operator.py for tasks to queue
[2026-02-14T15:53:15.778+0000] {logging_mixin.py:188} INFO - [2026-02-14T15:53:15.778+0000] {dagbag.py:545} INFO - Filling up the DagBag from /home/airflow/.local/lib/python3.12/site-packages/airflow/example_dags/example_bash_operator.py
[2026-02-14T15:53:15.783+0000] {processor.py:840} INFO - DAG(s) 'example_bash_operator' retrieved from /home/airflow/.local/lib/python3.12/site-packages/airflow/example_dags/example_bash_operator.py
[2026-02-14T15:53:15.793+0000] {logging_mixin.py:188} INFO - [2026-02-14T15:53:15.793+0000] {dag.py:3089} INFO - Sync 1 DAGs
[2026-02-14T15:53:15.800+0000] {logging_mixin.py:188} INFO - [2026-02-14T15:53:15.800+0000] {dag.py:3947} INFO - Setting next_dagrun for example_bash_operator to 2026-02-13 00:00:00+00:00, run_after=2026-02-14 00:00:00+00:00
[2026-02-14T15:53:15.807+0000] {processor.py:183} INFO - Processing /home/airflow/.local/lib/python3.12/site-packages/airflow/example_dags/example_bash_operator.py took 0.033 seconds
[2026-02-14T15:53:46.162+0000] {processor.py:161} INFO - Started process (PID=913) to work on /home/airflow/.local/lib/python3.12/site-packages/airflow/example_dags/example_bash_operator.py
[2026-02-14T15:53:46.165+0000] {processor.py:830} INFO - Processing file /home/airflow/.local/lib/python3.12/site-packages/airflow/example_dags/example_bash_operator.py for tasks to queue
[2026-02-14T15:53:46.167+0000] {logging_mixin.py:188} INFO - [2026-02-14T15:53:46.167+0000] {dagbag.py:545} INFO - Filling up the DagBag from /home/airflow/.local/lib/python3.12/site-packages/airflow/example_dags/example_bash_operator.py
[2026-02-14T15:53:46.172+0000] {processor.py:840} INFO - DAG(s) 'example_bash_operator' retrieved from /home/airflow/.local/lib/python3.12/site-packages/airflow/example_dags/example_bash_operator.py
[2026-02-14T15:53:46.181+0000] {logging_mixin.py:188} INFO - [2026-02-14T15:53:46.181+0000] {dag.py:3089} INFO - Sync 1 DAGs
[2026-02-14T15:53:46.189+0000] {logging_mixin.py:188} INFO - [2026-02-14T15:53:46.189+0000] {dag.py:3947} INFO - Setting next_dagrun for example_bash_operator to 2026-02-13 00:00:00+00:00, run_after=2026-02-14 00:00:00+00:00
[2026-02-14T15:53:46.198+0000] {processor.py:183} INFO - Processing /home/airflow/.local/lib/python3.12/site-packages/airflow/example_dags/example_bash_operator.py took 0.038 seconds
[2026-02-14T15:54:16.597+0000] {processor.py:161} INFO - Started process (PID=972) to work on /home/airflow/.local/lib/python3.12/site-packages/airflow/example_dags/example_bash_operator.py
[2026-02-14T15:54:16.598+0000] {processor.py:830} INFO - Processing file /home/airflow/.local/lib/python3.12/site-packages/airflow/example_dags/example_bash_operator.py for tasks to queue
[2026-02-14T15:54:16.600+0000] {logging_mixin.py:188} INFO - [2026-02-14T15:54:16.600+0000] {dagbag.py:545} INFO - Filling up the DagBag from /home/airflow/.local/lib/python3.12/site-packages/airflow/example_dags/example_bash_operator.py
[2026-02-14T15:54:16.606+0000] {processor.py:840} INFO - DAG(s) 'example_bash_operator' retrieved from /home/airflow/.local/lib/python3.12/site-packages/airflow/example_dags/example_bash_operator.py
[2026-02-14T15:54:16.616+0000] {logging_mixin.py:188} INFO - [2026-02-14T15:54:16.616+0000] {dag.py:3089} INFO - Sync 1 DAGs
[2026-02-14T15:54:16.624+0000] {logging_mixin.py:188} INFO - [2026-02-14T15:54:16.624+0000] {dag.py:3947} INFO - Setting next_dagrun for example_bash_operator to 2026-02-13 00:00:00+00:00, run_after=2026-02-14 00:00:00+00:00
[2026-02-14T15:54:16.631+0000] {processor.py:183} INFO - Processing /home/airflow/.local/lib/python3.12/site-packages/airflow/example_dags/example_bash_operator.py took 0.036 seconds
[2026-02-14T15:54:47.090+0000] {processor.py:161} INFO - Started process (PID=1031) to work on /home/airflow/.local/lib/python3.12/site-packages/airflow/example_dags/example_bash_operator.py
[2026-02-14T15:54:47.091+0000] {processor.py:830} INFO - Processing file /home/airflow/.local/lib/python3.12/site-packages/airflow/example_dags/example_bash_operator.py for tasks to queue
[2026-02-14T15:54:47.092+0000] {logging_mixin.py:188} INFO - [2026-02-14T15:54:47.091+0000] {dagbag.py:545} INFO - Filling up the DagBag from /home/airflow/.local/lib/python3.12/site-packages/airflow/example_dags/example_bash_operator.py
[2026-02-14T15:54:47.099+0000] {processor.py:840} INFO - DAG(s) 'example_bash_operator' retrieved from /home/airflow/.local/lib/python3.12/site-packages/airflow/example_dags/example_bash_operator.py
[2026-02-14T15:54:47.108+0000] {logging_mixin.py:188} INFO - [2026-02-14T15:54:47.108+0000] {dag.py:3089} INFO - Sync 1 DAGs
[2026-02-14T15:54:47.118+0000] {logging_mixin.py:188} INFO - [2026-02-14T15:54:47.118+0000] {dag.py:3947} INFO - Setting next_dagrun for example_bash_operator to 2026-02-13 00:00:00+00:00, run_after=2026-02-14 00:00:00+00:00
[2026-02-14T15:54:47.128+0000] {processor.py:183} INFO - Processing /home/airflow/.local/lib/python3.12/site-packages/airflow/example_dags/example_bash_operator.py took 0.041 seconds
[2026-02-14T15:55:19.757+0000] {processor.py:161} INFO - Started process (PID=1090) to work on /home/airflow/.local/lib/python3.12/site-packages/airflow/example_dags/example_bash_operator.py
[2026-02-14T15:55:19.758+0000] {processor.py:830} INFO - Processing file /home/airflow/.local/lib/python3.12/site-packages/airflow/example_dags/example_bash_operator.py for tasks to queue
[2026-02-14T15:55:19.762+0000] {logging_mixin.py:188} INFO - [2026-02-14T15:55:19.761+0000] {dagbag.py:545} INFO - Filling up the DagBag from /home/airflow/.local/lib/python3.12/site-packages/airflow/example_dags/example_bash_operator.py
[2026-02-14T15:55:19.778+0000] {processor.py:840} INFO - DAG(s) 'example_bash_operator' retrieved from /home/airflow/.local/lib/python3.12/site-packages/airflow/example_dags/example_bash_operator.py
[2026-02-14T15:55:19.850+0000] {logging_mixin.py:188} INFO - [2026-02-14T15:55:19.850+0000] {dag.py:3089} INFO - Sync 1 DAGs
[2026-02-14T15:55:19.877+0000] {logging_mixin.py:188} INFO - [2026-02-14T15:55:19.877+0000] {dag.py:3947} INFO - Setting next_dagrun for example_bash_operator to 2026-02-13 00:00:00+00:00, run_after=2026-02-14 00:00:00+00:00
[2026-02-14T15:55:19.910+0000] {processor.py:183} INFO - Processing /home/airflow/.local/lib/python3.12/site-packages/airflow/example_dags/example_bash_operator.py took 0.158 seconds
[2026-02-14T15:55:50.105+0000] {processor.py:161} INFO - Started process (PID=1148) to work on /home/airflow/.local/lib/python3.12/site-packages/airflow/example_dags/example_bash_operator.py
[2026-02-14T15:55:50.105+0000] {processor.py:830} INFO - Processing file /home/airflow/.local/lib/python3.12/site-packages/airflow/example_dags/example_bash_operator.py for tasks to queue
[2026-02-14T15:55:50.106+0000] {logging_mixin.py:188} INFO - [2026-02-14T15:55:50.106+0000] {dagbag.py:545} INFO - Filling up the DagBag from /home/airflow/.local/lib/python3.12/site-packages/airflow/example_dags/example_bash_operator.py
[2026-02-14T15:55:50.111+0000] {processor.py:840} INFO - DAG(s) 'example_bash_operator' retrieved from /home/airflow/.local/lib/python3.12/site-packages/airflow/example_dags/example_bash_operator.py
[2026-02-14T15:55:50.123+0000] {logging_mixin.py:188} INFO - [2026-02-14T15:55:50.123+0000] {dag.py:3089} INFO - Sync 1 DAGs
[2026-02-14T15:55:50.134+0000] {logging_mixin.py:188} INFO - [2026-02-14T15:55:50.134+0000] {dag.py:3947} INFO - Setting next_dagrun for example_bash_operator to 2026-02-13 00:00:00+00:00, run_after=2026-02-14 00:00:00+00:00
[2026-02-14T15:55:50.141+0000] {processor.py:183} INFO - Processing /home/airflow/.local/lib/python3.12/site-packages/airflow/example_dags/example_bash_operator.py took 0.039 seconds
[2026-02-14T15:56:20.588+0000] {processor.py:161} INFO - Started process (PID=1207) to work on /home/airflow/.local/lib/python3.12/site-packages/airflow/example_dags/example_bash_operator.py
[2026-02-14T15:56:20.588+0000] {processor.py:830} INFO - Processing file /home/airflow/.local/lib/python3.12/site-packages/airflow/example_dags/example_bash_operator.py for tasks to queue
[2026-02-14T15:56:20.589+0000] {logging_mixin.py:188} INFO - [2026-02-14T15:56:20.589+0000] {dagbag.py:545} INFO - Filling up the DagBag from /home/airflow/.local/lib/python3.12/site-packages/airflow/example_dags/example_bash_operator.py
[2026-02-14T15:56:20.592+0000] {processor.py:840} INFO - DAG(s) 'example_bash_operator' retrieved from /home/airflow/.local/lib/python3.12/site-packages/airflow/example_dags/example_bash_operator.py
[2026-02-14T15:56:20.604+0000] {logging_mixin.py:188} INFO - [2026-02-14T15:56:20.604+0000] {dag.py:3089} INFO - Sync 1 DAGs
[2026-02-14T15:56:20.611+0000] {logging_mixin.py:188} INFO - [2026-02-14T15:56:20.611+0000] {dag.py:3947} INFO - Setting next_dagrun for example_bash_operator to 2026-02-13 00:00:00+00:00, run_after=2026-02-14 00:00:00+00:00
[2026-02-14T15:56:20.620+0000] {processor.py:183} INFO - Processing /home/airflow/.local/lib/python3.12/site-packages/airflow/example_dags/example_bash_operator.py took 0.035 seconds
[2026-02-14T15:56:51.144+0000] {processor.py:161} INFO - Started process (PID=1266) to work on /home/airflow/.local/lib/python3.12/site-packages/airflow/example_dags/example_bash_operator.py
[2026-02-14T15:56:51.145+0000] {processor.py:830} INFO - Processing file /home/airflow/.local/lib/python3.12/site-packages/airflow/example_dags/example_bash_operator.py for tasks to queue
[2026-02-14T15:56:51.146+0000] {logging_mixin.py:188} INFO - [2026-02-14T15:56:51.146+0000] {dagbag.py:545} INFO - Filling up the DagBag from /home/airflow/.local/lib/python3.12/site-packages/airflow/example_dags/example_bash_operator.py
[2026-02-14T15:56:51.151+0000] {processor.py:840} INFO - DAG(s) 'example_bash_operator' retrieved from /home/airflow/.local/lib/python3.12/site-packages/airflow/example_dags/example_bash_operator.py
[2026-02-14T15:56:51.160+0000] {logging_mixin.py:188} INFO - [2026-02-14T15:56:51.160+0000] {dag.py:3089} INFO - Sync 1 DAGs
[2026-02-14T15:56:51.167+0000] {logging_mixin.py:188} INFO - [2026-02-14T15:56:51.167+0000] {dag.py:3947} INFO - Setting next_dagrun for example_bash_operator to 2026-02-13 00:00:00+00:00, run_after=2026-02-14 00:00:00+00:00
[2026-02-14T15:56:51.178+0000] {processor.py:183} INFO - Processing /home/airflow/.local/lib/python3.12/site-packages/airflow/example_dags/example_bash_operator.py took 0.035 seconds
[2026-02-14T15:57:21.863+0000] {processor.py:161} INFO - Started process (PID=1325) to work on /home/airflow/.local/lib/python3.12/site-packages/airflow/example_dags/example_bash_operator.py
[2026-02-14T15:57:21.863+0000] {processor.py:830} INFO - Processing file /home/airflow/.local/lib/python3.12/site-packages/airflow/example_dags/example_bash_operator.py for tasks to queue
[2026-02-14T15:57:21.864+0000] {logging_mixin.py:188} INFO - [2026-02-14T15:57:21.864+0000] {dagbag.py:545} INFO - Filling up the DagBag from /home/airflow/.local/lib/python3.12/site-packages/airflow/example_dags/example_bash_operator.py
[2026-02-14T15:57:21.869+0000] {processor.py:840} INFO - DAG(s) 'example_bash_operator' retrieved from /home/airflow/.local/lib/python3.12/site-packages/airflow/example_dags/example_bash_operator.py
[2026-02-14T15:57:21.879+0000] {logging_mixin.py:188} INFO - [2026-02-14T15:57:21.879+0000] {dag.py:3089} INFO - Sync 1 DAGs
[2026-02-14T15:57:21.888+0000] {logging_mixin.py:188} INFO - [2026-02-14T15:57:21.888+0000] {dag.py:3947} INFO - Setting next_dagrun for example_bash_operator to 2026-02-13 00:00:00+00:00, run_after=2026-02-14 00:00:00+00:00
[2026-02-14T15:57:21.895+0000] {processor.py:183} INFO - Processing /home/airflow/.local/lib/python3.12/site-packages/airflow/example_dags/example_bash_operator.py took 0.035 seconds
[2026-02-14T15:57:52.227+0000] {processor.py:161} INFO - Started process (PID=1384) to work on /home/airflow/.local/lib/python3.12/site-packages/airflow/example_dags/example_bash_operator.py
[2026-02-14T15:57:52.227+0000] {processor.py:830} INFO - Processing file /home/airflow/.local/lib/python3.12/site-packages/airflow/example_dags/example_bash_operator.py for tasks to queue
[2026-02-14T15:57:52.228+0000] {logging_mixin.py:188} INFO - [2026-02-14T15:57:52.228+0000] {dagbag.py:545} INFO - Filling up the DagBag from /home/airflow/.local/lib/python3.12/site-packages/airflow/example_dags/example_bash_operator.py
[2026-02-14T15:57:52.232+0000] {processor.py:840} INFO - DAG(s) 'example_bash_operator' retrieved from /home/airflow/.local/lib/python3.12/site-packages/airflow/example_dags/example_bash_operator.py
[2026-02-14T15:57:52.242+0000] {logging_mixin.py:188} INFO - [2026-02-14T15:57:52.242+0000] {dag.py:3089} INFO - Sync 1 DAGs
[2026-02-14T15:57:52.249+0000] {logging_mixin.py:188} INFO - [2026-02-14T15:57:52.249+0000] {dag.py:3947} INFO - Setting next_dagrun for example_bash_operator to 2026-02-13 00:00:00+00:00, run_after=2026-02-14 00:00:00+00:00
[2026-02-14T15:57:52.256+0000] {processor.py:183} INFO - Processing /home/airflow/.local/lib/python3.12/site-packages/airflow/example_dags/example_bash_operator.py took 0.032 seconds
[2026-02-14T15:58:23.484+0000] {processor.py:161} INFO - Started process (PID=1443) to work on /home/airflow/.local/lib/python3.12/site-packages/airflow/example_dags/example_bash_operator.py
[2026-02-14T15:58:23.485+0000] {processor.py:830} INFO - Processing file /home/airflow/.local/lib/python3.12/site-packages/airflow/example_dags/example_bash_operator.py for tasks to queue
[2026-02-14T15:58:23.486+0000] {logging_mixin.py:188} INFO - [2026-02-14T15:58:23.486+0000] {dagbag.py:545} INFO - Filling up the DagBag from /home/airflow/.local/lib/python3.12/site-packages/airflow/example_dags/example_bash_operator.py
[2026-02-14T15:58:23.490+0000] {processor.py:840} INFO - DAG(s) 'example_bash_operator' retrieved from /home/airflow/.local/lib/python3.12/site-packages/airflow/example_dags/example_bash_operator.py
[2026-02-14T15:58:23.501+0000] {logging_mixin.py:188} INFO - [2026-02-14T15:58:23.500+0000] {dag.py:3089} INFO - Sync 1 DAGs
[2026-02-14T15:58:23.575+0000] {logging_mixin.py:188} INFO - [2026-02-14T15:58:23.575+0000] {dag.py:3947} INFO - Setting next_dagrun for example_bash_operator to 2026-02-13 00:00:00+00:00, run_after=2026-02-14 00:00:00+00:00
[2026-02-14T15:58:23.583+0000] {processor.py:183} INFO - Processing /home/airflow/.local/lib/python3.12/site-packages/airflow/example_dags/example_bash_operator.py took 0.101 seconds
[2026-02-14T15:58:54.452+0000] {processor.py:161} INFO - Started process (PID=1502) to work on /home/airflow/.local/lib/python3.12/site-packages/airflow/example_dags/example_bash_operator.py
[2026-02-14T15:58:54.452+0000] {processor.py:830} INFO - Processing file /home/airflow/.local/lib/python3.12/site-packages/airflow/example_dags/example_bash_operator.py for tasks to queue
[2026-02-14T15:58:54.453+0000] {logging_mixin.py:188} INFO - [2026-02-14T15:58:54.453+0000] {dagbag.py:545} INFO - Filling up the DagBag from /home/airflow/.local/lib/python3.12/site-packages/airflow/example_dags/example_bash_operator.py
[2026-02-14T15:58:54.458+0000] {processor.py:840} INFO - DAG(s) 'example_bash_operator' retrieved from /home/airflow/.local/lib/python3.12/site-packages/airflow/example_dags/example_bash_operator.py
[2026-02-14T15:58:54.471+0000] {logging_mixin.py:188} INFO - [2026-02-14T15:58:54.471+0000] {dag.py:3089} INFO - Sync 1 DAGs
[2026-02-14T15:58:54.479+0000] {logging_mixin.py:188} INFO - [2026-02-14T15:58:54.479+0000] {dag.py:3947} INFO - Setting next_dagrun for example_bash_operator to 2026-02-13 00:00:00+00:00, run_after=2026-02-14 00:00:00+00:00
[2026-02-14T15:58:54.572+0000] {processor.py:183} INFO - Processing /home/airflow/.local/lib/python3.12/site-packages/airflow/example_dags/example_bash_operator.py took 0.123 seconds
[2026-02-14T15:59:24.628+0000] {processor.py:161} INFO - Started process (PID=1561) to work on /home/airflow/.local/lib/python3.12/site-packages/airflow/example_dags/example_bash_operator.py
[2026-02-14T15:59:24.628+0000] {processor.py:830} INFO - Processing file /home/airflow/.local/lib/python3.12/site-packages/airflow/example_dags/example_bash_operator.py for tasks to queue
[2026-02-14T15:59:24.630+0000] {logging_mixin.py:188} INFO - [2026-02-14T15:59:24.630+0000] {dagbag.py:545} INFO - Filling up the DagBag from /home/airflow/.local/lib/python3.12/site-packages/airflow/example_dags/example_bash_operator.py
[2026-02-14T15:59:24.636+0000] {processor.py:840} INFO - DAG(s) 'example_bash_operator' retrieved from /home/airflow/.local/lib/python3.12/site-packages/airflow/example_dags/example_bash_operator.py
[2026-02-14T15:59:24.649+0000] {logging_mixin.py:188} INFO - [2026-02-14T15:59:24.649+0000] {dag.py:3089} INFO - Sync 1 DAGs
[2026-02-14T15:59:24.659+0000] {logging_mixin.py:188} INFO - [2026-02-14T15:59:24.658+0000] {dag.py:3947} INFO - Setting next_dagrun for example_bash_operator to 2026-02-13 00:00:00+00:00, run_after=2026-02-14 00:00:00+00:00
[2026-02-14T15:59:24.668+0000] {processor.py:183} INFO - Processing /home/airflow/.local/lib/python3.12/site-packages/airflow/example_dags/example_bash_operator.py took 0.043 seconds
[2026-02-14T15:59:55.192+0000] {processor.py:161} INFO - Started process (PID=1620) to work on /home/airflow/.local/lib/python3.12/site-packages/airflow/example_dags/example_bash_operator.py
[2026-02-14T15:59:55.193+0000] {processor.py:830} INFO - Processing file /home/airflow/.local/lib/python3.12/site-packages/airflow/example_dags/example_bash_operator.py for tasks to queue
[2026-02-14T15:59:55.194+0000] {logging_mixin.py:188} INFO - [2026-02-14T15:59:55.194+0000] {dagbag.py:545} INFO - Filling up the DagBag from /home/airflow/.local/lib/python3.12/site-packages/airflow/example_dags/example_bash_operator.py
[2026-02-14T15:59:55.198+0000] {processor.py:840} INFO - DAG(s) 'example_bash_operator' retrieved from /home/airflow/.local/lib/python3.12/site-packages/airflow/example_dags/example_bash_operator.py
[2026-02-14T15:59:55.209+0000] {logging_mixin.py:188} INFO - [2026-02-14T15:59:55.209+0000] {dag.py:3089} INFO - Sync 1 DAGs
[2026-02-14T15:59:55.216+0000] {logging_mixin.py:188} INFO - [2026-02-14T15:59:55.216+0000] {dag.py:3947} INFO - Setting next_dagrun for example_bash_operator to 2026-02-13 00:00:00+00:00, run_after=2026-02-14 00:00:00+00:00
[2026-02-14T15:59:55.224+0000] {processor.py:183} INFO - Processing /home/airflow/.local/lib/python3.12/site-packages/airflow/example_dags/example_bash_operator.py took 0.035 seconds
[2026-02-14T16:00:25.630+0000] {processor.py:161} INFO - Started process (PID=1679) to work on /home/airflow/.local/lib/python3.12/site-packages/airflow/example_dags/example_bash_operator.py
[2026-02-14T16:00:25.631+0000] {processor.py:830} INFO - Processing file /home/airflow/.local/lib/python3.12/site-packages/airflow/example_dags/example_bash_operator.py for tasks to queue
[2026-02-14T16:00:25.632+0000] {logging_mixin.py:188} INFO - [2026-02-14T16:00:25.631+0000] {dagbag.py:545} INFO - Filling up the DagBag from /home/airflow/.local/lib/python3.12/site-packages/airflow/example_dags/example_bash_operator.py
[2026-02-14T16:00:25.636+0000] {processor.py:840} INFO - DAG(s) 'example_bash_operator' retrieved from /home/airflow/.local/lib/python3.12/site-packages/airflow/example_dags/example_bash_operator.py
[2026-02-14T16:00:25.645+0000] {logging_mixin.py:188} INFO - [2026-02-14T16:00:25.645+0000] {dag.py:3089} INFO - Sync 1 DAGs
[2026-02-14T16:00:25.655+0000] {logging_mixin.py:188} INFO - [2026-02-14T16:00:25.655+0000] {dag.py:3947} INFO - Setting next_dagrun for example_bash_operator to 2026-02-13 00:00:00+00:00, run_after=2026-02-14 00:00:00+00:00
[2026-02-14T16:00:25.662+0000] {processor.py:183} INFO - Processing /home/airflow/.local/lib/python3.12/site-packages/airflow/example_dags/example_bash_operator.py took 0.035 seconds
[2026-02-14T16:00:56.235+0000] {processor.py:161} INFO - Started process (PID=1738) to work on /home/airflow/.local/lib/python3.12/site-packages/airflow/example_dags/example_bash_operator.py
[2026-02-14T16:00:56.236+0000] {processor.py:830} INFO - Processing file /home/airflow/.local/lib/python3.12/site-packages/airflow/example_dags/example_bash_operator.py for tasks to queue
[2026-02-14T16:00:56.237+0000] {logging_mixin.py:188} INFO - [2026-02-14T16:00:56.237+0000] {dagbag.py:545} INFO - Filling up the DagBag from /home/airflow/.local/lib/python3.12/site-packages/airflow/example_dags/example_bash_operator.py
[2026-02-14T16:00:56.242+0000] {processor.py:840} INFO - DAG(s) 'example_bash_operator' retrieved from /home/airflow/.local/lib/python3.12/site-packages/airflow/example_dags/example_bash_operator.py
[2026-02-14T16:00:56.252+0000] {logging_mixin.py:188} INFO - [2026-02-14T16:00:56.252+0000] {dag.py:3089} INFO - Sync 1 DAGs
[2026-02-14T16:00:56.259+0000] {logging_mixin.py:188} INFO - [2026-02-14T16:00:56.259+0000] {dag.py:3947} INFO - Setting next_dagrun for example_bash_operator to 2026-02-13 00:00:00+00:00, run_after=2026-02-14 00:00:00+00:00
[2026-02-14T16:00:56.267+0000] {processor.py:183} INFO - Processing /home/airflow/.local/lib/python3.12/site-packages/airflow/example_dags/example_bash_operator.py took 0.034 seconds
[2026-02-14T16:01:26.634+0000] {processor.py:161} INFO - Started process (PID=1797) to work on /home/airflow/.local/lib/python3.12/site-packages/airflow/example_dags/example_bash_operator.py
[2026-02-14T16:01:26.635+0000] {processor.py:830} INFO - Processing file /home/airflow/.local/lib/python3.12/site-packages/airflow/example_dags/example_bash_operator.py for tasks to queue
[2026-02-14T16:01:26.636+0000] {logging_mixin.py:188} INFO - [2026-02-14T16:01:26.636+0000] {dagbag.py:545} INFO - Filling up the DagBag from /home/airflow/.local/lib/python3.12/site-packages/airflow/example_dags/example_bash_operator.py
[2026-02-14T16:01:26.640+0000] {processor.py:840} INFO - DAG(s) 'example_bash_operator' retrieved from /home/airflow/.local/lib/python3.12/site-packages/airflow/example_dags/example_bash_operator.py
[2026-02-14T16:01:26.650+0000] {logging_mixin.py:188} INFO - [2026-02-14T16:01:26.650+0000] {dag.py:3089} INFO - Sync 1 DAGs
[2026-02-14T16:01:26.658+0000] {logging_mixin.py:188} INFO - [2026-02-14T16:01:26.658+0000] {dag.py:3947} INFO - Setting next_dagrun for example_bash_operator to 2026-02-13 00:00:00+00:00, run_after=2026-02-14 00:00:00+00:00
[2026-02-14T16:01:26.667+0000] {processor.py:183} INFO - Processing /home/airflow/.local/lib/python3.12/site-packages/airflow/example_dags/example_bash_operator.py took 0.036 seconds
[2026-02-14T16:01:57.006+0000] {processor.py:161} INFO - Started process (PID=1856) to work on /home/airflow/.local/lib/python3.12/site-packages/airflow/example_dags/example_bash_operator.py
[2026-02-14T16:01:57.007+0000] {processor.py:830} INFO - Processing file /home/airflow/.local/lib/python3.12/site-packages/airflow/example_dags/example_bash_operator.py for tasks to queue
[2026-02-14T16:01:57.008+0000] {logging_mixin.py:188} INFO - [2026-02-14T16:01:57.008+0000] {dagbag.py:545} INFO - Filling up the DagBag from /home/airflow/.local/lib/python3.12/site-packages/airflow/example_dags/example_bash_operator.py
[2026-02-14T16:01:57.012+0000] {processor.py:840} INFO - DAG(s) 'example_bash_operator' retrieved from /home/airflow/.local/lib/python3.12/site-packages/airflow/example_dags/example_bash_operator.py
[2026-02-14T16:01:57.024+0000] {logging_mixin.py:188} INFO - [2026-02-14T16:01:57.024+0000] {dag.py:3089} INFO - Sync 1 DAGs
[2026-02-14T16:01:57.032+0000] {logging_mixin.py:188} INFO - [2026-02-14T16:01:57.032+0000] {dag.py:3947} INFO - Setting next_dagrun for example_bash_operator to 2026-02-13 00:00:00+00:00, run_after=2026-02-14 00:00:00+00:00
[2026-02-14T16:01:57.040+0000] {processor.py:183} INFO - Processing /home/airflow/.local/lib/python3.12/site-packages/airflow/example_dags/example_bash_operator.py took 0.037 seconds
[2026-02-14T16:02:27.473+0000] {processor.py:161} INFO - Started process (PID=1915) to work on /home/airflow/.local/lib/python3.12/site-packages/airflow/example_dags/example_bash_operator.py
[2026-02-14T16:02:27.473+0000] {processor.py:830} INFO - Processing file /home/airflow/.local/lib/python3.12/site-packages/airflow/example_dags/example_bash_operator.py for tasks to queue
[2026-02-14T16:02:27.474+0000] {logging_mixin.py:188} INFO - [2026-02-14T16:02:27.474+0000] {dagbag.py:545} INFO - Filling up the DagBag from /home/airflow/.local/lib/python3.12/site-packages/airflow/example_dags/example_bash_operator.py
[2026-02-14T16:02:27.479+0000] {processor.py:840} INFO - DAG(s) 'example_bash_operator' retrieved from /home/airflow/.local/lib/python3.12/site-packages/airflow/example_dags/example_bash_operator.py
[2026-02-14T16:02:27.490+0000] {logging_mixin.py:188} INFO - [2026-02-14T16:02:27.490+0000] {dag.py:3089} INFO - Sync 1 DAGs
[2026-02-14T16:02:27.500+0000] {logging_mixin.py:188} INFO - [2026-02-14T16:02:27.500+0000] {dag.py:3947} INFO - Setting next_dagrun for example_bash_operator to 2026-02-13 00:00:00+00:00, run_after=2026-02-14 00:00:00+00:00
[2026-02-14T16:02:27.508+0000] {processor.py:183} INFO - Processing /home/airflow/.local/lib/python3.12/site-packages/airflow/example_dags/example_bash_operator.py took 0.037 seconds
[2026-02-14T16:02:57.996+0000] {processor.py:161} INFO - Started process (PID=1974) to work on /home/airflow/.local/lib/python3.12/site-packages/airflow/example_dags/example_bash_operator.py
[2026-02-14T16:02:57.997+0000] {processor.py:830} INFO - Processing file /home/airflow/.local/lib/python3.12/site-packages/airflow/example_dags/example_bash_operator.py for tasks to queue
[2026-02-14T16:02:57.998+0000] {logging_mixin.py:188} INFO - [2026-02-14T16:02:57.998+0000] {dagbag.py:545} INFO - Filling up the DagBag from /home/airflow/.local/lib/python3.12/site-packages/airflow/example_dags/example_bash_operator.py
[2026-02-14T16:02:58.005+0000] {processor.py:840} INFO - DAG(s) 'example_bash_operator' retrieved from /home/airflow/.local/lib/python3.12/site-packages/airflow/example_dags/example_bash_operator.py
[2026-02-14T16:02:58.016+0000] {logging_mixin.py:188} INFO - [2026-02-14T16:02:58.016+0000] {dag.py:3089} INFO - Sync 1 DAGs
[2026-02-14T16:02:58.026+0000] {logging_mixin.py:188} INFO - [2026-02-14T16:02:58.026+0000] {dag.py:3947} INFO - Setting next_dagrun for example_bash_operator to 2026-02-13 00:00:00+00:00, run_after=2026-02-14 00:00:00+00:00
[2026-02-14T16:02:58.036+0000] {processor.py:183} INFO - Processing /home/airflow/.local/lib/python3.12/site-packages/airflow/example_dags/example_bash_operator.py took 0.043 seconds
[2026-02-14T16:03:28.518+0000] {processor.py:161} INFO - Started process (PID=2033) to work on /home/airflow/.local/lib/python3.12/site-packages/airflow/example_dags/example_bash_operator.py
[2026-02-14T16:03:28.519+0000] {processor.py:830} INFO - Processing file /home/airflow/.local/lib/python3.12/site-packages/airflow/example_dags/example_bash_operator.py for tasks to queue
[2026-02-14T16:03:28.520+0000] {logging_mixin.py:188} INFO - [2026-02-14T16:03:28.520+0000] {dagbag.py:545} INFO - Filling up the DagBag from /home/airflow/.local/lib/python3.12/site-packages/airflow/example_dags/example_bash_operator.py
[2026-02-14T16:03:28.525+0000] {processor.py:840} INFO - DAG(s) 'example_bash_operator' retrieved from /home/airflow/.local/lib/python3.12/site-packages/airflow/example_dags/example_bash_operator.py
[2026-02-14T16:03:28.538+0000] {logging_mixin.py:188} INFO - [2026-02-14T16:03:28.538+0000] {dag.py:3089} INFO - Sync 1 DAGs
[2026-02-14T16:03:28.546+0000] {logging_mixin.py:188} INFO - [2026-02-14T16:03:28.546+0000] {dag.py:3947} INFO - Setting next_dagrun for example_bash_operator to 2026-02-13 00:00:00+00:00, run_after=2026-02-14 00:00:00+00:00
[2026-02-14T16:03:28.554+0000] {processor.py:183} INFO - Processing /home/airflow/.local/lib/python3.12/site-packages/airflow/example_dags/example_bash_operator.py took 0.039 seconds
[2026-02-14T16:03:59.223+0000] {processor.py:161} INFO - Started process (PID=2092) to work on /home/airflow/.local/lib/python3.12/site-packages/airflow/example_dags/example_bash_operator.py
[2026-02-14T16:03:59.224+0000] {processor.py:830} INFO - Processing file /home/airflow/.local/lib/python3.12/site-packages/airflow/example_dags/example_bash_operator.py for tasks to queue
[2026-02-14T16:03:59.224+0000] {logging_mixin.py:188} INFO - [2026-02-14T16:03:59.224+0000] {dagbag.py:545} INFO - Filling up the DagBag from /home/airflow/.local/lib/python3.12/site-packages/airflow/example_dags/example_bash_operator.py
[2026-02-14T16:03:59.229+0000] {processor.py:840} INFO - DAG(s) 'example_bash_operator' retrieved from /home/airflow/.local/lib/python3.12/site-packages/airflow/example_dags/example_bash_operator.py
[2026-02-14T16:03:59.241+0000] {logging_mixin.py:188} INFO - [2026-02-14T16:03:59.240+0000] {dag.py:3089} INFO - Sync 1 DAGs
[2026-02-14T16:03:59.248+0000] {logging_mixin.py:188} INFO - [2026-02-14T16:03:59.248+0000] {dag.py:3947} INFO - Setting next_dagrun for example_bash_operator to 2026-02-13 00:00:00+00:00, run_after=2026-02-14 00:00:00+00:00
[2026-02-14T16:03:59.256+0000] {processor.py:183} INFO - Processing /home/airflow/.local/lib/python3.12/site-packages/airflow/example_dags/example_bash_operator.py took 0.036 seconds
[2026-02-14T16:04:29.766+0000] {processor.py:161} INFO - Started process (PID=2151) to work on /home/airflow/.local/lib/python3.12/site-packages/airflow/example_dags/example_bash_operator.py
[2026-02-14T16:04:29.767+0000] {processor.py:830} INFO - Processing file /home/airflow/.local/lib/python3.12/site-packages/airflow/example_dags/example_bash_operator.py for tasks to queue
[2026-02-14T16:04:29.767+0000] {logging_mixin.py:188} INFO - [2026-02-14T16:04:29.767+0000] {dagbag.py:545} INFO - Filling up the DagBag from /home/airflow/.local/lib/python3.12/site-packages/airflow/example_dags/example_bash_operator.py
[2026-02-14T16:04:29.773+0000] {processor.py:840} INFO - DAG(s) 'example_bash_operator' retrieved from /home/airflow/.local/lib/python3.12/site-packages/airflow/example_dags/example_bash_operator.py
[2026-02-14T16:04:29.785+0000] {logging_mixin.py:188} INFO - [2026-02-14T16:04:29.785+0000] {dag.py:3089} INFO - Sync 1 DAGs
[2026-02-14T16:04:29.792+0000] {logging_mixin.py:188} INFO - [2026-02-14T16:04:29.792+0000] {dag.py:3947} INFO - Setting next_dagrun for example_bash_operator to 2026-02-13 00:00:00+00:00, run_after=2026-02-14 00:00:00+00:00
[2026-02-14T16:04:29.801+0000] {processor.py:183} INFO - Processing /home/airflow/.local/lib/python3.12/site-packages/airflow/example_dags/example_bash_operator.py took 0.039 seconds
[2026-02-14T16:05:00.188+0000] {processor.py:161} INFO - Started process (PID=2210) to work on /home/airflow/.local/lib/python3.12/site-packages/airflow/example_dags/example_bash_operator.py
[2026-02-14T16:05:00.189+0000] {processor.py:830} INFO - Processing file /home/airflow/.local/lib/python3.12/site-packages/airflow/example_dags/example_bash_operator.py for tasks to queue
[2026-02-14T16:05:00.190+0000] {logging_mixin.py:188} INFO - [2026-02-14T16:05:00.190+0000] {dagbag.py:545} INFO - Filling up the DagBag from /home/airflow/.local/lib/python3.12/site-packages/airflow/example_dags/example_bash_operator.py
[2026-02-14T16:05:00.197+0000] {processor.py:840} INFO - DAG(s) 'example_bash_operator' retrieved from /home/airflow/.local/lib/python3.12/site-packages/airflow/example_dags/example_bash_operator.py
[2026-02-14T16:05:00.209+0000] {logging_mixin.py:188} INFO - [2026-02-14T16:05:00.209+0000] {dag.py:3089} INFO - Sync 1 DAGs
[2026-02-14T16:05:00.220+0000] {logging_mixin.py:188} INFO - [2026-02-14T16:05:00.218+0000] {dag.py:3947} INFO - Setting next_dagrun for example_bash_operator to 2026-02-13 00:00:00+00:00, run_after=2026-02-14 00:00:00+00:00
[2026-02-14T16:05:00.230+0000] {processor.py:183} INFO - Processing /home/airflow/.local/lib/python3.12/site-packages/airflow/example_dags/example_bash_operator.py took 0.044 seconds
[2026-02-14T16:05:30.690+0000] {processor.py:161} INFO - Started process (PID=2269) to work on /home/airflow/.local/lib/python3.12/site-packages/airflow/example_dags/example_bash_operator.py
[2026-02-14T16:05:30.690+0000] {processor.py:830} INFO - Processing file /home/airflow/.local/lib/python3.12/site-packages/airflow/example_dags/example_bash_operator.py for tasks to queue
[2026-02-14T16:05:30.691+0000] {logging_mixin.py:188} INFO - [2026-02-14T16:05:30.691+0000] {dagbag.py:545} INFO - Filling up the DagBag from /home/airflow/.local/lib/python3.12/site-packages/airflow/example_dags/example_bash_operator.py
[2026-02-14T16:05:30.696+0000] {processor.py:840} INFO - DAG(s) 'example_bash_operator' retrieved from /home/airflow/.local/lib/python3.12/site-packages/airflow/example_dags/example_bash_operator.py
[2026-02-14T16:05:30.708+0000] {logging_mixin.py:188} INFO - [2026-02-14T16:05:30.707+0000] {dag.py:3089} INFO - Sync 1 DAGs
[2026-02-14T16:05:30.718+0000] {logging_mixin.py:188} INFO - [2026-02-14T16:05:30.718+0000] {dag.py:3947} INFO - Setting next_dagrun for example_bash_operator to 2026-02-13 00:00:00+00:00, run_after=2026-02-14 00:00:00+00:00
[2026-02-14T16:05:30.728+0000] {processor.py:183} INFO - Processing /home/airflow/.local/lib/python3.12/site-packages/airflow/example_dags/example_bash_operator.py took 0.041 seconds
[2026-02-14T16:06:01.155+0000] {processor.py:161} INFO - Started process (PID=2328) to work on /home/airflow/.local/lib/python3.12/site-packages/airflow/example_dags/example_bash_operator.py
[2026-02-14T16:06:01.157+0000] {processor.py:830} INFO - Processing file /home/airflow/.local/lib/python3.12/site-packages/airflow/example_dags/example_bash_operator.py for tasks to queue
[2026-02-14T16:06:01.158+0000] {logging_mixin.py:188} INFO - [2026-02-14T16:06:01.157+0000] {dagbag.py:545} INFO - Filling up the DagBag from /home/airflow/.local/lib/python3.12/site-packages/airflow/example_dags/example_bash_operator.py
[2026-02-14T16:06:01.163+0000] {processor.py:840} INFO - DAG(s) 'example_bash_operator' retrieved from /home/airflow/.local/lib/python3.12/site-packages/airflow/example_dags/example_bash_operator.py
[2026-02-14T16:06:01.173+0000] {logging_mixin.py:188} INFO - [2026-02-14T16:06:01.173+0000] {dag.py:3089} INFO - Sync 1 DAGs
[2026-02-14T16:06:01.181+0000] {logging_mixin.py:188} INFO - [2026-02-14T16:06:01.181+0000] {dag.py:3947} INFO - Setting next_dagrun for example_bash_operator to 2026-02-13 00:00:00+00:00, run_after=2026-02-14 00:00:00+00:00
[2026-02-14T16:06:01.191+0000] {processor.py:183} INFO - Processing /home/airflow/.local/lib/python3.12/site-packages/airflow/example_dags/example_bash_operator.py took 0.038 seconds
[2026-02-14T16:06:31.804+0000] {processor.py:161} INFO - Started process (PID=2387) to work on /home/airflow/.local/lib/python3.12/site-packages/airflow/example_dags/example_bash_operator.py
[2026-02-14T16:06:31.808+0000] {processor.py:830} INFO - Processing file /home/airflow/.local/lib/python3.12/site-packages/airflow/example_dags/example_bash_operator.py for tasks to queue
[2026-02-14T16:06:31.810+0000] {logging_mixin.py:188} INFO - [2026-02-14T16:06:31.809+0000] {dagbag.py:545} INFO - Filling up the DagBag from /home/airflow/.local/lib/python3.12/site-packages/airflow/example_dags/example_bash_operator.py
[2026-02-14T16:06:31.819+0000] {processor.py:840} INFO - DAG(s) 'example_bash_operator' retrieved from /home/airflow/.local/lib/python3.12/site-packages/airflow/example_dags/example_bash_operator.py
[2026-02-14T16:06:31.830+0000] {logging_mixin.py:188} INFO - [2026-02-14T16:06:31.830+0000] {dag.py:3089} INFO - Sync 1 DAGs
[2026-02-14T16:06:31.840+0000] {logging_mixin.py:188} INFO - [2026-02-14T16:06:31.840+0000] {dag.py:3947} INFO - Setting next_dagrun for example_bash_operator to 2026-02-13 00:00:00+00:00, run_after=2026-02-14 00:00:00+00:00
[2026-02-14T16:06:31.849+0000] {processor.py:183} INFO - Processing /home/airflow/.local/lib/python3.12/site-packages/airflow/example_dags/example_bash_operator.py took 0.049 seconds
[2026-02-14T16:07:02.569+0000] {processor.py:161} INFO - Started process (PID=2446) to work on /home/airflow/.local/lib/python3.12/site-packages/airflow/example_dags/example_bash_operator.py
[2026-02-14T16:07:02.569+0000] {processor.py:830} INFO - Processing file /home/airflow/.local/lib/python3.12/site-packages/airflow/example_dags/example_bash_operator.py for tasks to queue
[2026-02-14T16:07:02.570+0000] {logging_mixin.py:188} INFO - [2026-02-14T16:07:02.570+0000] {dagbag.py:545} INFO - Filling up the DagBag from /home/airflow/.local/lib/python3.12/site-packages/airflow/example_dags/example_bash_operator.py
[2026-02-14T16:07:02.575+0000] {processor.py:840} INFO - DAG(s) 'example_bash_operator' retrieved from /home/airflow/.local/lib/python3.12/site-packages/airflow/example_dags/example_bash_operator.py
[2026-02-14T16:07:02.584+0000] {logging_mixin.py:188} INFO - [2026-02-14T16:07:02.584+0000] {dag.py:3089} INFO - Sync 1 DAGs
[2026-02-14T16:07:02.592+0000] {logging_mixin.py:188} INFO - [2026-02-14T16:07:02.592+0000] {dag.py:3947} INFO - Setting next_dagrun for example_bash_operator to 2026-02-13 00:00:00+00:00, run_after=2026-02-14 00:00:00+00:00
[2026-02-14T16:07:02.602+0000] {processor.py:183} INFO - Processing /home/airflow/.local/lib/python3.12/site-packages/airflow/example_dags/example_bash_operator.py took 0.036 seconds
[2026-02-14T16:07:33.530+0000] {processor.py:161} INFO - Started process (PID=2505) to work on /home/airflow/.local/lib/python3.12/site-packages/airflow/example_dags/example_bash_operator.py
[2026-02-14T16:07:33.532+0000] {processor.py:830} INFO - Processing file /home/airflow/.local/lib/python3.12/site-packages/airflow/example_dags/example_bash_operator.py for tasks to queue
[2026-02-14T16:07:33.533+0000] {logging_mixin.py:188} INFO - [2026-02-14T16:07:33.533+0000] {dagbag.py:545} INFO - Filling up the DagBag from /home/airflow/.local/lib/python3.12/site-packages/airflow/example_dags/example_bash_operator.py
[2026-02-14T16:07:33.539+0000] {processor.py:840} INFO - DAG(s) 'example_bash_operator' retrieved from /home/airflow/.local/lib/python3.12/site-packages/airflow/example_dags/example_bash_operator.py
[2026-02-14T16:07:33.548+0000] {logging_mixin.py:188} INFO - [2026-02-14T16:07:33.548+0000] {dag.py:3089} INFO - Sync 1 DAGs
[2026-02-14T16:07:33.556+0000] {logging_mixin.py:188} INFO - [2026-02-14T16:07:33.556+0000] {dag.py:3947} INFO - Setting next_dagrun for example_bash_operator to 2026-02-13 00:00:00+00:00, run_after=2026-02-14 00:00:00+00:00
[2026-02-14T16:07:33.563+0000] {processor.py:183} INFO - Processing /home/airflow/.local/lib/python3.12/site-packages/airflow/example_dags/example_bash_operator.py took 0.037 seconds
[2026-02-14T16:08:03.971+0000] {processor.py:161} INFO - Started process (PID=2564) to work on /home/airflow/.local/lib/python3.12/site-packages/airflow/example_dags/example_bash_operator.py
[2026-02-14T16:08:03.972+0000] {processor.py:830} INFO - Processing file /home/airflow/.local/lib/python3.12/site-packages/airflow/example_dags/example_bash_operator.py for tasks to queue
[2026-02-14T16:08:03.973+0000] {logging_mixin.py:188} INFO - [2026-02-14T16:08:03.972+0000] {dagbag.py:545} INFO - Filling up the DagBag from /home/airflow/.local/lib/python3.12/site-packages/airflow/example_dags/example_bash_operator.py
[2026-02-14T16:08:03.977+0000] {processor.py:840} INFO - DAG(s) 'example_bash_operator' retrieved from /home/airflow/.local/lib/python3.12/site-packages/airflow/example_dags/example_bash_operator.py
[2026-02-14T16:08:03.988+0000] {logging_mixin.py:188} INFO - [2026-02-14T16:08:03.988+0000] {dag.py:3089} INFO - Sync 1 DAGs
[2026-02-14T16:08:03.997+0000] {logging_mixin.py:188} INFO - [2026-02-14T16:08:03.997+0000] {dag.py:3947} INFO - Setting next_dagrun for example_bash_operator to 2026-02-13 00:00:00+00:00, run_after=2026-02-14 00:00:00+00:00
[2026-02-14T16:08:04.007+0000] {processor.py:183} INFO - Processing /home/airflow/.local/lib/python3.12/site-packages/airflow/example_dags/example_bash_operator.py took 0.039 seconds
[2026-02-14T16:08:34.402+0000] {processor.py:161} INFO - Started process (PID=2623) to work on /home/airflow/.local/lib/python3.12/site-packages/airflow/example_dags/example_bash_operator.py
[2026-02-14T16:08:34.403+0000] {processor.py:830} INFO - Processing file /home/airflow/.local/lib/python3.12/site-packages/airflow/example_dags/example_bash_operator.py for tasks to queue
[2026-02-14T16:08:34.404+0000] {logging_mixin.py:188} INFO - [2026-02-14T16:08:34.404+0000] {dagbag.py:545} INFO - Filling up the DagBag from /home/airflow/.local/lib/python3.12/site-packages/airflow/example_dags/example_bash_operator.py
[2026-02-14T16:08:34.409+0000] {processor.py:840} INFO - DAG(s) 'example_bash_operator' retrieved from /home/airflow/.local/lib/python3.12/site-packages/airflow/example_dags/example_bash_operator.py
[2026-02-14T16:08:34.419+0000] {logging_mixin.py:188} INFO - [2026-02-14T16:08:34.419+0000] {dag.py:3089} INFO - Sync 1 DAGs
[2026-02-14T16:08:34.429+0000] {logging_mixin.py:188} INFO - [2026-02-14T16:08:34.429+0000] {dag.py:3947} INFO - Setting next_dagrun for example_bash_operator to 2026-02-13 00:00:00+00:00, run_after=2026-02-14 00:00:00+00:00
[2026-02-14T16:08:34.437+0000] {processor.py:183} INFO - Processing /home/airflow/.local/lib/python3.12/site-packages/airflow/example_dags/example_bash_operator.py took 0.037 seconds
[2026-02-14T16:09:04.853+0000] {processor.py:161} INFO - Started process (PID=2682) to work on /home/airflow/.local/lib/python3.12/site-packages/airflow/example_dags/example_bash_operator.py
[2026-02-14T16:09:04.854+0000] {processor.py:830} INFO - Processing file /home/airflow/.local/lib/python3.12/site-packages/airflow/example_dags/example_bash_operator.py for tasks to queue
[2026-02-14T16:09:04.856+0000] {logging_mixin.py:188} INFO - [2026-02-14T16:09:04.855+0000] {dagbag.py:545} INFO - Filling up the DagBag from /home/airflow/.local/lib/python3.12/site-packages/airflow/example_dags/example_bash_operator.py
[2026-02-14T16:09:04.860+0000] {processor.py:840} INFO - DAG(s) 'example_bash_operator' retrieved from /home/airflow/.local/lib/python3.12/site-packages/airflow/example_dags/example_bash_operator.py
[2026-02-14T16:09:04.873+0000] {logging_mixin.py:188} INFO - [2026-02-14T16:09:04.873+0000] {dag.py:3089} INFO - Sync 1 DAGs
[2026-02-14T16:09:04.881+0000] {logging_mixin.py:188} INFO - [2026-02-14T16:09:04.881+0000] {dag.py:3947} INFO - Setting next_dagrun for example_bash_operator to 2026-02-13 00:00:00+00:00, run_after=2026-02-14 00:00:00+00:00
[2026-02-14T16:09:04.890+0000] {processor.py:183} INFO - Processing /home/airflow/.local/lib/python3.12/site-packages/airflow/example_dags/example_bash_operator.py took 0.040 seconds
[2026-02-14T16:09:35.211+0000] {processor.py:161} INFO - Started process (PID=2741) to work on /home/airflow/.local/lib/python3.12/site-packages/airflow/example_dags/example_bash_operator.py
[2026-02-14T16:09:35.212+0000] {processor.py:830} INFO - Processing file /home/airflow/.local/lib/python3.12/site-packages/airflow/example_dags/example_bash_operator.py for tasks to queue
[2026-02-14T16:09:35.213+0000] {logging_mixin.py:188} INFO - [2026-02-14T16:09:35.212+0000] {dagbag.py:545} INFO - Filling up the DagBag from /home/airflow/.local/lib/python3.12/site-packages/airflow/example_dags/example_bash_operator.py
[2026-02-14T16:09:35.217+0000] {processor.py:840} INFO - DAG(s) 'example_bash_operator' retrieved from /home/airflow/.local/lib/python3.12/site-packages/airflow/example_dags/example_bash_operator.py
[2026-02-14T16:09:35.228+0000] {logging_mixin.py:188} INFO - [2026-02-14T16:09:35.228+0000] {dag.py:3089} INFO - Sync 1 DAGs
[2026-02-14T16:09:35.236+0000] {logging_mixin.py:188} INFO - [2026-02-14T16:09:35.236+0000] {dag.py:3947} INFO - Setting next_dagrun for example_bash_operator to 2026-02-13 00:00:00+00:00, run_after=2026-02-14 00:00:00+00:00
[2026-02-14T16:09:35.244+0000] {processor.py:183} INFO - Processing /home/airflow/.local/lib/python3.12/site-packages/airflow/example_dags/example_bash_operator.py took 0.035 seconds
[2026-02-14T16:10:05.481+0000] {processor.py:161} INFO - Started process (PID=2800) to work on /home/airflow/.local/lib/python3.12/site-packages/airflow/example_dags/example_bash_operator.py
[2026-02-14T16:10:05.482+0000] {processor.py:830} INFO - Processing file /home/airflow/.local/lib/python3.12/site-packages/airflow/example_dags/example_bash_operator.py for tasks to queue
[2026-02-14T16:10:05.482+0000] {logging_mixin.py:188} INFO - [2026-02-14T16:10:05.482+0000] {dagbag.py:545} INFO - Filling up the DagBag from /home/airflow/.local/lib/python3.12/site-packages/airflow/example_dags/example_bash_operator.py
[2026-02-14T16:10:05.486+0000] {processor.py:840} INFO - DAG(s) 'example_bash_operator' retrieved from /home/airflow/.local/lib/python3.12/site-packages/airflow/example_dags/example_bash_operator.py
[2026-02-14T16:10:05.495+0000] {logging_mixin.py:188} INFO - [2026-02-14T16:10:05.495+0000] {dag.py:3089} INFO - Sync 1 DAGs
[2026-02-14T16:10:05.503+0000] {logging_mixin.py:188} INFO - [2026-02-14T16:10:05.503+0000] {dag.py:3947} INFO - Setting next_dagrun for example_bash_operator to 2026-02-13 00:00:00+00:00, run_after=2026-02-14 00:00:00+00:00
[2026-02-14T16:10:05.509+0000] {processor.py:183} INFO - Processing /home/airflow/.local/lib/python3.12/site-packages/airflow/example_dags/example_bash_operator.py took 0.030 seconds
[2026-02-14T16:10:36.191+0000] {processor.py:161} INFO - Started process (PID=2858) to work on /home/airflow/.local/lib/python3.12/site-packages/airflow/example_dags/example_bash_operator.py
[2026-02-14T16:10:36.192+0000] {processor.py:830} INFO - Processing file /home/airflow/.local/lib/python3.12/site-packages/airflow/example_dags/example_bash_operator.py for tasks to queue
[2026-02-14T16:10:36.192+0000] {logging_mixin.py:188} INFO - [2026-02-14T16:10:36.192+0000] {dagbag.py:545} INFO - Filling up the DagBag from /home/airflow/.local/lib/python3.12/site-packages/airflow/example_dags/example_bash_operator.py
[2026-02-14T16:10:36.197+0000] {processor.py:840} INFO - DAG(s) 'example_bash_operator' retrieved from /home/airflow/.local/lib/python3.12/site-packages/airflow/example_dags/example_bash_operator.py
[2026-02-14T16:10:36.206+0000] {logging_mixin.py:188} INFO - [2026-02-14T16:10:36.206+0000] {dag.py:3089} INFO - Sync 1 DAGs
[2026-02-14T16:10:36.214+0000] {logging_mixin.py:188} INFO - [2026-02-14T16:10:36.214+0000] {dag.py:3947} INFO - Setting next_dagrun for example_bash_operator to 2026-02-13 00:00:00+00:00, run_after=2026-02-14 00:00:00+00:00
[2026-02-14T16:10:36.221+0000] {processor.py:183} INFO - Processing /home/airflow/.local/lib/python3.12/site-packages/airflow/example_dags/example_bash_operator.py took 0.032 seconds
[2026-02-14T16:11:06.328+0000] {processor.py:161} INFO - Started process (PID=2917) to work on /home/airflow/.local/lib/python3.12/site-packages/airflow/example_dags/example_bash_operator.py
[2026-02-14T16:11:06.329+0000] {processor.py:830} INFO - Processing file /home/airflow/.local/lib/python3.12/site-packages/airflow/example_dags/example_bash_operator.py for tasks to queue
[2026-02-14T16:11:06.330+0000] {logging_mixin.py:188} INFO - [2026-02-14T16:11:06.330+0000] {dagbag.py:545} INFO - Filling up the DagBag from /home/airflow/.local/lib/python3.12/site-packages/airflow/example_dags/example_bash_operator.py
[2026-02-14T16:11:06.335+0000] {processor.py:840} INFO - DAG(s) 'example_bash_operator' retrieved from /home/airflow/.local/lib/python3.12/site-packages/airflow/example_dags/example_bash_operator.py
[2026-02-14T16:11:06.348+0000] {logging_mixin.py:188} INFO - [2026-02-14T16:11:06.348+0000] {dag.py:3089} INFO - Sync 1 DAGs
[2026-02-14T16:11:06.355+0000] {logging_mixin.py:188} INFO - [2026-02-14T16:11:06.355+0000] {dag.py:3947} INFO - Setting next_dagrun for example_bash_operator to 2026-02-13 00:00:00+00:00, run_after=2026-02-14 00:00:00+00:00
[2026-02-14T16:11:06.363+0000] {processor.py:183} INFO - Processing /home/airflow/.local/lib/python3.12/site-packages/airflow/example_dags/example_bash_operator.py took 0.039 seconds
[2026-02-14T16:11:37.653+0000] {processor.py:161} INFO - Started process (PID=2976) to work on /home/airflow/.local/lib/python3.12/site-packages/airflow/example_dags/example_bash_operator.py
[2026-02-14T16:11:37.657+0000] {processor.py:830} INFO - Processing file /home/airflow/.local/lib/python3.12/site-packages/airflow/example_dags/example_bash_operator.py for tasks to queue
[2026-02-14T16:11:37.658+0000] {logging_mixin.py:188} INFO - [2026-02-14T16:11:37.658+0000] {dagbag.py:545} INFO - Filling up the DagBag from /home/airflow/.local/lib/python3.12/site-packages/airflow/example_dags/example_bash_operator.py
[2026-02-14T16:11:37.664+0000] {processor.py:840} INFO - DAG(s) 'example_bash_operator' retrieved from /home/airflow/.local/lib/python3.12/site-packages/airflow/example_dags/example_bash_operator.py
[2026-02-14T16:11:37.682+0000] {logging_mixin.py:188} INFO - [2026-02-14T16:11:37.681+0000] {dag.py:3089} INFO - Sync 1 DAGs
[2026-02-14T16:11:37.699+0000] {logging_mixin.py:188} INFO - [2026-02-14T16:11:37.699+0000] {dag.py:3947} INFO - Setting next_dagrun for example_bash_operator to 2026-02-13 00:00:00+00:00, run_after=2026-02-14 00:00:00+00:00
[2026-02-14T16:11:37.718+0000] {processor.py:183} INFO - Processing /home/airflow/.local/lib/python3.12/site-packages/airflow/example_dags/example_bash_operator.py took 0.071 seconds
[2026-02-14T16:12:08.390+0000] {processor.py:161} INFO - Started process (PID=3035) to work on /home/airflow/.local/lib/python3.12/site-packages/airflow/example_dags/example_bash_operator.py
[2026-02-14T16:12:08.392+0000] {processor.py:830} INFO - Processing file /home/airflow/.local/lib/python3.12/site-packages/airflow/example_dags/example_bash_operator.py for tasks to queue
[2026-02-14T16:12:08.393+0000] {logging_mixin.py:188} INFO - [2026-02-14T16:12:08.393+0000] {dagbag.py:545} INFO - Filling up the DagBag from /home/airflow/.local/lib/python3.12/site-packages/airflow/example_dags/example_bash_operator.py
[2026-02-14T16:12:08.398+0000] {processor.py:840} INFO - DAG(s) 'example_bash_operator' retrieved from /home/airflow/.local/lib/python3.12/site-packages/airflow/example_dags/example_bash_operator.py
[2026-02-14T16:12:08.407+0000] {logging_mixin.py:188} INFO - [2026-02-14T16:12:08.407+0000] {dag.py:3089} INFO - Sync 1 DAGs
[2026-02-14T16:12:08.414+0000] {logging_mixin.py:188} INFO - [2026-02-14T16:12:08.414+0000] {dag.py:3947} INFO - Setting next_dagrun for example_bash_operator to 2026-02-13 00:00:00+00:00, run_after=2026-02-14 00:00:00+00:00
[2026-02-14T16:12:08.420+0000] {processor.py:183} INFO - Processing /home/airflow/.local/lib/python3.12/site-packages/airflow/example_dags/example_bash_operator.py took 0.033 seconds
[2026-02-14T16:12:38.933+0000] {processor.py:161} INFO - Started process (PID=3094) to work on /home/airflow/.local/lib/python3.12/site-packages/airflow/example_dags/example_bash_operator.py
[2026-02-14T16:12:38.933+0000] {processor.py:830} INFO - Processing file /home/airflow/.local/lib/python3.12/site-packages/airflow/example_dags/example_bash_operator.py for tasks to queue
[2026-02-14T16:12:38.934+0000] {logging_mixin.py:188} INFO - [2026-02-14T16:12:38.934+0000] {dagbag.py:545} INFO - Filling up the DagBag from /home/airflow/.local/lib/python3.12/site-packages/airflow/example_dags/example_bash_operator.py
[2026-02-14T16:12:38.938+0000] {processor.py:840} INFO - DAG(s) 'example_bash_operator' retrieved from /home/airflow/.local/lib/python3.12/site-packages/airflow/example_dags/example_bash_operator.py
[2026-02-14T16:12:38.948+0000] {logging_mixin.py:188} INFO - [2026-02-14T16:12:38.948+0000] {dag.py:3089} INFO - Sync 1 DAGs
[2026-02-14T16:12:38.956+0000] {logging_mixin.py:188} INFO - [2026-02-14T16:12:38.956+0000] {dag.py:3947} INFO - Setting next_dagrun for example_bash_operator to 2026-02-13 00:00:00+00:00, run_after=2026-02-14 00:00:00+00:00
[2026-02-14T16:12:38.963+0000] {processor.py:183} INFO - Processing /home/airflow/.local/lib/python3.12/site-packages/airflow/example_dags/example_bash_operator.py took 0.033 seconds
[2026-02-14T16:13:09.231+0000] {processor.py:161} INFO - Started process (PID=3153) to work on /home/airflow/.local/lib/python3.12/site-packages/airflow/example_dags/example_bash_operator.py
[2026-02-14T16:13:09.232+0000] {processor.py:830} INFO - Processing file /home/airflow/.local/lib/python3.12/site-packages/airflow/example_dags/example_bash_operator.py for tasks to queue
[2026-02-14T16:13:09.233+0000] {logging_mixin.py:188} INFO - [2026-02-14T16:13:09.233+0000] {dagbag.py:545} INFO - Filling up the DagBag from /home/airflow/.local/lib/python3.12/site-packages/airflow/example_dags/example_bash_operator.py
[2026-02-14T16:13:09.238+0000] {processor.py:840} INFO - DAG(s) 'example_bash_operator' retrieved from /home/airflow/.local/lib/python3.12/site-packages/airflow/example_dags/example_bash_operator.py
[2026-02-14T16:13:09.248+0000] {logging_mixin.py:188} INFO - [2026-02-14T16:13:09.248+0000] {dag.py:3089} INFO - Sync 1 DAGs
[2026-02-14T16:13:09.256+0000] {logging_mixin.py:188} INFO - [2026-02-14T16:13:09.256+0000] {dag.py:3947} INFO - Setting next_dagrun for example_bash_operator to 2026-02-13 00:00:00+00:00, run_after=2026-02-14 00:00:00+00:00
[2026-02-14T16:13:09.262+0000] {processor.py:183} INFO - Processing /home/airflow/.local/lib/python3.12/site-packages/airflow/example_dags/example_bash_operator.py took 0.033 seconds
[2026-02-14T16:13:39.473+0000] {processor.py:161} INFO - Started process (PID=3212) to work on /home/airflow/.local/lib/python3.12/site-packages/airflow/example_dags/example_bash_operator.py
[2026-02-14T16:13:39.473+0000] {processor.py:830} INFO - Processing file /home/airflow/.local/lib/python3.12/site-packages/airflow/example_dags/example_bash_operator.py for tasks to queue
[2026-02-14T16:13:39.474+0000] {logging_mixin.py:188} INFO - [2026-02-14T16:13:39.474+0000] {dagbag.py:545} INFO - Filling up the DagBag from /home/airflow/.local/lib/python3.12/site-packages/airflow/example_dags/example_bash_operator.py
[2026-02-14T16:13:39.478+0000] {processor.py:840} INFO - DAG(s) 'example_bash_operator' retrieved from /home/airflow/.local/lib/python3.12/site-packages/airflow/example_dags/example_bash_operator.py
[2026-02-14T16:13:39.488+0000] {logging_mixin.py:188} INFO - [2026-02-14T16:13:39.488+0000] {dag.py:3089} INFO - Sync 1 DAGs
[2026-02-14T16:13:39.496+0000] {logging_mixin.py:188} INFO - [2026-02-14T16:13:39.495+0000] {dag.py:3947} INFO - Setting next_dagrun for example_bash_operator to 2026-02-13 00:00:00+00:00, run_after=2026-02-14 00:00:00+00:00
[2026-02-14T16:13:39.502+0000] {processor.py:183} INFO - Processing /home/airflow/.local/lib/python3.12/site-packages/airflow/example_dags/example_bash_operator.py took 0.031 seconds
[2026-02-14T16:14:10.478+0000] {processor.py:161} INFO - Started process (PID=3271) to work on /home/airflow/.local/lib/python3.12/site-packages/airflow/example_dags/example_bash_operator.py
[2026-02-14T16:14:10.480+0000] {processor.py:830} INFO - Processing file /home/airflow/.local/lib/python3.12/site-packages/airflow/example_dags/example_bash_operator.py for tasks to queue
[2026-02-14T16:14:10.482+0000] {logging_mixin.py:188} INFO - [2026-02-14T16:14:10.482+0000] {dagbag.py:545} INFO - Filling up the DagBag from /home/airflow/.local/lib/python3.12/site-packages/airflow/example_dags/example_bash_operator.py
[2026-02-14T16:14:10.487+0000] {processor.py:840} INFO - DAG(s) 'example_bash_operator' retrieved from /home/airflow/.local/lib/python3.12/site-packages/airflow/example_dags/example_bash_operator.py
[2026-02-14T16:14:10.505+0000] {logging_mixin.py:188} INFO - [2026-02-14T16:14:10.504+0000] {dag.py:3089} INFO - Sync 1 DAGs
[2026-02-14T16:14:10.520+0000] {logging_mixin.py:188} INFO - [2026-02-14T16:14:10.520+0000] {dag.py:3947} INFO - Setting next_dagrun for example_bash_operator to 2026-02-13 00:00:00+00:00, run_after=2026-02-14 00:00:00+00:00
[2026-02-14T16:14:10.529+0000] {processor.py:183} INFO - Processing /home/airflow/.local/lib/python3.12/site-packages/airflow/example_dags/example_bash_operator.py took 0.056 seconds
[2026-02-14T16:14:40.683+0000] {processor.py:161} INFO - Started process (PID=3330) to work on /home/airflow/.local/lib/python3.12/site-packages/airflow/example_dags/example_bash_operator.py
[2026-02-14T16:14:40.687+0000] {processor.py:830} INFO - Processing file /home/airflow/.local/lib/python3.12/site-packages/airflow/example_dags/example_bash_operator.py for tasks to queue
[2026-02-14T16:14:40.689+0000] {logging_mixin.py:188} INFO - [2026-02-14T16:14:40.689+0000] {dagbag.py:545} INFO - Filling up the DagBag from /home/airflow/.local/lib/python3.12/site-packages/airflow/example_dags/example_bash_operator.py
[2026-02-14T16:14:40.697+0000] {processor.py:840} INFO - DAG(s) 'example_bash_operator' retrieved from /home/airflow/.local/lib/python3.12/site-packages/airflow/example_dags/example_bash_operator.py
[2026-02-14T16:14:40.723+0000] {logging_mixin.py:188} INFO - [2026-02-14T16:14:40.723+0000] {dag.py:3089} INFO - Sync 1 DAGs
[2026-02-14T16:14:40.742+0000] {logging_mixin.py:188} INFO - [2026-02-14T16:14:40.742+0000] {dag.py:3947} INFO - Setting next_dagrun for example_bash_operator to 2026-02-13 00:00:00+00:00, run_after=2026-02-14 00:00:00+00:00
[2026-02-14T16:14:40.772+0000] {processor.py:183} INFO - Processing /home/airflow/.local/lib/python3.12/site-packages/airflow/example_dags/example_bash_operator.py took 0.094 seconds
[2026-02-14T16:15:11.633+0000] {processor.py:161} INFO - Started process (PID=3389) to work on /home/airflow/.local/lib/python3.12/site-packages/airflow/example_dags/example_bash_operator.py
[2026-02-14T16:15:11.635+0000] {processor.py:830} INFO - Processing file /home/airflow/.local/lib/python3.12/site-packages/airflow/example_dags/example_bash_operator.py for tasks to queue
[2026-02-14T16:15:11.636+0000] {logging_mixin.py:188} INFO - [2026-02-14T16:15:11.636+0000] {dagbag.py:545} INFO - Filling up the DagBag from /home/airflow/.local/lib/python3.12/site-packages/airflow/example_dags/example_bash_operator.py
[2026-02-14T16:15:11.642+0000] {processor.py:840} INFO - DAG(s) 'example_bash_operator' retrieved from /home/airflow/.local/lib/python3.12/site-packages/airflow/example_dags/example_bash_operator.py
[2026-02-14T16:15:11.657+0000] {logging_mixin.py:188} INFO - [2026-02-14T16:15:11.657+0000] {dag.py:3089} INFO - Sync 1 DAGs
[2026-02-14T16:15:11.670+0000] {logging_mixin.py:188} INFO - [2026-02-14T16:15:11.670+0000] {dag.py:3947} INFO - Setting next_dagrun for example_bash_operator to 2026-02-13 00:00:00+00:00, run_after=2026-02-14 00:00:00+00:00
[2026-02-14T16:15:11.680+0000] {processor.py:183} INFO - Processing /home/airflow/.local/lib/python3.12/site-packages/airflow/example_dags/example_bash_operator.py took 0.051 seconds
[2026-02-14T16:15:42.415+0000] {processor.py:161} INFO - Started process (PID=3448) to work on /home/airflow/.local/lib/python3.12/site-packages/airflow/example_dags/example_bash_operator.py
[2026-02-14T16:15:42.417+0000] {processor.py:830} INFO - Processing file /home/airflow/.local/lib/python3.12/site-packages/airflow/example_dags/example_bash_operator.py for tasks to queue
[2026-02-14T16:15:42.422+0000] {logging_mixin.py:188} INFO - [2026-02-14T16:15:42.421+0000] {dagbag.py:545} INFO - Filling up the DagBag from /home/airflow/.local/lib/python3.12/site-packages/airflow/example_dags/example_bash_operator.py
[2026-02-14T16:15:42.433+0000] {processor.py:840} INFO - DAG(s) 'example_bash_operator' retrieved from /home/airflow/.local/lib/python3.12/site-packages/airflow/example_dags/example_bash_operator.py
[2026-02-14T16:15:42.454+0000] {logging_mixin.py:188} INFO - [2026-02-14T16:15:42.454+0000] {dag.py:3089} INFO - Sync 1 DAGs
[2026-02-14T16:15:42.469+0000] {logging_mixin.py:188} INFO - [2026-02-14T16:15:42.469+0000] {dag.py:3947} INFO - Setting next_dagrun for example_bash_operator to 2026-02-13 00:00:00+00:00, run_after=2026-02-14 00:00:00+00:00
[2026-02-14T16:15:42.495+0000] {processor.py:183} INFO - Processing /home/airflow/.local/lib/python3.12/site-packages/airflow/example_dags/example_bash_operator.py took 0.088 seconds
[2026-02-14T16:16:13.335+0000] {processor.py:161} INFO - Started process (PID=3513) to work on /home/airflow/.local/lib/python3.12/site-packages/airflow/example_dags/example_bash_operator.py
[2026-02-14T16:16:13.336+0000] {processor.py:830} INFO - Processing file /home/airflow/.local/lib/python3.12/site-packages/airflow/example_dags/example_bash_operator.py for tasks to queue
[2026-02-14T16:16:13.336+0000] {logging_mixin.py:188} INFO - [2026-02-14T16:16:13.336+0000] {dagbag.py:545} INFO - Filling up the DagBag from /home/airflow/.local/lib/python3.12/site-packages/airflow/example_dags/example_bash_operator.py
[2026-02-14T16:16:13.341+0000] {processor.py:840} INFO - DAG(s) 'example_bash_operator' retrieved from /home/airflow/.local/lib/python3.12/site-packages/airflow/example_dags/example_bash_operator.py
[2026-02-14T16:16:13.352+0000] {logging_mixin.py:188} INFO - [2026-02-14T16:16:13.351+0000] {dag.py:3089} INFO - Sync 1 DAGs
[2026-02-14T16:16:13.361+0000] {logging_mixin.py:188} INFO - [2026-02-14T16:16:13.361+0000] {dag.py:3947} INFO - Setting next_dagrun for example_bash_operator to 2026-02-13 00:00:00+00:00, run_after=2026-02-14 00:00:00+00:00
[2026-02-14T16:16:13.372+0000] {processor.py:183} INFO - Processing /home/airflow/.local/lib/python3.12/site-packages/airflow/example_dags/example_bash_operator.py took 0.040 seconds
[2026-02-14T16:16:43.844+0000] {processor.py:161} INFO - Started process (PID=3572) to work on /home/airflow/.local/lib/python3.12/site-packages/airflow/example_dags/example_bash_operator.py
[2026-02-14T16:16:43.846+0000] {processor.py:830} INFO - Processing file /home/airflow/.local/lib/python3.12/site-packages/airflow/example_dags/example_bash_operator.py for tasks to queue
[2026-02-14T16:16:43.847+0000] {logging_mixin.py:188} INFO - [2026-02-14T16:16:43.846+0000] {dagbag.py:545} INFO - Filling up the DagBag from /home/airflow/.local/lib/python3.12/site-packages/airflow/example_dags/example_bash_operator.py
[2026-02-14T16:16:43.851+0000] {processor.py:840} INFO - DAG(s) 'example_bash_operator' retrieved from /home/airflow/.local/lib/python3.12/site-packages/airflow/example_dags/example_bash_operator.py
[2026-02-14T16:16:43.861+0000] {logging_mixin.py:188} INFO - [2026-02-14T16:16:43.861+0000] {dag.py:3089} INFO - Sync 1 DAGs
[2026-02-14T16:16:43.869+0000] {logging_mixin.py:188} INFO - [2026-02-14T16:16:43.869+0000] {dag.py:3947} INFO - Setting next_dagrun for example_bash_operator to 2026-02-13 00:00:00+00:00, run_after=2026-02-14 00:00:00+00:00
[2026-02-14T16:16:43.877+0000] {processor.py:183} INFO - Processing /home/airflow/.local/lib/python3.12/site-packages/airflow/example_dags/example_bash_operator.py took 0.037 seconds
[2026-02-14T16:17:14.367+0000] {processor.py:161} INFO - Started process (PID=3631) to work on /home/airflow/.local/lib/python3.12/site-packages/airflow/example_dags/example_bash_operator.py
[2026-02-14T16:17:14.368+0000] {processor.py:830} INFO - Processing file /home/airflow/.local/lib/python3.12/site-packages/airflow/example_dags/example_bash_operator.py for tasks to queue
[2026-02-14T16:17:14.369+0000] {logging_mixin.py:188} INFO - [2026-02-14T16:17:14.368+0000] {dagbag.py:545} INFO - Filling up the DagBag from /home/airflow/.local/lib/python3.12/site-packages/airflow/example_dags/example_bash_operator.py
[2026-02-14T16:17:14.373+0000] {processor.py:840} INFO - DAG(s) 'example_bash_operator' retrieved from /home/airflow/.local/lib/python3.12/site-packages/airflow/example_dags/example_bash_operator.py
[2026-02-14T16:17:14.383+0000] {logging_mixin.py:188} INFO - [2026-02-14T16:17:14.383+0000] {dag.py:3089} INFO - Sync 1 DAGs
[2026-02-14T16:17:14.391+0000] {logging_mixin.py:188} INFO - [2026-02-14T16:17:14.391+0000] {dag.py:3947} INFO - Setting next_dagrun for example_bash_operator to 2026-02-13 00:00:00+00:00, run_after=2026-02-14 00:00:00+00:00
[2026-02-14T16:17:14.398+0000] {processor.py:183} INFO - Processing /home/airflow/.local/lib/python3.12/site-packages/airflow/example_dags/example_bash_operator.py took 0.033 seconds
[2026-02-14T16:17:45.125+0000] {processor.py:161} INFO - Started process (PID=3690) to work on /home/airflow/.local/lib/python3.12/site-packages/airflow/example_dags/example_bash_operator.py
[2026-02-14T16:17:45.126+0000] {processor.py:830} INFO - Processing file /home/airflow/.local/lib/python3.12/site-packages/airflow/example_dags/example_bash_operator.py for tasks to queue
[2026-02-14T16:17:45.126+0000] {logging_mixin.py:188} INFO - [2026-02-14T16:17:45.126+0000] {dagbag.py:545} INFO - Filling up the DagBag from /home/airflow/.local/lib/python3.12/site-packages/airflow/example_dags/example_bash_operator.py
[2026-02-14T16:17:45.131+0000] {processor.py:840} INFO - DAG(s) 'example_bash_operator' retrieved from /home/airflow/.local/lib/python3.12/site-packages/airflow/example_dags/example_bash_operator.py
[2026-02-14T16:17:45.141+0000] {logging_mixin.py:188} INFO - [2026-02-14T16:17:45.141+0000] {dag.py:3089} INFO - Sync 1 DAGs
[2026-02-14T16:17:45.149+0000] {logging_mixin.py:188} INFO - [2026-02-14T16:17:45.149+0000] {dag.py:3947} INFO - Setting next_dagrun for example_bash_operator to 2026-02-13 00:00:00+00:00, run_after=2026-02-14 00:00:00+00:00
[2026-02-14T16:17:45.156+0000] {processor.py:183} INFO - Processing /home/airflow/.local/lib/python3.12/site-packages/airflow/example_dags/example_bash_operator.py took 0.034 seconds
[2026-02-14T16:18:15.658+0000] {processor.py:161} INFO - Started process (PID=3749) to work on /home/airflow/.local/lib/python3.12/site-packages/airflow/example_dags/example_bash_operator.py
[2026-02-14T16:18:15.658+0000] {processor.py:830} INFO - Processing file /home/airflow/.local/lib/python3.12/site-packages/airflow/example_dags/example_bash_operator.py for tasks to queue
[2026-02-14T16:18:15.659+0000] {logging_mixin.py:188} INFO - [2026-02-14T16:18:15.659+0000] {dagbag.py:545} INFO - Filling up the DagBag from /home/airflow/.local/lib/python3.12/site-packages/airflow/example_dags/example_bash_operator.py
[2026-02-14T16:18:15.667+0000] {processor.py:840} INFO - DAG(s) 'example_bash_operator' retrieved from /home/airflow/.local/lib/python3.12/site-packages/airflow/example_dags/example_bash_operator.py
[2026-02-14T16:18:15.677+0000] {logging_mixin.py:188} INFO - [2026-02-14T16:18:15.677+0000] {dag.py:3089} INFO - Sync 1 DAGs
[2026-02-14T16:18:15.687+0000] {logging_mixin.py:188} INFO - [2026-02-14T16:18:15.687+0000] {dag.py:3947} INFO - Setting next_dagrun for example_bash_operator to 2026-02-13 00:00:00+00:00, run_after=2026-02-14 00:00:00+00:00
[2026-02-14T16:18:15.697+0000] {processor.py:183} INFO - Processing /home/airflow/.local/lib/python3.12/site-packages/airflow/example_dags/example_bash_operator.py took 0.041 seconds
[2026-02-14T16:18:46.600+0000] {processor.py:161} INFO - Started process (PID=3808) to work on /home/airflow/.local/lib/python3.12/site-packages/airflow/example_dags/example_bash_operator.py
[2026-02-14T16:18:46.601+0000] {processor.py:830} INFO - Processing file /home/airflow/.local/lib/python3.12/site-packages/airflow/example_dags/example_bash_operator.py for tasks to queue
[2026-02-14T16:18:46.604+0000] {logging_mixin.py:188} INFO - [2026-02-14T16:18:46.604+0000] {dagbag.py:545} INFO - Filling up the DagBag from /home/airflow/.local/lib/python3.12/site-packages/airflow/example_dags/example_bash_operator.py
[2026-02-14T16:18:46.614+0000] {processor.py:840} INFO - DAG(s) 'example_bash_operator' retrieved from /home/airflow/.local/lib/python3.12/site-packages/airflow/example_dags/example_bash_operator.py
[2026-02-14T16:18:46.634+0000] {logging_mixin.py:188} INFO - [2026-02-14T16:18:46.634+0000] {dag.py:3089} INFO - Sync 1 DAGs
[2026-02-14T16:18:46.660+0000] {logging_mixin.py:188} INFO - [2026-02-14T16:18:46.660+0000] {dag.py:3947} INFO - Setting next_dagrun for example_bash_operator to 2026-02-13 00:00:00+00:00, run_after=2026-02-14 00:00:00+00:00
[2026-02-14T16:18:46.677+0000] {processor.py:183} INFO - Processing /home/airflow/.local/lib/python3.12/site-packages/airflow/example_dags/example_bash_operator.py took 0.085 seconds
[2026-02-14T16:19:17.551+0000] {processor.py:161} INFO - Started process (PID=3867) to work on /home/airflow/.local/lib/python3.12/site-packages/airflow/example_dags/example_bash_operator.py
[2026-02-14T16:19:17.552+0000] {processor.py:830} INFO - Processing file /home/airflow/.local/lib/python3.12/site-packages/airflow/example_dags/example_bash_operator.py for tasks to queue
[2026-02-14T16:19:17.553+0000] {logging_mixin.py:188} INFO - [2026-02-14T16:19:17.553+0000] {dagbag.py:545} INFO - Filling up the DagBag from /home/airflow/.local/lib/python3.12/site-packages/airflow/example_dags/example_bash_operator.py
[2026-02-14T16:19:17.559+0000] {processor.py:840} INFO - DAG(s) 'example_bash_operator' retrieved from /home/airflow/.local/lib/python3.12/site-packages/airflow/example_dags/example_bash_operator.py
[2026-02-14T16:19:17.572+0000] {logging_mixin.py:188} INFO - [2026-02-14T16:19:17.571+0000] {dag.py:3089} INFO - Sync 1 DAGs
[2026-02-14T16:19:17.581+0000] {logging_mixin.py:188} INFO - [2026-02-14T16:19:17.581+0000] {dag.py:3947} INFO - Setting next_dagrun for example_bash_operator to 2026-02-13 00:00:00+00:00, run_after=2026-02-14 00:00:00+00:00
[2026-02-14T16:19:17.592+0000] {processor.py:183} INFO - Processing /home/airflow/.local/lib/python3.12/site-packages/airflow/example_dags/example_bash_operator.py took 0.044 seconds
[2026-02-14T16:19:48.530+0000] {processor.py:161} INFO - Started process (PID=3926) to work on /home/airflow/.local/lib/python3.12/site-packages/airflow/example_dags/example_bash_operator.py
[2026-02-14T16:19:48.530+0000] {processor.py:830} INFO - Processing file /home/airflow/.local/lib/python3.12/site-packages/airflow/example_dags/example_bash_operator.py for tasks to queue
[2026-02-14T16:19:48.531+0000] {logging_mixin.py:188} INFO - [2026-02-14T16:19:48.531+0000] {dagbag.py:545} INFO - Filling up the DagBag from /home/airflow/.local/lib/python3.12/site-packages/airflow/example_dags/example_bash_operator.py
[2026-02-14T16:19:48.537+0000] {processor.py:840} INFO - DAG(s) 'example_bash_operator' retrieved from /home/airflow/.local/lib/python3.12/site-packages/airflow/example_dags/example_bash_operator.py
[2026-02-14T16:19:48.550+0000] {logging_mixin.py:188} INFO - [2026-02-14T16:19:48.550+0000] {dag.py:3089} INFO - Sync 1 DAGs
[2026-02-14T16:19:48.558+0000] {logging_mixin.py:188} INFO - [2026-02-14T16:19:48.558+0000] {dag.py:3947} INFO - Setting next_dagrun for example_bash_operator to 2026-02-13 00:00:00+00:00, run_after=2026-02-14 00:00:00+00:00
[2026-02-14T16:19:48.570+0000] {processor.py:183} INFO - Processing /home/airflow/.local/lib/python3.12/site-packages/airflow/example_dags/example_bash_operator.py took 0.043 seconds
[2026-02-14T16:20:19.293+0000] {processor.py:161} INFO - Started process (PID=3985) to work on /home/airflow/.local/lib/python3.12/site-packages/airflow/example_dags/example_bash_operator.py
[2026-02-14T16:20:19.294+0000] {processor.py:830} INFO - Processing file /home/airflow/.local/lib/python3.12/site-packages/airflow/example_dags/example_bash_operator.py for tasks to queue
[2026-02-14T16:20:19.296+0000] {logging_mixin.py:188} INFO - [2026-02-14T16:20:19.296+0000] {dagbag.py:545} INFO - Filling up the DagBag from /home/airflow/.local/lib/python3.12/site-packages/airflow/example_dags/example_bash_operator.py
[2026-02-14T16:20:19.302+0000] {processor.py:840} INFO - DAG(s) 'example_bash_operator' retrieved from /home/airflow/.local/lib/python3.12/site-packages/airflow/example_dags/example_bash_operator.py
[2026-02-14T16:20:19.330+0000] {logging_mixin.py:188} INFO - [2026-02-14T16:20:19.330+0000] {dag.py:3089} INFO - Sync 1 DAGs
[2026-02-14T16:20:19.342+0000] {logging_mixin.py:188} INFO - [2026-02-14T16:20:19.342+0000] {dag.py:3947} INFO - Setting next_dagrun for example_bash_operator to 2026-02-13 00:00:00+00:00, run_after=2026-02-14 00:00:00+00:00
[2026-02-14T16:20:19.354+0000] {processor.py:183} INFO - Processing /home/airflow/.local/lib/python3.12/site-packages/airflow/example_dags/example_bash_operator.py took 0.064 seconds
[2026-02-14T16:20:50.292+0000] {processor.py:161} INFO - Started process (PID=4044) to work on /home/airflow/.local/lib/python3.12/site-packages/airflow/example_dags/example_bash_operator.py
[2026-02-14T16:20:50.292+0000] {processor.py:830} INFO - Processing file /home/airflow/.local/lib/python3.12/site-packages/airflow/example_dags/example_bash_operator.py for tasks to queue
[2026-02-14T16:20:50.293+0000] {logging_mixin.py:188} INFO - [2026-02-14T16:20:50.293+0000] {dagbag.py:545} INFO - Filling up the DagBag from /home/airflow/.local/lib/python3.12/site-packages/airflow/example_dags/example_bash_operator.py
[2026-02-14T16:20:50.298+0000] {processor.py:840} INFO - DAG(s) 'example_bash_operator' retrieved from /home/airflow/.local/lib/python3.12/site-packages/airflow/example_dags/example_bash_operator.py
[2026-02-14T16:20:50.308+0000] {logging_mixin.py:188} INFO - [2026-02-14T16:20:50.308+0000] {dag.py:3089} INFO - Sync 1 DAGs
[2026-02-14T16:20:50.316+0000] {logging_mixin.py:188} INFO - [2026-02-14T16:20:50.316+0000] {dag.py:3947} INFO - Setting next_dagrun for example_bash_operator to 2026-02-13 00:00:00+00:00, run_after=2026-02-14 00:00:00+00:00
[2026-02-14T16:20:50.326+0000] {processor.py:183} INFO - Processing /home/airflow/.local/lib/python3.12/site-packages/airflow/example_dags/example_bash_operator.py took 0.037 seconds
[2026-02-14T16:21:20.726+0000] {processor.py:161} INFO - Started process (PID=4103) to work on /home/airflow/.local/lib/python3.12/site-packages/airflow/example_dags/example_bash_operator.py
[2026-02-14T16:21:20.727+0000] {processor.py:830} INFO - Processing file /home/airflow/.local/lib/python3.12/site-packages/airflow/example_dags/example_bash_operator.py for tasks to queue
[2026-02-14T16:21:20.728+0000] {logging_mixin.py:188} INFO - [2026-02-14T16:21:20.728+0000] {dagbag.py:545} INFO - Filling up the DagBag from /home/airflow/.local/lib/python3.12/site-packages/airflow/example_dags/example_bash_operator.py
[2026-02-14T16:21:20.732+0000] {processor.py:840} INFO - DAG(s) 'example_bash_operator' retrieved from /home/airflow/.local/lib/python3.12/site-packages/airflow/example_dags/example_bash_operator.py
[2026-02-14T16:21:20.742+0000] {logging_mixin.py:188} INFO - [2026-02-14T16:21:20.742+0000] {dag.py:3089} INFO - Sync 1 DAGs
[2026-02-14T16:21:20.752+0000] {logging_mixin.py:188} INFO - [2026-02-14T16:21:20.752+0000] {dag.py:3947} INFO - Setting next_dagrun for example_bash_operator to 2026-02-13 00:00:00+00:00, run_after=2026-02-14 00:00:00+00:00
[2026-02-14T16:21:20.760+0000] {processor.py:183} INFO - Processing /home/airflow/.local/lib/python3.12/site-packages/airflow/example_dags/example_bash_operator.py took 0.036 seconds
