[2026-02-14T15:46:38.017+0000] {processor.py:161} INFO - Started process (PID=62) to work on /home/airflow/.local/lib/python3.12/site-packages/airflow/example_dags/example_branch_day_of_week_operator.py
[2026-02-14T15:46:38.018+0000] {processor.py:830} INFO - Processing file /home/airflow/.local/lib/python3.12/site-packages/airflow/example_dags/example_branch_day_of_week_operator.py for tasks to queue
[2026-02-14T15:46:38.020+0000] {logging_mixin.py:188} INFO - [2026-02-14T15:46:38.020+0000] {dagbag.py:545} INFO - Filling up the DagBag from /home/airflow/.local/lib/python3.12/site-packages/airflow/example_dags/example_branch_day_of_week_operator.py
[2026-02-14T15:46:38.037+0000] {processor.py:840} INFO - DAG(s) 'example_weekday_branch_operator' retrieved from /home/airflow/.local/lib/python3.12/site-packages/airflow/example_dags/example_branch_day_of_week_operator.py
[2026-02-14T15:46:38.052+0000] {logging_mixin.py:188} INFO - [2026-02-14T15:46:38.052+0000] {dag.py:3089} INFO - Sync 1 DAGs
[2026-02-14T15:46:38.078+0000] {logging_mixin.py:188} INFO - [2026-02-14T15:46:38.077+0000] {dag.py:3947} INFO - Setting next_dagrun for example_weekday_branch_operator to 2026-02-13 00:00:00+00:00, run_after=2026-02-14 00:00:00+00:00
[2026-02-14T15:46:38.104+0000] {processor.py:183} INFO - Processing /home/airflow/.local/lib/python3.12/site-packages/airflow/example_dags/example_branch_day_of_week_operator.py took 0.092 seconds
[2026-02-14T15:47:08.883+0000] {processor.py:161} INFO - Started process (PID=121) to work on /home/airflow/.local/lib/python3.12/site-packages/airflow/example_dags/example_branch_day_of_week_operator.py
[2026-02-14T15:47:08.883+0000] {processor.py:830} INFO - Processing file /home/airflow/.local/lib/python3.12/site-packages/airflow/example_dags/example_branch_day_of_week_operator.py for tasks to queue
[2026-02-14T15:47:08.884+0000] {logging_mixin.py:188} INFO - [2026-02-14T15:47:08.884+0000] {dagbag.py:545} INFO - Filling up the DagBag from /home/airflow/.local/lib/python3.12/site-packages/airflow/example_dags/example_branch_day_of_week_operator.py
[2026-02-14T15:47:08.887+0000] {processor.py:840} INFO - DAG(s) 'example_weekday_branch_operator' retrieved from /home/airflow/.local/lib/python3.12/site-packages/airflow/example_dags/example_branch_day_of_week_operator.py
[2026-02-14T15:47:08.936+0000] {logging_mixin.py:188} INFO - [2026-02-14T15:47:08.936+0000] {dag.py:3089} INFO - Sync 1 DAGs
[2026-02-14T15:47:08.946+0000] {logging_mixin.py:188} INFO - [2026-02-14T15:47:08.946+0000] {dag.py:3947} INFO - Setting next_dagrun for example_weekday_branch_operator to 2026-02-13 00:00:00+00:00, run_after=2026-02-14 00:00:00+00:00
[2026-02-14T15:47:08.956+0000] {processor.py:183} INFO - Processing /home/airflow/.local/lib/python3.12/site-packages/airflow/example_dags/example_branch_day_of_week_operator.py took 0.075 seconds
[2026-02-14T15:47:39.875+0000] {processor.py:161} INFO - Started process (PID=186) to work on /home/airflow/.local/lib/python3.12/site-packages/airflow/example_dags/example_branch_day_of_week_operator.py
[2026-02-14T15:47:39.876+0000] {processor.py:830} INFO - Processing file /home/airflow/.local/lib/python3.12/site-packages/airflow/example_dags/example_branch_day_of_week_operator.py for tasks to queue
[2026-02-14T15:47:39.877+0000] {logging_mixin.py:188} INFO - [2026-02-14T15:47:39.876+0000] {dagbag.py:545} INFO - Filling up the DagBag from /home/airflow/.local/lib/python3.12/site-packages/airflow/example_dags/example_branch_day_of_week_operator.py
[2026-02-14T15:47:39.879+0000] {processor.py:840} INFO - DAG(s) 'example_weekday_branch_operator' retrieved from /home/airflow/.local/lib/python3.12/site-packages/airflow/example_dags/example_branch_day_of_week_operator.py
[2026-02-14T15:47:39.889+0000] {logging_mixin.py:188} INFO - [2026-02-14T15:47:39.889+0000] {dag.py:3089} INFO - Sync 1 DAGs
[2026-02-14T15:47:39.897+0000] {logging_mixin.py:188} INFO - [2026-02-14T15:47:39.897+0000] {dag.py:3947} INFO - Setting next_dagrun for example_weekday_branch_operator to 2026-02-13 00:00:00+00:00, run_after=2026-02-14 00:00:00+00:00
[2026-02-14T15:47:39.906+0000] {processor.py:183} INFO - Processing /home/airflow/.local/lib/python3.12/site-packages/airflow/example_dags/example_branch_day_of_week_operator.py took 0.033 seconds
[2026-02-14T15:48:10.461+0000] {processor.py:161} INFO - Started process (PID=245) to work on /home/airflow/.local/lib/python3.12/site-packages/airflow/example_dags/example_branch_day_of_week_operator.py
[2026-02-14T15:48:10.462+0000] {processor.py:830} INFO - Processing file /home/airflow/.local/lib/python3.12/site-packages/airflow/example_dags/example_branch_day_of_week_operator.py for tasks to queue
[2026-02-14T15:48:10.464+0000] {logging_mixin.py:188} INFO - [2026-02-14T15:48:10.464+0000] {dagbag.py:545} INFO - Filling up the DagBag from /home/airflow/.local/lib/python3.12/site-packages/airflow/example_dags/example_branch_day_of_week_operator.py
[2026-02-14T15:48:10.468+0000] {processor.py:840} INFO - DAG(s) 'example_weekday_branch_operator' retrieved from /home/airflow/.local/lib/python3.12/site-packages/airflow/example_dags/example_branch_day_of_week_operator.py
[2026-02-14T15:48:10.477+0000] {logging_mixin.py:188} INFO - [2026-02-14T15:48:10.477+0000] {dag.py:3089} INFO - Sync 1 DAGs
[2026-02-14T15:48:10.485+0000] {logging_mixin.py:188} INFO - [2026-02-14T15:48:10.485+0000] {dag.py:3947} INFO - Setting next_dagrun for example_weekday_branch_operator to 2026-02-13 00:00:00+00:00, run_after=2026-02-14 00:00:00+00:00
[2026-02-14T15:48:10.492+0000] {processor.py:183} INFO - Processing /home/airflow/.local/lib/python3.12/site-packages/airflow/example_dags/example_branch_day_of_week_operator.py took 0.033 seconds
[2026-02-14T15:48:41.065+0000] {processor.py:161} INFO - Started process (PID=304) to work on /home/airflow/.local/lib/python3.12/site-packages/airflow/example_dags/example_branch_day_of_week_operator.py
[2026-02-14T15:48:41.066+0000] {processor.py:830} INFO - Processing file /home/airflow/.local/lib/python3.12/site-packages/airflow/example_dags/example_branch_day_of_week_operator.py for tasks to queue
[2026-02-14T15:48:41.067+0000] {logging_mixin.py:188} INFO - [2026-02-14T15:48:41.067+0000] {dagbag.py:545} INFO - Filling up the DagBag from /home/airflow/.local/lib/python3.12/site-packages/airflow/example_dags/example_branch_day_of_week_operator.py
[2026-02-14T15:48:41.070+0000] {processor.py:840} INFO - DAG(s) 'example_weekday_branch_operator' retrieved from /home/airflow/.local/lib/python3.12/site-packages/airflow/example_dags/example_branch_day_of_week_operator.py
[2026-02-14T15:48:41.080+0000] {logging_mixin.py:188} INFO - [2026-02-14T15:48:41.078+0000] {dag.py:3089} INFO - Sync 1 DAGs
[2026-02-14T15:48:41.088+0000] {logging_mixin.py:188} INFO - [2026-02-14T15:48:41.088+0000] {dag.py:3947} INFO - Setting next_dagrun for example_weekday_branch_operator to 2026-02-13 00:00:00+00:00, run_after=2026-02-14 00:00:00+00:00
[2026-02-14T15:48:41.096+0000] {processor.py:183} INFO - Processing /home/airflow/.local/lib/python3.12/site-packages/airflow/example_dags/example_branch_day_of_week_operator.py took 0.033 seconds
[2026-02-14T15:49:11.710+0000] {processor.py:161} INFO - Started process (PID=363) to work on /home/airflow/.local/lib/python3.12/site-packages/airflow/example_dags/example_branch_day_of_week_operator.py
[2026-02-14T15:49:11.711+0000] {processor.py:830} INFO - Processing file /home/airflow/.local/lib/python3.12/site-packages/airflow/example_dags/example_branch_day_of_week_operator.py for tasks to queue
[2026-02-14T15:49:11.711+0000] {logging_mixin.py:188} INFO - [2026-02-14T15:49:11.711+0000] {dagbag.py:545} INFO - Filling up the DagBag from /home/airflow/.local/lib/python3.12/site-packages/airflow/example_dags/example_branch_day_of_week_operator.py
[2026-02-14T15:49:11.714+0000] {processor.py:840} INFO - DAG(s) 'example_weekday_branch_operator' retrieved from /home/airflow/.local/lib/python3.12/site-packages/airflow/example_dags/example_branch_day_of_week_operator.py
[2026-02-14T15:49:11.723+0000] {logging_mixin.py:188} INFO - [2026-02-14T15:49:11.723+0000] {dag.py:3089} INFO - Sync 1 DAGs
[2026-02-14T15:49:11.731+0000] {logging_mixin.py:188} INFO - [2026-02-14T15:49:11.731+0000] {dag.py:3947} INFO - Setting next_dagrun for example_weekday_branch_operator to 2026-02-13 00:00:00+00:00, run_after=2026-02-14 00:00:00+00:00
[2026-02-14T15:49:11.736+0000] {processor.py:183} INFO - Processing /home/airflow/.local/lib/python3.12/site-packages/airflow/example_dags/example_branch_day_of_week_operator.py took 0.028 seconds
[2026-02-14T15:49:42.106+0000] {processor.py:161} INFO - Started process (PID=422) to work on /home/airflow/.local/lib/python3.12/site-packages/airflow/example_dags/example_branch_day_of_week_operator.py
[2026-02-14T15:49:42.106+0000] {processor.py:830} INFO - Processing file /home/airflow/.local/lib/python3.12/site-packages/airflow/example_dags/example_branch_day_of_week_operator.py for tasks to queue
[2026-02-14T15:49:42.107+0000] {logging_mixin.py:188} INFO - [2026-02-14T15:49:42.107+0000] {dagbag.py:545} INFO - Filling up the DagBag from /home/airflow/.local/lib/python3.12/site-packages/airflow/example_dags/example_branch_day_of_week_operator.py
[2026-02-14T15:49:42.110+0000] {processor.py:840} INFO - DAG(s) 'example_weekday_branch_operator' retrieved from /home/airflow/.local/lib/python3.12/site-packages/airflow/example_dags/example_branch_day_of_week_operator.py
[2026-02-14T15:49:42.118+0000] {logging_mixin.py:188} INFO - [2026-02-14T15:49:42.118+0000] {dag.py:3089} INFO - Sync 1 DAGs
[2026-02-14T15:49:42.126+0000] {logging_mixin.py:188} INFO - [2026-02-14T15:49:42.126+0000] {dag.py:3947} INFO - Setting next_dagrun for example_weekday_branch_operator to 2026-02-13 00:00:00+00:00, run_after=2026-02-14 00:00:00+00:00
[2026-02-14T15:49:42.136+0000] {processor.py:183} INFO - Processing /home/airflow/.local/lib/python3.12/site-packages/airflow/example_dags/example_branch_day_of_week_operator.py took 0.032 seconds
[2026-02-14T15:50:12.505+0000] {processor.py:161} INFO - Started process (PID=481) to work on /home/airflow/.local/lib/python3.12/site-packages/airflow/example_dags/example_branch_day_of_week_operator.py
[2026-02-14T15:50:12.505+0000] {processor.py:830} INFO - Processing file /home/airflow/.local/lib/python3.12/site-packages/airflow/example_dags/example_branch_day_of_week_operator.py for tasks to queue
[2026-02-14T15:50:12.506+0000] {logging_mixin.py:188} INFO - [2026-02-14T15:50:12.506+0000] {dagbag.py:545} INFO - Filling up the DagBag from /home/airflow/.local/lib/python3.12/site-packages/airflow/example_dags/example_branch_day_of_week_operator.py
[2026-02-14T15:50:12.510+0000] {processor.py:840} INFO - DAG(s) 'example_weekday_branch_operator' retrieved from /home/airflow/.local/lib/python3.12/site-packages/airflow/example_dags/example_branch_day_of_week_operator.py
[2026-02-14T15:50:12.519+0000] {logging_mixin.py:188} INFO - [2026-02-14T15:50:12.519+0000] {dag.py:3089} INFO - Sync 1 DAGs
[2026-02-14T15:50:12.527+0000] {logging_mixin.py:188} INFO - [2026-02-14T15:50:12.527+0000] {dag.py:3947} INFO - Setting next_dagrun for example_weekday_branch_operator to 2026-02-13 00:00:00+00:00, run_after=2026-02-14 00:00:00+00:00
[2026-02-14T15:50:12.537+0000] {processor.py:183} INFO - Processing /home/airflow/.local/lib/python3.12/site-packages/airflow/example_dags/example_branch_day_of_week_operator.py took 0.035 seconds
[2026-02-14T15:50:42.960+0000] {processor.py:161} INFO - Started process (PID=540) to work on /home/airflow/.local/lib/python3.12/site-packages/airflow/example_dags/example_branch_day_of_week_operator.py
[2026-02-14T15:50:42.961+0000] {processor.py:830} INFO - Processing file /home/airflow/.local/lib/python3.12/site-packages/airflow/example_dags/example_branch_day_of_week_operator.py for tasks to queue
[2026-02-14T15:50:42.962+0000] {logging_mixin.py:188} INFO - [2026-02-14T15:50:42.962+0000] {dagbag.py:545} INFO - Filling up the DagBag from /home/airflow/.local/lib/python3.12/site-packages/airflow/example_dags/example_branch_day_of_week_operator.py
[2026-02-14T15:50:42.967+0000] {processor.py:840} INFO - DAG(s) 'example_weekday_branch_operator' retrieved from /home/airflow/.local/lib/python3.12/site-packages/airflow/example_dags/example_branch_day_of_week_operator.py
[2026-02-14T15:50:42.977+0000] {logging_mixin.py:188} INFO - [2026-02-14T15:50:42.976+0000] {dag.py:3089} INFO - Sync 1 DAGs
[2026-02-14T15:50:42.985+0000] {logging_mixin.py:188} INFO - [2026-02-14T15:50:42.985+0000] {dag.py:3947} INFO - Setting next_dagrun for example_weekday_branch_operator to 2026-02-13 00:00:00+00:00, run_after=2026-02-14 00:00:00+00:00
[2026-02-14T15:50:42.993+0000] {processor.py:183} INFO - Processing /home/airflow/.local/lib/python3.12/site-packages/airflow/example_dags/example_branch_day_of_week_operator.py took 0.036 seconds
[2026-02-14T15:51:13.674+0000] {processor.py:161} INFO - Started process (PID=599) to work on /home/airflow/.local/lib/python3.12/site-packages/airflow/example_dags/example_branch_day_of_week_operator.py
[2026-02-14T15:51:13.676+0000] {processor.py:830} INFO - Processing file /home/airflow/.local/lib/python3.12/site-packages/airflow/example_dags/example_branch_day_of_week_operator.py for tasks to queue
[2026-02-14T15:51:13.677+0000] {logging_mixin.py:188} INFO - [2026-02-14T15:51:13.677+0000] {dagbag.py:545} INFO - Filling up the DagBag from /home/airflow/.local/lib/python3.12/site-packages/airflow/example_dags/example_branch_day_of_week_operator.py
[2026-02-14T15:51:13.681+0000] {processor.py:840} INFO - DAG(s) 'example_weekday_branch_operator' retrieved from /home/airflow/.local/lib/python3.12/site-packages/airflow/example_dags/example_branch_day_of_week_operator.py
[2026-02-14T15:51:13.693+0000] {logging_mixin.py:188} INFO - [2026-02-14T15:51:13.693+0000] {dag.py:3089} INFO - Sync 1 DAGs
[2026-02-14T15:51:13.705+0000] {logging_mixin.py:188} INFO - [2026-02-14T15:51:13.705+0000] {dag.py:3947} INFO - Setting next_dagrun for example_weekday_branch_operator to 2026-02-13 00:00:00+00:00, run_after=2026-02-14 00:00:00+00:00
[2026-02-14T15:51:13.717+0000] {processor.py:183} INFO - Processing /home/airflow/.local/lib/python3.12/site-packages/airflow/example_dags/example_branch_day_of_week_operator.py took 0.046 seconds
[2026-02-14T15:51:44.197+0000] {processor.py:161} INFO - Started process (PID=658) to work on /home/airflow/.local/lib/python3.12/site-packages/airflow/example_dags/example_branch_day_of_week_operator.py
[2026-02-14T15:51:44.197+0000] {processor.py:830} INFO - Processing file /home/airflow/.local/lib/python3.12/site-packages/airflow/example_dags/example_branch_day_of_week_operator.py for tasks to queue
[2026-02-14T15:51:44.198+0000] {logging_mixin.py:188} INFO - [2026-02-14T15:51:44.198+0000] {dagbag.py:545} INFO - Filling up the DagBag from /home/airflow/.local/lib/python3.12/site-packages/airflow/example_dags/example_branch_day_of_week_operator.py
[2026-02-14T15:51:44.201+0000] {processor.py:840} INFO - DAG(s) 'example_weekday_branch_operator' retrieved from /home/airflow/.local/lib/python3.12/site-packages/airflow/example_dags/example_branch_day_of_week_operator.py
[2026-02-14T15:51:44.210+0000] {logging_mixin.py:188} INFO - [2026-02-14T15:51:44.210+0000] {dag.py:3089} INFO - Sync 1 DAGs
[2026-02-14T15:51:44.218+0000] {logging_mixin.py:188} INFO - [2026-02-14T15:51:44.218+0000] {dag.py:3947} INFO - Setting next_dagrun for example_weekday_branch_operator to 2026-02-13 00:00:00+00:00, run_after=2026-02-14 00:00:00+00:00
[2026-02-14T15:51:44.225+0000] {processor.py:183} INFO - Processing /home/airflow/.local/lib/python3.12/site-packages/airflow/example_dags/example_branch_day_of_week_operator.py took 0.031 seconds
[2026-02-14T15:52:14.656+0000] {processor.py:161} INFO - Started process (PID=717) to work on /home/airflow/.local/lib/python3.12/site-packages/airflow/example_dags/example_branch_day_of_week_operator.py
[2026-02-14T15:52:14.656+0000] {processor.py:830} INFO - Processing file /home/airflow/.local/lib/python3.12/site-packages/airflow/example_dags/example_branch_day_of_week_operator.py for tasks to queue
[2026-02-14T15:52:14.658+0000] {logging_mixin.py:188} INFO - [2026-02-14T15:52:14.658+0000] {dagbag.py:545} INFO - Filling up the DagBag from /home/airflow/.local/lib/python3.12/site-packages/airflow/example_dags/example_branch_day_of_week_operator.py
[2026-02-14T15:52:14.660+0000] {processor.py:840} INFO - DAG(s) 'example_weekday_branch_operator' retrieved from /home/airflow/.local/lib/python3.12/site-packages/airflow/example_dags/example_branch_day_of_week_operator.py
[2026-02-14T15:52:14.668+0000] {logging_mixin.py:188} INFO - [2026-02-14T15:52:14.668+0000] {dag.py:3089} INFO - Sync 1 DAGs
[2026-02-14T15:52:14.676+0000] {logging_mixin.py:188} INFO - [2026-02-14T15:52:14.676+0000] {dag.py:3947} INFO - Setting next_dagrun for example_weekday_branch_operator to 2026-02-13 00:00:00+00:00, run_after=2026-02-14 00:00:00+00:00
[2026-02-14T15:52:14.685+0000] {processor.py:183} INFO - Processing /home/airflow/.local/lib/python3.12/site-packages/airflow/example_dags/example_branch_day_of_week_operator.py took 0.032 seconds
[2026-02-14T15:52:45.072+0000] {processor.py:161} INFO - Started process (PID=776) to work on /home/airflow/.local/lib/python3.12/site-packages/airflow/example_dags/example_branch_day_of_week_operator.py
[2026-02-14T15:52:45.074+0000] {processor.py:830} INFO - Processing file /home/airflow/.local/lib/python3.12/site-packages/airflow/example_dags/example_branch_day_of_week_operator.py for tasks to queue
[2026-02-14T15:52:45.075+0000] {logging_mixin.py:188} INFO - [2026-02-14T15:52:45.075+0000] {dagbag.py:545} INFO - Filling up the DagBag from /home/airflow/.local/lib/python3.12/site-packages/airflow/example_dags/example_branch_day_of_week_operator.py
[2026-02-14T15:52:45.078+0000] {processor.py:840} INFO - DAG(s) 'example_weekday_branch_operator' retrieved from /home/airflow/.local/lib/python3.12/site-packages/airflow/example_dags/example_branch_day_of_week_operator.py
[2026-02-14T15:52:45.087+0000] {logging_mixin.py:188} INFO - [2026-02-14T15:52:45.087+0000] {dag.py:3089} INFO - Sync 1 DAGs
[2026-02-14T15:52:45.096+0000] {logging_mixin.py:188} INFO - [2026-02-14T15:52:45.096+0000] {dag.py:3947} INFO - Setting next_dagrun for example_weekday_branch_operator to 2026-02-13 00:00:00+00:00, run_after=2026-02-14 00:00:00+00:00
[2026-02-14T15:52:45.105+0000] {processor.py:183} INFO - Processing /home/airflow/.local/lib/python3.12/site-packages/airflow/example_dags/example_branch_day_of_week_operator.py took 0.036 seconds
[2026-02-14T15:53:15.429+0000] {processor.py:161} INFO - Started process (PID=835) to work on /home/airflow/.local/lib/python3.12/site-packages/airflow/example_dags/example_branch_day_of_week_operator.py
[2026-02-14T15:53:15.429+0000] {processor.py:830} INFO - Processing file /home/airflow/.local/lib/python3.12/site-packages/airflow/example_dags/example_branch_day_of_week_operator.py for tasks to queue
[2026-02-14T15:53:15.430+0000] {logging_mixin.py:188} INFO - [2026-02-14T15:53:15.430+0000] {dagbag.py:545} INFO - Filling up the DagBag from /home/airflow/.local/lib/python3.12/site-packages/airflow/example_dags/example_branch_day_of_week_operator.py
[2026-02-14T15:53:15.433+0000] {processor.py:840} INFO - DAG(s) 'example_weekday_branch_operator' retrieved from /home/airflow/.local/lib/python3.12/site-packages/airflow/example_dags/example_branch_day_of_week_operator.py
[2026-02-14T15:53:15.441+0000] {logging_mixin.py:188} INFO - [2026-02-14T15:53:15.441+0000] {dag.py:3089} INFO - Sync 1 DAGs
[2026-02-14T15:53:15.449+0000] {logging_mixin.py:188} INFO - [2026-02-14T15:53:15.449+0000] {dag.py:3947} INFO - Setting next_dagrun for example_weekday_branch_operator to 2026-02-13 00:00:00+00:00, run_after=2026-02-14 00:00:00+00:00
[2026-02-14T15:53:15.460+0000] {processor.py:183} INFO - Processing /home/airflow/.local/lib/python3.12/site-packages/airflow/example_dags/example_branch_day_of_week_operator.py took 0.033 seconds
[2026-02-14T15:53:45.773+0000] {processor.py:161} INFO - Started process (PID=894) to work on /home/airflow/.local/lib/python3.12/site-packages/airflow/example_dags/example_branch_day_of_week_operator.py
[2026-02-14T15:53:45.773+0000] {processor.py:830} INFO - Processing file /home/airflow/.local/lib/python3.12/site-packages/airflow/example_dags/example_branch_day_of_week_operator.py for tasks to queue
[2026-02-14T15:53:45.774+0000] {logging_mixin.py:188} INFO - [2026-02-14T15:53:45.774+0000] {dagbag.py:545} INFO - Filling up the DagBag from /home/airflow/.local/lib/python3.12/site-packages/airflow/example_dags/example_branch_day_of_week_operator.py
[2026-02-14T15:53:45.777+0000] {processor.py:840} INFO - DAG(s) 'example_weekday_branch_operator' retrieved from /home/airflow/.local/lib/python3.12/site-packages/airflow/example_dags/example_branch_day_of_week_operator.py
[2026-02-14T15:53:45.784+0000] {logging_mixin.py:188} INFO - [2026-02-14T15:53:45.784+0000] {dag.py:3089} INFO - Sync 1 DAGs
[2026-02-14T15:53:45.793+0000] {logging_mixin.py:188} INFO - [2026-02-14T15:53:45.793+0000] {dag.py:3947} INFO - Setting next_dagrun for example_weekday_branch_operator to 2026-02-13 00:00:00+00:00, run_after=2026-02-14 00:00:00+00:00
[2026-02-14T15:53:45.802+0000] {processor.py:183} INFO - Processing /home/airflow/.local/lib/python3.12/site-packages/airflow/example_dags/example_branch_day_of_week_operator.py took 0.031 seconds
[2026-02-14T15:54:16.189+0000] {processor.py:161} INFO - Started process (PID=953) to work on /home/airflow/.local/lib/python3.12/site-packages/airflow/example_dags/example_branch_day_of_week_operator.py
[2026-02-14T15:54:16.190+0000] {processor.py:830} INFO - Processing file /home/airflow/.local/lib/python3.12/site-packages/airflow/example_dags/example_branch_day_of_week_operator.py for tasks to queue
[2026-02-14T15:54:16.191+0000] {logging_mixin.py:188} INFO - [2026-02-14T15:54:16.191+0000] {dagbag.py:545} INFO - Filling up the DagBag from /home/airflow/.local/lib/python3.12/site-packages/airflow/example_dags/example_branch_day_of_week_operator.py
[2026-02-14T15:54:16.194+0000] {processor.py:840} INFO - DAG(s) 'example_weekday_branch_operator' retrieved from /home/airflow/.local/lib/python3.12/site-packages/airflow/example_dags/example_branch_day_of_week_operator.py
[2026-02-14T15:54:16.202+0000] {logging_mixin.py:188} INFO - [2026-02-14T15:54:16.202+0000] {dag.py:3089} INFO - Sync 1 DAGs
[2026-02-14T15:54:16.212+0000] {logging_mixin.py:188} INFO - [2026-02-14T15:54:16.212+0000] {dag.py:3947} INFO - Setting next_dagrun for example_weekday_branch_operator to 2026-02-13 00:00:00+00:00, run_after=2026-02-14 00:00:00+00:00
[2026-02-14T15:54:16.221+0000] {processor.py:183} INFO - Processing /home/airflow/.local/lib/python3.12/site-packages/airflow/example_dags/example_branch_day_of_week_operator.py took 0.034 seconds
[2026-02-14T15:54:46.710+0000] {processor.py:161} INFO - Started process (PID=1012) to work on /home/airflow/.local/lib/python3.12/site-packages/airflow/example_dags/example_branch_day_of_week_operator.py
[2026-02-14T15:54:46.711+0000] {processor.py:830} INFO - Processing file /home/airflow/.local/lib/python3.12/site-packages/airflow/example_dags/example_branch_day_of_week_operator.py for tasks to queue
[2026-02-14T15:54:46.712+0000] {logging_mixin.py:188} INFO - [2026-02-14T15:54:46.712+0000] {dagbag.py:545} INFO - Filling up the DagBag from /home/airflow/.local/lib/python3.12/site-packages/airflow/example_dags/example_branch_day_of_week_operator.py
[2026-02-14T15:54:46.715+0000] {processor.py:840} INFO - DAG(s) 'example_weekday_branch_operator' retrieved from /home/airflow/.local/lib/python3.12/site-packages/airflow/example_dags/example_branch_day_of_week_operator.py
[2026-02-14T15:54:46.724+0000] {logging_mixin.py:188} INFO - [2026-02-14T15:54:46.724+0000] {dag.py:3089} INFO - Sync 1 DAGs
[2026-02-14T15:54:46.732+0000] {logging_mixin.py:188} INFO - [2026-02-14T15:54:46.732+0000] {dag.py:3947} INFO - Setting next_dagrun for example_weekday_branch_operator to 2026-02-13 00:00:00+00:00, run_after=2026-02-14 00:00:00+00:00
[2026-02-14T15:54:46.740+0000] {processor.py:183} INFO - Processing /home/airflow/.local/lib/python3.12/site-packages/airflow/example_dags/example_branch_day_of_week_operator.py took 0.032 seconds
[2026-02-14T15:55:17.900+0000] {processor.py:161} INFO - Started process (PID=1071) to work on /home/airflow/.local/lib/python3.12/site-packages/airflow/example_dags/example_branch_day_of_week_operator.py
[2026-02-14T15:55:17.904+0000] {processor.py:830} INFO - Processing file /home/airflow/.local/lib/python3.12/site-packages/airflow/example_dags/example_branch_day_of_week_operator.py for tasks to queue
[2026-02-14T15:55:17.909+0000] {logging_mixin.py:188} INFO - [2026-02-14T15:55:17.907+0000] {dagbag.py:545} INFO - Filling up the DagBag from /home/airflow/.local/lib/python3.12/site-packages/airflow/example_dags/example_branch_day_of_week_operator.py
[2026-02-14T15:55:17.932+0000] {processor.py:840} INFO - DAG(s) 'example_weekday_branch_operator' retrieved from /home/airflow/.local/lib/python3.12/site-packages/airflow/example_dags/example_branch_day_of_week_operator.py
[2026-02-14T15:55:17.970+0000] {logging_mixin.py:188} INFO - [2026-02-14T15:55:17.969+0000] {dag.py:3089} INFO - Sync 1 DAGs
[2026-02-14T15:55:18.016+0000] {logging_mixin.py:188} INFO - [2026-02-14T15:55:18.014+0000] {dag.py:3947} INFO - Setting next_dagrun for example_weekday_branch_operator to 2026-02-13 00:00:00+00:00, run_after=2026-02-14 00:00:00+00:00
[2026-02-14T15:55:18.063+0000] {processor.py:183} INFO - Processing /home/airflow/.local/lib/python3.12/site-packages/airflow/example_dags/example_branch_day_of_week_operator.py took 0.166 seconds
[2026-02-14T15:55:48.662+0000] {processor.py:161} INFO - Started process (PID=1129) to work on /home/airflow/.local/lib/python3.12/site-packages/airflow/example_dags/example_branch_day_of_week_operator.py
[2026-02-14T15:55:48.663+0000] {processor.py:830} INFO - Processing file /home/airflow/.local/lib/python3.12/site-packages/airflow/example_dags/example_branch_day_of_week_operator.py for tasks to queue
[2026-02-14T15:55:48.663+0000] {logging_mixin.py:188} INFO - [2026-02-14T15:55:48.663+0000] {dagbag.py:545} INFO - Filling up the DagBag from /home/airflow/.local/lib/python3.12/site-packages/airflow/example_dags/example_branch_day_of_week_operator.py
[2026-02-14T15:55:48.667+0000] {processor.py:840} INFO - DAG(s) 'example_weekday_branch_operator' retrieved from /home/airflow/.local/lib/python3.12/site-packages/airflow/example_dags/example_branch_day_of_week_operator.py
[2026-02-14T15:55:48.677+0000] {logging_mixin.py:188} INFO - [2026-02-14T15:55:48.677+0000] {dag.py:3089} INFO - Sync 1 DAGs
[2026-02-14T15:55:48.685+0000] {logging_mixin.py:188} INFO - [2026-02-14T15:55:48.685+0000] {dag.py:3947} INFO - Setting next_dagrun for example_weekday_branch_operator to 2026-02-13 00:00:00+00:00, run_after=2026-02-14 00:00:00+00:00
[2026-02-14T15:55:48.691+0000] {processor.py:183} INFO - Processing /home/airflow/.local/lib/python3.12/site-packages/airflow/example_dags/example_branch_day_of_week_operator.py took 0.032 seconds
[2026-02-14T15:56:19.180+0000] {processor.py:161} INFO - Started process (PID=1188) to work on /home/airflow/.local/lib/python3.12/site-packages/airflow/example_dags/example_branch_day_of_week_operator.py
[2026-02-14T15:56:19.180+0000] {processor.py:830} INFO - Processing file /home/airflow/.local/lib/python3.12/site-packages/airflow/example_dags/example_branch_day_of_week_operator.py for tasks to queue
[2026-02-14T15:56:19.181+0000] {logging_mixin.py:188} INFO - [2026-02-14T15:56:19.181+0000] {dagbag.py:545} INFO - Filling up the DagBag from /home/airflow/.local/lib/python3.12/site-packages/airflow/example_dags/example_branch_day_of_week_operator.py
[2026-02-14T15:56:19.185+0000] {processor.py:840} INFO - DAG(s) 'example_weekday_branch_operator' retrieved from /home/airflow/.local/lib/python3.12/site-packages/airflow/example_dags/example_branch_day_of_week_operator.py
[2026-02-14T15:56:19.194+0000] {logging_mixin.py:188} INFO - [2026-02-14T15:56:19.194+0000] {dag.py:3089} INFO - Sync 1 DAGs
[2026-02-14T15:56:19.203+0000] {logging_mixin.py:188} INFO - [2026-02-14T15:56:19.203+0000] {dag.py:3947} INFO - Setting next_dagrun for example_weekday_branch_operator to 2026-02-13 00:00:00+00:00, run_after=2026-02-14 00:00:00+00:00
[2026-02-14T15:56:19.210+0000] {processor.py:183} INFO - Processing /home/airflow/.local/lib/python3.12/site-packages/airflow/example_dags/example_branch_day_of_week_operator.py took 0.033 seconds
[2026-02-14T15:56:49.703+0000] {processor.py:161} INFO - Started process (PID=1247) to work on /home/airflow/.local/lib/python3.12/site-packages/airflow/example_dags/example_branch_day_of_week_operator.py
[2026-02-14T15:56:49.704+0000] {processor.py:830} INFO - Processing file /home/airflow/.local/lib/python3.12/site-packages/airflow/example_dags/example_branch_day_of_week_operator.py for tasks to queue
[2026-02-14T15:56:49.704+0000] {logging_mixin.py:188} INFO - [2026-02-14T15:56:49.704+0000] {dagbag.py:545} INFO - Filling up the DagBag from /home/airflow/.local/lib/python3.12/site-packages/airflow/example_dags/example_branch_day_of_week_operator.py
[2026-02-14T15:56:49.708+0000] {processor.py:840} INFO - DAG(s) 'example_weekday_branch_operator' retrieved from /home/airflow/.local/lib/python3.12/site-packages/airflow/example_dags/example_branch_day_of_week_operator.py
[2026-02-14T15:56:49.716+0000] {logging_mixin.py:188} INFO - [2026-02-14T15:56:49.716+0000] {dag.py:3089} INFO - Sync 1 DAGs
[2026-02-14T15:56:49.724+0000] {logging_mixin.py:188} INFO - [2026-02-14T15:56:49.724+0000] {dag.py:3947} INFO - Setting next_dagrun for example_weekday_branch_operator to 2026-02-13 00:00:00+00:00, run_after=2026-02-14 00:00:00+00:00
[2026-02-14T15:56:49.732+0000] {processor.py:183} INFO - Processing /home/airflow/.local/lib/python3.12/site-packages/airflow/example_dags/example_branch_day_of_week_operator.py took 0.032 seconds
[2026-02-14T15:57:20.435+0000] {processor.py:161} INFO - Started process (PID=1306) to work on /home/airflow/.local/lib/python3.12/site-packages/airflow/example_dags/example_branch_day_of_week_operator.py
[2026-02-14T15:57:20.435+0000] {processor.py:830} INFO - Processing file /home/airflow/.local/lib/python3.12/site-packages/airflow/example_dags/example_branch_day_of_week_operator.py for tasks to queue
[2026-02-14T15:57:20.436+0000] {logging_mixin.py:188} INFO - [2026-02-14T15:57:20.436+0000] {dagbag.py:545} INFO - Filling up the DagBag from /home/airflow/.local/lib/python3.12/site-packages/airflow/example_dags/example_branch_day_of_week_operator.py
[2026-02-14T15:57:20.440+0000] {processor.py:840} INFO - DAG(s) 'example_weekday_branch_operator' retrieved from /home/airflow/.local/lib/python3.12/site-packages/airflow/example_dags/example_branch_day_of_week_operator.py
[2026-02-14T15:57:20.449+0000] {logging_mixin.py:188} INFO - [2026-02-14T15:57:20.449+0000] {dag.py:3089} INFO - Sync 1 DAGs
[2026-02-14T15:57:20.458+0000] {logging_mixin.py:188} INFO - [2026-02-14T15:57:20.457+0000] {dag.py:3947} INFO - Setting next_dagrun for example_weekday_branch_operator to 2026-02-13 00:00:00+00:00, run_after=2026-02-14 00:00:00+00:00
[2026-02-14T15:57:20.465+0000] {processor.py:183} INFO - Processing /home/airflow/.local/lib/python3.12/site-packages/airflow/example_dags/example_branch_day_of_week_operator.py took 0.033 seconds
[2026-02-14T15:57:51.358+0000] {processor.py:161} INFO - Started process (PID=1365) to work on /home/airflow/.local/lib/python3.12/site-packages/airflow/example_dags/example_branch_day_of_week_operator.py
[2026-02-14T15:57:51.358+0000] {processor.py:830} INFO - Processing file /home/airflow/.local/lib/python3.12/site-packages/airflow/example_dags/example_branch_day_of_week_operator.py for tasks to queue
[2026-02-14T15:57:51.359+0000] {logging_mixin.py:188} INFO - [2026-02-14T15:57:51.359+0000] {dagbag.py:545} INFO - Filling up the DagBag from /home/airflow/.local/lib/python3.12/site-packages/airflow/example_dags/example_branch_day_of_week_operator.py
[2026-02-14T15:57:51.362+0000] {processor.py:840} INFO - DAG(s) 'example_weekday_branch_operator' retrieved from /home/airflow/.local/lib/python3.12/site-packages/airflow/example_dags/example_branch_day_of_week_operator.py
[2026-02-14T15:57:51.370+0000] {logging_mixin.py:188} INFO - [2026-02-14T15:57:51.370+0000] {dag.py:3089} INFO - Sync 1 DAGs
[2026-02-14T15:57:51.445+0000] {logging_mixin.py:188} INFO - [2026-02-14T15:57:51.445+0000] {dag.py:3947} INFO - Setting next_dagrun for example_weekday_branch_operator to 2026-02-13 00:00:00+00:00, run_after=2026-02-14 00:00:00+00:00
[2026-02-14T15:57:51.454+0000] {processor.py:183} INFO - Processing /home/airflow/.local/lib/python3.12/site-packages/airflow/example_dags/example_branch_day_of_week_operator.py took 0.099 seconds
[2026-02-14T15:58:22.415+0000] {processor.py:161} INFO - Started process (PID=1424) to work on /home/airflow/.local/lib/python3.12/site-packages/airflow/example_dags/example_branch_day_of_week_operator.py
[2026-02-14T15:58:22.415+0000] {processor.py:830} INFO - Processing file /home/airflow/.local/lib/python3.12/site-packages/airflow/example_dags/example_branch_day_of_week_operator.py for tasks to queue
[2026-02-14T15:58:22.416+0000] {logging_mixin.py:188} INFO - [2026-02-14T15:58:22.416+0000] {dagbag.py:545} INFO - Filling up the DagBag from /home/airflow/.local/lib/python3.12/site-packages/airflow/example_dags/example_branch_day_of_week_operator.py
[2026-02-14T15:58:22.419+0000] {processor.py:840} INFO - DAG(s) 'example_weekday_branch_operator' retrieved from /home/airflow/.local/lib/python3.12/site-packages/airflow/example_dags/example_branch_day_of_week_operator.py
[2026-02-14T15:58:22.427+0000] {logging_mixin.py:188} INFO - [2026-02-14T15:58:22.427+0000] {dag.py:3089} INFO - Sync 1 DAGs
[2026-02-14T15:58:22.435+0000] {logging_mixin.py:188} INFO - [2026-02-14T15:58:22.435+0000] {dag.py:3947} INFO - Setting next_dagrun for example_weekday_branch_operator to 2026-02-13 00:00:00+00:00, run_after=2026-02-14 00:00:00+00:00
[2026-02-14T15:58:22.441+0000] {processor.py:183} INFO - Processing /home/airflow/.local/lib/python3.12/site-packages/airflow/example_dags/example_branch_day_of_week_operator.py took 0.029 seconds
[2026-02-14T15:58:52.854+0000] {processor.py:161} INFO - Started process (PID=1483) to work on /home/airflow/.local/lib/python3.12/site-packages/airflow/example_dags/example_branch_day_of_week_operator.py
[2026-02-14T15:58:52.855+0000] {processor.py:830} INFO - Processing file /home/airflow/.local/lib/python3.12/site-packages/airflow/example_dags/example_branch_day_of_week_operator.py for tasks to queue
[2026-02-14T15:58:52.855+0000] {logging_mixin.py:188} INFO - [2026-02-14T15:58:52.855+0000] {dagbag.py:545} INFO - Filling up the DagBag from /home/airflow/.local/lib/python3.12/site-packages/airflow/example_dags/example_branch_day_of_week_operator.py
[2026-02-14T15:58:52.859+0000] {processor.py:840} INFO - DAG(s) 'example_weekday_branch_operator' retrieved from /home/airflow/.local/lib/python3.12/site-packages/airflow/example_dags/example_branch_day_of_week_operator.py
[2026-02-14T15:58:52.869+0000] {logging_mixin.py:188} INFO - [2026-02-14T15:58:52.869+0000] {dag.py:3089} INFO - Sync 1 DAGs
[2026-02-14T15:58:52.881+0000] {logging_mixin.py:188} INFO - [2026-02-14T15:58:52.880+0000] {dag.py:3947} INFO - Setting next_dagrun for example_weekday_branch_operator to 2026-02-13 00:00:00+00:00, run_after=2026-02-14 00:00:00+00:00
[2026-02-14T15:58:52.888+0000] {processor.py:183} INFO - Processing /home/airflow/.local/lib/python3.12/site-packages/airflow/example_dags/example_branch_day_of_week_operator.py took 0.037 seconds
[2026-02-14T15:59:23.132+0000] {processor.py:161} INFO - Started process (PID=1542) to work on /home/airflow/.local/lib/python3.12/site-packages/airflow/example_dags/example_branch_day_of_week_operator.py
[2026-02-14T15:59:23.135+0000] {processor.py:830} INFO - Processing file /home/airflow/.local/lib/python3.12/site-packages/airflow/example_dags/example_branch_day_of_week_operator.py for tasks to queue
[2026-02-14T15:59:23.137+0000] {logging_mixin.py:188} INFO - [2026-02-14T15:59:23.136+0000] {dagbag.py:545} INFO - Filling up the DagBag from /home/airflow/.local/lib/python3.12/site-packages/airflow/example_dags/example_branch_day_of_week_operator.py
[2026-02-14T15:59:23.140+0000] {processor.py:840} INFO - DAG(s) 'example_weekday_branch_operator' retrieved from /home/airflow/.local/lib/python3.12/site-packages/airflow/example_dags/example_branch_day_of_week_operator.py
[2026-02-14T15:59:23.150+0000] {logging_mixin.py:188} INFO - [2026-02-14T15:59:23.150+0000] {dag.py:3089} INFO - Sync 1 DAGs
[2026-02-14T15:59:23.160+0000] {logging_mixin.py:188} INFO - [2026-02-14T15:59:23.160+0000] {dag.py:3947} INFO - Setting next_dagrun for example_weekday_branch_operator to 2026-02-13 00:00:00+00:00, run_after=2026-02-14 00:00:00+00:00
[2026-02-14T15:59:23.170+0000] {processor.py:183} INFO - Processing /home/airflow/.local/lib/python3.12/site-packages/airflow/example_dags/example_branch_day_of_week_operator.py took 0.042 seconds
[2026-02-14T15:59:53.328+0000] {processor.py:161} INFO - Started process (PID=1601) to work on /home/airflow/.local/lib/python3.12/site-packages/airflow/example_dags/example_branch_day_of_week_operator.py
[2026-02-14T15:59:53.329+0000] {processor.py:830} INFO - Processing file /home/airflow/.local/lib/python3.12/site-packages/airflow/example_dags/example_branch_day_of_week_operator.py for tasks to queue
[2026-02-14T15:59:53.330+0000] {logging_mixin.py:188} INFO - [2026-02-14T15:59:53.329+0000] {dagbag.py:545} INFO - Filling up the DagBag from /home/airflow/.local/lib/python3.12/site-packages/airflow/example_dags/example_branch_day_of_week_operator.py
[2026-02-14T15:59:53.332+0000] {processor.py:840} INFO - DAG(s) 'example_weekday_branch_operator' retrieved from /home/airflow/.local/lib/python3.12/site-packages/airflow/example_dags/example_branch_day_of_week_operator.py
[2026-02-14T15:59:53.410+0000] {logging_mixin.py:188} INFO - [2026-02-14T15:59:53.410+0000] {dag.py:3089} INFO - Sync 1 DAGs
[2026-02-14T15:59:53.417+0000] {logging_mixin.py:188} INFO - [2026-02-14T15:59:53.417+0000] {dag.py:3947} INFO - Setting next_dagrun for example_weekday_branch_operator to 2026-02-13 00:00:00+00:00, run_after=2026-02-14 00:00:00+00:00
[2026-02-14T15:59:53.422+0000] {processor.py:183} INFO - Processing /home/airflow/.local/lib/python3.12/site-packages/airflow/example_dags/example_branch_day_of_week_operator.py took 0.096 seconds
[2026-02-14T16:00:24.214+0000] {processor.py:161} INFO - Started process (PID=1660) to work on /home/airflow/.local/lib/python3.12/site-packages/airflow/example_dags/example_branch_day_of_week_operator.py
[2026-02-14T16:00:24.215+0000] {processor.py:830} INFO - Processing file /home/airflow/.local/lib/python3.12/site-packages/airflow/example_dags/example_branch_day_of_week_operator.py for tasks to queue
[2026-02-14T16:00:24.216+0000] {logging_mixin.py:188} INFO - [2026-02-14T16:00:24.216+0000] {dagbag.py:545} INFO - Filling up the DagBag from /home/airflow/.local/lib/python3.12/site-packages/airflow/example_dags/example_branch_day_of_week_operator.py
[2026-02-14T16:00:24.219+0000] {processor.py:840} INFO - DAG(s) 'example_weekday_branch_operator' retrieved from /home/airflow/.local/lib/python3.12/site-packages/airflow/example_dags/example_branch_day_of_week_operator.py
[2026-02-14T16:00:24.227+0000] {logging_mixin.py:188} INFO - [2026-02-14T16:00:24.227+0000] {dag.py:3089} INFO - Sync 1 DAGs
[2026-02-14T16:00:24.236+0000] {logging_mixin.py:188} INFO - [2026-02-14T16:00:24.236+0000] {dag.py:3947} INFO - Setting next_dagrun for example_weekday_branch_operator to 2026-02-13 00:00:00+00:00, run_after=2026-02-14 00:00:00+00:00
[2026-02-14T16:00:24.244+0000] {processor.py:183} INFO - Processing /home/airflow/.local/lib/python3.12/site-packages/airflow/example_dags/example_branch_day_of_week_operator.py took 0.032 seconds
[2026-02-14T16:00:54.775+0000] {processor.py:161} INFO - Started process (PID=1719) to work on /home/airflow/.local/lib/python3.12/site-packages/airflow/example_dags/example_branch_day_of_week_operator.py
[2026-02-14T16:00:54.776+0000] {processor.py:830} INFO - Processing file /home/airflow/.local/lib/python3.12/site-packages/airflow/example_dags/example_branch_day_of_week_operator.py for tasks to queue
[2026-02-14T16:00:54.778+0000] {logging_mixin.py:188} INFO - [2026-02-14T16:00:54.777+0000] {dagbag.py:545} INFO - Filling up the DagBag from /home/airflow/.local/lib/python3.12/site-packages/airflow/example_dags/example_branch_day_of_week_operator.py
[2026-02-14T16:00:54.782+0000] {processor.py:840} INFO - DAG(s) 'example_weekday_branch_operator' retrieved from /home/airflow/.local/lib/python3.12/site-packages/airflow/example_dags/example_branch_day_of_week_operator.py
[2026-02-14T16:00:54.791+0000] {logging_mixin.py:188} INFO - [2026-02-14T16:00:54.791+0000] {dag.py:3089} INFO - Sync 1 DAGs
[2026-02-14T16:00:54.800+0000] {logging_mixin.py:188} INFO - [2026-02-14T16:00:54.800+0000] {dag.py:3947} INFO - Setting next_dagrun for example_weekday_branch_operator to 2026-02-13 00:00:00+00:00, run_after=2026-02-14 00:00:00+00:00
[2026-02-14T16:00:54.807+0000] {processor.py:183} INFO - Processing /home/airflow/.local/lib/python3.12/site-packages/airflow/example_dags/example_branch_day_of_week_operator.py took 0.035 seconds
[2026-02-14T16:01:25.224+0000] {processor.py:161} INFO - Started process (PID=1778) to work on /home/airflow/.local/lib/python3.12/site-packages/airflow/example_dags/example_branch_day_of_week_operator.py
[2026-02-14T16:01:25.225+0000] {processor.py:830} INFO - Processing file /home/airflow/.local/lib/python3.12/site-packages/airflow/example_dags/example_branch_day_of_week_operator.py for tasks to queue
[2026-02-14T16:01:25.225+0000] {logging_mixin.py:188} INFO - [2026-02-14T16:01:25.225+0000] {dagbag.py:545} INFO - Filling up the DagBag from /home/airflow/.local/lib/python3.12/site-packages/airflow/example_dags/example_branch_day_of_week_operator.py
[2026-02-14T16:01:25.228+0000] {processor.py:840} INFO - DAG(s) 'example_weekday_branch_operator' retrieved from /home/airflow/.local/lib/python3.12/site-packages/airflow/example_dags/example_branch_day_of_week_operator.py
[2026-02-14T16:01:25.237+0000] {logging_mixin.py:188} INFO - [2026-02-14T16:01:25.237+0000] {dag.py:3089} INFO - Sync 1 DAGs
[2026-02-14T16:01:25.245+0000] {logging_mixin.py:188} INFO - [2026-02-14T16:01:25.245+0000] {dag.py:3947} INFO - Setting next_dagrun for example_weekday_branch_operator to 2026-02-13 00:00:00+00:00, run_after=2026-02-14 00:00:00+00:00
[2026-02-14T16:01:25.253+0000] {processor.py:183} INFO - Processing /home/airflow/.local/lib/python3.12/site-packages/airflow/example_dags/example_branch_day_of_week_operator.py took 0.031 seconds
[2026-02-14T16:01:55.552+0000] {processor.py:161} INFO - Started process (PID=1837) to work on /home/airflow/.local/lib/python3.12/site-packages/airflow/example_dags/example_branch_day_of_week_operator.py
[2026-02-14T16:01:55.553+0000] {processor.py:830} INFO - Processing file /home/airflow/.local/lib/python3.12/site-packages/airflow/example_dags/example_branch_day_of_week_operator.py for tasks to queue
[2026-02-14T16:01:55.553+0000] {logging_mixin.py:188} INFO - [2026-02-14T16:01:55.553+0000] {dagbag.py:545} INFO - Filling up the DagBag from /home/airflow/.local/lib/python3.12/site-packages/airflow/example_dags/example_branch_day_of_week_operator.py
[2026-02-14T16:01:55.556+0000] {processor.py:840} INFO - DAG(s) 'example_weekday_branch_operator' retrieved from /home/airflow/.local/lib/python3.12/site-packages/airflow/example_dags/example_branch_day_of_week_operator.py
[2026-02-14T16:01:55.564+0000] {logging_mixin.py:188} INFO - [2026-02-14T16:01:55.564+0000] {dag.py:3089} INFO - Sync 1 DAGs
[2026-02-14T16:01:55.572+0000] {logging_mixin.py:188} INFO - [2026-02-14T16:01:55.572+0000] {dag.py:3947} INFO - Setting next_dagrun for example_weekday_branch_operator to 2026-02-13 00:00:00+00:00, run_after=2026-02-14 00:00:00+00:00
[2026-02-14T16:01:55.583+0000] {processor.py:183} INFO - Processing /home/airflow/.local/lib/python3.12/site-packages/airflow/example_dags/example_branch_day_of_week_operator.py took 0.033 seconds
[2026-02-14T16:02:25.996+0000] {processor.py:161} INFO - Started process (PID=1896) to work on /home/airflow/.local/lib/python3.12/site-packages/airflow/example_dags/example_branch_day_of_week_operator.py
[2026-02-14T16:02:25.997+0000] {processor.py:830} INFO - Processing file /home/airflow/.local/lib/python3.12/site-packages/airflow/example_dags/example_branch_day_of_week_operator.py for tasks to queue
[2026-02-14T16:02:25.998+0000] {logging_mixin.py:188} INFO - [2026-02-14T16:02:25.998+0000] {dagbag.py:545} INFO - Filling up the DagBag from /home/airflow/.local/lib/python3.12/site-packages/airflow/example_dags/example_branch_day_of_week_operator.py
[2026-02-14T16:02:26.001+0000] {processor.py:840} INFO - DAG(s) 'example_weekday_branch_operator' retrieved from /home/airflow/.local/lib/python3.12/site-packages/airflow/example_dags/example_branch_day_of_week_operator.py
[2026-02-14T16:02:26.010+0000] {logging_mixin.py:188} INFO - [2026-02-14T16:02:26.010+0000] {dag.py:3089} INFO - Sync 1 DAGs
[2026-02-14T16:02:26.021+0000] {logging_mixin.py:188} INFO - [2026-02-14T16:02:26.021+0000] {dag.py:3947} INFO - Setting next_dagrun for example_weekday_branch_operator to 2026-02-13 00:00:00+00:00, run_after=2026-02-14 00:00:00+00:00
[2026-02-14T16:02:26.031+0000] {processor.py:183} INFO - Processing /home/airflow/.local/lib/python3.12/site-packages/airflow/example_dags/example_branch_day_of_week_operator.py took 0.037 seconds
[2026-02-14T16:02:56.497+0000] {processor.py:161} INFO - Started process (PID=1955) to work on /home/airflow/.local/lib/python3.12/site-packages/airflow/example_dags/example_branch_day_of_week_operator.py
[2026-02-14T16:02:56.498+0000] {processor.py:830} INFO - Processing file /home/airflow/.local/lib/python3.12/site-packages/airflow/example_dags/example_branch_day_of_week_operator.py for tasks to queue
[2026-02-14T16:02:56.499+0000] {logging_mixin.py:188} INFO - [2026-02-14T16:02:56.499+0000] {dagbag.py:545} INFO - Filling up the DagBag from /home/airflow/.local/lib/python3.12/site-packages/airflow/example_dags/example_branch_day_of_week_operator.py
[2026-02-14T16:02:56.505+0000] {processor.py:840} INFO - DAG(s) 'example_weekday_branch_operator' retrieved from /home/airflow/.local/lib/python3.12/site-packages/airflow/example_dags/example_branch_day_of_week_operator.py
[2026-02-14T16:02:56.518+0000] {logging_mixin.py:188} INFO - [2026-02-14T16:02:56.517+0000] {dag.py:3089} INFO - Sync 1 DAGs
[2026-02-14T16:02:56.535+0000] {logging_mixin.py:188} INFO - [2026-02-14T16:02:56.535+0000] {dag.py:3947} INFO - Setting next_dagrun for example_weekday_branch_operator to 2026-02-13 00:00:00+00:00, run_after=2026-02-14 00:00:00+00:00
[2026-02-14T16:02:56.552+0000] {processor.py:183} INFO - Processing /home/airflow/.local/lib/python3.12/site-packages/airflow/example_dags/example_branch_day_of_week_operator.py took 0.057 seconds
[2026-02-14T16:03:27.038+0000] {processor.py:161} INFO - Started process (PID=2014) to work on /home/airflow/.local/lib/python3.12/site-packages/airflow/example_dags/example_branch_day_of_week_operator.py
[2026-02-14T16:03:27.039+0000] {processor.py:830} INFO - Processing file /home/airflow/.local/lib/python3.12/site-packages/airflow/example_dags/example_branch_day_of_week_operator.py for tasks to queue
[2026-02-14T16:03:27.040+0000] {logging_mixin.py:188} INFO - [2026-02-14T16:03:27.040+0000] {dagbag.py:545} INFO - Filling up the DagBag from /home/airflow/.local/lib/python3.12/site-packages/airflow/example_dags/example_branch_day_of_week_operator.py
[2026-02-14T16:03:27.044+0000] {processor.py:840} INFO - DAG(s) 'example_weekday_branch_operator' retrieved from /home/airflow/.local/lib/python3.12/site-packages/airflow/example_dags/example_branch_day_of_week_operator.py
[2026-02-14T16:03:27.054+0000] {logging_mixin.py:188} INFO - [2026-02-14T16:03:27.054+0000] {dag.py:3089} INFO - Sync 1 DAGs
[2026-02-14T16:03:27.062+0000] {logging_mixin.py:188} INFO - [2026-02-14T16:03:27.062+0000] {dag.py:3947} INFO - Setting next_dagrun for example_weekday_branch_operator to 2026-02-13 00:00:00+00:00, run_after=2026-02-14 00:00:00+00:00
[2026-02-14T16:03:27.071+0000] {processor.py:183} INFO - Processing /home/airflow/.local/lib/python3.12/site-packages/airflow/example_dags/example_branch_day_of_week_operator.py took 0.036 seconds
[2026-02-14T16:03:57.647+0000] {processor.py:161} INFO - Started process (PID=2073) to work on /home/airflow/.local/lib/python3.12/site-packages/airflow/example_dags/example_branch_day_of_week_operator.py
[2026-02-14T16:03:57.647+0000] {processor.py:830} INFO - Processing file /home/airflow/.local/lib/python3.12/site-packages/airflow/example_dags/example_branch_day_of_week_operator.py for tasks to queue
[2026-02-14T16:03:57.649+0000] {logging_mixin.py:188} INFO - [2026-02-14T16:03:57.649+0000] {dagbag.py:545} INFO - Filling up the DagBag from /home/airflow/.local/lib/python3.12/site-packages/airflow/example_dags/example_branch_day_of_week_operator.py
[2026-02-14T16:03:57.652+0000] {processor.py:840} INFO - DAG(s) 'example_weekday_branch_operator' retrieved from /home/airflow/.local/lib/python3.12/site-packages/airflow/example_dags/example_branch_day_of_week_operator.py
[2026-02-14T16:03:57.668+0000] {logging_mixin.py:188} INFO - [2026-02-14T16:03:57.667+0000] {dag.py:3089} INFO - Sync 1 DAGs
[2026-02-14T16:03:57.685+0000] {logging_mixin.py:188} INFO - [2026-02-14T16:03:57.685+0000] {dag.py:3947} INFO - Setting next_dagrun for example_weekday_branch_operator to 2026-02-13 00:00:00+00:00, run_after=2026-02-14 00:00:00+00:00
[2026-02-14T16:03:57.704+0000] {processor.py:183} INFO - Processing /home/airflow/.local/lib/python3.12/site-packages/airflow/example_dags/example_branch_day_of_week_operator.py took 0.062 seconds
[2026-02-14T16:04:28.284+0000] {processor.py:161} INFO - Started process (PID=2132) to work on /home/airflow/.local/lib/python3.12/site-packages/airflow/example_dags/example_branch_day_of_week_operator.py
[2026-02-14T16:04:28.285+0000] {processor.py:830} INFO - Processing file /home/airflow/.local/lib/python3.12/site-packages/airflow/example_dags/example_branch_day_of_week_operator.py for tasks to queue
[2026-02-14T16:04:28.286+0000] {logging_mixin.py:188} INFO - [2026-02-14T16:04:28.286+0000] {dagbag.py:545} INFO - Filling up the DagBag from /home/airflow/.local/lib/python3.12/site-packages/airflow/example_dags/example_branch_day_of_week_operator.py
[2026-02-14T16:04:28.292+0000] {processor.py:840} INFO - DAG(s) 'example_weekday_branch_operator' retrieved from /home/airflow/.local/lib/python3.12/site-packages/airflow/example_dags/example_branch_day_of_week_operator.py
[2026-02-14T16:04:28.304+0000] {logging_mixin.py:188} INFO - [2026-02-14T16:04:28.304+0000] {dag.py:3089} INFO - Sync 1 DAGs
[2026-02-14T16:04:28.313+0000] {logging_mixin.py:188} INFO - [2026-02-14T16:04:28.313+0000] {dag.py:3947} INFO - Setting next_dagrun for example_weekday_branch_operator to 2026-02-13 00:00:00+00:00, run_after=2026-02-14 00:00:00+00:00
[2026-02-14T16:04:28.323+0000] {processor.py:183} INFO - Processing /home/airflow/.local/lib/python3.12/site-packages/airflow/example_dags/example_branch_day_of_week_operator.py took 0.043 seconds
[2026-02-14T16:04:58.728+0000] {processor.py:161} INFO - Started process (PID=2191) to work on /home/airflow/.local/lib/python3.12/site-packages/airflow/example_dags/example_branch_day_of_week_operator.py
[2026-02-14T16:04:58.729+0000] {processor.py:830} INFO - Processing file /home/airflow/.local/lib/python3.12/site-packages/airflow/example_dags/example_branch_day_of_week_operator.py for tasks to queue
[2026-02-14T16:04:58.730+0000] {logging_mixin.py:188} INFO - [2026-02-14T16:04:58.729+0000] {dagbag.py:545} INFO - Filling up the DagBag from /home/airflow/.local/lib/python3.12/site-packages/airflow/example_dags/example_branch_day_of_week_operator.py
[2026-02-14T16:04:58.732+0000] {processor.py:840} INFO - DAG(s) 'example_weekday_branch_operator' retrieved from /home/airflow/.local/lib/python3.12/site-packages/airflow/example_dags/example_branch_day_of_week_operator.py
[2026-02-14T16:04:58.743+0000] {logging_mixin.py:188} INFO - [2026-02-14T16:04:58.742+0000] {dag.py:3089} INFO - Sync 1 DAGs
[2026-02-14T16:04:58.751+0000] {logging_mixin.py:188} INFO - [2026-02-14T16:04:58.751+0000] {dag.py:3947} INFO - Setting next_dagrun for example_weekday_branch_operator to 2026-02-13 00:00:00+00:00, run_after=2026-02-14 00:00:00+00:00
[2026-02-14T16:04:58.758+0000] {processor.py:183} INFO - Processing /home/airflow/.local/lib/python3.12/site-packages/airflow/example_dags/example_branch_day_of_week_operator.py took 0.032 seconds
[2026-02-14T16:05:29.272+0000] {processor.py:161} INFO - Started process (PID=2250) to work on /home/airflow/.local/lib/python3.12/site-packages/airflow/example_dags/example_branch_day_of_week_operator.py
[2026-02-14T16:05:29.274+0000] {processor.py:830} INFO - Processing file /home/airflow/.local/lib/python3.12/site-packages/airflow/example_dags/example_branch_day_of_week_operator.py for tasks to queue
[2026-02-14T16:05:29.275+0000] {logging_mixin.py:188} INFO - [2026-02-14T16:05:29.275+0000] {dagbag.py:545} INFO - Filling up the DagBag from /home/airflow/.local/lib/python3.12/site-packages/airflow/example_dags/example_branch_day_of_week_operator.py
[2026-02-14T16:05:29.280+0000] {processor.py:840} INFO - DAG(s) 'example_weekday_branch_operator' retrieved from /home/airflow/.local/lib/python3.12/site-packages/airflow/example_dags/example_branch_day_of_week_operator.py
[2026-02-14T16:05:29.291+0000] {logging_mixin.py:188} INFO - [2026-02-14T16:05:29.291+0000] {dag.py:3089} INFO - Sync 1 DAGs
[2026-02-14T16:05:29.300+0000] {logging_mixin.py:188} INFO - [2026-02-14T16:05:29.300+0000] {dag.py:3947} INFO - Setting next_dagrun for example_weekday_branch_operator to 2026-02-13 00:00:00+00:00, run_after=2026-02-14 00:00:00+00:00
[2026-02-14T16:05:29.310+0000] {processor.py:183} INFO - Processing /home/airflow/.local/lib/python3.12/site-packages/airflow/example_dags/example_branch_day_of_week_operator.py took 0.041 seconds
[2026-02-14T16:05:59.743+0000] {processor.py:161} INFO - Started process (PID=2309) to work on /home/airflow/.local/lib/python3.12/site-packages/airflow/example_dags/example_branch_day_of_week_operator.py
[2026-02-14T16:05:59.743+0000] {processor.py:830} INFO - Processing file /home/airflow/.local/lib/python3.12/site-packages/airflow/example_dags/example_branch_day_of_week_operator.py for tasks to queue
[2026-02-14T16:05:59.745+0000] {logging_mixin.py:188} INFO - [2026-02-14T16:05:59.744+0000] {dagbag.py:545} INFO - Filling up the DagBag from /home/airflow/.local/lib/python3.12/site-packages/airflow/example_dags/example_branch_day_of_week_operator.py
[2026-02-14T16:05:59.748+0000] {processor.py:840} INFO - DAG(s) 'example_weekday_branch_operator' retrieved from /home/airflow/.local/lib/python3.12/site-packages/airflow/example_dags/example_branch_day_of_week_operator.py
[2026-02-14T16:05:59.757+0000] {logging_mixin.py:188} INFO - [2026-02-14T16:05:59.757+0000] {dag.py:3089} INFO - Sync 1 DAGs
[2026-02-14T16:05:59.766+0000] {logging_mixin.py:188} INFO - [2026-02-14T16:05:59.766+0000] {dag.py:3947} INFO - Setting next_dagrun for example_weekday_branch_operator to 2026-02-13 00:00:00+00:00, run_after=2026-02-14 00:00:00+00:00
[2026-02-14T16:05:59.776+0000] {processor.py:183} INFO - Processing /home/airflow/.local/lib/python3.12/site-packages/airflow/example_dags/example_branch_day_of_week_operator.py took 0.036 seconds
[2026-02-14T16:06:30.209+0000] {processor.py:161} INFO - Started process (PID=2368) to work on /home/airflow/.local/lib/python3.12/site-packages/airflow/example_dags/example_branch_day_of_week_operator.py
[2026-02-14T16:06:30.210+0000] {processor.py:830} INFO - Processing file /home/airflow/.local/lib/python3.12/site-packages/airflow/example_dags/example_branch_day_of_week_operator.py for tasks to queue
[2026-02-14T16:06:30.211+0000] {logging_mixin.py:188} INFO - [2026-02-14T16:06:30.211+0000] {dagbag.py:545} INFO - Filling up the DagBag from /home/airflow/.local/lib/python3.12/site-packages/airflow/example_dags/example_branch_day_of_week_operator.py
[2026-02-14T16:06:30.215+0000] {processor.py:840} INFO - DAG(s) 'example_weekday_branch_operator' retrieved from /home/airflow/.local/lib/python3.12/site-packages/airflow/example_dags/example_branch_day_of_week_operator.py
[2026-02-14T16:06:30.226+0000] {logging_mixin.py:188} INFO - [2026-02-14T16:06:30.226+0000] {dag.py:3089} INFO - Sync 1 DAGs
[2026-02-14T16:06:30.237+0000] {logging_mixin.py:188} INFO - [2026-02-14T16:06:30.237+0000] {dag.py:3947} INFO - Setting next_dagrun for example_weekday_branch_operator to 2026-02-13 00:00:00+00:00, run_after=2026-02-14 00:00:00+00:00
[2026-02-14T16:06:30.248+0000] {processor.py:183} INFO - Processing /home/airflow/.local/lib/python3.12/site-packages/airflow/example_dags/example_branch_day_of_week_operator.py took 0.042 seconds
[2026-02-14T16:07:01.134+0000] {processor.py:161} INFO - Started process (PID=2427) to work on /home/airflow/.local/lib/python3.12/site-packages/airflow/example_dags/example_branch_day_of_week_operator.py
[2026-02-14T16:07:01.135+0000] {processor.py:830} INFO - Processing file /home/airflow/.local/lib/python3.12/site-packages/airflow/example_dags/example_branch_day_of_week_operator.py for tasks to queue
[2026-02-14T16:07:01.136+0000] {logging_mixin.py:188} INFO - [2026-02-14T16:07:01.136+0000] {dagbag.py:545} INFO - Filling up the DagBag from /home/airflow/.local/lib/python3.12/site-packages/airflow/example_dags/example_branch_day_of_week_operator.py
[2026-02-14T16:07:01.139+0000] {processor.py:840} INFO - DAG(s) 'example_weekday_branch_operator' retrieved from /home/airflow/.local/lib/python3.12/site-packages/airflow/example_dags/example_branch_day_of_week_operator.py
[2026-02-14T16:07:01.147+0000] {logging_mixin.py:188} INFO - [2026-02-14T16:07:01.147+0000] {dag.py:3089} INFO - Sync 1 DAGs
[2026-02-14T16:07:01.156+0000] {logging_mixin.py:188} INFO - [2026-02-14T16:07:01.155+0000] {dag.py:3947} INFO - Setting next_dagrun for example_weekday_branch_operator to 2026-02-13 00:00:00+00:00, run_after=2026-02-14 00:00:00+00:00
[2026-02-14T16:07:01.165+0000] {processor.py:183} INFO - Processing /home/airflow/.local/lib/python3.12/site-packages/airflow/example_dags/example_branch_day_of_week_operator.py took 0.034 seconds
[2026-02-14T16:07:31.759+0000] {processor.py:161} INFO - Started process (PID=2486) to work on /home/airflow/.local/lib/python3.12/site-packages/airflow/example_dags/example_branch_day_of_week_operator.py
[2026-02-14T16:07:31.759+0000] {processor.py:830} INFO - Processing file /home/airflow/.local/lib/python3.12/site-packages/airflow/example_dags/example_branch_day_of_week_operator.py for tasks to queue
[2026-02-14T16:07:31.760+0000] {logging_mixin.py:188} INFO - [2026-02-14T16:07:31.760+0000] {dagbag.py:545} INFO - Filling up the DagBag from /home/airflow/.local/lib/python3.12/site-packages/airflow/example_dags/example_branch_day_of_week_operator.py
[2026-02-14T16:07:31.763+0000] {processor.py:840} INFO - DAG(s) 'example_weekday_branch_operator' retrieved from /home/airflow/.local/lib/python3.12/site-packages/airflow/example_dags/example_branch_day_of_week_operator.py
[2026-02-14T16:07:31.772+0000] {logging_mixin.py:188} INFO - [2026-02-14T16:07:31.772+0000] {dag.py:3089} INFO - Sync 1 DAGs
[2026-02-14T16:07:31.780+0000] {logging_mixin.py:188} INFO - [2026-02-14T16:07:31.780+0000] {dag.py:3947} INFO - Setting next_dagrun for example_weekday_branch_operator to 2026-02-13 00:00:00+00:00, run_after=2026-02-14 00:00:00+00:00
[2026-02-14T16:07:31.789+0000] {processor.py:183} INFO - Processing /home/airflow/.local/lib/python3.12/site-packages/airflow/example_dags/example_branch_day_of_week_operator.py took 0.033 seconds
[2026-02-14T16:08:02.512+0000] {processor.py:161} INFO - Started process (PID=2545) to work on /home/airflow/.local/lib/python3.12/site-packages/airflow/example_dags/example_branch_day_of_week_operator.py
[2026-02-14T16:08:02.513+0000] {processor.py:830} INFO - Processing file /home/airflow/.local/lib/python3.12/site-packages/airflow/example_dags/example_branch_day_of_week_operator.py for tasks to queue
[2026-02-14T16:08:02.514+0000] {logging_mixin.py:188} INFO - [2026-02-14T16:08:02.514+0000] {dagbag.py:545} INFO - Filling up the DagBag from /home/airflow/.local/lib/python3.12/site-packages/airflow/example_dags/example_branch_day_of_week_operator.py
[2026-02-14T16:08:02.517+0000] {processor.py:840} INFO - DAG(s) 'example_weekday_branch_operator' retrieved from /home/airflow/.local/lib/python3.12/site-packages/airflow/example_dags/example_branch_day_of_week_operator.py
[2026-02-14T16:08:02.527+0000] {logging_mixin.py:188} INFO - [2026-02-14T16:08:02.527+0000] {dag.py:3089} INFO - Sync 1 DAGs
[2026-02-14T16:08:02.536+0000] {logging_mixin.py:188} INFO - [2026-02-14T16:08:02.536+0000] {dag.py:3947} INFO - Setting next_dagrun for example_weekday_branch_operator to 2026-02-13 00:00:00+00:00, run_after=2026-02-14 00:00:00+00:00
[2026-02-14T16:08:02.546+0000] {processor.py:183} INFO - Processing /home/airflow/.local/lib/python3.12/site-packages/airflow/example_dags/example_branch_day_of_week_operator.py took 0.036 seconds
[2026-02-14T16:08:32.972+0000] {processor.py:161} INFO - Started process (PID=2604) to work on /home/airflow/.local/lib/python3.12/site-packages/airflow/example_dags/example_branch_day_of_week_operator.py
[2026-02-14T16:08:32.973+0000] {processor.py:830} INFO - Processing file /home/airflow/.local/lib/python3.12/site-packages/airflow/example_dags/example_branch_day_of_week_operator.py for tasks to queue
[2026-02-14T16:08:32.973+0000] {logging_mixin.py:188} INFO - [2026-02-14T16:08:32.973+0000] {dagbag.py:545} INFO - Filling up the DagBag from /home/airflow/.local/lib/python3.12/site-packages/airflow/example_dags/example_branch_day_of_week_operator.py
[2026-02-14T16:08:32.976+0000] {processor.py:840} INFO - DAG(s) 'example_weekday_branch_operator' retrieved from /home/airflow/.local/lib/python3.12/site-packages/airflow/example_dags/example_branch_day_of_week_operator.py
[2026-02-14T16:08:32.985+0000] {logging_mixin.py:188} INFO - [2026-02-14T16:08:32.985+0000] {dag.py:3089} INFO - Sync 1 DAGs
[2026-02-14T16:08:32.993+0000] {logging_mixin.py:188} INFO - [2026-02-14T16:08:32.993+0000] {dag.py:3947} INFO - Setting next_dagrun for example_weekday_branch_operator to 2026-02-13 00:00:00+00:00, run_after=2026-02-14 00:00:00+00:00
[2026-02-14T16:08:33.002+0000] {processor.py:183} INFO - Processing /home/airflow/.local/lib/python3.12/site-packages/airflow/example_dags/example_branch_day_of_week_operator.py took 0.032 seconds
[2026-02-14T16:09:03.433+0000] {processor.py:161} INFO - Started process (PID=2663) to work on /home/airflow/.local/lib/python3.12/site-packages/airflow/example_dags/example_branch_day_of_week_operator.py
[2026-02-14T16:09:03.433+0000] {processor.py:830} INFO - Processing file /home/airflow/.local/lib/python3.12/site-packages/airflow/example_dags/example_branch_day_of_week_operator.py for tasks to queue
[2026-02-14T16:09:03.434+0000] {logging_mixin.py:188} INFO - [2026-02-14T16:09:03.434+0000] {dagbag.py:545} INFO - Filling up the DagBag from /home/airflow/.local/lib/python3.12/site-packages/airflow/example_dags/example_branch_day_of_week_operator.py
[2026-02-14T16:09:03.437+0000] {processor.py:840} INFO - DAG(s) 'example_weekday_branch_operator' retrieved from /home/airflow/.local/lib/python3.12/site-packages/airflow/example_dags/example_branch_day_of_week_operator.py
[2026-02-14T16:09:03.447+0000] {logging_mixin.py:188} INFO - [2026-02-14T16:09:03.447+0000] {dag.py:3089} INFO - Sync 1 DAGs
[2026-02-14T16:09:03.456+0000] {logging_mixin.py:188} INFO - [2026-02-14T16:09:03.456+0000] {dag.py:3947} INFO - Setting next_dagrun for example_weekday_branch_operator to 2026-02-13 00:00:00+00:00, run_after=2026-02-14 00:00:00+00:00
[2026-02-14T16:09:03.464+0000] {processor.py:183} INFO - Processing /home/airflow/.local/lib/python3.12/site-packages/airflow/example_dags/example_branch_day_of_week_operator.py took 0.033 seconds
[2026-02-14T16:09:33.853+0000] {processor.py:161} INFO - Started process (PID=2722) to work on /home/airflow/.local/lib/python3.12/site-packages/airflow/example_dags/example_branch_day_of_week_operator.py
[2026-02-14T16:09:33.853+0000] {processor.py:830} INFO - Processing file /home/airflow/.local/lib/python3.12/site-packages/airflow/example_dags/example_branch_day_of_week_operator.py for tasks to queue
[2026-02-14T16:09:33.854+0000] {logging_mixin.py:188} INFO - [2026-02-14T16:09:33.854+0000] {dagbag.py:545} INFO - Filling up the DagBag from /home/airflow/.local/lib/python3.12/site-packages/airflow/example_dags/example_branch_day_of_week_operator.py
[2026-02-14T16:09:33.857+0000] {processor.py:840} INFO - DAG(s) 'example_weekday_branch_operator' retrieved from /home/airflow/.local/lib/python3.12/site-packages/airflow/example_dags/example_branch_day_of_week_operator.py
[2026-02-14T16:09:33.866+0000] {logging_mixin.py:188} INFO - [2026-02-14T16:09:33.865+0000] {dag.py:3089} INFO - Sync 1 DAGs
[2026-02-14T16:09:33.875+0000] {logging_mixin.py:188} INFO - [2026-02-14T16:09:33.875+0000] {dag.py:3947} INFO - Setting next_dagrun for example_weekday_branch_operator to 2026-02-13 00:00:00+00:00, run_after=2026-02-14 00:00:00+00:00
[2026-02-14T16:09:33.882+0000] {processor.py:183} INFO - Processing /home/airflow/.local/lib/python3.12/site-packages/airflow/example_dags/example_branch_day_of_week_operator.py took 0.031 seconds
[2026-02-14T16:10:04.120+0000] {processor.py:161} INFO - Started process (PID=2781) to work on /home/airflow/.local/lib/python3.12/site-packages/airflow/example_dags/example_branch_day_of_week_operator.py
[2026-02-14T16:10:04.121+0000] {processor.py:830} INFO - Processing file /home/airflow/.local/lib/python3.12/site-packages/airflow/example_dags/example_branch_day_of_week_operator.py for tasks to queue
[2026-02-14T16:10:04.122+0000] {logging_mixin.py:188} INFO - [2026-02-14T16:10:04.122+0000] {dagbag.py:545} INFO - Filling up the DagBag from /home/airflow/.local/lib/python3.12/site-packages/airflow/example_dags/example_branch_day_of_week_operator.py
[2026-02-14T16:10:04.125+0000] {processor.py:840} INFO - DAG(s) 'example_weekday_branch_operator' retrieved from /home/airflow/.local/lib/python3.12/site-packages/airflow/example_dags/example_branch_day_of_week_operator.py
[2026-02-14T16:10:04.133+0000] {logging_mixin.py:188} INFO - [2026-02-14T16:10:04.133+0000] {dag.py:3089} INFO - Sync 1 DAGs
[2026-02-14T16:10:04.142+0000] {logging_mixin.py:188} INFO - [2026-02-14T16:10:04.142+0000] {dag.py:3947} INFO - Setting next_dagrun for example_weekday_branch_operator to 2026-02-13 00:00:00+00:00, run_after=2026-02-14 00:00:00+00:00
[2026-02-14T16:10:04.147+0000] {processor.py:183} INFO - Processing /home/airflow/.local/lib/python3.12/site-packages/airflow/example_dags/example_branch_day_of_week_operator.py took 0.029 seconds
[2026-02-14T16:10:34.739+0000] {processor.py:161} INFO - Started process (PID=2839) to work on /home/airflow/.local/lib/python3.12/site-packages/airflow/example_dags/example_branch_day_of_week_operator.py
[2026-02-14T16:10:34.739+0000] {processor.py:830} INFO - Processing file /home/airflow/.local/lib/python3.12/site-packages/airflow/example_dags/example_branch_day_of_week_operator.py for tasks to queue
[2026-02-14T16:10:34.740+0000] {logging_mixin.py:188} INFO - [2026-02-14T16:10:34.740+0000] {dagbag.py:545} INFO - Filling up the DagBag from /home/airflow/.local/lib/python3.12/site-packages/airflow/example_dags/example_branch_day_of_week_operator.py
[2026-02-14T16:10:34.745+0000] {processor.py:840} INFO - DAG(s) 'example_weekday_branch_operator' retrieved from /home/airflow/.local/lib/python3.12/site-packages/airflow/example_dags/example_branch_day_of_week_operator.py
[2026-02-14T16:10:34.760+0000] {logging_mixin.py:188} INFO - [2026-02-14T16:10:34.760+0000] {dag.py:3089} INFO - Sync 1 DAGs
[2026-02-14T16:10:34.773+0000] {logging_mixin.py:188} INFO - [2026-02-14T16:10:34.773+0000] {dag.py:3947} INFO - Setting next_dagrun for example_weekday_branch_operator to 2026-02-13 00:00:00+00:00, run_after=2026-02-14 00:00:00+00:00
[2026-02-14T16:10:34.781+0000] {processor.py:183} INFO - Processing /home/airflow/.local/lib/python3.12/site-packages/airflow/example_dags/example_branch_day_of_week_operator.py took 0.046 seconds
[2026-02-14T16:11:05.689+0000] {processor.py:161} INFO - Started process (PID=2898) to work on /home/airflow/.local/lib/python3.12/site-packages/airflow/example_dags/example_branch_day_of_week_operator.py
[2026-02-14T16:11:05.690+0000] {processor.py:830} INFO - Processing file /home/airflow/.local/lib/python3.12/site-packages/airflow/example_dags/example_branch_day_of_week_operator.py for tasks to queue
[2026-02-14T16:11:05.695+0000] {logging_mixin.py:188} INFO - [2026-02-14T16:11:05.695+0000] {dagbag.py:545} INFO - Filling up the DagBag from /home/airflow/.local/lib/python3.12/site-packages/airflow/example_dags/example_branch_day_of_week_operator.py
[2026-02-14T16:11:05.718+0000] {processor.py:840} INFO - DAG(s) 'example_weekday_branch_operator' retrieved from /home/airflow/.local/lib/python3.12/site-packages/airflow/example_dags/example_branch_day_of_week_operator.py
[2026-02-14T16:11:05.741+0000] {logging_mixin.py:188} INFO - [2026-02-14T16:11:05.741+0000] {dag.py:3089} INFO - Sync 1 DAGs
[2026-02-14T16:11:05.759+0000] {logging_mixin.py:188} INFO - [2026-02-14T16:11:05.758+0000] {dag.py:3947} INFO - Setting next_dagrun for example_weekday_branch_operator to 2026-02-13 00:00:00+00:00, run_after=2026-02-14 00:00:00+00:00
[2026-02-14T16:11:05.774+0000] {processor.py:183} INFO - Processing /home/airflow/.local/lib/python3.12/site-packages/airflow/example_dags/example_branch_day_of_week_operator.py took 0.091 seconds
[2026-02-14T16:11:35.809+0000] {processor.py:161} INFO - Started process (PID=2957) to work on /home/airflow/.local/lib/python3.12/site-packages/airflow/example_dags/example_branch_day_of_week_operator.py
[2026-02-14T16:11:35.812+0000] {processor.py:830} INFO - Processing file /home/airflow/.local/lib/python3.12/site-packages/airflow/example_dags/example_branch_day_of_week_operator.py for tasks to queue
[2026-02-14T16:11:35.813+0000] {logging_mixin.py:188} INFO - [2026-02-14T16:11:35.812+0000] {dagbag.py:545} INFO - Filling up the DagBag from /home/airflow/.local/lib/python3.12/site-packages/airflow/example_dags/example_branch_day_of_week_operator.py
[2026-02-14T16:11:35.817+0000] {processor.py:840} INFO - DAG(s) 'example_weekday_branch_operator' retrieved from /home/airflow/.local/lib/python3.12/site-packages/airflow/example_dags/example_branch_day_of_week_operator.py
[2026-02-14T16:11:35.841+0000] {logging_mixin.py:188} INFO - [2026-02-14T16:11:35.841+0000] {dag.py:3089} INFO - Sync 1 DAGs
[2026-02-14T16:11:35.859+0000] {logging_mixin.py:188} INFO - [2026-02-14T16:11:35.859+0000] {dag.py:3947} INFO - Setting next_dagrun for example_weekday_branch_operator to 2026-02-13 00:00:00+00:00, run_after=2026-02-14 00:00:00+00:00
[2026-02-14T16:11:35.870+0000] {processor.py:183} INFO - Processing /home/airflow/.local/lib/python3.12/site-packages/airflow/example_dags/example_branch_day_of_week_operator.py took 0.063 seconds
[2026-02-14T16:12:05.914+0000] {processor.py:161} INFO - Started process (PID=3016) to work on /home/airflow/.local/lib/python3.12/site-packages/airflow/example_dags/example_branch_day_of_week_operator.py
[2026-02-14T16:12:05.914+0000] {processor.py:830} INFO - Processing file /home/airflow/.local/lib/python3.12/site-packages/airflow/example_dags/example_branch_day_of_week_operator.py for tasks to queue
[2026-02-14T16:12:05.915+0000] {logging_mixin.py:188} INFO - [2026-02-14T16:12:05.915+0000] {dagbag.py:545} INFO - Filling up the DagBag from /home/airflow/.local/lib/python3.12/site-packages/airflow/example_dags/example_branch_day_of_week_operator.py
[2026-02-14T16:12:05.919+0000] {processor.py:840} INFO - DAG(s) 'example_weekday_branch_operator' retrieved from /home/airflow/.local/lib/python3.12/site-packages/airflow/example_dags/example_branch_day_of_week_operator.py
[2026-02-14T16:12:05.927+0000] {logging_mixin.py:188} INFO - [2026-02-14T16:12:05.926+0000] {dag.py:3089} INFO - Sync 1 DAGs
[2026-02-14T16:12:05.934+0000] {logging_mixin.py:188} INFO - [2026-02-14T16:12:05.934+0000] {dag.py:3947} INFO - Setting next_dagrun for example_weekday_branch_operator to 2026-02-13 00:00:00+00:00, run_after=2026-02-14 00:00:00+00:00
[2026-02-14T16:12:05.939+0000] {processor.py:183} INFO - Processing /home/airflow/.local/lib/python3.12/site-packages/airflow/example_dags/example_branch_day_of_week_operator.py took 0.028 seconds
[2026-02-14T16:12:36.453+0000] {processor.py:161} INFO - Started process (PID=3075) to work on /home/airflow/.local/lib/python3.12/site-packages/airflow/example_dags/example_branch_day_of_week_operator.py
[2026-02-14T16:12:36.454+0000] {processor.py:830} INFO - Processing file /home/airflow/.local/lib/python3.12/site-packages/airflow/example_dags/example_branch_day_of_week_operator.py for tasks to queue
[2026-02-14T16:12:36.457+0000] {logging_mixin.py:188} INFO - [2026-02-14T16:12:36.457+0000] {dagbag.py:545} INFO - Filling up the DagBag from /home/airflow/.local/lib/python3.12/site-packages/airflow/example_dags/example_branch_day_of_week_operator.py
[2026-02-14T16:12:36.463+0000] {processor.py:840} INFO - DAG(s) 'example_weekday_branch_operator' retrieved from /home/airflow/.local/lib/python3.12/site-packages/airflow/example_dags/example_branch_day_of_week_operator.py
[2026-02-14T16:12:36.481+0000] {logging_mixin.py:188} INFO - [2026-02-14T16:12:36.481+0000] {dag.py:3089} INFO - Sync 1 DAGs
[2026-02-14T16:12:36.503+0000] {logging_mixin.py:188} INFO - [2026-02-14T16:12:36.502+0000] {dag.py:3947} INFO - Setting next_dagrun for example_weekday_branch_operator to 2026-02-13 00:00:00+00:00, run_after=2026-02-14 00:00:00+00:00
[2026-02-14T16:12:36.517+0000] {processor.py:183} INFO - Processing /home/airflow/.local/lib/python3.12/site-packages/airflow/example_dags/example_branch_day_of_week_operator.py took 0.071 seconds
[2026-02-14T16:13:06.790+0000] {processor.py:161} INFO - Started process (PID=3134) to work on /home/airflow/.local/lib/python3.12/site-packages/airflow/example_dags/example_branch_day_of_week_operator.py
[2026-02-14T16:13:06.790+0000] {processor.py:830} INFO - Processing file /home/airflow/.local/lib/python3.12/site-packages/airflow/example_dags/example_branch_day_of_week_operator.py for tasks to queue
[2026-02-14T16:13:06.791+0000] {logging_mixin.py:188} INFO - [2026-02-14T16:13:06.791+0000] {dagbag.py:545} INFO - Filling up the DagBag from /home/airflow/.local/lib/python3.12/site-packages/airflow/example_dags/example_branch_day_of_week_operator.py
[2026-02-14T16:13:06.795+0000] {processor.py:840} INFO - DAG(s) 'example_weekday_branch_operator' retrieved from /home/airflow/.local/lib/python3.12/site-packages/airflow/example_dags/example_branch_day_of_week_operator.py
[2026-02-14T16:13:06.804+0000] {logging_mixin.py:188} INFO - [2026-02-14T16:13:06.803+0000] {dag.py:3089} INFO - Sync 1 DAGs
[2026-02-14T16:13:06.813+0000] {logging_mixin.py:188} INFO - [2026-02-14T16:13:06.813+0000] {dag.py:3947} INFO - Setting next_dagrun for example_weekday_branch_operator to 2026-02-13 00:00:00+00:00, run_after=2026-02-14 00:00:00+00:00
[2026-02-14T16:13:06.819+0000] {processor.py:183} INFO - Processing /home/airflow/.local/lib/python3.12/site-packages/airflow/example_dags/example_branch_day_of_week_operator.py took 0.032 seconds
[2026-02-14T16:13:37.061+0000] {processor.py:161} INFO - Started process (PID=3193) to work on /home/airflow/.local/lib/python3.12/site-packages/airflow/example_dags/example_branch_day_of_week_operator.py
[2026-02-14T16:13:37.061+0000] {processor.py:830} INFO - Processing file /home/airflow/.local/lib/python3.12/site-packages/airflow/example_dags/example_branch_day_of_week_operator.py for tasks to queue
[2026-02-14T16:13:37.062+0000] {logging_mixin.py:188} INFO - [2026-02-14T16:13:37.062+0000] {dagbag.py:545} INFO - Filling up the DagBag from /home/airflow/.local/lib/python3.12/site-packages/airflow/example_dags/example_branch_day_of_week_operator.py
[2026-02-14T16:13:37.065+0000] {processor.py:840} INFO - DAG(s) 'example_weekday_branch_operator' retrieved from /home/airflow/.local/lib/python3.12/site-packages/airflow/example_dags/example_branch_day_of_week_operator.py
[2026-02-14T16:13:37.073+0000] {logging_mixin.py:188} INFO - [2026-02-14T16:13:37.073+0000] {dag.py:3089} INFO - Sync 1 DAGs
[2026-02-14T16:13:37.081+0000] {logging_mixin.py:188} INFO - [2026-02-14T16:13:37.081+0000] {dag.py:3947} INFO - Setting next_dagrun for example_weekday_branch_operator to 2026-02-13 00:00:00+00:00, run_after=2026-02-14 00:00:00+00:00
[2026-02-14T16:13:37.088+0000] {processor.py:183} INFO - Processing /home/airflow/.local/lib/python3.12/site-packages/airflow/example_dags/example_branch_day_of_week_operator.py took 0.029 seconds
[2026-02-14T16:14:07.840+0000] {processor.py:161} INFO - Started process (PID=3252) to work on /home/airflow/.local/lib/python3.12/site-packages/airflow/example_dags/example_branch_day_of_week_operator.py
[2026-02-14T16:14:07.841+0000] {processor.py:830} INFO - Processing file /home/airflow/.local/lib/python3.12/site-packages/airflow/example_dags/example_branch_day_of_week_operator.py for tasks to queue
[2026-02-14T16:14:07.843+0000] {logging_mixin.py:188} INFO - [2026-02-14T16:14:07.843+0000] {dagbag.py:545} INFO - Filling up the DagBag from /home/airflow/.local/lib/python3.12/site-packages/airflow/example_dags/example_branch_day_of_week_operator.py
[2026-02-14T16:14:07.848+0000] {processor.py:840} INFO - DAG(s) 'example_weekday_branch_operator' retrieved from /home/airflow/.local/lib/python3.12/site-packages/airflow/example_dags/example_branch_day_of_week_operator.py
[2026-02-14T16:14:07.863+0000] {logging_mixin.py:188} INFO - [2026-02-14T16:14:07.863+0000] {dag.py:3089} INFO - Sync 1 DAGs
[2026-02-14T16:14:07.876+0000] {logging_mixin.py:188} INFO - [2026-02-14T16:14:07.876+0000] {dag.py:3947} INFO - Setting next_dagrun for example_weekday_branch_operator to 2026-02-13 00:00:00+00:00, run_after=2026-02-14 00:00:00+00:00
[2026-02-14T16:14:07.890+0000] {processor.py:183} INFO - Processing /home/airflow/.local/lib/python3.12/site-packages/airflow/example_dags/example_branch_day_of_week_operator.py took 0.054 seconds
[2026-02-14T16:14:38.059+0000] {processor.py:161} INFO - Started process (PID=3311) to work on /home/airflow/.local/lib/python3.12/site-packages/airflow/example_dags/example_branch_day_of_week_operator.py
[2026-02-14T16:14:38.059+0000] {processor.py:830} INFO - Processing file /home/airflow/.local/lib/python3.12/site-packages/airflow/example_dags/example_branch_day_of_week_operator.py for tasks to queue
[2026-02-14T16:14:38.060+0000] {logging_mixin.py:188} INFO - [2026-02-14T16:14:38.060+0000] {dagbag.py:545} INFO - Filling up the DagBag from /home/airflow/.local/lib/python3.12/site-packages/airflow/example_dags/example_branch_day_of_week_operator.py
[2026-02-14T16:14:38.064+0000] {processor.py:840} INFO - DAG(s) 'example_weekday_branch_operator' retrieved from /home/airflow/.local/lib/python3.12/site-packages/airflow/example_dags/example_branch_day_of_week_operator.py
[2026-02-14T16:14:38.074+0000] {logging_mixin.py:188} INFO - [2026-02-14T16:14:38.074+0000] {dag.py:3089} INFO - Sync 1 DAGs
[2026-02-14T16:14:38.086+0000] {logging_mixin.py:188} INFO - [2026-02-14T16:14:38.086+0000] {dag.py:3947} INFO - Setting next_dagrun for example_weekday_branch_operator to 2026-02-13 00:00:00+00:00, run_after=2026-02-14 00:00:00+00:00
[2026-02-14T16:14:38.093+0000] {processor.py:183} INFO - Processing /home/airflow/.local/lib/python3.12/site-packages/airflow/example_dags/example_branch_day_of_week_operator.py took 0.038 seconds
[2026-02-14T16:15:09.047+0000] {processor.py:161} INFO - Started process (PID=3370) to work on /home/airflow/.local/lib/python3.12/site-packages/airflow/example_dags/example_branch_day_of_week_operator.py
[2026-02-14T16:15:09.048+0000] {processor.py:830} INFO - Processing file /home/airflow/.local/lib/python3.12/site-packages/airflow/example_dags/example_branch_day_of_week_operator.py for tasks to queue
[2026-02-14T16:15:09.049+0000] {logging_mixin.py:188} INFO - [2026-02-14T16:15:09.049+0000] {dagbag.py:545} INFO - Filling up the DagBag from /home/airflow/.local/lib/python3.12/site-packages/airflow/example_dags/example_branch_day_of_week_operator.py
[2026-02-14T16:15:09.053+0000] {processor.py:840} INFO - DAG(s) 'example_weekday_branch_operator' retrieved from /home/airflow/.local/lib/python3.12/site-packages/airflow/example_dags/example_branch_day_of_week_operator.py
[2026-02-14T16:15:09.062+0000] {logging_mixin.py:188} INFO - [2026-02-14T16:15:09.062+0000] {dag.py:3089} INFO - Sync 1 DAGs
[2026-02-14T16:15:09.076+0000] {logging_mixin.py:188} INFO - [2026-02-14T16:15:09.076+0000] {dag.py:3947} INFO - Setting next_dagrun for example_weekday_branch_operator to 2026-02-13 00:00:00+00:00, run_after=2026-02-14 00:00:00+00:00
[2026-02-14T16:15:09.087+0000] {processor.py:183} INFO - Processing /home/airflow/.local/lib/python3.12/site-packages/airflow/example_dags/example_branch_day_of_week_operator.py took 0.043 seconds
[2026-02-14T16:15:39.663+0000] {processor.py:161} INFO - Started process (PID=3429) to work on /home/airflow/.local/lib/python3.12/site-packages/airflow/example_dags/example_branch_day_of_week_operator.py
[2026-02-14T16:15:39.665+0000] {processor.py:830} INFO - Processing file /home/airflow/.local/lib/python3.12/site-packages/airflow/example_dags/example_branch_day_of_week_operator.py for tasks to queue
[2026-02-14T16:15:39.667+0000] {logging_mixin.py:188} INFO - [2026-02-14T16:15:39.666+0000] {dagbag.py:545} INFO - Filling up the DagBag from /home/airflow/.local/lib/python3.12/site-packages/airflow/example_dags/example_branch_day_of_week_operator.py
[2026-02-14T16:15:39.670+0000] {processor.py:840} INFO - DAG(s) 'example_weekday_branch_operator' retrieved from /home/airflow/.local/lib/python3.12/site-packages/airflow/example_dags/example_branch_day_of_week_operator.py
[2026-02-14T16:15:39.681+0000] {logging_mixin.py:188} INFO - [2026-02-14T16:15:39.681+0000] {dag.py:3089} INFO - Sync 1 DAGs
[2026-02-14T16:15:39.693+0000] {logging_mixin.py:188} INFO - [2026-02-14T16:15:39.693+0000] {dag.py:3947} INFO - Setting next_dagrun for example_weekday_branch_operator to 2026-02-13 00:00:00+00:00, run_after=2026-02-14 00:00:00+00:00
[2026-02-14T16:15:39.705+0000] {processor.py:183} INFO - Processing /home/airflow/.local/lib/python3.12/site-packages/airflow/example_dags/example_branch_day_of_week_operator.py took 0.048 seconds
[2026-02-14T16:16:09.783+0000] {processor.py:161} INFO - Started process (PID=3488) to work on /home/airflow/.local/lib/python3.12/site-packages/airflow/example_dags/example_branch_day_of_week_operator.py
[2026-02-14T16:16:09.784+0000] {processor.py:830} INFO - Processing file /home/airflow/.local/lib/python3.12/site-packages/airflow/example_dags/example_branch_day_of_week_operator.py for tasks to queue
[2026-02-14T16:16:09.785+0000] {logging_mixin.py:188} INFO - [2026-02-14T16:16:09.785+0000] {dagbag.py:545} INFO - Filling up the DagBag from /home/airflow/.local/lib/python3.12/site-packages/airflow/example_dags/example_branch_day_of_week_operator.py
[2026-02-14T16:16:09.789+0000] {processor.py:840} INFO - DAG(s) 'example_weekday_branch_operator' retrieved from /home/airflow/.local/lib/python3.12/site-packages/airflow/example_dags/example_branch_day_of_week_operator.py
[2026-02-14T16:16:09.803+0000] {logging_mixin.py:188} INFO - [2026-02-14T16:16:09.803+0000] {dag.py:3089} INFO - Sync 1 DAGs
[2026-02-14T16:16:09.821+0000] {logging_mixin.py:188} INFO - [2026-02-14T16:16:09.820+0000] {dag.py:3947} INFO - Setting next_dagrun for example_weekday_branch_operator to 2026-02-13 00:00:00+00:00, run_after=2026-02-14 00:00:00+00:00
[2026-02-14T16:16:09.839+0000] {processor.py:183} INFO - Processing /home/airflow/.local/lib/python3.12/site-packages/airflow/example_dags/example_branch_day_of_week_operator.py took 0.059 seconds
[2026-02-14T16:16:40.335+0000] {processor.py:161} INFO - Started process (PID=3547) to work on /home/airflow/.local/lib/python3.12/site-packages/airflow/example_dags/example_branch_day_of_week_operator.py
[2026-02-14T16:16:40.336+0000] {processor.py:830} INFO - Processing file /home/airflow/.local/lib/python3.12/site-packages/airflow/example_dags/example_branch_day_of_week_operator.py for tasks to queue
[2026-02-14T16:16:40.337+0000] {logging_mixin.py:188} INFO - [2026-02-14T16:16:40.337+0000] {dagbag.py:545} INFO - Filling up the DagBag from /home/airflow/.local/lib/python3.12/site-packages/airflow/example_dags/example_branch_day_of_week_operator.py
[2026-02-14T16:16:40.341+0000] {processor.py:840} INFO - DAG(s) 'example_weekday_branch_operator' retrieved from /home/airflow/.local/lib/python3.12/site-packages/airflow/example_dags/example_branch_day_of_week_operator.py
[2026-02-14T16:16:40.353+0000] {logging_mixin.py:188} INFO - [2026-02-14T16:16:40.353+0000] {dag.py:3089} INFO - Sync 1 DAGs
[2026-02-14T16:16:40.365+0000] {logging_mixin.py:188} INFO - [2026-02-14T16:16:40.365+0000] {dag.py:3947} INFO - Setting next_dagrun for example_weekday_branch_operator to 2026-02-13 00:00:00+00:00, run_after=2026-02-14 00:00:00+00:00
[2026-02-14T16:16:40.374+0000] {processor.py:183} INFO - Processing /home/airflow/.local/lib/python3.12/site-packages/airflow/example_dags/example_branch_day_of_week_operator.py took 0.043 seconds
[2026-02-14T16:17:10.885+0000] {processor.py:161} INFO - Started process (PID=3606) to work on /home/airflow/.local/lib/python3.12/site-packages/airflow/example_dags/example_branch_day_of_week_operator.py
[2026-02-14T16:17:10.886+0000] {processor.py:830} INFO - Processing file /home/airflow/.local/lib/python3.12/site-packages/airflow/example_dags/example_branch_day_of_week_operator.py for tasks to queue
[2026-02-14T16:17:10.887+0000] {logging_mixin.py:188} INFO - [2026-02-14T16:17:10.887+0000] {dagbag.py:545} INFO - Filling up the DagBag from /home/airflow/.local/lib/python3.12/site-packages/airflow/example_dags/example_branch_day_of_week_operator.py
[2026-02-14T16:17:10.890+0000] {processor.py:840} INFO - DAG(s) 'example_weekday_branch_operator' retrieved from /home/airflow/.local/lib/python3.12/site-packages/airflow/example_dags/example_branch_day_of_week_operator.py
[2026-02-14T16:17:10.898+0000] {logging_mixin.py:188} INFO - [2026-02-14T16:17:10.898+0000] {dag.py:3089} INFO - Sync 1 DAGs
[2026-02-14T16:17:10.907+0000] {logging_mixin.py:188} INFO - [2026-02-14T16:17:10.907+0000] {dag.py:3947} INFO - Setting next_dagrun for example_weekday_branch_operator to 2026-02-13 00:00:00+00:00, run_after=2026-02-14 00:00:00+00:00
[2026-02-14T16:17:10.918+0000] {processor.py:183} INFO - Processing /home/airflow/.local/lib/python3.12/site-packages/airflow/example_dags/example_branch_day_of_week_operator.py took 0.035 seconds
[2026-02-14T16:17:41.563+0000] {processor.py:161} INFO - Started process (PID=3665) to work on /home/airflow/.local/lib/python3.12/site-packages/airflow/example_dags/example_branch_day_of_week_operator.py
[2026-02-14T16:17:41.564+0000] {processor.py:830} INFO - Processing file /home/airflow/.local/lib/python3.12/site-packages/airflow/example_dags/example_branch_day_of_week_operator.py for tasks to queue
[2026-02-14T16:17:41.565+0000] {logging_mixin.py:188} INFO - [2026-02-14T16:17:41.565+0000] {dagbag.py:545} INFO - Filling up the DagBag from /home/airflow/.local/lib/python3.12/site-packages/airflow/example_dags/example_branch_day_of_week_operator.py
[2026-02-14T16:17:41.568+0000] {processor.py:840} INFO - DAG(s) 'example_weekday_branch_operator' retrieved from /home/airflow/.local/lib/python3.12/site-packages/airflow/example_dags/example_branch_day_of_week_operator.py
[2026-02-14T16:17:41.579+0000] {logging_mixin.py:188} INFO - [2026-02-14T16:17:41.579+0000] {dag.py:3089} INFO - Sync 1 DAGs
[2026-02-14T16:17:41.591+0000] {logging_mixin.py:188} INFO - [2026-02-14T16:17:41.591+0000] {dag.py:3947} INFO - Setting next_dagrun for example_weekday_branch_operator to 2026-02-13 00:00:00+00:00, run_after=2026-02-14 00:00:00+00:00
[2026-02-14T16:17:41.601+0000] {processor.py:183} INFO - Processing /home/airflow/.local/lib/python3.12/site-packages/airflow/example_dags/example_branch_day_of_week_operator.py took 0.041 seconds
[2026-02-14T16:18:12.140+0000] {processor.py:161} INFO - Started process (PID=3724) to work on /home/airflow/.local/lib/python3.12/site-packages/airflow/example_dags/example_branch_day_of_week_operator.py
[2026-02-14T16:18:12.140+0000] {processor.py:830} INFO - Processing file /home/airflow/.local/lib/python3.12/site-packages/airflow/example_dags/example_branch_day_of_week_operator.py for tasks to queue
[2026-02-14T16:18:12.142+0000] {logging_mixin.py:188} INFO - [2026-02-14T16:18:12.141+0000] {dagbag.py:545} INFO - Filling up the DagBag from /home/airflow/.local/lib/python3.12/site-packages/airflow/example_dags/example_branch_day_of_week_operator.py
[2026-02-14T16:18:12.146+0000] {processor.py:840} INFO - DAG(s) 'example_weekday_branch_operator' retrieved from /home/airflow/.local/lib/python3.12/site-packages/airflow/example_dags/example_branch_day_of_week_operator.py
[2026-02-14T16:18:12.155+0000] {logging_mixin.py:188} INFO - [2026-02-14T16:18:12.155+0000] {dag.py:3089} INFO - Sync 1 DAGs
[2026-02-14T16:18:12.164+0000] {logging_mixin.py:188} INFO - [2026-02-14T16:18:12.164+0000] {dag.py:3947} INFO - Setting next_dagrun for example_weekday_branch_operator to 2026-02-13 00:00:00+00:00, run_after=2026-02-14 00:00:00+00:00
[2026-02-14T16:18:12.173+0000] {processor.py:183} INFO - Processing /home/airflow/.local/lib/python3.12/site-packages/airflow/example_dags/example_branch_day_of_week_operator.py took 0.037 seconds
[2026-02-14T16:18:42.897+0000] {processor.py:161} INFO - Started process (PID=3783) to work on /home/airflow/.local/lib/python3.12/site-packages/airflow/example_dags/example_branch_day_of_week_operator.py
[2026-02-14T16:18:42.898+0000] {processor.py:830} INFO - Processing file /home/airflow/.local/lib/python3.12/site-packages/airflow/example_dags/example_branch_day_of_week_operator.py for tasks to queue
[2026-02-14T16:18:42.901+0000] {logging_mixin.py:188} INFO - [2026-02-14T16:18:42.900+0000] {dagbag.py:545} INFO - Filling up the DagBag from /home/airflow/.local/lib/python3.12/site-packages/airflow/example_dags/example_branch_day_of_week_operator.py
[2026-02-14T16:18:42.909+0000] {processor.py:840} INFO - DAG(s) 'example_weekday_branch_operator' retrieved from /home/airflow/.local/lib/python3.12/site-packages/airflow/example_dags/example_branch_day_of_week_operator.py
[2026-02-14T16:18:42.936+0000] {logging_mixin.py:188} INFO - [2026-02-14T16:18:42.936+0000] {dag.py:3089} INFO - Sync 1 DAGs
[2026-02-14T16:18:42.970+0000] {logging_mixin.py:188} INFO - [2026-02-14T16:18:42.970+0000] {dag.py:3947} INFO - Setting next_dagrun for example_weekday_branch_operator to 2026-02-13 00:00:00+00:00, run_after=2026-02-14 00:00:00+00:00
[2026-02-14T16:18:42.984+0000] {processor.py:183} INFO - Processing /home/airflow/.local/lib/python3.12/site-packages/airflow/example_dags/example_branch_day_of_week_operator.py took 0.096 seconds
[2026-02-14T16:19:13.007+0000] {processor.py:161} INFO - Started process (PID=3848) to work on /home/airflow/.local/lib/python3.12/site-packages/airflow/example_dags/example_branch_day_of_week_operator.py
[2026-02-14T16:19:13.008+0000] {processor.py:830} INFO - Processing file /home/airflow/.local/lib/python3.12/site-packages/airflow/example_dags/example_branch_day_of_week_operator.py for tasks to queue
[2026-02-14T16:19:13.009+0000] {logging_mixin.py:188} INFO - [2026-02-14T16:19:13.009+0000] {dagbag.py:545} INFO - Filling up the DagBag from /home/airflow/.local/lib/python3.12/site-packages/airflow/example_dags/example_branch_day_of_week_operator.py
[2026-02-14T16:19:13.014+0000] {processor.py:840} INFO - DAG(s) 'example_weekday_branch_operator' retrieved from /home/airflow/.local/lib/python3.12/site-packages/airflow/example_dags/example_branch_day_of_week_operator.py
[2026-02-14T16:19:13.031+0000] {logging_mixin.py:188} INFO - [2026-02-14T16:19:13.030+0000] {dag.py:3089} INFO - Sync 1 DAGs
[2026-02-14T16:19:13.045+0000] {logging_mixin.py:188} INFO - [2026-02-14T16:19:13.045+0000] {dag.py:3947} INFO - Setting next_dagrun for example_weekday_branch_operator to 2026-02-13 00:00:00+00:00, run_after=2026-02-14 00:00:00+00:00
[2026-02-14T16:19:13.058+0000] {processor.py:183} INFO - Processing /home/airflow/.local/lib/python3.12/site-packages/airflow/example_dags/example_branch_day_of_week_operator.py took 0.056 seconds
[2026-02-14T16:19:43.947+0000] {processor.py:161} INFO - Started process (PID=3907) to work on /home/airflow/.local/lib/python3.12/site-packages/airflow/example_dags/example_branch_day_of_week_operator.py
[2026-02-14T16:19:43.948+0000] {processor.py:830} INFO - Processing file /home/airflow/.local/lib/python3.12/site-packages/airflow/example_dags/example_branch_day_of_week_operator.py for tasks to queue
[2026-02-14T16:19:43.949+0000] {logging_mixin.py:188} INFO - [2026-02-14T16:19:43.948+0000] {dagbag.py:545} INFO - Filling up the DagBag from /home/airflow/.local/lib/python3.12/site-packages/airflow/example_dags/example_branch_day_of_week_operator.py
[2026-02-14T16:19:43.952+0000] {processor.py:840} INFO - DAG(s) 'example_weekday_branch_operator' retrieved from /home/airflow/.local/lib/python3.12/site-packages/airflow/example_dags/example_branch_day_of_week_operator.py
[2026-02-14T16:19:43.963+0000] {logging_mixin.py:188} INFO - [2026-02-14T16:19:43.963+0000] {dag.py:3089} INFO - Sync 1 DAGs
[2026-02-14T16:19:43.976+0000] {logging_mixin.py:188} INFO - [2026-02-14T16:19:43.976+0000] {dag.py:3947} INFO - Setting next_dagrun for example_weekday_branch_operator to 2026-02-13 00:00:00+00:00, run_after=2026-02-14 00:00:00+00:00
[2026-02-14T16:19:43.987+0000] {processor.py:183} INFO - Processing /home/airflow/.local/lib/python3.12/site-packages/airflow/example_dags/example_branch_day_of_week_operator.py took 0.044 seconds
[2026-02-14T16:20:14.402+0000] {processor.py:161} INFO - Started process (PID=3966) to work on /home/airflow/.local/lib/python3.12/site-packages/airflow/example_dags/example_branch_day_of_week_operator.py
[2026-02-14T16:20:14.404+0000] {processor.py:830} INFO - Processing file /home/airflow/.local/lib/python3.12/site-packages/airflow/example_dags/example_branch_day_of_week_operator.py for tasks to queue
[2026-02-14T16:20:14.407+0000] {logging_mixin.py:188} INFO - [2026-02-14T16:20:14.407+0000] {dagbag.py:545} INFO - Filling up the DagBag from /home/airflow/.local/lib/python3.12/site-packages/airflow/example_dags/example_branch_day_of_week_operator.py
[2026-02-14T16:20:14.410+0000] {processor.py:840} INFO - DAG(s) 'example_weekday_branch_operator' retrieved from /home/airflow/.local/lib/python3.12/site-packages/airflow/example_dags/example_branch_day_of_week_operator.py
[2026-02-14T16:20:14.428+0000] {logging_mixin.py:188} INFO - [2026-02-14T16:20:14.428+0000] {dag.py:3089} INFO - Sync 1 DAGs
[2026-02-14T16:20:14.445+0000] {logging_mixin.py:188} INFO - [2026-02-14T16:20:14.445+0000] {dag.py:3947} INFO - Setting next_dagrun for example_weekday_branch_operator to 2026-02-13 00:00:00+00:00, run_after=2026-02-14 00:00:00+00:00
[2026-02-14T16:20:14.454+0000] {processor.py:183} INFO - Processing /home/airflow/.local/lib/python3.12/site-packages/airflow/example_dags/example_branch_day_of_week_operator.py took 0.054 seconds
[2026-02-14T16:20:44.696+0000] {processor.py:161} INFO - Started process (PID=4025) to work on /home/airflow/.local/lib/python3.12/site-packages/airflow/example_dags/example_branch_day_of_week_operator.py
[2026-02-14T16:20:44.697+0000] {processor.py:830} INFO - Processing file /home/airflow/.local/lib/python3.12/site-packages/airflow/example_dags/example_branch_day_of_week_operator.py for tasks to queue
[2026-02-14T16:20:44.697+0000] {logging_mixin.py:188} INFO - [2026-02-14T16:20:44.697+0000] {dagbag.py:545} INFO - Filling up the DagBag from /home/airflow/.local/lib/python3.12/site-packages/airflow/example_dags/example_branch_day_of_week_operator.py
[2026-02-14T16:20:44.701+0000] {processor.py:840} INFO - DAG(s) 'example_weekday_branch_operator' retrieved from /home/airflow/.local/lib/python3.12/site-packages/airflow/example_dags/example_branch_day_of_week_operator.py
[2026-02-14T16:20:44.712+0000] {logging_mixin.py:188} INFO - [2026-02-14T16:20:44.712+0000] {dag.py:3089} INFO - Sync 1 DAGs
[2026-02-14T16:20:44.726+0000] {logging_mixin.py:188} INFO - [2026-02-14T16:20:44.726+0000] {dag.py:3947} INFO - Setting next_dagrun for example_weekday_branch_operator to 2026-02-13 00:00:00+00:00, run_after=2026-02-14 00:00:00+00:00
[2026-02-14T16:20:44.738+0000] {processor.py:183} INFO - Processing /home/airflow/.local/lib/python3.12/site-packages/airflow/example_dags/example_branch_day_of_week_operator.py took 0.045 seconds
[2026-02-14T16:21:15.282+0000] {processor.py:161} INFO - Started process (PID=4084) to work on /home/airflow/.local/lib/python3.12/site-packages/airflow/example_dags/example_branch_day_of_week_operator.py
[2026-02-14T16:21:15.283+0000] {processor.py:830} INFO - Processing file /home/airflow/.local/lib/python3.12/site-packages/airflow/example_dags/example_branch_day_of_week_operator.py for tasks to queue
[2026-02-14T16:21:15.284+0000] {logging_mixin.py:188} INFO - [2026-02-14T16:21:15.284+0000] {dagbag.py:545} INFO - Filling up the DagBag from /home/airflow/.local/lib/python3.12/site-packages/airflow/example_dags/example_branch_day_of_week_operator.py
[2026-02-14T16:21:15.288+0000] {processor.py:840} INFO - DAG(s) 'example_weekday_branch_operator' retrieved from /home/airflow/.local/lib/python3.12/site-packages/airflow/example_dags/example_branch_day_of_week_operator.py
[2026-02-14T16:21:15.296+0000] {logging_mixin.py:188} INFO - [2026-02-14T16:21:15.296+0000] {dag.py:3089} INFO - Sync 1 DAGs
[2026-02-14T16:21:15.304+0000] {logging_mixin.py:188} INFO - [2026-02-14T16:21:15.304+0000] {dag.py:3947} INFO - Setting next_dagrun for example_weekday_branch_operator to 2026-02-13 00:00:00+00:00, run_after=2026-02-14 00:00:00+00:00
[2026-02-14T16:21:15.312+0000] {processor.py:183} INFO - Processing /home/airflow/.local/lib/python3.12/site-packages/airflow/example_dags/example_branch_day_of_week_operator.py took 0.033 seconds
