[2026-02-14T15:46:36.940+0000] {processor.py:161} INFO - Started process (PID=42) to work on /home/airflow/.local/lib/python3.12/site-packages/airflow/example_dags/example_latest_only_with_trigger.py
[2026-02-14T15:46:36.941+0000] {processor.py:830} INFO - Processing file /home/airflow/.local/lib/python3.12/site-packages/airflow/example_dags/example_latest_only_with_trigger.py for tasks to queue
[2026-02-14T15:46:36.943+0000] {logging_mixin.py:188} INFO - [2026-02-14T15:46:36.943+0000] {dagbag.py:545} INFO - Filling up the DagBag from /home/airflow/.local/lib/python3.12/site-packages/airflow/example_dags/example_latest_only_with_trigger.py
[2026-02-14T15:46:36.953+0000] {processor.py:840} INFO - DAG(s) 'latest_only_with_trigger' retrieved from /home/airflow/.local/lib/python3.12/site-packages/airflow/example_dags/example_latest_only_with_trigger.py
[2026-02-14T15:46:36.970+0000] {logging_mixin.py:188} INFO - [2026-02-14T15:46:36.970+0000] {dag.py:3089} INFO - Sync 1 DAGs
[2026-02-14T15:46:36.993+0000] {logging_mixin.py:188} INFO - [2026-02-14T15:46:36.993+0000] {dag.py:3947} INFO - Setting next_dagrun for latest_only_with_trigger to 2026-02-14 08:00:00+00:00, run_after=2026-02-14 12:00:00+00:00
[2026-02-14T15:46:37.019+0000] {processor.py:183} INFO - Processing /home/airflow/.local/lib/python3.12/site-packages/airflow/example_dags/example_latest_only_with_trigger.py took 0.084 seconds
[2026-02-14T15:47:07.129+0000] {processor.py:161} INFO - Started process (PID=101) to work on /home/airflow/.local/lib/python3.12/site-packages/airflow/example_dags/example_latest_only_with_trigger.py
[2026-02-14T15:47:07.130+0000] {processor.py:830} INFO - Processing file /home/airflow/.local/lib/python3.12/site-packages/airflow/example_dags/example_latest_only_with_trigger.py for tasks to queue
[2026-02-14T15:47:07.131+0000] {logging_mixin.py:188} INFO - [2026-02-14T15:47:07.131+0000] {dagbag.py:545} INFO - Filling up the DagBag from /home/airflow/.local/lib/python3.12/site-packages/airflow/example_dags/example_latest_only_with_trigger.py
[2026-02-14T15:47:07.133+0000] {processor.py:840} INFO - DAG(s) 'latest_only_with_trigger' retrieved from /home/airflow/.local/lib/python3.12/site-packages/airflow/example_dags/example_latest_only_with_trigger.py
[2026-02-14T15:47:07.182+0000] {logging_mixin.py:188} INFO - [2026-02-14T15:47:07.182+0000] {dag.py:3089} INFO - Sync 1 DAGs
[2026-02-14T15:47:07.188+0000] {logging_mixin.py:188} INFO - [2026-02-14T15:47:07.188+0000] {dag.py:3947} INFO - Setting next_dagrun for latest_only_with_trigger to 2026-02-14 08:00:00+00:00, run_after=2026-02-14 12:00:00+00:00
[2026-02-14T15:47:07.196+0000] {processor.py:183} INFO - Processing /home/airflow/.local/lib/python3.12/site-packages/airflow/example_dags/example_latest_only_with_trigger.py took 0.070 seconds
[2026-02-14T15:47:37.349+0000] {processor.py:161} INFO - Started process (PID=160) to work on /home/airflow/.local/lib/python3.12/site-packages/airflow/example_dags/example_latest_only_with_trigger.py
[2026-02-14T15:47:37.349+0000] {processor.py:830} INFO - Processing file /home/airflow/.local/lib/python3.12/site-packages/airflow/example_dags/example_latest_only_with_trigger.py for tasks to queue
[2026-02-14T15:47:37.350+0000] {logging_mixin.py:188} INFO - [2026-02-14T15:47:37.350+0000] {dagbag.py:545} INFO - Filling up the DagBag from /home/airflow/.local/lib/python3.12/site-packages/airflow/example_dags/example_latest_only_with_trigger.py
[2026-02-14T15:47:37.353+0000] {processor.py:840} INFO - DAG(s) 'latest_only_with_trigger' retrieved from /home/airflow/.local/lib/python3.12/site-packages/airflow/example_dags/example_latest_only_with_trigger.py
[2026-02-14T15:47:37.367+0000] {logging_mixin.py:188} INFO - [2026-02-14T15:47:37.367+0000] {dag.py:3089} INFO - Sync 1 DAGs
[2026-02-14T15:47:37.378+0000] {logging_mixin.py:188} INFO - [2026-02-14T15:47:37.378+0000] {dag.py:3947} INFO - Setting next_dagrun for latest_only_with_trigger to 2026-02-14 08:00:00+00:00, run_after=2026-02-14 12:00:00+00:00
[2026-02-14T15:47:37.385+0000] {processor.py:183} INFO - Processing /home/airflow/.local/lib/python3.12/site-packages/airflow/example_dags/example_latest_only_with_trigger.py took 0.039 seconds
[2026-02-14T15:48:07.977+0000] {processor.py:161} INFO - Started process (PID=219) to work on /home/airflow/.local/lib/python3.12/site-packages/airflow/example_dags/example_latest_only_with_trigger.py
[2026-02-14T15:48:07.978+0000] {processor.py:830} INFO - Processing file /home/airflow/.local/lib/python3.12/site-packages/airflow/example_dags/example_latest_only_with_trigger.py for tasks to queue
[2026-02-14T15:48:07.979+0000] {logging_mixin.py:188} INFO - [2026-02-14T15:48:07.979+0000] {dagbag.py:545} INFO - Filling up the DagBag from /home/airflow/.local/lib/python3.12/site-packages/airflow/example_dags/example_latest_only_with_trigger.py
[2026-02-14T15:48:07.982+0000] {processor.py:840} INFO - DAG(s) 'latest_only_with_trigger' retrieved from /home/airflow/.local/lib/python3.12/site-packages/airflow/example_dags/example_latest_only_with_trigger.py
[2026-02-14T15:48:07.991+0000] {logging_mixin.py:188} INFO - [2026-02-14T15:48:07.991+0000] {dag.py:3089} INFO - Sync 1 DAGs
[2026-02-14T15:48:08.001+0000] {logging_mixin.py:188} INFO - [2026-02-14T15:48:08.000+0000] {dag.py:3947} INFO - Setting next_dagrun for latest_only_with_trigger to 2026-02-14 08:00:00+00:00, run_after=2026-02-14 12:00:00+00:00
[2026-02-14T15:48:08.008+0000] {processor.py:183} INFO - Processing /home/airflow/.local/lib/python3.12/site-packages/airflow/example_dags/example_latest_only_with_trigger.py took 0.035 seconds
[2026-02-14T15:48:38.591+0000] {processor.py:161} INFO - Started process (PID=278) to work on /home/airflow/.local/lib/python3.12/site-packages/airflow/example_dags/example_latest_only_with_trigger.py
[2026-02-14T15:48:38.593+0000] {processor.py:830} INFO - Processing file /home/airflow/.local/lib/python3.12/site-packages/airflow/example_dags/example_latest_only_with_trigger.py for tasks to queue
[2026-02-14T15:48:38.594+0000] {logging_mixin.py:188} INFO - [2026-02-14T15:48:38.594+0000] {dagbag.py:545} INFO - Filling up the DagBag from /home/airflow/.local/lib/python3.12/site-packages/airflow/example_dags/example_latest_only_with_trigger.py
[2026-02-14T15:48:38.597+0000] {processor.py:840} INFO - DAG(s) 'latest_only_with_trigger' retrieved from /home/airflow/.local/lib/python3.12/site-packages/airflow/example_dags/example_latest_only_with_trigger.py
[2026-02-14T15:48:38.608+0000] {logging_mixin.py:188} INFO - [2026-02-14T15:48:38.608+0000] {dag.py:3089} INFO - Sync 1 DAGs
[2026-02-14T15:48:38.618+0000] {logging_mixin.py:188} INFO - [2026-02-14T15:48:38.618+0000] {dag.py:3947} INFO - Setting next_dagrun for latest_only_with_trigger to 2026-02-14 08:00:00+00:00, run_after=2026-02-14 12:00:00+00:00
[2026-02-14T15:48:38.630+0000] {processor.py:183} INFO - Processing /home/airflow/.local/lib/python3.12/site-packages/airflow/example_dags/example_latest_only_with_trigger.py took 0.043 seconds
[2026-02-14T15:49:09.241+0000] {processor.py:161} INFO - Started process (PID=343) to work on /home/airflow/.local/lib/python3.12/site-packages/airflow/example_dags/example_latest_only_with_trigger.py
[2026-02-14T15:49:09.242+0000] {processor.py:830} INFO - Processing file /home/airflow/.local/lib/python3.12/site-packages/airflow/example_dags/example_latest_only_with_trigger.py for tasks to queue
[2026-02-14T15:49:09.243+0000] {logging_mixin.py:188} INFO - [2026-02-14T15:49:09.243+0000] {dagbag.py:545} INFO - Filling up the DagBag from /home/airflow/.local/lib/python3.12/site-packages/airflow/example_dags/example_latest_only_with_trigger.py
[2026-02-14T15:49:09.247+0000] {processor.py:840} INFO - DAG(s) 'latest_only_with_trigger' retrieved from /home/airflow/.local/lib/python3.12/site-packages/airflow/example_dags/example_latest_only_with_trigger.py
[2026-02-14T15:49:09.260+0000] {logging_mixin.py:188} INFO - [2026-02-14T15:49:09.260+0000] {dag.py:3089} INFO - Sync 1 DAGs
[2026-02-14T15:49:09.269+0000] {logging_mixin.py:188} INFO - [2026-02-14T15:49:09.269+0000] {dag.py:3947} INFO - Setting next_dagrun for latest_only_with_trigger to 2026-02-14 08:00:00+00:00, run_after=2026-02-14 12:00:00+00:00
[2026-02-14T15:49:09.277+0000] {processor.py:183} INFO - Processing /home/airflow/.local/lib/python3.12/site-packages/airflow/example_dags/example_latest_only_with_trigger.py took 0.040 seconds
[2026-02-14T15:49:39.658+0000] {processor.py:161} INFO - Started process (PID=402) to work on /home/airflow/.local/lib/python3.12/site-packages/airflow/example_dags/example_latest_only_with_trigger.py
[2026-02-14T15:49:39.658+0000] {processor.py:830} INFO - Processing file /home/airflow/.local/lib/python3.12/site-packages/airflow/example_dags/example_latest_only_with_trigger.py for tasks to queue
[2026-02-14T15:49:39.660+0000] {logging_mixin.py:188} INFO - [2026-02-14T15:49:39.660+0000] {dagbag.py:545} INFO - Filling up the DagBag from /home/airflow/.local/lib/python3.12/site-packages/airflow/example_dags/example_latest_only_with_trigger.py
[2026-02-14T15:49:39.662+0000] {processor.py:840} INFO - DAG(s) 'latest_only_with_trigger' retrieved from /home/airflow/.local/lib/python3.12/site-packages/airflow/example_dags/example_latest_only_with_trigger.py
[2026-02-14T15:49:39.670+0000] {logging_mixin.py:188} INFO - [2026-02-14T15:49:39.670+0000] {dag.py:3089} INFO - Sync 1 DAGs
[2026-02-14T15:49:39.678+0000] {logging_mixin.py:188} INFO - [2026-02-14T15:49:39.677+0000] {dag.py:3947} INFO - Setting next_dagrun for latest_only_with_trigger to 2026-02-14 08:00:00+00:00, run_after=2026-02-14 12:00:00+00:00
[2026-02-14T15:49:39.683+0000] {processor.py:183} INFO - Processing /home/airflow/.local/lib/python3.12/site-packages/airflow/example_dags/example_latest_only_with_trigger.py took 0.028 seconds
[2026-02-14T15:50:10.023+0000] {processor.py:161} INFO - Started process (PID=461) to work on /home/airflow/.local/lib/python3.12/site-packages/airflow/example_dags/example_latest_only_with_trigger.py
[2026-02-14T15:50:10.023+0000] {processor.py:830} INFO - Processing file /home/airflow/.local/lib/python3.12/site-packages/airflow/example_dags/example_latest_only_with_trigger.py for tasks to queue
[2026-02-14T15:50:10.025+0000] {logging_mixin.py:188} INFO - [2026-02-14T15:50:10.025+0000] {dagbag.py:545} INFO - Filling up the DagBag from /home/airflow/.local/lib/python3.12/site-packages/airflow/example_dags/example_latest_only_with_trigger.py
[2026-02-14T15:50:10.027+0000] {processor.py:840} INFO - DAG(s) 'latest_only_with_trigger' retrieved from /home/airflow/.local/lib/python3.12/site-packages/airflow/example_dags/example_latest_only_with_trigger.py
[2026-02-14T15:50:10.034+0000] {logging_mixin.py:188} INFO - [2026-02-14T15:50:10.034+0000] {dag.py:3089} INFO - Sync 1 DAGs
[2026-02-14T15:50:10.042+0000] {logging_mixin.py:188} INFO - [2026-02-14T15:50:10.042+0000] {dag.py:3947} INFO - Setting next_dagrun for latest_only_with_trigger to 2026-02-14 08:00:00+00:00, run_after=2026-02-14 12:00:00+00:00
[2026-02-14T15:50:10.049+0000] {processor.py:183} INFO - Processing /home/airflow/.local/lib/python3.12/site-packages/airflow/example_dags/example_latest_only_with_trigger.py took 0.029 seconds
[2026-02-14T15:50:40.445+0000] {processor.py:161} INFO - Started process (PID=520) to work on /home/airflow/.local/lib/python3.12/site-packages/airflow/example_dags/example_latest_only_with_trigger.py
[2026-02-14T15:50:40.446+0000] {processor.py:830} INFO - Processing file /home/airflow/.local/lib/python3.12/site-packages/airflow/example_dags/example_latest_only_with_trigger.py for tasks to queue
[2026-02-14T15:50:40.447+0000] {logging_mixin.py:188} INFO - [2026-02-14T15:50:40.447+0000] {dagbag.py:545} INFO - Filling up the DagBag from /home/airflow/.local/lib/python3.12/site-packages/airflow/example_dags/example_latest_only_with_trigger.py
[2026-02-14T15:50:40.449+0000] {processor.py:840} INFO - DAG(s) 'latest_only_with_trigger' retrieved from /home/airflow/.local/lib/python3.12/site-packages/airflow/example_dags/example_latest_only_with_trigger.py
[2026-02-14T15:50:40.458+0000] {logging_mixin.py:188} INFO - [2026-02-14T15:50:40.458+0000] {dag.py:3089} INFO - Sync 1 DAGs
[2026-02-14T15:50:40.467+0000] {logging_mixin.py:188} INFO - [2026-02-14T15:50:40.467+0000] {dag.py:3947} INFO - Setting next_dagrun for latest_only_with_trigger to 2026-02-14 08:00:00+00:00, run_after=2026-02-14 12:00:00+00:00
[2026-02-14T15:50:40.476+0000] {processor.py:183} INFO - Processing /home/airflow/.local/lib/python3.12/site-packages/airflow/example_dags/example_latest_only_with_trigger.py took 0.034 seconds
[2026-02-14T15:51:11.027+0000] {processor.py:161} INFO - Started process (PID=579) to work on /home/airflow/.local/lib/python3.12/site-packages/airflow/example_dags/example_latest_only_with_trigger.py
[2026-02-14T15:51:11.027+0000] {processor.py:830} INFO - Processing file /home/airflow/.local/lib/python3.12/site-packages/airflow/example_dags/example_latest_only_with_trigger.py for tasks to queue
[2026-02-14T15:51:11.028+0000] {logging_mixin.py:188} INFO - [2026-02-14T15:51:11.028+0000] {dagbag.py:545} INFO - Filling up the DagBag from /home/airflow/.local/lib/python3.12/site-packages/airflow/example_dags/example_latest_only_with_trigger.py
[2026-02-14T15:51:11.032+0000] {processor.py:840} INFO - DAG(s) 'latest_only_with_trigger' retrieved from /home/airflow/.local/lib/python3.12/site-packages/airflow/example_dags/example_latest_only_with_trigger.py
[2026-02-14T15:51:11.042+0000] {logging_mixin.py:188} INFO - [2026-02-14T15:51:11.042+0000] {dag.py:3089} INFO - Sync 1 DAGs
[2026-02-14T15:51:11.052+0000] {logging_mixin.py:188} INFO - [2026-02-14T15:51:11.052+0000] {dag.py:3947} INFO - Setting next_dagrun for latest_only_with_trigger to 2026-02-14 08:00:00+00:00, run_after=2026-02-14 12:00:00+00:00
[2026-02-14T15:51:11.059+0000] {processor.py:183} INFO - Processing /home/airflow/.local/lib/python3.12/site-packages/airflow/example_dags/example_latest_only_with_trigger.py took 0.035 seconds
[2026-02-14T15:51:41.657+0000] {processor.py:161} INFO - Started process (PID=638) to work on /home/airflow/.local/lib/python3.12/site-packages/airflow/example_dags/example_latest_only_with_trigger.py
[2026-02-14T15:51:41.657+0000] {processor.py:830} INFO - Processing file /home/airflow/.local/lib/python3.12/site-packages/airflow/example_dags/example_latest_only_with_trigger.py for tasks to queue
[2026-02-14T15:51:41.660+0000] {logging_mixin.py:188} INFO - [2026-02-14T15:51:41.659+0000] {dagbag.py:545} INFO - Filling up the DagBag from /home/airflow/.local/lib/python3.12/site-packages/airflow/example_dags/example_latest_only_with_trigger.py
[2026-02-14T15:51:41.662+0000] {processor.py:840} INFO - DAG(s) 'latest_only_with_trigger' retrieved from /home/airflow/.local/lib/python3.12/site-packages/airflow/example_dags/example_latest_only_with_trigger.py
[2026-02-14T15:51:41.671+0000] {logging_mixin.py:188} INFO - [2026-02-14T15:51:41.671+0000] {dag.py:3089} INFO - Sync 1 DAGs
[2026-02-14T15:51:41.679+0000] {logging_mixin.py:188} INFO - [2026-02-14T15:51:41.679+0000] {dag.py:3947} INFO - Setting next_dagrun for latest_only_with_trigger to 2026-02-14 08:00:00+00:00, run_after=2026-02-14 12:00:00+00:00
[2026-02-14T15:51:41.686+0000] {processor.py:183} INFO - Processing /home/airflow/.local/lib/python3.12/site-packages/airflow/example_dags/example_latest_only_with_trigger.py took 0.031 seconds
[2026-02-14T15:52:12.094+0000] {processor.py:161} INFO - Started process (PID=697) to work on /home/airflow/.local/lib/python3.12/site-packages/airflow/example_dags/example_latest_only_with_trigger.py
[2026-02-14T15:52:12.094+0000] {processor.py:830} INFO - Processing file /home/airflow/.local/lib/python3.12/site-packages/airflow/example_dags/example_latest_only_with_trigger.py for tasks to queue
[2026-02-14T15:52:12.095+0000] {logging_mixin.py:188} INFO - [2026-02-14T15:52:12.095+0000] {dagbag.py:545} INFO - Filling up the DagBag from /home/airflow/.local/lib/python3.12/site-packages/airflow/example_dags/example_latest_only_with_trigger.py
[2026-02-14T15:52:12.098+0000] {processor.py:840} INFO - DAG(s) 'latest_only_with_trigger' retrieved from /home/airflow/.local/lib/python3.12/site-packages/airflow/example_dags/example_latest_only_with_trigger.py
[2026-02-14T15:52:12.108+0000] {logging_mixin.py:188} INFO - [2026-02-14T15:52:12.108+0000] {dag.py:3089} INFO - Sync 1 DAGs
[2026-02-14T15:52:12.120+0000] {logging_mixin.py:188} INFO - [2026-02-14T15:52:12.120+0000] {dag.py:3947} INFO - Setting next_dagrun for latest_only_with_trigger to 2026-02-14 08:00:00+00:00, run_after=2026-02-14 12:00:00+00:00
[2026-02-14T15:52:12.127+0000] {processor.py:183} INFO - Processing /home/airflow/.local/lib/python3.12/site-packages/airflow/example_dags/example_latest_only_with_trigger.py took 0.037 seconds
[2026-02-14T15:52:42.593+0000] {processor.py:161} INFO - Started process (PID=756) to work on /home/airflow/.local/lib/python3.12/site-packages/airflow/example_dags/example_latest_only_with_trigger.py
[2026-02-14T15:52:42.593+0000] {processor.py:830} INFO - Processing file /home/airflow/.local/lib/python3.12/site-packages/airflow/example_dags/example_latest_only_with_trigger.py for tasks to queue
[2026-02-14T15:52:42.594+0000] {logging_mixin.py:188} INFO - [2026-02-14T15:52:42.594+0000] {dagbag.py:545} INFO - Filling up the DagBag from /home/airflow/.local/lib/python3.12/site-packages/airflow/example_dags/example_latest_only_with_trigger.py
[2026-02-14T15:52:42.598+0000] {processor.py:840} INFO - DAG(s) 'latest_only_with_trigger' retrieved from /home/airflow/.local/lib/python3.12/site-packages/airflow/example_dags/example_latest_only_with_trigger.py
[2026-02-14T15:52:42.610+0000] {logging_mixin.py:188} INFO - [2026-02-14T15:52:42.610+0000] {dag.py:3089} INFO - Sync 1 DAGs
[2026-02-14T15:52:42.623+0000] {logging_mixin.py:188} INFO - [2026-02-14T15:52:42.623+0000] {dag.py:3947} INFO - Setting next_dagrun for latest_only_with_trigger to 2026-02-14 08:00:00+00:00, run_after=2026-02-14 12:00:00+00:00
[2026-02-14T15:52:42.635+0000] {processor.py:183} INFO - Processing /home/airflow/.local/lib/python3.12/site-packages/airflow/example_dags/example_latest_only_with_trigger.py took 0.045 seconds
[2026-02-14T15:53:12.949+0000] {processor.py:161} INFO - Started process (PID=815) to work on /home/airflow/.local/lib/python3.12/site-packages/airflow/example_dags/example_latest_only_with_trigger.py
[2026-02-14T15:53:12.949+0000] {processor.py:830} INFO - Processing file /home/airflow/.local/lib/python3.12/site-packages/airflow/example_dags/example_latest_only_with_trigger.py for tasks to queue
[2026-02-14T15:53:12.950+0000] {logging_mixin.py:188} INFO - [2026-02-14T15:53:12.950+0000] {dagbag.py:545} INFO - Filling up the DagBag from /home/airflow/.local/lib/python3.12/site-packages/airflow/example_dags/example_latest_only_with_trigger.py
[2026-02-14T15:53:12.952+0000] {processor.py:840} INFO - DAG(s) 'latest_only_with_trigger' retrieved from /home/airflow/.local/lib/python3.12/site-packages/airflow/example_dags/example_latest_only_with_trigger.py
[2026-02-14T15:53:12.960+0000] {logging_mixin.py:188} INFO - [2026-02-14T15:53:12.960+0000] {dag.py:3089} INFO - Sync 1 DAGs
[2026-02-14T15:53:12.968+0000] {logging_mixin.py:188} INFO - [2026-02-14T15:53:12.968+0000] {dag.py:3947} INFO - Setting next_dagrun for latest_only_with_trigger to 2026-02-14 08:00:00+00:00, run_after=2026-02-14 12:00:00+00:00
[2026-02-14T15:53:12.974+0000] {processor.py:183} INFO - Processing /home/airflow/.local/lib/python3.12/site-packages/airflow/example_dags/example_latest_only_with_trigger.py took 0.028 seconds
[2026-02-14T15:53:43.243+0000] {processor.py:161} INFO - Started process (PID=874) to work on /home/airflow/.local/lib/python3.12/site-packages/airflow/example_dags/example_latest_only_with_trigger.py
[2026-02-14T15:53:43.243+0000] {processor.py:830} INFO - Processing file /home/airflow/.local/lib/python3.12/site-packages/airflow/example_dags/example_latest_only_with_trigger.py for tasks to queue
[2026-02-14T15:53:43.244+0000] {logging_mixin.py:188} INFO - [2026-02-14T15:53:43.244+0000] {dagbag.py:545} INFO - Filling up the DagBag from /home/airflow/.local/lib/python3.12/site-packages/airflow/example_dags/example_latest_only_with_trigger.py
[2026-02-14T15:53:43.247+0000] {processor.py:840} INFO - DAG(s) 'latest_only_with_trigger' retrieved from /home/airflow/.local/lib/python3.12/site-packages/airflow/example_dags/example_latest_only_with_trigger.py
[2026-02-14T15:53:43.257+0000] {logging_mixin.py:188} INFO - [2026-02-14T15:53:43.257+0000] {dag.py:3089} INFO - Sync 1 DAGs
[2026-02-14T15:53:43.266+0000] {logging_mixin.py:188} INFO - [2026-02-14T15:53:43.266+0000] {dag.py:3947} INFO - Setting next_dagrun for latest_only_with_trigger to 2026-02-14 08:00:00+00:00, run_after=2026-02-14 12:00:00+00:00
[2026-02-14T15:53:43.274+0000] {processor.py:183} INFO - Processing /home/airflow/.local/lib/python3.12/site-packages/airflow/example_dags/example_latest_only_with_trigger.py took 0.034 seconds
[2026-02-14T15:54:13.699+0000] {processor.py:161} INFO - Started process (PID=933) to work on /home/airflow/.local/lib/python3.12/site-packages/airflow/example_dags/example_latest_only_with_trigger.py
[2026-02-14T15:54:13.699+0000] {processor.py:830} INFO - Processing file /home/airflow/.local/lib/python3.12/site-packages/airflow/example_dags/example_latest_only_with_trigger.py for tasks to queue
[2026-02-14T15:54:13.700+0000] {logging_mixin.py:188} INFO - [2026-02-14T15:54:13.700+0000] {dagbag.py:545} INFO - Filling up the DagBag from /home/airflow/.local/lib/python3.12/site-packages/airflow/example_dags/example_latest_only_with_trigger.py
[2026-02-14T15:54:13.702+0000] {processor.py:840} INFO - DAG(s) 'latest_only_with_trigger' retrieved from /home/airflow/.local/lib/python3.12/site-packages/airflow/example_dags/example_latest_only_with_trigger.py
[2026-02-14T15:54:13.710+0000] {logging_mixin.py:188} INFO - [2026-02-14T15:54:13.710+0000] {dag.py:3089} INFO - Sync 1 DAGs
[2026-02-14T15:54:13.718+0000] {logging_mixin.py:188} INFO - [2026-02-14T15:54:13.718+0000] {dag.py:3947} INFO - Setting next_dagrun for latest_only_with_trigger to 2026-02-14 08:00:00+00:00, run_after=2026-02-14 12:00:00+00:00
[2026-02-14T15:54:13.724+0000] {processor.py:183} INFO - Processing /home/airflow/.local/lib/python3.12/site-packages/airflow/example_dags/example_latest_only_with_trigger.py took 0.027 seconds
[2026-02-14T15:54:44.174+0000] {processor.py:161} INFO - Started process (PID=992) to work on /home/airflow/.local/lib/python3.12/site-packages/airflow/example_dags/example_latest_only_with_trigger.py
[2026-02-14T15:54:44.174+0000] {processor.py:830} INFO - Processing file /home/airflow/.local/lib/python3.12/site-packages/airflow/example_dags/example_latest_only_with_trigger.py for tasks to queue
[2026-02-14T15:54:44.176+0000] {logging_mixin.py:188} INFO - [2026-02-14T15:54:44.176+0000] {dagbag.py:545} INFO - Filling up the DagBag from /home/airflow/.local/lib/python3.12/site-packages/airflow/example_dags/example_latest_only_with_trigger.py
[2026-02-14T15:54:44.179+0000] {processor.py:840} INFO - DAG(s) 'latest_only_with_trigger' retrieved from /home/airflow/.local/lib/python3.12/site-packages/airflow/example_dags/example_latest_only_with_trigger.py
[2026-02-14T15:54:44.189+0000] {logging_mixin.py:188} INFO - [2026-02-14T15:54:44.189+0000] {dag.py:3089} INFO - Sync 1 DAGs
[2026-02-14T15:54:44.200+0000] {logging_mixin.py:188} INFO - [2026-02-14T15:54:44.200+0000] {dag.py:3947} INFO - Setting next_dagrun for latest_only_with_trigger to 2026-02-14 08:00:00+00:00, run_after=2026-02-14 12:00:00+00:00
[2026-02-14T15:54:44.208+0000] {processor.py:183} INFO - Processing /home/airflow/.local/lib/python3.12/site-packages/airflow/example_dags/example_latest_only_with_trigger.py took 0.037 seconds
[2026-02-14T15:55:15.168+0000] {processor.py:161} INFO - Started process (PID=1051) to work on /home/airflow/.local/lib/python3.12/site-packages/airflow/example_dags/example_latest_only_with_trigger.py
[2026-02-14T15:55:15.172+0000] {processor.py:830} INFO - Processing file /home/airflow/.local/lib/python3.12/site-packages/airflow/example_dags/example_latest_only_with_trigger.py for tasks to queue
[2026-02-14T15:55:15.175+0000] {logging_mixin.py:188} INFO - [2026-02-14T15:55:15.175+0000] {dagbag.py:545} INFO - Filling up the DagBag from /home/airflow/.local/lib/python3.12/site-packages/airflow/example_dags/example_latest_only_with_trigger.py
[2026-02-14T15:55:15.188+0000] {processor.py:840} INFO - DAG(s) 'latest_only_with_trigger' retrieved from /home/airflow/.local/lib/python3.12/site-packages/airflow/example_dags/example_latest_only_with_trigger.py
[2026-02-14T15:55:15.227+0000] {logging_mixin.py:188} INFO - [2026-02-14T15:55:15.226+0000] {dag.py:3089} INFO - Sync 1 DAGs
[2026-02-14T15:55:15.262+0000] {logging_mixin.py:188} INFO - [2026-02-14T15:55:15.261+0000] {dag.py:3947} INFO - Setting next_dagrun for latest_only_with_trigger to 2026-02-14 08:00:00+00:00, run_after=2026-02-14 12:00:00+00:00
[2026-02-14T15:55:15.289+0000] {processor.py:183} INFO - Processing /home/airflow/.local/lib/python3.12/site-packages/airflow/example_dags/example_latest_only_with_trigger.py took 0.127 seconds
[2026-02-14T15:55:46.134+0000] {processor.py:161} INFO - Started process (PID=1109) to work on /home/airflow/.local/lib/python3.12/site-packages/airflow/example_dags/example_latest_only_with_trigger.py
[2026-02-14T15:55:46.135+0000] {processor.py:830} INFO - Processing file /home/airflow/.local/lib/python3.12/site-packages/airflow/example_dags/example_latest_only_with_trigger.py for tasks to queue
[2026-02-14T15:55:46.136+0000] {logging_mixin.py:188} INFO - [2026-02-14T15:55:46.135+0000] {dagbag.py:545} INFO - Filling up the DagBag from /home/airflow/.local/lib/python3.12/site-packages/airflow/example_dags/example_latest_only_with_trigger.py
[2026-02-14T15:55:46.138+0000] {processor.py:840} INFO - DAG(s) 'latest_only_with_trigger' retrieved from /home/airflow/.local/lib/python3.12/site-packages/airflow/example_dags/example_latest_only_with_trigger.py
[2026-02-14T15:55:46.148+0000] {logging_mixin.py:188} INFO - [2026-02-14T15:55:46.147+0000] {dag.py:3089} INFO - Sync 1 DAGs
[2026-02-14T15:55:46.156+0000] {logging_mixin.py:188} INFO - [2026-02-14T15:55:46.156+0000] {dag.py:3947} INFO - Setting next_dagrun for latest_only_with_trigger to 2026-02-14 08:00:00+00:00, run_after=2026-02-14 12:00:00+00:00
[2026-02-14T15:55:46.164+0000] {processor.py:183} INFO - Processing /home/airflow/.local/lib/python3.12/site-packages/airflow/example_dags/example_latest_only_with_trigger.py took 0.032 seconds
[2026-02-14T15:56:16.644+0000] {processor.py:161} INFO - Started process (PID=1168) to work on /home/airflow/.local/lib/python3.12/site-packages/airflow/example_dags/example_latest_only_with_trigger.py
[2026-02-14T15:56:16.644+0000] {processor.py:830} INFO - Processing file /home/airflow/.local/lib/python3.12/site-packages/airflow/example_dags/example_latest_only_with_trigger.py for tasks to queue
[2026-02-14T15:56:16.645+0000] {logging_mixin.py:188} INFO - [2026-02-14T15:56:16.645+0000] {dagbag.py:545} INFO - Filling up the DagBag from /home/airflow/.local/lib/python3.12/site-packages/airflow/example_dags/example_latest_only_with_trigger.py
[2026-02-14T15:56:16.647+0000] {processor.py:840} INFO - DAG(s) 'latest_only_with_trigger' retrieved from /home/airflow/.local/lib/python3.12/site-packages/airflow/example_dags/example_latest_only_with_trigger.py
[2026-02-14T15:56:16.657+0000] {logging_mixin.py:188} INFO - [2026-02-14T15:56:16.657+0000] {dag.py:3089} INFO - Sync 1 DAGs
[2026-02-14T15:56:16.668+0000] {logging_mixin.py:188} INFO - [2026-02-14T15:56:16.668+0000] {dag.py:3947} INFO - Setting next_dagrun for latest_only_with_trigger to 2026-02-14 08:00:00+00:00, run_after=2026-02-14 12:00:00+00:00
[2026-02-14T15:56:16.676+0000] {processor.py:183} INFO - Processing /home/airflow/.local/lib/python3.12/site-packages/airflow/example_dags/example_latest_only_with_trigger.py took 0.035 seconds
[2026-02-14T15:56:47.137+0000] {processor.py:161} INFO - Started process (PID=1227) to work on /home/airflow/.local/lib/python3.12/site-packages/airflow/example_dags/example_latest_only_with_trigger.py
[2026-02-14T15:56:47.138+0000] {processor.py:830} INFO - Processing file /home/airflow/.local/lib/python3.12/site-packages/airflow/example_dags/example_latest_only_with_trigger.py for tasks to queue
[2026-02-14T15:56:47.139+0000] {logging_mixin.py:188} INFO - [2026-02-14T15:56:47.139+0000] {dagbag.py:545} INFO - Filling up the DagBag from /home/airflow/.local/lib/python3.12/site-packages/airflow/example_dags/example_latest_only_with_trigger.py
[2026-02-14T15:56:47.142+0000] {processor.py:840} INFO - DAG(s) 'latest_only_with_trigger' retrieved from /home/airflow/.local/lib/python3.12/site-packages/airflow/example_dags/example_latest_only_with_trigger.py
[2026-02-14T15:56:47.153+0000] {logging_mixin.py:188} INFO - [2026-02-14T15:56:47.153+0000] {dag.py:3089} INFO - Sync 1 DAGs
[2026-02-14T15:56:47.164+0000] {logging_mixin.py:188} INFO - [2026-02-14T15:56:47.164+0000] {dag.py:3947} INFO - Setting next_dagrun for latest_only_with_trigger to 2026-02-14 08:00:00+00:00, run_after=2026-02-14 12:00:00+00:00
[2026-02-14T15:56:47.173+0000] {processor.py:183} INFO - Processing /home/airflow/.local/lib/python3.12/site-packages/airflow/example_dags/example_latest_only_with_trigger.py took 0.042 seconds
[2026-02-14T15:57:17.702+0000] {processor.py:161} INFO - Started process (PID=1286) to work on /home/airflow/.local/lib/python3.12/site-packages/airflow/example_dags/example_latest_only_with_trigger.py
[2026-02-14T15:57:17.703+0000] {processor.py:830} INFO - Processing file /home/airflow/.local/lib/python3.12/site-packages/airflow/example_dags/example_latest_only_with_trigger.py for tasks to queue
[2026-02-14T15:57:17.704+0000] {logging_mixin.py:188} INFO - [2026-02-14T15:57:17.704+0000] {dagbag.py:545} INFO - Filling up the DagBag from /home/airflow/.local/lib/python3.12/site-packages/airflow/example_dags/example_latest_only_with_trigger.py
[2026-02-14T15:57:17.706+0000] {processor.py:840} INFO - DAG(s) 'latest_only_with_trigger' retrieved from /home/airflow/.local/lib/python3.12/site-packages/airflow/example_dags/example_latest_only_with_trigger.py
[2026-02-14T15:57:17.715+0000] {logging_mixin.py:188} INFO - [2026-02-14T15:57:17.715+0000] {dag.py:3089} INFO - Sync 1 DAGs
[2026-02-14T15:57:17.723+0000] {logging_mixin.py:188} INFO - [2026-02-14T15:57:17.723+0000] {dag.py:3947} INFO - Setting next_dagrun for latest_only_with_trigger to 2026-02-14 08:00:00+00:00, run_after=2026-02-14 12:00:00+00:00
[2026-02-14T15:57:17.729+0000] {processor.py:183} INFO - Processing /home/airflow/.local/lib/python3.12/site-packages/airflow/example_dags/example_latest_only_with_trigger.py took 0.030 seconds
[2026-02-14T15:57:48.447+0000] {processor.py:161} INFO - Started process (PID=1345) to work on /home/airflow/.local/lib/python3.12/site-packages/airflow/example_dags/example_latest_only_with_trigger.py
[2026-02-14T15:57:48.448+0000] {processor.py:830} INFO - Processing file /home/airflow/.local/lib/python3.12/site-packages/airflow/example_dags/example_latest_only_with_trigger.py for tasks to queue
[2026-02-14T15:57:48.451+0000] {logging_mixin.py:188} INFO - [2026-02-14T15:57:48.450+0000] {dagbag.py:545} INFO - Filling up the DagBag from /home/airflow/.local/lib/python3.12/site-packages/airflow/example_dags/example_latest_only_with_trigger.py
[2026-02-14T15:57:48.455+0000] {processor.py:840} INFO - DAG(s) 'latest_only_with_trigger' retrieved from /home/airflow/.local/lib/python3.12/site-packages/airflow/example_dags/example_latest_only_with_trigger.py
[2026-02-14T15:57:48.467+0000] {logging_mixin.py:188} INFO - [2026-02-14T15:57:48.467+0000] {dag.py:3089} INFO - Sync 1 DAGs
[2026-02-14T15:57:48.479+0000] {logging_mixin.py:188} INFO - [2026-02-14T15:57:48.479+0000] {dag.py:3947} INFO - Setting next_dagrun for latest_only_with_trigger to 2026-02-14 08:00:00+00:00, run_after=2026-02-14 12:00:00+00:00
[2026-02-14T15:57:48.488+0000] {processor.py:183} INFO - Processing /home/airflow/.local/lib/python3.12/site-packages/airflow/example_dags/example_latest_only_with_trigger.py took 0.045 seconds
[2026-02-14T15:58:18.792+0000] {processor.py:161} INFO - Started process (PID=1404) to work on /home/airflow/.local/lib/python3.12/site-packages/airflow/example_dags/example_latest_only_with_trigger.py
[2026-02-14T15:58:18.793+0000] {processor.py:830} INFO - Processing file /home/airflow/.local/lib/python3.12/site-packages/airflow/example_dags/example_latest_only_with_trigger.py for tasks to queue
[2026-02-14T15:58:18.794+0000] {logging_mixin.py:188} INFO - [2026-02-14T15:58:18.794+0000] {dagbag.py:545} INFO - Filling up the DagBag from /home/airflow/.local/lib/python3.12/site-packages/airflow/example_dags/example_latest_only_with_trigger.py
[2026-02-14T15:58:18.798+0000] {processor.py:840} INFO - DAG(s) 'latest_only_with_trigger' retrieved from /home/airflow/.local/lib/python3.12/site-packages/airflow/example_dags/example_latest_only_with_trigger.py
[2026-02-14T15:58:18.810+0000] {logging_mixin.py:188} INFO - [2026-02-14T15:58:18.810+0000] {dag.py:3089} INFO - Sync 1 DAGs
[2026-02-14T15:58:18.821+0000] {logging_mixin.py:188} INFO - [2026-02-14T15:58:18.821+0000] {dag.py:3947} INFO - Setting next_dagrun for latest_only_with_trigger to 2026-02-14 08:00:00+00:00, run_after=2026-02-14 12:00:00+00:00
[2026-02-14T15:58:18.831+0000] {processor.py:183} INFO - Processing /home/airflow/.local/lib/python3.12/site-packages/airflow/example_dags/example_latest_only_with_trigger.py took 0.044 seconds
[2026-02-14T15:58:49.196+0000] {processor.py:161} INFO - Started process (PID=1463) to work on /home/airflow/.local/lib/python3.12/site-packages/airflow/example_dags/example_latest_only_with_trigger.py
[2026-02-14T15:58:49.197+0000] {processor.py:830} INFO - Processing file /home/airflow/.local/lib/python3.12/site-packages/airflow/example_dags/example_latest_only_with_trigger.py for tasks to queue
[2026-02-14T15:58:49.198+0000] {logging_mixin.py:188} INFO - [2026-02-14T15:58:49.198+0000] {dagbag.py:545} INFO - Filling up the DagBag from /home/airflow/.local/lib/python3.12/site-packages/airflow/example_dags/example_latest_only_with_trigger.py
[2026-02-14T15:58:49.201+0000] {processor.py:840} INFO - DAG(s) 'latest_only_with_trigger' retrieved from /home/airflow/.local/lib/python3.12/site-packages/airflow/example_dags/example_latest_only_with_trigger.py
[2026-02-14T15:58:49.211+0000] {logging_mixin.py:188} INFO - [2026-02-14T15:58:49.211+0000] {dag.py:3089} INFO - Sync 1 DAGs
[2026-02-14T15:58:49.221+0000] {logging_mixin.py:188} INFO - [2026-02-14T15:58:49.220+0000] {dag.py:3947} INFO - Setting next_dagrun for latest_only_with_trigger to 2026-02-14 08:00:00+00:00, run_after=2026-02-14 12:00:00+00:00
[2026-02-14T15:58:49.228+0000] {processor.py:183} INFO - Processing /home/airflow/.local/lib/python3.12/site-packages/airflow/example_dags/example_latest_only_with_trigger.py took 0.037 seconds
[2026-02-14T15:59:19.292+0000] {processor.py:161} INFO - Started process (PID=1521) to work on /home/airflow/.local/lib/python3.12/site-packages/airflow/example_dags/example_latest_only_with_trigger.py
[2026-02-14T15:59:19.293+0000] {processor.py:830} INFO - Processing file /home/airflow/.local/lib/python3.12/site-packages/airflow/example_dags/example_latest_only_with_trigger.py for tasks to queue
[2026-02-14T15:59:19.294+0000] {logging_mixin.py:188} INFO - [2026-02-14T15:59:19.294+0000] {dagbag.py:545} INFO - Filling up the DagBag from /home/airflow/.local/lib/python3.12/site-packages/airflow/example_dags/example_latest_only_with_trigger.py
[2026-02-14T15:59:19.297+0000] {processor.py:840} INFO - DAG(s) 'latest_only_with_trigger' retrieved from /home/airflow/.local/lib/python3.12/site-packages/airflow/example_dags/example_latest_only_with_trigger.py
[2026-02-14T15:59:19.306+0000] {logging_mixin.py:188} INFO - [2026-02-14T15:59:19.306+0000] {dag.py:3089} INFO - Sync 1 DAGs
[2026-02-14T15:59:19.382+0000] {logging_mixin.py:188} INFO - [2026-02-14T15:59:19.381+0000] {dag.py:3947} INFO - Setting next_dagrun for latest_only_with_trigger to 2026-02-14 08:00:00+00:00, run_after=2026-02-14 12:00:00+00:00
[2026-02-14T15:59:19.390+0000] {processor.py:183} INFO - Processing /home/airflow/.local/lib/python3.12/site-packages/airflow/example_dags/example_latest_only_with_trigger.py took 0.100 seconds
[2026-02-14T15:59:50.268+0000] {processor.py:161} INFO - Started process (PID=1581) to work on /home/airflow/.local/lib/python3.12/site-packages/airflow/example_dags/example_latest_only_with_trigger.py
[2026-02-14T15:59:50.268+0000] {processor.py:830} INFO - Processing file /home/airflow/.local/lib/python3.12/site-packages/airflow/example_dags/example_latest_only_with_trigger.py for tasks to queue
[2026-02-14T15:59:50.269+0000] {logging_mixin.py:188} INFO - [2026-02-14T15:59:50.269+0000] {dagbag.py:545} INFO - Filling up the DagBag from /home/airflow/.local/lib/python3.12/site-packages/airflow/example_dags/example_latest_only_with_trigger.py
[2026-02-14T15:59:50.271+0000] {processor.py:840} INFO - DAG(s) 'latest_only_with_trigger' retrieved from /home/airflow/.local/lib/python3.12/site-packages/airflow/example_dags/example_latest_only_with_trigger.py
[2026-02-14T15:59:50.279+0000] {logging_mixin.py:188} INFO - [2026-02-14T15:59:50.279+0000] {dag.py:3089} INFO - Sync 1 DAGs
[2026-02-14T15:59:50.287+0000] {logging_mixin.py:188} INFO - [2026-02-14T15:59:50.287+0000] {dag.py:3947} INFO - Setting next_dagrun for latest_only_with_trigger to 2026-02-14 08:00:00+00:00, run_after=2026-02-14 12:00:00+00:00
[2026-02-14T15:59:50.363+0000] {processor.py:183} INFO - Processing /home/airflow/.local/lib/python3.12/site-packages/airflow/example_dags/example_latest_only_with_trigger.py took 0.097 seconds
[2026-02-14T16:00:20.739+0000] {processor.py:161} INFO - Started process (PID=1640) to work on /home/airflow/.local/lib/python3.12/site-packages/airflow/example_dags/example_latest_only_with_trigger.py
[2026-02-14T16:00:20.741+0000] {processor.py:830} INFO - Processing file /home/airflow/.local/lib/python3.12/site-packages/airflow/example_dags/example_latest_only_with_trigger.py for tasks to queue
[2026-02-14T16:00:20.742+0000] {logging_mixin.py:188} INFO - [2026-02-14T16:00:20.742+0000] {dagbag.py:545} INFO - Filling up the DagBag from /home/airflow/.local/lib/python3.12/site-packages/airflow/example_dags/example_latest_only_with_trigger.py
[2026-02-14T16:00:20.744+0000] {processor.py:840} INFO - DAG(s) 'latest_only_with_trigger' retrieved from /home/airflow/.local/lib/python3.12/site-packages/airflow/example_dags/example_latest_only_with_trigger.py
[2026-02-14T16:00:20.752+0000] {logging_mixin.py:188} INFO - [2026-02-14T16:00:20.752+0000] {dag.py:3089} INFO - Sync 1 DAGs
[2026-02-14T16:00:20.760+0000] {logging_mixin.py:188} INFO - [2026-02-14T16:00:20.760+0000] {dag.py:3947} INFO - Setting next_dagrun for latest_only_with_trigger to 2026-02-14 12:00:00+00:00, run_after=2026-02-14 16:00:00+00:00
[2026-02-14T16:00:20.766+0000] {processor.py:183} INFO - Processing /home/airflow/.local/lib/python3.12/site-packages/airflow/example_dags/example_latest_only_with_trigger.py took 0.030 seconds
[2026-02-14T16:00:51.250+0000] {processor.py:161} INFO - Started process (PID=1699) to work on /home/airflow/.local/lib/python3.12/site-packages/airflow/example_dags/example_latest_only_with_trigger.py
[2026-02-14T16:00:51.250+0000] {processor.py:830} INFO - Processing file /home/airflow/.local/lib/python3.12/site-packages/airflow/example_dags/example_latest_only_with_trigger.py for tasks to queue
[2026-02-14T16:00:51.252+0000] {logging_mixin.py:188} INFO - [2026-02-14T16:00:51.251+0000] {dagbag.py:545} INFO - Filling up the DagBag from /home/airflow/.local/lib/python3.12/site-packages/airflow/example_dags/example_latest_only_with_trigger.py
[2026-02-14T16:00:51.255+0000] {processor.py:840} INFO - DAG(s) 'latest_only_with_trigger' retrieved from /home/airflow/.local/lib/python3.12/site-packages/airflow/example_dags/example_latest_only_with_trigger.py
[2026-02-14T16:00:51.266+0000] {logging_mixin.py:188} INFO - [2026-02-14T16:00:51.265+0000] {dag.py:3089} INFO - Sync 1 DAGs
[2026-02-14T16:00:51.276+0000] {logging_mixin.py:188} INFO - [2026-02-14T16:00:51.276+0000] {dag.py:3947} INFO - Setting next_dagrun for latest_only_with_trigger to 2026-02-14 12:00:00+00:00, run_after=2026-02-14 16:00:00+00:00
[2026-02-14T16:00:51.284+0000] {processor.py:183} INFO - Processing /home/airflow/.local/lib/python3.12/site-packages/airflow/example_dags/example_latest_only_with_trigger.py took 0.038 seconds
[2026-02-14T16:01:21.733+0000] {processor.py:161} INFO - Started process (PID=1758) to work on /home/airflow/.local/lib/python3.12/site-packages/airflow/example_dags/example_latest_only_with_trigger.py
[2026-02-14T16:01:21.734+0000] {processor.py:830} INFO - Processing file /home/airflow/.local/lib/python3.12/site-packages/airflow/example_dags/example_latest_only_with_trigger.py for tasks to queue
[2026-02-14T16:01:21.735+0000] {logging_mixin.py:188} INFO - [2026-02-14T16:01:21.735+0000] {dagbag.py:545} INFO - Filling up the DagBag from /home/airflow/.local/lib/python3.12/site-packages/airflow/example_dags/example_latest_only_with_trigger.py
[2026-02-14T16:01:21.737+0000] {processor.py:840} INFO - DAG(s) 'latest_only_with_trigger' retrieved from /home/airflow/.local/lib/python3.12/site-packages/airflow/example_dags/example_latest_only_with_trigger.py
[2026-02-14T16:01:21.748+0000] {logging_mixin.py:188} INFO - [2026-02-14T16:01:21.747+0000] {dag.py:3089} INFO - Sync 1 DAGs
[2026-02-14T16:01:21.756+0000] {logging_mixin.py:188} INFO - [2026-02-14T16:01:21.756+0000] {dag.py:3947} INFO - Setting next_dagrun for latest_only_with_trigger to 2026-02-14 12:00:00+00:00, run_after=2026-02-14 16:00:00+00:00
[2026-02-14T16:01:21.766+0000] {processor.py:183} INFO - Processing /home/airflow/.local/lib/python3.12/site-packages/airflow/example_dags/example_latest_only_with_trigger.py took 0.036 seconds
[2026-02-14T16:01:52.103+0000] {processor.py:161} INFO - Started process (PID=1817) to work on /home/airflow/.local/lib/python3.12/site-packages/airflow/example_dags/example_latest_only_with_trigger.py
[2026-02-14T16:01:52.104+0000] {processor.py:830} INFO - Processing file /home/airflow/.local/lib/python3.12/site-packages/airflow/example_dags/example_latest_only_with_trigger.py for tasks to queue
[2026-02-14T16:01:52.105+0000] {logging_mixin.py:188} INFO - [2026-02-14T16:01:52.104+0000] {dagbag.py:545} INFO - Filling up the DagBag from /home/airflow/.local/lib/python3.12/site-packages/airflow/example_dags/example_latest_only_with_trigger.py
[2026-02-14T16:01:52.108+0000] {processor.py:840} INFO - DAG(s) 'latest_only_with_trigger' retrieved from /home/airflow/.local/lib/python3.12/site-packages/airflow/example_dags/example_latest_only_with_trigger.py
[2026-02-14T16:01:52.116+0000] {logging_mixin.py:188} INFO - [2026-02-14T16:01:52.116+0000] {dag.py:3089} INFO - Sync 1 DAGs
[2026-02-14T16:01:52.125+0000] {logging_mixin.py:188} INFO - [2026-02-14T16:01:52.125+0000] {dag.py:3947} INFO - Setting next_dagrun for latest_only_with_trigger to 2026-02-14 12:00:00+00:00, run_after=2026-02-14 16:00:00+00:00
[2026-02-14T16:01:52.131+0000] {processor.py:183} INFO - Processing /home/airflow/.local/lib/python3.12/site-packages/airflow/example_dags/example_latest_only_with_trigger.py took 0.031 seconds
[2026-02-14T16:02:22.494+0000] {processor.py:161} INFO - Started process (PID=1876) to work on /home/airflow/.local/lib/python3.12/site-packages/airflow/example_dags/example_latest_only_with_trigger.py
[2026-02-14T16:02:22.494+0000] {processor.py:830} INFO - Processing file /home/airflow/.local/lib/python3.12/site-packages/airflow/example_dags/example_latest_only_with_trigger.py for tasks to queue
[2026-02-14T16:02:22.495+0000] {logging_mixin.py:188} INFO - [2026-02-14T16:02:22.495+0000] {dagbag.py:545} INFO - Filling up the DagBag from /home/airflow/.local/lib/python3.12/site-packages/airflow/example_dags/example_latest_only_with_trigger.py
[2026-02-14T16:02:22.497+0000] {processor.py:840} INFO - DAG(s) 'latest_only_with_trigger' retrieved from /home/airflow/.local/lib/python3.12/site-packages/airflow/example_dags/example_latest_only_with_trigger.py
[2026-02-14T16:02:22.509+0000] {logging_mixin.py:188} INFO - [2026-02-14T16:02:22.509+0000] {dag.py:3089} INFO - Sync 1 DAGs
[2026-02-14T16:02:22.518+0000] {logging_mixin.py:188} INFO - [2026-02-14T16:02:22.518+0000] {dag.py:3947} INFO - Setting next_dagrun for latest_only_with_trigger to 2026-02-14 12:00:00+00:00, run_after=2026-02-14 16:00:00+00:00
[2026-02-14T16:02:22.528+0000] {processor.py:183} INFO - Processing /home/airflow/.local/lib/python3.12/site-packages/airflow/example_dags/example_latest_only_with_trigger.py took 0.036 seconds
[2026-02-14T16:02:52.928+0000] {processor.py:161} INFO - Started process (PID=1935) to work on /home/airflow/.local/lib/python3.12/site-packages/airflow/example_dags/example_latest_only_with_trigger.py
[2026-02-14T16:02:52.929+0000] {processor.py:830} INFO - Processing file /home/airflow/.local/lib/python3.12/site-packages/airflow/example_dags/example_latest_only_with_trigger.py for tasks to queue
[2026-02-14T16:02:52.930+0000] {logging_mixin.py:188} INFO - [2026-02-14T16:02:52.930+0000] {dagbag.py:545} INFO - Filling up the DagBag from /home/airflow/.local/lib/python3.12/site-packages/airflow/example_dags/example_latest_only_with_trigger.py
[2026-02-14T16:02:52.934+0000] {processor.py:840} INFO - DAG(s) 'latest_only_with_trigger' retrieved from /home/airflow/.local/lib/python3.12/site-packages/airflow/example_dags/example_latest_only_with_trigger.py
[2026-02-14T16:02:52.949+0000] {logging_mixin.py:188} INFO - [2026-02-14T16:02:52.949+0000] {dag.py:3089} INFO - Sync 1 DAGs
[2026-02-14T16:02:52.959+0000] {logging_mixin.py:188} INFO - [2026-02-14T16:02:52.958+0000] {dag.py:3947} INFO - Setting next_dagrun for latest_only_with_trigger to 2026-02-14 12:00:00+00:00, run_after=2026-02-14 16:00:00+00:00
[2026-02-14T16:02:52.971+0000] {processor.py:183} INFO - Processing /home/airflow/.local/lib/python3.12/site-packages/airflow/example_dags/example_latest_only_with_trigger.py took 0.046 seconds
[2026-02-14T16:03:23.496+0000] {processor.py:161} INFO - Started process (PID=1994) to work on /home/airflow/.local/lib/python3.12/site-packages/airflow/example_dags/example_latest_only_with_trigger.py
[2026-02-14T16:03:23.497+0000] {processor.py:830} INFO - Processing file /home/airflow/.local/lib/python3.12/site-packages/airflow/example_dags/example_latest_only_with_trigger.py for tasks to queue
[2026-02-14T16:03:23.499+0000] {logging_mixin.py:188} INFO - [2026-02-14T16:03:23.498+0000] {dagbag.py:545} INFO - Filling up the DagBag from /home/airflow/.local/lib/python3.12/site-packages/airflow/example_dags/example_latest_only_with_trigger.py
[2026-02-14T16:03:23.505+0000] {processor.py:840} INFO - DAG(s) 'latest_only_with_trigger' retrieved from /home/airflow/.local/lib/python3.12/site-packages/airflow/example_dags/example_latest_only_with_trigger.py
[2026-02-14T16:03:23.515+0000] {logging_mixin.py:188} INFO - [2026-02-14T16:03:23.515+0000] {dag.py:3089} INFO - Sync 1 DAGs
[2026-02-14T16:03:23.523+0000] {logging_mixin.py:188} INFO - [2026-02-14T16:03:23.523+0000] {dag.py:3947} INFO - Setting next_dagrun for latest_only_with_trigger to 2026-02-14 12:00:00+00:00, run_after=2026-02-14 16:00:00+00:00
[2026-02-14T16:03:23.529+0000] {processor.py:183} INFO - Processing /home/airflow/.local/lib/python3.12/site-packages/airflow/example_dags/example_latest_only_with_trigger.py took 0.036 seconds
[2026-02-14T16:03:54.071+0000] {processor.py:161} INFO - Started process (PID=2053) to work on /home/airflow/.local/lib/python3.12/site-packages/airflow/example_dags/example_latest_only_with_trigger.py
[2026-02-14T16:03:54.072+0000] {processor.py:830} INFO - Processing file /home/airflow/.local/lib/python3.12/site-packages/airflow/example_dags/example_latest_only_with_trigger.py for tasks to queue
[2026-02-14T16:03:54.073+0000] {logging_mixin.py:188} INFO - [2026-02-14T16:03:54.073+0000] {dagbag.py:545} INFO - Filling up the DagBag from /home/airflow/.local/lib/python3.12/site-packages/airflow/example_dags/example_latest_only_with_trigger.py
[2026-02-14T16:03:54.075+0000] {processor.py:840} INFO - DAG(s) 'latest_only_with_trigger' retrieved from /home/airflow/.local/lib/python3.12/site-packages/airflow/example_dags/example_latest_only_with_trigger.py
[2026-02-14T16:03:54.084+0000] {logging_mixin.py:188} INFO - [2026-02-14T16:03:54.083+0000] {dag.py:3089} INFO - Sync 1 DAGs
[2026-02-14T16:03:54.092+0000] {logging_mixin.py:188} INFO - [2026-02-14T16:03:54.092+0000] {dag.py:3947} INFO - Setting next_dagrun for latest_only_with_trigger to 2026-02-14 12:00:00+00:00, run_after=2026-02-14 16:00:00+00:00
[2026-02-14T16:03:54.098+0000] {processor.py:183} INFO - Processing /home/airflow/.local/lib/python3.12/site-packages/airflow/example_dags/example_latest_only_with_trigger.py took 0.029 seconds
[2026-02-14T16:04:24.763+0000] {processor.py:161} INFO - Started process (PID=2112) to work on /home/airflow/.local/lib/python3.12/site-packages/airflow/example_dags/example_latest_only_with_trigger.py
[2026-02-14T16:04:24.763+0000] {processor.py:830} INFO - Processing file /home/airflow/.local/lib/python3.12/site-packages/airflow/example_dags/example_latest_only_with_trigger.py for tasks to queue
[2026-02-14T16:04:24.765+0000] {logging_mixin.py:188} INFO - [2026-02-14T16:04:24.765+0000] {dagbag.py:545} INFO - Filling up the DagBag from /home/airflow/.local/lib/python3.12/site-packages/airflow/example_dags/example_latest_only_with_trigger.py
[2026-02-14T16:04:24.769+0000] {processor.py:840} INFO - DAG(s) 'latest_only_with_trigger' retrieved from /home/airflow/.local/lib/python3.12/site-packages/airflow/example_dags/example_latest_only_with_trigger.py
[2026-02-14T16:04:24.780+0000] {logging_mixin.py:188} INFO - [2026-02-14T16:04:24.780+0000] {dag.py:3089} INFO - Sync 1 DAGs
[2026-02-14T16:04:24.789+0000] {logging_mixin.py:188} INFO - [2026-02-14T16:04:24.789+0000] {dag.py:3947} INFO - Setting next_dagrun for latest_only_with_trigger to 2026-02-14 12:00:00+00:00, run_after=2026-02-14 16:00:00+00:00
[2026-02-14T16:04:24.795+0000] {processor.py:183} INFO - Processing /home/airflow/.local/lib/python3.12/site-packages/airflow/example_dags/example_latest_only_with_trigger.py took 0.035 seconds
[2026-02-14T16:04:55.280+0000] {processor.py:161} INFO - Started process (PID=2171) to work on /home/airflow/.local/lib/python3.12/site-packages/airflow/example_dags/example_latest_only_with_trigger.py
[2026-02-14T16:04:55.280+0000] {processor.py:830} INFO - Processing file /home/airflow/.local/lib/python3.12/site-packages/airflow/example_dags/example_latest_only_with_trigger.py for tasks to queue
[2026-02-14T16:04:55.282+0000] {logging_mixin.py:188} INFO - [2026-02-14T16:04:55.282+0000] {dagbag.py:545} INFO - Filling up the DagBag from /home/airflow/.local/lib/python3.12/site-packages/airflow/example_dags/example_latest_only_with_trigger.py
[2026-02-14T16:04:55.285+0000] {processor.py:840} INFO - DAG(s) 'latest_only_with_trigger' retrieved from /home/airflow/.local/lib/python3.12/site-packages/airflow/example_dags/example_latest_only_with_trigger.py
[2026-02-14T16:04:55.292+0000] {logging_mixin.py:188} INFO - [2026-02-14T16:04:55.292+0000] {dag.py:3089} INFO - Sync 1 DAGs
[2026-02-14T16:04:55.300+0000] {logging_mixin.py:188} INFO - [2026-02-14T16:04:55.300+0000] {dag.py:3947} INFO - Setting next_dagrun for latest_only_with_trigger to 2026-02-14 12:00:00+00:00, run_after=2026-02-14 16:00:00+00:00
[2026-02-14T16:04:55.310+0000] {processor.py:183} INFO - Processing /home/airflow/.local/lib/python3.12/site-packages/airflow/example_dags/example_latest_only_with_trigger.py took 0.032 seconds
[2026-02-14T16:05:25.765+0000] {processor.py:161} INFO - Started process (PID=2230) to work on /home/airflow/.local/lib/python3.12/site-packages/airflow/example_dags/example_latest_only_with_trigger.py
[2026-02-14T16:05:25.766+0000] {processor.py:830} INFO - Processing file /home/airflow/.local/lib/python3.12/site-packages/airflow/example_dags/example_latest_only_with_trigger.py for tasks to queue
[2026-02-14T16:05:25.767+0000] {logging_mixin.py:188} INFO - [2026-02-14T16:05:25.767+0000] {dagbag.py:545} INFO - Filling up the DagBag from /home/airflow/.local/lib/python3.12/site-packages/airflow/example_dags/example_latest_only_with_trigger.py
[2026-02-14T16:05:25.769+0000] {processor.py:840} INFO - DAG(s) 'latest_only_with_trigger' retrieved from /home/airflow/.local/lib/python3.12/site-packages/airflow/example_dags/example_latest_only_with_trigger.py
[2026-02-14T16:05:25.777+0000] {logging_mixin.py:188} INFO - [2026-02-14T16:05:25.777+0000] {dag.py:3089} INFO - Sync 1 DAGs
[2026-02-14T16:05:25.786+0000] {logging_mixin.py:188} INFO - [2026-02-14T16:05:25.786+0000] {dag.py:3947} INFO - Setting next_dagrun for latest_only_with_trigger to 2026-02-14 12:00:00+00:00, run_after=2026-02-14 16:00:00+00:00
[2026-02-14T16:05:25.792+0000] {processor.py:183} INFO - Processing /home/airflow/.local/lib/python3.12/site-packages/airflow/example_dags/example_latest_only_with_trigger.py took 0.029 seconds
[2026-02-14T16:05:56.230+0000] {processor.py:161} INFO - Started process (PID=2289) to work on /home/airflow/.local/lib/python3.12/site-packages/airflow/example_dags/example_latest_only_with_trigger.py
[2026-02-14T16:05:56.231+0000] {processor.py:830} INFO - Processing file /home/airflow/.local/lib/python3.12/site-packages/airflow/example_dags/example_latest_only_with_trigger.py for tasks to queue
[2026-02-14T16:05:56.231+0000] {logging_mixin.py:188} INFO - [2026-02-14T16:05:56.231+0000] {dagbag.py:545} INFO - Filling up the DagBag from /home/airflow/.local/lib/python3.12/site-packages/airflow/example_dags/example_latest_only_with_trigger.py
[2026-02-14T16:05:56.233+0000] {processor.py:840} INFO - DAG(s) 'latest_only_with_trigger' retrieved from /home/airflow/.local/lib/python3.12/site-packages/airflow/example_dags/example_latest_only_with_trigger.py
[2026-02-14T16:05:56.241+0000] {logging_mixin.py:188} INFO - [2026-02-14T16:05:56.241+0000] {dag.py:3089} INFO - Sync 1 DAGs
[2026-02-14T16:05:56.248+0000] {logging_mixin.py:188} INFO - [2026-02-14T16:05:56.248+0000] {dag.py:3947} INFO - Setting next_dagrun for latest_only_with_trigger to 2026-02-14 12:00:00+00:00, run_after=2026-02-14 16:00:00+00:00
[2026-02-14T16:05:56.256+0000] {processor.py:183} INFO - Processing /home/airflow/.local/lib/python3.12/site-packages/airflow/example_dags/example_latest_only_with_trigger.py took 0.028 seconds
[2026-02-14T16:06:26.688+0000] {processor.py:161} INFO - Started process (PID=2348) to work on /home/airflow/.local/lib/python3.12/site-packages/airflow/example_dags/example_latest_only_with_trigger.py
[2026-02-14T16:06:26.689+0000] {processor.py:830} INFO - Processing file /home/airflow/.local/lib/python3.12/site-packages/airflow/example_dags/example_latest_only_with_trigger.py for tasks to queue
[2026-02-14T16:06:26.690+0000] {logging_mixin.py:188} INFO - [2026-02-14T16:06:26.689+0000] {dagbag.py:545} INFO - Filling up the DagBag from /home/airflow/.local/lib/python3.12/site-packages/airflow/example_dags/example_latest_only_with_trigger.py
[2026-02-14T16:06:26.693+0000] {processor.py:840} INFO - DAG(s) 'latest_only_with_trigger' retrieved from /home/airflow/.local/lib/python3.12/site-packages/airflow/example_dags/example_latest_only_with_trigger.py
[2026-02-14T16:06:26.704+0000] {logging_mixin.py:188} INFO - [2026-02-14T16:06:26.704+0000] {dag.py:3089} INFO - Sync 1 DAGs
[2026-02-14T16:06:26.713+0000] {logging_mixin.py:188} INFO - [2026-02-14T16:06:26.712+0000] {dag.py:3947} INFO - Setting next_dagrun for latest_only_with_trigger to 2026-02-14 12:00:00+00:00, run_after=2026-02-14 16:00:00+00:00
[2026-02-14T16:06:26.719+0000] {processor.py:183} INFO - Processing /home/airflow/.local/lib/python3.12/site-packages/airflow/example_dags/example_latest_only_with_trigger.py took 0.033 seconds
[2026-02-14T16:06:57.424+0000] {processor.py:161} INFO - Started process (PID=2407) to work on /home/airflow/.local/lib/python3.12/site-packages/airflow/example_dags/example_latest_only_with_trigger.py
[2026-02-14T16:06:57.425+0000] {processor.py:830} INFO - Processing file /home/airflow/.local/lib/python3.12/site-packages/airflow/example_dags/example_latest_only_with_trigger.py for tasks to queue
[2026-02-14T16:06:57.427+0000] {logging_mixin.py:188} INFO - [2026-02-14T16:06:57.426+0000] {dagbag.py:545} INFO - Filling up the DagBag from /home/airflow/.local/lib/python3.12/site-packages/airflow/example_dags/example_latest_only_with_trigger.py
[2026-02-14T16:06:57.433+0000] {processor.py:840} INFO - DAG(s) 'latest_only_with_trigger' retrieved from /home/airflow/.local/lib/python3.12/site-packages/airflow/example_dags/example_latest_only_with_trigger.py
[2026-02-14T16:06:57.449+0000] {logging_mixin.py:188} INFO - [2026-02-14T16:06:57.449+0000] {dag.py:3089} INFO - Sync 1 DAGs
[2026-02-14T16:06:57.471+0000] {logging_mixin.py:188} INFO - [2026-02-14T16:06:57.471+0000] {dag.py:3947} INFO - Setting next_dagrun for latest_only_with_trigger to 2026-02-14 12:00:00+00:00, run_after=2026-02-14 16:00:00+00:00
[2026-02-14T16:06:57.494+0000] {processor.py:183} INFO - Processing /home/airflow/.local/lib/python3.12/site-packages/airflow/example_dags/example_latest_only_with_trigger.py took 0.073 seconds
[2026-02-14T16:07:28.205+0000] {processor.py:161} INFO - Started process (PID=2466) to work on /home/airflow/.local/lib/python3.12/site-packages/airflow/example_dags/example_latest_only_with_trigger.py
[2026-02-14T16:07:28.206+0000] {processor.py:830} INFO - Processing file /home/airflow/.local/lib/python3.12/site-packages/airflow/example_dags/example_latest_only_with_trigger.py for tasks to queue
[2026-02-14T16:07:28.207+0000] {logging_mixin.py:188} INFO - [2026-02-14T16:07:28.207+0000] {dagbag.py:545} INFO - Filling up the DagBag from /home/airflow/.local/lib/python3.12/site-packages/airflow/example_dags/example_latest_only_with_trigger.py
[2026-02-14T16:07:28.209+0000] {processor.py:840} INFO - DAG(s) 'latest_only_with_trigger' retrieved from /home/airflow/.local/lib/python3.12/site-packages/airflow/example_dags/example_latest_only_with_trigger.py
[2026-02-14T16:07:28.218+0000] {logging_mixin.py:188} INFO - [2026-02-14T16:07:28.218+0000] {dag.py:3089} INFO - Sync 1 DAGs
[2026-02-14T16:07:28.226+0000] {logging_mixin.py:188} INFO - [2026-02-14T16:07:28.226+0000] {dag.py:3947} INFO - Setting next_dagrun for latest_only_with_trigger to 2026-02-14 12:00:00+00:00, run_after=2026-02-14 16:00:00+00:00
[2026-02-14T16:07:28.234+0000] {processor.py:183} INFO - Processing /home/airflow/.local/lib/python3.12/site-packages/airflow/example_dags/example_latest_only_with_trigger.py took 0.031 seconds
[2026-02-14T16:07:59.001+0000] {processor.py:161} INFO - Started process (PID=2525) to work on /home/airflow/.local/lib/python3.12/site-packages/airflow/example_dags/example_latest_only_with_trigger.py
[2026-02-14T16:07:59.002+0000] {processor.py:830} INFO - Processing file /home/airflow/.local/lib/python3.12/site-packages/airflow/example_dags/example_latest_only_with_trigger.py for tasks to queue
[2026-02-14T16:07:59.003+0000] {logging_mixin.py:188} INFO - [2026-02-14T16:07:59.003+0000] {dagbag.py:545} INFO - Filling up the DagBag from /home/airflow/.local/lib/python3.12/site-packages/airflow/example_dags/example_latest_only_with_trigger.py
[2026-02-14T16:07:59.006+0000] {processor.py:840} INFO - DAG(s) 'latest_only_with_trigger' retrieved from /home/airflow/.local/lib/python3.12/site-packages/airflow/example_dags/example_latest_only_with_trigger.py
[2026-02-14T16:07:59.016+0000] {logging_mixin.py:188} INFO - [2026-02-14T16:07:59.015+0000] {dag.py:3089} INFO - Sync 1 DAGs
[2026-02-14T16:07:59.023+0000] {logging_mixin.py:188} INFO - [2026-02-14T16:07:59.023+0000] {dag.py:3947} INFO - Setting next_dagrun for latest_only_with_trigger to 2026-02-14 12:00:00+00:00, run_after=2026-02-14 16:00:00+00:00
[2026-02-14T16:07:59.028+0000] {processor.py:183} INFO - Processing /home/airflow/.local/lib/python3.12/site-packages/airflow/example_dags/example_latest_only_with_trigger.py took 0.029 seconds
[2026-02-14T16:08:29.483+0000] {processor.py:161} INFO - Started process (PID=2584) to work on /home/airflow/.local/lib/python3.12/site-packages/airflow/example_dags/example_latest_only_with_trigger.py
[2026-02-14T16:08:29.483+0000] {processor.py:830} INFO - Processing file /home/airflow/.local/lib/python3.12/site-packages/airflow/example_dags/example_latest_only_with_trigger.py for tasks to queue
[2026-02-14T16:08:29.485+0000] {logging_mixin.py:188} INFO - [2026-02-14T16:08:29.485+0000] {dagbag.py:545} INFO - Filling up the DagBag from /home/airflow/.local/lib/python3.12/site-packages/airflow/example_dags/example_latest_only_with_trigger.py
[2026-02-14T16:08:29.488+0000] {processor.py:840} INFO - DAG(s) 'latest_only_with_trigger' retrieved from /home/airflow/.local/lib/python3.12/site-packages/airflow/example_dags/example_latest_only_with_trigger.py
[2026-02-14T16:08:29.500+0000] {logging_mixin.py:188} INFO - [2026-02-14T16:08:29.500+0000] {dag.py:3089} INFO - Sync 1 DAGs
[2026-02-14T16:08:29.509+0000] {logging_mixin.py:188} INFO - [2026-02-14T16:08:29.509+0000] {dag.py:3947} INFO - Setting next_dagrun for latest_only_with_trigger to 2026-02-14 12:00:00+00:00, run_after=2026-02-14 16:00:00+00:00
[2026-02-14T16:08:29.517+0000] {processor.py:183} INFO - Processing /home/airflow/.local/lib/python3.12/site-packages/airflow/example_dags/example_latest_only_with_trigger.py took 0.036 seconds
[2026-02-14T16:08:59.928+0000] {processor.py:161} INFO - Started process (PID=2643) to work on /home/airflow/.local/lib/python3.12/site-packages/airflow/example_dags/example_latest_only_with_trigger.py
[2026-02-14T16:08:59.929+0000] {processor.py:830} INFO - Processing file /home/airflow/.local/lib/python3.12/site-packages/airflow/example_dags/example_latest_only_with_trigger.py for tasks to queue
[2026-02-14T16:08:59.930+0000] {logging_mixin.py:188} INFO - [2026-02-14T16:08:59.930+0000] {dagbag.py:545} INFO - Filling up the DagBag from /home/airflow/.local/lib/python3.12/site-packages/airflow/example_dags/example_latest_only_with_trigger.py
[2026-02-14T16:08:59.934+0000] {processor.py:840} INFO - DAG(s) 'latest_only_with_trigger' retrieved from /home/airflow/.local/lib/python3.12/site-packages/airflow/example_dags/example_latest_only_with_trigger.py
[2026-02-14T16:08:59.943+0000] {logging_mixin.py:188} INFO - [2026-02-14T16:08:59.943+0000] {dag.py:3089} INFO - Sync 1 DAGs
[2026-02-14T16:08:59.951+0000] {logging_mixin.py:188} INFO - [2026-02-14T16:08:59.951+0000] {dag.py:3947} INFO - Setting next_dagrun for latest_only_with_trigger to 2026-02-14 12:00:00+00:00, run_after=2026-02-14 16:00:00+00:00
[2026-02-14T16:08:59.957+0000] {processor.py:183} INFO - Processing /home/airflow/.local/lib/python3.12/site-packages/airflow/example_dags/example_latest_only_with_trigger.py took 0.031 seconds
[2026-02-14T16:09:30.413+0000] {processor.py:161} INFO - Started process (PID=2702) to work on /home/airflow/.local/lib/python3.12/site-packages/airflow/example_dags/example_latest_only_with_trigger.py
[2026-02-14T16:09:30.414+0000] {processor.py:830} INFO - Processing file /home/airflow/.local/lib/python3.12/site-packages/airflow/example_dags/example_latest_only_with_trigger.py for tasks to queue
[2026-02-14T16:09:30.415+0000] {logging_mixin.py:188} INFO - [2026-02-14T16:09:30.415+0000] {dagbag.py:545} INFO - Filling up the DagBag from /home/airflow/.local/lib/python3.12/site-packages/airflow/example_dags/example_latest_only_with_trigger.py
[2026-02-14T16:09:30.417+0000] {processor.py:840} INFO - DAG(s) 'latest_only_with_trigger' retrieved from /home/airflow/.local/lib/python3.12/site-packages/airflow/example_dags/example_latest_only_with_trigger.py
[2026-02-14T16:09:30.425+0000] {logging_mixin.py:188} INFO - [2026-02-14T16:09:30.425+0000] {dag.py:3089} INFO - Sync 1 DAGs
[2026-02-14T16:09:30.436+0000] {logging_mixin.py:188} INFO - [2026-02-14T16:09:30.436+0000] {dag.py:3947} INFO - Setting next_dagrun for latest_only_with_trigger to 2026-02-14 12:00:00+00:00, run_after=2026-02-14 16:00:00+00:00
[2026-02-14T16:09:30.442+0000] {processor.py:183} INFO - Processing /home/airflow/.local/lib/python3.12/site-packages/airflow/example_dags/example_latest_only_with_trigger.py took 0.032 seconds
[2026-02-14T16:10:00.707+0000] {processor.py:161} INFO - Started process (PID=2761) to work on /home/airflow/.local/lib/python3.12/site-packages/airflow/example_dags/example_latest_only_with_trigger.py
[2026-02-14T16:10:00.707+0000] {processor.py:830} INFO - Processing file /home/airflow/.local/lib/python3.12/site-packages/airflow/example_dags/example_latest_only_with_trigger.py for tasks to queue
[2026-02-14T16:10:00.708+0000] {logging_mixin.py:188} INFO - [2026-02-14T16:10:00.708+0000] {dagbag.py:545} INFO - Filling up the DagBag from /home/airflow/.local/lib/python3.12/site-packages/airflow/example_dags/example_latest_only_with_trigger.py
[2026-02-14T16:10:00.710+0000] {processor.py:840} INFO - DAG(s) 'latest_only_with_trigger' retrieved from /home/airflow/.local/lib/python3.12/site-packages/airflow/example_dags/example_latest_only_with_trigger.py
[2026-02-14T16:10:00.719+0000] {logging_mixin.py:188} INFO - [2026-02-14T16:10:00.719+0000] {dag.py:3089} INFO - Sync 1 DAGs
[2026-02-14T16:10:00.728+0000] {logging_mixin.py:188} INFO - [2026-02-14T16:10:00.728+0000] {dag.py:3947} INFO - Setting next_dagrun for latest_only_with_trigger to 2026-02-14 12:00:00+00:00, run_after=2026-02-14 16:00:00+00:00
[2026-02-14T16:10:00.734+0000] {processor.py:183} INFO - Processing /home/airflow/.local/lib/python3.12/site-packages/airflow/example_dags/example_latest_only_with_trigger.py took 0.029 seconds
[2026-02-14T16:10:31.078+0000] {processor.py:161} INFO - Started process (PID=2819) to work on /home/airflow/.local/lib/python3.12/site-packages/airflow/example_dags/example_latest_only_with_trigger.py
[2026-02-14T16:10:31.079+0000] {processor.py:830} INFO - Processing file /home/airflow/.local/lib/python3.12/site-packages/airflow/example_dags/example_latest_only_with_trigger.py for tasks to queue
[2026-02-14T16:10:31.080+0000] {logging_mixin.py:188} INFO - [2026-02-14T16:10:31.080+0000] {dagbag.py:545} INFO - Filling up the DagBag from /home/airflow/.local/lib/python3.12/site-packages/airflow/example_dags/example_latest_only_with_trigger.py
[2026-02-14T16:10:31.083+0000] {processor.py:840} INFO - DAG(s) 'latest_only_with_trigger' retrieved from /home/airflow/.local/lib/python3.12/site-packages/airflow/example_dags/example_latest_only_with_trigger.py
[2026-02-14T16:10:31.095+0000] {logging_mixin.py:188} INFO - [2026-02-14T16:10:31.095+0000] {dag.py:3089} INFO - Sync 1 DAGs
[2026-02-14T16:10:31.106+0000] {logging_mixin.py:188} INFO - [2026-02-14T16:10:31.106+0000] {dag.py:3947} INFO - Setting next_dagrun for latest_only_with_trigger to 2026-02-14 12:00:00+00:00, run_after=2026-02-14 16:00:00+00:00
[2026-02-14T16:10:31.114+0000] {processor.py:183} INFO - Processing /home/airflow/.local/lib/python3.12/site-packages/airflow/example_dags/example_latest_only_with_trigger.py took 0.040 seconds
[2026-02-14T16:11:01.784+0000] {processor.py:161} INFO - Started process (PID=2878) to work on /home/airflow/.local/lib/python3.12/site-packages/airflow/example_dags/example_latest_only_with_trigger.py
[2026-02-14T16:11:01.784+0000] {processor.py:830} INFO - Processing file /home/airflow/.local/lib/python3.12/site-packages/airflow/example_dags/example_latest_only_with_trigger.py for tasks to queue
[2026-02-14T16:11:01.785+0000] {logging_mixin.py:188} INFO - [2026-02-14T16:11:01.785+0000] {dagbag.py:545} INFO - Filling up the DagBag from /home/airflow/.local/lib/python3.12/site-packages/airflow/example_dags/example_latest_only_with_trigger.py
[2026-02-14T16:11:01.789+0000] {processor.py:840} INFO - DAG(s) 'latest_only_with_trigger' retrieved from /home/airflow/.local/lib/python3.12/site-packages/airflow/example_dags/example_latest_only_with_trigger.py
[2026-02-14T16:11:01.811+0000] {logging_mixin.py:188} INFO - [2026-02-14T16:11:01.811+0000] {dag.py:3089} INFO - Sync 1 DAGs
[2026-02-14T16:11:01.835+0000] {logging_mixin.py:188} INFO - [2026-02-14T16:11:01.835+0000] {dag.py:3947} INFO - Setting next_dagrun for latest_only_with_trigger to 2026-02-14 12:00:00+00:00, run_after=2026-02-14 16:00:00+00:00
[2026-02-14T16:11:01.846+0000] {processor.py:183} INFO - Processing /home/airflow/.local/lib/python3.12/site-packages/airflow/example_dags/example_latest_only_with_trigger.py took 0.066 seconds
[2026-02-14T16:11:31.913+0000] {processor.py:161} INFO - Started process (PID=2937) to work on /home/airflow/.local/lib/python3.12/site-packages/airflow/example_dags/example_latest_only_with_trigger.py
[2026-02-14T16:11:31.915+0000] {processor.py:830} INFO - Processing file /home/airflow/.local/lib/python3.12/site-packages/airflow/example_dags/example_latest_only_with_trigger.py for tasks to queue
[2026-02-14T16:11:31.916+0000] {logging_mixin.py:188} INFO - [2026-02-14T16:11:31.916+0000] {dagbag.py:545} INFO - Filling up the DagBag from /home/airflow/.local/lib/python3.12/site-packages/airflow/example_dags/example_latest_only_with_trigger.py
[2026-02-14T16:11:31.920+0000] {processor.py:840} INFO - DAG(s) 'latest_only_with_trigger' retrieved from /home/airflow/.local/lib/python3.12/site-packages/airflow/example_dags/example_latest_only_with_trigger.py
[2026-02-14T16:11:31.955+0000] {logging_mixin.py:188} INFO - [2026-02-14T16:11:31.954+0000] {dag.py:3089} INFO - Sync 1 DAGs
[2026-02-14T16:11:31.985+0000] {logging_mixin.py:188} INFO - [2026-02-14T16:11:31.985+0000] {dag.py:3947} INFO - Setting next_dagrun for latest_only_with_trigger to 2026-02-14 12:00:00+00:00, run_after=2026-02-14 16:00:00+00:00
[2026-02-14T16:11:32.055+0000] {processor.py:183} INFO - Processing /home/airflow/.local/lib/python3.12/site-packages/airflow/example_dags/example_latest_only_with_trigger.py took 0.146 seconds
[2026-02-14T16:12:02.425+0000] {processor.py:161} INFO - Started process (PID=2996) to work on /home/airflow/.local/lib/python3.12/site-packages/airflow/example_dags/example_latest_only_with_trigger.py
[2026-02-14T16:12:02.426+0000] {processor.py:830} INFO - Processing file /home/airflow/.local/lib/python3.12/site-packages/airflow/example_dags/example_latest_only_with_trigger.py for tasks to queue
[2026-02-14T16:12:02.427+0000] {logging_mixin.py:188} INFO - [2026-02-14T16:12:02.426+0000] {dagbag.py:545} INFO - Filling up the DagBag from /home/airflow/.local/lib/python3.12/site-packages/airflow/example_dags/example_latest_only_with_trigger.py
[2026-02-14T16:12:02.429+0000] {processor.py:840} INFO - DAG(s) 'latest_only_with_trigger' retrieved from /home/airflow/.local/lib/python3.12/site-packages/airflow/example_dags/example_latest_only_with_trigger.py
[2026-02-14T16:12:02.439+0000] {logging_mixin.py:188} INFO - [2026-02-14T16:12:02.439+0000] {dag.py:3089} INFO - Sync 1 DAGs
[2026-02-14T16:12:02.448+0000] {logging_mixin.py:188} INFO - [2026-02-14T16:12:02.448+0000] {dag.py:3947} INFO - Setting next_dagrun for latest_only_with_trigger to 2026-02-14 12:00:00+00:00, run_after=2026-02-14 16:00:00+00:00
[2026-02-14T16:12:02.454+0000] {processor.py:183} INFO - Processing /home/airflow/.local/lib/python3.12/site-packages/airflow/example_dags/example_latest_only_with_trigger.py took 0.033 seconds
[2026-02-14T16:12:32.872+0000] {processor.py:161} INFO - Started process (PID=3055) to work on /home/airflow/.local/lib/python3.12/site-packages/airflow/example_dags/example_latest_only_with_trigger.py
[2026-02-14T16:12:32.872+0000] {processor.py:830} INFO - Processing file /home/airflow/.local/lib/python3.12/site-packages/airflow/example_dags/example_latest_only_with_trigger.py for tasks to queue
[2026-02-14T16:12:32.873+0000] {logging_mixin.py:188} INFO - [2026-02-14T16:12:32.873+0000] {dagbag.py:545} INFO - Filling up the DagBag from /home/airflow/.local/lib/python3.12/site-packages/airflow/example_dags/example_latest_only_with_trigger.py
[2026-02-14T16:12:32.876+0000] {processor.py:840} INFO - DAG(s) 'latest_only_with_trigger' retrieved from /home/airflow/.local/lib/python3.12/site-packages/airflow/example_dags/example_latest_only_with_trigger.py
[2026-02-14T16:12:32.885+0000] {logging_mixin.py:188} INFO - [2026-02-14T16:12:32.885+0000] {dag.py:3089} INFO - Sync 1 DAGs
[2026-02-14T16:12:32.896+0000] {logging_mixin.py:188} INFO - [2026-02-14T16:12:32.896+0000] {dag.py:3947} INFO - Setting next_dagrun for latest_only_with_trigger to 2026-02-14 12:00:00+00:00, run_after=2026-02-14 16:00:00+00:00
[2026-02-14T16:12:32.905+0000] {processor.py:183} INFO - Processing /home/airflow/.local/lib/python3.12/site-packages/airflow/example_dags/example_latest_only_with_trigger.py took 0.037 seconds
[2026-02-14T16:13:03.374+0000] {processor.py:161} INFO - Started process (PID=3114) to work on /home/airflow/.local/lib/python3.12/site-packages/airflow/example_dags/example_latest_only_with_trigger.py
[2026-02-14T16:13:03.374+0000] {processor.py:830} INFO - Processing file /home/airflow/.local/lib/python3.12/site-packages/airflow/example_dags/example_latest_only_with_trigger.py for tasks to queue
[2026-02-14T16:13:03.375+0000] {logging_mixin.py:188} INFO - [2026-02-14T16:13:03.375+0000] {dagbag.py:545} INFO - Filling up the DagBag from /home/airflow/.local/lib/python3.12/site-packages/airflow/example_dags/example_latest_only_with_trigger.py
[2026-02-14T16:13:03.378+0000] {processor.py:840} INFO - DAG(s) 'latest_only_with_trigger' retrieved from /home/airflow/.local/lib/python3.12/site-packages/airflow/example_dags/example_latest_only_with_trigger.py
[2026-02-14T16:13:03.386+0000] {logging_mixin.py:188} INFO - [2026-02-14T16:13:03.386+0000] {dag.py:3089} INFO - Sync 1 DAGs
[2026-02-14T16:13:03.395+0000] {logging_mixin.py:188} INFO - [2026-02-14T16:13:03.395+0000] {dag.py:3947} INFO - Setting next_dagrun for latest_only_with_trigger to 2026-02-14 12:00:00+00:00, run_after=2026-02-14 16:00:00+00:00
[2026-02-14T16:13:03.401+0000] {processor.py:183} INFO - Processing /home/airflow/.local/lib/python3.12/site-packages/airflow/example_dags/example_latest_only_with_trigger.py took 0.030 seconds
[2026-02-14T16:13:33.650+0000] {processor.py:161} INFO - Started process (PID=3173) to work on /home/airflow/.local/lib/python3.12/site-packages/airflow/example_dags/example_latest_only_with_trigger.py
[2026-02-14T16:13:33.651+0000] {processor.py:830} INFO - Processing file /home/airflow/.local/lib/python3.12/site-packages/airflow/example_dags/example_latest_only_with_trigger.py for tasks to queue
[2026-02-14T16:13:33.652+0000] {logging_mixin.py:188} INFO - [2026-02-14T16:13:33.652+0000] {dagbag.py:545} INFO - Filling up the DagBag from /home/airflow/.local/lib/python3.12/site-packages/airflow/example_dags/example_latest_only_with_trigger.py
[2026-02-14T16:13:33.655+0000] {processor.py:840} INFO - DAG(s) 'latest_only_with_trigger' retrieved from /home/airflow/.local/lib/python3.12/site-packages/airflow/example_dags/example_latest_only_with_trigger.py
[2026-02-14T16:13:33.666+0000] {logging_mixin.py:188} INFO - [2026-02-14T16:13:33.665+0000] {dag.py:3089} INFO - Sync 1 DAGs
[2026-02-14T16:13:33.674+0000] {logging_mixin.py:188} INFO - [2026-02-14T16:13:33.674+0000] {dag.py:3947} INFO - Setting next_dagrun for latest_only_with_trigger to 2026-02-14 12:00:00+00:00, run_after=2026-02-14 16:00:00+00:00
[2026-02-14T16:13:33.680+0000] {processor.py:183} INFO - Processing /home/airflow/.local/lib/python3.12/site-packages/airflow/example_dags/example_latest_only_with_trigger.py took 0.033 seconds
[2026-02-14T16:14:03.968+0000] {processor.py:161} INFO - Started process (PID=3232) to work on /home/airflow/.local/lib/python3.12/site-packages/airflow/example_dags/example_latest_only_with_trigger.py
[2026-02-14T16:14:03.969+0000] {processor.py:830} INFO - Processing file /home/airflow/.local/lib/python3.12/site-packages/airflow/example_dags/example_latest_only_with_trigger.py for tasks to queue
[2026-02-14T16:14:03.971+0000] {logging_mixin.py:188} INFO - [2026-02-14T16:14:03.971+0000] {dagbag.py:545} INFO - Filling up the DagBag from /home/airflow/.local/lib/python3.12/site-packages/airflow/example_dags/example_latest_only_with_trigger.py
[2026-02-14T16:14:03.980+0000] {processor.py:840} INFO - DAG(s) 'latest_only_with_trigger' retrieved from /home/airflow/.local/lib/python3.12/site-packages/airflow/example_dags/example_latest_only_with_trigger.py
[2026-02-14T16:14:03.992+0000] {logging_mixin.py:188} INFO - [2026-02-14T16:14:03.992+0000] {dag.py:3089} INFO - Sync 1 DAGs
[2026-02-14T16:14:04.002+0000] {logging_mixin.py:188} INFO - [2026-02-14T16:14:04.001+0000] {dag.py:3947} INFO - Setting next_dagrun for latest_only_with_trigger to 2026-02-14 12:00:00+00:00, run_after=2026-02-14 16:00:00+00:00
[2026-02-14T16:14:04.009+0000] {processor.py:183} INFO - Processing /home/airflow/.local/lib/python3.12/site-packages/airflow/example_dags/example_latest_only_with_trigger.py took 0.044 seconds
[2026-02-14T16:14:34.434+0000] {processor.py:161} INFO - Started process (PID=3291) to work on /home/airflow/.local/lib/python3.12/site-packages/airflow/example_dags/example_latest_only_with_trigger.py
[2026-02-14T16:14:34.434+0000] {processor.py:830} INFO - Processing file /home/airflow/.local/lib/python3.12/site-packages/airflow/example_dags/example_latest_only_with_trigger.py for tasks to queue
[2026-02-14T16:14:34.436+0000] {logging_mixin.py:188} INFO - [2026-02-14T16:14:34.436+0000] {dagbag.py:545} INFO - Filling up the DagBag from /home/airflow/.local/lib/python3.12/site-packages/airflow/example_dags/example_latest_only_with_trigger.py
[2026-02-14T16:14:34.444+0000] {processor.py:840} INFO - DAG(s) 'latest_only_with_trigger' retrieved from /home/airflow/.local/lib/python3.12/site-packages/airflow/example_dags/example_latest_only_with_trigger.py
[2026-02-14T16:14:34.470+0000] {logging_mixin.py:188} INFO - [2026-02-14T16:14:34.469+0000] {dag.py:3089} INFO - Sync 1 DAGs
[2026-02-14T16:14:34.495+0000] {logging_mixin.py:188} INFO - [2026-02-14T16:14:34.495+0000] {dag.py:3947} INFO - Setting next_dagrun for latest_only_with_trigger to 2026-02-14 12:00:00+00:00, run_after=2026-02-14 16:00:00+00:00
[2026-02-14T16:14:34.523+0000] {processor.py:183} INFO - Processing /home/airflow/.local/lib/python3.12/site-packages/airflow/example_dags/example_latest_only_with_trigger.py took 0.095 seconds
[2026-02-14T16:15:05.441+0000] {processor.py:161} INFO - Started process (PID=3350) to work on /home/airflow/.local/lib/python3.12/site-packages/airflow/example_dags/example_latest_only_with_trigger.py
[2026-02-14T16:15:05.442+0000] {processor.py:830} INFO - Processing file /home/airflow/.local/lib/python3.12/site-packages/airflow/example_dags/example_latest_only_with_trigger.py for tasks to queue
[2026-02-14T16:15:05.444+0000] {logging_mixin.py:188} INFO - [2026-02-14T16:15:05.444+0000] {dagbag.py:545} INFO - Filling up the DagBag from /home/airflow/.local/lib/python3.12/site-packages/airflow/example_dags/example_latest_only_with_trigger.py
[2026-02-14T16:15:05.447+0000] {processor.py:840} INFO - DAG(s) 'latest_only_with_trigger' retrieved from /home/airflow/.local/lib/python3.12/site-packages/airflow/example_dags/example_latest_only_with_trigger.py
[2026-02-14T16:15:05.458+0000] {logging_mixin.py:188} INFO - [2026-02-14T16:15:05.458+0000] {dag.py:3089} INFO - Sync 1 DAGs
[2026-02-14T16:15:05.469+0000] {logging_mixin.py:188} INFO - [2026-02-14T16:15:05.469+0000] {dag.py:3947} INFO - Setting next_dagrun for latest_only_with_trigger to 2026-02-14 12:00:00+00:00, run_after=2026-02-14 16:00:00+00:00
[2026-02-14T16:15:05.479+0000] {processor.py:183} INFO - Processing /home/airflow/.local/lib/python3.12/site-packages/airflow/example_dags/example_latest_only_with_trigger.py took 0.042 seconds
[2026-02-14T16:15:36.096+0000] {processor.py:161} INFO - Started process (PID=3409) to work on /home/airflow/.local/lib/python3.12/site-packages/airflow/example_dags/example_latest_only_with_trigger.py
[2026-02-14T16:15:36.097+0000] {processor.py:830} INFO - Processing file /home/airflow/.local/lib/python3.12/site-packages/airflow/example_dags/example_latest_only_with_trigger.py for tasks to queue
[2026-02-14T16:15:36.098+0000] {logging_mixin.py:188} INFO - [2026-02-14T16:15:36.098+0000] {dagbag.py:545} INFO - Filling up the DagBag from /home/airflow/.local/lib/python3.12/site-packages/airflow/example_dags/example_latest_only_with_trigger.py
[2026-02-14T16:15:36.101+0000] {processor.py:840} INFO - DAG(s) 'latest_only_with_trigger' retrieved from /home/airflow/.local/lib/python3.12/site-packages/airflow/example_dags/example_latest_only_with_trigger.py
[2026-02-14T16:15:36.112+0000] {logging_mixin.py:188} INFO - [2026-02-14T16:15:36.112+0000] {dag.py:3089} INFO - Sync 1 DAGs
[2026-02-14T16:15:36.123+0000] {logging_mixin.py:188} INFO - [2026-02-14T16:15:36.123+0000] {dag.py:3947} INFO - Setting next_dagrun for latest_only_with_trigger to 2026-02-14 12:00:00+00:00, run_after=2026-02-14 16:00:00+00:00
[2026-02-14T16:15:36.131+0000] {processor.py:183} INFO - Processing /home/airflow/.local/lib/python3.12/site-packages/airflow/example_dags/example_latest_only_with_trigger.py took 0.038 seconds
[2026-02-14T16:16:06.245+0000] {processor.py:161} INFO - Started process (PID=3468) to work on /home/airflow/.local/lib/python3.12/site-packages/airflow/example_dags/example_latest_only_with_trigger.py
[2026-02-14T16:16:06.247+0000] {processor.py:830} INFO - Processing file /home/airflow/.local/lib/python3.12/site-packages/airflow/example_dags/example_latest_only_with_trigger.py for tasks to queue
[2026-02-14T16:16:06.248+0000] {logging_mixin.py:188} INFO - [2026-02-14T16:16:06.248+0000] {dagbag.py:545} INFO - Filling up the DagBag from /home/airflow/.local/lib/python3.12/site-packages/airflow/example_dags/example_latest_only_with_trigger.py
[2026-02-14T16:16:06.251+0000] {processor.py:840} INFO - DAG(s) 'latest_only_with_trigger' retrieved from /home/airflow/.local/lib/python3.12/site-packages/airflow/example_dags/example_latest_only_with_trigger.py
[2026-02-14T16:16:06.263+0000] {logging_mixin.py:188} INFO - [2026-02-14T16:16:06.263+0000] {dag.py:3089} INFO - Sync 1 DAGs
[2026-02-14T16:16:06.273+0000] {logging_mixin.py:188} INFO - [2026-02-14T16:16:06.273+0000] {dag.py:3947} INFO - Setting next_dagrun for latest_only_with_trigger to 2026-02-14 12:00:00+00:00, run_after=2026-02-14 16:00:00+00:00
[2026-02-14T16:16:06.279+0000] {processor.py:183} INFO - Processing /home/airflow/.local/lib/python3.12/site-packages/airflow/example_dags/example_latest_only_with_trigger.py took 0.036 seconds
[2026-02-14T16:16:36.820+0000] {processor.py:161} INFO - Started process (PID=3527) to work on /home/airflow/.local/lib/python3.12/site-packages/airflow/example_dags/example_latest_only_with_trigger.py
[2026-02-14T16:16:36.821+0000] {processor.py:830} INFO - Processing file /home/airflow/.local/lib/python3.12/site-packages/airflow/example_dags/example_latest_only_with_trigger.py for tasks to queue
[2026-02-14T16:16:36.822+0000] {logging_mixin.py:188} INFO - [2026-02-14T16:16:36.822+0000] {dagbag.py:545} INFO - Filling up the DagBag from /home/airflow/.local/lib/python3.12/site-packages/airflow/example_dags/example_latest_only_with_trigger.py
[2026-02-14T16:16:36.825+0000] {processor.py:840} INFO - DAG(s) 'latest_only_with_trigger' retrieved from /home/airflow/.local/lib/python3.12/site-packages/airflow/example_dags/example_latest_only_with_trigger.py
[2026-02-14T16:16:36.835+0000] {logging_mixin.py:188} INFO - [2026-02-14T16:16:36.835+0000] {dag.py:3089} INFO - Sync 1 DAGs
[2026-02-14T16:16:36.843+0000] {logging_mixin.py:188} INFO - [2026-02-14T16:16:36.843+0000] {dag.py:3947} INFO - Setting next_dagrun for latest_only_with_trigger to 2026-02-14 12:00:00+00:00, run_after=2026-02-14 16:00:00+00:00
[2026-02-14T16:16:36.850+0000] {processor.py:183} INFO - Processing /home/airflow/.local/lib/python3.12/site-packages/airflow/example_dags/example_latest_only_with_trigger.py took 0.034 seconds
[2026-02-14T16:17:07.352+0000] {processor.py:161} INFO - Started process (PID=3586) to work on /home/airflow/.local/lib/python3.12/site-packages/airflow/example_dags/example_latest_only_with_trigger.py
[2026-02-14T16:17:07.353+0000] {processor.py:830} INFO - Processing file /home/airflow/.local/lib/python3.12/site-packages/airflow/example_dags/example_latest_only_with_trigger.py for tasks to queue
[2026-02-14T16:17:07.355+0000] {logging_mixin.py:188} INFO - [2026-02-14T16:17:07.354+0000] {dagbag.py:545} INFO - Filling up the DagBag from /home/airflow/.local/lib/python3.12/site-packages/airflow/example_dags/example_latest_only_with_trigger.py
[2026-02-14T16:17:07.359+0000] {processor.py:840} INFO - DAG(s) 'latest_only_with_trigger' retrieved from /home/airflow/.local/lib/python3.12/site-packages/airflow/example_dags/example_latest_only_with_trigger.py
[2026-02-14T16:17:07.371+0000] {logging_mixin.py:188} INFO - [2026-02-14T16:17:07.371+0000] {dag.py:3089} INFO - Sync 1 DAGs
[2026-02-14T16:17:07.382+0000] {logging_mixin.py:188} INFO - [2026-02-14T16:17:07.382+0000] {dag.py:3947} INFO - Setting next_dagrun for latest_only_with_trigger to 2026-02-14 12:00:00+00:00, run_after=2026-02-14 16:00:00+00:00
[2026-02-14T16:17:07.391+0000] {processor.py:183} INFO - Processing /home/airflow/.local/lib/python3.12/site-packages/airflow/example_dags/example_latest_only_with_trigger.py took 0.042 seconds
[2026-02-14T16:17:38.017+0000] {processor.py:161} INFO - Started process (PID=3645) to work on /home/airflow/.local/lib/python3.12/site-packages/airflow/example_dags/example_latest_only_with_trigger.py
[2026-02-14T16:17:38.018+0000] {processor.py:830} INFO - Processing file /home/airflow/.local/lib/python3.12/site-packages/airflow/example_dags/example_latest_only_with_trigger.py for tasks to queue
[2026-02-14T16:17:38.018+0000] {logging_mixin.py:188} INFO - [2026-02-14T16:17:38.018+0000] {dagbag.py:545} INFO - Filling up the DagBag from /home/airflow/.local/lib/python3.12/site-packages/airflow/example_dags/example_latest_only_with_trigger.py
[2026-02-14T16:17:38.021+0000] {processor.py:840} INFO - DAG(s) 'latest_only_with_trigger' retrieved from /home/airflow/.local/lib/python3.12/site-packages/airflow/example_dags/example_latest_only_with_trigger.py
[2026-02-14T16:17:38.030+0000] {logging_mixin.py:188} INFO - [2026-02-14T16:17:38.029+0000] {dag.py:3089} INFO - Sync 1 DAGs
[2026-02-14T16:17:38.038+0000] {logging_mixin.py:188} INFO - [2026-02-14T16:17:38.038+0000] {dag.py:3947} INFO - Setting next_dagrun for latest_only_with_trigger to 2026-02-14 12:00:00+00:00, run_after=2026-02-14 16:00:00+00:00
[2026-02-14T16:17:38.045+0000] {processor.py:183} INFO - Processing /home/airflow/.local/lib/python3.12/site-packages/airflow/example_dags/example_latest_only_with_trigger.py took 0.031 seconds
[2026-02-14T16:18:08.653+0000] {processor.py:161} INFO - Started process (PID=3704) to work on /home/airflow/.local/lib/python3.12/site-packages/airflow/example_dags/example_latest_only_with_trigger.py
[2026-02-14T16:18:08.654+0000] {processor.py:830} INFO - Processing file /home/airflow/.local/lib/python3.12/site-packages/airflow/example_dags/example_latest_only_with_trigger.py for tasks to queue
[2026-02-14T16:18:08.654+0000] {logging_mixin.py:188} INFO - [2026-02-14T16:18:08.654+0000] {dagbag.py:545} INFO - Filling up the DagBag from /home/airflow/.local/lib/python3.12/site-packages/airflow/example_dags/example_latest_only_with_trigger.py
[2026-02-14T16:18:08.656+0000] {processor.py:840} INFO - DAG(s) 'latest_only_with_trigger' retrieved from /home/airflow/.local/lib/python3.12/site-packages/airflow/example_dags/example_latest_only_with_trigger.py
[2026-02-14T16:18:08.666+0000] {logging_mixin.py:188} INFO - [2026-02-14T16:18:08.666+0000] {dag.py:3089} INFO - Sync 1 DAGs
[2026-02-14T16:18:08.674+0000] {logging_mixin.py:188} INFO - [2026-02-14T16:18:08.674+0000] {dag.py:3947} INFO - Setting next_dagrun for latest_only_with_trigger to 2026-02-14 12:00:00+00:00, run_after=2026-02-14 16:00:00+00:00
[2026-02-14T16:18:08.680+0000] {processor.py:183} INFO - Processing /home/airflow/.local/lib/python3.12/site-packages/airflow/example_dags/example_latest_only_with_trigger.py took 0.029 seconds
[2026-02-14T16:18:39.235+0000] {processor.py:161} INFO - Started process (PID=3763) to work on /home/airflow/.local/lib/python3.12/site-packages/airflow/example_dags/example_latest_only_with_trigger.py
[2026-02-14T16:18:39.235+0000] {processor.py:830} INFO - Processing file /home/airflow/.local/lib/python3.12/site-packages/airflow/example_dags/example_latest_only_with_trigger.py for tasks to queue
[2026-02-14T16:18:39.236+0000] {logging_mixin.py:188} INFO - [2026-02-14T16:18:39.236+0000] {dagbag.py:545} INFO - Filling up the DagBag from /home/airflow/.local/lib/python3.12/site-packages/airflow/example_dags/example_latest_only_with_trigger.py
[2026-02-14T16:18:39.241+0000] {processor.py:840} INFO - DAG(s) 'latest_only_with_trigger' retrieved from /home/airflow/.local/lib/python3.12/site-packages/airflow/example_dags/example_latest_only_with_trigger.py
[2026-02-14T16:18:39.254+0000] {logging_mixin.py:188} INFO - [2026-02-14T16:18:39.254+0000] {dag.py:3089} INFO - Sync 1 DAGs
[2026-02-14T16:18:39.268+0000] {logging_mixin.py:188} INFO - [2026-02-14T16:18:39.268+0000] {dag.py:3947} INFO - Setting next_dagrun for latest_only_with_trigger to 2026-02-14 12:00:00+00:00, run_after=2026-02-14 16:00:00+00:00
[2026-02-14T16:18:39.280+0000] {processor.py:183} INFO - Processing /home/airflow/.local/lib/python3.12/site-packages/airflow/example_dags/example_latest_only_with_trigger.py took 0.050 seconds
[2026-02-14T16:19:09.460+0000] {processor.py:161} INFO - Started process (PID=3822) to work on /home/airflow/.local/lib/python3.12/site-packages/airflow/example_dags/example_latest_only_with_trigger.py
[2026-02-14T16:19:09.461+0000] {processor.py:830} INFO - Processing file /home/airflow/.local/lib/python3.12/site-packages/airflow/example_dags/example_latest_only_with_trigger.py for tasks to queue
[2026-02-14T16:19:09.461+0000] {logging_mixin.py:188} INFO - [2026-02-14T16:19:09.461+0000] {dagbag.py:545} INFO - Filling up the DagBag from /home/airflow/.local/lib/python3.12/site-packages/airflow/example_dags/example_latest_only_with_trigger.py
[2026-02-14T16:19:09.464+0000] {processor.py:840} INFO - DAG(s) 'latest_only_with_trigger' retrieved from /home/airflow/.local/lib/python3.12/site-packages/airflow/example_dags/example_latest_only_with_trigger.py
[2026-02-14T16:19:09.474+0000] {logging_mixin.py:188} INFO - [2026-02-14T16:19:09.474+0000] {dag.py:3089} INFO - Sync 1 DAGs
[2026-02-14T16:19:09.484+0000] {logging_mixin.py:188} INFO - [2026-02-14T16:19:09.483+0000] {dag.py:3947} INFO - Setting next_dagrun for latest_only_with_trigger to 2026-02-14 12:00:00+00:00, run_after=2026-02-14 16:00:00+00:00
[2026-02-14T16:19:09.490+0000] {processor.py:183} INFO - Processing /home/airflow/.local/lib/python3.12/site-packages/airflow/example_dags/example_latest_only_with_trigger.py took 0.032 seconds
[2026-02-14T16:19:40.155+0000] {processor.py:161} INFO - Started process (PID=3881) to work on /home/airflow/.local/lib/python3.12/site-packages/airflow/example_dags/example_latest_only_with_trigger.py
[2026-02-14T16:19:40.156+0000] {processor.py:830} INFO - Processing file /home/airflow/.local/lib/python3.12/site-packages/airflow/example_dags/example_latest_only_with_trigger.py for tasks to queue
[2026-02-14T16:19:40.157+0000] {logging_mixin.py:188} INFO - [2026-02-14T16:19:40.157+0000] {dagbag.py:545} INFO - Filling up the DagBag from /home/airflow/.local/lib/python3.12/site-packages/airflow/example_dags/example_latest_only_with_trigger.py
[2026-02-14T16:19:40.160+0000] {processor.py:840} INFO - DAG(s) 'latest_only_with_trigger' retrieved from /home/airflow/.local/lib/python3.12/site-packages/airflow/example_dags/example_latest_only_with_trigger.py
[2026-02-14T16:19:40.174+0000] {logging_mixin.py:188} INFO - [2026-02-14T16:19:40.174+0000] {dag.py:3089} INFO - Sync 1 DAGs
[2026-02-14T16:19:40.189+0000] {logging_mixin.py:188} INFO - [2026-02-14T16:19:40.189+0000] {dag.py:3947} INFO - Setting next_dagrun for latest_only_with_trigger to 2026-02-14 12:00:00+00:00, run_after=2026-02-14 16:00:00+00:00
[2026-02-14T16:19:40.200+0000] {processor.py:183} INFO - Processing /home/airflow/.local/lib/python3.12/site-packages/airflow/example_dags/example_latest_only_with_trigger.py took 0.048 seconds
[2026-02-14T16:20:10.519+0000] {processor.py:161} INFO - Started process (PID=3941) to work on /home/airflow/.local/lib/python3.12/site-packages/airflow/example_dags/example_latest_only_with_trigger.py
[2026-02-14T16:20:10.522+0000] {processor.py:830} INFO - Processing file /home/airflow/.local/lib/python3.12/site-packages/airflow/example_dags/example_latest_only_with_trigger.py for tasks to queue
[2026-02-14T16:20:10.524+0000] {logging_mixin.py:188} INFO - [2026-02-14T16:20:10.524+0000] {dagbag.py:545} INFO - Filling up the DagBag from /home/airflow/.local/lib/python3.12/site-packages/airflow/example_dags/example_latest_only_with_trigger.py
[2026-02-14T16:20:10.527+0000] {processor.py:840} INFO - DAG(s) 'latest_only_with_trigger' retrieved from /home/airflow/.local/lib/python3.12/site-packages/airflow/example_dags/example_latest_only_with_trigger.py
[2026-02-14T16:20:10.571+0000] {logging_mixin.py:188} INFO - [2026-02-14T16:20:10.571+0000] {dag.py:3089} INFO - Sync 1 DAGs
[2026-02-14T16:20:10.595+0000] {logging_mixin.py:188} INFO - [2026-02-14T16:20:10.595+0000] {dag.py:3947} INFO - Setting next_dagrun for latest_only_with_trigger to 2026-02-14 12:00:00+00:00, run_after=2026-02-14 16:00:00+00:00
[2026-02-14T16:20:10.609+0000] {processor.py:183} INFO - Processing /home/airflow/.local/lib/python3.12/site-packages/airflow/example_dags/example_latest_only_with_trigger.py took 0.093 seconds
[2026-02-14T16:20:41.062+0000] {processor.py:161} INFO - Started process (PID=3999) to work on /home/airflow/.local/lib/python3.12/site-packages/airflow/example_dags/example_latest_only_with_trigger.py
[2026-02-14T16:20:41.064+0000] {processor.py:830} INFO - Processing file /home/airflow/.local/lib/python3.12/site-packages/airflow/example_dags/example_latest_only_with_trigger.py for tasks to queue
[2026-02-14T16:20:41.065+0000] {logging_mixin.py:188} INFO - [2026-02-14T16:20:41.065+0000] {dagbag.py:545} INFO - Filling up the DagBag from /home/airflow/.local/lib/python3.12/site-packages/airflow/example_dags/example_latest_only_with_trigger.py
[2026-02-14T16:20:41.068+0000] {processor.py:840} INFO - DAG(s) 'latest_only_with_trigger' retrieved from /home/airflow/.local/lib/python3.12/site-packages/airflow/example_dags/example_latest_only_with_trigger.py
[2026-02-14T16:20:41.079+0000] {logging_mixin.py:188} INFO - [2026-02-14T16:20:41.079+0000] {dag.py:3089} INFO - Sync 1 DAGs
[2026-02-14T16:20:41.089+0000] {logging_mixin.py:188} INFO - [2026-02-14T16:20:41.089+0000] {dag.py:3947} INFO - Setting next_dagrun for latest_only_with_trigger to 2026-02-14 12:00:00+00:00, run_after=2026-02-14 16:00:00+00:00
[2026-02-14T16:20:41.100+0000] {processor.py:183} INFO - Processing /home/airflow/.local/lib/python3.12/site-packages/airflow/example_dags/example_latest_only_with_trigger.py took 0.043 seconds
[2026-02-14T16:21:11.744+0000] {processor.py:161} INFO - Started process (PID=4058) to work on /home/airflow/.local/lib/python3.12/site-packages/airflow/example_dags/example_latest_only_with_trigger.py
[2026-02-14T16:21:11.744+0000] {processor.py:830} INFO - Processing file /home/airflow/.local/lib/python3.12/site-packages/airflow/example_dags/example_latest_only_with_trigger.py for tasks to queue
[2026-02-14T16:21:11.745+0000] {logging_mixin.py:188} INFO - [2026-02-14T16:21:11.745+0000] {dagbag.py:545} INFO - Filling up the DagBag from /home/airflow/.local/lib/python3.12/site-packages/airflow/example_dags/example_latest_only_with_trigger.py
[2026-02-14T16:21:11.748+0000] {processor.py:840} INFO - DAG(s) 'latest_only_with_trigger' retrieved from /home/airflow/.local/lib/python3.12/site-packages/airflow/example_dags/example_latest_only_with_trigger.py
[2026-02-14T16:21:11.757+0000] {logging_mixin.py:188} INFO - [2026-02-14T16:21:11.756+0000] {dag.py:3089} INFO - Sync 1 DAGs
[2026-02-14T16:21:11.764+0000] {logging_mixin.py:188} INFO - [2026-02-14T16:21:11.764+0000] {dag.py:3947} INFO - Setting next_dagrun for latest_only_with_trigger to 2026-02-14 12:00:00+00:00, run_after=2026-02-14 16:00:00+00:00
[2026-02-14T16:21:11.770+0000] {processor.py:183} INFO - Processing /home/airflow/.local/lib/python3.12/site-packages/airflow/example_dags/example_latest_only_with_trigger.py took 0.029 seconds
