[2026-02-14T15:46:37.127+0000] {processor.py:161} INFO - Started process (PID=46) to work on /home/airflow/.local/lib/python3.12/site-packages/airflow/example_dags/example_task_group_decorator.py
[2026-02-14T15:46:37.128+0000] {processor.py:830} INFO - Processing file /home/airflow/.local/lib/python3.12/site-packages/airflow/example_dags/example_task_group_decorator.py for tasks to queue
[2026-02-14T15:46:37.129+0000] {logging_mixin.py:188} INFO - [2026-02-14T15:46:37.129+0000] {dagbag.py:545} INFO - Filling up the DagBag from /home/airflow/.local/lib/python3.12/site-packages/airflow/example_dags/example_task_group_decorator.py
[2026-02-14T15:46:37.139+0000] {processor.py:840} INFO - DAG(s) 'example_task_group_decorator' retrieved from /home/airflow/.local/lib/python3.12/site-packages/airflow/example_dags/example_task_group_decorator.py
[2026-02-14T15:46:37.169+0000] {logging_mixin.py:188} INFO - [2026-02-14T15:46:37.169+0000] {dag.py:3089} INFO - Sync 1 DAGs
[2026-02-14T15:46:37.195+0000] {logging_mixin.py:188} INFO - [2026-02-14T15:46:37.195+0000] {dag.py:3947} INFO - Setting next_dagrun for example_task_group_decorator to 2026-02-13 00:00:00+00:00, run_after=2026-02-14 00:00:00+00:00
[2026-02-14T15:46:37.220+0000] {processor.py:183} INFO - Processing /home/airflow/.local/lib/python3.12/site-packages/airflow/example_dags/example_task_group_decorator.py took 0.099 seconds
[2026-02-14T15:47:07.320+0000] {processor.py:161} INFO - Started process (PID=105) to work on /home/airflow/.local/lib/python3.12/site-packages/airflow/example_dags/example_task_group_decorator.py
[2026-02-14T15:47:07.320+0000] {processor.py:830} INFO - Processing file /home/airflow/.local/lib/python3.12/site-packages/airflow/example_dags/example_task_group_decorator.py for tasks to queue
[2026-02-14T15:47:07.321+0000] {logging_mixin.py:188} INFO - [2026-02-14T15:47:07.321+0000] {dagbag.py:545} INFO - Filling up the DagBag from /home/airflow/.local/lib/python3.12/site-packages/airflow/example_dags/example_task_group_decorator.py
[2026-02-14T15:47:07.327+0000] {processor.py:840} INFO - DAG(s) 'example_task_group_decorator' retrieved from /home/airflow/.local/lib/python3.12/site-packages/airflow/example_dags/example_task_group_decorator.py
[2026-02-14T15:47:07.359+0000] {logging_mixin.py:188} INFO - [2026-02-14T15:47:07.359+0000] {dag.py:3089} INFO - Sync 1 DAGs
[2026-02-14T15:47:07.366+0000] {logging_mixin.py:188} INFO - [2026-02-14T15:47:07.366+0000] {dag.py:3947} INFO - Setting next_dagrun for example_task_group_decorator to 2026-02-13 00:00:00+00:00, run_after=2026-02-14 00:00:00+00:00
[2026-02-14T15:47:07.375+0000] {processor.py:183} INFO - Processing /home/airflow/.local/lib/python3.12/site-packages/airflow/example_dags/example_task_group_decorator.py took 0.057 seconds
[2026-02-14T15:47:37.440+0000] {processor.py:161} INFO - Started process (PID=164) to work on /home/airflow/.local/lib/python3.12/site-packages/airflow/example_dags/example_task_group_decorator.py
[2026-02-14T15:47:37.440+0000] {processor.py:830} INFO - Processing file /home/airflow/.local/lib/python3.12/site-packages/airflow/example_dags/example_task_group_decorator.py for tasks to queue
[2026-02-14T15:47:37.441+0000] {logging_mixin.py:188} INFO - [2026-02-14T15:47:37.441+0000] {dagbag.py:545} INFO - Filling up the DagBag from /home/airflow/.local/lib/python3.12/site-packages/airflow/example_dags/example_task_group_decorator.py
[2026-02-14T15:47:37.448+0000] {processor.py:840} INFO - DAG(s) 'example_task_group_decorator' retrieved from /home/airflow/.local/lib/python3.12/site-packages/airflow/example_dags/example_task_group_decorator.py
[2026-02-14T15:47:37.459+0000] {logging_mixin.py:188} INFO - [2026-02-14T15:47:37.458+0000] {dag.py:3089} INFO - Sync 1 DAGs
[2026-02-14T15:47:37.468+0000] {logging_mixin.py:188} INFO - [2026-02-14T15:47:37.468+0000] {dag.py:3947} INFO - Setting next_dagrun for example_task_group_decorator to 2026-02-13 00:00:00+00:00, run_after=2026-02-14 00:00:00+00:00
[2026-02-14T15:47:37.474+0000] {processor.py:183} INFO - Processing /home/airflow/.local/lib/python3.12/site-packages/airflow/example_dags/example_task_group_decorator.py took 0.037 seconds
[2026-02-14T15:48:08.062+0000] {processor.py:161} INFO - Started process (PID=223) to work on /home/airflow/.local/lib/python3.12/site-packages/airflow/example_dags/example_task_group_decorator.py
[2026-02-14T15:48:08.063+0000] {processor.py:830} INFO - Processing file /home/airflow/.local/lib/python3.12/site-packages/airflow/example_dags/example_task_group_decorator.py for tasks to queue
[2026-02-14T15:48:08.064+0000] {logging_mixin.py:188} INFO - [2026-02-14T15:48:08.064+0000] {dagbag.py:545} INFO - Filling up the DagBag from /home/airflow/.local/lib/python3.12/site-packages/airflow/example_dags/example_task_group_decorator.py
[2026-02-14T15:48:08.069+0000] {processor.py:840} INFO - DAG(s) 'example_task_group_decorator' retrieved from /home/airflow/.local/lib/python3.12/site-packages/airflow/example_dags/example_task_group_decorator.py
[2026-02-14T15:48:08.081+0000] {logging_mixin.py:188} INFO - [2026-02-14T15:48:08.081+0000] {dag.py:3089} INFO - Sync 1 DAGs
[2026-02-14T15:48:08.089+0000] {logging_mixin.py:188} INFO - [2026-02-14T15:48:08.089+0000] {dag.py:3947} INFO - Setting next_dagrun for example_task_group_decorator to 2026-02-13 00:00:00+00:00, run_after=2026-02-14 00:00:00+00:00
[2026-02-14T15:48:08.096+0000] {processor.py:183} INFO - Processing /home/airflow/.local/lib/python3.12/site-packages/airflow/example_dags/example_task_group_decorator.py took 0.036 seconds
[2026-02-14T15:48:38.689+0000] {processor.py:161} INFO - Started process (PID=282) to work on /home/airflow/.local/lib/python3.12/site-packages/airflow/example_dags/example_task_group_decorator.py
[2026-02-14T15:48:38.689+0000] {processor.py:830} INFO - Processing file /home/airflow/.local/lib/python3.12/site-packages/airflow/example_dags/example_task_group_decorator.py for tasks to queue
[2026-02-14T15:48:38.690+0000] {logging_mixin.py:188} INFO - [2026-02-14T15:48:38.690+0000] {dagbag.py:545} INFO - Filling up the DagBag from /home/airflow/.local/lib/python3.12/site-packages/airflow/example_dags/example_task_group_decorator.py
[2026-02-14T15:48:38.695+0000] {processor.py:840} INFO - DAG(s) 'example_task_group_decorator' retrieved from /home/airflow/.local/lib/python3.12/site-packages/airflow/example_dags/example_task_group_decorator.py
[2026-02-14T15:48:38.706+0000] {logging_mixin.py:188} INFO - [2026-02-14T15:48:38.706+0000] {dag.py:3089} INFO - Sync 1 DAGs
[2026-02-14T15:48:38.714+0000] {logging_mixin.py:188} INFO - [2026-02-14T15:48:38.714+0000] {dag.py:3947} INFO - Setting next_dagrun for example_task_group_decorator to 2026-02-13 00:00:00+00:00, run_after=2026-02-14 00:00:00+00:00
[2026-02-14T15:48:38.721+0000] {processor.py:183} INFO - Processing /home/airflow/.local/lib/python3.12/site-packages/airflow/example_dags/example_task_group_decorator.py took 0.035 seconds
[2026-02-14T15:49:09.330+0000] {processor.py:161} INFO - Started process (PID=347) to work on /home/airflow/.local/lib/python3.12/site-packages/airflow/example_dags/example_task_group_decorator.py
[2026-02-14T15:49:09.330+0000] {processor.py:830} INFO - Processing file /home/airflow/.local/lib/python3.12/site-packages/airflow/example_dags/example_task_group_decorator.py for tasks to queue
[2026-02-14T15:49:09.331+0000] {logging_mixin.py:188} INFO - [2026-02-14T15:49:09.331+0000] {dagbag.py:545} INFO - Filling up the DagBag from /home/airflow/.local/lib/python3.12/site-packages/airflow/example_dags/example_task_group_decorator.py
[2026-02-14T15:49:09.336+0000] {processor.py:840} INFO - DAG(s) 'example_task_group_decorator' retrieved from /home/airflow/.local/lib/python3.12/site-packages/airflow/example_dags/example_task_group_decorator.py
[2026-02-14T15:49:09.348+0000] {logging_mixin.py:188} INFO - [2026-02-14T15:49:09.348+0000] {dag.py:3089} INFO - Sync 1 DAGs
[2026-02-14T15:49:09.355+0000] {logging_mixin.py:188} INFO - [2026-02-14T15:49:09.355+0000] {dag.py:3947} INFO - Setting next_dagrun for example_task_group_decorator to 2026-02-13 00:00:00+00:00, run_after=2026-02-14 00:00:00+00:00
[2026-02-14T15:49:09.361+0000] {processor.py:183} INFO - Processing /home/airflow/.local/lib/python3.12/site-packages/airflow/example_dags/example_task_group_decorator.py took 0.035 seconds
[2026-02-14T15:49:39.727+0000] {processor.py:161} INFO - Started process (PID=406) to work on /home/airflow/.local/lib/python3.12/site-packages/airflow/example_dags/example_task_group_decorator.py
[2026-02-14T15:49:39.728+0000] {processor.py:830} INFO - Processing file /home/airflow/.local/lib/python3.12/site-packages/airflow/example_dags/example_task_group_decorator.py for tasks to queue
[2026-02-14T15:49:39.729+0000] {logging_mixin.py:188} INFO - [2026-02-14T15:49:39.729+0000] {dagbag.py:545} INFO - Filling up the DagBag from /home/airflow/.local/lib/python3.12/site-packages/airflow/example_dags/example_task_group_decorator.py
[2026-02-14T15:49:39.733+0000] {processor.py:840} INFO - DAG(s) 'example_task_group_decorator' retrieved from /home/airflow/.local/lib/python3.12/site-packages/airflow/example_dags/example_task_group_decorator.py
[2026-02-14T15:49:39.741+0000] {logging_mixin.py:188} INFO - [2026-02-14T15:49:39.741+0000] {dag.py:3089} INFO - Sync 1 DAGs
[2026-02-14T15:49:39.748+0000] {logging_mixin.py:188} INFO - [2026-02-14T15:49:39.748+0000] {dag.py:3947} INFO - Setting next_dagrun for example_task_group_decorator to 2026-02-13 00:00:00+00:00, run_after=2026-02-14 00:00:00+00:00
[2026-02-14T15:49:39.754+0000] {processor.py:183} INFO - Processing /home/airflow/.local/lib/python3.12/site-packages/airflow/example_dags/example_task_group_decorator.py took 0.029 seconds
[2026-02-14T15:50:10.099+0000] {processor.py:161} INFO - Started process (PID=465) to work on /home/airflow/.local/lib/python3.12/site-packages/airflow/example_dags/example_task_group_decorator.py
[2026-02-14T15:50:10.100+0000] {processor.py:830} INFO - Processing file /home/airflow/.local/lib/python3.12/site-packages/airflow/example_dags/example_task_group_decorator.py for tasks to queue
[2026-02-14T15:50:10.101+0000] {logging_mixin.py:188} INFO - [2026-02-14T15:50:10.101+0000] {dagbag.py:545} INFO - Filling up the DagBag from /home/airflow/.local/lib/python3.12/site-packages/airflow/example_dags/example_task_group_decorator.py
[2026-02-14T15:50:10.106+0000] {processor.py:840} INFO - DAG(s) 'example_task_group_decorator' retrieved from /home/airflow/.local/lib/python3.12/site-packages/airflow/example_dags/example_task_group_decorator.py
[2026-02-14T15:50:10.116+0000] {logging_mixin.py:188} INFO - [2026-02-14T15:50:10.116+0000] {dag.py:3089} INFO - Sync 1 DAGs
[2026-02-14T15:50:10.124+0000] {logging_mixin.py:188} INFO - [2026-02-14T15:50:10.124+0000] {dag.py:3947} INFO - Setting next_dagrun for example_task_group_decorator to 2026-02-13 00:00:00+00:00, run_after=2026-02-14 00:00:00+00:00
[2026-02-14T15:50:10.131+0000] {processor.py:183} INFO - Processing /home/airflow/.local/lib/python3.12/site-packages/airflow/example_dags/example_task_group_decorator.py took 0.034 seconds
[2026-02-14T15:50:40.535+0000] {processor.py:161} INFO - Started process (PID=524) to work on /home/airflow/.local/lib/python3.12/site-packages/airflow/example_dags/example_task_group_decorator.py
[2026-02-14T15:50:40.536+0000] {processor.py:830} INFO - Processing file /home/airflow/.local/lib/python3.12/site-packages/airflow/example_dags/example_task_group_decorator.py for tasks to queue
[2026-02-14T15:50:40.537+0000] {logging_mixin.py:188} INFO - [2026-02-14T15:50:40.536+0000] {dagbag.py:545} INFO - Filling up the DagBag from /home/airflow/.local/lib/python3.12/site-packages/airflow/example_dags/example_task_group_decorator.py
[2026-02-14T15:50:40.542+0000] {processor.py:840} INFO - DAG(s) 'example_task_group_decorator' retrieved from /home/airflow/.local/lib/python3.12/site-packages/airflow/example_dags/example_task_group_decorator.py
[2026-02-14T15:50:40.553+0000] {logging_mixin.py:188} INFO - [2026-02-14T15:50:40.553+0000] {dag.py:3089} INFO - Sync 1 DAGs
[2026-02-14T15:50:40.562+0000] {logging_mixin.py:188} INFO - [2026-02-14T15:50:40.562+0000] {dag.py:3947} INFO - Setting next_dagrun for example_task_group_decorator to 2026-02-13 00:00:00+00:00, run_after=2026-02-14 00:00:00+00:00
[2026-02-14T15:50:40.569+0000] {processor.py:183} INFO - Processing /home/airflow/.local/lib/python3.12/site-packages/airflow/example_dags/example_task_group_decorator.py took 0.036 seconds
[2026-02-14T15:51:11.215+0000] {processor.py:161} INFO - Started process (PID=583) to work on /home/airflow/.local/lib/python3.12/site-packages/airflow/example_dags/example_task_group_decorator.py
[2026-02-14T15:51:11.217+0000] {processor.py:830} INFO - Processing file /home/airflow/.local/lib/python3.12/site-packages/airflow/example_dags/example_task_group_decorator.py for tasks to queue
[2026-02-14T15:51:11.219+0000] {logging_mixin.py:188} INFO - [2026-02-14T15:51:11.219+0000] {dagbag.py:545} INFO - Filling up the DagBag from /home/airflow/.local/lib/python3.12/site-packages/airflow/example_dags/example_task_group_decorator.py
[2026-02-14T15:51:11.227+0000] {processor.py:840} INFO - DAG(s) 'example_task_group_decorator' retrieved from /home/airflow/.local/lib/python3.12/site-packages/airflow/example_dags/example_task_group_decorator.py
[2026-02-14T15:51:11.238+0000] {logging_mixin.py:188} INFO - [2026-02-14T15:51:11.238+0000] {dag.py:3089} INFO - Sync 1 DAGs
[2026-02-14T15:51:11.248+0000] {logging_mixin.py:188} INFO - [2026-02-14T15:51:11.248+0000] {dag.py:3947} INFO - Setting next_dagrun for example_task_group_decorator to 2026-02-13 00:00:00+00:00, run_after=2026-02-14 00:00:00+00:00
[2026-02-14T15:51:11.259+0000] {processor.py:183} INFO - Processing /home/airflow/.local/lib/python3.12/site-packages/airflow/example_dags/example_task_group_decorator.py took 0.049 seconds
[2026-02-14T15:51:41.775+0000] {processor.py:161} INFO - Started process (PID=642) to work on /home/airflow/.local/lib/python3.12/site-packages/airflow/example_dags/example_task_group_decorator.py
[2026-02-14T15:51:41.776+0000] {processor.py:830} INFO - Processing file /home/airflow/.local/lib/python3.12/site-packages/airflow/example_dags/example_task_group_decorator.py for tasks to queue
[2026-02-14T15:51:41.777+0000] {logging_mixin.py:188} INFO - [2026-02-14T15:51:41.777+0000] {dagbag.py:545} INFO - Filling up the DagBag from /home/airflow/.local/lib/python3.12/site-packages/airflow/example_dags/example_task_group_decorator.py
[2026-02-14T15:51:41.782+0000] {processor.py:840} INFO - DAG(s) 'example_task_group_decorator' retrieved from /home/airflow/.local/lib/python3.12/site-packages/airflow/example_dags/example_task_group_decorator.py
[2026-02-14T15:51:41.790+0000] {logging_mixin.py:188} INFO - [2026-02-14T15:51:41.790+0000] {dag.py:3089} INFO - Sync 1 DAGs
[2026-02-14T15:51:41.797+0000] {logging_mixin.py:188} INFO - [2026-02-14T15:51:41.797+0000] {dag.py:3947} INFO - Setting next_dagrun for example_task_group_decorator to 2026-02-13 00:00:00+00:00, run_after=2026-02-14 00:00:00+00:00
[2026-02-14T15:51:41.805+0000] {processor.py:183} INFO - Processing /home/airflow/.local/lib/python3.12/site-packages/airflow/example_dags/example_task_group_decorator.py took 0.031 seconds
[2026-02-14T15:52:12.220+0000] {processor.py:161} INFO - Started process (PID=701) to work on /home/airflow/.local/lib/python3.12/site-packages/airflow/example_dags/example_task_group_decorator.py
[2026-02-14T15:52:12.220+0000] {processor.py:830} INFO - Processing file /home/airflow/.local/lib/python3.12/site-packages/airflow/example_dags/example_task_group_decorator.py for tasks to queue
[2026-02-14T15:52:12.221+0000] {logging_mixin.py:188} INFO - [2026-02-14T15:52:12.221+0000] {dagbag.py:545} INFO - Filling up the DagBag from /home/airflow/.local/lib/python3.12/site-packages/airflow/example_dags/example_task_group_decorator.py
[2026-02-14T15:52:12.227+0000] {processor.py:840} INFO - DAG(s) 'example_task_group_decorator' retrieved from /home/airflow/.local/lib/python3.12/site-packages/airflow/example_dags/example_task_group_decorator.py
[2026-02-14T15:52:12.238+0000] {logging_mixin.py:188} INFO - [2026-02-14T15:52:12.238+0000] {dag.py:3089} INFO - Sync 1 DAGs
[2026-02-14T15:52:12.246+0000] {logging_mixin.py:188} INFO - [2026-02-14T15:52:12.246+0000] {dag.py:3947} INFO - Setting next_dagrun for example_task_group_decorator to 2026-02-13 00:00:00+00:00, run_after=2026-02-14 00:00:00+00:00
[2026-02-14T15:52:12.253+0000] {processor.py:183} INFO - Processing /home/airflow/.local/lib/python3.12/site-packages/airflow/example_dags/example_task_group_decorator.py took 0.036 seconds
[2026-02-14T15:52:42.725+0000] {processor.py:161} INFO - Started process (PID=760) to work on /home/airflow/.local/lib/python3.12/site-packages/airflow/example_dags/example_task_group_decorator.py
[2026-02-14T15:52:42.726+0000] {processor.py:830} INFO - Processing file /home/airflow/.local/lib/python3.12/site-packages/airflow/example_dags/example_task_group_decorator.py for tasks to queue
[2026-02-14T15:52:42.727+0000] {logging_mixin.py:188} INFO - [2026-02-14T15:52:42.727+0000] {dagbag.py:545} INFO - Filling up the DagBag from /home/airflow/.local/lib/python3.12/site-packages/airflow/example_dags/example_task_group_decorator.py
[2026-02-14T15:52:42.733+0000] {processor.py:840} INFO - DAG(s) 'example_task_group_decorator' retrieved from /home/airflow/.local/lib/python3.12/site-packages/airflow/example_dags/example_task_group_decorator.py
[2026-02-14T15:52:42.741+0000] {logging_mixin.py:188} INFO - [2026-02-14T15:52:42.741+0000] {dag.py:3089} INFO - Sync 1 DAGs
[2026-02-14T15:52:42.751+0000] {logging_mixin.py:188} INFO - [2026-02-14T15:52:42.751+0000] {dag.py:3947} INFO - Setting next_dagrun for example_task_group_decorator to 2026-02-13 00:00:00+00:00, run_after=2026-02-14 00:00:00+00:00
[2026-02-14T15:52:42.758+0000] {processor.py:183} INFO - Processing /home/airflow/.local/lib/python3.12/site-packages/airflow/example_dags/example_task_group_decorator.py took 0.035 seconds
[2026-02-14T15:53:13.057+0000] {processor.py:161} INFO - Started process (PID=819) to work on /home/airflow/.local/lib/python3.12/site-packages/airflow/example_dags/example_task_group_decorator.py
[2026-02-14T15:53:13.058+0000] {processor.py:830} INFO - Processing file /home/airflow/.local/lib/python3.12/site-packages/airflow/example_dags/example_task_group_decorator.py for tasks to queue
[2026-02-14T15:53:13.058+0000] {logging_mixin.py:188} INFO - [2026-02-14T15:53:13.058+0000] {dagbag.py:545} INFO - Filling up the DagBag from /home/airflow/.local/lib/python3.12/site-packages/airflow/example_dags/example_task_group_decorator.py
[2026-02-14T15:53:13.063+0000] {processor.py:840} INFO - DAG(s) 'example_task_group_decorator' retrieved from /home/airflow/.local/lib/python3.12/site-packages/airflow/example_dags/example_task_group_decorator.py
[2026-02-14T15:53:13.072+0000] {logging_mixin.py:188} INFO - [2026-02-14T15:53:13.072+0000] {dag.py:3089} INFO - Sync 1 DAGs
[2026-02-14T15:53:13.082+0000] {logging_mixin.py:188} INFO - [2026-02-14T15:53:13.082+0000] {dag.py:3947} INFO - Setting next_dagrun for example_task_group_decorator to 2026-02-13 00:00:00+00:00, run_after=2026-02-14 00:00:00+00:00
[2026-02-14T15:53:13.088+0000] {processor.py:183} INFO - Processing /home/airflow/.local/lib/python3.12/site-packages/airflow/example_dags/example_task_group_decorator.py took 0.034 seconds
[2026-02-14T15:53:43.355+0000] {processor.py:161} INFO - Started process (PID=878) to work on /home/airflow/.local/lib/python3.12/site-packages/airflow/example_dags/example_task_group_decorator.py
[2026-02-14T15:53:43.356+0000] {processor.py:830} INFO - Processing file /home/airflow/.local/lib/python3.12/site-packages/airflow/example_dags/example_task_group_decorator.py for tasks to queue
[2026-02-14T15:53:43.356+0000] {logging_mixin.py:188} INFO - [2026-02-14T15:53:43.356+0000] {dagbag.py:545} INFO - Filling up the DagBag from /home/airflow/.local/lib/python3.12/site-packages/airflow/example_dags/example_task_group_decorator.py
[2026-02-14T15:53:43.361+0000] {processor.py:840} INFO - DAG(s) 'example_task_group_decorator' retrieved from /home/airflow/.local/lib/python3.12/site-packages/airflow/example_dags/example_task_group_decorator.py
[2026-02-14T15:53:43.371+0000] {logging_mixin.py:188} INFO - [2026-02-14T15:53:43.371+0000] {dag.py:3089} INFO - Sync 1 DAGs
[2026-02-14T15:53:43.378+0000] {logging_mixin.py:188} INFO - [2026-02-14T15:53:43.378+0000] {dag.py:3947} INFO - Setting next_dagrun for example_task_group_decorator to 2026-02-13 00:00:00+00:00, run_after=2026-02-14 00:00:00+00:00
[2026-02-14T15:53:43.385+0000] {processor.py:183} INFO - Processing /home/airflow/.local/lib/python3.12/site-packages/airflow/example_dags/example_task_group_decorator.py took 0.032 seconds
[2026-02-14T15:54:13.818+0000] {processor.py:161} INFO - Started process (PID=937) to work on /home/airflow/.local/lib/python3.12/site-packages/airflow/example_dags/example_task_group_decorator.py
[2026-02-14T15:54:13.819+0000] {processor.py:830} INFO - Processing file /home/airflow/.local/lib/python3.12/site-packages/airflow/example_dags/example_task_group_decorator.py for tasks to queue
[2026-02-14T15:54:13.820+0000] {logging_mixin.py:188} INFO - [2026-02-14T15:54:13.820+0000] {dagbag.py:545} INFO - Filling up the DagBag from /home/airflow/.local/lib/python3.12/site-packages/airflow/example_dags/example_task_group_decorator.py
[2026-02-14T15:54:13.825+0000] {processor.py:840} INFO - DAG(s) 'example_task_group_decorator' retrieved from /home/airflow/.local/lib/python3.12/site-packages/airflow/example_dags/example_task_group_decorator.py
[2026-02-14T15:54:13.837+0000] {logging_mixin.py:188} INFO - [2026-02-14T15:54:13.837+0000] {dag.py:3089} INFO - Sync 1 DAGs
[2026-02-14T15:54:13.847+0000] {logging_mixin.py:188} INFO - [2026-02-14T15:54:13.847+0000] {dag.py:3947} INFO - Setting next_dagrun for example_task_group_decorator to 2026-02-13 00:00:00+00:00, run_after=2026-02-14 00:00:00+00:00
[2026-02-14T15:54:13.858+0000] {processor.py:183} INFO - Processing /home/airflow/.local/lib/python3.12/site-packages/airflow/example_dags/example_task_group_decorator.py took 0.043 seconds
[2026-02-14T15:54:44.332+0000] {processor.py:161} INFO - Started process (PID=996) to work on /home/airflow/.local/lib/python3.12/site-packages/airflow/example_dags/example_task_group_decorator.py
[2026-02-14T15:54:44.333+0000] {processor.py:830} INFO - Processing file /home/airflow/.local/lib/python3.12/site-packages/airflow/example_dags/example_task_group_decorator.py for tasks to queue
[2026-02-14T15:54:44.333+0000] {logging_mixin.py:188} INFO - [2026-02-14T15:54:44.333+0000] {dagbag.py:545} INFO - Filling up the DagBag from /home/airflow/.local/lib/python3.12/site-packages/airflow/example_dags/example_task_group_decorator.py
[2026-02-14T15:54:44.338+0000] {processor.py:840} INFO - DAG(s) 'example_task_group_decorator' retrieved from /home/airflow/.local/lib/python3.12/site-packages/airflow/example_dags/example_task_group_decorator.py
[2026-02-14T15:54:44.347+0000] {logging_mixin.py:188} INFO - [2026-02-14T15:54:44.347+0000] {dag.py:3089} INFO - Sync 1 DAGs
[2026-02-14T15:54:44.354+0000] {logging_mixin.py:188} INFO - [2026-02-14T15:54:44.354+0000] {dag.py:3947} INFO - Setting next_dagrun for example_task_group_decorator to 2026-02-13 00:00:00+00:00, run_after=2026-02-14 00:00:00+00:00
[2026-02-14T15:54:44.359+0000] {processor.py:183} INFO - Processing /home/airflow/.local/lib/python3.12/site-packages/airflow/example_dags/example_task_group_decorator.py took 0.030 seconds
[2026-02-14T15:55:15.467+0000] {processor.py:161} INFO - Started process (PID=1055) to work on /home/airflow/.local/lib/python3.12/site-packages/airflow/example_dags/example_task_group_decorator.py
[2026-02-14T15:55:15.468+0000] {processor.py:830} INFO - Processing file /home/airflow/.local/lib/python3.12/site-packages/airflow/example_dags/example_task_group_decorator.py for tasks to queue
[2026-02-14T15:55:15.472+0000] {logging_mixin.py:188} INFO - [2026-02-14T15:55:15.470+0000] {dagbag.py:545} INFO - Filling up the DagBag from /home/airflow/.local/lib/python3.12/site-packages/airflow/example_dags/example_task_group_decorator.py
[2026-02-14T15:55:15.502+0000] {processor.py:840} INFO - DAG(s) 'example_task_group_decorator' retrieved from /home/airflow/.local/lib/python3.12/site-packages/airflow/example_dags/example_task_group_decorator.py
[2026-02-14T15:55:15.536+0000] {logging_mixin.py:188} INFO - [2026-02-14T15:55:15.534+0000] {dag.py:3089} INFO - Sync 1 DAGs
[2026-02-14T15:55:15.585+0000] {logging_mixin.py:188} INFO - [2026-02-14T15:55:15.585+0000] {dag.py:3947} INFO - Setting next_dagrun for example_task_group_decorator to 2026-02-13 00:00:00+00:00, run_after=2026-02-14 00:00:00+00:00
[2026-02-14T15:55:15.629+0000] {processor.py:183} INFO - Processing /home/airflow/.local/lib/python3.12/site-packages/airflow/example_dags/example_task_group_decorator.py took 0.167 seconds
[2026-02-14T15:55:46.268+0000] {processor.py:161} INFO - Started process (PID=1113) to work on /home/airflow/.local/lib/python3.12/site-packages/airflow/example_dags/example_task_group_decorator.py
[2026-02-14T15:55:46.269+0000] {processor.py:830} INFO - Processing file /home/airflow/.local/lib/python3.12/site-packages/airflow/example_dags/example_task_group_decorator.py for tasks to queue
[2026-02-14T15:55:46.270+0000] {logging_mixin.py:188} INFO - [2026-02-14T15:55:46.270+0000] {dagbag.py:545} INFO - Filling up the DagBag from /home/airflow/.local/lib/python3.12/site-packages/airflow/example_dags/example_task_group_decorator.py
[2026-02-14T15:55:46.276+0000] {processor.py:840} INFO - DAG(s) 'example_task_group_decorator' retrieved from /home/airflow/.local/lib/python3.12/site-packages/airflow/example_dags/example_task_group_decorator.py
[2026-02-14T15:55:46.289+0000] {logging_mixin.py:188} INFO - [2026-02-14T15:55:46.289+0000] {dag.py:3089} INFO - Sync 1 DAGs
[2026-02-14T15:55:46.297+0000] {logging_mixin.py:188} INFO - [2026-02-14T15:55:46.296+0000] {dag.py:3947} INFO - Setting next_dagrun for example_task_group_decorator to 2026-02-13 00:00:00+00:00, run_after=2026-02-14 00:00:00+00:00
[2026-02-14T15:55:46.302+0000] {processor.py:183} INFO - Processing /home/airflow/.local/lib/python3.12/site-packages/airflow/example_dags/example_task_group_decorator.py took 0.037 seconds
[2026-02-14T15:56:16.790+0000] {processor.py:161} INFO - Started process (PID=1172) to work on /home/airflow/.local/lib/python3.12/site-packages/airflow/example_dags/example_task_group_decorator.py
[2026-02-14T15:56:16.790+0000] {processor.py:830} INFO - Processing file /home/airflow/.local/lib/python3.12/site-packages/airflow/example_dags/example_task_group_decorator.py for tasks to queue
[2026-02-14T15:56:16.791+0000] {logging_mixin.py:188} INFO - [2026-02-14T15:56:16.791+0000] {dagbag.py:545} INFO - Filling up the DagBag from /home/airflow/.local/lib/python3.12/site-packages/airflow/example_dags/example_task_group_decorator.py
[2026-02-14T15:56:16.796+0000] {processor.py:840} INFO - DAG(s) 'example_task_group_decorator' retrieved from /home/airflow/.local/lib/python3.12/site-packages/airflow/example_dags/example_task_group_decorator.py
[2026-02-14T15:56:16.808+0000] {logging_mixin.py:188} INFO - [2026-02-14T15:56:16.808+0000] {dag.py:3089} INFO - Sync 1 DAGs
[2026-02-14T15:56:16.815+0000] {logging_mixin.py:188} INFO - [2026-02-14T15:56:16.815+0000] {dag.py:3947} INFO - Setting next_dagrun for example_task_group_decorator to 2026-02-13 00:00:00+00:00, run_after=2026-02-14 00:00:00+00:00
[2026-02-14T15:56:16.824+0000] {processor.py:183} INFO - Processing /home/airflow/.local/lib/python3.12/site-packages/airflow/example_dags/example_task_group_decorator.py took 0.037 seconds
[2026-02-14T15:56:47.292+0000] {processor.py:161} INFO - Started process (PID=1231) to work on /home/airflow/.local/lib/python3.12/site-packages/airflow/example_dags/example_task_group_decorator.py
[2026-02-14T15:56:47.293+0000] {processor.py:830} INFO - Processing file /home/airflow/.local/lib/python3.12/site-packages/airflow/example_dags/example_task_group_decorator.py for tasks to queue
[2026-02-14T15:56:47.293+0000] {logging_mixin.py:188} INFO - [2026-02-14T15:56:47.293+0000] {dagbag.py:545} INFO - Filling up the DagBag from /home/airflow/.local/lib/python3.12/site-packages/airflow/example_dags/example_task_group_decorator.py
[2026-02-14T15:56:47.300+0000] {processor.py:840} INFO - DAG(s) 'example_task_group_decorator' retrieved from /home/airflow/.local/lib/python3.12/site-packages/airflow/example_dags/example_task_group_decorator.py
[2026-02-14T15:56:47.311+0000] {logging_mixin.py:188} INFO - [2026-02-14T15:56:47.311+0000] {dag.py:3089} INFO - Sync 1 DAGs
[2026-02-14T15:56:47.320+0000] {logging_mixin.py:188} INFO - [2026-02-14T15:56:47.320+0000] {dag.py:3947} INFO - Setting next_dagrun for example_task_group_decorator to 2026-02-13 00:00:00+00:00, run_after=2026-02-14 00:00:00+00:00
[2026-02-14T15:56:47.330+0000] {processor.py:183} INFO - Processing /home/airflow/.local/lib/python3.12/site-packages/airflow/example_dags/example_task_group_decorator.py took 0.041 seconds
[2026-02-14T15:57:17.834+0000] {processor.py:161} INFO - Started process (PID=1290) to work on /home/airflow/.local/lib/python3.12/site-packages/airflow/example_dags/example_task_group_decorator.py
[2026-02-14T15:57:17.834+0000] {processor.py:830} INFO - Processing file /home/airflow/.local/lib/python3.12/site-packages/airflow/example_dags/example_task_group_decorator.py for tasks to queue
[2026-02-14T15:57:17.835+0000] {logging_mixin.py:188} INFO - [2026-02-14T15:57:17.835+0000] {dagbag.py:545} INFO - Filling up the DagBag from /home/airflow/.local/lib/python3.12/site-packages/airflow/example_dags/example_task_group_decorator.py
[2026-02-14T15:57:17.841+0000] {processor.py:840} INFO - DAG(s) 'example_task_group_decorator' retrieved from /home/airflow/.local/lib/python3.12/site-packages/airflow/example_dags/example_task_group_decorator.py
[2026-02-14T15:57:17.853+0000] {logging_mixin.py:188} INFO - [2026-02-14T15:57:17.853+0000] {dag.py:3089} INFO - Sync 1 DAGs
[2026-02-14T15:57:17.861+0000] {logging_mixin.py:188} INFO - [2026-02-14T15:57:17.861+0000] {dag.py:3947} INFO - Setting next_dagrun for example_task_group_decorator to 2026-02-13 00:00:00+00:00, run_after=2026-02-14 00:00:00+00:00
[2026-02-14T15:57:17.944+0000] {processor.py:183} INFO - Processing /home/airflow/.local/lib/python3.12/site-packages/airflow/example_dags/example_task_group_decorator.py took 0.113 seconds
[2026-02-14T15:57:48.635+0000] {processor.py:161} INFO - Started process (PID=1349) to work on /home/airflow/.local/lib/python3.12/site-packages/airflow/example_dags/example_task_group_decorator.py
[2026-02-14T15:57:48.637+0000] {processor.py:830} INFO - Processing file /home/airflow/.local/lib/python3.12/site-packages/airflow/example_dags/example_task_group_decorator.py for tasks to queue
[2026-02-14T15:57:48.638+0000] {logging_mixin.py:188} INFO - [2026-02-14T15:57:48.638+0000] {dagbag.py:545} INFO - Filling up the DagBag from /home/airflow/.local/lib/python3.12/site-packages/airflow/example_dags/example_task_group_decorator.py
[2026-02-14T15:57:48.647+0000] {processor.py:840} INFO - DAG(s) 'example_task_group_decorator' retrieved from /home/airflow/.local/lib/python3.12/site-packages/airflow/example_dags/example_task_group_decorator.py
[2026-02-14T15:57:48.660+0000] {logging_mixin.py:188} INFO - [2026-02-14T15:57:48.659+0000] {dag.py:3089} INFO - Sync 1 DAGs
[2026-02-14T15:57:48.668+0000] {logging_mixin.py:188} INFO - [2026-02-14T15:57:48.668+0000] {dag.py:3947} INFO - Setting next_dagrun for example_task_group_decorator to 2026-02-13 00:00:00+00:00, run_after=2026-02-14 00:00:00+00:00
[2026-02-14T15:57:48.674+0000] {processor.py:183} INFO - Processing /home/airflow/.local/lib/python3.12/site-packages/airflow/example_dags/example_task_group_decorator.py took 0.042 seconds
[2026-02-14T15:58:18.995+0000] {processor.py:161} INFO - Started process (PID=1408) to work on /home/airflow/.local/lib/python3.12/site-packages/airflow/example_dags/example_task_group_decorator.py
[2026-02-14T15:58:18.996+0000] {processor.py:830} INFO - Processing file /home/airflow/.local/lib/python3.12/site-packages/airflow/example_dags/example_task_group_decorator.py for tasks to queue
[2026-02-14T15:58:18.997+0000] {logging_mixin.py:188} INFO - [2026-02-14T15:58:18.997+0000] {dagbag.py:545} INFO - Filling up the DagBag from /home/airflow/.local/lib/python3.12/site-packages/airflow/example_dags/example_task_group_decorator.py
[2026-02-14T15:58:19.003+0000] {processor.py:840} INFO - DAG(s) 'example_task_group_decorator' retrieved from /home/airflow/.local/lib/python3.12/site-packages/airflow/example_dags/example_task_group_decorator.py
[2026-02-14T15:58:19.016+0000] {logging_mixin.py:188} INFO - [2026-02-14T15:58:19.016+0000] {dag.py:3089} INFO - Sync 1 DAGs
[2026-02-14T15:58:19.024+0000] {logging_mixin.py:188} INFO - [2026-02-14T15:58:19.024+0000] {dag.py:3947} INFO - Setting next_dagrun for example_task_group_decorator to 2026-02-13 00:00:00+00:00, run_after=2026-02-14 00:00:00+00:00
[2026-02-14T15:58:19.030+0000] {processor.py:183} INFO - Processing /home/airflow/.local/lib/python3.12/site-packages/airflow/example_dags/example_task_group_decorator.py took 0.039 seconds
[2026-02-14T15:58:49.357+0000] {processor.py:161} INFO - Started process (PID=1467) to work on /home/airflow/.local/lib/python3.12/site-packages/airflow/example_dags/example_task_group_decorator.py
[2026-02-14T15:58:49.357+0000] {processor.py:830} INFO - Processing file /home/airflow/.local/lib/python3.12/site-packages/airflow/example_dags/example_task_group_decorator.py for tasks to queue
[2026-02-14T15:58:49.358+0000] {logging_mixin.py:188} INFO - [2026-02-14T15:58:49.358+0000] {dagbag.py:545} INFO - Filling up the DagBag from /home/airflow/.local/lib/python3.12/site-packages/airflow/example_dags/example_task_group_decorator.py
[2026-02-14T15:58:49.362+0000] {processor.py:840} INFO - DAG(s) 'example_task_group_decorator' retrieved from /home/airflow/.local/lib/python3.12/site-packages/airflow/example_dags/example_task_group_decorator.py
[2026-02-14T15:58:49.370+0000] {logging_mixin.py:188} INFO - [2026-02-14T15:58:49.370+0000] {dag.py:3089} INFO - Sync 1 DAGs
[2026-02-14T15:58:49.377+0000] {logging_mixin.py:188} INFO - [2026-02-14T15:58:49.377+0000] {dag.py:3947} INFO - Setting next_dagrun for example_task_group_decorator to 2026-02-13 00:00:00+00:00, run_after=2026-02-14 00:00:00+00:00
[2026-02-14T15:58:49.382+0000] {processor.py:183} INFO - Processing /home/airflow/.local/lib/python3.12/site-packages/airflow/example_dags/example_task_group_decorator.py took 0.027 seconds
[2026-02-14T15:59:19.642+0000] {processor.py:161} INFO - Started process (PID=1526) to work on /home/airflow/.local/lib/python3.12/site-packages/airflow/example_dags/example_task_group_decorator.py
[2026-02-14T15:59:19.642+0000] {processor.py:830} INFO - Processing file /home/airflow/.local/lib/python3.12/site-packages/airflow/example_dags/example_task_group_decorator.py for tasks to queue
[2026-02-14T15:59:19.643+0000] {logging_mixin.py:188} INFO - [2026-02-14T15:59:19.643+0000] {dagbag.py:545} INFO - Filling up the DagBag from /home/airflow/.local/lib/python3.12/site-packages/airflow/example_dags/example_task_group_decorator.py
[2026-02-14T15:59:19.648+0000] {processor.py:840} INFO - DAG(s) 'example_task_group_decorator' retrieved from /home/airflow/.local/lib/python3.12/site-packages/airflow/example_dags/example_task_group_decorator.py
[2026-02-14T15:59:19.724+0000] {logging_mixin.py:188} INFO - [2026-02-14T15:59:19.724+0000] {dag.py:3089} INFO - Sync 1 DAGs
[2026-02-14T15:59:19.730+0000] {logging_mixin.py:188} INFO - [2026-02-14T15:59:19.730+0000] {dag.py:3947} INFO - Setting next_dagrun for example_task_group_decorator to 2026-02-13 00:00:00+00:00, run_after=2026-02-14 00:00:00+00:00
[2026-02-14T15:59:19.737+0000] {processor.py:183} INFO - Processing /home/airflow/.local/lib/python3.12/site-packages/airflow/example_dags/example_task_group_decorator.py took 0.097 seconds
[2026-02-14T15:59:50.490+0000] {processor.py:161} INFO - Started process (PID=1585) to work on /home/airflow/.local/lib/python3.12/site-packages/airflow/example_dags/example_task_group_decorator.py
[2026-02-14T15:59:50.490+0000] {processor.py:830} INFO - Processing file /home/airflow/.local/lib/python3.12/site-packages/airflow/example_dags/example_task_group_decorator.py for tasks to queue
[2026-02-14T15:59:50.491+0000] {logging_mixin.py:188} INFO - [2026-02-14T15:59:50.491+0000] {dagbag.py:545} INFO - Filling up the DagBag from /home/airflow/.local/lib/python3.12/site-packages/airflow/example_dags/example_task_group_decorator.py
[2026-02-14T15:59:50.496+0000] {processor.py:840} INFO - DAG(s) 'example_task_group_decorator' retrieved from /home/airflow/.local/lib/python3.12/site-packages/airflow/example_dags/example_task_group_decorator.py
[2026-02-14T15:59:50.505+0000] {logging_mixin.py:188} INFO - [2026-02-14T15:59:50.505+0000] {dag.py:3089} INFO - Sync 1 DAGs
[2026-02-14T15:59:50.583+0000] {logging_mixin.py:188} INFO - [2026-02-14T15:59:50.583+0000] {dag.py:3947} INFO - Setting next_dagrun for example_task_group_decorator to 2026-02-13 00:00:00+00:00, run_after=2026-02-14 00:00:00+00:00
[2026-02-14T15:59:50.593+0000] {processor.py:183} INFO - Processing /home/airflow/.local/lib/python3.12/site-packages/airflow/example_dags/example_task_group_decorator.py took 0.105 seconds
[2026-02-14T16:00:20.821+0000] {processor.py:161} INFO - Started process (PID=1644) to work on /home/airflow/.local/lib/python3.12/site-packages/airflow/example_dags/example_task_group_decorator.py
[2026-02-14T16:00:20.822+0000] {processor.py:830} INFO - Processing file /home/airflow/.local/lib/python3.12/site-packages/airflow/example_dags/example_task_group_decorator.py for tasks to queue
[2026-02-14T16:00:20.823+0000] {logging_mixin.py:188} INFO - [2026-02-14T16:00:20.823+0000] {dagbag.py:545} INFO - Filling up the DagBag from /home/airflow/.local/lib/python3.12/site-packages/airflow/example_dags/example_task_group_decorator.py
[2026-02-14T16:00:20.830+0000] {processor.py:840} INFO - DAG(s) 'example_task_group_decorator' retrieved from /home/airflow/.local/lib/python3.12/site-packages/airflow/example_dags/example_task_group_decorator.py
[2026-02-14T16:00:20.839+0000] {logging_mixin.py:188} INFO - [2026-02-14T16:00:20.839+0000] {dag.py:3089} INFO - Sync 1 DAGs
[2026-02-14T16:00:20.847+0000] {logging_mixin.py:188} INFO - [2026-02-14T16:00:20.847+0000] {dag.py:3947} INFO - Setting next_dagrun for example_task_group_decorator to 2026-02-13 00:00:00+00:00, run_after=2026-02-14 00:00:00+00:00
[2026-02-14T16:00:20.853+0000] {processor.py:183} INFO - Processing /home/airflow/.local/lib/python3.12/site-packages/airflow/example_dags/example_task_group_decorator.py took 0.035 seconds
[2026-02-14T16:00:51.347+0000] {processor.py:161} INFO - Started process (PID=1703) to work on /home/airflow/.local/lib/python3.12/site-packages/airflow/example_dags/example_task_group_decorator.py
[2026-02-14T16:00:51.348+0000] {processor.py:830} INFO - Processing file /home/airflow/.local/lib/python3.12/site-packages/airflow/example_dags/example_task_group_decorator.py for tasks to queue
[2026-02-14T16:00:51.349+0000] {logging_mixin.py:188} INFO - [2026-02-14T16:00:51.349+0000] {dagbag.py:545} INFO - Filling up the DagBag from /home/airflow/.local/lib/python3.12/site-packages/airflow/example_dags/example_task_group_decorator.py
[2026-02-14T16:00:51.355+0000] {processor.py:840} INFO - DAG(s) 'example_task_group_decorator' retrieved from /home/airflow/.local/lib/python3.12/site-packages/airflow/example_dags/example_task_group_decorator.py
[2026-02-14T16:00:51.364+0000] {logging_mixin.py:188} INFO - [2026-02-14T16:00:51.364+0000] {dag.py:3089} INFO - Sync 1 DAGs
[2026-02-14T16:00:51.372+0000] {logging_mixin.py:188} INFO - [2026-02-14T16:00:51.372+0000] {dag.py:3947} INFO - Setting next_dagrun for example_task_group_decorator to 2026-02-13 00:00:00+00:00, run_after=2026-02-14 00:00:00+00:00
[2026-02-14T16:00:51.379+0000] {processor.py:183} INFO - Processing /home/airflow/.local/lib/python3.12/site-packages/airflow/example_dags/example_task_group_decorator.py took 0.035 seconds
[2026-02-14T16:01:21.850+0000] {processor.py:161} INFO - Started process (PID=1762) to work on /home/airflow/.local/lib/python3.12/site-packages/airflow/example_dags/example_task_group_decorator.py
[2026-02-14T16:01:21.851+0000] {processor.py:830} INFO - Processing file /home/airflow/.local/lib/python3.12/site-packages/airflow/example_dags/example_task_group_decorator.py for tasks to queue
[2026-02-14T16:01:21.851+0000] {logging_mixin.py:188} INFO - [2026-02-14T16:01:21.851+0000] {dagbag.py:545} INFO - Filling up the DagBag from /home/airflow/.local/lib/python3.12/site-packages/airflow/example_dags/example_task_group_decorator.py
[2026-02-14T16:01:21.857+0000] {processor.py:840} INFO - DAG(s) 'example_task_group_decorator' retrieved from /home/airflow/.local/lib/python3.12/site-packages/airflow/example_dags/example_task_group_decorator.py
[2026-02-14T16:01:21.868+0000] {logging_mixin.py:188} INFO - [2026-02-14T16:01:21.868+0000] {dag.py:3089} INFO - Sync 1 DAGs
[2026-02-14T16:01:21.877+0000] {logging_mixin.py:188} INFO - [2026-02-14T16:01:21.877+0000] {dag.py:3947} INFO - Setting next_dagrun for example_task_group_decorator to 2026-02-13 00:00:00+00:00, run_after=2026-02-14 00:00:00+00:00
[2026-02-14T16:01:21.884+0000] {processor.py:183} INFO - Processing /home/airflow/.local/lib/python3.12/site-packages/airflow/example_dags/example_task_group_decorator.py took 0.037 seconds
[2026-02-14T16:01:52.180+0000] {processor.py:161} INFO - Started process (PID=1821) to work on /home/airflow/.local/lib/python3.12/site-packages/airflow/example_dags/example_task_group_decorator.py
[2026-02-14T16:01:52.182+0000] {processor.py:830} INFO - Processing file /home/airflow/.local/lib/python3.12/site-packages/airflow/example_dags/example_task_group_decorator.py for tasks to queue
[2026-02-14T16:01:52.183+0000] {logging_mixin.py:188} INFO - [2026-02-14T16:01:52.183+0000] {dagbag.py:545} INFO - Filling up the DagBag from /home/airflow/.local/lib/python3.12/site-packages/airflow/example_dags/example_task_group_decorator.py
[2026-02-14T16:01:52.188+0000] {processor.py:840} INFO - DAG(s) 'example_task_group_decorator' retrieved from /home/airflow/.local/lib/python3.12/site-packages/airflow/example_dags/example_task_group_decorator.py
[2026-02-14T16:01:52.198+0000] {logging_mixin.py:188} INFO - [2026-02-14T16:01:52.198+0000] {dag.py:3089} INFO - Sync 1 DAGs
[2026-02-14T16:01:52.207+0000] {logging_mixin.py:188} INFO - [2026-02-14T16:01:52.207+0000] {dag.py:3947} INFO - Setting next_dagrun for example_task_group_decorator to 2026-02-13 00:00:00+00:00, run_after=2026-02-14 00:00:00+00:00
[2026-02-14T16:01:52.213+0000] {processor.py:183} INFO - Processing /home/airflow/.local/lib/python3.12/site-packages/airflow/example_dags/example_task_group_decorator.py took 0.034 seconds
[2026-02-14T16:02:22.581+0000] {processor.py:161} INFO - Started process (PID=1880) to work on /home/airflow/.local/lib/python3.12/site-packages/airflow/example_dags/example_task_group_decorator.py
[2026-02-14T16:02:22.582+0000] {processor.py:830} INFO - Processing file /home/airflow/.local/lib/python3.12/site-packages/airflow/example_dags/example_task_group_decorator.py for tasks to queue
[2026-02-14T16:02:22.583+0000] {logging_mixin.py:188} INFO - [2026-02-14T16:02:22.583+0000] {dagbag.py:545} INFO - Filling up the DagBag from /home/airflow/.local/lib/python3.12/site-packages/airflow/example_dags/example_task_group_decorator.py
[2026-02-14T16:02:22.590+0000] {processor.py:840} INFO - DAG(s) 'example_task_group_decorator' retrieved from /home/airflow/.local/lib/python3.12/site-packages/airflow/example_dags/example_task_group_decorator.py
[2026-02-14T16:02:22.601+0000] {logging_mixin.py:188} INFO - [2026-02-14T16:02:22.601+0000] {dag.py:3089} INFO - Sync 1 DAGs
[2026-02-14T16:02:22.609+0000] {logging_mixin.py:188} INFO - [2026-02-14T16:02:22.609+0000] {dag.py:3947} INFO - Setting next_dagrun for example_task_group_decorator to 2026-02-13 00:00:00+00:00, run_after=2026-02-14 00:00:00+00:00
[2026-02-14T16:02:22.618+0000] {processor.py:183} INFO - Processing /home/airflow/.local/lib/python3.12/site-packages/airflow/example_dags/example_task_group_decorator.py took 0.039 seconds
[2026-02-14T16:02:53.035+0000] {processor.py:161} INFO - Started process (PID=1939) to work on /home/airflow/.local/lib/python3.12/site-packages/airflow/example_dags/example_task_group_decorator.py
[2026-02-14T16:02:53.036+0000] {processor.py:830} INFO - Processing file /home/airflow/.local/lib/python3.12/site-packages/airflow/example_dags/example_task_group_decorator.py for tasks to queue
[2026-02-14T16:02:53.037+0000] {logging_mixin.py:188} INFO - [2026-02-14T16:02:53.037+0000] {dagbag.py:545} INFO - Filling up the DagBag from /home/airflow/.local/lib/python3.12/site-packages/airflow/example_dags/example_task_group_decorator.py
[2026-02-14T16:02:53.043+0000] {processor.py:840} INFO - DAG(s) 'example_task_group_decorator' retrieved from /home/airflow/.local/lib/python3.12/site-packages/airflow/example_dags/example_task_group_decorator.py
[2026-02-14T16:02:53.055+0000] {logging_mixin.py:188} INFO - [2026-02-14T16:02:53.055+0000] {dag.py:3089} INFO - Sync 1 DAGs
[2026-02-14T16:02:53.065+0000] {logging_mixin.py:188} INFO - [2026-02-14T16:02:53.065+0000] {dag.py:3947} INFO - Setting next_dagrun for example_task_group_decorator to 2026-02-13 00:00:00+00:00, run_after=2026-02-14 00:00:00+00:00
[2026-02-14T16:02:53.074+0000] {processor.py:183} INFO - Processing /home/airflow/.local/lib/python3.12/site-packages/airflow/example_dags/example_task_group_decorator.py took 0.044 seconds
[2026-02-14T16:03:23.596+0000] {processor.py:161} INFO - Started process (PID=1998) to work on /home/airflow/.local/lib/python3.12/site-packages/airflow/example_dags/example_task_group_decorator.py
[2026-02-14T16:03:23.597+0000] {processor.py:830} INFO - Processing file /home/airflow/.local/lib/python3.12/site-packages/airflow/example_dags/example_task_group_decorator.py for tasks to queue
[2026-02-14T16:03:23.599+0000] {logging_mixin.py:188} INFO - [2026-02-14T16:03:23.599+0000] {dagbag.py:545} INFO - Filling up the DagBag from /home/airflow/.local/lib/python3.12/site-packages/airflow/example_dags/example_task_group_decorator.py
[2026-02-14T16:03:23.608+0000] {processor.py:840} INFO - DAG(s) 'example_task_group_decorator' retrieved from /home/airflow/.local/lib/python3.12/site-packages/airflow/example_dags/example_task_group_decorator.py
[2026-02-14T16:03:23.622+0000] {logging_mixin.py:188} INFO - [2026-02-14T16:03:23.622+0000] {dag.py:3089} INFO - Sync 1 DAGs
[2026-02-14T16:03:23.632+0000] {logging_mixin.py:188} INFO - [2026-02-14T16:03:23.632+0000] {dag.py:3947} INFO - Setting next_dagrun for example_task_group_decorator to 2026-02-13 00:00:00+00:00, run_after=2026-02-14 00:00:00+00:00
[2026-02-14T16:03:23.645+0000] {processor.py:183} INFO - Processing /home/airflow/.local/lib/python3.12/site-packages/airflow/example_dags/example_task_group_decorator.py took 0.052 seconds
[2026-02-14T16:03:54.147+0000] {processor.py:161} INFO - Started process (PID=2057) to work on /home/airflow/.local/lib/python3.12/site-packages/airflow/example_dags/example_task_group_decorator.py
[2026-02-14T16:03:54.148+0000] {processor.py:830} INFO - Processing file /home/airflow/.local/lib/python3.12/site-packages/airflow/example_dags/example_task_group_decorator.py for tasks to queue
[2026-02-14T16:03:54.149+0000] {logging_mixin.py:188} INFO - [2026-02-14T16:03:54.149+0000] {dagbag.py:545} INFO - Filling up the DagBag from /home/airflow/.local/lib/python3.12/site-packages/airflow/example_dags/example_task_group_decorator.py
[2026-02-14T16:03:54.155+0000] {processor.py:840} INFO - DAG(s) 'example_task_group_decorator' retrieved from /home/airflow/.local/lib/python3.12/site-packages/airflow/example_dags/example_task_group_decorator.py
[2026-02-14T16:03:54.166+0000] {logging_mixin.py:188} INFO - [2026-02-14T16:03:54.166+0000] {dag.py:3089} INFO - Sync 1 DAGs
[2026-02-14T16:03:54.175+0000] {logging_mixin.py:188} INFO - [2026-02-14T16:03:54.175+0000] {dag.py:3947} INFO - Setting next_dagrun for example_task_group_decorator to 2026-02-13 00:00:00+00:00, run_after=2026-02-14 00:00:00+00:00
[2026-02-14T16:03:54.184+0000] {processor.py:183} INFO - Processing /home/airflow/.local/lib/python3.12/site-packages/airflow/example_dags/example_task_group_decorator.py took 0.039 seconds
[2026-02-14T16:04:24.850+0000] {processor.py:161} INFO - Started process (PID=2116) to work on /home/airflow/.local/lib/python3.12/site-packages/airflow/example_dags/example_task_group_decorator.py
[2026-02-14T16:04:24.850+0000] {processor.py:830} INFO - Processing file /home/airflow/.local/lib/python3.12/site-packages/airflow/example_dags/example_task_group_decorator.py for tasks to queue
[2026-02-14T16:04:24.852+0000] {logging_mixin.py:188} INFO - [2026-02-14T16:04:24.852+0000] {dagbag.py:545} INFO - Filling up the DagBag from /home/airflow/.local/lib/python3.12/site-packages/airflow/example_dags/example_task_group_decorator.py
[2026-02-14T16:04:24.858+0000] {processor.py:840} INFO - DAG(s) 'example_task_group_decorator' retrieved from /home/airflow/.local/lib/python3.12/site-packages/airflow/example_dags/example_task_group_decorator.py
[2026-02-14T16:04:24.868+0000] {logging_mixin.py:188} INFO - [2026-02-14T16:04:24.868+0000] {dag.py:3089} INFO - Sync 1 DAGs
[2026-02-14T16:04:24.876+0000] {logging_mixin.py:188} INFO - [2026-02-14T16:04:24.876+0000] {dag.py:3947} INFO - Setting next_dagrun for example_task_group_decorator to 2026-02-13 00:00:00+00:00, run_after=2026-02-14 00:00:00+00:00
[2026-02-14T16:04:24.883+0000] {processor.py:183} INFO - Processing /home/airflow/.local/lib/python3.12/site-packages/airflow/example_dags/example_task_group_decorator.py took 0.036 seconds
[2026-02-14T16:04:55.360+0000] {processor.py:161} INFO - Started process (PID=2175) to work on /home/airflow/.local/lib/python3.12/site-packages/airflow/example_dags/example_task_group_decorator.py
[2026-02-14T16:04:55.360+0000] {processor.py:830} INFO - Processing file /home/airflow/.local/lib/python3.12/site-packages/airflow/example_dags/example_task_group_decorator.py for tasks to queue
[2026-02-14T16:04:55.361+0000] {logging_mixin.py:188} INFO - [2026-02-14T16:04:55.361+0000] {dagbag.py:545} INFO - Filling up the DagBag from /home/airflow/.local/lib/python3.12/site-packages/airflow/example_dags/example_task_group_decorator.py
[2026-02-14T16:04:55.366+0000] {processor.py:840} INFO - DAG(s) 'example_task_group_decorator' retrieved from /home/airflow/.local/lib/python3.12/site-packages/airflow/example_dags/example_task_group_decorator.py
[2026-02-14T16:04:55.380+0000] {logging_mixin.py:188} INFO - [2026-02-14T16:04:55.380+0000] {dag.py:3089} INFO - Sync 1 DAGs
[2026-02-14T16:04:55.387+0000] {logging_mixin.py:188} INFO - [2026-02-14T16:04:55.387+0000] {dag.py:3947} INFO - Setting next_dagrun for example_task_group_decorator to 2026-02-13 00:00:00+00:00, run_after=2026-02-14 00:00:00+00:00
[2026-02-14T16:04:55.395+0000] {processor.py:183} INFO - Processing /home/airflow/.local/lib/python3.12/site-packages/airflow/example_dags/example_task_group_decorator.py took 0.037 seconds
[2026-02-14T16:05:25.844+0000] {processor.py:161} INFO - Started process (PID=2234) to work on /home/airflow/.local/lib/python3.12/site-packages/airflow/example_dags/example_task_group_decorator.py
[2026-02-14T16:05:25.845+0000] {processor.py:830} INFO - Processing file /home/airflow/.local/lib/python3.12/site-packages/airflow/example_dags/example_task_group_decorator.py for tasks to queue
[2026-02-14T16:05:25.845+0000] {logging_mixin.py:188} INFO - [2026-02-14T16:05:25.845+0000] {dagbag.py:545} INFO - Filling up the DagBag from /home/airflow/.local/lib/python3.12/site-packages/airflow/example_dags/example_task_group_decorator.py
[2026-02-14T16:05:25.851+0000] {processor.py:840} INFO - DAG(s) 'example_task_group_decorator' retrieved from /home/airflow/.local/lib/python3.12/site-packages/airflow/example_dags/example_task_group_decorator.py
[2026-02-14T16:05:25.863+0000] {logging_mixin.py:188} INFO - [2026-02-14T16:05:25.863+0000] {dag.py:3089} INFO - Sync 1 DAGs
[2026-02-14T16:05:25.872+0000] {logging_mixin.py:188} INFO - [2026-02-14T16:05:25.872+0000] {dag.py:3947} INFO - Setting next_dagrun for example_task_group_decorator to 2026-02-13 00:00:00+00:00, run_after=2026-02-14 00:00:00+00:00
[2026-02-14T16:05:25.880+0000] {processor.py:183} INFO - Processing /home/airflow/.local/lib/python3.12/site-packages/airflow/example_dags/example_task_group_decorator.py took 0.038 seconds
[2026-02-14T16:05:56.319+0000] {processor.py:161} INFO - Started process (PID=2293) to work on /home/airflow/.local/lib/python3.12/site-packages/airflow/example_dags/example_task_group_decorator.py
[2026-02-14T16:05:56.320+0000] {processor.py:830} INFO - Processing file /home/airflow/.local/lib/python3.12/site-packages/airflow/example_dags/example_task_group_decorator.py for tasks to queue
[2026-02-14T16:05:56.321+0000] {logging_mixin.py:188} INFO - [2026-02-14T16:05:56.321+0000] {dagbag.py:545} INFO - Filling up the DagBag from /home/airflow/.local/lib/python3.12/site-packages/airflow/example_dags/example_task_group_decorator.py
[2026-02-14T16:05:56.331+0000] {processor.py:840} INFO - DAG(s) 'example_task_group_decorator' retrieved from /home/airflow/.local/lib/python3.12/site-packages/airflow/example_dags/example_task_group_decorator.py
[2026-02-14T16:05:56.347+0000] {logging_mixin.py:188} INFO - [2026-02-14T16:05:56.347+0000] {dag.py:3089} INFO - Sync 1 DAGs
[2026-02-14T16:05:56.354+0000] {logging_mixin.py:188} INFO - [2026-02-14T16:05:56.354+0000] {dag.py:3947} INFO - Setting next_dagrun for example_task_group_decorator to 2026-02-13 00:00:00+00:00, run_after=2026-02-14 00:00:00+00:00
[2026-02-14T16:05:56.362+0000] {processor.py:183} INFO - Processing /home/airflow/.local/lib/python3.12/site-packages/airflow/example_dags/example_task_group_decorator.py took 0.046 seconds
[2026-02-14T16:06:26.772+0000] {processor.py:161} INFO - Started process (PID=2352) to work on /home/airflow/.local/lib/python3.12/site-packages/airflow/example_dags/example_task_group_decorator.py
[2026-02-14T16:06:26.773+0000] {processor.py:830} INFO - Processing file /home/airflow/.local/lib/python3.12/site-packages/airflow/example_dags/example_task_group_decorator.py for tasks to queue
[2026-02-14T16:06:26.774+0000] {logging_mixin.py:188} INFO - [2026-02-14T16:06:26.774+0000] {dagbag.py:545} INFO - Filling up the DagBag from /home/airflow/.local/lib/python3.12/site-packages/airflow/example_dags/example_task_group_decorator.py
[2026-02-14T16:06:26.779+0000] {processor.py:840} INFO - DAG(s) 'example_task_group_decorator' retrieved from /home/airflow/.local/lib/python3.12/site-packages/airflow/example_dags/example_task_group_decorator.py
[2026-02-14T16:06:26.787+0000] {logging_mixin.py:188} INFO - [2026-02-14T16:06:26.787+0000] {dag.py:3089} INFO - Sync 1 DAGs
[2026-02-14T16:06:26.796+0000] {logging_mixin.py:188} INFO - [2026-02-14T16:06:26.796+0000] {dag.py:3947} INFO - Setting next_dagrun for example_task_group_decorator to 2026-02-13 00:00:00+00:00, run_after=2026-02-14 00:00:00+00:00
[2026-02-14T16:06:26.806+0000] {processor.py:183} INFO - Processing /home/airflow/.local/lib/python3.12/site-packages/airflow/example_dags/example_task_group_decorator.py took 0.037 seconds
[2026-02-14T16:06:57.605+0000] {processor.py:161} INFO - Started process (PID=2411) to work on /home/airflow/.local/lib/python3.12/site-packages/airflow/example_dags/example_task_group_decorator.py
[2026-02-14T16:06:57.606+0000] {processor.py:830} INFO - Processing file /home/airflow/.local/lib/python3.12/site-packages/airflow/example_dags/example_task_group_decorator.py for tasks to queue
[2026-02-14T16:06:57.608+0000] {logging_mixin.py:188} INFO - [2026-02-14T16:06:57.608+0000] {dagbag.py:545} INFO - Filling up the DagBag from /home/airflow/.local/lib/python3.12/site-packages/airflow/example_dags/example_task_group_decorator.py
[2026-02-14T16:06:57.617+0000] {processor.py:840} INFO - DAG(s) 'example_task_group_decorator' retrieved from /home/airflow/.local/lib/python3.12/site-packages/airflow/example_dags/example_task_group_decorator.py
[2026-02-14T16:06:57.638+0000] {logging_mixin.py:188} INFO - [2026-02-14T16:06:57.638+0000] {dag.py:3089} INFO - Sync 1 DAGs
[2026-02-14T16:06:57.652+0000] {logging_mixin.py:188} INFO - [2026-02-14T16:06:57.652+0000] {dag.py:3947} INFO - Setting next_dagrun for example_task_group_decorator to 2026-02-13 00:00:00+00:00, run_after=2026-02-14 00:00:00+00:00
[2026-02-14T16:06:57.662+0000] {processor.py:183} INFO - Processing /home/airflow/.local/lib/python3.12/site-packages/airflow/example_dags/example_task_group_decorator.py took 0.060 seconds
[2026-02-14T16:07:28.313+0000] {processor.py:161} INFO - Started process (PID=2470) to work on /home/airflow/.local/lib/python3.12/site-packages/airflow/example_dags/example_task_group_decorator.py
[2026-02-14T16:07:28.315+0000] {processor.py:830} INFO - Processing file /home/airflow/.local/lib/python3.12/site-packages/airflow/example_dags/example_task_group_decorator.py for tasks to queue
[2026-02-14T16:07:28.316+0000] {logging_mixin.py:188} INFO - [2026-02-14T16:07:28.315+0000] {dagbag.py:545} INFO - Filling up the DagBag from /home/airflow/.local/lib/python3.12/site-packages/airflow/example_dags/example_task_group_decorator.py
[2026-02-14T16:07:28.322+0000] {processor.py:840} INFO - DAG(s) 'example_task_group_decorator' retrieved from /home/airflow/.local/lib/python3.12/site-packages/airflow/example_dags/example_task_group_decorator.py
[2026-02-14T16:07:28.332+0000] {logging_mixin.py:188} INFO - [2026-02-14T16:07:28.332+0000] {dag.py:3089} INFO - Sync 1 DAGs
[2026-02-14T16:07:28.340+0000] {logging_mixin.py:188} INFO - [2026-02-14T16:07:28.340+0000] {dag.py:3947} INFO - Setting next_dagrun for example_task_group_decorator to 2026-02-13 00:00:00+00:00, run_after=2026-02-14 00:00:00+00:00
[2026-02-14T16:07:28.346+0000] {processor.py:183} INFO - Processing /home/airflow/.local/lib/python3.12/site-packages/airflow/example_dags/example_task_group_decorator.py took 0.036 seconds
[2026-02-14T16:07:59.080+0000] {processor.py:161} INFO - Started process (PID=2529) to work on /home/airflow/.local/lib/python3.12/site-packages/airflow/example_dags/example_task_group_decorator.py
[2026-02-14T16:07:59.081+0000] {processor.py:830} INFO - Processing file /home/airflow/.local/lib/python3.12/site-packages/airflow/example_dags/example_task_group_decorator.py for tasks to queue
[2026-02-14T16:07:59.082+0000] {logging_mixin.py:188} INFO - [2026-02-14T16:07:59.081+0000] {dagbag.py:545} INFO - Filling up the DagBag from /home/airflow/.local/lib/python3.12/site-packages/airflow/example_dags/example_task_group_decorator.py
[2026-02-14T16:07:59.087+0000] {processor.py:840} INFO - DAG(s) 'example_task_group_decorator' retrieved from /home/airflow/.local/lib/python3.12/site-packages/airflow/example_dags/example_task_group_decorator.py
[2026-02-14T16:07:59.098+0000] {logging_mixin.py:188} INFO - [2026-02-14T16:07:59.098+0000] {dag.py:3089} INFO - Sync 1 DAGs
[2026-02-14T16:07:59.106+0000] {logging_mixin.py:188} INFO - [2026-02-14T16:07:59.105+0000] {dag.py:3947} INFO - Setting next_dagrun for example_task_group_decorator to 2026-02-13 00:00:00+00:00, run_after=2026-02-14 00:00:00+00:00
[2026-02-14T16:07:59.112+0000] {processor.py:183} INFO - Processing /home/airflow/.local/lib/python3.12/site-packages/airflow/example_dags/example_task_group_decorator.py took 0.035 seconds
[2026-02-14T16:08:29.571+0000] {processor.py:161} INFO - Started process (PID=2588) to work on /home/airflow/.local/lib/python3.12/site-packages/airflow/example_dags/example_task_group_decorator.py
[2026-02-14T16:08:29.571+0000] {processor.py:830} INFO - Processing file /home/airflow/.local/lib/python3.12/site-packages/airflow/example_dags/example_task_group_decorator.py for tasks to queue
[2026-02-14T16:08:29.572+0000] {logging_mixin.py:188} INFO - [2026-02-14T16:08:29.572+0000] {dagbag.py:545} INFO - Filling up the DagBag from /home/airflow/.local/lib/python3.12/site-packages/airflow/example_dags/example_task_group_decorator.py
[2026-02-14T16:08:29.578+0000] {processor.py:840} INFO - DAG(s) 'example_task_group_decorator' retrieved from /home/airflow/.local/lib/python3.12/site-packages/airflow/example_dags/example_task_group_decorator.py
[2026-02-14T16:08:29.587+0000] {logging_mixin.py:188} INFO - [2026-02-14T16:08:29.587+0000] {dag.py:3089} INFO - Sync 1 DAGs
[2026-02-14T16:08:29.596+0000] {logging_mixin.py:188} INFO - [2026-02-14T16:08:29.596+0000] {dag.py:3947} INFO - Setting next_dagrun for example_task_group_decorator to 2026-02-13 00:00:00+00:00, run_after=2026-02-14 00:00:00+00:00
[2026-02-14T16:08:29.606+0000] {processor.py:183} INFO - Processing /home/airflow/.local/lib/python3.12/site-packages/airflow/example_dags/example_task_group_decorator.py took 0.038 seconds
[2026-02-14T16:09:00.012+0000] {processor.py:161} INFO - Started process (PID=2647) to work on /home/airflow/.local/lib/python3.12/site-packages/airflow/example_dags/example_task_group_decorator.py
[2026-02-14T16:09:00.013+0000] {processor.py:830} INFO - Processing file /home/airflow/.local/lib/python3.12/site-packages/airflow/example_dags/example_task_group_decorator.py for tasks to queue
[2026-02-14T16:09:00.014+0000] {logging_mixin.py:188} INFO - [2026-02-14T16:09:00.013+0000] {dagbag.py:545} INFO - Filling up the DagBag from /home/airflow/.local/lib/python3.12/site-packages/airflow/example_dags/example_task_group_decorator.py
[2026-02-14T16:09:00.019+0000] {processor.py:840} INFO - DAG(s) 'example_task_group_decorator' retrieved from /home/airflow/.local/lib/python3.12/site-packages/airflow/example_dags/example_task_group_decorator.py
[2026-02-14T16:09:00.029+0000] {logging_mixin.py:188} INFO - [2026-02-14T16:09:00.029+0000] {dag.py:3089} INFO - Sync 1 DAGs
[2026-02-14T16:09:00.037+0000] {logging_mixin.py:188} INFO - [2026-02-14T16:09:00.037+0000] {dag.py:3947} INFO - Setting next_dagrun for example_task_group_decorator to 2026-02-13 00:00:00+00:00, run_after=2026-02-14 00:00:00+00:00
[2026-02-14T16:09:00.044+0000] {processor.py:183} INFO - Processing /home/airflow/.local/lib/python3.12/site-packages/airflow/example_dags/example_task_group_decorator.py took 0.034 seconds
[2026-02-14T16:09:30.497+0000] {processor.py:161} INFO - Started process (PID=2706) to work on /home/airflow/.local/lib/python3.12/site-packages/airflow/example_dags/example_task_group_decorator.py
[2026-02-14T16:09:30.497+0000] {processor.py:830} INFO - Processing file /home/airflow/.local/lib/python3.12/site-packages/airflow/example_dags/example_task_group_decorator.py for tasks to queue
[2026-02-14T16:09:30.498+0000] {logging_mixin.py:188} INFO - [2026-02-14T16:09:30.498+0000] {dagbag.py:545} INFO - Filling up the DagBag from /home/airflow/.local/lib/python3.12/site-packages/airflow/example_dags/example_task_group_decorator.py
[2026-02-14T16:09:30.503+0000] {processor.py:840} INFO - DAG(s) 'example_task_group_decorator' retrieved from /home/airflow/.local/lib/python3.12/site-packages/airflow/example_dags/example_task_group_decorator.py
[2026-02-14T16:09:30.511+0000] {logging_mixin.py:188} INFO - [2026-02-14T16:09:30.511+0000] {dag.py:3089} INFO - Sync 1 DAGs
[2026-02-14T16:09:30.520+0000] {logging_mixin.py:188} INFO - [2026-02-14T16:09:30.520+0000] {dag.py:3947} INFO - Setting next_dagrun for example_task_group_decorator to 2026-02-13 00:00:00+00:00, run_after=2026-02-14 00:00:00+00:00
[2026-02-14T16:09:30.527+0000] {processor.py:183} INFO - Processing /home/airflow/.local/lib/python3.12/site-packages/airflow/example_dags/example_task_group_decorator.py took 0.033 seconds
[2026-02-14T16:10:00.796+0000] {processor.py:161} INFO - Started process (PID=2765) to work on /home/airflow/.local/lib/python3.12/site-packages/airflow/example_dags/example_task_group_decorator.py
[2026-02-14T16:10:00.797+0000] {processor.py:830} INFO - Processing file /home/airflow/.local/lib/python3.12/site-packages/airflow/example_dags/example_task_group_decorator.py for tasks to queue
[2026-02-14T16:10:00.797+0000] {logging_mixin.py:188} INFO - [2026-02-14T16:10:00.797+0000] {dagbag.py:545} INFO - Filling up the DagBag from /home/airflow/.local/lib/python3.12/site-packages/airflow/example_dags/example_task_group_decorator.py
[2026-02-14T16:10:00.802+0000] {processor.py:840} INFO - DAG(s) 'example_task_group_decorator' retrieved from /home/airflow/.local/lib/python3.12/site-packages/airflow/example_dags/example_task_group_decorator.py
[2026-02-14T16:10:00.812+0000] {logging_mixin.py:188} INFO - [2026-02-14T16:10:00.812+0000] {dag.py:3089} INFO - Sync 1 DAGs
[2026-02-14T16:10:00.820+0000] {logging_mixin.py:188} INFO - [2026-02-14T16:10:00.820+0000] {dag.py:3947} INFO - Setting next_dagrun for example_task_group_decorator to 2026-02-13 00:00:00+00:00, run_after=2026-02-14 00:00:00+00:00
[2026-02-14T16:10:00.826+0000] {processor.py:183} INFO - Processing /home/airflow/.local/lib/python3.12/site-packages/airflow/example_dags/example_task_group_decorator.py took 0.032 seconds
[2026-02-14T16:10:31.182+0000] {processor.py:161} INFO - Started process (PID=2823) to work on /home/airflow/.local/lib/python3.12/site-packages/airflow/example_dags/example_task_group_decorator.py
[2026-02-14T16:10:31.183+0000] {processor.py:830} INFO - Processing file /home/airflow/.local/lib/python3.12/site-packages/airflow/example_dags/example_task_group_decorator.py for tasks to queue
[2026-02-14T16:10:31.184+0000] {logging_mixin.py:188} INFO - [2026-02-14T16:10:31.184+0000] {dagbag.py:545} INFO - Filling up the DagBag from /home/airflow/.local/lib/python3.12/site-packages/airflow/example_dags/example_task_group_decorator.py
[2026-02-14T16:10:31.193+0000] {processor.py:840} INFO - DAG(s) 'example_task_group_decorator' retrieved from /home/airflow/.local/lib/python3.12/site-packages/airflow/example_dags/example_task_group_decorator.py
[2026-02-14T16:10:31.207+0000] {logging_mixin.py:188} INFO - [2026-02-14T16:10:31.207+0000] {dag.py:3089} INFO - Sync 1 DAGs
[2026-02-14T16:10:31.218+0000] {logging_mixin.py:188} INFO - [2026-02-14T16:10:31.218+0000] {dag.py:3947} INFO - Setting next_dagrun for example_task_group_decorator to 2026-02-13 00:00:00+00:00, run_after=2026-02-14 00:00:00+00:00
[2026-02-14T16:10:31.225+0000] {processor.py:183} INFO - Processing /home/airflow/.local/lib/python3.12/site-packages/airflow/example_dags/example_task_group_decorator.py took 0.047 seconds
[2026-02-14T16:11:01.918+0000] {processor.py:161} INFO - Started process (PID=2882) to work on /home/airflow/.local/lib/python3.12/site-packages/airflow/example_dags/example_task_group_decorator.py
[2026-02-14T16:11:01.919+0000] {processor.py:830} INFO - Processing file /home/airflow/.local/lib/python3.12/site-packages/airflow/example_dags/example_task_group_decorator.py for tasks to queue
[2026-02-14T16:11:01.921+0000] {logging_mixin.py:188} INFO - [2026-02-14T16:11:01.921+0000] {dagbag.py:545} INFO - Filling up the DagBag from /home/airflow/.local/lib/python3.12/site-packages/airflow/example_dags/example_task_group_decorator.py
[2026-02-14T16:11:01.927+0000] {processor.py:840} INFO - DAG(s) 'example_task_group_decorator' retrieved from /home/airflow/.local/lib/python3.12/site-packages/airflow/example_dags/example_task_group_decorator.py
[2026-02-14T16:11:01.941+0000] {logging_mixin.py:188} INFO - [2026-02-14T16:11:01.941+0000] {dag.py:3089} INFO - Sync 1 DAGs
[2026-02-14T16:11:01.951+0000] {logging_mixin.py:188} INFO - [2026-02-14T16:11:01.951+0000] {dag.py:3947} INFO - Setting next_dagrun for example_task_group_decorator to 2026-02-13 00:00:00+00:00, run_after=2026-02-14 00:00:00+00:00
[2026-02-14T16:11:01.959+0000] {processor.py:183} INFO - Processing /home/airflow/.local/lib/python3.12/site-packages/airflow/example_dags/example_task_group_decorator.py took 0.045 seconds
[2026-02-14T16:11:32.161+0000] {processor.py:161} INFO - Started process (PID=2941) to work on /home/airflow/.local/lib/python3.12/site-packages/airflow/example_dags/example_task_group_decorator.py
[2026-02-14T16:11:32.162+0000] {processor.py:830} INFO - Processing file /home/airflow/.local/lib/python3.12/site-packages/airflow/example_dags/example_task_group_decorator.py for tasks to queue
[2026-02-14T16:11:32.163+0000] {logging_mixin.py:188} INFO - [2026-02-14T16:11:32.163+0000] {dagbag.py:545} INFO - Filling up the DagBag from /home/airflow/.local/lib/python3.12/site-packages/airflow/example_dags/example_task_group_decorator.py
[2026-02-14T16:11:32.169+0000] {processor.py:840} INFO - DAG(s) 'example_task_group_decorator' retrieved from /home/airflow/.local/lib/python3.12/site-packages/airflow/example_dags/example_task_group_decorator.py
[2026-02-14T16:11:32.183+0000] {logging_mixin.py:188} INFO - [2026-02-14T16:11:32.183+0000] {dag.py:3089} INFO - Sync 1 DAGs
[2026-02-14T16:11:32.192+0000] {logging_mixin.py:188} INFO - [2026-02-14T16:11:32.192+0000] {dag.py:3947} INFO - Setting next_dagrun for example_task_group_decorator to 2026-02-13 00:00:00+00:00, run_after=2026-02-14 00:00:00+00:00
[2026-02-14T16:11:32.201+0000] {processor.py:183} INFO - Processing /home/airflow/.local/lib/python3.12/site-packages/airflow/example_dags/example_task_group_decorator.py took 0.043 seconds
[2026-02-14T16:12:02.515+0000] {processor.py:161} INFO - Started process (PID=3000) to work on /home/airflow/.local/lib/python3.12/site-packages/airflow/example_dags/example_task_group_decorator.py
[2026-02-14T16:12:02.516+0000] {processor.py:830} INFO - Processing file /home/airflow/.local/lib/python3.12/site-packages/airflow/example_dags/example_task_group_decorator.py for tasks to queue
[2026-02-14T16:12:02.517+0000] {logging_mixin.py:188} INFO - [2026-02-14T16:12:02.517+0000] {dagbag.py:545} INFO - Filling up the DagBag from /home/airflow/.local/lib/python3.12/site-packages/airflow/example_dags/example_task_group_decorator.py
[2026-02-14T16:12:02.523+0000] {processor.py:840} INFO - DAG(s) 'example_task_group_decorator' retrieved from /home/airflow/.local/lib/python3.12/site-packages/airflow/example_dags/example_task_group_decorator.py
[2026-02-14T16:12:02.534+0000] {logging_mixin.py:188} INFO - [2026-02-14T16:12:02.533+0000] {dag.py:3089} INFO - Sync 1 DAGs
[2026-02-14T16:12:02.543+0000] {logging_mixin.py:188} INFO - [2026-02-14T16:12:02.543+0000] {dag.py:3947} INFO - Setting next_dagrun for example_task_group_decorator to 2026-02-13 00:00:00+00:00, run_after=2026-02-14 00:00:00+00:00
[2026-02-14T16:12:02.551+0000] {processor.py:183} INFO - Processing /home/airflow/.local/lib/python3.12/site-packages/airflow/example_dags/example_task_group_decorator.py took 0.039 seconds
[2026-02-14T16:12:32.969+0000] {processor.py:161} INFO - Started process (PID=3059) to work on /home/airflow/.local/lib/python3.12/site-packages/airflow/example_dags/example_task_group_decorator.py
[2026-02-14T16:12:32.969+0000] {processor.py:830} INFO - Processing file /home/airflow/.local/lib/python3.12/site-packages/airflow/example_dags/example_task_group_decorator.py for tasks to queue
[2026-02-14T16:12:32.970+0000] {logging_mixin.py:188} INFO - [2026-02-14T16:12:32.970+0000] {dagbag.py:545} INFO - Filling up the DagBag from /home/airflow/.local/lib/python3.12/site-packages/airflow/example_dags/example_task_group_decorator.py
[2026-02-14T16:12:32.975+0000] {processor.py:840} INFO - DAG(s) 'example_task_group_decorator' retrieved from /home/airflow/.local/lib/python3.12/site-packages/airflow/example_dags/example_task_group_decorator.py
[2026-02-14T16:12:32.985+0000] {logging_mixin.py:188} INFO - [2026-02-14T16:12:32.984+0000] {dag.py:3089} INFO - Sync 1 DAGs
[2026-02-14T16:12:32.993+0000] {logging_mixin.py:188} INFO - [2026-02-14T16:12:32.993+0000] {dag.py:3947} INFO - Setting next_dagrun for example_task_group_decorator to 2026-02-13 00:00:00+00:00, run_after=2026-02-14 00:00:00+00:00
[2026-02-14T16:12:33.001+0000] {processor.py:183} INFO - Processing /home/airflow/.local/lib/python3.12/site-packages/airflow/example_dags/example_task_group_decorator.py took 0.035 seconds
[2026-02-14T16:13:03.451+0000] {processor.py:161} INFO - Started process (PID=3118) to work on /home/airflow/.local/lib/python3.12/site-packages/airflow/example_dags/example_task_group_decorator.py
[2026-02-14T16:13:03.451+0000] {processor.py:830} INFO - Processing file /home/airflow/.local/lib/python3.12/site-packages/airflow/example_dags/example_task_group_decorator.py for tasks to queue
[2026-02-14T16:13:03.453+0000] {logging_mixin.py:188} INFO - [2026-02-14T16:13:03.453+0000] {dagbag.py:545} INFO - Filling up the DagBag from /home/airflow/.local/lib/python3.12/site-packages/airflow/example_dags/example_task_group_decorator.py
[2026-02-14T16:13:03.459+0000] {processor.py:840} INFO - DAG(s) 'example_task_group_decorator' retrieved from /home/airflow/.local/lib/python3.12/site-packages/airflow/example_dags/example_task_group_decorator.py
[2026-02-14T16:13:03.469+0000] {logging_mixin.py:188} INFO - [2026-02-14T16:13:03.469+0000] {dag.py:3089} INFO - Sync 1 DAGs
[2026-02-14T16:13:03.477+0000] {logging_mixin.py:188} INFO - [2026-02-14T16:13:03.477+0000] {dag.py:3947} INFO - Setting next_dagrun for example_task_group_decorator to 2026-02-13 00:00:00+00:00, run_after=2026-02-14 00:00:00+00:00
[2026-02-14T16:13:03.483+0000] {processor.py:183} INFO - Processing /home/airflow/.local/lib/python3.12/site-packages/airflow/example_dags/example_task_group_decorator.py took 0.034 seconds
[2026-02-14T16:13:33.726+0000] {processor.py:161} INFO - Started process (PID=3177) to work on /home/airflow/.local/lib/python3.12/site-packages/airflow/example_dags/example_task_group_decorator.py
[2026-02-14T16:13:33.726+0000] {processor.py:830} INFO - Processing file /home/airflow/.local/lib/python3.12/site-packages/airflow/example_dags/example_task_group_decorator.py for tasks to queue
[2026-02-14T16:13:33.727+0000] {logging_mixin.py:188} INFO - [2026-02-14T16:13:33.727+0000] {dagbag.py:545} INFO - Filling up the DagBag from /home/airflow/.local/lib/python3.12/site-packages/airflow/example_dags/example_task_group_decorator.py
[2026-02-14T16:13:33.732+0000] {processor.py:840} INFO - DAG(s) 'example_task_group_decorator' retrieved from /home/airflow/.local/lib/python3.12/site-packages/airflow/example_dags/example_task_group_decorator.py
[2026-02-14T16:13:33.741+0000] {logging_mixin.py:188} INFO - [2026-02-14T16:13:33.741+0000] {dag.py:3089} INFO - Sync 1 DAGs
[2026-02-14T16:13:33.749+0000] {logging_mixin.py:188} INFO - [2026-02-14T16:13:33.749+0000] {dag.py:3947} INFO - Setting next_dagrun for example_task_group_decorator to 2026-02-13 00:00:00+00:00, run_after=2026-02-14 00:00:00+00:00
[2026-02-14T16:13:33.755+0000] {processor.py:183} INFO - Processing /home/airflow/.local/lib/python3.12/site-packages/airflow/example_dags/example_task_group_decorator.py took 0.031 seconds
[2026-02-14T16:14:04.122+0000] {processor.py:161} INFO - Started process (PID=3236) to work on /home/airflow/.local/lib/python3.12/site-packages/airflow/example_dags/example_task_group_decorator.py
[2026-02-14T16:14:04.124+0000] {processor.py:830} INFO - Processing file /home/airflow/.local/lib/python3.12/site-packages/airflow/example_dags/example_task_group_decorator.py for tasks to queue
[2026-02-14T16:14:04.126+0000] {logging_mixin.py:188} INFO - [2026-02-14T16:14:04.125+0000] {dagbag.py:545} INFO - Filling up the DagBag from /home/airflow/.local/lib/python3.12/site-packages/airflow/example_dags/example_task_group_decorator.py
[2026-02-14T16:14:04.137+0000] {processor.py:840} INFO - DAG(s) 'example_task_group_decorator' retrieved from /home/airflow/.local/lib/python3.12/site-packages/airflow/example_dags/example_task_group_decorator.py
[2026-02-14T16:14:04.149+0000] {logging_mixin.py:188} INFO - [2026-02-14T16:14:04.149+0000] {dag.py:3089} INFO - Sync 1 DAGs
[2026-02-14T16:14:04.160+0000] {logging_mixin.py:188} INFO - [2026-02-14T16:14:04.160+0000] {dag.py:3947} INFO - Setting next_dagrun for example_task_group_decorator to 2026-02-13 00:00:00+00:00, run_after=2026-02-14 00:00:00+00:00
[2026-02-14T16:14:04.170+0000] {processor.py:183} INFO - Processing /home/airflow/.local/lib/python3.12/site-packages/airflow/example_dags/example_task_group_decorator.py took 0.054 seconds
[2026-02-14T16:14:34.799+0000] {processor.py:161} INFO - Started process (PID=3295) to work on /home/airflow/.local/lib/python3.12/site-packages/airflow/example_dags/example_task_group_decorator.py
[2026-02-14T16:14:34.800+0000] {processor.py:830} INFO - Processing file /home/airflow/.local/lib/python3.12/site-packages/airflow/example_dags/example_task_group_decorator.py for tasks to queue
[2026-02-14T16:14:34.803+0000] {logging_mixin.py:188} INFO - [2026-02-14T16:14:34.802+0000] {dagbag.py:545} INFO - Filling up the DagBag from /home/airflow/.local/lib/python3.12/site-packages/airflow/example_dags/example_task_group_decorator.py
[2026-02-14T16:14:34.817+0000] {processor.py:840} INFO - DAG(s) 'example_task_group_decorator' retrieved from /home/airflow/.local/lib/python3.12/site-packages/airflow/example_dags/example_task_group_decorator.py
[2026-02-14T16:14:34.848+0000] {logging_mixin.py:188} INFO - [2026-02-14T16:14:34.847+0000] {dag.py:3089} INFO - Sync 1 DAGs
[2026-02-14T16:14:34.870+0000] {logging_mixin.py:188} INFO - [2026-02-14T16:14:34.870+0000] {dag.py:3947} INFO - Setting next_dagrun for example_task_group_decorator to 2026-02-13 00:00:00+00:00, run_after=2026-02-14 00:00:00+00:00
[2026-02-14T16:14:34.926+0000] {processor.py:183} INFO - Processing /home/airflow/.local/lib/python3.12/site-packages/airflow/example_dags/example_task_group_decorator.py took 0.134 seconds
[2026-02-14T16:15:05.545+0000] {processor.py:161} INFO - Started process (PID=3354) to work on /home/airflow/.local/lib/python3.12/site-packages/airflow/example_dags/example_task_group_decorator.py
[2026-02-14T16:15:05.546+0000] {processor.py:830} INFO - Processing file /home/airflow/.local/lib/python3.12/site-packages/airflow/example_dags/example_task_group_decorator.py for tasks to queue
[2026-02-14T16:15:05.546+0000] {logging_mixin.py:188} INFO - [2026-02-14T16:15:05.546+0000] {dagbag.py:545} INFO - Filling up the DagBag from /home/airflow/.local/lib/python3.12/site-packages/airflow/example_dags/example_task_group_decorator.py
[2026-02-14T16:15:05.554+0000] {processor.py:840} INFO - DAG(s) 'example_task_group_decorator' retrieved from /home/airflow/.local/lib/python3.12/site-packages/airflow/example_dags/example_task_group_decorator.py
[2026-02-14T16:15:05.567+0000] {logging_mixin.py:188} INFO - [2026-02-14T16:15:05.567+0000] {dag.py:3089} INFO - Sync 1 DAGs
[2026-02-14T16:15:05.579+0000] {logging_mixin.py:188} INFO - [2026-02-14T16:15:05.578+0000] {dag.py:3947} INFO - Setting next_dagrun for example_task_group_decorator to 2026-02-13 00:00:00+00:00, run_after=2026-02-14 00:00:00+00:00
[2026-02-14T16:15:05.590+0000] {processor.py:183} INFO - Processing /home/airflow/.local/lib/python3.12/site-packages/airflow/example_dags/example_task_group_decorator.py took 0.051 seconds
[2026-02-14T16:15:36.202+0000] {processor.py:161} INFO - Started process (PID=3413) to work on /home/airflow/.local/lib/python3.12/site-packages/airflow/example_dags/example_task_group_decorator.py
[2026-02-14T16:15:36.203+0000] {processor.py:830} INFO - Processing file /home/airflow/.local/lib/python3.12/site-packages/airflow/example_dags/example_task_group_decorator.py for tasks to queue
[2026-02-14T16:15:36.204+0000] {logging_mixin.py:188} INFO - [2026-02-14T16:15:36.204+0000] {dagbag.py:545} INFO - Filling up the DagBag from /home/airflow/.local/lib/python3.12/site-packages/airflow/example_dags/example_task_group_decorator.py
[2026-02-14T16:15:36.211+0000] {processor.py:840} INFO - DAG(s) 'example_task_group_decorator' retrieved from /home/airflow/.local/lib/python3.12/site-packages/airflow/example_dags/example_task_group_decorator.py
[2026-02-14T16:15:36.224+0000] {logging_mixin.py:188} INFO - [2026-02-14T16:15:36.224+0000] {dag.py:3089} INFO - Sync 1 DAGs
[2026-02-14T16:15:36.235+0000] {logging_mixin.py:188} INFO - [2026-02-14T16:15:36.234+0000] {dag.py:3947} INFO - Setting next_dagrun for example_task_group_decorator to 2026-02-13 00:00:00+00:00, run_after=2026-02-14 00:00:00+00:00
[2026-02-14T16:15:36.242+0000] {processor.py:183} INFO - Processing /home/airflow/.local/lib/python3.12/site-packages/airflow/example_dags/example_task_group_decorator.py took 0.047 seconds
[2026-02-14T16:16:06.369+0000] {processor.py:161} INFO - Started process (PID=3472) to work on /home/airflow/.local/lib/python3.12/site-packages/airflow/example_dags/example_task_group_decorator.py
[2026-02-14T16:16:06.369+0000] {processor.py:830} INFO - Processing file /home/airflow/.local/lib/python3.12/site-packages/airflow/example_dags/example_task_group_decorator.py for tasks to queue
[2026-02-14T16:16:06.370+0000] {logging_mixin.py:188} INFO - [2026-02-14T16:16:06.370+0000] {dagbag.py:545} INFO - Filling up the DagBag from /home/airflow/.local/lib/python3.12/site-packages/airflow/example_dags/example_task_group_decorator.py
[2026-02-14T16:16:06.378+0000] {processor.py:840} INFO - DAG(s) 'example_task_group_decorator' retrieved from /home/airflow/.local/lib/python3.12/site-packages/airflow/example_dags/example_task_group_decorator.py
[2026-02-14T16:16:06.390+0000] {logging_mixin.py:188} INFO - [2026-02-14T16:16:06.390+0000] {dag.py:3089} INFO - Sync 1 DAGs
[2026-02-14T16:16:06.398+0000] {logging_mixin.py:188} INFO - [2026-02-14T16:16:06.398+0000] {dag.py:3947} INFO - Setting next_dagrun for example_task_group_decorator to 2026-02-13 00:00:00+00:00, run_after=2026-02-14 00:00:00+00:00
[2026-02-14T16:16:06.406+0000] {processor.py:183} INFO - Processing /home/airflow/.local/lib/python3.12/site-packages/airflow/example_dags/example_task_group_decorator.py took 0.040 seconds
[2026-02-14T16:16:36.909+0000] {processor.py:161} INFO - Started process (PID=3531) to work on /home/airflow/.local/lib/python3.12/site-packages/airflow/example_dags/example_task_group_decorator.py
[2026-02-14T16:16:36.909+0000] {processor.py:830} INFO - Processing file /home/airflow/.local/lib/python3.12/site-packages/airflow/example_dags/example_task_group_decorator.py for tasks to queue
[2026-02-14T16:16:36.911+0000] {logging_mixin.py:188} INFO - [2026-02-14T16:16:36.911+0000] {dagbag.py:545} INFO - Filling up the DagBag from /home/airflow/.local/lib/python3.12/site-packages/airflow/example_dags/example_task_group_decorator.py
[2026-02-14T16:16:36.917+0000] {processor.py:840} INFO - DAG(s) 'example_task_group_decorator' retrieved from /home/airflow/.local/lib/python3.12/site-packages/airflow/example_dags/example_task_group_decorator.py
[2026-02-14T16:16:36.926+0000] {logging_mixin.py:188} INFO - [2026-02-14T16:16:36.926+0000] {dag.py:3089} INFO - Sync 1 DAGs
[2026-02-14T16:16:36.937+0000] {logging_mixin.py:188} INFO - [2026-02-14T16:16:36.937+0000] {dag.py:3947} INFO - Setting next_dagrun for example_task_group_decorator to 2026-02-13 00:00:00+00:00, run_after=2026-02-14 00:00:00+00:00
[2026-02-14T16:16:36.947+0000] {processor.py:183} INFO - Processing /home/airflow/.local/lib/python3.12/site-packages/airflow/example_dags/example_task_group_decorator.py took 0.042 seconds
[2026-02-14T16:17:07.453+0000] {processor.py:161} INFO - Started process (PID=3590) to work on /home/airflow/.local/lib/python3.12/site-packages/airflow/example_dags/example_task_group_decorator.py
[2026-02-14T16:17:07.454+0000] {processor.py:830} INFO - Processing file /home/airflow/.local/lib/python3.12/site-packages/airflow/example_dags/example_task_group_decorator.py for tasks to queue
[2026-02-14T16:17:07.456+0000] {logging_mixin.py:188} INFO - [2026-02-14T16:17:07.456+0000] {dagbag.py:545} INFO - Filling up the DagBag from /home/airflow/.local/lib/python3.12/site-packages/airflow/example_dags/example_task_group_decorator.py
[2026-02-14T16:17:07.462+0000] {processor.py:840} INFO - DAG(s) 'example_task_group_decorator' retrieved from /home/airflow/.local/lib/python3.12/site-packages/airflow/example_dags/example_task_group_decorator.py
[2026-02-14T16:17:07.473+0000] {logging_mixin.py:188} INFO - [2026-02-14T16:17:07.473+0000] {dag.py:3089} INFO - Sync 1 DAGs
[2026-02-14T16:17:07.482+0000] {logging_mixin.py:188} INFO - [2026-02-14T16:17:07.482+0000] {dag.py:3947} INFO - Setting next_dagrun for example_task_group_decorator to 2026-02-13 00:00:00+00:00, run_after=2026-02-14 00:00:00+00:00
[2026-02-14T16:17:07.490+0000] {processor.py:183} INFO - Processing /home/airflow/.local/lib/python3.12/site-packages/airflow/example_dags/example_task_group_decorator.py took 0.039 seconds
[2026-02-14T16:17:38.109+0000] {processor.py:161} INFO - Started process (PID=3649) to work on /home/airflow/.local/lib/python3.12/site-packages/airflow/example_dags/example_task_group_decorator.py
[2026-02-14T16:17:38.110+0000] {processor.py:830} INFO - Processing file /home/airflow/.local/lib/python3.12/site-packages/airflow/example_dags/example_task_group_decorator.py for tasks to queue
[2026-02-14T16:17:38.111+0000] {logging_mixin.py:188} INFO - [2026-02-14T16:17:38.111+0000] {dagbag.py:545} INFO - Filling up the DagBag from /home/airflow/.local/lib/python3.12/site-packages/airflow/example_dags/example_task_group_decorator.py
[2026-02-14T16:17:38.118+0000] {processor.py:840} INFO - DAG(s) 'example_task_group_decorator' retrieved from /home/airflow/.local/lib/python3.12/site-packages/airflow/example_dags/example_task_group_decorator.py
[2026-02-14T16:17:38.128+0000] {logging_mixin.py:188} INFO - [2026-02-14T16:17:38.128+0000] {dag.py:3089} INFO - Sync 1 DAGs
[2026-02-14T16:17:38.137+0000] {logging_mixin.py:188} INFO - [2026-02-14T16:17:38.137+0000] {dag.py:3947} INFO - Setting next_dagrun for example_task_group_decorator to 2026-02-13 00:00:00+00:00, run_after=2026-02-14 00:00:00+00:00
[2026-02-14T16:17:38.146+0000] {processor.py:183} INFO - Processing /home/airflow/.local/lib/python3.12/site-packages/airflow/example_dags/example_task_group_decorator.py took 0.040 seconds
[2026-02-14T16:18:08.733+0000] {processor.py:161} INFO - Started process (PID=3708) to work on /home/airflow/.local/lib/python3.12/site-packages/airflow/example_dags/example_task_group_decorator.py
[2026-02-14T16:18:08.733+0000] {processor.py:830} INFO - Processing file /home/airflow/.local/lib/python3.12/site-packages/airflow/example_dags/example_task_group_decorator.py for tasks to queue
[2026-02-14T16:18:08.734+0000] {logging_mixin.py:188} INFO - [2026-02-14T16:18:08.734+0000] {dagbag.py:545} INFO - Filling up the DagBag from /home/airflow/.local/lib/python3.12/site-packages/airflow/example_dags/example_task_group_decorator.py
[2026-02-14T16:18:08.739+0000] {processor.py:840} INFO - DAG(s) 'example_task_group_decorator' retrieved from /home/airflow/.local/lib/python3.12/site-packages/airflow/example_dags/example_task_group_decorator.py
[2026-02-14T16:18:08.752+0000] {logging_mixin.py:188} INFO - [2026-02-14T16:18:08.752+0000] {dag.py:3089} INFO - Sync 1 DAGs
[2026-02-14T16:18:08.760+0000] {logging_mixin.py:188} INFO - [2026-02-14T16:18:08.760+0000] {dag.py:3947} INFO - Setting next_dagrun for example_task_group_decorator to 2026-02-13 00:00:00+00:00, run_after=2026-02-14 00:00:00+00:00
[2026-02-14T16:18:08.766+0000] {processor.py:183} INFO - Processing /home/airflow/.local/lib/python3.12/site-packages/airflow/example_dags/example_task_group_decorator.py took 0.036 seconds
[2026-02-14T16:18:39.370+0000] {processor.py:161} INFO - Started process (PID=3767) to work on /home/airflow/.local/lib/python3.12/site-packages/airflow/example_dags/example_task_group_decorator.py
[2026-02-14T16:18:39.371+0000] {processor.py:830} INFO - Processing file /home/airflow/.local/lib/python3.12/site-packages/airflow/example_dags/example_task_group_decorator.py for tasks to queue
[2026-02-14T16:18:39.372+0000] {logging_mixin.py:188} INFO - [2026-02-14T16:18:39.372+0000] {dagbag.py:545} INFO - Filling up the DagBag from /home/airflow/.local/lib/python3.12/site-packages/airflow/example_dags/example_task_group_decorator.py
[2026-02-14T16:18:39.379+0000] {processor.py:840} INFO - DAG(s) 'example_task_group_decorator' retrieved from /home/airflow/.local/lib/python3.12/site-packages/airflow/example_dags/example_task_group_decorator.py
[2026-02-14T16:18:39.390+0000] {logging_mixin.py:188} INFO - [2026-02-14T16:18:39.390+0000] {dag.py:3089} INFO - Sync 1 DAGs
[2026-02-14T16:18:39.401+0000] {logging_mixin.py:188} INFO - [2026-02-14T16:18:39.401+0000] {dag.py:3947} INFO - Setting next_dagrun for example_task_group_decorator to 2026-02-13 00:00:00+00:00, run_after=2026-02-14 00:00:00+00:00
[2026-02-14T16:18:39.408+0000] {processor.py:183} INFO - Processing /home/airflow/.local/lib/python3.12/site-packages/airflow/example_dags/example_task_group_decorator.py took 0.046 seconds
[2026-02-14T16:19:09.545+0000] {processor.py:161} INFO - Started process (PID=3826) to work on /home/airflow/.local/lib/python3.12/site-packages/airflow/example_dags/example_task_group_decorator.py
[2026-02-14T16:19:09.546+0000] {processor.py:830} INFO - Processing file /home/airflow/.local/lib/python3.12/site-packages/airflow/example_dags/example_task_group_decorator.py for tasks to queue
[2026-02-14T16:19:09.547+0000] {logging_mixin.py:188} INFO - [2026-02-14T16:19:09.547+0000] {dagbag.py:545} INFO - Filling up the DagBag from /home/airflow/.local/lib/python3.12/site-packages/airflow/example_dags/example_task_group_decorator.py
[2026-02-14T16:19:09.555+0000] {processor.py:840} INFO - DAG(s) 'example_task_group_decorator' retrieved from /home/airflow/.local/lib/python3.12/site-packages/airflow/example_dags/example_task_group_decorator.py
[2026-02-14T16:19:09.567+0000] {logging_mixin.py:188} INFO - [2026-02-14T16:19:09.567+0000] {dag.py:3089} INFO - Sync 1 DAGs
[2026-02-14T16:19:09.576+0000] {logging_mixin.py:188} INFO - [2026-02-14T16:19:09.576+0000] {dag.py:3947} INFO - Setting next_dagrun for example_task_group_decorator to 2026-02-13 00:00:00+00:00, run_after=2026-02-14 00:00:00+00:00
[2026-02-14T16:19:09.584+0000] {processor.py:183} INFO - Processing /home/airflow/.local/lib/python3.12/site-packages/airflow/example_dags/example_task_group_decorator.py took 0.041 seconds
[2026-02-14T16:19:40.267+0000] {processor.py:161} INFO - Started process (PID=3885) to work on /home/airflow/.local/lib/python3.12/site-packages/airflow/example_dags/example_task_group_decorator.py
[2026-02-14T16:19:40.267+0000] {processor.py:830} INFO - Processing file /home/airflow/.local/lib/python3.12/site-packages/airflow/example_dags/example_task_group_decorator.py for tasks to queue
[2026-02-14T16:19:40.269+0000] {logging_mixin.py:188} INFO - [2026-02-14T16:19:40.269+0000] {dagbag.py:545} INFO - Filling up the DagBag from /home/airflow/.local/lib/python3.12/site-packages/airflow/example_dags/example_task_group_decorator.py
[2026-02-14T16:19:40.277+0000] {processor.py:840} INFO - DAG(s) 'example_task_group_decorator' retrieved from /home/airflow/.local/lib/python3.12/site-packages/airflow/example_dags/example_task_group_decorator.py
[2026-02-14T16:19:40.291+0000] {logging_mixin.py:188} INFO - [2026-02-14T16:19:40.291+0000] {dag.py:3089} INFO - Sync 1 DAGs
[2026-02-14T16:19:40.303+0000] {logging_mixin.py:188} INFO - [2026-02-14T16:19:40.303+0000] {dag.py:3947} INFO - Setting next_dagrun for example_task_group_decorator to 2026-02-13 00:00:00+00:00, run_after=2026-02-14 00:00:00+00:00
[2026-02-14T16:19:40.315+0000] {processor.py:183} INFO - Processing /home/airflow/.local/lib/python3.12/site-packages/airflow/example_dags/example_task_group_decorator.py took 0.051 seconds
[2026-02-14T16:20:10.680+0000] {processor.py:161} INFO - Started process (PID=3944) to work on /home/airflow/.local/lib/python3.12/site-packages/airflow/example_dags/example_task_group_decorator.py
[2026-02-14T16:20:10.682+0000] {processor.py:830} INFO - Processing file /home/airflow/.local/lib/python3.12/site-packages/airflow/example_dags/example_task_group_decorator.py for tasks to queue
[2026-02-14T16:20:10.683+0000] {logging_mixin.py:188} INFO - [2026-02-14T16:20:10.683+0000] {dagbag.py:545} INFO - Filling up the DagBag from /home/airflow/.local/lib/python3.12/site-packages/airflow/example_dags/example_task_group_decorator.py
[2026-02-14T16:20:10.690+0000] {processor.py:840} INFO - DAG(s) 'example_task_group_decorator' retrieved from /home/airflow/.local/lib/python3.12/site-packages/airflow/example_dags/example_task_group_decorator.py
[2026-02-14T16:20:10.704+0000] {logging_mixin.py:188} INFO - [2026-02-14T16:20:10.703+0000] {dag.py:3089} INFO - Sync 1 DAGs
[2026-02-14T16:20:10.718+0000] {logging_mixin.py:188} INFO - [2026-02-14T16:20:10.718+0000] {dag.py:3947} INFO - Setting next_dagrun for example_task_group_decorator to 2026-02-13 00:00:00+00:00, run_after=2026-02-14 00:00:00+00:00
[2026-02-14T16:20:10.735+0000] {processor.py:183} INFO - Processing /home/airflow/.local/lib/python3.12/site-packages/airflow/example_dags/example_task_group_decorator.py took 0.059 seconds
[2026-02-14T16:20:41.193+0000] {processor.py:161} INFO - Started process (PID=4003) to work on /home/airflow/.local/lib/python3.12/site-packages/airflow/example_dags/example_task_group_decorator.py
[2026-02-14T16:20:41.194+0000] {processor.py:830} INFO - Processing file /home/airflow/.local/lib/python3.12/site-packages/airflow/example_dags/example_task_group_decorator.py for tasks to queue
[2026-02-14T16:20:41.195+0000] {logging_mixin.py:188} INFO - [2026-02-14T16:20:41.195+0000] {dagbag.py:545} INFO - Filling up the DagBag from /home/airflow/.local/lib/python3.12/site-packages/airflow/example_dags/example_task_group_decorator.py
[2026-02-14T16:20:41.203+0000] {processor.py:840} INFO - DAG(s) 'example_task_group_decorator' retrieved from /home/airflow/.local/lib/python3.12/site-packages/airflow/example_dags/example_task_group_decorator.py
[2026-02-14T16:20:41.216+0000] {logging_mixin.py:188} INFO - [2026-02-14T16:20:41.216+0000] {dag.py:3089} INFO - Sync 1 DAGs
[2026-02-14T16:20:41.230+0000] {logging_mixin.py:188} INFO - [2026-02-14T16:20:41.230+0000] {dag.py:3947} INFO - Setting next_dagrun for example_task_group_decorator to 2026-02-13 00:00:00+00:00, run_after=2026-02-14 00:00:00+00:00
[2026-02-14T16:20:41.245+0000] {processor.py:183} INFO - Processing /home/airflow/.local/lib/python3.12/site-packages/airflow/example_dags/example_task_group_decorator.py took 0.056 seconds
[2026-02-14T16:21:11.832+0000] {processor.py:161} INFO - Started process (PID=4062) to work on /home/airflow/.local/lib/python3.12/site-packages/airflow/example_dags/example_task_group_decorator.py
[2026-02-14T16:21:11.833+0000] {processor.py:830} INFO - Processing file /home/airflow/.local/lib/python3.12/site-packages/airflow/example_dags/example_task_group_decorator.py for tasks to queue
[2026-02-14T16:21:11.833+0000] {logging_mixin.py:188} INFO - [2026-02-14T16:21:11.833+0000] {dagbag.py:545} INFO - Filling up the DagBag from /home/airflow/.local/lib/python3.12/site-packages/airflow/example_dags/example_task_group_decorator.py
[2026-02-14T16:21:11.839+0000] {processor.py:840} INFO - DAG(s) 'example_task_group_decorator' retrieved from /home/airflow/.local/lib/python3.12/site-packages/airflow/example_dags/example_task_group_decorator.py
[2026-02-14T16:21:11.850+0000] {logging_mixin.py:188} INFO - [2026-02-14T16:21:11.850+0000] {dag.py:3089} INFO - Sync 1 DAGs
[2026-02-14T16:21:11.858+0000] {logging_mixin.py:188} INFO - [2026-02-14T16:21:11.857+0000] {dag.py:3947} INFO - Setting next_dagrun for example_task_group_decorator to 2026-02-13 00:00:00+00:00, run_after=2026-02-14 00:00:00+00:00
[2026-02-14T16:21:11.863+0000] {processor.py:183} INFO - Processing /home/airflow/.local/lib/python3.12/site-packages/airflow/example_dags/example_task_group_decorator.py took 0.034 seconds
