[2026-02-14T15:46:38.395+0000] {processor.py:161} INFO - Started process (PID=72) to work on /home/airflow/.local/lib/python3.12/site-packages/airflow/example_dags/example_setup_teardown_taskflow.py
[2026-02-14T15:46:38.395+0000] {processor.py:830} INFO - Processing file /home/airflow/.local/lib/python3.12/site-packages/airflow/example_dags/example_setup_teardown_taskflow.py for tasks to queue
[2026-02-14T15:46:38.396+0000] {logging_mixin.py:188} INFO - [2026-02-14T15:46:38.396+0000] {dagbag.py:545} INFO - Filling up the DagBag from /home/airflow/.local/lib/python3.12/site-packages/airflow/example_dags/example_setup_teardown_taskflow.py
[2026-02-14T15:46:38.402+0000] {processor.py:840} INFO - DAG(s) 'example_setup_teardown_taskflow' retrieved from /home/airflow/.local/lib/python3.12/site-packages/airflow/example_dags/example_setup_teardown_taskflow.py
[2026-02-14T15:46:38.409+0000] {logging_mixin.py:188} INFO - [2026-02-14T15:46:38.409+0000] {dag.py:3089} INFO - Sync 1 DAGs
[2026-02-14T15:46:38.419+0000] {logging_mixin.py:188} INFO - [2026-02-14T15:46:38.419+0000] {dag.py:3947} INFO - Setting next_dagrun for example_setup_teardown_taskflow to 2026-02-13 00:00:00+00:00, run_after=2026-02-14 00:00:00+00:00
[2026-02-14T15:46:38.431+0000] {processor.py:183} INFO - Processing /home/airflow/.local/lib/python3.12/site-packages/airflow/example_dags/example_setup_teardown_taskflow.py took 0.038 seconds
[2026-02-14T15:47:09.208+0000] {processor.py:161} INFO - Started process (PID=137) to work on /home/airflow/.local/lib/python3.12/site-packages/airflow/example_dags/example_setup_teardown_taskflow.py
[2026-02-14T15:47:09.209+0000] {processor.py:830} INFO - Processing file /home/airflow/.local/lib/python3.12/site-packages/airflow/example_dags/example_setup_teardown_taskflow.py for tasks to queue
[2026-02-14T15:47:09.210+0000] {logging_mixin.py:188} INFO - [2026-02-14T15:47:09.209+0000] {dagbag.py:545} INFO - Filling up the DagBag from /home/airflow/.local/lib/python3.12/site-packages/airflow/example_dags/example_setup_teardown_taskflow.py
[2026-02-14T15:47:09.213+0000] {processor.py:840} INFO - DAG(s) 'example_setup_teardown_taskflow' retrieved from /home/airflow/.local/lib/python3.12/site-packages/airflow/example_dags/example_setup_teardown_taskflow.py
[2026-02-14T15:47:09.244+0000] {logging_mixin.py:188} INFO - [2026-02-14T15:47:09.244+0000] {dag.py:3089} INFO - Sync 1 DAGs
[2026-02-14T15:47:09.250+0000] {logging_mixin.py:188} INFO - [2026-02-14T15:47:09.250+0000] {dag.py:3947} INFO - Setting next_dagrun for example_setup_teardown_taskflow to 2026-02-13 00:00:00+00:00, run_after=2026-02-14 00:00:00+00:00
[2026-02-14T15:47:09.256+0000] {processor.py:183} INFO - Processing /home/airflow/.local/lib/python3.12/site-packages/airflow/example_dags/example_setup_teardown_taskflow.py took 0.050 seconds
[2026-02-14T15:47:40.089+0000] {processor.py:161} INFO - Started process (PID=196) to work on /home/airflow/.local/lib/python3.12/site-packages/airflow/example_dags/example_setup_teardown_taskflow.py
[2026-02-14T15:47:40.089+0000] {processor.py:830} INFO - Processing file /home/airflow/.local/lib/python3.12/site-packages/airflow/example_dags/example_setup_teardown_taskflow.py for tasks to queue
[2026-02-14T15:47:40.090+0000] {logging_mixin.py:188} INFO - [2026-02-14T15:47:40.089+0000] {dagbag.py:545} INFO - Filling up the DagBag from /home/airflow/.local/lib/python3.12/site-packages/airflow/example_dags/example_setup_teardown_taskflow.py
[2026-02-14T15:47:40.097+0000] {processor.py:840} INFO - DAG(s) 'example_setup_teardown_taskflow' retrieved from /home/airflow/.local/lib/python3.12/site-packages/airflow/example_dags/example_setup_teardown_taskflow.py
[2026-02-14T15:47:40.106+0000] {logging_mixin.py:188} INFO - [2026-02-14T15:47:40.106+0000] {dag.py:3089} INFO - Sync 1 DAGs
[2026-02-14T15:47:40.114+0000] {logging_mixin.py:188} INFO - [2026-02-14T15:47:40.114+0000] {dag.py:3947} INFO - Setting next_dagrun for example_setup_teardown_taskflow to 2026-02-13 00:00:00+00:00, run_after=2026-02-14 00:00:00+00:00
[2026-02-14T15:47:40.121+0000] {processor.py:183} INFO - Processing /home/airflow/.local/lib/python3.12/site-packages/airflow/example_dags/example_setup_teardown_taskflow.py took 0.035 seconds
[2026-02-14T15:48:10.674+0000] {processor.py:161} INFO - Started process (PID=255) to work on /home/airflow/.local/lib/python3.12/site-packages/airflow/example_dags/example_setup_teardown_taskflow.py
[2026-02-14T15:48:10.674+0000] {processor.py:830} INFO - Processing file /home/airflow/.local/lib/python3.12/site-packages/airflow/example_dags/example_setup_teardown_taskflow.py for tasks to queue
[2026-02-14T15:48:10.675+0000] {logging_mixin.py:188} INFO - [2026-02-14T15:48:10.675+0000] {dagbag.py:545} INFO - Filling up the DagBag from /home/airflow/.local/lib/python3.12/site-packages/airflow/example_dags/example_setup_teardown_taskflow.py
[2026-02-14T15:48:10.679+0000] {processor.py:840} INFO - DAG(s) 'example_setup_teardown_taskflow' retrieved from /home/airflow/.local/lib/python3.12/site-packages/airflow/example_dags/example_setup_teardown_taskflow.py
[2026-02-14T15:48:10.688+0000] {logging_mixin.py:188} INFO - [2026-02-14T15:48:10.688+0000] {dag.py:3089} INFO - Sync 1 DAGs
[2026-02-14T15:48:10.695+0000] {logging_mixin.py:188} INFO - [2026-02-14T15:48:10.695+0000] {dag.py:3947} INFO - Setting next_dagrun for example_setup_teardown_taskflow to 2026-02-13 00:00:00+00:00, run_after=2026-02-14 00:00:00+00:00
[2026-02-14T15:48:10.702+0000] {processor.py:183} INFO - Processing /home/airflow/.local/lib/python3.12/site-packages/airflow/example_dags/example_setup_teardown_taskflow.py took 0.031 seconds
[2026-02-14T15:48:41.276+0000] {processor.py:161} INFO - Started process (PID=314) to work on /home/airflow/.local/lib/python3.12/site-packages/airflow/example_dags/example_setup_teardown_taskflow.py
[2026-02-14T15:48:41.276+0000] {processor.py:830} INFO - Processing file /home/airflow/.local/lib/python3.12/site-packages/airflow/example_dags/example_setup_teardown_taskflow.py for tasks to queue
[2026-02-14T15:48:41.277+0000] {logging_mixin.py:188} INFO - [2026-02-14T15:48:41.277+0000] {dagbag.py:545} INFO - Filling up the DagBag from /home/airflow/.local/lib/python3.12/site-packages/airflow/example_dags/example_setup_teardown_taskflow.py
[2026-02-14T15:48:41.280+0000] {processor.py:840} INFO - DAG(s) 'example_setup_teardown_taskflow' retrieved from /home/airflow/.local/lib/python3.12/site-packages/airflow/example_dags/example_setup_teardown_taskflow.py
[2026-02-14T15:48:41.287+0000] {logging_mixin.py:188} INFO - [2026-02-14T15:48:41.287+0000] {dag.py:3089} INFO - Sync 1 DAGs
[2026-02-14T15:48:41.294+0000] {logging_mixin.py:188} INFO - [2026-02-14T15:48:41.294+0000] {dag.py:3947} INFO - Setting next_dagrun for example_setup_teardown_taskflow to 2026-02-13 00:00:00+00:00, run_after=2026-02-14 00:00:00+00:00
[2026-02-14T15:48:41.299+0000] {processor.py:183} INFO - Processing /home/airflow/.local/lib/python3.12/site-packages/airflow/example_dags/example_setup_teardown_taskflow.py took 0.025 seconds
[2026-02-14T15:49:11.933+0000] {processor.py:161} INFO - Started process (PID=373) to work on /home/airflow/.local/lib/python3.12/site-packages/airflow/example_dags/example_setup_teardown_taskflow.py
[2026-02-14T15:49:11.933+0000] {processor.py:830} INFO - Processing file /home/airflow/.local/lib/python3.12/site-packages/airflow/example_dags/example_setup_teardown_taskflow.py for tasks to queue
[2026-02-14T15:49:11.934+0000] {logging_mixin.py:188} INFO - [2026-02-14T15:49:11.934+0000] {dagbag.py:545} INFO - Filling up the DagBag from /home/airflow/.local/lib/python3.12/site-packages/airflow/example_dags/example_setup_teardown_taskflow.py
[2026-02-14T15:49:11.939+0000] {processor.py:840} INFO - DAG(s) 'example_setup_teardown_taskflow' retrieved from /home/airflow/.local/lib/python3.12/site-packages/airflow/example_dags/example_setup_teardown_taskflow.py
[2026-02-14T15:49:11.947+0000] {logging_mixin.py:188} INFO - [2026-02-14T15:49:11.947+0000] {dag.py:3089} INFO - Sync 1 DAGs
[2026-02-14T15:49:11.955+0000] {logging_mixin.py:188} INFO - [2026-02-14T15:49:11.955+0000] {dag.py:3947} INFO - Setting next_dagrun for example_setup_teardown_taskflow to 2026-02-13 00:00:00+00:00, run_after=2026-02-14 00:00:00+00:00
[2026-02-14T15:49:11.962+0000] {processor.py:183} INFO - Processing /home/airflow/.local/lib/python3.12/site-packages/airflow/example_dags/example_setup_teardown_taskflow.py took 0.031 seconds
[2026-02-14T15:49:42.321+0000] {processor.py:161} INFO - Started process (PID=432) to work on /home/airflow/.local/lib/python3.12/site-packages/airflow/example_dags/example_setup_teardown_taskflow.py
[2026-02-14T15:49:42.321+0000] {processor.py:830} INFO - Processing file /home/airflow/.local/lib/python3.12/site-packages/airflow/example_dags/example_setup_teardown_taskflow.py for tasks to queue
[2026-02-14T15:49:42.322+0000] {logging_mixin.py:188} INFO - [2026-02-14T15:49:42.321+0000] {dagbag.py:545} INFO - Filling up the DagBag from /home/airflow/.local/lib/python3.12/site-packages/airflow/example_dags/example_setup_teardown_taskflow.py
[2026-02-14T15:49:42.325+0000] {processor.py:840} INFO - DAG(s) 'example_setup_teardown_taskflow' retrieved from /home/airflow/.local/lib/python3.12/site-packages/airflow/example_dags/example_setup_teardown_taskflow.py
[2026-02-14T15:49:42.333+0000] {logging_mixin.py:188} INFO - [2026-02-14T15:49:42.333+0000] {dag.py:3089} INFO - Sync 1 DAGs
[2026-02-14T15:49:42.340+0000] {logging_mixin.py:188} INFO - [2026-02-14T15:49:42.340+0000] {dag.py:3947} INFO - Setting next_dagrun for example_setup_teardown_taskflow to 2026-02-13 00:00:00+00:00, run_after=2026-02-14 00:00:00+00:00
[2026-02-14T15:49:42.348+0000] {processor.py:183} INFO - Processing /home/airflow/.local/lib/python3.12/site-packages/airflow/example_dags/example_setup_teardown_taskflow.py took 0.029 seconds
[2026-02-14T15:50:12.729+0000] {processor.py:161} INFO - Started process (PID=491) to work on /home/airflow/.local/lib/python3.12/site-packages/airflow/example_dags/example_setup_teardown_taskflow.py
[2026-02-14T15:50:12.730+0000] {processor.py:830} INFO - Processing file /home/airflow/.local/lib/python3.12/site-packages/airflow/example_dags/example_setup_teardown_taskflow.py for tasks to queue
[2026-02-14T15:50:12.731+0000] {logging_mixin.py:188} INFO - [2026-02-14T15:50:12.731+0000] {dagbag.py:545} INFO - Filling up the DagBag from /home/airflow/.local/lib/python3.12/site-packages/airflow/example_dags/example_setup_teardown_taskflow.py
[2026-02-14T15:50:12.737+0000] {processor.py:840} INFO - DAG(s) 'example_setup_teardown_taskflow' retrieved from /home/airflow/.local/lib/python3.12/site-packages/airflow/example_dags/example_setup_teardown_taskflow.py
[2026-02-14T15:50:12.750+0000] {logging_mixin.py:188} INFO - [2026-02-14T15:50:12.750+0000] {dag.py:3089} INFO - Sync 1 DAGs
[2026-02-14T15:50:12.758+0000] {logging_mixin.py:188} INFO - [2026-02-14T15:50:12.758+0000] {dag.py:3947} INFO - Setting next_dagrun for example_setup_teardown_taskflow to 2026-02-13 00:00:00+00:00, run_after=2026-02-14 00:00:00+00:00
[2026-02-14T15:50:12.764+0000] {processor.py:183} INFO - Processing /home/airflow/.local/lib/python3.12/site-packages/airflow/example_dags/example_setup_teardown_taskflow.py took 0.038 seconds
[2026-02-14T15:50:43.177+0000] {processor.py:161} INFO - Started process (PID=550) to work on /home/airflow/.local/lib/python3.12/site-packages/airflow/example_dags/example_setup_teardown_taskflow.py
[2026-02-14T15:50:43.178+0000] {processor.py:830} INFO - Processing file /home/airflow/.local/lib/python3.12/site-packages/airflow/example_dags/example_setup_teardown_taskflow.py for tasks to queue
[2026-02-14T15:50:43.178+0000] {logging_mixin.py:188} INFO - [2026-02-14T15:50:43.178+0000] {dagbag.py:545} INFO - Filling up the DagBag from /home/airflow/.local/lib/python3.12/site-packages/airflow/example_dags/example_setup_teardown_taskflow.py
[2026-02-14T15:50:43.183+0000] {processor.py:840} INFO - DAG(s) 'example_setup_teardown_taskflow' retrieved from /home/airflow/.local/lib/python3.12/site-packages/airflow/example_dags/example_setup_teardown_taskflow.py
[2026-02-14T15:50:43.192+0000] {logging_mixin.py:188} INFO - [2026-02-14T15:50:43.192+0000] {dag.py:3089} INFO - Sync 1 DAGs
[2026-02-14T15:50:43.202+0000] {logging_mixin.py:188} INFO - [2026-02-14T15:50:43.202+0000] {dag.py:3947} INFO - Setting next_dagrun for example_setup_teardown_taskflow to 2026-02-13 00:00:00+00:00, run_after=2026-02-14 00:00:00+00:00
[2026-02-14T15:50:43.211+0000] {processor.py:183} INFO - Processing /home/airflow/.local/lib/python3.12/site-packages/airflow/example_dags/example_setup_teardown_taskflow.py took 0.036 seconds
[2026-02-14T15:51:13.906+0000] {processor.py:161} INFO - Started process (PID=609) to work on /home/airflow/.local/lib/python3.12/site-packages/airflow/example_dags/example_setup_teardown_taskflow.py
[2026-02-14T15:51:13.908+0000] {processor.py:830} INFO - Processing file /home/airflow/.local/lib/python3.12/site-packages/airflow/example_dags/example_setup_teardown_taskflow.py for tasks to queue
[2026-02-14T15:51:13.909+0000] {logging_mixin.py:188} INFO - [2026-02-14T15:51:13.908+0000] {dagbag.py:545} INFO - Filling up the DagBag from /home/airflow/.local/lib/python3.12/site-packages/airflow/example_dags/example_setup_teardown_taskflow.py
[2026-02-14T15:51:13.914+0000] {processor.py:840} INFO - DAG(s) 'example_setup_teardown_taskflow' retrieved from /home/airflow/.local/lib/python3.12/site-packages/airflow/example_dags/example_setup_teardown_taskflow.py
[2026-02-14T15:51:13.924+0000] {logging_mixin.py:188} INFO - [2026-02-14T15:51:13.924+0000] {dag.py:3089} INFO - Sync 1 DAGs
[2026-02-14T15:51:13.932+0000] {logging_mixin.py:188} INFO - [2026-02-14T15:51:13.932+0000] {dag.py:3947} INFO - Setting next_dagrun for example_setup_teardown_taskflow to 2026-02-13 00:00:00+00:00, run_after=2026-02-14 00:00:00+00:00
[2026-02-14T15:51:13.938+0000] {processor.py:183} INFO - Processing /home/airflow/.local/lib/python3.12/site-packages/airflow/example_dags/example_setup_teardown_taskflow.py took 0.035 seconds
[2026-02-14T15:51:44.376+0000] {processor.py:161} INFO - Started process (PID=668) to work on /home/airflow/.local/lib/python3.12/site-packages/airflow/example_dags/example_setup_teardown_taskflow.py
[2026-02-14T15:51:44.377+0000] {processor.py:830} INFO - Processing file /home/airflow/.local/lib/python3.12/site-packages/airflow/example_dags/example_setup_teardown_taskflow.py for tasks to queue
[2026-02-14T15:51:44.378+0000] {logging_mixin.py:188} INFO - [2026-02-14T15:51:44.378+0000] {dagbag.py:545} INFO - Filling up the DagBag from /home/airflow/.local/lib/python3.12/site-packages/airflow/example_dags/example_setup_teardown_taskflow.py
[2026-02-14T15:51:44.381+0000] {processor.py:840} INFO - DAG(s) 'example_setup_teardown_taskflow' retrieved from /home/airflow/.local/lib/python3.12/site-packages/airflow/example_dags/example_setup_teardown_taskflow.py
[2026-02-14T15:51:44.389+0000] {logging_mixin.py:188} INFO - [2026-02-14T15:51:44.389+0000] {dag.py:3089} INFO - Sync 1 DAGs
[2026-02-14T15:51:44.397+0000] {logging_mixin.py:188} INFO - [2026-02-14T15:51:44.396+0000] {dag.py:3947} INFO - Setting next_dagrun for example_setup_teardown_taskflow to 2026-02-13 00:00:00+00:00, run_after=2026-02-14 00:00:00+00:00
[2026-02-14T15:51:44.402+0000] {processor.py:183} INFO - Processing /home/airflow/.local/lib/python3.12/site-packages/airflow/example_dags/example_setup_teardown_taskflow.py took 0.028 seconds
[2026-02-14T15:52:14.864+0000] {processor.py:161} INFO - Started process (PID=727) to work on /home/airflow/.local/lib/python3.12/site-packages/airflow/example_dags/example_setup_teardown_taskflow.py
[2026-02-14T15:52:14.865+0000] {processor.py:830} INFO - Processing file /home/airflow/.local/lib/python3.12/site-packages/airflow/example_dags/example_setup_teardown_taskflow.py for tasks to queue
[2026-02-14T15:52:14.866+0000] {logging_mixin.py:188} INFO - [2026-02-14T15:52:14.866+0000] {dagbag.py:545} INFO - Filling up the DagBag from /home/airflow/.local/lib/python3.12/site-packages/airflow/example_dags/example_setup_teardown_taskflow.py
[2026-02-14T15:52:14.869+0000] {processor.py:840} INFO - DAG(s) 'example_setup_teardown_taskflow' retrieved from /home/airflow/.local/lib/python3.12/site-packages/airflow/example_dags/example_setup_teardown_taskflow.py
[2026-02-14T15:52:14.880+0000] {logging_mixin.py:188} INFO - [2026-02-14T15:52:14.879+0000] {dag.py:3089} INFO - Sync 1 DAGs
[2026-02-14T15:52:14.888+0000] {logging_mixin.py:188} INFO - [2026-02-14T15:52:14.888+0000] {dag.py:3947} INFO - Setting next_dagrun for example_setup_teardown_taskflow to 2026-02-13 00:00:00+00:00, run_after=2026-02-14 00:00:00+00:00
[2026-02-14T15:52:14.895+0000] {processor.py:183} INFO - Processing /home/airflow/.local/lib/python3.12/site-packages/airflow/example_dags/example_setup_teardown_taskflow.py took 0.033 seconds
[2026-02-14T15:52:45.270+0000] {processor.py:161} INFO - Started process (PID=786) to work on /home/airflow/.local/lib/python3.12/site-packages/airflow/example_dags/example_setup_teardown_taskflow.py
[2026-02-14T15:52:45.271+0000] {processor.py:830} INFO - Processing file /home/airflow/.local/lib/python3.12/site-packages/airflow/example_dags/example_setup_teardown_taskflow.py for tasks to queue
[2026-02-14T15:52:45.271+0000] {logging_mixin.py:188} INFO - [2026-02-14T15:52:45.271+0000] {dagbag.py:545} INFO - Filling up the DagBag from /home/airflow/.local/lib/python3.12/site-packages/airflow/example_dags/example_setup_teardown_taskflow.py
[2026-02-14T15:52:45.275+0000] {processor.py:840} INFO - DAG(s) 'example_setup_teardown_taskflow' retrieved from /home/airflow/.local/lib/python3.12/site-packages/airflow/example_dags/example_setup_teardown_taskflow.py
[2026-02-14T15:52:45.283+0000] {logging_mixin.py:188} INFO - [2026-02-14T15:52:45.283+0000] {dag.py:3089} INFO - Sync 1 DAGs
[2026-02-14T15:52:45.290+0000] {logging_mixin.py:188} INFO - [2026-02-14T15:52:45.290+0000] {dag.py:3947} INFO - Setting next_dagrun for example_setup_teardown_taskflow to 2026-02-13 00:00:00+00:00, run_after=2026-02-14 00:00:00+00:00
[2026-02-14T15:52:45.298+0000] {processor.py:183} INFO - Processing /home/airflow/.local/lib/python3.12/site-packages/airflow/example_dags/example_setup_teardown_taskflow.py took 0.030 seconds
[2026-02-14T15:53:15.602+0000] {processor.py:161} INFO - Started process (PID=845) to work on /home/airflow/.local/lib/python3.12/site-packages/airflow/example_dags/example_setup_teardown_taskflow.py
[2026-02-14T15:53:15.604+0000] {processor.py:830} INFO - Processing file /home/airflow/.local/lib/python3.12/site-packages/airflow/example_dags/example_setup_teardown_taskflow.py for tasks to queue
[2026-02-14T15:53:15.605+0000] {logging_mixin.py:188} INFO - [2026-02-14T15:53:15.605+0000] {dagbag.py:545} INFO - Filling up the DagBag from /home/airflow/.local/lib/python3.12/site-packages/airflow/example_dags/example_setup_teardown_taskflow.py
[2026-02-14T15:53:15.608+0000] {processor.py:840} INFO - DAG(s) 'example_setup_teardown_taskflow' retrieved from /home/airflow/.local/lib/python3.12/site-packages/airflow/example_dags/example_setup_teardown_taskflow.py
[2026-02-14T15:53:15.615+0000] {logging_mixin.py:188} INFO - [2026-02-14T15:53:15.615+0000] {dag.py:3089} INFO - Sync 1 DAGs
[2026-02-14T15:53:15.621+0000] {logging_mixin.py:188} INFO - [2026-02-14T15:53:15.621+0000] {dag.py:3947} INFO - Setting next_dagrun for example_setup_teardown_taskflow to 2026-02-13 00:00:00+00:00, run_after=2026-02-14 00:00:00+00:00
[2026-02-14T15:53:15.628+0000] {processor.py:183} INFO - Processing /home/airflow/.local/lib/python3.12/site-packages/airflow/example_dags/example_setup_teardown_taskflow.py took 0.028 seconds
[2026-02-14T15:53:45.976+0000] {processor.py:161} INFO - Started process (PID=904) to work on /home/airflow/.local/lib/python3.12/site-packages/airflow/example_dags/example_setup_teardown_taskflow.py
[2026-02-14T15:53:45.977+0000] {processor.py:830} INFO - Processing file /home/airflow/.local/lib/python3.12/site-packages/airflow/example_dags/example_setup_teardown_taskflow.py for tasks to queue
[2026-02-14T15:53:45.977+0000] {logging_mixin.py:188} INFO - [2026-02-14T15:53:45.977+0000] {dagbag.py:545} INFO - Filling up the DagBag from /home/airflow/.local/lib/python3.12/site-packages/airflow/example_dags/example_setup_teardown_taskflow.py
[2026-02-14T15:53:45.981+0000] {processor.py:840} INFO - DAG(s) 'example_setup_teardown_taskflow' retrieved from /home/airflow/.local/lib/python3.12/site-packages/airflow/example_dags/example_setup_teardown_taskflow.py
[2026-02-14T15:53:45.990+0000] {logging_mixin.py:188} INFO - [2026-02-14T15:53:45.990+0000] {dag.py:3089} INFO - Sync 1 DAGs
[2026-02-14T15:53:45.998+0000] {logging_mixin.py:188} INFO - [2026-02-14T15:53:45.998+0000] {dag.py:3947} INFO - Setting next_dagrun for example_setup_teardown_taskflow to 2026-02-13 00:00:00+00:00, run_after=2026-02-14 00:00:00+00:00
[2026-02-14T15:53:46.006+0000] {processor.py:183} INFO - Processing /home/airflow/.local/lib/python3.12/site-packages/airflow/example_dags/example_setup_teardown_taskflow.py took 0.032 seconds
[2026-02-14T15:54:16.415+0000] {processor.py:161} INFO - Started process (PID=963) to work on /home/airflow/.local/lib/python3.12/site-packages/airflow/example_dags/example_setup_teardown_taskflow.py
[2026-02-14T15:54:16.415+0000] {processor.py:830} INFO - Processing file /home/airflow/.local/lib/python3.12/site-packages/airflow/example_dags/example_setup_teardown_taskflow.py for tasks to queue
[2026-02-14T15:54:16.416+0000] {logging_mixin.py:188} INFO - [2026-02-14T15:54:16.416+0000] {dagbag.py:545} INFO - Filling up the DagBag from /home/airflow/.local/lib/python3.12/site-packages/airflow/example_dags/example_setup_teardown_taskflow.py
[2026-02-14T15:54:16.421+0000] {processor.py:840} INFO - DAG(s) 'example_setup_teardown_taskflow' retrieved from /home/airflow/.local/lib/python3.12/site-packages/airflow/example_dags/example_setup_teardown_taskflow.py
[2026-02-14T15:54:16.431+0000] {logging_mixin.py:188} INFO - [2026-02-14T15:54:16.431+0000] {dag.py:3089} INFO - Sync 1 DAGs
[2026-02-14T15:54:16.439+0000] {logging_mixin.py:188} INFO - [2026-02-14T15:54:16.439+0000] {dag.py:3947} INFO - Setting next_dagrun for example_setup_teardown_taskflow to 2026-02-13 00:00:00+00:00, run_after=2026-02-14 00:00:00+00:00
[2026-02-14T15:54:16.445+0000] {processor.py:183} INFO - Processing /home/airflow/.local/lib/python3.12/site-packages/airflow/example_dags/example_setup_teardown_taskflow.py took 0.032 seconds
[2026-02-14T15:54:46.900+0000] {processor.py:161} INFO - Started process (PID=1022) to work on /home/airflow/.local/lib/python3.12/site-packages/airflow/example_dags/example_setup_teardown_taskflow.py
[2026-02-14T15:54:46.901+0000] {processor.py:830} INFO - Processing file /home/airflow/.local/lib/python3.12/site-packages/airflow/example_dags/example_setup_teardown_taskflow.py for tasks to queue
[2026-02-14T15:54:46.902+0000] {logging_mixin.py:188} INFO - [2026-02-14T15:54:46.902+0000] {dagbag.py:545} INFO - Filling up the DagBag from /home/airflow/.local/lib/python3.12/site-packages/airflow/example_dags/example_setup_teardown_taskflow.py
[2026-02-14T15:54:46.906+0000] {processor.py:840} INFO - DAG(s) 'example_setup_teardown_taskflow' retrieved from /home/airflow/.local/lib/python3.12/site-packages/airflow/example_dags/example_setup_teardown_taskflow.py
[2026-02-14T15:54:46.913+0000] {logging_mixin.py:188} INFO - [2026-02-14T15:54:46.913+0000] {dag.py:3089} INFO - Sync 1 DAGs
[2026-02-14T15:54:46.920+0000] {logging_mixin.py:188} INFO - [2026-02-14T15:54:46.920+0000] {dag.py:3947} INFO - Setting next_dagrun for example_setup_teardown_taskflow to 2026-02-13 00:00:00+00:00, run_after=2026-02-14 00:00:00+00:00
[2026-02-14T15:54:46.927+0000] {processor.py:183} INFO - Processing /home/airflow/.local/lib/python3.12/site-packages/airflow/example_dags/example_setup_teardown_taskflow.py took 0.029 seconds
[2026-02-14T15:55:18.908+0000] {processor.py:161} INFO - Started process (PID=1081) to work on /home/airflow/.local/lib/python3.12/site-packages/airflow/example_dags/example_setup_teardown_taskflow.py
[2026-02-14T15:55:18.910+0000] {processor.py:830} INFO - Processing file /home/airflow/.local/lib/python3.12/site-packages/airflow/example_dags/example_setup_teardown_taskflow.py for tasks to queue
[2026-02-14T15:55:18.916+0000] {logging_mixin.py:188} INFO - [2026-02-14T15:55:18.914+0000] {dagbag.py:545} INFO - Filling up the DagBag from /home/airflow/.local/lib/python3.12/site-packages/airflow/example_dags/example_setup_teardown_taskflow.py
[2026-02-14T15:55:18.944+0000] {processor.py:840} INFO - DAG(s) 'example_setup_teardown_taskflow' retrieved from /home/airflow/.local/lib/python3.12/site-packages/airflow/example_dags/example_setup_teardown_taskflow.py
[2026-02-14T15:55:18.998+0000] {logging_mixin.py:188} INFO - [2026-02-14T15:55:18.997+0000] {dag.py:3089} INFO - Sync 1 DAGs
[2026-02-14T15:55:19.055+0000] {logging_mixin.py:188} INFO - [2026-02-14T15:55:19.051+0000] {dag.py:3947} INFO - Setting next_dagrun for example_setup_teardown_taskflow to 2026-02-13 00:00:00+00:00, run_after=2026-02-14 00:00:00+00:00
[2026-02-14T15:55:19.100+0000] {processor.py:183} INFO - Processing /home/airflow/.local/lib/python3.12/site-packages/airflow/example_dags/example_setup_teardown_taskflow.py took 0.197 seconds
[2026-02-14T15:55:49.893+0000] {processor.py:161} INFO - Started process (PID=1139) to work on /home/airflow/.local/lib/python3.12/site-packages/airflow/example_dags/example_setup_teardown_taskflow.py
[2026-02-14T15:55:49.893+0000] {processor.py:830} INFO - Processing file /home/airflow/.local/lib/python3.12/site-packages/airflow/example_dags/example_setup_teardown_taskflow.py for tasks to queue
[2026-02-14T15:55:49.894+0000] {logging_mixin.py:188} INFO - [2026-02-14T15:55:49.894+0000] {dagbag.py:545} INFO - Filling up the DagBag from /home/airflow/.local/lib/python3.12/site-packages/airflow/example_dags/example_setup_teardown_taskflow.py
[2026-02-14T15:55:49.898+0000] {processor.py:840} INFO - DAG(s) 'example_setup_teardown_taskflow' retrieved from /home/airflow/.local/lib/python3.12/site-packages/airflow/example_dags/example_setup_teardown_taskflow.py
[2026-02-14T15:55:49.906+0000] {logging_mixin.py:188} INFO - [2026-02-14T15:55:49.906+0000] {dag.py:3089} INFO - Sync 1 DAGs
[2026-02-14T15:55:49.913+0000] {logging_mixin.py:188} INFO - [2026-02-14T15:55:49.913+0000] {dag.py:3947} INFO - Setting next_dagrun for example_setup_teardown_taskflow to 2026-02-13 00:00:00+00:00, run_after=2026-02-14 00:00:00+00:00
[2026-02-14T15:55:49.918+0000] {processor.py:183} INFO - Processing /home/airflow/.local/lib/python3.12/site-packages/airflow/example_dags/example_setup_teardown_taskflow.py took 0.028 seconds
[2026-02-14T15:56:20.401+0000] {processor.py:161} INFO - Started process (PID=1198) to work on /home/airflow/.local/lib/python3.12/site-packages/airflow/example_dags/example_setup_teardown_taskflow.py
[2026-02-14T15:56:20.402+0000] {processor.py:830} INFO - Processing file /home/airflow/.local/lib/python3.12/site-packages/airflow/example_dags/example_setup_teardown_taskflow.py for tasks to queue
[2026-02-14T15:56:20.402+0000] {logging_mixin.py:188} INFO - [2026-02-14T15:56:20.402+0000] {dagbag.py:545} INFO - Filling up the DagBag from /home/airflow/.local/lib/python3.12/site-packages/airflow/example_dags/example_setup_teardown_taskflow.py
[2026-02-14T15:56:20.406+0000] {processor.py:840} INFO - DAG(s) 'example_setup_teardown_taskflow' retrieved from /home/airflow/.local/lib/python3.12/site-packages/airflow/example_dags/example_setup_teardown_taskflow.py
[2026-02-14T15:56:20.413+0000] {logging_mixin.py:188} INFO - [2026-02-14T15:56:20.413+0000] {dag.py:3089} INFO - Sync 1 DAGs
[2026-02-14T15:56:20.420+0000] {logging_mixin.py:188} INFO - [2026-02-14T15:56:20.419+0000] {dag.py:3947} INFO - Setting next_dagrun for example_setup_teardown_taskflow to 2026-02-13 00:00:00+00:00, run_after=2026-02-14 00:00:00+00:00
[2026-02-14T15:56:20.425+0000] {processor.py:183} INFO - Processing /home/airflow/.local/lib/python3.12/site-packages/airflow/example_dags/example_setup_teardown_taskflow.py took 0.026 seconds
[2026-02-14T15:56:50.939+0000] {processor.py:161} INFO - Started process (PID=1257) to work on /home/airflow/.local/lib/python3.12/site-packages/airflow/example_dags/example_setup_teardown_taskflow.py
[2026-02-14T15:56:50.940+0000] {processor.py:830} INFO - Processing file /home/airflow/.local/lib/python3.12/site-packages/airflow/example_dags/example_setup_teardown_taskflow.py for tasks to queue
[2026-02-14T15:56:50.941+0000] {logging_mixin.py:188} INFO - [2026-02-14T15:56:50.940+0000] {dagbag.py:545} INFO - Filling up the DagBag from /home/airflow/.local/lib/python3.12/site-packages/airflow/example_dags/example_setup_teardown_taskflow.py
[2026-02-14T15:56:50.945+0000] {processor.py:840} INFO - DAG(s) 'example_setup_teardown_taskflow' retrieved from /home/airflow/.local/lib/python3.12/site-packages/airflow/example_dags/example_setup_teardown_taskflow.py
[2026-02-14T15:56:50.952+0000] {logging_mixin.py:188} INFO - [2026-02-14T15:56:50.952+0000] {dag.py:3089} INFO - Sync 1 DAGs
[2026-02-14T15:56:50.959+0000] {logging_mixin.py:188} INFO - [2026-02-14T15:56:50.959+0000] {dag.py:3947} INFO - Setting next_dagrun for example_setup_teardown_taskflow to 2026-02-13 00:00:00+00:00, run_after=2026-02-14 00:00:00+00:00
[2026-02-14T15:56:50.964+0000] {processor.py:183} INFO - Processing /home/airflow/.local/lib/python3.12/site-packages/airflow/example_dags/example_setup_teardown_taskflow.py took 0.028 seconds
[2026-02-14T15:57:21.673+0000] {processor.py:161} INFO - Started process (PID=1316) to work on /home/airflow/.local/lib/python3.12/site-packages/airflow/example_dags/example_setup_teardown_taskflow.py
[2026-02-14T15:57:21.673+0000] {processor.py:830} INFO - Processing file /home/airflow/.local/lib/python3.12/site-packages/airflow/example_dags/example_setup_teardown_taskflow.py for tasks to queue
[2026-02-14T15:57:21.674+0000] {logging_mixin.py:188} INFO - [2026-02-14T15:57:21.674+0000] {dagbag.py:545} INFO - Filling up the DagBag from /home/airflow/.local/lib/python3.12/site-packages/airflow/example_dags/example_setup_teardown_taskflow.py
[2026-02-14T15:57:21.677+0000] {processor.py:840} INFO - DAG(s) 'example_setup_teardown_taskflow' retrieved from /home/airflow/.local/lib/python3.12/site-packages/airflow/example_dags/example_setup_teardown_taskflow.py
[2026-02-14T15:57:21.684+0000] {logging_mixin.py:188} INFO - [2026-02-14T15:57:21.684+0000] {dag.py:3089} INFO - Sync 1 DAGs
[2026-02-14T15:57:21.691+0000] {logging_mixin.py:188} INFO - [2026-02-14T15:57:21.691+0000] {dag.py:3947} INFO - Setting next_dagrun for example_setup_teardown_taskflow to 2026-02-13 00:00:00+00:00, run_after=2026-02-14 00:00:00+00:00
[2026-02-14T15:57:21.696+0000] {processor.py:183} INFO - Processing /home/airflow/.local/lib/python3.12/site-packages/airflow/example_dags/example_setup_teardown_taskflow.py took 0.026 seconds
[2026-02-14T15:57:51.909+0000] {processor.py:161} INFO - Started process (PID=1375) to work on /home/airflow/.local/lib/python3.12/site-packages/airflow/example_dags/example_setup_teardown_taskflow.py
[2026-02-14T15:57:51.911+0000] {processor.py:830} INFO - Processing file /home/airflow/.local/lib/python3.12/site-packages/airflow/example_dags/example_setup_teardown_taskflow.py for tasks to queue
[2026-02-14T15:57:51.912+0000] {logging_mixin.py:188} INFO - [2026-02-14T15:57:51.912+0000] {dagbag.py:545} INFO - Filling up the DagBag from /home/airflow/.local/lib/python3.12/site-packages/airflow/example_dags/example_setup_teardown_taskflow.py
[2026-02-14T15:57:51.916+0000] {processor.py:840} INFO - DAG(s) 'example_setup_teardown_taskflow' retrieved from /home/airflow/.local/lib/python3.12/site-packages/airflow/example_dags/example_setup_teardown_taskflow.py
[2026-02-14T15:57:51.924+0000] {logging_mixin.py:188} INFO - [2026-02-14T15:57:51.924+0000] {dag.py:3089} INFO - Sync 1 DAGs
[2026-02-14T15:57:51.999+0000] {logging_mixin.py:188} INFO - [2026-02-14T15:57:51.999+0000] {dag.py:3947} INFO - Setting next_dagrun for example_setup_teardown_taskflow to 2026-02-13 00:00:00+00:00, run_after=2026-02-14 00:00:00+00:00
[2026-02-14T15:57:52.004+0000] {processor.py:183} INFO - Processing /home/airflow/.local/lib/python3.12/site-packages/airflow/example_dags/example_setup_teardown_taskflow.py took 0.097 seconds
[2026-02-14T15:58:22.866+0000] {processor.py:161} INFO - Started process (PID=1434) to work on /home/airflow/.local/lib/python3.12/site-packages/airflow/example_dags/example_setup_teardown_taskflow.py
[2026-02-14T15:58:22.867+0000] {processor.py:830} INFO - Processing file /home/airflow/.local/lib/python3.12/site-packages/airflow/example_dags/example_setup_teardown_taskflow.py for tasks to queue
[2026-02-14T15:58:22.868+0000] {logging_mixin.py:188} INFO - [2026-02-14T15:58:22.867+0000] {dagbag.py:545} INFO - Filling up the DagBag from /home/airflow/.local/lib/python3.12/site-packages/airflow/example_dags/example_setup_teardown_taskflow.py
[2026-02-14T15:58:22.874+0000] {processor.py:840} INFO - DAG(s) 'example_setup_teardown_taskflow' retrieved from /home/airflow/.local/lib/python3.12/site-packages/airflow/example_dags/example_setup_teardown_taskflow.py
[2026-02-14T15:58:22.897+0000] {logging_mixin.py:188} INFO - [2026-02-14T15:58:22.897+0000] {dag.py:3089} INFO - Sync 1 DAGs
[2026-02-14T15:58:22.951+0000] {logging_mixin.py:188} INFO - [2026-02-14T15:58:22.951+0000] {dag.py:3947} INFO - Setting next_dagrun for example_setup_teardown_taskflow to 2026-02-13 00:00:00+00:00, run_after=2026-02-14 00:00:00+00:00
[2026-02-14T15:58:23.049+0000] {processor.py:183} INFO - Processing /home/airflow/.local/lib/python3.12/site-packages/airflow/example_dags/example_setup_teardown_taskflow.py took 0.186 seconds
[2026-02-14T15:58:53.095+0000] {processor.py:161} INFO - Started process (PID=1493) to work on /home/airflow/.local/lib/python3.12/site-packages/airflow/example_dags/example_setup_teardown_taskflow.py
[2026-02-14T15:58:53.096+0000] {processor.py:830} INFO - Processing file /home/airflow/.local/lib/python3.12/site-packages/airflow/example_dags/example_setup_teardown_taskflow.py for tasks to queue
[2026-02-14T15:58:53.098+0000] {logging_mixin.py:188} INFO - [2026-02-14T15:58:53.097+0000] {dagbag.py:545} INFO - Filling up the DagBag from /home/airflow/.local/lib/python3.12/site-packages/airflow/example_dags/example_setup_teardown_taskflow.py
[2026-02-14T15:58:53.102+0000] {processor.py:840} INFO - DAG(s) 'example_setup_teardown_taskflow' retrieved from /home/airflow/.local/lib/python3.12/site-packages/airflow/example_dags/example_setup_teardown_taskflow.py
[2026-02-14T15:58:53.110+0000] {logging_mixin.py:188} INFO - [2026-02-14T15:58:53.110+0000] {dag.py:3089} INFO - Sync 1 DAGs
[2026-02-14T15:58:53.120+0000] {logging_mixin.py:188} INFO - [2026-02-14T15:58:53.120+0000] {dag.py:3947} INFO - Setting next_dagrun for example_setup_teardown_taskflow to 2026-02-13 00:00:00+00:00, run_after=2026-02-14 00:00:00+00:00
[2026-02-14T15:58:53.130+0000] {processor.py:183} INFO - Processing /home/airflow/.local/lib/python3.12/site-packages/airflow/example_dags/example_setup_teardown_taskflow.py took 0.038 seconds
[2026-02-14T15:59:23.348+0000] {processor.py:161} INFO - Started process (PID=1552) to work on /home/airflow/.local/lib/python3.12/site-packages/airflow/example_dags/example_setup_teardown_taskflow.py
[2026-02-14T15:59:23.350+0000] {processor.py:830} INFO - Processing file /home/airflow/.local/lib/python3.12/site-packages/airflow/example_dags/example_setup_teardown_taskflow.py for tasks to queue
[2026-02-14T15:59:23.350+0000] {logging_mixin.py:188} INFO - [2026-02-14T15:59:23.350+0000] {dagbag.py:545} INFO - Filling up the DagBag from /home/airflow/.local/lib/python3.12/site-packages/airflow/example_dags/example_setup_teardown_taskflow.py
[2026-02-14T15:59:23.354+0000] {processor.py:840} INFO - DAG(s) 'example_setup_teardown_taskflow' retrieved from /home/airflow/.local/lib/python3.12/site-packages/airflow/example_dags/example_setup_teardown_taskflow.py
[2026-02-14T15:59:23.362+0000] {logging_mixin.py:188} INFO - [2026-02-14T15:59:23.362+0000] {dag.py:3089} INFO - Sync 1 DAGs
[2026-02-14T15:59:23.370+0000] {logging_mixin.py:188} INFO - [2026-02-14T15:59:23.370+0000] {dag.py:3947} INFO - Setting next_dagrun for example_setup_teardown_taskflow to 2026-02-13 00:00:00+00:00, run_after=2026-02-14 00:00:00+00:00
[2026-02-14T15:59:23.375+0000] {processor.py:183} INFO - Processing /home/airflow/.local/lib/python3.12/site-packages/airflow/example_dags/example_setup_teardown_taskflow.py took 0.030 seconds
[2026-02-14T15:59:53.846+0000] {processor.py:161} INFO - Started process (PID=1611) to work on /home/airflow/.local/lib/python3.12/site-packages/airflow/example_dags/example_setup_teardown_taskflow.py
[2026-02-14T15:59:53.847+0000] {processor.py:830} INFO - Processing file /home/airflow/.local/lib/python3.12/site-packages/airflow/example_dags/example_setup_teardown_taskflow.py for tasks to queue
[2026-02-14T15:59:53.848+0000] {logging_mixin.py:188} INFO - [2026-02-14T15:59:53.848+0000] {dagbag.py:545} INFO - Filling up the DagBag from /home/airflow/.local/lib/python3.12/site-packages/airflow/example_dags/example_setup_teardown_taskflow.py
[2026-02-14T15:59:53.917+0000] {processor.py:840} INFO - DAG(s) 'example_setup_teardown_taskflow' retrieved from /home/airflow/.local/lib/python3.12/site-packages/airflow/example_dags/example_setup_teardown_taskflow.py
[2026-02-14T15:59:53.925+0000] {logging_mixin.py:188} INFO - [2026-02-14T15:59:53.925+0000] {dag.py:3089} INFO - Sync 1 DAGs
[2026-02-14T15:59:53.930+0000] {logging_mixin.py:188} INFO - [2026-02-14T15:59:53.930+0000] {dag.py:3947} INFO - Setting next_dagrun for example_setup_teardown_taskflow to 2026-02-13 00:00:00+00:00, run_after=2026-02-14 00:00:00+00:00
[2026-02-14T15:59:53.937+0000] {processor.py:183} INFO - Processing /home/airflow/.local/lib/python3.12/site-packages/airflow/example_dags/example_setup_teardown_taskflow.py took 0.093 seconds
[2026-02-14T16:00:24.430+0000] {processor.py:161} INFO - Started process (PID=1670) to work on /home/airflow/.local/lib/python3.12/site-packages/airflow/example_dags/example_setup_teardown_taskflow.py
[2026-02-14T16:00:24.431+0000] {processor.py:830} INFO - Processing file /home/airflow/.local/lib/python3.12/site-packages/airflow/example_dags/example_setup_teardown_taskflow.py for tasks to queue
[2026-02-14T16:00:24.431+0000] {logging_mixin.py:188} INFO - [2026-02-14T16:00:24.431+0000] {dagbag.py:545} INFO - Filling up the DagBag from /home/airflow/.local/lib/python3.12/site-packages/airflow/example_dags/example_setup_teardown_taskflow.py
[2026-02-14T16:00:24.436+0000] {processor.py:840} INFO - DAG(s) 'example_setup_teardown_taskflow' retrieved from /home/airflow/.local/lib/python3.12/site-packages/airflow/example_dags/example_setup_teardown_taskflow.py
[2026-02-14T16:00:24.444+0000] {logging_mixin.py:188} INFO - [2026-02-14T16:00:24.444+0000] {dag.py:3089} INFO - Sync 1 DAGs
[2026-02-14T16:00:24.451+0000] {logging_mixin.py:188} INFO - [2026-02-14T16:00:24.451+0000] {dag.py:3947} INFO - Setting next_dagrun for example_setup_teardown_taskflow to 2026-02-13 00:00:00+00:00, run_after=2026-02-14 00:00:00+00:00
[2026-02-14T16:00:24.459+0000] {processor.py:183} INFO - Processing /home/airflow/.local/lib/python3.12/site-packages/airflow/example_dags/example_setup_teardown_taskflow.py took 0.031 seconds
[2026-02-14T16:00:54.994+0000] {processor.py:161} INFO - Started process (PID=1729) to work on /home/airflow/.local/lib/python3.12/site-packages/airflow/example_dags/example_setup_teardown_taskflow.py
[2026-02-14T16:00:54.995+0000] {processor.py:830} INFO - Processing file /home/airflow/.local/lib/python3.12/site-packages/airflow/example_dags/example_setup_teardown_taskflow.py for tasks to queue
[2026-02-14T16:00:54.995+0000] {logging_mixin.py:188} INFO - [2026-02-14T16:00:54.995+0000] {dagbag.py:545} INFO - Filling up the DagBag from /home/airflow/.local/lib/python3.12/site-packages/airflow/example_dags/example_setup_teardown_taskflow.py
[2026-02-14T16:00:54.999+0000] {processor.py:840} INFO - DAG(s) 'example_setup_teardown_taskflow' retrieved from /home/airflow/.local/lib/python3.12/site-packages/airflow/example_dags/example_setup_teardown_taskflow.py
[2026-02-14T16:00:55.006+0000] {logging_mixin.py:188} INFO - [2026-02-14T16:00:55.006+0000] {dag.py:3089} INFO - Sync 1 DAGs
[2026-02-14T16:00:55.012+0000] {logging_mixin.py:188} INFO - [2026-02-14T16:00:55.012+0000] {dag.py:3947} INFO - Setting next_dagrun for example_setup_teardown_taskflow to 2026-02-13 00:00:00+00:00, run_after=2026-02-14 00:00:00+00:00
[2026-02-14T16:00:55.017+0000] {processor.py:183} INFO - Processing /home/airflow/.local/lib/python3.12/site-packages/airflow/example_dags/example_setup_teardown_taskflow.py took 0.025 seconds
[2026-02-14T16:01:25.432+0000] {processor.py:161} INFO - Started process (PID=1788) to work on /home/airflow/.local/lib/python3.12/site-packages/airflow/example_dags/example_setup_teardown_taskflow.py
[2026-02-14T16:01:25.432+0000] {processor.py:830} INFO - Processing file /home/airflow/.local/lib/python3.12/site-packages/airflow/example_dags/example_setup_teardown_taskflow.py for tasks to queue
[2026-02-14T16:01:25.433+0000] {logging_mixin.py:188} INFO - [2026-02-14T16:01:25.433+0000] {dagbag.py:545} INFO - Filling up the DagBag from /home/airflow/.local/lib/python3.12/site-packages/airflow/example_dags/example_setup_teardown_taskflow.py
[2026-02-14T16:01:25.437+0000] {processor.py:840} INFO - DAG(s) 'example_setup_teardown_taskflow' retrieved from /home/airflow/.local/lib/python3.12/site-packages/airflow/example_dags/example_setup_teardown_taskflow.py
[2026-02-14T16:01:25.444+0000] {logging_mixin.py:188} INFO - [2026-02-14T16:01:25.444+0000] {dag.py:3089} INFO - Sync 1 DAGs
[2026-02-14T16:01:25.452+0000] {logging_mixin.py:188} INFO - [2026-02-14T16:01:25.452+0000] {dag.py:3947} INFO - Setting next_dagrun for example_setup_teardown_taskflow to 2026-02-13 00:00:00+00:00, run_after=2026-02-14 00:00:00+00:00
[2026-02-14T16:01:25.463+0000] {processor.py:183} INFO - Processing /home/airflow/.local/lib/python3.12/site-packages/airflow/example_dags/example_setup_teardown_taskflow.py took 0.033 seconds
[2026-02-14T16:01:55.747+0000] {processor.py:161} INFO - Started process (PID=1847) to work on /home/airflow/.local/lib/python3.12/site-packages/airflow/example_dags/example_setup_teardown_taskflow.py
[2026-02-14T16:01:55.748+0000] {processor.py:830} INFO - Processing file /home/airflow/.local/lib/python3.12/site-packages/airflow/example_dags/example_setup_teardown_taskflow.py for tasks to queue
[2026-02-14T16:01:55.749+0000] {logging_mixin.py:188} INFO - [2026-02-14T16:01:55.749+0000] {dagbag.py:545} INFO - Filling up the DagBag from /home/airflow/.local/lib/python3.12/site-packages/airflow/example_dags/example_setup_teardown_taskflow.py
[2026-02-14T16:01:55.753+0000] {processor.py:840} INFO - DAG(s) 'example_setup_teardown_taskflow' retrieved from /home/airflow/.local/lib/python3.12/site-packages/airflow/example_dags/example_setup_teardown_taskflow.py
[2026-02-14T16:01:55.762+0000] {logging_mixin.py:188} INFO - [2026-02-14T16:01:55.762+0000] {dag.py:3089} INFO - Sync 1 DAGs
[2026-02-14T16:01:55.770+0000] {logging_mixin.py:188} INFO - [2026-02-14T16:01:55.770+0000] {dag.py:3947} INFO - Setting next_dagrun for example_setup_teardown_taskflow to 2026-02-13 00:00:00+00:00, run_after=2026-02-14 00:00:00+00:00
[2026-02-14T16:01:55.776+0000] {processor.py:183} INFO - Processing /home/airflow/.local/lib/python3.12/site-packages/airflow/example_dags/example_setup_teardown_taskflow.py took 0.030 seconds
[2026-02-14T16:02:26.214+0000] {processor.py:161} INFO - Started process (PID=1906) to work on /home/airflow/.local/lib/python3.12/site-packages/airflow/example_dags/example_setup_teardown_taskflow.py
[2026-02-14T16:02:26.214+0000] {processor.py:830} INFO - Processing file /home/airflow/.local/lib/python3.12/site-packages/airflow/example_dags/example_setup_teardown_taskflow.py for tasks to queue
[2026-02-14T16:02:26.215+0000] {logging_mixin.py:188} INFO - [2026-02-14T16:02:26.215+0000] {dagbag.py:545} INFO - Filling up the DagBag from /home/airflow/.local/lib/python3.12/site-packages/airflow/example_dags/example_setup_teardown_taskflow.py
[2026-02-14T16:02:26.222+0000] {processor.py:840} INFO - DAG(s) 'example_setup_teardown_taskflow' retrieved from /home/airflow/.local/lib/python3.12/site-packages/airflow/example_dags/example_setup_teardown_taskflow.py
[2026-02-14T16:02:26.236+0000] {logging_mixin.py:188} INFO - [2026-02-14T16:02:26.236+0000] {dag.py:3089} INFO - Sync 1 DAGs
[2026-02-14T16:02:26.250+0000] {logging_mixin.py:188} INFO - [2026-02-14T16:02:26.250+0000] {dag.py:3947} INFO - Setting next_dagrun for example_setup_teardown_taskflow to 2026-02-13 00:00:00+00:00, run_after=2026-02-14 00:00:00+00:00
[2026-02-14T16:02:26.261+0000] {processor.py:183} INFO - Processing /home/airflow/.local/lib/python3.12/site-packages/airflow/example_dags/example_setup_teardown_taskflow.py took 0.050 seconds
[2026-02-14T16:02:56.771+0000] {processor.py:161} INFO - Started process (PID=1965) to work on /home/airflow/.local/lib/python3.12/site-packages/airflow/example_dags/example_setup_teardown_taskflow.py
[2026-02-14T16:02:56.772+0000] {processor.py:830} INFO - Processing file /home/airflow/.local/lib/python3.12/site-packages/airflow/example_dags/example_setup_teardown_taskflow.py for tasks to queue
[2026-02-14T16:02:56.773+0000] {logging_mixin.py:188} INFO - [2026-02-14T16:02:56.773+0000] {dagbag.py:545} INFO - Filling up the DagBag from /home/airflow/.local/lib/python3.12/site-packages/airflow/example_dags/example_setup_teardown_taskflow.py
[2026-02-14T16:02:56.777+0000] {processor.py:840} INFO - DAG(s) 'example_setup_teardown_taskflow' retrieved from /home/airflow/.local/lib/python3.12/site-packages/airflow/example_dags/example_setup_teardown_taskflow.py
[2026-02-14T16:02:56.788+0000] {logging_mixin.py:188} INFO - [2026-02-14T16:02:56.788+0000] {dag.py:3089} INFO - Sync 1 DAGs
[2026-02-14T16:02:56.797+0000] {logging_mixin.py:188} INFO - [2026-02-14T16:02:56.797+0000] {dag.py:3947} INFO - Setting next_dagrun for example_setup_teardown_taskflow to 2026-02-13 00:00:00+00:00, run_after=2026-02-14 00:00:00+00:00
[2026-02-14T16:02:56.806+0000] {processor.py:183} INFO - Processing /home/airflow/.local/lib/python3.12/site-packages/airflow/example_dags/example_setup_teardown_taskflow.py took 0.037 seconds
[2026-02-14T16:03:27.299+0000] {processor.py:161} INFO - Started process (PID=2024) to work on /home/airflow/.local/lib/python3.12/site-packages/airflow/example_dags/example_setup_teardown_taskflow.py
[2026-02-14T16:03:27.301+0000] {processor.py:830} INFO - Processing file /home/airflow/.local/lib/python3.12/site-packages/airflow/example_dags/example_setup_teardown_taskflow.py for tasks to queue
[2026-02-14T16:03:27.302+0000] {logging_mixin.py:188} INFO - [2026-02-14T16:03:27.302+0000] {dagbag.py:545} INFO - Filling up the DagBag from /home/airflow/.local/lib/python3.12/site-packages/airflow/example_dags/example_setup_teardown_taskflow.py
[2026-02-14T16:03:27.307+0000] {processor.py:840} INFO - DAG(s) 'example_setup_teardown_taskflow' retrieved from /home/airflow/.local/lib/python3.12/site-packages/airflow/example_dags/example_setup_teardown_taskflow.py
[2026-02-14T16:03:27.319+0000] {logging_mixin.py:188} INFO - [2026-02-14T16:03:27.319+0000] {dag.py:3089} INFO - Sync 1 DAGs
[2026-02-14T16:03:27.330+0000] {logging_mixin.py:188} INFO - [2026-02-14T16:03:27.330+0000] {dag.py:3947} INFO - Setting next_dagrun for example_setup_teardown_taskflow to 2026-02-13 00:00:00+00:00, run_after=2026-02-14 00:00:00+00:00
[2026-02-14T16:03:27.349+0000] {processor.py:183} INFO - Processing /home/airflow/.local/lib/python3.12/site-packages/airflow/example_dags/example_setup_teardown_taskflow.py took 0.065 seconds
[2026-02-14T16:03:57.976+0000] {processor.py:161} INFO - Started process (PID=2083) to work on /home/airflow/.local/lib/python3.12/site-packages/airflow/example_dags/example_setup_teardown_taskflow.py
[2026-02-14T16:03:57.977+0000] {processor.py:830} INFO - Processing file /home/airflow/.local/lib/python3.12/site-packages/airflow/example_dags/example_setup_teardown_taskflow.py for tasks to queue
[2026-02-14T16:03:57.979+0000] {logging_mixin.py:188} INFO - [2026-02-14T16:03:57.979+0000] {dagbag.py:545} INFO - Filling up the DagBag from /home/airflow/.local/lib/python3.12/site-packages/airflow/example_dags/example_setup_teardown_taskflow.py
[2026-02-14T16:03:57.985+0000] {processor.py:840} INFO - DAG(s) 'example_setup_teardown_taskflow' retrieved from /home/airflow/.local/lib/python3.12/site-packages/airflow/example_dags/example_setup_teardown_taskflow.py
[2026-02-14T16:03:57.997+0000] {logging_mixin.py:188} INFO - [2026-02-14T16:03:57.997+0000] {dag.py:3089} INFO - Sync 1 DAGs
[2026-02-14T16:03:58.015+0000] {logging_mixin.py:188} INFO - [2026-02-14T16:03:58.015+0000] {dag.py:3947} INFO - Setting next_dagrun for example_setup_teardown_taskflow to 2026-02-13 00:00:00+00:00, run_after=2026-02-14 00:00:00+00:00
[2026-02-14T16:03:58.032+0000] {processor.py:183} INFO - Processing /home/airflow/.local/lib/python3.12/site-packages/airflow/example_dags/example_setup_teardown_taskflow.py took 0.059 seconds
[2026-02-14T16:04:28.520+0000] {processor.py:161} INFO - Started process (PID=2142) to work on /home/airflow/.local/lib/python3.12/site-packages/airflow/example_dags/example_setup_teardown_taskflow.py
[2026-02-14T16:04:28.521+0000] {processor.py:830} INFO - Processing file /home/airflow/.local/lib/python3.12/site-packages/airflow/example_dags/example_setup_teardown_taskflow.py for tasks to queue
[2026-02-14T16:04:28.523+0000] {logging_mixin.py:188} INFO - [2026-02-14T16:04:28.522+0000] {dagbag.py:545} INFO - Filling up the DagBag from /home/airflow/.local/lib/python3.12/site-packages/airflow/example_dags/example_setup_teardown_taskflow.py
[2026-02-14T16:04:28.526+0000] {processor.py:840} INFO - DAG(s) 'example_setup_teardown_taskflow' retrieved from /home/airflow/.local/lib/python3.12/site-packages/airflow/example_dags/example_setup_teardown_taskflow.py
[2026-02-14T16:04:28.539+0000] {logging_mixin.py:188} INFO - [2026-02-14T16:04:28.539+0000] {dag.py:3089} INFO - Sync 1 DAGs
[2026-02-14T16:04:28.548+0000] {logging_mixin.py:188} INFO - [2026-02-14T16:04:28.548+0000] {dag.py:3947} INFO - Setting next_dagrun for example_setup_teardown_taskflow to 2026-02-13 00:00:00+00:00, run_after=2026-02-14 00:00:00+00:00
[2026-02-14T16:04:28.557+0000] {processor.py:183} INFO - Processing /home/airflow/.local/lib/python3.12/site-packages/airflow/example_dags/example_setup_teardown_taskflow.py took 0.040 seconds
[2026-02-14T16:04:58.930+0000] {processor.py:161} INFO - Started process (PID=2201) to work on /home/airflow/.local/lib/python3.12/site-packages/airflow/example_dags/example_setup_teardown_taskflow.py
[2026-02-14T16:04:58.931+0000] {processor.py:830} INFO - Processing file /home/airflow/.local/lib/python3.12/site-packages/airflow/example_dags/example_setup_teardown_taskflow.py for tasks to queue
[2026-02-14T16:04:58.932+0000] {logging_mixin.py:188} INFO - [2026-02-14T16:04:58.932+0000] {dagbag.py:545} INFO - Filling up the DagBag from /home/airflow/.local/lib/python3.12/site-packages/airflow/example_dags/example_setup_teardown_taskflow.py
[2026-02-14T16:04:58.936+0000] {processor.py:840} INFO - DAG(s) 'example_setup_teardown_taskflow' retrieved from /home/airflow/.local/lib/python3.12/site-packages/airflow/example_dags/example_setup_teardown_taskflow.py
[2026-02-14T16:04:58.949+0000] {logging_mixin.py:188} INFO - [2026-02-14T16:04:58.949+0000] {dag.py:3089} INFO - Sync 1 DAGs
[2026-02-14T16:04:58.962+0000] {logging_mixin.py:188} INFO - [2026-02-14T16:04:58.962+0000] {dag.py:3947} INFO - Setting next_dagrun for example_setup_teardown_taskflow to 2026-02-13 00:00:00+00:00, run_after=2026-02-14 00:00:00+00:00
[2026-02-14T16:04:58.968+0000] {processor.py:183} INFO - Processing /home/airflow/.local/lib/python3.12/site-packages/airflow/example_dags/example_setup_teardown_taskflow.py took 0.040 seconds
[2026-02-14T16:05:29.474+0000] {processor.py:161} INFO - Started process (PID=2260) to work on /home/airflow/.local/lib/python3.12/site-packages/airflow/example_dags/example_setup_teardown_taskflow.py
[2026-02-14T16:05:29.475+0000] {processor.py:830} INFO - Processing file /home/airflow/.local/lib/python3.12/site-packages/airflow/example_dags/example_setup_teardown_taskflow.py for tasks to queue
[2026-02-14T16:05:29.476+0000] {logging_mixin.py:188} INFO - [2026-02-14T16:05:29.476+0000] {dagbag.py:545} INFO - Filling up the DagBag from /home/airflow/.local/lib/python3.12/site-packages/airflow/example_dags/example_setup_teardown_taskflow.py
[2026-02-14T16:05:29.481+0000] {processor.py:840} INFO - DAG(s) 'example_setup_teardown_taskflow' retrieved from /home/airflow/.local/lib/python3.12/site-packages/airflow/example_dags/example_setup_teardown_taskflow.py
[2026-02-14T16:05:29.489+0000] {logging_mixin.py:188} INFO - [2026-02-14T16:05:29.488+0000] {dag.py:3089} INFO - Sync 1 DAGs
[2026-02-14T16:05:29.496+0000] {logging_mixin.py:188} INFO - [2026-02-14T16:05:29.496+0000] {dag.py:3947} INFO - Setting next_dagrun for example_setup_teardown_taskflow to 2026-02-13 00:00:00+00:00, run_after=2026-02-14 00:00:00+00:00
[2026-02-14T16:05:29.502+0000] {processor.py:183} INFO - Processing /home/airflow/.local/lib/python3.12/site-packages/airflow/example_dags/example_setup_teardown_taskflow.py took 0.029 seconds
[2026-02-14T16:05:59.951+0000] {processor.py:161} INFO - Started process (PID=2319) to work on /home/airflow/.local/lib/python3.12/site-packages/airflow/example_dags/example_setup_teardown_taskflow.py
[2026-02-14T16:05:59.952+0000] {processor.py:830} INFO - Processing file /home/airflow/.local/lib/python3.12/site-packages/airflow/example_dags/example_setup_teardown_taskflow.py for tasks to queue
[2026-02-14T16:05:59.953+0000] {logging_mixin.py:188} INFO - [2026-02-14T16:05:59.953+0000] {dagbag.py:545} INFO - Filling up the DagBag from /home/airflow/.local/lib/python3.12/site-packages/airflow/example_dags/example_setup_teardown_taskflow.py
[2026-02-14T16:05:59.958+0000] {processor.py:840} INFO - DAG(s) 'example_setup_teardown_taskflow' retrieved from /home/airflow/.local/lib/python3.12/site-packages/airflow/example_dags/example_setup_teardown_taskflow.py
[2026-02-14T16:05:59.967+0000] {logging_mixin.py:188} INFO - [2026-02-14T16:05:59.967+0000] {dag.py:3089} INFO - Sync 1 DAGs
[2026-02-14T16:05:59.976+0000] {logging_mixin.py:188} INFO - [2026-02-14T16:05:59.976+0000] {dag.py:3947} INFO - Setting next_dagrun for example_setup_teardown_taskflow to 2026-02-13 00:00:00+00:00, run_after=2026-02-14 00:00:00+00:00
[2026-02-14T16:05:59.985+0000] {processor.py:183} INFO - Processing /home/airflow/.local/lib/python3.12/site-packages/airflow/example_dags/example_setup_teardown_taskflow.py took 0.037 seconds
[2026-02-14T16:06:30.472+0000] {processor.py:161} INFO - Started process (PID=2378) to work on /home/airflow/.local/lib/python3.12/site-packages/airflow/example_dags/example_setup_teardown_taskflow.py
[2026-02-14T16:06:30.473+0000] {processor.py:830} INFO - Processing file /home/airflow/.local/lib/python3.12/site-packages/airflow/example_dags/example_setup_teardown_taskflow.py for tasks to queue
[2026-02-14T16:06:30.474+0000] {logging_mixin.py:188} INFO - [2026-02-14T16:06:30.474+0000] {dagbag.py:545} INFO - Filling up the DagBag from /home/airflow/.local/lib/python3.12/site-packages/airflow/example_dags/example_setup_teardown_taskflow.py
[2026-02-14T16:06:30.479+0000] {processor.py:840} INFO - DAG(s) 'example_setup_teardown_taskflow' retrieved from /home/airflow/.local/lib/python3.12/site-packages/airflow/example_dags/example_setup_teardown_taskflow.py
[2026-02-14T16:06:30.492+0000] {logging_mixin.py:188} INFO - [2026-02-14T16:06:30.492+0000] {dag.py:3089} INFO - Sync 1 DAGs
[2026-02-14T16:06:30.501+0000] {logging_mixin.py:188} INFO - [2026-02-14T16:06:30.501+0000] {dag.py:3947} INFO - Setting next_dagrun for example_setup_teardown_taskflow to 2026-02-13 00:00:00+00:00, run_after=2026-02-14 00:00:00+00:00
[2026-02-14T16:06:30.515+0000] {processor.py:183} INFO - Processing /home/airflow/.local/lib/python3.12/site-packages/airflow/example_dags/example_setup_teardown_taskflow.py took 0.046 seconds
[2026-02-14T16:07:01.364+0000] {processor.py:161} INFO - Started process (PID=2437) to work on /home/airflow/.local/lib/python3.12/site-packages/airflow/example_dags/example_setup_teardown_taskflow.py
[2026-02-14T16:07:01.365+0000] {processor.py:830} INFO - Processing file /home/airflow/.local/lib/python3.12/site-packages/airflow/example_dags/example_setup_teardown_taskflow.py for tasks to queue
[2026-02-14T16:07:01.366+0000] {logging_mixin.py:188} INFO - [2026-02-14T16:07:01.365+0000] {dagbag.py:545} INFO - Filling up the DagBag from /home/airflow/.local/lib/python3.12/site-packages/airflow/example_dags/example_setup_teardown_taskflow.py
[2026-02-14T16:07:01.370+0000] {processor.py:840} INFO - DAG(s) 'example_setup_teardown_taskflow' retrieved from /home/airflow/.local/lib/python3.12/site-packages/airflow/example_dags/example_setup_teardown_taskflow.py
[2026-02-14T16:07:01.379+0000] {logging_mixin.py:188} INFO - [2026-02-14T16:07:01.379+0000] {dag.py:3089} INFO - Sync 1 DAGs
[2026-02-14T16:07:01.386+0000] {logging_mixin.py:188} INFO - [2026-02-14T16:07:01.386+0000] {dag.py:3947} INFO - Setting next_dagrun for example_setup_teardown_taskflow to 2026-02-13 00:00:00+00:00, run_after=2026-02-14 00:00:00+00:00
[2026-02-14T16:07:01.395+0000] {processor.py:183} INFO - Processing /home/airflow/.local/lib/python3.12/site-packages/airflow/example_dags/example_setup_teardown_taskflow.py took 0.033 seconds
[2026-02-14T16:07:31.983+0000] {processor.py:161} INFO - Started process (PID=2496) to work on /home/airflow/.local/lib/python3.12/site-packages/airflow/example_dags/example_setup_teardown_taskflow.py
[2026-02-14T16:07:31.984+0000] {processor.py:830} INFO - Processing file /home/airflow/.local/lib/python3.12/site-packages/airflow/example_dags/example_setup_teardown_taskflow.py for tasks to queue
[2026-02-14T16:07:31.985+0000] {logging_mixin.py:188} INFO - [2026-02-14T16:07:31.985+0000] {dagbag.py:545} INFO - Filling up the DagBag from /home/airflow/.local/lib/python3.12/site-packages/airflow/example_dags/example_setup_teardown_taskflow.py
[2026-02-14T16:07:31.989+0000] {processor.py:840} INFO - DAG(s) 'example_setup_teardown_taskflow' retrieved from /home/airflow/.local/lib/python3.12/site-packages/airflow/example_dags/example_setup_teardown_taskflow.py
[2026-02-14T16:07:31.998+0000] {logging_mixin.py:188} INFO - [2026-02-14T16:07:31.998+0000] {dag.py:3089} INFO - Sync 1 DAGs
[2026-02-14T16:07:32.006+0000] {logging_mixin.py:188} INFO - [2026-02-14T16:07:32.006+0000] {dag.py:3947} INFO - Setting next_dagrun for example_setup_teardown_taskflow to 2026-02-13 00:00:00+00:00, run_after=2026-02-14 00:00:00+00:00
[2026-02-14T16:07:32.013+0000] {processor.py:183} INFO - Processing /home/airflow/.local/lib/python3.12/site-packages/airflow/example_dags/example_setup_teardown_taskflow.py took 0.032 seconds
[2026-02-14T16:08:02.744+0000] {processor.py:161} INFO - Started process (PID=2555) to work on /home/airflow/.local/lib/python3.12/site-packages/airflow/example_dags/example_setup_teardown_taskflow.py
[2026-02-14T16:08:02.744+0000] {processor.py:830} INFO - Processing file /home/airflow/.local/lib/python3.12/site-packages/airflow/example_dags/example_setup_teardown_taskflow.py for tasks to queue
[2026-02-14T16:08:02.745+0000] {logging_mixin.py:188} INFO - [2026-02-14T16:08:02.745+0000] {dagbag.py:545} INFO - Filling up the DagBag from /home/airflow/.local/lib/python3.12/site-packages/airflow/example_dags/example_setup_teardown_taskflow.py
[2026-02-14T16:08:02.749+0000] {processor.py:840} INFO - DAG(s) 'example_setup_teardown_taskflow' retrieved from /home/airflow/.local/lib/python3.12/site-packages/airflow/example_dags/example_setup_teardown_taskflow.py
[2026-02-14T16:08:02.760+0000] {logging_mixin.py:188} INFO - [2026-02-14T16:08:02.760+0000] {dag.py:3089} INFO - Sync 1 DAGs
[2026-02-14T16:08:02.768+0000] {logging_mixin.py:188} INFO - [2026-02-14T16:08:02.768+0000] {dag.py:3947} INFO - Setting next_dagrun for example_setup_teardown_taskflow to 2026-02-13 00:00:00+00:00, run_after=2026-02-14 00:00:00+00:00
[2026-02-14T16:08:02.774+0000] {processor.py:183} INFO - Processing /home/airflow/.local/lib/python3.12/site-packages/airflow/example_dags/example_setup_teardown_taskflow.py took 0.033 seconds
[2026-02-14T16:08:33.163+0000] {processor.py:161} INFO - Started process (PID=2614) to work on /home/airflow/.local/lib/python3.12/site-packages/airflow/example_dags/example_setup_teardown_taskflow.py
[2026-02-14T16:08:33.165+0000] {processor.py:830} INFO - Processing file /home/airflow/.local/lib/python3.12/site-packages/airflow/example_dags/example_setup_teardown_taskflow.py for tasks to queue
[2026-02-14T16:08:33.166+0000] {logging_mixin.py:188} INFO - [2026-02-14T16:08:33.166+0000] {dagbag.py:545} INFO - Filling up the DagBag from /home/airflow/.local/lib/python3.12/site-packages/airflow/example_dags/example_setup_teardown_taskflow.py
[2026-02-14T16:08:33.170+0000] {processor.py:840} INFO - DAG(s) 'example_setup_teardown_taskflow' retrieved from /home/airflow/.local/lib/python3.12/site-packages/airflow/example_dags/example_setup_teardown_taskflow.py
[2026-02-14T16:08:33.178+0000] {logging_mixin.py:188} INFO - [2026-02-14T16:08:33.178+0000] {dag.py:3089} INFO - Sync 1 DAGs
[2026-02-14T16:08:33.186+0000] {logging_mixin.py:188} INFO - [2026-02-14T16:08:33.186+0000] {dag.py:3947} INFO - Setting next_dagrun for example_setup_teardown_taskflow to 2026-02-13 00:00:00+00:00, run_after=2026-02-14 00:00:00+00:00
[2026-02-14T16:08:33.192+0000] {processor.py:183} INFO - Processing /home/airflow/.local/lib/python3.12/site-packages/airflow/example_dags/example_setup_teardown_taskflow.py took 0.032 seconds
[2026-02-14T16:09:03.646+0000] {processor.py:161} INFO - Started process (PID=2673) to work on /home/airflow/.local/lib/python3.12/site-packages/airflow/example_dags/example_setup_teardown_taskflow.py
[2026-02-14T16:09:03.647+0000] {processor.py:830} INFO - Processing file /home/airflow/.local/lib/python3.12/site-packages/airflow/example_dags/example_setup_teardown_taskflow.py for tasks to queue
[2026-02-14T16:09:03.648+0000] {logging_mixin.py:188} INFO - [2026-02-14T16:09:03.647+0000] {dagbag.py:545} INFO - Filling up the DagBag from /home/airflow/.local/lib/python3.12/site-packages/airflow/example_dags/example_setup_teardown_taskflow.py
[2026-02-14T16:09:03.651+0000] {processor.py:840} INFO - DAG(s) 'example_setup_teardown_taskflow' retrieved from /home/airflow/.local/lib/python3.12/site-packages/airflow/example_dags/example_setup_teardown_taskflow.py
[2026-02-14T16:09:03.658+0000] {logging_mixin.py:188} INFO - [2026-02-14T16:09:03.658+0000] {dag.py:3089} INFO - Sync 1 DAGs
[2026-02-14T16:09:03.665+0000] {logging_mixin.py:188} INFO - [2026-02-14T16:09:03.665+0000] {dag.py:3947} INFO - Setting next_dagrun for example_setup_teardown_taskflow to 2026-02-13 00:00:00+00:00, run_after=2026-02-14 00:00:00+00:00
[2026-02-14T16:09:03.674+0000] {processor.py:183} INFO - Processing /home/airflow/.local/lib/python3.12/site-packages/airflow/example_dags/example_setup_teardown_taskflow.py took 0.030 seconds
[2026-02-14T16:09:34.034+0000] {processor.py:161} INFO - Started process (PID=2732) to work on /home/airflow/.local/lib/python3.12/site-packages/airflow/example_dags/example_setup_teardown_taskflow.py
[2026-02-14T16:09:34.034+0000] {processor.py:830} INFO - Processing file /home/airflow/.local/lib/python3.12/site-packages/airflow/example_dags/example_setup_teardown_taskflow.py for tasks to queue
[2026-02-14T16:09:34.035+0000] {logging_mixin.py:188} INFO - [2026-02-14T16:09:34.035+0000] {dagbag.py:545} INFO - Filling up the DagBag from /home/airflow/.local/lib/python3.12/site-packages/airflow/example_dags/example_setup_teardown_taskflow.py
[2026-02-14T16:09:34.040+0000] {processor.py:840} INFO - DAG(s) 'example_setup_teardown_taskflow' retrieved from /home/airflow/.local/lib/python3.12/site-packages/airflow/example_dags/example_setup_teardown_taskflow.py
[2026-02-14T16:09:34.049+0000] {logging_mixin.py:188} INFO - [2026-02-14T16:09:34.049+0000] {dag.py:3089} INFO - Sync 1 DAGs
[2026-02-14T16:09:34.057+0000] {logging_mixin.py:188} INFO - [2026-02-14T16:09:34.057+0000] {dag.py:3947} INFO - Setting next_dagrun for example_setup_teardown_taskflow to 2026-02-13 00:00:00+00:00, run_after=2026-02-14 00:00:00+00:00
[2026-02-14T16:09:34.063+0000] {processor.py:183} INFO - Processing /home/airflow/.local/lib/python3.12/site-packages/airflow/example_dags/example_setup_teardown_taskflow.py took 0.032 seconds
[2026-02-14T16:10:04.289+0000] {processor.py:161} INFO - Started process (PID=2791) to work on /home/airflow/.local/lib/python3.12/site-packages/airflow/example_dags/example_setup_teardown_taskflow.py
[2026-02-14T16:10:04.290+0000] {processor.py:830} INFO - Processing file /home/airflow/.local/lib/python3.12/site-packages/airflow/example_dags/example_setup_teardown_taskflow.py for tasks to queue
[2026-02-14T16:10:04.293+0000] {logging_mixin.py:188} INFO - [2026-02-14T16:10:04.293+0000] {dagbag.py:545} INFO - Filling up the DagBag from /home/airflow/.local/lib/python3.12/site-packages/airflow/example_dags/example_setup_teardown_taskflow.py
[2026-02-14T16:10:04.296+0000] {processor.py:840} INFO - DAG(s) 'example_setup_teardown_taskflow' retrieved from /home/airflow/.local/lib/python3.12/site-packages/airflow/example_dags/example_setup_teardown_taskflow.py
[2026-02-14T16:10:04.304+0000] {logging_mixin.py:188} INFO - [2026-02-14T16:10:04.304+0000] {dag.py:3089} INFO - Sync 1 DAGs
[2026-02-14T16:10:04.311+0000] {logging_mixin.py:188} INFO - [2026-02-14T16:10:04.311+0000] {dag.py:3947} INFO - Setting next_dagrun for example_setup_teardown_taskflow to 2026-02-13 00:00:00+00:00, run_after=2026-02-14 00:00:00+00:00
[2026-02-14T16:10:04.318+0000] {processor.py:183} INFO - Processing /home/airflow/.local/lib/python3.12/site-packages/airflow/example_dags/example_setup_teardown_taskflow.py took 0.031 seconds
[2026-02-14T16:10:34.989+0000] {processor.py:161} INFO - Started process (PID=2849) to work on /home/airflow/.local/lib/python3.12/site-packages/airflow/example_dags/example_setup_teardown_taskflow.py
[2026-02-14T16:10:34.991+0000] {processor.py:830} INFO - Processing file /home/airflow/.local/lib/python3.12/site-packages/airflow/example_dags/example_setup_teardown_taskflow.py for tasks to queue
[2026-02-14T16:10:34.992+0000] {logging_mixin.py:188} INFO - [2026-02-14T16:10:34.992+0000] {dagbag.py:545} INFO - Filling up the DagBag from /home/airflow/.local/lib/python3.12/site-packages/airflow/example_dags/example_setup_teardown_taskflow.py
[2026-02-14T16:10:34.998+0000] {processor.py:840} INFO - DAG(s) 'example_setup_teardown_taskflow' retrieved from /home/airflow/.local/lib/python3.12/site-packages/airflow/example_dags/example_setup_teardown_taskflow.py
[2026-02-14T16:10:35.007+0000] {logging_mixin.py:188} INFO - [2026-02-14T16:10:35.007+0000] {dag.py:3089} INFO - Sync 1 DAGs
[2026-02-14T16:10:35.017+0000] {logging_mixin.py:188} INFO - [2026-02-14T16:10:35.017+0000] {dag.py:3947} INFO - Setting next_dagrun for example_setup_teardown_taskflow to 2026-02-13 00:00:00+00:00, run_after=2026-02-14 00:00:00+00:00
[2026-02-14T16:10:35.029+0000] {processor.py:183} INFO - Processing /home/airflow/.local/lib/python3.12/site-packages/airflow/example_dags/example_setup_teardown_taskflow.py took 0.043 seconds
[2026-02-14T16:11:06.034+0000] {processor.py:161} INFO - Started process (PID=2908) to work on /home/airflow/.local/lib/python3.12/site-packages/airflow/example_dags/example_setup_teardown_taskflow.py
[2026-02-14T16:11:06.036+0000] {processor.py:830} INFO - Processing file /home/airflow/.local/lib/python3.12/site-packages/airflow/example_dags/example_setup_teardown_taskflow.py for tasks to queue
[2026-02-14T16:11:06.038+0000] {logging_mixin.py:188} INFO - [2026-02-14T16:11:06.037+0000] {dagbag.py:545} INFO - Filling up the DagBag from /home/airflow/.local/lib/python3.12/site-packages/airflow/example_dags/example_setup_teardown_taskflow.py
[2026-02-14T16:11:06.044+0000] {processor.py:840} INFO - DAG(s) 'example_setup_teardown_taskflow' retrieved from /home/airflow/.local/lib/python3.12/site-packages/airflow/example_dags/example_setup_teardown_taskflow.py
[2026-02-14T16:11:06.063+0000] {logging_mixin.py:188} INFO - [2026-02-14T16:11:06.063+0000] {dag.py:3089} INFO - Sync 1 DAGs
[2026-02-14T16:11:06.082+0000] {logging_mixin.py:188} INFO - [2026-02-14T16:11:06.082+0000] {dag.py:3947} INFO - Setting next_dagrun for example_setup_teardown_taskflow to 2026-02-13 00:00:00+00:00, run_after=2026-02-14 00:00:00+00:00
[2026-02-14T16:11:06.100+0000] {processor.py:183} INFO - Processing /home/airflow/.local/lib/python3.12/site-packages/airflow/example_dags/example_setup_teardown_taskflow.py took 0.069 seconds
[2026-02-14T16:11:36.621+0000] {processor.py:161} INFO - Started process (PID=2967) to work on /home/airflow/.local/lib/python3.12/site-packages/airflow/example_dags/example_setup_teardown_taskflow.py
[2026-02-14T16:11:36.625+0000] {processor.py:830} INFO - Processing file /home/airflow/.local/lib/python3.12/site-packages/airflow/example_dags/example_setup_teardown_taskflow.py for tasks to queue
[2026-02-14T16:11:36.627+0000] {logging_mixin.py:188} INFO - [2026-02-14T16:11:36.627+0000] {dagbag.py:545} INFO - Filling up the DagBag from /home/airflow/.local/lib/python3.12/site-packages/airflow/example_dags/example_setup_teardown_taskflow.py
[2026-02-14T16:11:36.640+0000] {processor.py:840} INFO - DAG(s) 'example_setup_teardown_taskflow' retrieved from /home/airflow/.local/lib/python3.12/site-packages/airflow/example_dags/example_setup_teardown_taskflow.py
[2026-02-14T16:11:36.674+0000] {logging_mixin.py:188} INFO - [2026-02-14T16:11:36.674+0000] {dag.py:3089} INFO - Sync 1 DAGs
[2026-02-14T16:11:36.696+0000] {logging_mixin.py:188} INFO - [2026-02-14T16:11:36.696+0000] {dag.py:3947} INFO - Setting next_dagrun for example_setup_teardown_taskflow to 2026-02-13 00:00:00+00:00, run_after=2026-02-14 00:00:00+00:00
[2026-02-14T16:11:36.730+0000] {processor.py:183} INFO - Processing /home/airflow/.local/lib/python3.12/site-packages/airflow/example_dags/example_setup_teardown_taskflow.py took 0.134 seconds
[2026-02-14T16:12:07.159+0000] {processor.py:161} INFO - Started process (PID=3026) to work on /home/airflow/.local/lib/python3.12/site-packages/airflow/example_dags/example_setup_teardown_taskflow.py
[2026-02-14T16:12:07.160+0000] {processor.py:830} INFO - Processing file /home/airflow/.local/lib/python3.12/site-packages/airflow/example_dags/example_setup_teardown_taskflow.py for tasks to queue
[2026-02-14T16:12:07.160+0000] {logging_mixin.py:188} INFO - [2026-02-14T16:12:07.160+0000] {dagbag.py:545} INFO - Filling up the DagBag from /home/airflow/.local/lib/python3.12/site-packages/airflow/example_dags/example_setup_teardown_taskflow.py
[2026-02-14T16:12:07.164+0000] {processor.py:840} INFO - DAG(s) 'example_setup_teardown_taskflow' retrieved from /home/airflow/.local/lib/python3.12/site-packages/airflow/example_dags/example_setup_teardown_taskflow.py
[2026-02-14T16:12:07.171+0000] {logging_mixin.py:188} INFO - [2026-02-14T16:12:07.171+0000] {dag.py:3089} INFO - Sync 1 DAGs
[2026-02-14T16:12:07.177+0000] {logging_mixin.py:188} INFO - [2026-02-14T16:12:07.177+0000] {dag.py:3947} INFO - Setting next_dagrun for example_setup_teardown_taskflow to 2026-02-13 00:00:00+00:00, run_after=2026-02-14 00:00:00+00:00
[2026-02-14T16:12:07.183+0000] {processor.py:183} INFO - Processing /home/airflow/.local/lib/python3.12/site-packages/airflow/example_dags/example_setup_teardown_taskflow.py took 0.026 seconds
[2026-02-14T16:12:37.737+0000] {processor.py:161} INFO - Started process (PID=3085) to work on /home/airflow/.local/lib/python3.12/site-packages/airflow/example_dags/example_setup_teardown_taskflow.py
[2026-02-14T16:12:37.738+0000] {processor.py:830} INFO - Processing file /home/airflow/.local/lib/python3.12/site-packages/airflow/example_dags/example_setup_teardown_taskflow.py for tasks to queue
[2026-02-14T16:12:37.740+0000] {logging_mixin.py:188} INFO - [2026-02-14T16:12:37.740+0000] {dagbag.py:545} INFO - Filling up the DagBag from /home/airflow/.local/lib/python3.12/site-packages/airflow/example_dags/example_setup_teardown_taskflow.py
[2026-02-14T16:12:37.744+0000] {processor.py:840} INFO - DAG(s) 'example_setup_teardown_taskflow' retrieved from /home/airflow/.local/lib/python3.12/site-packages/airflow/example_dags/example_setup_teardown_taskflow.py
[2026-02-14T16:12:37.757+0000] {logging_mixin.py:188} INFO - [2026-02-14T16:12:37.757+0000] {dag.py:3089} INFO - Sync 1 DAGs
[2026-02-14T16:12:37.767+0000] {logging_mixin.py:188} INFO - [2026-02-14T16:12:37.767+0000] {dag.py:3947} INFO - Setting next_dagrun for example_setup_teardown_taskflow to 2026-02-13 00:00:00+00:00, run_after=2026-02-14 00:00:00+00:00
[2026-02-14T16:12:37.780+0000] {processor.py:183} INFO - Processing /home/airflow/.local/lib/python3.12/site-packages/airflow/example_dags/example_setup_teardown_taskflow.py took 0.046 seconds
[2026-02-14T16:13:08.028+0000] {processor.py:161} INFO - Started process (PID=3144) to work on /home/airflow/.local/lib/python3.12/site-packages/airflow/example_dags/example_setup_teardown_taskflow.py
[2026-02-14T16:13:08.029+0000] {processor.py:830} INFO - Processing file /home/airflow/.local/lib/python3.12/site-packages/airflow/example_dags/example_setup_teardown_taskflow.py for tasks to queue
[2026-02-14T16:13:08.030+0000] {logging_mixin.py:188} INFO - [2026-02-14T16:13:08.030+0000] {dagbag.py:545} INFO - Filling up the DagBag from /home/airflow/.local/lib/python3.12/site-packages/airflow/example_dags/example_setup_teardown_taskflow.py
[2026-02-14T16:13:08.034+0000] {processor.py:840} INFO - DAG(s) 'example_setup_teardown_taskflow' retrieved from /home/airflow/.local/lib/python3.12/site-packages/airflow/example_dags/example_setup_teardown_taskflow.py
[2026-02-14T16:13:08.041+0000] {logging_mixin.py:188} INFO - [2026-02-14T16:13:08.041+0000] {dag.py:3089} INFO - Sync 1 DAGs
[2026-02-14T16:13:08.048+0000] {logging_mixin.py:188} INFO - [2026-02-14T16:13:08.048+0000] {dag.py:3947} INFO - Setting next_dagrun for example_setup_teardown_taskflow to 2026-02-13 00:00:00+00:00, run_after=2026-02-14 00:00:00+00:00
[2026-02-14T16:13:08.054+0000] {processor.py:183} INFO - Processing /home/airflow/.local/lib/python3.12/site-packages/airflow/example_dags/example_setup_teardown_taskflow.py took 0.028 seconds
[2026-02-14T16:13:38.282+0000] {processor.py:161} INFO - Started process (PID=3203) to work on /home/airflow/.local/lib/python3.12/site-packages/airflow/example_dags/example_setup_teardown_taskflow.py
[2026-02-14T16:13:38.282+0000] {processor.py:830} INFO - Processing file /home/airflow/.local/lib/python3.12/site-packages/airflow/example_dags/example_setup_teardown_taskflow.py for tasks to queue
[2026-02-14T16:13:38.283+0000] {logging_mixin.py:188} INFO - [2026-02-14T16:13:38.283+0000] {dagbag.py:545} INFO - Filling up the DagBag from /home/airflow/.local/lib/python3.12/site-packages/airflow/example_dags/example_setup_teardown_taskflow.py
[2026-02-14T16:13:38.288+0000] {processor.py:840} INFO - DAG(s) 'example_setup_teardown_taskflow' retrieved from /home/airflow/.local/lib/python3.12/site-packages/airflow/example_dags/example_setup_teardown_taskflow.py
[2026-02-14T16:13:38.299+0000] {logging_mixin.py:188} INFO - [2026-02-14T16:13:38.298+0000] {dag.py:3089} INFO - Sync 1 DAGs
[2026-02-14T16:13:38.307+0000] {logging_mixin.py:188} INFO - [2026-02-14T16:13:38.307+0000] {dag.py:3947} INFO - Setting next_dagrun for example_setup_teardown_taskflow to 2026-02-13 00:00:00+00:00, run_after=2026-02-14 00:00:00+00:00
[2026-02-14T16:13:38.314+0000] {processor.py:183} INFO - Processing /home/airflow/.local/lib/python3.12/site-packages/airflow/example_dags/example_setup_teardown_taskflow.py took 0.036 seconds
[2026-02-14T16:14:09.148+0000] {processor.py:161} INFO - Started process (PID=3262) to work on /home/airflow/.local/lib/python3.12/site-packages/airflow/example_dags/example_setup_teardown_taskflow.py
[2026-02-14T16:14:09.149+0000] {processor.py:830} INFO - Processing file /home/airflow/.local/lib/python3.12/site-packages/airflow/example_dags/example_setup_teardown_taskflow.py for tasks to queue
[2026-02-14T16:14:09.151+0000] {logging_mixin.py:188} INFO - [2026-02-14T16:14:09.150+0000] {dagbag.py:545} INFO - Filling up the DagBag from /home/airflow/.local/lib/python3.12/site-packages/airflow/example_dags/example_setup_teardown_taskflow.py
[2026-02-14T16:14:09.158+0000] {processor.py:840} INFO - DAG(s) 'example_setup_teardown_taskflow' retrieved from /home/airflow/.local/lib/python3.12/site-packages/airflow/example_dags/example_setup_teardown_taskflow.py
[2026-02-14T16:14:09.176+0000] {logging_mixin.py:188} INFO - [2026-02-14T16:14:09.175+0000] {dag.py:3089} INFO - Sync 1 DAGs
[2026-02-14T16:14:09.191+0000] {logging_mixin.py:188} INFO - [2026-02-14T16:14:09.191+0000] {dag.py:3947} INFO - Setting next_dagrun for example_setup_teardown_taskflow to 2026-02-13 00:00:00+00:00, run_after=2026-02-14 00:00:00+00:00
[2026-02-14T16:14:09.203+0000] {processor.py:183} INFO - Processing /home/airflow/.local/lib/python3.12/site-packages/airflow/example_dags/example_setup_teardown_taskflow.py took 0.060 seconds
[2026-02-14T16:14:39.356+0000] {processor.py:161} INFO - Started process (PID=3321) to work on /home/airflow/.local/lib/python3.12/site-packages/airflow/example_dags/example_setup_teardown_taskflow.py
[2026-02-14T16:14:39.356+0000] {processor.py:830} INFO - Processing file /home/airflow/.local/lib/python3.12/site-packages/airflow/example_dags/example_setup_teardown_taskflow.py for tasks to queue
[2026-02-14T16:14:39.357+0000] {logging_mixin.py:188} INFO - [2026-02-14T16:14:39.357+0000] {dagbag.py:545} INFO - Filling up the DagBag from /home/airflow/.local/lib/python3.12/site-packages/airflow/example_dags/example_setup_teardown_taskflow.py
[2026-02-14T16:14:39.363+0000] {processor.py:840} INFO - DAG(s) 'example_setup_teardown_taskflow' retrieved from /home/airflow/.local/lib/python3.12/site-packages/airflow/example_dags/example_setup_teardown_taskflow.py
[2026-02-14T16:14:39.380+0000] {logging_mixin.py:188} INFO - [2026-02-14T16:14:39.380+0000] {dag.py:3089} INFO - Sync 1 DAGs
[2026-02-14T16:14:39.395+0000] {logging_mixin.py:188} INFO - [2026-02-14T16:14:39.395+0000] {dag.py:3947} INFO - Setting next_dagrun for example_setup_teardown_taskflow to 2026-02-13 00:00:00+00:00, run_after=2026-02-14 00:00:00+00:00
[2026-02-14T16:14:39.406+0000] {processor.py:183} INFO - Processing /home/airflow/.local/lib/python3.12/site-packages/airflow/example_dags/example_setup_teardown_taskflow.py took 0.055 seconds
[2026-02-14T16:15:10.297+0000] {processor.py:161} INFO - Started process (PID=3380) to work on /home/airflow/.local/lib/python3.12/site-packages/airflow/example_dags/example_setup_teardown_taskflow.py
[2026-02-14T16:15:10.297+0000] {processor.py:830} INFO - Processing file /home/airflow/.local/lib/python3.12/site-packages/airflow/example_dags/example_setup_teardown_taskflow.py for tasks to queue
[2026-02-14T16:15:10.299+0000] {logging_mixin.py:188} INFO - [2026-02-14T16:15:10.298+0000] {dagbag.py:545} INFO - Filling up the DagBag from /home/airflow/.local/lib/python3.12/site-packages/airflow/example_dags/example_setup_teardown_taskflow.py
[2026-02-14T16:15:10.303+0000] {processor.py:840} INFO - DAG(s) 'example_setup_teardown_taskflow' retrieved from /home/airflow/.local/lib/python3.12/site-packages/airflow/example_dags/example_setup_teardown_taskflow.py
[2026-02-14T16:15:10.316+0000] {logging_mixin.py:188} INFO - [2026-02-14T16:15:10.316+0000] {dag.py:3089} INFO - Sync 1 DAGs
[2026-02-14T16:15:10.327+0000] {logging_mixin.py:188} INFO - [2026-02-14T16:15:10.326+0000] {dag.py:3947} INFO - Setting next_dagrun for example_setup_teardown_taskflow to 2026-02-13 00:00:00+00:00, run_after=2026-02-14 00:00:00+00:00
[2026-02-14T16:15:10.336+0000] {processor.py:183} INFO - Processing /home/airflow/.local/lib/python3.12/site-packages/airflow/example_dags/example_setup_teardown_taskflow.py took 0.042 seconds
[2026-02-14T16:15:41.038+0000] {processor.py:161} INFO - Started process (PID=3439) to work on /home/airflow/.local/lib/python3.12/site-packages/airflow/example_dags/example_setup_teardown_taskflow.py
[2026-02-14T16:15:41.038+0000] {processor.py:830} INFO - Processing file /home/airflow/.local/lib/python3.12/site-packages/airflow/example_dags/example_setup_teardown_taskflow.py for tasks to queue
[2026-02-14T16:15:41.040+0000] {logging_mixin.py:188} INFO - [2026-02-14T16:15:41.039+0000] {dagbag.py:545} INFO - Filling up the DagBag from /home/airflow/.local/lib/python3.12/site-packages/airflow/example_dags/example_setup_teardown_taskflow.py
[2026-02-14T16:15:41.044+0000] {processor.py:840} INFO - DAG(s) 'example_setup_teardown_taskflow' retrieved from /home/airflow/.local/lib/python3.12/site-packages/airflow/example_dags/example_setup_teardown_taskflow.py
[2026-02-14T16:15:41.057+0000] {logging_mixin.py:188} INFO - [2026-02-14T16:15:41.056+0000] {dag.py:3089} INFO - Sync 1 DAGs
[2026-02-14T16:15:41.069+0000] {logging_mixin.py:188} INFO - [2026-02-14T16:15:41.069+0000] {dag.py:3947} INFO - Setting next_dagrun for example_setup_teardown_taskflow to 2026-02-13 00:00:00+00:00, run_after=2026-02-14 00:00:00+00:00
[2026-02-14T16:15:41.083+0000] {processor.py:183} INFO - Processing /home/airflow/.local/lib/python3.12/site-packages/airflow/example_dags/example_setup_teardown_taskflow.py took 0.049 seconds
[2026-02-14T16:16:11.100+0000] {processor.py:161} INFO - Started process (PID=3498) to work on /home/airflow/.local/lib/python3.12/site-packages/airflow/example_dags/example_setup_teardown_taskflow.py
[2026-02-14T16:16:11.100+0000] {processor.py:830} INFO - Processing file /home/airflow/.local/lib/python3.12/site-packages/airflow/example_dags/example_setup_teardown_taskflow.py for tasks to queue
[2026-02-14T16:16:11.101+0000] {logging_mixin.py:188} INFO - [2026-02-14T16:16:11.101+0000] {dagbag.py:545} INFO - Filling up the DagBag from /home/airflow/.local/lib/python3.12/site-packages/airflow/example_dags/example_setup_teardown_taskflow.py
[2026-02-14T16:16:11.105+0000] {processor.py:840} INFO - DAG(s) 'example_setup_teardown_taskflow' retrieved from /home/airflow/.local/lib/python3.12/site-packages/airflow/example_dags/example_setup_teardown_taskflow.py
[2026-02-14T16:16:11.112+0000] {logging_mixin.py:188} INFO - [2026-02-14T16:16:11.112+0000] {dag.py:3089} INFO - Sync 1 DAGs
[2026-02-14T16:16:11.119+0000] {logging_mixin.py:188} INFO - [2026-02-14T16:16:11.119+0000] {dag.py:3947} INFO - Setting next_dagrun for example_setup_teardown_taskflow to 2026-02-13 00:00:00+00:00, run_after=2026-02-14 00:00:00+00:00
[2026-02-14T16:16:11.125+0000] {processor.py:183} INFO - Processing /home/airflow/.local/lib/python3.12/site-packages/airflow/example_dags/example_setup_teardown_taskflow.py took 0.027 seconds
[2026-02-14T16:16:41.593+0000] {processor.py:161} INFO - Started process (PID=3557) to work on /home/airflow/.local/lib/python3.12/site-packages/airflow/example_dags/example_setup_teardown_taskflow.py
[2026-02-14T16:16:41.594+0000] {processor.py:830} INFO - Processing file /home/airflow/.local/lib/python3.12/site-packages/airflow/example_dags/example_setup_teardown_taskflow.py for tasks to queue
[2026-02-14T16:16:41.595+0000] {logging_mixin.py:188} INFO - [2026-02-14T16:16:41.595+0000] {dagbag.py:545} INFO - Filling up the DagBag from /home/airflow/.local/lib/python3.12/site-packages/airflow/example_dags/example_setup_teardown_taskflow.py
[2026-02-14T16:16:41.600+0000] {processor.py:840} INFO - DAG(s) 'example_setup_teardown_taskflow' retrieved from /home/airflow/.local/lib/python3.12/site-packages/airflow/example_dags/example_setup_teardown_taskflow.py
[2026-02-14T16:16:41.612+0000] {logging_mixin.py:188} INFO - [2026-02-14T16:16:41.612+0000] {dag.py:3089} INFO - Sync 1 DAGs
[2026-02-14T16:16:41.621+0000] {logging_mixin.py:188} INFO - [2026-02-14T16:16:41.621+0000] {dag.py:3947} INFO - Setting next_dagrun for example_setup_teardown_taskflow to 2026-02-13 00:00:00+00:00, run_after=2026-02-14 00:00:00+00:00
[2026-02-14T16:16:41.628+0000] {processor.py:183} INFO - Processing /home/airflow/.local/lib/python3.12/site-packages/airflow/example_dags/example_setup_teardown_taskflow.py took 0.038 seconds
[2026-02-14T16:17:12.139+0000] {processor.py:161} INFO - Started process (PID=3616) to work on /home/airflow/.local/lib/python3.12/site-packages/airflow/example_dags/example_setup_teardown_taskflow.py
[2026-02-14T16:17:12.140+0000] {processor.py:830} INFO - Processing file /home/airflow/.local/lib/python3.12/site-packages/airflow/example_dags/example_setup_teardown_taskflow.py for tasks to queue
[2026-02-14T16:17:12.141+0000] {logging_mixin.py:188} INFO - [2026-02-14T16:17:12.141+0000] {dagbag.py:545} INFO - Filling up the DagBag from /home/airflow/.local/lib/python3.12/site-packages/airflow/example_dags/example_setup_teardown_taskflow.py
[2026-02-14T16:17:12.145+0000] {processor.py:840} INFO - DAG(s) 'example_setup_teardown_taskflow' retrieved from /home/airflow/.local/lib/python3.12/site-packages/airflow/example_dags/example_setup_teardown_taskflow.py
[2026-02-14T16:17:12.153+0000] {logging_mixin.py:188} INFO - [2026-02-14T16:17:12.153+0000] {dag.py:3089} INFO - Sync 1 DAGs
[2026-02-14T16:17:12.163+0000] {logging_mixin.py:188} INFO - [2026-02-14T16:17:12.162+0000] {dag.py:3947} INFO - Setting next_dagrun for example_setup_teardown_taskflow to 2026-02-13 00:00:00+00:00, run_after=2026-02-14 00:00:00+00:00
[2026-02-14T16:17:12.171+0000] {processor.py:183} INFO - Processing /home/airflow/.local/lib/python3.12/site-packages/airflow/example_dags/example_setup_teardown_taskflow.py took 0.034 seconds
[2026-02-14T16:17:42.873+0000] {processor.py:161} INFO - Started process (PID=3681) to work on /home/airflow/.local/lib/python3.12/site-packages/airflow/example_dags/example_setup_teardown_taskflow.py
[2026-02-14T16:17:42.874+0000] {processor.py:830} INFO - Processing file /home/airflow/.local/lib/python3.12/site-packages/airflow/example_dags/example_setup_teardown_taskflow.py for tasks to queue
[2026-02-14T16:17:42.874+0000] {logging_mixin.py:188} INFO - [2026-02-14T16:17:42.874+0000] {dagbag.py:545} INFO - Filling up the DagBag from /home/airflow/.local/lib/python3.12/site-packages/airflow/example_dags/example_setup_teardown_taskflow.py
[2026-02-14T16:17:42.880+0000] {processor.py:840} INFO - DAG(s) 'example_setup_teardown_taskflow' retrieved from /home/airflow/.local/lib/python3.12/site-packages/airflow/example_dags/example_setup_teardown_taskflow.py
[2026-02-14T16:17:42.891+0000] {logging_mixin.py:188} INFO - [2026-02-14T16:17:42.891+0000] {dag.py:3089} INFO - Sync 1 DAGs
[2026-02-14T16:17:42.900+0000] {logging_mixin.py:188} INFO - [2026-02-14T16:17:42.900+0000] {dag.py:3947} INFO - Setting next_dagrun for example_setup_teardown_taskflow to 2026-02-13 00:00:00+00:00, run_after=2026-02-14 00:00:00+00:00
[2026-02-14T16:17:42.905+0000] {processor.py:183} INFO - Processing /home/airflow/.local/lib/python3.12/site-packages/airflow/example_dags/example_setup_teardown_taskflow.py took 0.034 seconds
[2026-02-14T16:18:13.412+0000] {processor.py:161} INFO - Started process (PID=3740) to work on /home/airflow/.local/lib/python3.12/site-packages/airflow/example_dags/example_setup_teardown_taskflow.py
[2026-02-14T16:18:13.414+0000] {processor.py:830} INFO - Processing file /home/airflow/.local/lib/python3.12/site-packages/airflow/example_dags/example_setup_teardown_taskflow.py for tasks to queue
[2026-02-14T16:18:13.414+0000] {logging_mixin.py:188} INFO - [2026-02-14T16:18:13.414+0000] {dagbag.py:545} INFO - Filling up the DagBag from /home/airflow/.local/lib/python3.12/site-packages/airflow/example_dags/example_setup_teardown_taskflow.py
[2026-02-14T16:18:13.418+0000] {processor.py:840} INFO - DAG(s) 'example_setup_teardown_taskflow' retrieved from /home/airflow/.local/lib/python3.12/site-packages/airflow/example_dags/example_setup_teardown_taskflow.py
[2026-02-14T16:18:13.428+0000] {logging_mixin.py:188} INFO - [2026-02-14T16:18:13.428+0000] {dag.py:3089} INFO - Sync 1 DAGs
[2026-02-14T16:18:13.436+0000] {logging_mixin.py:188} INFO - [2026-02-14T16:18:13.436+0000] {dag.py:3947} INFO - Setting next_dagrun for example_setup_teardown_taskflow to 2026-02-13 00:00:00+00:00, run_after=2026-02-14 00:00:00+00:00
[2026-02-14T16:18:13.444+0000] {processor.py:183} INFO - Processing /home/airflow/.local/lib/python3.12/site-packages/airflow/example_dags/example_setup_teardown_taskflow.py took 0.035 seconds
[2026-02-14T16:18:44.185+0000] {processor.py:161} INFO - Started process (PID=3799) to work on /home/airflow/.local/lib/python3.12/site-packages/airflow/example_dags/example_setup_teardown_taskflow.py
[2026-02-14T16:18:44.186+0000] {processor.py:830} INFO - Processing file /home/airflow/.local/lib/python3.12/site-packages/airflow/example_dags/example_setup_teardown_taskflow.py for tasks to queue
[2026-02-14T16:18:44.187+0000] {logging_mixin.py:188} INFO - [2026-02-14T16:18:44.187+0000] {dagbag.py:545} INFO - Filling up the DagBag from /home/airflow/.local/lib/python3.12/site-packages/airflow/example_dags/example_setup_teardown_taskflow.py
[2026-02-14T16:18:44.196+0000] {processor.py:840} INFO - DAG(s) 'example_setup_teardown_taskflow' retrieved from /home/airflow/.local/lib/python3.12/site-packages/airflow/example_dags/example_setup_teardown_taskflow.py
[2026-02-14T16:18:44.210+0000] {logging_mixin.py:188} INFO - [2026-02-14T16:18:44.210+0000] {dag.py:3089} INFO - Sync 1 DAGs
[2026-02-14T16:18:44.221+0000] {logging_mixin.py:188} INFO - [2026-02-14T16:18:44.221+0000] {dag.py:3947} INFO - Setting next_dagrun for example_setup_teardown_taskflow to 2026-02-13 00:00:00+00:00, run_after=2026-02-14 00:00:00+00:00
[2026-02-14T16:18:44.228+0000] {processor.py:183} INFO - Processing /home/airflow/.local/lib/python3.12/site-packages/airflow/example_dags/example_setup_teardown_taskflow.py took 0.049 seconds
[2026-02-14T16:19:14.289+0000] {processor.py:161} INFO - Started process (PID=3858) to work on /home/airflow/.local/lib/python3.12/site-packages/airflow/example_dags/example_setup_teardown_taskflow.py
[2026-02-14T16:19:14.290+0000] {processor.py:830} INFO - Processing file /home/airflow/.local/lib/python3.12/site-packages/airflow/example_dags/example_setup_teardown_taskflow.py for tasks to queue
[2026-02-14T16:19:14.291+0000] {logging_mixin.py:188} INFO - [2026-02-14T16:19:14.290+0000] {dagbag.py:545} INFO - Filling up the DagBag from /home/airflow/.local/lib/python3.12/site-packages/airflow/example_dags/example_setup_teardown_taskflow.py
[2026-02-14T16:19:14.295+0000] {processor.py:840} INFO - DAG(s) 'example_setup_teardown_taskflow' retrieved from /home/airflow/.local/lib/python3.12/site-packages/airflow/example_dags/example_setup_teardown_taskflow.py
[2026-02-14T16:19:14.303+0000] {logging_mixin.py:188} INFO - [2026-02-14T16:19:14.303+0000] {dag.py:3089} INFO - Sync 1 DAGs
[2026-02-14T16:19:14.313+0000] {logging_mixin.py:188} INFO - [2026-02-14T16:19:14.313+0000] {dag.py:3947} INFO - Setting next_dagrun for example_setup_teardown_taskflow to 2026-02-13 00:00:00+00:00, run_after=2026-02-14 00:00:00+00:00
[2026-02-14T16:19:14.323+0000] {processor.py:183} INFO - Processing /home/airflow/.local/lib/python3.12/site-packages/airflow/example_dags/example_setup_teardown_taskflow.py took 0.036 seconds
[2026-02-14T16:19:45.224+0000] {processor.py:161} INFO - Started process (PID=3917) to work on /home/airflow/.local/lib/python3.12/site-packages/airflow/example_dags/example_setup_teardown_taskflow.py
[2026-02-14T16:19:45.225+0000] {processor.py:830} INFO - Processing file /home/airflow/.local/lib/python3.12/site-packages/airflow/example_dags/example_setup_teardown_taskflow.py for tasks to queue
[2026-02-14T16:19:45.226+0000] {logging_mixin.py:188} INFO - [2026-02-14T16:19:45.226+0000] {dagbag.py:545} INFO - Filling up the DagBag from /home/airflow/.local/lib/python3.12/site-packages/airflow/example_dags/example_setup_teardown_taskflow.py
[2026-02-14T16:19:45.230+0000] {processor.py:840} INFO - DAG(s) 'example_setup_teardown_taskflow' retrieved from /home/airflow/.local/lib/python3.12/site-packages/airflow/example_dags/example_setup_teardown_taskflow.py
[2026-02-14T16:19:45.242+0000] {logging_mixin.py:188} INFO - [2026-02-14T16:19:45.242+0000] {dag.py:3089} INFO - Sync 1 DAGs
[2026-02-14T16:19:45.250+0000] {logging_mixin.py:188} INFO - [2026-02-14T16:19:45.250+0000] {dag.py:3947} INFO - Setting next_dagrun for example_setup_teardown_taskflow to 2026-02-13 00:00:00+00:00, run_after=2026-02-14 00:00:00+00:00
[2026-02-14T16:19:45.258+0000] {processor.py:183} INFO - Processing /home/airflow/.local/lib/python3.12/site-packages/airflow/example_dags/example_setup_teardown_taskflow.py took 0.036 seconds
[2026-02-14T16:20:15.916+0000] {processor.py:161} INFO - Started process (PID=3976) to work on /home/airflow/.local/lib/python3.12/site-packages/airflow/example_dags/example_setup_teardown_taskflow.py
[2026-02-14T16:20:15.917+0000] {processor.py:830} INFO - Processing file /home/airflow/.local/lib/python3.12/site-packages/airflow/example_dags/example_setup_teardown_taskflow.py for tasks to queue
[2026-02-14T16:20:15.918+0000] {logging_mixin.py:188} INFO - [2026-02-14T16:20:15.918+0000] {dagbag.py:545} INFO - Filling up the DagBag from /home/airflow/.local/lib/python3.12/site-packages/airflow/example_dags/example_setup_teardown_taskflow.py
[2026-02-14T16:20:15.926+0000] {processor.py:840} INFO - DAG(s) 'example_setup_teardown_taskflow' retrieved from /home/airflow/.local/lib/python3.12/site-packages/airflow/example_dags/example_setup_teardown_taskflow.py
[2026-02-14T16:20:15.936+0000] {logging_mixin.py:188} INFO - [2026-02-14T16:20:15.936+0000] {dag.py:3089} INFO - Sync 1 DAGs
[2026-02-14T16:20:15.949+0000] {logging_mixin.py:188} INFO - [2026-02-14T16:20:15.949+0000] {dag.py:3947} INFO - Setting next_dagrun for example_setup_teardown_taskflow to 2026-02-13 00:00:00+00:00, run_after=2026-02-14 00:00:00+00:00
[2026-02-14T16:20:15.964+0000] {processor.py:183} INFO - Processing /home/airflow/.local/lib/python3.12/site-packages/airflow/example_dags/example_setup_teardown_taskflow.py took 0.051 seconds
[2026-02-14T16:20:45.976+0000] {processor.py:161} INFO - Started process (PID=4035) to work on /home/airflow/.local/lib/python3.12/site-packages/airflow/example_dags/example_setup_teardown_taskflow.py
[2026-02-14T16:20:45.977+0000] {processor.py:830} INFO - Processing file /home/airflow/.local/lib/python3.12/site-packages/airflow/example_dags/example_setup_teardown_taskflow.py for tasks to queue
[2026-02-14T16:20:45.978+0000] {logging_mixin.py:188} INFO - [2026-02-14T16:20:45.978+0000] {dagbag.py:545} INFO - Filling up the DagBag from /home/airflow/.local/lib/python3.12/site-packages/airflow/example_dags/example_setup_teardown_taskflow.py
[2026-02-14T16:20:45.984+0000] {processor.py:840} INFO - DAG(s) 'example_setup_teardown_taskflow' retrieved from /home/airflow/.local/lib/python3.12/site-packages/airflow/example_dags/example_setup_teardown_taskflow.py
[2026-02-14T16:20:45.996+0000] {logging_mixin.py:188} INFO - [2026-02-14T16:20:45.996+0000] {dag.py:3089} INFO - Sync 1 DAGs
[2026-02-14T16:20:46.005+0000] {logging_mixin.py:188} INFO - [2026-02-14T16:20:46.005+0000] {dag.py:3947} INFO - Setting next_dagrun for example_setup_teardown_taskflow to 2026-02-13 00:00:00+00:00, run_after=2026-02-14 00:00:00+00:00
[2026-02-14T16:20:46.020+0000] {processor.py:183} INFO - Processing /home/airflow/.local/lib/python3.12/site-packages/airflow/example_dags/example_setup_teardown_taskflow.py took 0.046 seconds
[2026-02-14T16:21:16.517+0000] {processor.py:161} INFO - Started process (PID=4094) to work on /home/airflow/.local/lib/python3.12/site-packages/airflow/example_dags/example_setup_teardown_taskflow.py
[2026-02-14T16:21:16.518+0000] {processor.py:830} INFO - Processing file /home/airflow/.local/lib/python3.12/site-packages/airflow/example_dags/example_setup_teardown_taskflow.py for tasks to queue
[2026-02-14T16:21:16.519+0000] {logging_mixin.py:188} INFO - [2026-02-14T16:21:16.518+0000] {dagbag.py:545} INFO - Filling up the DagBag from /home/airflow/.local/lib/python3.12/site-packages/airflow/example_dags/example_setup_teardown_taskflow.py
[2026-02-14T16:21:16.525+0000] {processor.py:840} INFO - DAG(s) 'example_setup_teardown_taskflow' retrieved from /home/airflow/.local/lib/python3.12/site-packages/airflow/example_dags/example_setup_teardown_taskflow.py
[2026-02-14T16:21:16.535+0000] {logging_mixin.py:188} INFO - [2026-02-14T16:21:16.535+0000] {dag.py:3089} INFO - Sync 1 DAGs
[2026-02-14T16:21:16.544+0000] {logging_mixin.py:188} INFO - [2026-02-14T16:21:16.544+0000] {dag.py:3947} INFO - Setting next_dagrun for example_setup_teardown_taskflow to 2026-02-13 00:00:00+00:00, run_after=2026-02-14 00:00:00+00:00
[2026-02-14T16:21:16.551+0000] {processor.py:183} INFO - Processing /home/airflow/.local/lib/python3.12/site-packages/airflow/example_dags/example_setup_teardown_taskflow.py took 0.036 seconds
