[2026-02-14T15:46:38.086+0000] {processor.py:161} INFO - Started process (PID=63) to work on /home/airflow/.local/lib/python3.12/site-packages/airflow/example_dags/example_display_name.py
[2026-02-14T15:46:38.088+0000] {processor.py:830} INFO - Processing file /home/airflow/.local/lib/python3.12/site-packages/airflow/example_dags/example_display_name.py for tasks to queue
[2026-02-14T15:46:38.091+0000] {logging_mixin.py:188} INFO - [2026-02-14T15:46:38.091+0000] {dagbag.py:545} INFO - Filling up the DagBag from /home/airflow/.local/lib/python3.12/site-packages/airflow/example_dags/example_display_name.py
[2026-02-14T15:46:38.104+0000] {processor.py:840} INFO - DAG(s) 'example_display_name' retrieved from /home/airflow/.local/lib/python3.12/site-packages/airflow/example_dags/example_display_name.py
[2026-02-14T15:46:38.117+0000] {logging_mixin.py:188} INFO - [2026-02-14T15:46:38.116+0000] {dag.py:3089} INFO - Sync 1 DAGs
[2026-02-14T15:46:38.131+0000] {logging_mixin.py:188} INFO - [2026-02-14T15:46:38.130+0000] {dag.py:3947} INFO - Setting next_dagrun for example_display_name to None, run_after=None
[2026-02-14T15:46:38.152+0000] {processor.py:183} INFO - Processing /home/airflow/.local/lib/python3.12/site-packages/airflow/example_dags/example_display_name.py took 0.072 seconds
[2026-02-14T15:47:08.930+0000] {processor.py:161} INFO - Started process (PID=128) to work on /home/airflow/.local/lib/python3.12/site-packages/airflow/example_dags/example_display_name.py
[2026-02-14T15:47:08.930+0000] {processor.py:830} INFO - Processing file /home/airflow/.local/lib/python3.12/site-packages/airflow/example_dags/example_display_name.py for tasks to queue
[2026-02-14T15:47:08.932+0000] {logging_mixin.py:188} INFO - [2026-02-14T15:47:08.931+0000] {dagbag.py:545} INFO - Filling up the DagBag from /home/airflow/.local/lib/python3.12/site-packages/airflow/example_dags/example_display_name.py
[2026-02-14T15:47:08.936+0000] {processor.py:840} INFO - DAG(s) 'example_display_name' retrieved from /home/airflow/.local/lib/python3.12/site-packages/airflow/example_dags/example_display_name.py
[2026-02-14T15:47:08.979+0000] {logging_mixin.py:188} INFO - [2026-02-14T15:47:08.979+0000] {dag.py:3089} INFO - Sync 1 DAGs
[2026-02-14T15:47:08.983+0000] {logging_mixin.py:188} INFO - [2026-02-14T15:47:08.982+0000] {dag.py:3947} INFO - Setting next_dagrun for example_display_name to None, run_after=None
[2026-02-14T15:47:08.990+0000] {processor.py:183} INFO - Processing /home/airflow/.local/lib/python3.12/site-packages/airflow/example_dags/example_display_name.py took 0.064 seconds
[2026-02-14T15:47:39.880+0000] {processor.py:161} INFO - Started process (PID=187) to work on /home/airflow/.local/lib/python3.12/site-packages/airflow/example_dags/example_display_name.py
[2026-02-14T15:47:39.881+0000] {processor.py:830} INFO - Processing file /home/airflow/.local/lib/python3.12/site-packages/airflow/example_dags/example_display_name.py for tasks to queue
[2026-02-14T15:47:39.881+0000] {logging_mixin.py:188} INFO - [2026-02-14T15:47:39.881+0000] {dagbag.py:545} INFO - Filling up the DagBag from /home/airflow/.local/lib/python3.12/site-packages/airflow/example_dags/example_display_name.py
[2026-02-14T15:47:39.884+0000] {processor.py:840} INFO - DAG(s) 'example_display_name' retrieved from /home/airflow/.local/lib/python3.12/site-packages/airflow/example_dags/example_display_name.py
[2026-02-14T15:47:39.892+0000] {logging_mixin.py:188} INFO - [2026-02-14T15:47:39.892+0000] {dag.py:3089} INFO - Sync 1 DAGs
[2026-02-14T15:47:39.896+0000] {logging_mixin.py:188} INFO - [2026-02-14T15:47:39.896+0000] {dag.py:3947} INFO - Setting next_dagrun for example_display_name to None, run_after=None
[2026-02-14T15:47:39.904+0000] {processor.py:183} INFO - Processing /home/airflow/.local/lib/python3.12/site-packages/airflow/example_dags/example_display_name.py took 0.026 seconds
[2026-02-14T15:48:10.495+0000] {processor.py:161} INFO - Started process (PID=246) to work on /home/airflow/.local/lib/python3.12/site-packages/airflow/example_dags/example_display_name.py
[2026-02-14T15:48:10.495+0000] {processor.py:830} INFO - Processing file /home/airflow/.local/lib/python3.12/site-packages/airflow/example_dags/example_display_name.py for tasks to queue
[2026-02-14T15:48:10.496+0000] {logging_mixin.py:188} INFO - [2026-02-14T15:48:10.496+0000] {dagbag.py:545} INFO - Filling up the DagBag from /home/airflow/.local/lib/python3.12/site-packages/airflow/example_dags/example_display_name.py
[2026-02-14T15:48:10.498+0000] {processor.py:840} INFO - DAG(s) 'example_display_name' retrieved from /home/airflow/.local/lib/python3.12/site-packages/airflow/example_dags/example_display_name.py
[2026-02-14T15:48:10.506+0000] {logging_mixin.py:188} INFO - [2026-02-14T15:48:10.506+0000] {dag.py:3089} INFO - Sync 1 DAGs
[2026-02-14T15:48:10.511+0000] {logging_mixin.py:188} INFO - [2026-02-14T15:48:10.511+0000] {dag.py:3947} INFO - Setting next_dagrun for example_display_name to None, run_after=None
[2026-02-14T15:48:10.518+0000] {processor.py:183} INFO - Processing /home/airflow/.local/lib/python3.12/site-packages/airflow/example_dags/example_display_name.py took 0.026 seconds
[2026-02-14T15:48:41.068+0000] {processor.py:161} INFO - Started process (PID=305) to work on /home/airflow/.local/lib/python3.12/site-packages/airflow/example_dags/example_display_name.py
[2026-02-14T15:48:41.068+0000] {processor.py:830} INFO - Processing file /home/airflow/.local/lib/python3.12/site-packages/airflow/example_dags/example_display_name.py for tasks to queue
[2026-02-14T15:48:41.069+0000] {logging_mixin.py:188} INFO - [2026-02-14T15:48:41.069+0000] {dagbag.py:545} INFO - Filling up the DagBag from /home/airflow/.local/lib/python3.12/site-packages/airflow/example_dags/example_display_name.py
[2026-02-14T15:48:41.071+0000] {processor.py:840} INFO - DAG(s) 'example_display_name' retrieved from /home/airflow/.local/lib/python3.12/site-packages/airflow/example_dags/example_display_name.py
[2026-02-14T15:48:41.081+0000] {logging_mixin.py:188} INFO - [2026-02-14T15:48:41.081+0000] {dag.py:3089} INFO - Sync 1 DAGs
[2026-02-14T15:48:41.085+0000] {logging_mixin.py:188} INFO - [2026-02-14T15:48:41.085+0000] {dag.py:3947} INFO - Setting next_dagrun for example_display_name to None, run_after=None
[2026-02-14T15:48:41.094+0000] {processor.py:183} INFO - Processing /home/airflow/.local/lib/python3.12/site-packages/airflow/example_dags/example_display_name.py took 0.027 seconds
[2026-02-14T15:49:11.714+0000] {processor.py:161} INFO - Started process (PID=364) to work on /home/airflow/.local/lib/python3.12/site-packages/airflow/example_dags/example_display_name.py
[2026-02-14T15:49:11.715+0000] {processor.py:830} INFO - Processing file /home/airflow/.local/lib/python3.12/site-packages/airflow/example_dags/example_display_name.py for tasks to queue
[2026-02-14T15:49:11.716+0000] {logging_mixin.py:188} INFO - [2026-02-14T15:49:11.716+0000] {dagbag.py:545} INFO - Filling up the DagBag from /home/airflow/.local/lib/python3.12/site-packages/airflow/example_dags/example_display_name.py
[2026-02-14T15:49:11.718+0000] {processor.py:840} INFO - DAG(s) 'example_display_name' retrieved from /home/airflow/.local/lib/python3.12/site-packages/airflow/example_dags/example_display_name.py
[2026-02-14T15:49:11.728+0000] {logging_mixin.py:188} INFO - [2026-02-14T15:49:11.728+0000] {dag.py:3089} INFO - Sync 1 DAGs
[2026-02-14T15:49:11.732+0000] {logging_mixin.py:188} INFO - [2026-02-14T15:49:11.732+0000] {dag.py:3947} INFO - Setting next_dagrun for example_display_name to None, run_after=None
[2026-02-14T15:49:11.739+0000] {processor.py:183} INFO - Processing /home/airflow/.local/lib/python3.12/site-packages/airflow/example_dags/example_display_name.py took 0.027 seconds
[2026-02-14T15:49:42.107+0000] {processor.py:161} INFO - Started process (PID=423) to work on /home/airflow/.local/lib/python3.12/site-packages/airflow/example_dags/example_display_name.py
[2026-02-14T15:49:42.108+0000] {processor.py:830} INFO - Processing file /home/airflow/.local/lib/python3.12/site-packages/airflow/example_dags/example_display_name.py for tasks to queue
[2026-02-14T15:49:42.109+0000] {logging_mixin.py:188} INFO - [2026-02-14T15:49:42.109+0000] {dagbag.py:545} INFO - Filling up the DagBag from /home/airflow/.local/lib/python3.12/site-packages/airflow/example_dags/example_display_name.py
[2026-02-14T15:49:42.112+0000] {processor.py:840} INFO - DAG(s) 'example_display_name' retrieved from /home/airflow/.local/lib/python3.12/site-packages/airflow/example_dags/example_display_name.py
[2026-02-14T15:49:42.121+0000] {logging_mixin.py:188} INFO - [2026-02-14T15:49:42.121+0000] {dag.py:3089} INFO - Sync 1 DAGs
[2026-02-14T15:49:42.125+0000] {logging_mixin.py:188} INFO - [2026-02-14T15:49:42.125+0000] {dag.py:3947} INFO - Setting next_dagrun for example_display_name to None, run_after=None
[2026-02-14T15:49:42.133+0000] {processor.py:183} INFO - Processing /home/airflow/.local/lib/python3.12/site-packages/airflow/example_dags/example_display_name.py took 0.028 seconds
[2026-02-14T15:50:12.508+0000] {processor.py:161} INFO - Started process (PID=482) to work on /home/airflow/.local/lib/python3.12/site-packages/airflow/example_dags/example_display_name.py
[2026-02-14T15:50:12.509+0000] {processor.py:830} INFO - Processing file /home/airflow/.local/lib/python3.12/site-packages/airflow/example_dags/example_display_name.py for tasks to queue
[2026-02-14T15:50:12.510+0000] {logging_mixin.py:188} INFO - [2026-02-14T15:50:12.509+0000] {dagbag.py:545} INFO - Filling up the DagBag from /home/airflow/.local/lib/python3.12/site-packages/airflow/example_dags/example_display_name.py
[2026-02-14T15:50:12.512+0000] {processor.py:840} INFO - DAG(s) 'example_display_name' retrieved from /home/airflow/.local/lib/python3.12/site-packages/airflow/example_dags/example_display_name.py
[2026-02-14T15:50:12.521+0000] {logging_mixin.py:188} INFO - [2026-02-14T15:50:12.521+0000] {dag.py:3089} INFO - Sync 1 DAGs
[2026-02-14T15:50:12.526+0000] {logging_mixin.py:188} INFO - [2026-02-14T15:50:12.526+0000] {dag.py:3947} INFO - Setting next_dagrun for example_display_name to None, run_after=None
[2026-02-14T15:50:12.535+0000] {processor.py:183} INFO - Processing /home/airflow/.local/lib/python3.12/site-packages/airflow/example_dags/example_display_name.py took 0.029 seconds
[2026-02-14T15:50:42.970+0000] {processor.py:161} INFO - Started process (PID=541) to work on /home/airflow/.local/lib/python3.12/site-packages/airflow/example_dags/example_display_name.py
[2026-02-14T15:50:42.970+0000] {processor.py:830} INFO - Processing file /home/airflow/.local/lib/python3.12/site-packages/airflow/example_dags/example_display_name.py for tasks to queue
[2026-02-14T15:50:42.972+0000] {logging_mixin.py:188} INFO - [2026-02-14T15:50:42.972+0000] {dagbag.py:545} INFO - Filling up the DagBag from /home/airflow/.local/lib/python3.12/site-packages/airflow/example_dags/example_display_name.py
[2026-02-14T15:50:42.975+0000] {processor.py:840} INFO - DAG(s) 'example_display_name' retrieved from /home/airflow/.local/lib/python3.12/site-packages/airflow/example_dags/example_display_name.py
[2026-02-14T15:50:42.983+0000] {logging_mixin.py:188} INFO - [2026-02-14T15:50:42.983+0000] {dag.py:3089} INFO - Sync 1 DAGs
[2026-02-14T15:50:42.987+0000] {logging_mixin.py:188} INFO - [2026-02-14T15:50:42.987+0000] {dag.py:3947} INFO - Setting next_dagrun for example_display_name to None, run_after=None
[2026-02-14T15:50:42.997+0000] {processor.py:183} INFO - Processing /home/airflow/.local/lib/python3.12/site-packages/airflow/example_dags/example_display_name.py took 0.029 seconds
[2026-02-14T15:51:13.703+0000] {processor.py:161} INFO - Started process (PID=600) to work on /home/airflow/.local/lib/python3.12/site-packages/airflow/example_dags/example_display_name.py
[2026-02-14T15:51:13.703+0000] {processor.py:830} INFO - Processing file /home/airflow/.local/lib/python3.12/site-packages/airflow/example_dags/example_display_name.py for tasks to queue
[2026-02-14T15:51:13.705+0000] {logging_mixin.py:188} INFO - [2026-02-14T15:51:13.705+0000] {dagbag.py:545} INFO - Filling up the DagBag from /home/airflow/.local/lib/python3.12/site-packages/airflow/example_dags/example_display_name.py
[2026-02-14T15:51:13.709+0000] {processor.py:840} INFO - DAG(s) 'example_display_name' retrieved from /home/airflow/.local/lib/python3.12/site-packages/airflow/example_dags/example_display_name.py
[2026-02-14T15:51:13.719+0000] {logging_mixin.py:188} INFO - [2026-02-14T15:51:13.718+0000] {dag.py:3089} INFO - Sync 1 DAGs
[2026-02-14T15:51:13.725+0000] {logging_mixin.py:188} INFO - [2026-02-14T15:51:13.725+0000] {dag.py:3947} INFO - Setting next_dagrun for example_display_name to None, run_after=None
[2026-02-14T15:51:13.740+0000] {processor.py:183} INFO - Processing /home/airflow/.local/lib/python3.12/site-packages/airflow/example_dags/example_display_name.py took 0.039 seconds
[2026-02-14T15:51:44.203+0000] {processor.py:161} INFO - Started process (PID=659) to work on /home/airflow/.local/lib/python3.12/site-packages/airflow/example_dags/example_display_name.py
[2026-02-14T15:51:44.204+0000] {processor.py:830} INFO - Processing file /home/airflow/.local/lib/python3.12/site-packages/airflow/example_dags/example_display_name.py for tasks to queue
[2026-02-14T15:51:44.205+0000] {logging_mixin.py:188} INFO - [2026-02-14T15:51:44.205+0000] {dagbag.py:545} INFO - Filling up the DagBag from /home/airflow/.local/lib/python3.12/site-packages/airflow/example_dags/example_display_name.py
[2026-02-14T15:51:44.208+0000] {processor.py:840} INFO - DAG(s) 'example_display_name' retrieved from /home/airflow/.local/lib/python3.12/site-packages/airflow/example_dags/example_display_name.py
[2026-02-14T15:51:44.217+0000] {logging_mixin.py:188} INFO - [2026-02-14T15:51:44.217+0000] {dag.py:3089} INFO - Sync 1 DAGs
[2026-02-14T15:51:44.221+0000] {logging_mixin.py:188} INFO - [2026-02-14T15:51:44.221+0000] {dag.py:3947} INFO - Setting next_dagrun for example_display_name to None, run_after=None
[2026-02-14T15:51:44.229+0000] {processor.py:183} INFO - Processing /home/airflow/.local/lib/python3.12/site-packages/airflow/example_dags/example_display_name.py took 0.028 seconds
[2026-02-14T15:52:14.668+0000] {processor.py:161} INFO - Started process (PID=718) to work on /home/airflow/.local/lib/python3.12/site-packages/airflow/example_dags/example_display_name.py
[2026-02-14T15:52:14.669+0000] {processor.py:830} INFO - Processing file /home/airflow/.local/lib/python3.12/site-packages/airflow/example_dags/example_display_name.py for tasks to queue
[2026-02-14T15:52:14.670+0000] {logging_mixin.py:188} INFO - [2026-02-14T15:52:14.670+0000] {dagbag.py:545} INFO - Filling up the DagBag from /home/airflow/.local/lib/python3.12/site-packages/airflow/example_dags/example_display_name.py
[2026-02-14T15:52:14.673+0000] {processor.py:840} INFO - DAG(s) 'example_display_name' retrieved from /home/airflow/.local/lib/python3.12/site-packages/airflow/example_dags/example_display_name.py
[2026-02-14T15:52:14.680+0000] {logging_mixin.py:188} INFO - [2026-02-14T15:52:14.680+0000] {dag.py:3089} INFO - Sync 1 DAGs
[2026-02-14T15:52:14.685+0000] {logging_mixin.py:188} INFO - [2026-02-14T15:52:14.685+0000] {dag.py:3947} INFO - Setting next_dagrun for example_display_name to None, run_after=None
[2026-02-14T15:52:14.692+0000] {processor.py:183} INFO - Processing /home/airflow/.local/lib/python3.12/site-packages/airflow/example_dags/example_display_name.py took 0.026 seconds
[2026-02-14T15:52:45.092+0000] {processor.py:161} INFO - Started process (PID=777) to work on /home/airflow/.local/lib/python3.12/site-packages/airflow/example_dags/example_display_name.py
[2026-02-14T15:52:45.093+0000] {processor.py:830} INFO - Processing file /home/airflow/.local/lib/python3.12/site-packages/airflow/example_dags/example_display_name.py for tasks to queue
[2026-02-14T15:52:45.094+0000] {logging_mixin.py:188} INFO - [2026-02-14T15:52:45.094+0000] {dagbag.py:545} INFO - Filling up the DagBag from /home/airflow/.local/lib/python3.12/site-packages/airflow/example_dags/example_display_name.py
[2026-02-14T15:52:45.097+0000] {processor.py:840} INFO - DAG(s) 'example_display_name' retrieved from /home/airflow/.local/lib/python3.12/site-packages/airflow/example_dags/example_display_name.py
[2026-02-14T15:52:45.105+0000] {logging_mixin.py:188} INFO - [2026-02-14T15:52:45.105+0000] {dag.py:3089} INFO - Sync 1 DAGs
[2026-02-14T15:52:45.110+0000] {logging_mixin.py:188} INFO - [2026-02-14T15:52:45.110+0000] {dag.py:3947} INFO - Setting next_dagrun for example_display_name to None, run_after=None
[2026-02-14T15:52:45.117+0000] {processor.py:183} INFO - Processing /home/airflow/.local/lib/python3.12/site-packages/airflow/example_dags/example_display_name.py took 0.027 seconds
[2026-02-14T15:53:15.441+0000] {processor.py:161} INFO - Started process (PID=836) to work on /home/airflow/.local/lib/python3.12/site-packages/airflow/example_dags/example_display_name.py
[2026-02-14T15:53:15.442+0000] {processor.py:830} INFO - Processing file /home/airflow/.local/lib/python3.12/site-packages/airflow/example_dags/example_display_name.py for tasks to queue
[2026-02-14T15:53:15.443+0000] {logging_mixin.py:188} INFO - [2026-02-14T15:53:15.443+0000] {dagbag.py:545} INFO - Filling up the DagBag from /home/airflow/.local/lib/python3.12/site-packages/airflow/example_dags/example_display_name.py
[2026-02-14T15:53:15.446+0000] {processor.py:840} INFO - DAG(s) 'example_display_name' retrieved from /home/airflow/.local/lib/python3.12/site-packages/airflow/example_dags/example_display_name.py
[2026-02-14T15:53:15.453+0000] {logging_mixin.py:188} INFO - [2026-02-14T15:53:15.453+0000] {dag.py:3089} INFO - Sync 1 DAGs
[2026-02-14T15:53:15.457+0000] {logging_mixin.py:188} INFO - [2026-02-14T15:53:15.457+0000] {dag.py:3947} INFO - Setting next_dagrun for example_display_name to None, run_after=None
[2026-02-14T15:53:15.463+0000] {processor.py:183} INFO - Processing /home/airflow/.local/lib/python3.12/site-packages/airflow/example_dags/example_display_name.py took 0.025 seconds
[2026-02-14T15:53:45.785+0000] {processor.py:161} INFO - Started process (PID=895) to work on /home/airflow/.local/lib/python3.12/site-packages/airflow/example_dags/example_display_name.py
[2026-02-14T15:53:45.786+0000] {processor.py:830} INFO - Processing file /home/airflow/.local/lib/python3.12/site-packages/airflow/example_dags/example_display_name.py for tasks to queue
[2026-02-14T15:53:45.787+0000] {logging_mixin.py:188} INFO - [2026-02-14T15:53:45.787+0000] {dagbag.py:545} INFO - Filling up the DagBag from /home/airflow/.local/lib/python3.12/site-packages/airflow/example_dags/example_display_name.py
[2026-02-14T15:53:45.789+0000] {processor.py:840} INFO - DAG(s) 'example_display_name' retrieved from /home/airflow/.local/lib/python3.12/site-packages/airflow/example_dags/example_display_name.py
[2026-02-14T15:53:45.797+0000] {logging_mixin.py:188} INFO - [2026-02-14T15:53:45.797+0000] {dag.py:3089} INFO - Sync 1 DAGs
[2026-02-14T15:53:45.801+0000] {logging_mixin.py:188} INFO - [2026-02-14T15:53:45.801+0000] {dag.py:3947} INFO - Setting next_dagrun for example_display_name to None, run_after=None
[2026-02-14T15:53:45.807+0000] {processor.py:183} INFO - Processing /home/airflow/.local/lib/python3.12/site-packages/airflow/example_dags/example_display_name.py took 0.025 seconds
[2026-02-14T15:54:16.208+0000] {processor.py:161} INFO - Started process (PID=954) to work on /home/airflow/.local/lib/python3.12/site-packages/airflow/example_dags/example_display_name.py
[2026-02-14T15:54:16.208+0000] {processor.py:830} INFO - Processing file /home/airflow/.local/lib/python3.12/site-packages/airflow/example_dags/example_display_name.py for tasks to queue
[2026-02-14T15:54:16.210+0000] {logging_mixin.py:188} INFO - [2026-02-14T15:54:16.209+0000] {dagbag.py:545} INFO - Filling up the DagBag from /home/airflow/.local/lib/python3.12/site-packages/airflow/example_dags/example_display_name.py
[2026-02-14T15:54:16.212+0000] {processor.py:840} INFO - DAG(s) 'example_display_name' retrieved from /home/airflow/.local/lib/python3.12/site-packages/airflow/example_dags/example_display_name.py
[2026-02-14T15:54:16.222+0000] {logging_mixin.py:188} INFO - [2026-02-14T15:54:16.221+0000] {dag.py:3089} INFO - Sync 1 DAGs
[2026-02-14T15:54:16.227+0000] {logging_mixin.py:188} INFO - [2026-02-14T15:54:16.226+0000] {dag.py:3947} INFO - Setting next_dagrun for example_display_name to None, run_after=None
[2026-02-14T15:54:16.232+0000] {processor.py:183} INFO - Processing /home/airflow/.local/lib/python3.12/site-packages/airflow/example_dags/example_display_name.py took 0.026 seconds
[2026-02-14T15:54:46.732+0000] {processor.py:161} INFO - Started process (PID=1013) to work on /home/airflow/.local/lib/python3.12/site-packages/airflow/example_dags/example_display_name.py
[2026-02-14T15:54:46.733+0000] {processor.py:830} INFO - Processing file /home/airflow/.local/lib/python3.12/site-packages/airflow/example_dags/example_display_name.py for tasks to queue
[2026-02-14T15:54:46.734+0000] {logging_mixin.py:188} INFO - [2026-02-14T15:54:46.734+0000] {dagbag.py:545} INFO - Filling up the DagBag from /home/airflow/.local/lib/python3.12/site-packages/airflow/example_dags/example_display_name.py
[2026-02-14T15:54:46.738+0000] {processor.py:840} INFO - DAG(s) 'example_display_name' retrieved from /home/airflow/.local/lib/python3.12/site-packages/airflow/example_dags/example_display_name.py
[2026-02-14T15:54:46.745+0000] {logging_mixin.py:188} INFO - [2026-02-14T15:54:46.745+0000] {dag.py:3089} INFO - Sync 1 DAGs
[2026-02-14T15:54:46.750+0000] {logging_mixin.py:188} INFO - [2026-02-14T15:54:46.750+0000] {dag.py:3947} INFO - Setting next_dagrun for example_display_name to None, run_after=None
[2026-02-14T15:54:46.757+0000] {processor.py:183} INFO - Processing /home/airflow/.local/lib/python3.12/site-packages/airflow/example_dags/example_display_name.py took 0.027 seconds
[2026-02-14T15:55:17.926+0000] {processor.py:161} INFO - Started process (PID=1072) to work on /home/airflow/.local/lib/python3.12/site-packages/airflow/example_dags/example_display_name.py
[2026-02-14T15:55:17.927+0000] {processor.py:830} INFO - Processing file /home/airflow/.local/lib/python3.12/site-packages/airflow/example_dags/example_display_name.py for tasks to queue
[2026-02-14T15:55:17.937+0000] {logging_mixin.py:188} INFO - [2026-02-14T15:55:17.934+0000] {dagbag.py:545} INFO - Filling up the DagBag from /home/airflow/.local/lib/python3.12/site-packages/airflow/example_dags/example_display_name.py
[2026-02-14T15:55:17.960+0000] {processor.py:840} INFO - DAG(s) 'example_display_name' retrieved from /home/airflow/.local/lib/python3.12/site-packages/airflow/example_dags/example_display_name.py
[2026-02-14T15:55:18.007+0000] {logging_mixin.py:188} INFO - [2026-02-14T15:55:18.006+0000] {dag.py:3089} INFO - Sync 1 DAGs
[2026-02-14T15:55:18.022+0000] {logging_mixin.py:188} INFO - [2026-02-14T15:55:18.022+0000] {dag.py:3947} INFO - Setting next_dagrun for example_display_name to None, run_after=None
[2026-02-14T15:55:18.070+0000] {processor.py:183} INFO - Processing /home/airflow/.local/lib/python3.12/site-packages/airflow/example_dags/example_display_name.py took 0.150 seconds
[2026-02-14T15:55:48.700+0000] {processor.py:161} INFO - Started process (PID=1130) to work on /home/airflow/.local/lib/python3.12/site-packages/airflow/example_dags/example_display_name.py
[2026-02-14T15:55:48.701+0000] {processor.py:830} INFO - Processing file /home/airflow/.local/lib/python3.12/site-packages/airflow/example_dags/example_display_name.py for tasks to queue
[2026-02-14T15:55:48.701+0000] {logging_mixin.py:188} INFO - [2026-02-14T15:55:48.701+0000] {dagbag.py:545} INFO - Filling up the DagBag from /home/airflow/.local/lib/python3.12/site-packages/airflow/example_dags/example_display_name.py
[2026-02-14T15:55:48.704+0000] {processor.py:840} INFO - DAG(s) 'example_display_name' retrieved from /home/airflow/.local/lib/python3.12/site-packages/airflow/example_dags/example_display_name.py
[2026-02-14T15:55:48.711+0000] {logging_mixin.py:188} INFO - [2026-02-14T15:55:48.711+0000] {dag.py:3089} INFO - Sync 1 DAGs
[2026-02-14T15:55:48.716+0000] {logging_mixin.py:188} INFO - [2026-02-14T15:55:48.716+0000] {dag.py:3947} INFO - Setting next_dagrun for example_display_name to None, run_after=None
[2026-02-14T15:55:48.722+0000] {processor.py:183} INFO - Processing /home/airflow/.local/lib/python3.12/site-packages/airflow/example_dags/example_display_name.py took 0.024 seconds
[2026-02-14T15:56:19.189+0000] {processor.py:161} INFO - Started process (PID=1189) to work on /home/airflow/.local/lib/python3.12/site-packages/airflow/example_dags/example_display_name.py
[2026-02-14T15:56:19.189+0000] {processor.py:830} INFO - Processing file /home/airflow/.local/lib/python3.12/site-packages/airflow/example_dags/example_display_name.py for tasks to queue
[2026-02-14T15:56:19.192+0000] {logging_mixin.py:188} INFO - [2026-02-14T15:56:19.191+0000] {dagbag.py:545} INFO - Filling up the DagBag from /home/airflow/.local/lib/python3.12/site-packages/airflow/example_dags/example_display_name.py
[2026-02-14T15:56:19.194+0000] {processor.py:840} INFO - DAG(s) 'example_display_name' retrieved from /home/airflow/.local/lib/python3.12/site-packages/airflow/example_dags/example_display_name.py
[2026-02-14T15:56:19.204+0000] {logging_mixin.py:188} INFO - [2026-02-14T15:56:19.204+0000] {dag.py:3089} INFO - Sync 1 DAGs
[2026-02-14T15:56:19.208+0000] {logging_mixin.py:188} INFO - [2026-02-14T15:56:19.208+0000] {dag.py:3947} INFO - Setting next_dagrun for example_display_name to None, run_after=None
[2026-02-14T15:56:19.215+0000] {processor.py:183} INFO - Processing /home/airflow/.local/lib/python3.12/site-packages/airflow/example_dags/example_display_name.py took 0.029 seconds
[2026-02-14T15:56:49.719+0000] {processor.py:161} INFO - Started process (PID=1248) to work on /home/airflow/.local/lib/python3.12/site-packages/airflow/example_dags/example_display_name.py
[2026-02-14T15:56:49.720+0000] {processor.py:830} INFO - Processing file /home/airflow/.local/lib/python3.12/site-packages/airflow/example_dags/example_display_name.py for tasks to queue
[2026-02-14T15:56:49.720+0000] {logging_mixin.py:188} INFO - [2026-02-14T15:56:49.720+0000] {dagbag.py:545} INFO - Filling up the DagBag from /home/airflow/.local/lib/python3.12/site-packages/airflow/example_dags/example_display_name.py
[2026-02-14T15:56:49.723+0000] {processor.py:840} INFO - DAG(s) 'example_display_name' retrieved from /home/airflow/.local/lib/python3.12/site-packages/airflow/example_dags/example_display_name.py
[2026-02-14T15:56:49.732+0000] {logging_mixin.py:188} INFO - [2026-02-14T15:56:49.731+0000] {dag.py:3089} INFO - Sync 1 DAGs
[2026-02-14T15:56:49.738+0000] {logging_mixin.py:188} INFO - [2026-02-14T15:56:49.738+0000] {dag.py:3947} INFO - Setting next_dagrun for example_display_name to None, run_after=None
[2026-02-14T15:56:49.744+0000] {processor.py:183} INFO - Processing /home/airflow/.local/lib/python3.12/site-packages/airflow/example_dags/example_display_name.py took 0.027 seconds
[2026-02-14T15:57:20.441+0000] {processor.py:161} INFO - Started process (PID=1307) to work on /home/airflow/.local/lib/python3.12/site-packages/airflow/example_dags/example_display_name.py
[2026-02-14T15:57:20.441+0000] {processor.py:830} INFO - Processing file /home/airflow/.local/lib/python3.12/site-packages/airflow/example_dags/example_display_name.py for tasks to queue
[2026-02-14T15:57:20.442+0000] {logging_mixin.py:188} INFO - [2026-02-14T15:57:20.442+0000] {dagbag.py:545} INFO - Filling up the DagBag from /home/airflow/.local/lib/python3.12/site-packages/airflow/example_dags/example_display_name.py
[2026-02-14T15:57:20.445+0000] {processor.py:840} INFO - DAG(s) 'example_display_name' retrieved from /home/airflow/.local/lib/python3.12/site-packages/airflow/example_dags/example_display_name.py
[2026-02-14T15:57:20.455+0000] {logging_mixin.py:188} INFO - [2026-02-14T15:57:20.455+0000] {dag.py:3089} INFO - Sync 1 DAGs
[2026-02-14T15:57:20.460+0000] {logging_mixin.py:188} INFO - [2026-02-14T15:57:20.460+0000] {dag.py:3947} INFO - Setting next_dagrun for example_display_name to None, run_after=None
[2026-02-14T15:57:20.468+0000] {processor.py:183} INFO - Processing /home/airflow/.local/lib/python3.12/site-packages/airflow/example_dags/example_display_name.py took 0.030 seconds
[2026-02-14T15:57:51.436+0000] {processor.py:161} INFO - Started process (PID=1366) to work on /home/airflow/.local/lib/python3.12/site-packages/airflow/example_dags/example_display_name.py
[2026-02-14T15:57:51.436+0000] {processor.py:830} INFO - Processing file /home/airflow/.local/lib/python3.12/site-packages/airflow/example_dags/example_display_name.py for tasks to queue
[2026-02-14T15:57:51.437+0000] {logging_mixin.py:188} INFO - [2026-02-14T15:57:51.437+0000] {dagbag.py:545} INFO - Filling up the DagBag from /home/airflow/.local/lib/python3.12/site-packages/airflow/example_dags/example_display_name.py
[2026-02-14T15:57:51.439+0000] {processor.py:840} INFO - DAG(s) 'example_display_name' retrieved from /home/airflow/.local/lib/python3.12/site-packages/airflow/example_dags/example_display_name.py
[2026-02-14T15:57:51.447+0000] {logging_mixin.py:188} INFO - [2026-02-14T15:57:51.446+0000] {dag.py:3089} INFO - Sync 1 DAGs
[2026-02-14T15:57:51.452+0000] {logging_mixin.py:188} INFO - [2026-02-14T15:57:51.452+0000] {dag.py:3947} INFO - Setting next_dagrun for example_display_name to None, run_after=None
[2026-02-14T15:57:51.535+0000] {processor.py:183} INFO - Processing /home/airflow/.local/lib/python3.12/site-packages/airflow/example_dags/example_display_name.py took 0.102 seconds
[2026-02-14T15:58:22.450+0000] {processor.py:161} INFO - Started process (PID=1425) to work on /home/airflow/.local/lib/python3.12/site-packages/airflow/example_dags/example_display_name.py
[2026-02-14T15:58:22.451+0000] {processor.py:830} INFO - Processing file /home/airflow/.local/lib/python3.12/site-packages/airflow/example_dags/example_display_name.py for tasks to queue
[2026-02-14T15:58:22.451+0000] {logging_mixin.py:188} INFO - [2026-02-14T15:58:22.451+0000] {dagbag.py:545} INFO - Filling up the DagBag from /home/airflow/.local/lib/python3.12/site-packages/airflow/example_dags/example_display_name.py
[2026-02-14T15:58:22.454+0000] {processor.py:840} INFO - DAG(s) 'example_display_name' retrieved from /home/airflow/.local/lib/python3.12/site-packages/airflow/example_dags/example_display_name.py
[2026-02-14T15:58:22.461+0000] {logging_mixin.py:188} INFO - [2026-02-14T15:58:22.461+0000] {dag.py:3089} INFO - Sync 1 DAGs
[2026-02-14T15:58:22.465+0000] {logging_mixin.py:188} INFO - [2026-02-14T15:58:22.465+0000] {dag.py:3947} INFO - Setting next_dagrun for example_display_name to None, run_after=None
[2026-02-14T15:58:22.475+0000] {processor.py:183} INFO - Processing /home/airflow/.local/lib/python3.12/site-packages/airflow/example_dags/example_display_name.py took 0.027 seconds
[2026-02-14T15:58:52.897+0000] {processor.py:161} INFO - Started process (PID=1484) to work on /home/airflow/.local/lib/python3.12/site-packages/airflow/example_dags/example_display_name.py
[2026-02-14T15:58:52.898+0000] {processor.py:830} INFO - Processing file /home/airflow/.local/lib/python3.12/site-packages/airflow/example_dags/example_display_name.py for tasks to queue
[2026-02-14T15:58:52.899+0000] {logging_mixin.py:188} INFO - [2026-02-14T15:58:52.898+0000] {dagbag.py:545} INFO - Filling up the DagBag from /home/airflow/.local/lib/python3.12/site-packages/airflow/example_dags/example_display_name.py
[2026-02-14T15:58:52.901+0000] {processor.py:840} INFO - DAG(s) 'example_display_name' retrieved from /home/airflow/.local/lib/python3.12/site-packages/airflow/example_dags/example_display_name.py
[2026-02-14T15:58:52.909+0000] {logging_mixin.py:188} INFO - [2026-02-14T15:58:52.908+0000] {dag.py:3089} INFO - Sync 1 DAGs
[2026-02-14T15:58:52.913+0000] {logging_mixin.py:188} INFO - [2026-02-14T15:58:52.913+0000] {dag.py:3947} INFO - Setting next_dagrun for example_display_name to None, run_after=None
[2026-02-14T15:58:52.923+0000] {processor.py:183} INFO - Processing /home/airflow/.local/lib/python3.12/site-packages/airflow/example_dags/example_display_name.py took 0.028 seconds
[2026-02-14T15:59:23.154+0000] {processor.py:161} INFO - Started process (PID=1543) to work on /home/airflow/.local/lib/python3.12/site-packages/airflow/example_dags/example_display_name.py
[2026-02-14T15:59:23.154+0000] {processor.py:830} INFO - Processing file /home/airflow/.local/lib/python3.12/site-packages/airflow/example_dags/example_display_name.py for tasks to queue
[2026-02-14T15:59:23.157+0000] {logging_mixin.py:188} INFO - [2026-02-14T15:59:23.157+0000] {dagbag.py:545} INFO - Filling up the DagBag from /home/airflow/.local/lib/python3.12/site-packages/airflow/example_dags/example_display_name.py
[2026-02-14T15:59:23.160+0000] {processor.py:840} INFO - DAG(s) 'example_display_name' retrieved from /home/airflow/.local/lib/python3.12/site-packages/airflow/example_dags/example_display_name.py
[2026-02-14T15:59:23.171+0000] {logging_mixin.py:188} INFO - [2026-02-14T15:59:23.171+0000] {dag.py:3089} INFO - Sync 1 DAGs
[2026-02-14T15:59:23.178+0000] {logging_mixin.py:188} INFO - [2026-02-14T15:59:23.177+0000] {dag.py:3947} INFO - Setting next_dagrun for example_display_name to None, run_after=None
[2026-02-14T15:59:23.186+0000] {processor.py:183} INFO - Processing /home/airflow/.local/lib/python3.12/site-packages/airflow/example_dags/example_display_name.py took 0.037 seconds
[2026-02-14T15:59:53.401+0000] {processor.py:161} INFO - Started process (PID=1602) to work on /home/airflow/.local/lib/python3.12/site-packages/airflow/example_dags/example_display_name.py
[2026-02-14T15:59:53.401+0000] {processor.py:830} INFO - Processing file /home/airflow/.local/lib/python3.12/site-packages/airflow/example_dags/example_display_name.py for tasks to queue
[2026-02-14T15:59:53.402+0000] {logging_mixin.py:188} INFO - [2026-02-14T15:59:53.401+0000] {dagbag.py:545} INFO - Filling up the DagBag from /home/airflow/.local/lib/python3.12/site-packages/airflow/example_dags/example_display_name.py
[2026-02-14T15:59:53.474+0000] {processor.py:840} INFO - DAG(s) 'example_display_name' retrieved from /home/airflow/.local/lib/python3.12/site-packages/airflow/example_dags/example_display_name.py
[2026-02-14T15:59:53.481+0000] {logging_mixin.py:188} INFO - [2026-02-14T15:59:53.481+0000] {dag.py:3089} INFO - Sync 1 DAGs
[2026-02-14T15:59:53.484+0000] {logging_mixin.py:188} INFO - [2026-02-14T15:59:53.484+0000] {dag.py:3947} INFO - Setting next_dagrun for example_display_name to None, run_after=None
[2026-02-14T15:59:53.490+0000] {processor.py:183} INFO - Processing /home/airflow/.local/lib/python3.12/site-packages/airflow/example_dags/example_display_name.py took 0.091 seconds
[2026-02-14T16:00:24.223+0000] {processor.py:161} INFO - Started process (PID=1661) to work on /home/airflow/.local/lib/python3.12/site-packages/airflow/example_dags/example_display_name.py
[2026-02-14T16:00:24.223+0000] {processor.py:830} INFO - Processing file /home/airflow/.local/lib/python3.12/site-packages/airflow/example_dags/example_display_name.py for tasks to queue
[2026-02-14T16:00:24.224+0000] {logging_mixin.py:188} INFO - [2026-02-14T16:00:24.224+0000] {dagbag.py:545} INFO - Filling up the DagBag from /home/airflow/.local/lib/python3.12/site-packages/airflow/example_dags/example_display_name.py
[2026-02-14T16:00:24.226+0000] {processor.py:840} INFO - DAG(s) 'example_display_name' retrieved from /home/airflow/.local/lib/python3.12/site-packages/airflow/example_dags/example_display_name.py
[2026-02-14T16:00:24.234+0000] {logging_mixin.py:188} INFO - [2026-02-14T16:00:24.234+0000] {dag.py:3089} INFO - Sync 1 DAGs
[2026-02-14T16:00:24.238+0000] {logging_mixin.py:188} INFO - [2026-02-14T16:00:24.238+0000] {dag.py:3947} INFO - Setting next_dagrun for example_display_name to None, run_after=None
[2026-02-14T16:00:24.246+0000] {processor.py:183} INFO - Processing /home/airflow/.local/lib/python3.12/site-packages/airflow/example_dags/example_display_name.py took 0.026 seconds
[2026-02-14T16:00:54.788+0000] {processor.py:161} INFO - Started process (PID=1720) to work on /home/airflow/.local/lib/python3.12/site-packages/airflow/example_dags/example_display_name.py
[2026-02-14T16:00:54.789+0000] {processor.py:830} INFO - Processing file /home/airflow/.local/lib/python3.12/site-packages/airflow/example_dags/example_display_name.py for tasks to queue
[2026-02-14T16:00:54.790+0000] {logging_mixin.py:188} INFO - [2026-02-14T16:00:54.790+0000] {dagbag.py:545} INFO - Filling up the DagBag from /home/airflow/.local/lib/python3.12/site-packages/airflow/example_dags/example_display_name.py
[2026-02-14T16:00:54.792+0000] {processor.py:840} INFO - DAG(s) 'example_display_name' retrieved from /home/airflow/.local/lib/python3.12/site-packages/airflow/example_dags/example_display_name.py
[2026-02-14T16:00:54.799+0000] {logging_mixin.py:188} INFO - [2026-02-14T16:00:54.799+0000] {dag.py:3089} INFO - Sync 1 DAGs
[2026-02-14T16:00:54.804+0000] {logging_mixin.py:188} INFO - [2026-02-14T16:00:54.804+0000] {dag.py:3947} INFO - Setting next_dagrun for example_display_name to None, run_after=None
[2026-02-14T16:00:54.811+0000] {processor.py:183} INFO - Processing /home/airflow/.local/lib/python3.12/site-packages/airflow/example_dags/example_display_name.py took 0.026 seconds
[2026-02-14T16:01:25.232+0000] {processor.py:161} INFO - Started process (PID=1779) to work on /home/airflow/.local/lib/python3.12/site-packages/airflow/example_dags/example_display_name.py
[2026-02-14T16:01:25.233+0000] {processor.py:830} INFO - Processing file /home/airflow/.local/lib/python3.12/site-packages/airflow/example_dags/example_display_name.py for tasks to queue
[2026-02-14T16:01:25.233+0000] {logging_mixin.py:188} INFO - [2026-02-14T16:01:25.233+0000] {dagbag.py:545} INFO - Filling up the DagBag from /home/airflow/.local/lib/python3.12/site-packages/airflow/example_dags/example_display_name.py
[2026-02-14T16:01:25.236+0000] {processor.py:840} INFO - DAG(s) 'example_display_name' retrieved from /home/airflow/.local/lib/python3.12/site-packages/airflow/example_dags/example_display_name.py
[2026-02-14T16:01:25.242+0000] {logging_mixin.py:188} INFO - [2026-02-14T16:01:25.242+0000] {dag.py:3089} INFO - Sync 1 DAGs
[2026-02-14T16:01:25.247+0000] {logging_mixin.py:188} INFO - [2026-02-14T16:01:25.247+0000] {dag.py:3947} INFO - Setting next_dagrun for example_display_name to None, run_after=None
[2026-02-14T16:01:25.256+0000] {processor.py:183} INFO - Processing /home/airflow/.local/lib/python3.12/site-packages/airflow/example_dags/example_display_name.py took 0.026 seconds
[2026-02-14T16:01:55.565+0000] {processor.py:161} INFO - Started process (PID=1838) to work on /home/airflow/.local/lib/python3.12/site-packages/airflow/example_dags/example_display_name.py
[2026-02-14T16:01:55.566+0000] {processor.py:830} INFO - Processing file /home/airflow/.local/lib/python3.12/site-packages/airflow/example_dags/example_display_name.py for tasks to queue
[2026-02-14T16:01:55.567+0000] {logging_mixin.py:188} INFO - [2026-02-14T16:01:55.567+0000] {dagbag.py:545} INFO - Filling up the DagBag from /home/airflow/.local/lib/python3.12/site-packages/airflow/example_dags/example_display_name.py
[2026-02-14T16:01:55.570+0000] {processor.py:840} INFO - DAG(s) 'example_display_name' retrieved from /home/airflow/.local/lib/python3.12/site-packages/airflow/example_dags/example_display_name.py
[2026-02-14T16:01:55.579+0000] {logging_mixin.py:188} INFO - [2026-02-14T16:01:55.579+0000] {dag.py:3089} INFO - Sync 1 DAGs
[2026-02-14T16:01:55.584+0000] {logging_mixin.py:188} INFO - [2026-02-14T16:01:55.584+0000] {dag.py:3947} INFO - Setting next_dagrun for example_display_name to None, run_after=None
[2026-02-14T16:01:55.592+0000] {processor.py:183} INFO - Processing /home/airflow/.local/lib/python3.12/site-packages/airflow/example_dags/example_display_name.py took 0.029 seconds
[2026-02-14T16:02:26.012+0000] {processor.py:161} INFO - Started process (PID=1897) to work on /home/airflow/.local/lib/python3.12/site-packages/airflow/example_dags/example_display_name.py
[2026-02-14T16:02:26.013+0000] {processor.py:830} INFO - Processing file /home/airflow/.local/lib/python3.12/site-packages/airflow/example_dags/example_display_name.py for tasks to queue
[2026-02-14T16:02:26.014+0000] {logging_mixin.py:188} INFO - [2026-02-14T16:02:26.014+0000] {dagbag.py:545} INFO - Filling up the DagBag from /home/airflow/.local/lib/python3.12/site-packages/airflow/example_dags/example_display_name.py
[2026-02-14T16:02:26.018+0000] {processor.py:840} INFO - DAG(s) 'example_display_name' retrieved from /home/airflow/.local/lib/python3.12/site-packages/airflow/example_dags/example_display_name.py
[2026-02-14T16:02:26.030+0000] {logging_mixin.py:188} INFO - [2026-02-14T16:02:26.030+0000] {dag.py:3089} INFO - Sync 1 DAGs
[2026-02-14T16:02:26.036+0000] {logging_mixin.py:188} INFO - [2026-02-14T16:02:26.036+0000] {dag.py:3947} INFO - Setting next_dagrun for example_display_name to None, run_after=None
[2026-02-14T16:02:26.043+0000] {processor.py:183} INFO - Processing /home/airflow/.local/lib/python3.12/site-packages/airflow/example_dags/example_display_name.py took 0.033 seconds
[2026-02-14T16:02:56.505+0000] {processor.py:161} INFO - Started process (PID=1956) to work on /home/airflow/.local/lib/python3.12/site-packages/airflow/example_dags/example_display_name.py
[2026-02-14T16:02:56.506+0000] {processor.py:830} INFO - Processing file /home/airflow/.local/lib/python3.12/site-packages/airflow/example_dags/example_display_name.py for tasks to queue
[2026-02-14T16:02:56.508+0000] {logging_mixin.py:188} INFO - [2026-02-14T16:02:56.507+0000] {dagbag.py:545} INFO - Filling up the DagBag from /home/airflow/.local/lib/python3.12/site-packages/airflow/example_dags/example_display_name.py
[2026-02-14T16:02:56.511+0000] {processor.py:840} INFO - DAG(s) 'example_display_name' retrieved from /home/airflow/.local/lib/python3.12/site-packages/airflow/example_dags/example_display_name.py
[2026-02-14T16:02:56.523+0000] {logging_mixin.py:188} INFO - [2026-02-14T16:02:56.523+0000] {dag.py:3089} INFO - Sync 1 DAGs
[2026-02-14T16:02:56.532+0000] {logging_mixin.py:188} INFO - [2026-02-14T16:02:56.532+0000] {dag.py:3947} INFO - Setting next_dagrun for example_display_name to None, run_after=None
[2026-02-14T16:02:56.548+0000] {processor.py:183} INFO - Processing /home/airflow/.local/lib/python3.12/site-packages/airflow/example_dags/example_display_name.py took 0.051 seconds
[2026-02-14T16:03:27.063+0000] {processor.py:161} INFO - Started process (PID=2015) to work on /home/airflow/.local/lib/python3.12/site-packages/airflow/example_dags/example_display_name.py
[2026-02-14T16:03:27.064+0000] {processor.py:830} INFO - Processing file /home/airflow/.local/lib/python3.12/site-packages/airflow/example_dags/example_display_name.py for tasks to queue
[2026-02-14T16:03:27.065+0000] {logging_mixin.py:188} INFO - [2026-02-14T16:03:27.065+0000] {dagbag.py:545} INFO - Filling up the DagBag from /home/airflow/.local/lib/python3.12/site-packages/airflow/example_dags/example_display_name.py
[2026-02-14T16:03:27.068+0000] {processor.py:840} INFO - DAG(s) 'example_display_name' retrieved from /home/airflow/.local/lib/python3.12/site-packages/airflow/example_dags/example_display_name.py
[2026-02-14T16:03:27.080+0000] {logging_mixin.py:188} INFO - [2026-02-14T16:03:27.080+0000] {dag.py:3089} INFO - Sync 1 DAGs
[2026-02-14T16:03:27.088+0000] {logging_mixin.py:188} INFO - [2026-02-14T16:03:27.088+0000] {dag.py:3947} INFO - Setting next_dagrun for example_display_name to None, run_after=None
[2026-02-14T16:03:27.095+0000] {processor.py:183} INFO - Processing /home/airflow/.local/lib/python3.12/site-packages/airflow/example_dags/example_display_name.py took 0.035 seconds
[2026-02-14T16:03:57.666+0000] {processor.py:161} INFO - Started process (PID=2074) to work on /home/airflow/.local/lib/python3.12/site-packages/airflow/example_dags/example_display_name.py
[2026-02-14T16:03:57.667+0000] {processor.py:830} INFO - Processing file /home/airflow/.local/lib/python3.12/site-packages/airflow/example_dags/example_display_name.py for tasks to queue
[2026-02-14T16:03:57.668+0000] {logging_mixin.py:188} INFO - [2026-02-14T16:03:57.668+0000] {dagbag.py:545} INFO - Filling up the DagBag from /home/airflow/.local/lib/python3.12/site-packages/airflow/example_dags/example_display_name.py
[2026-02-14T16:03:57.675+0000] {processor.py:840} INFO - DAG(s) 'example_display_name' retrieved from /home/airflow/.local/lib/python3.12/site-packages/airflow/example_dags/example_display_name.py
[2026-02-14T16:03:57.693+0000] {logging_mixin.py:188} INFO - [2026-02-14T16:03:57.693+0000] {dag.py:3089} INFO - Sync 1 DAGs
[2026-02-14T16:03:57.704+0000] {logging_mixin.py:188} INFO - [2026-02-14T16:03:57.703+0000] {dag.py:3947} INFO - Setting next_dagrun for example_display_name to None, run_after=None
[2026-02-14T16:03:57.722+0000] {processor.py:183} INFO - Processing /home/airflow/.local/lib/python3.12/site-packages/airflow/example_dags/example_display_name.py took 0.060 seconds
[2026-02-14T16:04:28.308+0000] {processor.py:161} INFO - Started process (PID=2133) to work on /home/airflow/.local/lib/python3.12/site-packages/airflow/example_dags/example_display_name.py
[2026-02-14T16:04:28.309+0000] {processor.py:830} INFO - Processing file /home/airflow/.local/lib/python3.12/site-packages/airflow/example_dags/example_display_name.py for tasks to queue
[2026-02-14T16:04:28.309+0000] {logging_mixin.py:188} INFO - [2026-02-14T16:04:28.309+0000] {dagbag.py:545} INFO - Filling up the DagBag from /home/airflow/.local/lib/python3.12/site-packages/airflow/example_dags/example_display_name.py
[2026-02-14T16:04:28.312+0000] {processor.py:840} INFO - DAG(s) 'example_display_name' retrieved from /home/airflow/.local/lib/python3.12/site-packages/airflow/example_dags/example_display_name.py
[2026-02-14T16:04:28.322+0000] {logging_mixin.py:188} INFO - [2026-02-14T16:04:28.322+0000] {dag.py:3089} INFO - Sync 1 DAGs
[2026-02-14T16:04:28.333+0000] {logging_mixin.py:188} INFO - [2026-02-14T16:04:28.333+0000] {dag.py:3947} INFO - Setting next_dagrun for example_display_name to None, run_after=None
[2026-02-14T16:04:28.342+0000] {processor.py:183} INFO - Processing /home/airflow/.local/lib/python3.12/site-packages/airflow/example_dags/example_display_name.py took 0.037 seconds
[2026-02-14T16:04:58.749+0000] {processor.py:161} INFO - Started process (PID=2192) to work on /home/airflow/.local/lib/python3.12/site-packages/airflow/example_dags/example_display_name.py
[2026-02-14T16:04:58.750+0000] {processor.py:830} INFO - Processing file /home/airflow/.local/lib/python3.12/site-packages/airflow/example_dags/example_display_name.py for tasks to queue
[2026-02-14T16:04:58.751+0000] {logging_mixin.py:188} INFO - [2026-02-14T16:04:58.751+0000] {dagbag.py:545} INFO - Filling up the DagBag from /home/airflow/.local/lib/python3.12/site-packages/airflow/example_dags/example_display_name.py
[2026-02-14T16:04:58.754+0000] {processor.py:840} INFO - DAG(s) 'example_display_name' retrieved from /home/airflow/.local/lib/python3.12/site-packages/airflow/example_dags/example_display_name.py
[2026-02-14T16:04:58.763+0000] {logging_mixin.py:188} INFO - [2026-02-14T16:04:58.762+0000] {dag.py:3089} INFO - Sync 1 DAGs
[2026-02-14T16:04:58.767+0000] {logging_mixin.py:188} INFO - [2026-02-14T16:04:58.767+0000] {dag.py:3947} INFO - Setting next_dagrun for example_display_name to None, run_after=None
[2026-02-14T16:04:58.773+0000] {processor.py:183} INFO - Processing /home/airflow/.local/lib/python3.12/site-packages/airflow/example_dags/example_display_name.py took 0.027 seconds
[2026-02-14T16:05:29.285+0000] {processor.py:161} INFO - Started process (PID=2251) to work on /home/airflow/.local/lib/python3.12/site-packages/airflow/example_dags/example_display_name.py
[2026-02-14T16:05:29.287+0000] {processor.py:830} INFO - Processing file /home/airflow/.local/lib/python3.12/site-packages/airflow/example_dags/example_display_name.py for tasks to queue
[2026-02-14T16:05:29.289+0000] {logging_mixin.py:188} INFO - [2026-02-14T16:05:29.288+0000] {dagbag.py:545} INFO - Filling up the DagBag from /home/airflow/.local/lib/python3.12/site-packages/airflow/example_dags/example_display_name.py
[2026-02-14T16:05:29.291+0000] {processor.py:840} INFO - DAG(s) 'example_display_name' retrieved from /home/airflow/.local/lib/python3.12/site-packages/airflow/example_dags/example_display_name.py
[2026-02-14T16:05:29.302+0000] {logging_mixin.py:188} INFO - [2026-02-14T16:05:29.302+0000] {dag.py:3089} INFO - Sync 1 DAGs
[2026-02-14T16:05:29.306+0000] {logging_mixin.py:188} INFO - [2026-02-14T16:05:29.306+0000] {dag.py:3947} INFO - Setting next_dagrun for example_display_name to None, run_after=None
[2026-02-14T16:05:29.315+0000] {processor.py:183} INFO - Processing /home/airflow/.local/lib/python3.12/site-packages/airflow/example_dags/example_display_name.py took 0.033 seconds
[2026-02-14T16:05:59.760+0000] {processor.py:161} INFO - Started process (PID=2310) to work on /home/airflow/.local/lib/python3.12/site-packages/airflow/example_dags/example_display_name.py
[2026-02-14T16:05:59.760+0000] {processor.py:830} INFO - Processing file /home/airflow/.local/lib/python3.12/site-packages/airflow/example_dags/example_display_name.py for tasks to queue
[2026-02-14T16:05:59.761+0000] {logging_mixin.py:188} INFO - [2026-02-14T16:05:59.761+0000] {dagbag.py:545} INFO - Filling up the DagBag from /home/airflow/.local/lib/python3.12/site-packages/airflow/example_dags/example_display_name.py
[2026-02-14T16:05:59.764+0000] {processor.py:840} INFO - DAG(s) 'example_display_name' retrieved from /home/airflow/.local/lib/python3.12/site-packages/airflow/example_dags/example_display_name.py
[2026-02-14T16:05:59.773+0000] {logging_mixin.py:188} INFO - [2026-02-14T16:05:59.772+0000] {dag.py:3089} INFO - Sync 1 DAGs
[2026-02-14T16:05:59.777+0000] {logging_mixin.py:188} INFO - [2026-02-14T16:05:59.777+0000] {dag.py:3947} INFO - Setting next_dagrun for example_display_name to None, run_after=None
[2026-02-14T16:05:59.785+0000] {processor.py:183} INFO - Processing /home/airflow/.local/lib/python3.12/site-packages/airflow/example_dags/example_display_name.py took 0.027 seconds
[2026-02-14T16:06:30.227+0000] {processor.py:161} INFO - Started process (PID=2369) to work on /home/airflow/.local/lib/python3.12/site-packages/airflow/example_dags/example_display_name.py
[2026-02-14T16:06:30.229+0000] {processor.py:830} INFO - Processing file /home/airflow/.local/lib/python3.12/site-packages/airflow/example_dags/example_display_name.py for tasks to queue
[2026-02-14T16:06:30.231+0000] {logging_mixin.py:188} INFO - [2026-02-14T16:06:30.231+0000] {dagbag.py:545} INFO - Filling up the DagBag from /home/airflow/.local/lib/python3.12/site-packages/airflow/example_dags/example_display_name.py
[2026-02-14T16:06:30.234+0000] {processor.py:840} INFO - DAG(s) 'example_display_name' retrieved from /home/airflow/.local/lib/python3.12/site-packages/airflow/example_dags/example_display_name.py
[2026-02-14T16:06:30.244+0000] {logging_mixin.py:188} INFO - [2026-02-14T16:06:30.244+0000] {dag.py:3089} INFO - Sync 1 DAGs
[2026-02-14T16:06:30.250+0000] {logging_mixin.py:188} INFO - [2026-02-14T16:06:30.250+0000] {dag.py:3947} INFO - Setting next_dagrun for example_display_name to None, run_after=None
[2026-02-14T16:06:30.259+0000] {processor.py:183} INFO - Processing /home/airflow/.local/lib/python3.12/site-packages/airflow/example_dags/example_display_name.py took 0.035 seconds
[2026-02-14T16:07:01.148+0000] {processor.py:161} INFO - Started process (PID=2428) to work on /home/airflow/.local/lib/python3.12/site-packages/airflow/example_dags/example_display_name.py
[2026-02-14T16:07:01.149+0000] {processor.py:830} INFO - Processing file /home/airflow/.local/lib/python3.12/site-packages/airflow/example_dags/example_display_name.py for tasks to queue
[2026-02-14T16:07:01.150+0000] {logging_mixin.py:188} INFO - [2026-02-14T16:07:01.150+0000] {dagbag.py:545} INFO - Filling up the DagBag from /home/airflow/.local/lib/python3.12/site-packages/airflow/example_dags/example_display_name.py
[2026-02-14T16:07:01.154+0000] {processor.py:840} INFO - DAG(s) 'example_display_name' retrieved from /home/airflow/.local/lib/python3.12/site-packages/airflow/example_dags/example_display_name.py
[2026-02-14T16:07:01.162+0000] {logging_mixin.py:188} INFO - [2026-02-14T16:07:01.162+0000] {dag.py:3089} INFO - Sync 1 DAGs
[2026-02-14T16:07:01.167+0000] {logging_mixin.py:188} INFO - [2026-02-14T16:07:01.167+0000] {dag.py:3947} INFO - Setting next_dagrun for example_display_name to None, run_after=None
[2026-02-14T16:07:01.173+0000] {processor.py:183} INFO - Processing /home/airflow/.local/lib/python3.12/site-packages/airflow/example_dags/example_display_name.py took 0.028 seconds
[2026-02-14T16:07:31.767+0000] {processor.py:161} INFO - Started process (PID=2487) to work on /home/airflow/.local/lib/python3.12/site-packages/airflow/example_dags/example_display_name.py
[2026-02-14T16:07:31.768+0000] {processor.py:830} INFO - Processing file /home/airflow/.local/lib/python3.12/site-packages/airflow/example_dags/example_display_name.py for tasks to queue
[2026-02-14T16:07:31.768+0000] {logging_mixin.py:188} INFO - [2026-02-14T16:07:31.768+0000] {dagbag.py:545} INFO - Filling up the DagBag from /home/airflow/.local/lib/python3.12/site-packages/airflow/example_dags/example_display_name.py
[2026-02-14T16:07:31.772+0000] {processor.py:840} INFO - DAG(s) 'example_display_name' retrieved from /home/airflow/.local/lib/python3.12/site-packages/airflow/example_dags/example_display_name.py
[2026-02-14T16:07:31.781+0000] {logging_mixin.py:188} INFO - [2026-02-14T16:07:31.781+0000] {dag.py:3089} INFO - Sync 1 DAGs
[2026-02-14T16:07:31.786+0000] {logging_mixin.py:188} INFO - [2026-02-14T16:07:31.786+0000] {dag.py:3947} INFO - Setting next_dagrun for example_display_name to None, run_after=None
[2026-02-14T16:07:31.793+0000] {processor.py:183} INFO - Processing /home/airflow/.local/lib/python3.12/site-packages/airflow/example_dags/example_display_name.py took 0.029 seconds
[2026-02-14T16:08:02.525+0000] {processor.py:161} INFO - Started process (PID=2546) to work on /home/airflow/.local/lib/python3.12/site-packages/airflow/example_dags/example_display_name.py
[2026-02-14T16:08:02.526+0000] {processor.py:830} INFO - Processing file /home/airflow/.local/lib/python3.12/site-packages/airflow/example_dags/example_display_name.py for tasks to queue
[2026-02-14T16:08:02.527+0000] {logging_mixin.py:188} INFO - [2026-02-14T16:08:02.527+0000] {dagbag.py:545} INFO - Filling up the DagBag from /home/airflow/.local/lib/python3.12/site-packages/airflow/example_dags/example_display_name.py
[2026-02-14T16:08:02.530+0000] {processor.py:840} INFO - DAG(s) 'example_display_name' retrieved from /home/airflow/.local/lib/python3.12/site-packages/airflow/example_dags/example_display_name.py
[2026-02-14T16:08:02.539+0000] {logging_mixin.py:188} INFO - [2026-02-14T16:08:02.539+0000] {dag.py:3089} INFO - Sync 1 DAGs
[2026-02-14T16:08:02.547+0000] {logging_mixin.py:188} INFO - [2026-02-14T16:08:02.547+0000] {dag.py:3947} INFO - Setting next_dagrun for example_display_name to None, run_after=None
[2026-02-14T16:08:02.554+0000] {processor.py:183} INFO - Processing /home/airflow/.local/lib/python3.12/site-packages/airflow/example_dags/example_display_name.py took 0.031 seconds
[2026-02-14T16:08:32.987+0000] {processor.py:161} INFO - Started process (PID=2605) to work on /home/airflow/.local/lib/python3.12/site-packages/airflow/example_dags/example_display_name.py
[2026-02-14T16:08:32.987+0000] {processor.py:830} INFO - Processing file /home/airflow/.local/lib/python3.12/site-packages/airflow/example_dags/example_display_name.py for tasks to queue
[2026-02-14T16:08:32.988+0000] {logging_mixin.py:188} INFO - [2026-02-14T16:08:32.988+0000] {dagbag.py:545} INFO - Filling up the DagBag from /home/airflow/.local/lib/python3.12/site-packages/airflow/example_dags/example_display_name.py
[2026-02-14T16:08:32.992+0000] {processor.py:840} INFO - DAG(s) 'example_display_name' retrieved from /home/airflow/.local/lib/python3.12/site-packages/airflow/example_dags/example_display_name.py
[2026-02-14T16:08:33.000+0000] {logging_mixin.py:188} INFO - [2026-02-14T16:08:33.000+0000] {dag.py:3089} INFO - Sync 1 DAGs
[2026-02-14T16:08:33.005+0000] {logging_mixin.py:188} INFO - [2026-02-14T16:08:33.005+0000] {dag.py:3947} INFO - Setting next_dagrun for example_display_name to None, run_after=None
[2026-02-14T16:08:33.011+0000] {processor.py:183} INFO - Processing /home/airflow/.local/lib/python3.12/site-packages/airflow/example_dags/example_display_name.py took 0.026 seconds
[2026-02-14T16:09:03.437+0000] {processor.py:161} INFO - Started process (PID=2664) to work on /home/airflow/.local/lib/python3.12/site-packages/airflow/example_dags/example_display_name.py
[2026-02-14T16:09:03.437+0000] {processor.py:830} INFO - Processing file /home/airflow/.local/lib/python3.12/site-packages/airflow/example_dags/example_display_name.py for tasks to queue
[2026-02-14T16:09:03.438+0000] {logging_mixin.py:188} INFO - [2026-02-14T16:09:03.438+0000] {dagbag.py:545} INFO - Filling up the DagBag from /home/airflow/.local/lib/python3.12/site-packages/airflow/example_dags/example_display_name.py
[2026-02-14T16:09:03.441+0000] {processor.py:840} INFO - DAG(s) 'example_display_name' retrieved from /home/airflow/.local/lib/python3.12/site-packages/airflow/example_dags/example_display_name.py
[2026-02-14T16:09:03.452+0000] {logging_mixin.py:188} INFO - [2026-02-14T16:09:03.452+0000] {dag.py:3089} INFO - Sync 1 DAGs
[2026-02-14T16:09:03.457+0000] {logging_mixin.py:188} INFO - [2026-02-14T16:09:03.457+0000] {dag.py:3947} INFO - Setting next_dagrun for example_display_name to None, run_after=None
[2026-02-14T16:09:03.466+0000] {processor.py:183} INFO - Processing /home/airflow/.local/lib/python3.12/site-packages/airflow/example_dags/example_display_name.py took 0.032 seconds
[2026-02-14T16:09:33.866+0000] {processor.py:161} INFO - Started process (PID=2723) to work on /home/airflow/.local/lib/python3.12/site-packages/airflow/example_dags/example_display_name.py
[2026-02-14T16:09:33.867+0000] {processor.py:830} INFO - Processing file /home/airflow/.local/lib/python3.12/site-packages/airflow/example_dags/example_display_name.py for tasks to queue
[2026-02-14T16:09:33.868+0000] {logging_mixin.py:188} INFO - [2026-02-14T16:09:33.868+0000] {dagbag.py:545} INFO - Filling up the DagBag from /home/airflow/.local/lib/python3.12/site-packages/airflow/example_dags/example_display_name.py
[2026-02-14T16:09:33.870+0000] {processor.py:840} INFO - DAG(s) 'example_display_name' retrieved from /home/airflow/.local/lib/python3.12/site-packages/airflow/example_dags/example_display_name.py
[2026-02-14T16:09:33.879+0000] {logging_mixin.py:188} INFO - [2026-02-14T16:09:33.878+0000] {dag.py:3089} INFO - Sync 1 DAGs
[2026-02-14T16:09:33.883+0000] {logging_mixin.py:188} INFO - [2026-02-14T16:09:33.883+0000] {dag.py:3947} INFO - Setting next_dagrun for example_display_name to None, run_after=None
[2026-02-14T16:09:33.891+0000] {processor.py:183} INFO - Processing /home/airflow/.local/lib/python3.12/site-packages/airflow/example_dags/example_display_name.py took 0.027 seconds
[2026-02-14T16:10:04.134+0000] {processor.py:161} INFO - Started process (PID=2782) to work on /home/airflow/.local/lib/python3.12/site-packages/airflow/example_dags/example_display_name.py
[2026-02-14T16:10:04.135+0000] {processor.py:830} INFO - Processing file /home/airflow/.local/lib/python3.12/site-packages/airflow/example_dags/example_display_name.py for tasks to queue
[2026-02-14T16:10:04.136+0000] {logging_mixin.py:188} INFO - [2026-02-14T16:10:04.136+0000] {dagbag.py:545} INFO - Filling up the DagBag from /home/airflow/.local/lib/python3.12/site-packages/airflow/example_dags/example_display_name.py
[2026-02-14T16:10:04.139+0000] {processor.py:840} INFO - DAG(s) 'example_display_name' retrieved from /home/airflow/.local/lib/python3.12/site-packages/airflow/example_dags/example_display_name.py
[2026-02-14T16:10:04.146+0000] {logging_mixin.py:188} INFO - [2026-02-14T16:10:04.146+0000] {dag.py:3089} INFO - Sync 1 DAGs
[2026-02-14T16:10:04.150+0000] {logging_mixin.py:188} INFO - [2026-02-14T16:10:04.150+0000] {dag.py:3947} INFO - Setting next_dagrun for example_display_name to None, run_after=None
[2026-02-14T16:10:04.155+0000] {processor.py:183} INFO - Processing /home/airflow/.local/lib/python3.12/site-packages/airflow/example_dags/example_display_name.py took 0.024 seconds
[2026-02-14T16:10:34.754+0000] {processor.py:161} INFO - Started process (PID=2840) to work on /home/airflow/.local/lib/python3.12/site-packages/airflow/example_dags/example_display_name.py
[2026-02-14T16:10:34.755+0000] {processor.py:830} INFO - Processing file /home/airflow/.local/lib/python3.12/site-packages/airflow/example_dags/example_display_name.py for tasks to queue
[2026-02-14T16:10:34.758+0000] {logging_mixin.py:188} INFO - [2026-02-14T16:10:34.758+0000] {dagbag.py:545} INFO - Filling up the DagBag from /home/airflow/.local/lib/python3.12/site-packages/airflow/example_dags/example_display_name.py
[2026-02-14T16:10:34.763+0000] {processor.py:840} INFO - DAG(s) 'example_display_name' retrieved from /home/airflow/.local/lib/python3.12/site-packages/airflow/example_dags/example_display_name.py
[2026-02-14T16:10:34.775+0000] {logging_mixin.py:188} INFO - [2026-02-14T16:10:34.775+0000] {dag.py:3089} INFO - Sync 1 DAGs
[2026-02-14T16:10:34.780+0000] {logging_mixin.py:188} INFO - [2026-02-14T16:10:34.780+0000] {dag.py:3947} INFO - Setting next_dagrun for example_display_name to None, run_after=None
[2026-02-14T16:10:34.788+0000] {processor.py:183} INFO - Processing /home/airflow/.local/lib/python3.12/site-packages/airflow/example_dags/example_display_name.py took 0.038 seconds
[2026-02-14T16:11:05.756+0000] {processor.py:161} INFO - Started process (PID=2899) to work on /home/airflow/.local/lib/python3.12/site-packages/airflow/example_dags/example_display_name.py
[2026-02-14T16:11:05.759+0000] {processor.py:830} INFO - Processing file /home/airflow/.local/lib/python3.12/site-packages/airflow/example_dags/example_display_name.py for tasks to queue
[2026-02-14T16:11:05.761+0000] {logging_mixin.py:188} INFO - [2026-02-14T16:11:05.761+0000] {dagbag.py:545} INFO - Filling up the DagBag from /home/airflow/.local/lib/python3.12/site-packages/airflow/example_dags/example_display_name.py
[2026-02-14T16:11:05.765+0000] {processor.py:840} INFO - DAG(s) 'example_display_name' retrieved from /home/airflow/.local/lib/python3.12/site-packages/airflow/example_dags/example_display_name.py
[2026-02-14T16:11:05.785+0000] {logging_mixin.py:188} INFO - [2026-02-14T16:11:05.785+0000] {dag.py:3089} INFO - Sync 1 DAGs
[2026-02-14T16:11:05.797+0000] {logging_mixin.py:188} INFO - [2026-02-14T16:11:05.797+0000] {dag.py:3947} INFO - Setting next_dagrun for example_display_name to None, run_after=None
[2026-02-14T16:11:05.812+0000] {processor.py:183} INFO - Processing /home/airflow/.local/lib/python3.12/site-packages/airflow/example_dags/example_display_name.py took 0.061 seconds
[2026-02-14T16:11:35.889+0000] {processor.py:161} INFO - Started process (PID=2958) to work on /home/airflow/.local/lib/python3.12/site-packages/airflow/example_dags/example_display_name.py
[2026-02-14T16:11:35.890+0000] {processor.py:830} INFO - Processing file /home/airflow/.local/lib/python3.12/site-packages/airflow/example_dags/example_display_name.py for tasks to queue
[2026-02-14T16:11:35.891+0000] {logging_mixin.py:188} INFO - [2026-02-14T16:11:35.891+0000] {dagbag.py:545} INFO - Filling up the DagBag from /home/airflow/.local/lib/python3.12/site-packages/airflow/example_dags/example_display_name.py
[2026-02-14T16:11:35.895+0000] {processor.py:840} INFO - DAG(s) 'example_display_name' retrieved from /home/airflow/.local/lib/python3.12/site-packages/airflow/example_dags/example_display_name.py
[2026-02-14T16:11:35.907+0000] {logging_mixin.py:188} INFO - [2026-02-14T16:11:35.906+0000] {dag.py:3089} INFO - Sync 1 DAGs
[2026-02-14T16:11:35.912+0000] {logging_mixin.py:188} INFO - [2026-02-14T16:11:35.912+0000] {dag.py:3947} INFO - Setting next_dagrun for example_display_name to None, run_after=None
[2026-02-14T16:11:35.924+0000] {processor.py:183} INFO - Processing /home/airflow/.local/lib/python3.12/site-packages/airflow/example_dags/example_display_name.py took 0.039 seconds
[2026-02-14T16:12:05.948+0000] {processor.py:161} INFO - Started process (PID=3017) to work on /home/airflow/.local/lib/python3.12/site-packages/airflow/example_dags/example_display_name.py
[2026-02-14T16:12:05.948+0000] {processor.py:830} INFO - Processing file /home/airflow/.local/lib/python3.12/site-packages/airflow/example_dags/example_display_name.py for tasks to queue
[2026-02-14T16:12:05.949+0000] {logging_mixin.py:188} INFO - [2026-02-14T16:12:05.949+0000] {dagbag.py:545} INFO - Filling up the DagBag from /home/airflow/.local/lib/python3.12/site-packages/airflow/example_dags/example_display_name.py
[2026-02-14T16:12:05.951+0000] {processor.py:840} INFO - DAG(s) 'example_display_name' retrieved from /home/airflow/.local/lib/python3.12/site-packages/airflow/example_dags/example_display_name.py
[2026-02-14T16:12:05.957+0000] {logging_mixin.py:188} INFO - [2026-02-14T16:12:05.957+0000] {dag.py:3089} INFO - Sync 1 DAGs
[2026-02-14T16:12:05.961+0000] {logging_mixin.py:188} INFO - [2026-02-14T16:12:05.961+0000] {dag.py:3947} INFO - Setting next_dagrun for example_display_name to None, run_after=None
[2026-02-14T16:12:05.967+0000] {processor.py:183} INFO - Processing /home/airflow/.local/lib/python3.12/site-packages/airflow/example_dags/example_display_name.py took 0.021 seconds
[2026-02-14T16:12:36.526+0000] {processor.py:161} INFO - Started process (PID=3076) to work on /home/airflow/.local/lib/python3.12/site-packages/airflow/example_dags/example_display_name.py
[2026-02-14T16:12:36.526+0000] {processor.py:830} INFO - Processing file /home/airflow/.local/lib/python3.12/site-packages/airflow/example_dags/example_display_name.py for tasks to queue
[2026-02-14T16:12:36.527+0000] {logging_mixin.py:188} INFO - [2026-02-14T16:12:36.527+0000] {dagbag.py:545} INFO - Filling up the DagBag from /home/airflow/.local/lib/python3.12/site-packages/airflow/example_dags/example_display_name.py
[2026-02-14T16:12:36.530+0000] {processor.py:840} INFO - DAG(s) 'example_display_name' retrieved from /home/airflow/.local/lib/python3.12/site-packages/airflow/example_dags/example_display_name.py
[2026-02-14T16:12:36.540+0000] {logging_mixin.py:188} INFO - [2026-02-14T16:12:36.540+0000] {dag.py:3089} INFO - Sync 1 DAGs
[2026-02-14T16:12:36.546+0000] {logging_mixin.py:188} INFO - [2026-02-14T16:12:36.546+0000] {dag.py:3947} INFO - Setting next_dagrun for example_display_name to None, run_after=None
[2026-02-14T16:12:36.598+0000] {processor.py:183} INFO - Processing /home/airflow/.local/lib/python3.12/site-packages/airflow/example_dags/example_display_name.py took 0.074 seconds
[2026-02-14T16:13:06.805+0000] {processor.py:161} INFO - Started process (PID=3135) to work on /home/airflow/.local/lib/python3.12/site-packages/airflow/example_dags/example_display_name.py
[2026-02-14T16:13:06.806+0000] {processor.py:830} INFO - Processing file /home/airflow/.local/lib/python3.12/site-packages/airflow/example_dags/example_display_name.py for tasks to queue
[2026-02-14T16:13:06.806+0000] {logging_mixin.py:188} INFO - [2026-02-14T16:13:06.806+0000] {dagbag.py:545} INFO - Filling up the DagBag from /home/airflow/.local/lib/python3.12/site-packages/airflow/example_dags/example_display_name.py
[2026-02-14T16:13:06.810+0000] {processor.py:840} INFO - DAG(s) 'example_display_name' retrieved from /home/airflow/.local/lib/python3.12/site-packages/airflow/example_dags/example_display_name.py
[2026-02-14T16:13:06.818+0000] {logging_mixin.py:188} INFO - [2026-02-14T16:13:06.818+0000] {dag.py:3089} INFO - Sync 1 DAGs
[2026-02-14T16:13:06.823+0000] {logging_mixin.py:188} INFO - [2026-02-14T16:13:06.823+0000] {dag.py:3947} INFO - Setting next_dagrun for example_display_name to None, run_after=None
[2026-02-14T16:13:06.828+0000] {processor.py:183} INFO - Processing /home/airflow/.local/lib/python3.12/site-packages/airflow/example_dags/example_display_name.py took 0.025 seconds
[2026-02-14T16:13:37.074+0000] {processor.py:161} INFO - Started process (PID=3194) to work on /home/airflow/.local/lib/python3.12/site-packages/airflow/example_dags/example_display_name.py
[2026-02-14T16:13:37.074+0000] {processor.py:830} INFO - Processing file /home/airflow/.local/lib/python3.12/site-packages/airflow/example_dags/example_display_name.py for tasks to queue
[2026-02-14T16:13:37.075+0000] {logging_mixin.py:188} INFO - [2026-02-14T16:13:37.075+0000] {dagbag.py:545} INFO - Filling up the DagBag from /home/airflow/.local/lib/python3.12/site-packages/airflow/example_dags/example_display_name.py
[2026-02-14T16:13:37.077+0000] {processor.py:840} INFO - DAG(s) 'example_display_name' retrieved from /home/airflow/.local/lib/python3.12/site-packages/airflow/example_dags/example_display_name.py
[2026-02-14T16:13:37.084+0000] {logging_mixin.py:188} INFO - [2026-02-14T16:13:37.084+0000] {dag.py:3089} INFO - Sync 1 DAGs
[2026-02-14T16:13:37.089+0000] {logging_mixin.py:188} INFO - [2026-02-14T16:13:37.089+0000] {dag.py:3947} INFO - Setting next_dagrun for example_display_name to None, run_after=None
[2026-02-14T16:13:37.095+0000] {processor.py:183} INFO - Processing /home/airflow/.local/lib/python3.12/site-packages/airflow/example_dags/example_display_name.py took 0.023 seconds
[2026-02-14T16:14:07.864+0000] {processor.py:161} INFO - Started process (PID=3253) to work on /home/airflow/.local/lib/python3.12/site-packages/airflow/example_dags/example_display_name.py
[2026-02-14T16:14:07.865+0000] {processor.py:830} INFO - Processing file /home/airflow/.local/lib/python3.12/site-packages/airflow/example_dags/example_display_name.py for tasks to queue
[2026-02-14T16:14:07.866+0000] {logging_mixin.py:188} INFO - [2026-02-14T16:14:07.866+0000] {dagbag.py:545} INFO - Filling up the DagBag from /home/airflow/.local/lib/python3.12/site-packages/airflow/example_dags/example_display_name.py
[2026-02-14T16:14:07.869+0000] {processor.py:840} INFO - DAG(s) 'example_display_name' retrieved from /home/airflow/.local/lib/python3.12/site-packages/airflow/example_dags/example_display_name.py
[2026-02-14T16:14:07.883+0000] {logging_mixin.py:188} INFO - [2026-02-14T16:14:07.882+0000] {dag.py:3089} INFO - Sync 1 DAGs
[2026-02-14T16:14:07.890+0000] {logging_mixin.py:188} INFO - [2026-02-14T16:14:07.890+0000] {dag.py:3947} INFO - Setting next_dagrun for example_display_name to None, run_after=None
[2026-02-14T16:14:07.900+0000] {processor.py:183} INFO - Processing /home/airflow/.local/lib/python3.12/site-packages/airflow/example_dags/example_display_name.py took 0.039 seconds
[2026-02-14T16:14:38.063+0000] {processor.py:161} INFO - Started process (PID=3312) to work on /home/airflow/.local/lib/python3.12/site-packages/airflow/example_dags/example_display_name.py
[2026-02-14T16:14:38.063+0000] {processor.py:830} INFO - Processing file /home/airflow/.local/lib/python3.12/site-packages/airflow/example_dags/example_display_name.py for tasks to queue
[2026-02-14T16:14:38.064+0000] {logging_mixin.py:188} INFO - [2026-02-14T16:14:38.064+0000] {dagbag.py:545} INFO - Filling up the DagBag from /home/airflow/.local/lib/python3.12/site-packages/airflow/example_dags/example_display_name.py
[2026-02-14T16:14:38.068+0000] {processor.py:840} INFO - DAG(s) 'example_display_name' retrieved from /home/airflow/.local/lib/python3.12/site-packages/airflow/example_dags/example_display_name.py
[2026-02-14T16:14:38.079+0000] {logging_mixin.py:188} INFO - [2026-02-14T16:14:38.079+0000] {dag.py:3089} INFO - Sync 1 DAGs
[2026-02-14T16:14:38.085+0000] {logging_mixin.py:188} INFO - [2026-02-14T16:14:38.085+0000] {dag.py:3947} INFO - Setting next_dagrun for example_display_name to None, run_after=None
[2026-02-14T16:14:38.093+0000] {processor.py:183} INFO - Processing /home/airflow/.local/lib/python3.12/site-packages/airflow/example_dags/example_display_name.py took 0.034 seconds
[2026-02-14T16:15:09.060+0000] {processor.py:161} INFO - Started process (PID=3371) to work on /home/airflow/.local/lib/python3.12/site-packages/airflow/example_dags/example_display_name.py
[2026-02-14T16:15:09.061+0000] {processor.py:830} INFO - Processing file /home/airflow/.local/lib/python3.12/site-packages/airflow/example_dags/example_display_name.py for tasks to queue
[2026-02-14T16:15:09.062+0000] {logging_mixin.py:188} INFO - [2026-02-14T16:15:09.062+0000] {dagbag.py:545} INFO - Filling up the DagBag from /home/airflow/.local/lib/python3.12/site-packages/airflow/example_dags/example_display_name.py
[2026-02-14T16:15:09.065+0000] {processor.py:840} INFO - DAG(s) 'example_display_name' retrieved from /home/airflow/.local/lib/python3.12/site-packages/airflow/example_dags/example_display_name.py
[2026-02-14T16:15:09.077+0000] {logging_mixin.py:188} INFO - [2026-02-14T16:15:09.076+0000] {dag.py:3089} INFO - Sync 1 DAGs
[2026-02-14T16:15:09.082+0000] {logging_mixin.py:188} INFO - [2026-02-14T16:15:09.082+0000] {dag.py:3947} INFO - Setting next_dagrun for example_display_name to None, run_after=None
[2026-02-14T16:15:09.092+0000] {processor.py:183} INFO - Processing /home/airflow/.local/lib/python3.12/site-packages/airflow/example_dags/example_display_name.py took 0.036 seconds
[2026-02-14T16:15:39.681+0000] {processor.py:161} INFO - Started process (PID=3430) to work on /home/airflow/.local/lib/python3.12/site-packages/airflow/example_dags/example_display_name.py
[2026-02-14T16:15:39.682+0000] {processor.py:830} INFO - Processing file /home/airflow/.local/lib/python3.12/site-packages/airflow/example_dags/example_display_name.py for tasks to queue
[2026-02-14T16:15:39.683+0000] {logging_mixin.py:188} INFO - [2026-02-14T16:15:39.683+0000] {dagbag.py:545} INFO - Filling up the DagBag from /home/airflow/.local/lib/python3.12/site-packages/airflow/example_dags/example_display_name.py
[2026-02-14T16:15:39.690+0000] {processor.py:840} INFO - DAG(s) 'example_display_name' retrieved from /home/airflow/.local/lib/python3.12/site-packages/airflow/example_dags/example_display_name.py
[2026-02-14T16:15:39.701+0000] {logging_mixin.py:188} INFO - [2026-02-14T16:15:39.701+0000] {dag.py:3089} INFO - Sync 1 DAGs
[2026-02-14T16:15:39.707+0000] {logging_mixin.py:188} INFO - [2026-02-14T16:15:39.707+0000] {dag.py:3947} INFO - Setting next_dagrun for example_display_name to None, run_after=None
[2026-02-14T16:15:39.714+0000] {processor.py:183} INFO - Processing /home/airflow/.local/lib/python3.12/site-packages/airflow/example_dags/example_display_name.py took 0.036 seconds
[2026-02-14T16:16:09.793+0000] {processor.py:161} INFO - Started process (PID=3489) to work on /home/airflow/.local/lib/python3.12/site-packages/airflow/example_dags/example_display_name.py
[2026-02-14T16:16:09.795+0000] {processor.py:830} INFO - Processing file /home/airflow/.local/lib/python3.12/site-packages/airflow/example_dags/example_display_name.py for tasks to queue
[2026-02-14T16:16:09.796+0000] {logging_mixin.py:188} INFO - [2026-02-14T16:16:09.795+0000] {dagbag.py:545} INFO - Filling up the DagBag from /home/airflow/.local/lib/python3.12/site-packages/airflow/example_dags/example_display_name.py
[2026-02-14T16:16:09.801+0000] {processor.py:840} INFO - DAG(s) 'example_display_name' retrieved from /home/airflow/.local/lib/python3.12/site-packages/airflow/example_dags/example_display_name.py
[2026-02-14T16:16:09.816+0000] {logging_mixin.py:188} INFO - [2026-02-14T16:16:09.816+0000] {dag.py:3089} INFO - Sync 1 DAGs
[2026-02-14T16:16:09.827+0000] {logging_mixin.py:188} INFO - [2026-02-14T16:16:09.827+0000] {dag.py:3947} INFO - Setting next_dagrun for example_display_name to None, run_after=None
[2026-02-14T16:16:09.844+0000] {processor.py:183} INFO - Processing /home/airflow/.local/lib/python3.12/site-packages/airflow/example_dags/example_display_name.py took 0.054 seconds
[2026-02-14T16:16:40.367+0000] {processor.py:161} INFO - Started process (PID=3548) to work on /home/airflow/.local/lib/python3.12/site-packages/airflow/example_dags/example_display_name.py
[2026-02-14T16:16:40.368+0000] {processor.py:830} INFO - Processing file /home/airflow/.local/lib/python3.12/site-packages/airflow/example_dags/example_display_name.py for tasks to queue
[2026-02-14T16:16:40.368+0000] {logging_mixin.py:188} INFO - [2026-02-14T16:16:40.368+0000] {dagbag.py:545} INFO - Filling up the DagBag from /home/airflow/.local/lib/python3.12/site-packages/airflow/example_dags/example_display_name.py
[2026-02-14T16:16:40.372+0000] {processor.py:840} INFO - DAG(s) 'example_display_name' retrieved from /home/airflow/.local/lib/python3.12/site-packages/airflow/example_dags/example_display_name.py
[2026-02-14T16:16:40.381+0000] {logging_mixin.py:188} INFO - [2026-02-14T16:16:40.381+0000] {dag.py:3089} INFO - Sync 1 DAGs
[2026-02-14T16:16:40.386+0000] {logging_mixin.py:188} INFO - [2026-02-14T16:16:40.386+0000] {dag.py:3947} INFO - Setting next_dagrun for example_display_name to None, run_after=None
[2026-02-14T16:16:40.392+0000] {processor.py:183} INFO - Processing /home/airflow/.local/lib/python3.12/site-packages/airflow/example_dags/example_display_name.py took 0.027 seconds
[2026-02-14T16:17:10.902+0000] {processor.py:161} INFO - Started process (PID=3607) to work on /home/airflow/.local/lib/python3.12/site-packages/airflow/example_dags/example_display_name.py
[2026-02-14T16:17:10.902+0000] {processor.py:830} INFO - Processing file /home/airflow/.local/lib/python3.12/site-packages/airflow/example_dags/example_display_name.py for tasks to queue
[2026-02-14T16:17:10.903+0000] {logging_mixin.py:188} INFO - [2026-02-14T16:17:10.903+0000] {dagbag.py:545} INFO - Filling up the DagBag from /home/airflow/.local/lib/python3.12/site-packages/airflow/example_dags/example_display_name.py
[2026-02-14T16:17:10.906+0000] {processor.py:840} INFO - DAG(s) 'example_display_name' retrieved from /home/airflow/.local/lib/python3.12/site-packages/airflow/example_dags/example_display_name.py
[2026-02-14T16:17:10.915+0000] {logging_mixin.py:188} INFO - [2026-02-14T16:17:10.915+0000] {dag.py:3089} INFO - Sync 1 DAGs
[2026-02-14T16:17:10.919+0000] {logging_mixin.py:188} INFO - [2026-02-14T16:17:10.919+0000] {dag.py:3947} INFO - Setting next_dagrun for example_display_name to None, run_after=None
[2026-02-14T16:17:10.925+0000] {processor.py:183} INFO - Processing /home/airflow/.local/lib/python3.12/site-packages/airflow/example_dags/example_display_name.py took 0.026 seconds
[2026-02-14T16:17:41.593+0000] {processor.py:161} INFO - Started process (PID=3666) to work on /home/airflow/.local/lib/python3.12/site-packages/airflow/example_dags/example_display_name.py
[2026-02-14T16:17:41.594+0000] {processor.py:830} INFO - Processing file /home/airflow/.local/lib/python3.12/site-packages/airflow/example_dags/example_display_name.py for tasks to queue
[2026-02-14T16:17:41.595+0000] {logging_mixin.py:188} INFO - [2026-02-14T16:17:41.595+0000] {dagbag.py:545} INFO - Filling up the DagBag from /home/airflow/.local/lib/python3.12/site-packages/airflow/example_dags/example_display_name.py
[2026-02-14T16:17:41.598+0000] {processor.py:840} INFO - DAG(s) 'example_display_name' retrieved from /home/airflow/.local/lib/python3.12/site-packages/airflow/example_dags/example_display_name.py
[2026-02-14T16:17:41.608+0000] {logging_mixin.py:188} INFO - [2026-02-14T16:17:41.608+0000] {dag.py:3089} INFO - Sync 1 DAGs
[2026-02-14T16:17:41.612+0000] {logging_mixin.py:188} INFO - [2026-02-14T16:17:41.612+0000] {dag.py:3947} INFO - Setting next_dagrun for example_display_name to None, run_after=None
[2026-02-14T16:17:41.617+0000] {processor.py:183} INFO - Processing /home/airflow/.local/lib/python3.12/site-packages/airflow/example_dags/example_display_name.py took 0.027 seconds
[2026-02-14T16:18:12.153+0000] {processor.py:161} INFO - Started process (PID=3725) to work on /home/airflow/.local/lib/python3.12/site-packages/airflow/example_dags/example_display_name.py
[2026-02-14T16:18:12.153+0000] {processor.py:830} INFO - Processing file /home/airflow/.local/lib/python3.12/site-packages/airflow/example_dags/example_display_name.py for tasks to queue
[2026-02-14T16:18:12.154+0000] {logging_mixin.py:188} INFO - [2026-02-14T16:18:12.154+0000] {dagbag.py:545} INFO - Filling up the DagBag from /home/airflow/.local/lib/python3.12/site-packages/airflow/example_dags/example_display_name.py
[2026-02-14T16:18:12.157+0000] {processor.py:840} INFO - DAG(s) 'example_display_name' retrieved from /home/airflow/.local/lib/python3.12/site-packages/airflow/example_dags/example_display_name.py
[2026-02-14T16:18:12.167+0000] {logging_mixin.py:188} INFO - [2026-02-14T16:18:12.167+0000] {dag.py:3089} INFO - Sync 1 DAGs
[2026-02-14T16:18:12.172+0000] {logging_mixin.py:188} INFO - [2026-02-14T16:18:12.172+0000] {dag.py:3947} INFO - Setting next_dagrun for example_display_name to None, run_after=None
[2026-02-14T16:18:12.179+0000] {processor.py:183} INFO - Processing /home/airflow/.local/lib/python3.12/site-packages/airflow/example_dags/example_display_name.py took 0.029 seconds
[2026-02-14T16:18:42.913+0000] {processor.py:161} INFO - Started process (PID=3784) to work on /home/airflow/.local/lib/python3.12/site-packages/airflow/example_dags/example_display_name.py
[2026-02-14T16:18:42.916+0000] {processor.py:830} INFO - Processing file /home/airflow/.local/lib/python3.12/site-packages/airflow/example_dags/example_display_name.py for tasks to queue
[2026-02-14T16:18:42.918+0000] {logging_mixin.py:188} INFO - [2026-02-14T16:18:42.918+0000] {dagbag.py:545} INFO - Filling up the DagBag from /home/airflow/.local/lib/python3.12/site-packages/airflow/example_dags/example_display_name.py
[2026-02-14T16:18:42.925+0000] {processor.py:840} INFO - DAG(s) 'example_display_name' retrieved from /home/airflow/.local/lib/python3.12/site-packages/airflow/example_dags/example_display_name.py
[2026-02-14T16:18:42.954+0000] {logging_mixin.py:188} INFO - [2026-02-14T16:18:42.953+0000] {dag.py:3089} INFO - Sync 1 DAGs
[2026-02-14T16:18:42.971+0000] {logging_mixin.py:188} INFO - [2026-02-14T16:18:42.971+0000] {dag.py:3947} INFO - Setting next_dagrun for example_display_name to None, run_after=None
[2026-02-14T16:18:42.987+0000] {processor.py:183} INFO - Processing /home/airflow/.local/lib/python3.12/site-packages/airflow/example_dags/example_display_name.py took 0.083 seconds
[2026-02-14T16:19:13.009+0000] {processor.py:161} INFO - Started process (PID=3849) to work on /home/airflow/.local/lib/python3.12/site-packages/airflow/example_dags/example_display_name.py
[2026-02-14T16:19:13.010+0000] {processor.py:830} INFO - Processing file /home/airflow/.local/lib/python3.12/site-packages/airflow/example_dags/example_display_name.py for tasks to queue
[2026-02-14T16:19:13.010+0000] {logging_mixin.py:188} INFO - [2026-02-14T16:19:13.010+0000] {dagbag.py:545} INFO - Filling up the DagBag from /home/airflow/.local/lib/python3.12/site-packages/airflow/example_dags/example_display_name.py
[2026-02-14T16:19:13.014+0000] {processor.py:840} INFO - DAG(s) 'example_display_name' retrieved from /home/airflow/.local/lib/python3.12/site-packages/airflow/example_dags/example_display_name.py
[2026-02-14T16:19:13.031+0000] {logging_mixin.py:188} INFO - [2026-02-14T16:19:13.031+0000] {dag.py:3089} INFO - Sync 1 DAGs
[2026-02-14T16:19:13.040+0000] {logging_mixin.py:188} INFO - [2026-02-14T16:19:13.040+0000] {dag.py:3947} INFO - Setting next_dagrun for example_display_name to None, run_after=None
[2026-02-14T16:19:13.054+0000] {processor.py:183} INFO - Processing /home/airflow/.local/lib/python3.12/site-packages/airflow/example_dags/example_display_name.py took 0.049 seconds
[2026-02-14T16:19:43.965+0000] {processor.py:161} INFO - Started process (PID=3908) to work on /home/airflow/.local/lib/python3.12/site-packages/airflow/example_dags/example_display_name.py
[2026-02-14T16:19:43.967+0000] {processor.py:830} INFO - Processing file /home/airflow/.local/lib/python3.12/site-packages/airflow/example_dags/example_display_name.py for tasks to queue
[2026-02-14T16:19:43.969+0000] {logging_mixin.py:188} INFO - [2026-02-14T16:19:43.969+0000] {dagbag.py:545} INFO - Filling up the DagBag from /home/airflow/.local/lib/python3.12/site-packages/airflow/example_dags/example_display_name.py
[2026-02-14T16:19:43.973+0000] {processor.py:840} INFO - DAG(s) 'example_display_name' retrieved from /home/airflow/.local/lib/python3.12/site-packages/airflow/example_dags/example_display_name.py
[2026-02-14T16:19:43.986+0000] {logging_mixin.py:188} INFO - [2026-02-14T16:19:43.986+0000] {dag.py:3089} INFO - Sync 1 DAGs
[2026-02-14T16:19:43.995+0000] {logging_mixin.py:188} INFO - [2026-02-14T16:19:43.994+0000] {dag.py:3947} INFO - Setting next_dagrun for example_display_name to None, run_after=None
[2026-02-14T16:19:44.003+0000] {processor.py:183} INFO - Processing /home/airflow/.local/lib/python3.12/site-packages/airflow/example_dags/example_display_name.py took 0.043 seconds
[2026-02-14T16:20:14.452+0000] {processor.py:161} INFO - Started process (PID=3967) to work on /home/airflow/.local/lib/python3.12/site-packages/airflow/example_dags/example_display_name.py
[2026-02-14T16:20:14.453+0000] {processor.py:830} INFO - Processing file /home/airflow/.local/lib/python3.12/site-packages/airflow/example_dags/example_display_name.py for tasks to queue
[2026-02-14T16:20:14.454+0000] {logging_mixin.py:188} INFO - [2026-02-14T16:20:14.454+0000] {dagbag.py:545} INFO - Filling up the DagBag from /home/airflow/.local/lib/python3.12/site-packages/airflow/example_dags/example_display_name.py
[2026-02-14T16:20:14.457+0000] {processor.py:840} INFO - DAG(s) 'example_display_name' retrieved from /home/airflow/.local/lib/python3.12/site-packages/airflow/example_dags/example_display_name.py
[2026-02-14T16:20:14.468+0000] {logging_mixin.py:188} INFO - [2026-02-14T16:20:14.468+0000] {dag.py:3089} INFO - Sync 1 DAGs
[2026-02-14T16:20:14.473+0000] {logging_mixin.py:188} INFO - [2026-02-14T16:20:14.473+0000] {dag.py:3947} INFO - Setting next_dagrun for example_display_name to None, run_after=None
[2026-02-14T16:20:14.482+0000] {processor.py:183} INFO - Processing /home/airflow/.local/lib/python3.12/site-packages/airflow/example_dags/example_display_name.py took 0.032 seconds
[2026-02-14T16:20:44.701+0000] {processor.py:161} INFO - Started process (PID=4026) to work on /home/airflow/.local/lib/python3.12/site-packages/airflow/example_dags/example_display_name.py
[2026-02-14T16:20:44.702+0000] {processor.py:830} INFO - Processing file /home/airflow/.local/lib/python3.12/site-packages/airflow/example_dags/example_display_name.py for tasks to queue
[2026-02-14T16:20:44.703+0000] {logging_mixin.py:188} INFO - [2026-02-14T16:20:44.703+0000] {dagbag.py:545} INFO - Filling up the DagBag from /home/airflow/.local/lib/python3.12/site-packages/airflow/example_dags/example_display_name.py
[2026-02-14T16:20:44.706+0000] {processor.py:840} INFO - DAG(s) 'example_display_name' retrieved from /home/airflow/.local/lib/python3.12/site-packages/airflow/example_dags/example_display_name.py
[2026-02-14T16:20:44.717+0000] {logging_mixin.py:188} INFO - [2026-02-14T16:20:44.717+0000] {dag.py:3089} INFO - Sync 1 DAGs
[2026-02-14T16:20:44.724+0000] {logging_mixin.py:188} INFO - [2026-02-14T16:20:44.724+0000] {dag.py:3947} INFO - Setting next_dagrun for example_display_name to None, run_after=None
[2026-02-14T16:20:44.734+0000] {processor.py:183} INFO - Processing /home/airflow/.local/lib/python3.12/site-packages/airflow/example_dags/example_display_name.py took 0.035 seconds
[2026-02-14T16:21:15.291+0000] {processor.py:161} INFO - Started process (PID=4085) to work on /home/airflow/.local/lib/python3.12/site-packages/airflow/example_dags/example_display_name.py
[2026-02-14T16:21:15.292+0000] {processor.py:830} INFO - Processing file /home/airflow/.local/lib/python3.12/site-packages/airflow/example_dags/example_display_name.py for tasks to queue
[2026-02-14T16:21:15.293+0000] {logging_mixin.py:188} INFO - [2026-02-14T16:21:15.293+0000] {dagbag.py:545} INFO - Filling up the DagBag from /home/airflow/.local/lib/python3.12/site-packages/airflow/example_dags/example_display_name.py
[2026-02-14T16:21:15.295+0000] {processor.py:840} INFO - DAG(s) 'example_display_name' retrieved from /home/airflow/.local/lib/python3.12/site-packages/airflow/example_dags/example_display_name.py
[2026-02-14T16:21:15.303+0000] {logging_mixin.py:188} INFO - [2026-02-14T16:21:15.303+0000] {dag.py:3089} INFO - Sync 1 DAGs
[2026-02-14T16:21:15.309+0000] {logging_mixin.py:188} INFO - [2026-02-14T16:21:15.308+0000] {dag.py:3947} INFO - Setting next_dagrun for example_display_name to None, run_after=None
[2026-02-14T16:21:15.316+0000] {processor.py:183} INFO - Processing /home/airflow/.local/lib/python3.12/site-packages/airflow/example_dags/example_display_name.py took 0.027 seconds
