[2026-02-14T15:46:37.379+0000] {processor.py:161} INFO - Started process (PID=50) to work on /home/airflow/.local/lib/python3.12/site-packages/airflow/example_dags/example_sla_dag.py
[2026-02-14T15:46:37.382+0000] {processor.py:830} INFO - Processing file /home/airflow/.local/lib/python3.12/site-packages/airflow/example_dags/example_sla_dag.py for tasks to queue
[2026-02-14T15:46:37.387+0000] {logging_mixin.py:188} INFO - [2026-02-14T15:46:37.387+0000] {dagbag.py:545} INFO - Filling up the DagBag from /home/airflow/.local/lib/python3.12/site-packages/airflow/example_dags/example_sla_dag.py
[2026-02-14T15:46:37.405+0000] {processor.py:840} INFO - DAG(s) 'example_sla_dag' retrieved from /home/airflow/.local/lib/python3.12/site-packages/airflow/example_dags/example_sla_dag.py
[2026-02-14T15:46:37.424+0000] {logging_mixin.py:188} INFO - [2026-02-14T15:46:37.424+0000] {dag.py:3089} INFO - Sync 1 DAGs
[2026-02-14T15:46:37.449+0000] {logging_mixin.py:188} INFO - [2026-02-14T15:46:37.449+0000] {dag.py:3947} INFO - Setting next_dagrun for example_sla_dag to 2026-02-14 15:44:00+00:00, run_after=2026-02-14 15:46:00+00:00
[2026-02-14T15:46:37.476+0000] {processor.py:183} INFO - Processing /home/airflow/.local/lib/python3.12/site-packages/airflow/example_dags/example_sla_dag.py took 0.106 seconds
[2026-02-14T15:47:08.413+0000] {processor.py:161} INFO - Started process (PID=109) to work on /home/airflow/.local/lib/python3.12/site-packages/airflow/example_dags/example_sla_dag.py
[2026-02-14T15:47:08.415+0000] {processor.py:830} INFO - Processing file /home/airflow/.local/lib/python3.12/site-packages/airflow/example_dags/example_sla_dag.py for tasks to queue
[2026-02-14T15:47:08.417+0000] {logging_mixin.py:188} INFO - [2026-02-14T15:47:08.417+0000] {dagbag.py:545} INFO - Filling up the DagBag from /home/airflow/.local/lib/python3.12/site-packages/airflow/example_dags/example_sla_dag.py
[2026-02-14T15:47:08.424+0000] {processor.py:840} INFO - DAG(s) 'example_sla_dag' retrieved from /home/airflow/.local/lib/python3.12/site-packages/airflow/example_dags/example_sla_dag.py
[2026-02-14T15:47:08.467+0000] {logging_mixin.py:188} INFO - [2026-02-14T15:47:08.467+0000] {dag.py:3089} INFO - Sync 1 DAGs
[2026-02-14T15:47:08.478+0000] {logging_mixin.py:188} INFO - [2026-02-14T15:47:08.477+0000] {dag.py:3947} INFO - Setting next_dagrun for example_sla_dag to 2026-02-14 15:44:00+00:00, run_after=2026-02-14 15:46:00+00:00
[2026-02-14T15:47:08.486+0000] {processor.py:183} INFO - Processing /home/airflow/.local/lib/python3.12/site-packages/airflow/example_dags/example_sla_dag.py took 0.079 seconds
[2026-02-14T15:47:38.517+0000] {processor.py:161} INFO - Started process (PID=168) to work on /home/airflow/.local/lib/python3.12/site-packages/airflow/example_dags/example_sla_dag.py
[2026-02-14T15:47:38.519+0000] {processor.py:830} INFO - Processing file /home/airflow/.local/lib/python3.12/site-packages/airflow/example_dags/example_sla_dag.py for tasks to queue
[2026-02-14T15:47:38.522+0000] {logging_mixin.py:188} INFO - [2026-02-14T15:47:38.521+0000] {dagbag.py:545} INFO - Filling up the DagBag from /home/airflow/.local/lib/python3.12/site-packages/airflow/example_dags/example_sla_dag.py
[2026-02-14T15:47:38.529+0000] {processor.py:840} INFO - DAG(s) 'example_sla_dag' retrieved from /home/airflow/.local/lib/python3.12/site-packages/airflow/example_dags/example_sla_dag.py
[2026-02-14T15:47:38.541+0000] {logging_mixin.py:188} INFO - [2026-02-14T15:47:38.541+0000] {dag.py:3089} INFO - Sync 1 DAGs
[2026-02-14T15:47:38.555+0000] {logging_mixin.py:188} INFO - [2026-02-14T15:47:38.554+0000] {dag.py:3947} INFO - Setting next_dagrun for example_sla_dag to 2026-02-14 15:44:00+00:00, run_after=2026-02-14 15:46:00+00:00
[2026-02-14T15:47:38.565+0000] {processor.py:183} INFO - Processing /home/airflow/.local/lib/python3.12/site-packages/airflow/example_dags/example_sla_dag.py took 0.055 seconds
[2026-02-14T15:48:09.156+0000] {processor.py:161} INFO - Started process (PID=233) to work on /home/airflow/.local/lib/python3.12/site-packages/airflow/example_dags/example_sla_dag.py
[2026-02-14T15:48:09.157+0000] {processor.py:830} INFO - Processing file /home/airflow/.local/lib/python3.12/site-packages/airflow/example_dags/example_sla_dag.py for tasks to queue
[2026-02-14T15:48:09.158+0000] {logging_mixin.py:188} INFO - [2026-02-14T15:48:09.157+0000] {dagbag.py:545} INFO - Filling up the DagBag from /home/airflow/.local/lib/python3.12/site-packages/airflow/example_dags/example_sla_dag.py
[2026-02-14T15:48:09.164+0000] {processor.py:840} INFO - DAG(s) 'example_sla_dag' retrieved from /home/airflow/.local/lib/python3.12/site-packages/airflow/example_dags/example_sla_dag.py
[2026-02-14T15:48:09.176+0000] {logging_mixin.py:188} INFO - [2026-02-14T15:48:09.176+0000] {dag.py:3089} INFO - Sync 1 DAGs
[2026-02-14T15:48:09.189+0000] {logging_mixin.py:188} INFO - [2026-02-14T15:48:09.189+0000] {dag.py:3947} INFO - Setting next_dagrun for example_sla_dag to 2026-02-14 15:46:00+00:00, run_after=2026-02-14 15:48:00+00:00
[2026-02-14T15:48:09.196+0000] {processor.py:183} INFO - Processing /home/airflow/.local/lib/python3.12/site-packages/airflow/example_dags/example_sla_dag.py took 0.044 seconds
[2026-02-14T15:48:39.744+0000] {processor.py:161} INFO - Started process (PID=292) to work on /home/airflow/.local/lib/python3.12/site-packages/airflow/example_dags/example_sla_dag.py
[2026-02-14T15:48:39.744+0000] {processor.py:830} INFO - Processing file /home/airflow/.local/lib/python3.12/site-packages/airflow/example_dags/example_sla_dag.py for tasks to queue
[2026-02-14T15:48:39.745+0000] {logging_mixin.py:188} INFO - [2026-02-14T15:48:39.745+0000] {dagbag.py:545} INFO - Filling up the DagBag from /home/airflow/.local/lib/python3.12/site-packages/airflow/example_dags/example_sla_dag.py
[2026-02-14T15:48:39.749+0000] {processor.py:840} INFO - DAG(s) 'example_sla_dag' retrieved from /home/airflow/.local/lib/python3.12/site-packages/airflow/example_dags/example_sla_dag.py
[2026-02-14T15:48:39.762+0000] {logging_mixin.py:188} INFO - [2026-02-14T15:48:39.762+0000] {dag.py:3089} INFO - Sync 1 DAGs
[2026-02-14T15:48:39.776+0000] {logging_mixin.py:188} INFO - [2026-02-14T15:48:39.775+0000] {dag.py:3947} INFO - Setting next_dagrun for example_sla_dag to 2026-02-14 15:46:00+00:00, run_after=2026-02-14 15:48:00+00:00
[2026-02-14T15:48:39.790+0000] {processor.py:183} INFO - Processing /home/airflow/.local/lib/python3.12/site-packages/airflow/example_dags/example_sla_dag.py took 0.049 seconds
[2026-02-14T15:49:10.411+0000] {processor.py:161} INFO - Started process (PID=351) to work on /home/airflow/.local/lib/python3.12/site-packages/airflow/example_dags/example_sla_dag.py
[2026-02-14T15:49:10.413+0000] {processor.py:830} INFO - Processing file /home/airflow/.local/lib/python3.12/site-packages/airflow/example_dags/example_sla_dag.py for tasks to queue
[2026-02-14T15:49:10.413+0000] {logging_mixin.py:188} INFO - [2026-02-14T15:49:10.413+0000] {dagbag.py:545} INFO - Filling up the DagBag from /home/airflow/.local/lib/python3.12/site-packages/airflow/example_dags/example_sla_dag.py
[2026-02-14T15:49:10.416+0000] {processor.py:840} INFO - DAG(s) 'example_sla_dag' retrieved from /home/airflow/.local/lib/python3.12/site-packages/airflow/example_dags/example_sla_dag.py
[2026-02-14T15:49:10.424+0000] {logging_mixin.py:188} INFO - [2026-02-14T15:49:10.424+0000] {dag.py:3089} INFO - Sync 1 DAGs
[2026-02-14T15:49:10.433+0000] {logging_mixin.py:188} INFO - [2026-02-14T15:49:10.433+0000] {dag.py:3947} INFO - Setting next_dagrun for example_sla_dag to 2026-02-14 15:46:00+00:00, run_after=2026-02-14 15:48:00+00:00
[2026-02-14T15:49:10.442+0000] {processor.py:183} INFO - Processing /home/airflow/.local/lib/python3.12/site-packages/airflow/example_dags/example_sla_dag.py took 0.034 seconds
[2026-02-14T15:49:40.784+0000] {processor.py:161} INFO - Started process (PID=410) to work on /home/airflow/.local/lib/python3.12/site-packages/airflow/example_dags/example_sla_dag.py
[2026-02-14T15:49:40.785+0000] {processor.py:830} INFO - Processing file /home/airflow/.local/lib/python3.12/site-packages/airflow/example_dags/example_sla_dag.py for tasks to queue
[2026-02-14T15:49:40.788+0000] {logging_mixin.py:188} INFO - [2026-02-14T15:49:40.788+0000] {dagbag.py:545} INFO - Filling up the DagBag from /home/airflow/.local/lib/python3.12/site-packages/airflow/example_dags/example_sla_dag.py
[2026-02-14T15:49:40.793+0000] {processor.py:840} INFO - DAG(s) 'example_sla_dag' retrieved from /home/airflow/.local/lib/python3.12/site-packages/airflow/example_dags/example_sla_dag.py
[2026-02-14T15:49:40.803+0000] {logging_mixin.py:188} INFO - [2026-02-14T15:49:40.803+0000] {dag.py:3089} INFO - Sync 1 DAGs
[2026-02-14T15:49:40.813+0000] {logging_mixin.py:188} INFO - [2026-02-14T15:49:40.813+0000] {dag.py:3947} INFO - Setting next_dagrun for example_sla_dag to 2026-02-14 15:46:00+00:00, run_after=2026-02-14 15:48:00+00:00
[2026-02-14T15:49:40.822+0000] {processor.py:183} INFO - Processing /home/airflow/.local/lib/python3.12/site-packages/airflow/example_dags/example_sla_dag.py took 0.042 seconds
[2026-02-14T15:50:11.196+0000] {processor.py:161} INFO - Started process (PID=469) to work on /home/airflow/.local/lib/python3.12/site-packages/airflow/example_dags/example_sla_dag.py
[2026-02-14T15:50:11.197+0000] {processor.py:830} INFO - Processing file /home/airflow/.local/lib/python3.12/site-packages/airflow/example_dags/example_sla_dag.py for tasks to queue
[2026-02-14T15:50:11.198+0000] {logging_mixin.py:188} INFO - [2026-02-14T15:50:11.198+0000] {dagbag.py:545} INFO - Filling up the DagBag from /home/airflow/.local/lib/python3.12/site-packages/airflow/example_dags/example_sla_dag.py
[2026-02-14T15:50:11.205+0000] {processor.py:840} INFO - DAG(s) 'example_sla_dag' retrieved from /home/airflow/.local/lib/python3.12/site-packages/airflow/example_dags/example_sla_dag.py
[2026-02-14T15:50:11.218+0000] {logging_mixin.py:188} INFO - [2026-02-14T15:50:11.218+0000] {dag.py:3089} INFO - Sync 1 DAGs
[2026-02-14T15:50:11.228+0000] {logging_mixin.py:188} INFO - [2026-02-14T15:50:11.228+0000] {dag.py:3947} INFO - Setting next_dagrun for example_sla_dag to 2026-02-14 15:48:00+00:00, run_after=2026-02-14 15:50:00+00:00
[2026-02-14T15:50:11.235+0000] {processor.py:183} INFO - Processing /home/airflow/.local/lib/python3.12/site-packages/airflow/example_dags/example_sla_dag.py took 0.043 seconds
[2026-02-14T15:50:41.625+0000] {processor.py:161} INFO - Started process (PID=528) to work on /home/airflow/.local/lib/python3.12/site-packages/airflow/example_dags/example_sla_dag.py
[2026-02-14T15:50:41.626+0000] {processor.py:830} INFO - Processing file /home/airflow/.local/lib/python3.12/site-packages/airflow/example_dags/example_sla_dag.py for tasks to queue
[2026-02-14T15:50:41.628+0000] {logging_mixin.py:188} INFO - [2026-02-14T15:50:41.627+0000] {dagbag.py:545} INFO - Filling up the DagBag from /home/airflow/.local/lib/python3.12/site-packages/airflow/example_dags/example_sla_dag.py
[2026-02-14T15:50:41.633+0000] {processor.py:840} INFO - DAG(s) 'example_sla_dag' retrieved from /home/airflow/.local/lib/python3.12/site-packages/airflow/example_dags/example_sla_dag.py
[2026-02-14T15:50:41.648+0000] {logging_mixin.py:188} INFO - [2026-02-14T15:50:41.648+0000] {dag.py:3089} INFO - Sync 1 DAGs
[2026-02-14T15:50:41.659+0000] {logging_mixin.py:188} INFO - [2026-02-14T15:50:41.659+0000] {dag.py:3947} INFO - Setting next_dagrun for example_sla_dag to 2026-02-14 15:48:00+00:00, run_after=2026-02-14 15:50:00+00:00
[2026-02-14T15:50:41.669+0000] {processor.py:183} INFO - Processing /home/airflow/.local/lib/python3.12/site-packages/airflow/example_dags/example_sla_dag.py took 0.049 seconds
[2026-02-14T15:51:12.310+0000] {processor.py:161} INFO - Started process (PID=587) to work on /home/airflow/.local/lib/python3.12/site-packages/airflow/example_dags/example_sla_dag.py
[2026-02-14T15:51:12.311+0000] {processor.py:830} INFO - Processing file /home/airflow/.local/lib/python3.12/site-packages/airflow/example_dags/example_sla_dag.py for tasks to queue
[2026-02-14T15:51:12.312+0000] {logging_mixin.py:188} INFO - [2026-02-14T15:51:12.311+0000] {dagbag.py:545} INFO - Filling up the DagBag from /home/airflow/.local/lib/python3.12/site-packages/airflow/example_dags/example_sla_dag.py
[2026-02-14T15:51:12.317+0000] {processor.py:840} INFO - DAG(s) 'example_sla_dag' retrieved from /home/airflow/.local/lib/python3.12/site-packages/airflow/example_dags/example_sla_dag.py
[2026-02-14T15:51:12.329+0000] {logging_mixin.py:188} INFO - [2026-02-14T15:51:12.329+0000] {dag.py:3089} INFO - Sync 1 DAGs
[2026-02-14T15:51:12.361+0000] {logging_mixin.py:188} INFO - [2026-02-14T15:51:12.361+0000] {dag.py:3947} INFO - Setting next_dagrun for example_sla_dag to 2026-02-14 15:48:00+00:00, run_after=2026-02-14 15:50:00+00:00
[2026-02-14T15:51:12.376+0000] {processor.py:183} INFO - Processing /home/airflow/.local/lib/python3.12/site-packages/airflow/example_dags/example_sla_dag.py took 0.070 seconds
[2026-02-14T15:51:42.865+0000] {processor.py:161} INFO - Started process (PID=646) to work on /home/airflow/.local/lib/python3.12/site-packages/airflow/example_dags/example_sla_dag.py
[2026-02-14T15:51:42.867+0000] {processor.py:830} INFO - Processing file /home/airflow/.local/lib/python3.12/site-packages/airflow/example_dags/example_sla_dag.py for tasks to queue
[2026-02-14T15:51:42.869+0000] {logging_mixin.py:188} INFO - [2026-02-14T15:51:42.868+0000] {dagbag.py:545} INFO - Filling up the DagBag from /home/airflow/.local/lib/python3.12/site-packages/airflow/example_dags/example_sla_dag.py
[2026-02-14T15:51:42.875+0000] {processor.py:840} INFO - DAG(s) 'example_sla_dag' retrieved from /home/airflow/.local/lib/python3.12/site-packages/airflow/example_dags/example_sla_dag.py
[2026-02-14T15:51:42.885+0000] {logging_mixin.py:188} INFO - [2026-02-14T15:51:42.885+0000] {dag.py:3089} INFO - Sync 1 DAGs
[2026-02-14T15:51:42.895+0000] {logging_mixin.py:188} INFO - [2026-02-14T15:51:42.895+0000] {dag.py:3947} INFO - Setting next_dagrun for example_sla_dag to 2026-02-14 15:48:00+00:00, run_after=2026-02-14 15:50:00+00:00
[2026-02-14T15:51:42.902+0000] {processor.py:183} INFO - Processing /home/airflow/.local/lib/python3.12/site-packages/airflow/example_dags/example_sla_dag.py took 0.041 seconds
[2026-02-14T15:52:13.318+0000] {processor.py:161} INFO - Started process (PID=705) to work on /home/airflow/.local/lib/python3.12/site-packages/airflow/example_dags/example_sla_dag.py
[2026-02-14T15:52:13.320+0000] {processor.py:830} INFO - Processing file /home/airflow/.local/lib/python3.12/site-packages/airflow/example_dags/example_sla_dag.py for tasks to queue
[2026-02-14T15:52:13.321+0000] {logging_mixin.py:188} INFO - [2026-02-14T15:52:13.321+0000] {dagbag.py:545} INFO - Filling up the DagBag from /home/airflow/.local/lib/python3.12/site-packages/airflow/example_dags/example_sla_dag.py
[2026-02-14T15:52:13.326+0000] {processor.py:840} INFO - DAG(s) 'example_sla_dag' retrieved from /home/airflow/.local/lib/python3.12/site-packages/airflow/example_dags/example_sla_dag.py
[2026-02-14T15:52:13.342+0000] {logging_mixin.py:188} INFO - [2026-02-14T15:52:13.342+0000] {dag.py:3089} INFO - Sync 1 DAGs
[2026-02-14T15:52:13.353+0000] {logging_mixin.py:188} INFO - [2026-02-14T15:52:13.352+0000] {dag.py:3947} INFO - Setting next_dagrun for example_sla_dag to 2026-02-14 15:50:00+00:00, run_after=2026-02-14 15:52:00+00:00
[2026-02-14T15:52:13.361+0000] {processor.py:183} INFO - Processing /home/airflow/.local/lib/python3.12/site-packages/airflow/example_dags/example_sla_dag.py took 0.049 seconds
[2026-02-14T15:52:43.796+0000] {processor.py:161} INFO - Started process (PID=764) to work on /home/airflow/.local/lib/python3.12/site-packages/airflow/example_dags/example_sla_dag.py
[2026-02-14T15:52:43.799+0000] {processor.py:830} INFO - Processing file /home/airflow/.local/lib/python3.12/site-packages/airflow/example_dags/example_sla_dag.py for tasks to queue
[2026-02-14T15:52:43.800+0000] {logging_mixin.py:188} INFO - [2026-02-14T15:52:43.800+0000] {dagbag.py:545} INFO - Filling up the DagBag from /home/airflow/.local/lib/python3.12/site-packages/airflow/example_dags/example_sla_dag.py
[2026-02-14T15:52:43.804+0000] {processor.py:840} INFO - DAG(s) 'example_sla_dag' retrieved from /home/airflow/.local/lib/python3.12/site-packages/airflow/example_dags/example_sla_dag.py
[2026-02-14T15:52:43.814+0000] {logging_mixin.py:188} INFO - [2026-02-14T15:52:43.814+0000] {dag.py:3089} INFO - Sync 1 DAGs
[2026-02-14T15:52:43.825+0000] {logging_mixin.py:188} INFO - [2026-02-14T15:52:43.825+0000] {dag.py:3947} INFO - Setting next_dagrun for example_sla_dag to 2026-02-14 15:50:00+00:00, run_after=2026-02-14 15:52:00+00:00
[2026-02-14T15:52:43.832+0000] {processor.py:183} INFO - Processing /home/airflow/.local/lib/python3.12/site-packages/airflow/example_dags/example_sla_dag.py took 0.040 seconds
[2026-02-14T15:53:14.139+0000] {processor.py:161} INFO - Started process (PID=823) to work on /home/airflow/.local/lib/python3.12/site-packages/airflow/example_dags/example_sla_dag.py
[2026-02-14T15:53:14.140+0000] {processor.py:830} INFO - Processing file /home/airflow/.local/lib/python3.12/site-packages/airflow/example_dags/example_sla_dag.py for tasks to queue
[2026-02-14T15:53:14.142+0000] {logging_mixin.py:188} INFO - [2026-02-14T15:53:14.142+0000] {dagbag.py:545} INFO - Filling up the DagBag from /home/airflow/.local/lib/python3.12/site-packages/airflow/example_dags/example_sla_dag.py
[2026-02-14T15:53:14.150+0000] {processor.py:840} INFO - DAG(s) 'example_sla_dag' retrieved from /home/airflow/.local/lib/python3.12/site-packages/airflow/example_dags/example_sla_dag.py
[2026-02-14T15:53:14.160+0000] {logging_mixin.py:188} INFO - [2026-02-14T15:53:14.160+0000] {dag.py:3089} INFO - Sync 1 DAGs
[2026-02-14T15:53:14.169+0000] {logging_mixin.py:188} INFO - [2026-02-14T15:53:14.169+0000] {dag.py:3947} INFO - Setting next_dagrun for example_sla_dag to 2026-02-14 15:50:00+00:00, run_after=2026-02-14 15:52:00+00:00
[2026-02-14T15:53:14.178+0000] {processor.py:183} INFO - Processing /home/airflow/.local/lib/python3.12/site-packages/airflow/example_dags/example_sla_dag.py took 0.043 seconds
[2026-02-14T15:53:44.457+0000] {processor.py:161} INFO - Started process (PID=882) to work on /home/airflow/.local/lib/python3.12/site-packages/airflow/example_dags/example_sla_dag.py
[2026-02-14T15:53:44.459+0000] {processor.py:830} INFO - Processing file /home/airflow/.local/lib/python3.12/site-packages/airflow/example_dags/example_sla_dag.py for tasks to queue
[2026-02-14T15:53:44.461+0000] {logging_mixin.py:188} INFO - [2026-02-14T15:53:44.461+0000] {dagbag.py:545} INFO - Filling up the DagBag from /home/airflow/.local/lib/python3.12/site-packages/airflow/example_dags/example_sla_dag.py
[2026-02-14T15:53:44.465+0000] {processor.py:840} INFO - DAG(s) 'example_sla_dag' retrieved from /home/airflow/.local/lib/python3.12/site-packages/airflow/example_dags/example_sla_dag.py
[2026-02-14T15:53:44.477+0000] {logging_mixin.py:188} INFO - [2026-02-14T15:53:44.477+0000] {dag.py:3089} INFO - Sync 1 DAGs
[2026-02-14T15:53:44.488+0000] {logging_mixin.py:188} INFO - [2026-02-14T15:53:44.488+0000] {dag.py:3947} INFO - Setting next_dagrun for example_sla_dag to 2026-02-14 15:50:00+00:00, run_after=2026-02-14 15:52:00+00:00
[2026-02-14T15:53:44.496+0000] {processor.py:183} INFO - Processing /home/airflow/.local/lib/python3.12/site-packages/airflow/example_dags/example_sla_dag.py took 0.044 seconds
[2026-02-14T15:54:14.897+0000] {processor.py:161} INFO - Started process (PID=941) to work on /home/airflow/.local/lib/python3.12/site-packages/airflow/example_dags/example_sla_dag.py
[2026-02-14T15:54:14.898+0000] {processor.py:830} INFO - Processing file /home/airflow/.local/lib/python3.12/site-packages/airflow/example_dags/example_sla_dag.py for tasks to queue
[2026-02-14T15:54:14.899+0000] {logging_mixin.py:188} INFO - [2026-02-14T15:54:14.899+0000] {dagbag.py:545} INFO - Filling up the DagBag from /home/airflow/.local/lib/python3.12/site-packages/airflow/example_dags/example_sla_dag.py
[2026-02-14T15:54:14.905+0000] {processor.py:840} INFO - DAG(s) 'example_sla_dag' retrieved from /home/airflow/.local/lib/python3.12/site-packages/airflow/example_dags/example_sla_dag.py
[2026-02-14T15:54:14.919+0000] {logging_mixin.py:188} INFO - [2026-02-14T15:54:14.919+0000] {dag.py:3089} INFO - Sync 1 DAGs
[2026-02-14T15:54:14.930+0000] {logging_mixin.py:188} INFO - [2026-02-14T15:54:14.929+0000] {dag.py:3947} INFO - Setting next_dagrun for example_sla_dag to 2026-02-14 15:52:00+00:00, run_after=2026-02-14 15:54:00+00:00
[2026-02-14T15:54:14.937+0000] {processor.py:183} INFO - Processing /home/airflow/.local/lib/python3.12/site-packages/airflow/example_dags/example_sla_dag.py took 0.045 seconds
[2026-02-14T15:54:45.408+0000] {processor.py:161} INFO - Started process (PID=1000) to work on /home/airflow/.local/lib/python3.12/site-packages/airflow/example_dags/example_sla_dag.py
[2026-02-14T15:54:45.410+0000] {processor.py:830} INFO - Processing file /home/airflow/.local/lib/python3.12/site-packages/airflow/example_dags/example_sla_dag.py for tasks to queue
[2026-02-14T15:54:45.412+0000] {logging_mixin.py:188} INFO - [2026-02-14T15:54:45.412+0000] {dagbag.py:545} INFO - Filling up the DagBag from /home/airflow/.local/lib/python3.12/site-packages/airflow/example_dags/example_sla_dag.py
[2026-02-14T15:54:45.418+0000] {processor.py:840} INFO - DAG(s) 'example_sla_dag' retrieved from /home/airflow/.local/lib/python3.12/site-packages/airflow/example_dags/example_sla_dag.py
[2026-02-14T15:54:45.430+0000] {logging_mixin.py:188} INFO - [2026-02-14T15:54:45.430+0000] {dag.py:3089} INFO - Sync 1 DAGs
[2026-02-14T15:54:45.441+0000] {logging_mixin.py:188} INFO - [2026-02-14T15:54:45.441+0000] {dag.py:3947} INFO - Setting next_dagrun for example_sla_dag to 2026-02-14 15:52:00+00:00, run_after=2026-02-14 15:54:00+00:00
[2026-02-14T15:54:45.448+0000] {processor.py:183} INFO - Processing /home/airflow/.local/lib/python3.12/site-packages/airflow/example_dags/example_sla_dag.py took 0.045 seconds
[2026-02-14T15:55:15.751+0000] {processor.py:161} INFO - Started process (PID=1059) to work on /home/airflow/.local/lib/python3.12/site-packages/airflow/example_dags/example_sla_dag.py
[2026-02-14T15:55:15.753+0000] {processor.py:830} INFO - Processing file /home/airflow/.local/lib/python3.12/site-packages/airflow/example_dags/example_sla_dag.py for tasks to queue
[2026-02-14T15:55:15.755+0000] {logging_mixin.py:188} INFO - [2026-02-14T15:55:15.755+0000] {dagbag.py:545} INFO - Filling up the DagBag from /home/airflow/.local/lib/python3.12/site-packages/airflow/example_dags/example_sla_dag.py
[2026-02-14T15:55:15.767+0000] {processor.py:840} INFO - DAG(s) 'example_sla_dag' retrieved from /home/airflow/.local/lib/python3.12/site-packages/airflow/example_dags/example_sla_dag.py
[2026-02-14T15:55:15.815+0000] {logging_mixin.py:188} INFO - [2026-02-14T15:55:15.814+0000] {dag.py:3089} INFO - Sync 1 DAGs
[2026-02-14T15:55:15.867+0000] {logging_mixin.py:188} INFO - [2026-02-14T15:55:15.867+0000] {dag.py:3947} INFO - Setting next_dagrun for example_sla_dag to 2026-02-14 15:52:00+00:00, run_after=2026-02-14 15:54:00+00:00
[2026-02-14T15:55:15.893+0000] {processor.py:183} INFO - Processing /home/airflow/.local/lib/python3.12/site-packages/airflow/example_dags/example_sla_dag.py took 0.165 seconds
[2026-02-14T15:55:46.374+0000] {processor.py:161} INFO - Started process (PID=1117) to work on /home/airflow/.local/lib/python3.12/site-packages/airflow/example_dags/example_sla_dag.py
[2026-02-14T15:55:46.374+0000] {processor.py:830} INFO - Processing file /home/airflow/.local/lib/python3.12/site-packages/airflow/example_dags/example_sla_dag.py for tasks to queue
[2026-02-14T15:55:46.375+0000] {logging_mixin.py:188} INFO - [2026-02-14T15:55:46.375+0000] {dagbag.py:545} INFO - Filling up the DagBag from /home/airflow/.local/lib/python3.12/site-packages/airflow/example_dags/example_sla_dag.py
[2026-02-14T15:55:46.379+0000] {processor.py:840} INFO - DAG(s) 'example_sla_dag' retrieved from /home/airflow/.local/lib/python3.12/site-packages/airflow/example_dags/example_sla_dag.py
[2026-02-14T15:55:46.390+0000] {logging_mixin.py:188} INFO - [2026-02-14T15:55:46.390+0000] {dag.py:3089} INFO - Sync 1 DAGs
[2026-02-14T15:55:46.399+0000] {logging_mixin.py:188} INFO - [2026-02-14T15:55:46.399+0000] {dag.py:3947} INFO - Setting next_dagrun for example_sla_dag to 2026-02-14 15:52:00+00:00, run_after=2026-02-14 15:54:00+00:00
[2026-02-14T15:55:46.409+0000] {processor.py:183} INFO - Processing /home/airflow/.local/lib/python3.12/site-packages/airflow/example_dags/example_sla_dag.py took 0.037 seconds
[2026-02-14T15:56:16.871+0000] {processor.py:161} INFO - Started process (PID=1176) to work on /home/airflow/.local/lib/python3.12/site-packages/airflow/example_dags/example_sla_dag.py
[2026-02-14T15:56:16.871+0000] {processor.py:830} INFO - Processing file /home/airflow/.local/lib/python3.12/site-packages/airflow/example_dags/example_sla_dag.py for tasks to queue
[2026-02-14T15:56:16.872+0000] {logging_mixin.py:188} INFO - [2026-02-14T15:56:16.872+0000] {dagbag.py:545} INFO - Filling up the DagBag from /home/airflow/.local/lib/python3.12/site-packages/airflow/example_dags/example_sla_dag.py
[2026-02-14T15:56:16.875+0000] {processor.py:840} INFO - DAG(s) 'example_sla_dag' retrieved from /home/airflow/.local/lib/python3.12/site-packages/airflow/example_dags/example_sla_dag.py
[2026-02-14T15:56:16.882+0000] {logging_mixin.py:188} INFO - [2026-02-14T15:56:16.882+0000] {dag.py:3089} INFO - Sync 1 DAGs
[2026-02-14T15:56:16.890+0000] {logging_mixin.py:188} INFO - [2026-02-14T15:56:16.890+0000] {dag.py:3947} INFO - Setting next_dagrun for example_sla_dag to 2026-02-14 15:54:00+00:00, run_after=2026-02-14 15:56:00+00:00
[2026-02-14T15:56:16.899+0000] {processor.py:183} INFO - Processing /home/airflow/.local/lib/python3.12/site-packages/airflow/example_dags/example_sla_dag.py took 0.031 seconds
[2026-02-14T15:56:47.372+0000] {processor.py:161} INFO - Started process (PID=1235) to work on /home/airflow/.local/lib/python3.12/site-packages/airflow/example_dags/example_sla_dag.py
[2026-02-14T15:56:47.374+0000] {processor.py:830} INFO - Processing file /home/airflow/.local/lib/python3.12/site-packages/airflow/example_dags/example_sla_dag.py for tasks to queue
[2026-02-14T15:56:47.375+0000] {logging_mixin.py:188} INFO - [2026-02-14T15:56:47.375+0000] {dagbag.py:545} INFO - Filling up the DagBag from /home/airflow/.local/lib/python3.12/site-packages/airflow/example_dags/example_sla_dag.py
[2026-02-14T15:56:47.380+0000] {processor.py:840} INFO - DAG(s) 'example_sla_dag' retrieved from /home/airflow/.local/lib/python3.12/site-packages/airflow/example_dags/example_sla_dag.py
[2026-02-14T15:56:47.389+0000] {logging_mixin.py:188} INFO - [2026-02-14T15:56:47.389+0000] {dag.py:3089} INFO - Sync 1 DAGs
[2026-02-14T15:56:47.398+0000] {logging_mixin.py:188} INFO - [2026-02-14T15:56:47.398+0000] {dag.py:3947} INFO - Setting next_dagrun for example_sla_dag to 2026-02-14 15:54:00+00:00, run_after=2026-02-14 15:56:00+00:00
[2026-02-14T15:56:47.405+0000] {processor.py:183} INFO - Processing /home/airflow/.local/lib/python3.12/site-packages/airflow/example_dags/example_sla_dag.py took 0.035 seconds
[2026-02-14T15:57:18.016+0000] {processor.py:161} INFO - Started process (PID=1294) to work on /home/airflow/.local/lib/python3.12/site-packages/airflow/example_dags/example_sla_dag.py
[2026-02-14T15:57:18.016+0000] {processor.py:830} INFO - Processing file /home/airflow/.local/lib/python3.12/site-packages/airflow/example_dags/example_sla_dag.py for tasks to queue
[2026-02-14T15:57:18.017+0000] {logging_mixin.py:188} INFO - [2026-02-14T15:57:18.017+0000] {dagbag.py:545} INFO - Filling up the DagBag from /home/airflow/.local/lib/python3.12/site-packages/airflow/example_dags/example_sla_dag.py
[2026-02-14T15:57:18.021+0000] {processor.py:840} INFO - DAG(s) 'example_sla_dag' retrieved from /home/airflow/.local/lib/python3.12/site-packages/airflow/example_dags/example_sla_dag.py
[2026-02-14T15:57:18.028+0000] {logging_mixin.py:188} INFO - [2026-02-14T15:57:18.028+0000] {dag.py:3089} INFO - Sync 1 DAGs
[2026-02-14T15:57:18.036+0000] {logging_mixin.py:188} INFO - [2026-02-14T15:57:18.036+0000] {dag.py:3947} INFO - Setting next_dagrun for example_sla_dag to 2026-02-14 15:54:00+00:00, run_after=2026-02-14 15:56:00+00:00
[2026-02-14T15:57:18.117+0000] {processor.py:183} INFO - Processing /home/airflow/.local/lib/python3.12/site-packages/airflow/example_dags/example_sla_dag.py took 0.104 seconds
[2026-02-14T15:57:48.719+0000] {processor.py:161} INFO - Started process (PID=1353) to work on /home/airflow/.local/lib/python3.12/site-packages/airflow/example_dags/example_sla_dag.py
[2026-02-14T15:57:48.719+0000] {processor.py:830} INFO - Processing file /home/airflow/.local/lib/python3.12/site-packages/airflow/example_dags/example_sla_dag.py for tasks to queue
[2026-02-14T15:57:48.720+0000] {logging_mixin.py:188} INFO - [2026-02-14T15:57:48.720+0000] {dagbag.py:545} INFO - Filling up the DagBag from /home/airflow/.local/lib/python3.12/site-packages/airflow/example_dags/example_sla_dag.py
[2026-02-14T15:57:48.723+0000] {processor.py:840} INFO - DAG(s) 'example_sla_dag' retrieved from /home/airflow/.local/lib/python3.12/site-packages/airflow/example_dags/example_sla_dag.py
[2026-02-14T15:57:48.731+0000] {logging_mixin.py:188} INFO - [2026-02-14T15:57:48.731+0000] {dag.py:3089} INFO - Sync 1 DAGs
[2026-02-14T15:57:48.740+0000] {logging_mixin.py:188} INFO - [2026-02-14T15:57:48.740+0000] {dag.py:3947} INFO - Setting next_dagrun for example_sla_dag to 2026-02-14 15:54:00+00:00, run_after=2026-02-14 15:56:00+00:00
[2026-02-14T15:57:48.747+0000] {processor.py:183} INFO - Processing /home/airflow/.local/lib/python3.12/site-packages/airflow/example_dags/example_sla_dag.py took 0.030 seconds
[2026-02-14T15:58:19.078+0000] {processor.py:161} INFO - Started process (PID=1412) to work on /home/airflow/.local/lib/python3.12/site-packages/airflow/example_dags/example_sla_dag.py
[2026-02-14T15:58:19.079+0000] {processor.py:830} INFO - Processing file /home/airflow/.local/lib/python3.12/site-packages/airflow/example_dags/example_sla_dag.py for tasks to queue
[2026-02-14T15:58:19.079+0000] {logging_mixin.py:188} INFO - [2026-02-14T15:58:19.079+0000] {dagbag.py:545} INFO - Filling up the DagBag from /home/airflow/.local/lib/python3.12/site-packages/airflow/example_dags/example_sla_dag.py
[2026-02-14T15:58:19.083+0000] {processor.py:840} INFO - DAG(s) 'example_sla_dag' retrieved from /home/airflow/.local/lib/python3.12/site-packages/airflow/example_dags/example_sla_dag.py
[2026-02-14T15:58:19.091+0000] {logging_mixin.py:188} INFO - [2026-02-14T15:58:19.090+0000] {dag.py:3089} INFO - Sync 1 DAGs
[2026-02-14T15:58:19.099+0000] {logging_mixin.py:188} INFO - [2026-02-14T15:58:19.099+0000] {dag.py:3947} INFO - Setting next_dagrun for example_sla_dag to 2026-02-14 15:56:00+00:00, run_after=2026-02-14 15:58:00+00:00
[2026-02-14T15:58:19.105+0000] {processor.py:183} INFO - Processing /home/airflow/.local/lib/python3.12/site-packages/airflow/example_dags/example_sla_dag.py took 0.030 seconds
[2026-02-14T15:58:49.434+0000] {processor.py:161} INFO - Started process (PID=1471) to work on /home/airflow/.local/lib/python3.12/site-packages/airflow/example_dags/example_sla_dag.py
[2026-02-14T15:58:49.435+0000] {processor.py:830} INFO - Processing file /home/airflow/.local/lib/python3.12/site-packages/airflow/example_dags/example_sla_dag.py for tasks to queue
[2026-02-14T15:58:49.436+0000] {logging_mixin.py:188} INFO - [2026-02-14T15:58:49.436+0000] {dagbag.py:545} INFO - Filling up the DagBag from /home/airflow/.local/lib/python3.12/site-packages/airflow/example_dags/example_sla_dag.py
[2026-02-14T15:58:49.441+0000] {processor.py:840} INFO - DAG(s) 'example_sla_dag' retrieved from /home/airflow/.local/lib/python3.12/site-packages/airflow/example_dags/example_sla_dag.py
[2026-02-14T15:58:49.450+0000] {logging_mixin.py:188} INFO - [2026-02-14T15:58:49.449+0000] {dag.py:3089} INFO - Sync 1 DAGs
[2026-02-14T15:58:49.460+0000] {logging_mixin.py:188} INFO - [2026-02-14T15:58:49.460+0000] {dag.py:3947} INFO - Setting next_dagrun for example_sla_dag to 2026-02-14 15:56:00+00:00, run_after=2026-02-14 15:58:00+00:00
[2026-02-14T15:58:49.465+0000] {processor.py:183} INFO - Processing /home/airflow/.local/lib/python3.12/site-packages/airflow/example_dags/example_sla_dag.py took 0.033 seconds
[2026-02-14T15:59:19.778+0000] {processor.py:161} INFO - Started process (PID=1530) to work on /home/airflow/.local/lib/python3.12/site-packages/airflow/example_dags/example_sla_dag.py
[2026-02-14T15:59:19.780+0000] {processor.py:830} INFO - Processing file /home/airflow/.local/lib/python3.12/site-packages/airflow/example_dags/example_sla_dag.py for tasks to queue
[2026-02-14T15:59:19.781+0000] {logging_mixin.py:188} INFO - [2026-02-14T15:59:19.781+0000] {dagbag.py:545} INFO - Filling up the DagBag from /home/airflow/.local/lib/python3.12/site-packages/airflow/example_dags/example_sla_dag.py
[2026-02-14T15:59:19.785+0000] {processor.py:840} INFO - DAG(s) 'example_sla_dag' retrieved from /home/airflow/.local/lib/python3.12/site-packages/airflow/example_dags/example_sla_dag.py
[2026-02-14T15:59:19.796+0000] {logging_mixin.py:188} INFO - [2026-02-14T15:59:19.795+0000] {dag.py:3089} INFO - Sync 1 DAGs
[2026-02-14T15:59:19.805+0000] {logging_mixin.py:188} INFO - [2026-02-14T15:59:19.805+0000] {dag.py:3947} INFO - Setting next_dagrun for example_sla_dag to 2026-02-14 15:56:00+00:00, run_after=2026-02-14 15:58:00+00:00
[2026-02-14T15:59:19.814+0000] {processor.py:183} INFO - Processing /home/airflow/.local/lib/python3.12/site-packages/airflow/example_dags/example_sla_dag.py took 0.038 seconds
[2026-02-14T15:59:50.717+0000] {processor.py:161} INFO - Started process (PID=1589) to work on /home/airflow/.local/lib/python3.12/site-packages/airflow/example_dags/example_sla_dag.py
[2026-02-14T15:59:50.717+0000] {processor.py:830} INFO - Processing file /home/airflow/.local/lib/python3.12/site-packages/airflow/example_dags/example_sla_dag.py for tasks to queue
[2026-02-14T15:59:50.718+0000] {logging_mixin.py:188} INFO - [2026-02-14T15:59:50.718+0000] {dagbag.py:545} INFO - Filling up the DagBag from /home/airflow/.local/lib/python3.12/site-packages/airflow/example_dags/example_sla_dag.py
[2026-02-14T15:59:50.721+0000] {processor.py:840} INFO - DAG(s) 'example_sla_dag' retrieved from /home/airflow/.local/lib/python3.12/site-packages/airflow/example_dags/example_sla_dag.py
[2026-02-14T15:59:50.729+0000] {logging_mixin.py:188} INFO - [2026-02-14T15:59:50.729+0000] {dag.py:3089} INFO - Sync 1 DAGs
[2026-02-14T15:59:50.811+0000] {logging_mixin.py:188} INFO - [2026-02-14T15:59:50.811+0000] {dag.py:3947} INFO - Setting next_dagrun for example_sla_dag to 2026-02-14 15:56:00+00:00, run_after=2026-02-14 15:58:00+00:00
[2026-02-14T15:59:50.818+0000] {processor.py:183} INFO - Processing /home/airflow/.local/lib/python3.12/site-packages/airflow/example_dags/example_sla_dag.py took 0.104 seconds
[2026-02-14T16:00:20.902+0000] {processor.py:161} INFO - Started process (PID=1648) to work on /home/airflow/.local/lib/python3.12/site-packages/airflow/example_dags/example_sla_dag.py
[2026-02-14T16:00:20.903+0000] {processor.py:830} INFO - Processing file /home/airflow/.local/lib/python3.12/site-packages/airflow/example_dags/example_sla_dag.py for tasks to queue
[2026-02-14T16:00:20.904+0000] {logging_mixin.py:188} INFO - [2026-02-14T16:00:20.904+0000] {dagbag.py:545} INFO - Filling up the DagBag from /home/airflow/.local/lib/python3.12/site-packages/airflow/example_dags/example_sla_dag.py
[2026-02-14T16:00:20.907+0000] {processor.py:840} INFO - DAG(s) 'example_sla_dag' retrieved from /home/airflow/.local/lib/python3.12/site-packages/airflow/example_dags/example_sla_dag.py
[2026-02-14T16:00:20.915+0000] {logging_mixin.py:188} INFO - [2026-02-14T16:00:20.915+0000] {dag.py:3089} INFO - Sync 1 DAGs
[2026-02-14T16:00:20.924+0000] {logging_mixin.py:188} INFO - [2026-02-14T16:00:20.923+0000] {dag.py:3947} INFO - Setting next_dagrun for example_sla_dag to 2026-02-14 15:58:00+00:00, run_after=2026-02-14 16:00:00+00:00
[2026-02-14T16:00:20.932+0000] {processor.py:183} INFO - Processing /home/airflow/.local/lib/python3.12/site-packages/airflow/example_dags/example_sla_dag.py took 0.033 seconds
[2026-02-14T16:00:51.431+0000] {processor.py:161} INFO - Started process (PID=1707) to work on /home/airflow/.local/lib/python3.12/site-packages/airflow/example_dags/example_sla_dag.py
[2026-02-14T16:00:51.432+0000] {processor.py:830} INFO - Processing file /home/airflow/.local/lib/python3.12/site-packages/airflow/example_dags/example_sla_dag.py for tasks to queue
[2026-02-14T16:00:51.433+0000] {logging_mixin.py:188} INFO - [2026-02-14T16:00:51.433+0000] {dagbag.py:545} INFO - Filling up the DagBag from /home/airflow/.local/lib/python3.12/site-packages/airflow/example_dags/example_sla_dag.py
[2026-02-14T16:00:51.437+0000] {processor.py:840} INFO - DAG(s) 'example_sla_dag' retrieved from /home/airflow/.local/lib/python3.12/site-packages/airflow/example_dags/example_sla_dag.py
[2026-02-14T16:00:51.445+0000] {logging_mixin.py:188} INFO - [2026-02-14T16:00:51.445+0000] {dag.py:3089} INFO - Sync 1 DAGs
[2026-02-14T16:00:51.455+0000] {logging_mixin.py:188} INFO - [2026-02-14T16:00:51.455+0000] {dag.py:3947} INFO - Setting next_dagrun for example_sla_dag to 2026-02-14 15:58:00+00:00, run_after=2026-02-14 16:00:00+00:00
[2026-02-14T16:00:51.461+0000] {processor.py:183} INFO - Processing /home/airflow/.local/lib/python3.12/site-packages/airflow/example_dags/example_sla_dag.py took 0.032 seconds
[2026-02-14T16:01:21.931+0000] {processor.py:161} INFO - Started process (PID=1766) to work on /home/airflow/.local/lib/python3.12/site-packages/airflow/example_dags/example_sla_dag.py
[2026-02-14T16:01:21.932+0000] {processor.py:830} INFO - Processing file /home/airflow/.local/lib/python3.12/site-packages/airflow/example_dags/example_sla_dag.py for tasks to queue
[2026-02-14T16:01:21.932+0000] {logging_mixin.py:188} INFO - [2026-02-14T16:01:21.932+0000] {dagbag.py:545} INFO - Filling up the DagBag from /home/airflow/.local/lib/python3.12/site-packages/airflow/example_dags/example_sla_dag.py
[2026-02-14T16:01:21.936+0000] {processor.py:840} INFO - DAG(s) 'example_sla_dag' retrieved from /home/airflow/.local/lib/python3.12/site-packages/airflow/example_dags/example_sla_dag.py
[2026-02-14T16:01:21.943+0000] {logging_mixin.py:188} INFO - [2026-02-14T16:01:21.943+0000] {dag.py:3089} INFO - Sync 1 DAGs
[2026-02-14T16:01:21.951+0000] {logging_mixin.py:188} INFO - [2026-02-14T16:01:21.951+0000] {dag.py:3947} INFO - Setting next_dagrun for example_sla_dag to 2026-02-14 15:58:00+00:00, run_after=2026-02-14 16:00:00+00:00
[2026-02-14T16:01:21.960+0000] {processor.py:183} INFO - Processing /home/airflow/.local/lib/python3.12/site-packages/airflow/example_dags/example_sla_dag.py took 0.031 seconds
[2026-02-14T16:01:52.284+0000] {processor.py:161} INFO - Started process (PID=1825) to work on /home/airflow/.local/lib/python3.12/site-packages/airflow/example_dags/example_sla_dag.py
[2026-02-14T16:01:52.285+0000] {processor.py:830} INFO - Processing file /home/airflow/.local/lib/python3.12/site-packages/airflow/example_dags/example_sla_dag.py for tasks to queue
[2026-02-14T16:01:52.286+0000] {logging_mixin.py:188} INFO - [2026-02-14T16:01:52.285+0000] {dagbag.py:545} INFO - Filling up the DagBag from /home/airflow/.local/lib/python3.12/site-packages/airflow/example_dags/example_sla_dag.py
[2026-02-14T16:01:52.290+0000] {processor.py:840} INFO - DAG(s) 'example_sla_dag' retrieved from /home/airflow/.local/lib/python3.12/site-packages/airflow/example_dags/example_sla_dag.py
[2026-02-14T16:01:52.297+0000] {logging_mixin.py:188} INFO - [2026-02-14T16:01:52.297+0000] {dag.py:3089} INFO - Sync 1 DAGs
[2026-02-14T16:01:52.306+0000] {logging_mixin.py:188} INFO - [2026-02-14T16:01:52.306+0000] {dag.py:3947} INFO - Setting next_dagrun for example_sla_dag to 2026-02-14 15:58:00+00:00, run_after=2026-02-14 16:00:00+00:00
[2026-02-14T16:01:52.316+0000] {processor.py:183} INFO - Processing /home/airflow/.local/lib/python3.12/site-packages/airflow/example_dags/example_sla_dag.py took 0.034 seconds
[2026-02-14T16:02:22.663+0000] {processor.py:161} INFO - Started process (PID=1884) to work on /home/airflow/.local/lib/python3.12/site-packages/airflow/example_dags/example_sla_dag.py
[2026-02-14T16:02:22.664+0000] {processor.py:830} INFO - Processing file /home/airflow/.local/lib/python3.12/site-packages/airflow/example_dags/example_sla_dag.py for tasks to queue
[2026-02-14T16:02:22.665+0000] {logging_mixin.py:188} INFO - [2026-02-14T16:02:22.665+0000] {dagbag.py:545} INFO - Filling up the DagBag from /home/airflow/.local/lib/python3.12/site-packages/airflow/example_dags/example_sla_dag.py
[2026-02-14T16:02:22.668+0000] {processor.py:840} INFO - DAG(s) 'example_sla_dag' retrieved from /home/airflow/.local/lib/python3.12/site-packages/airflow/example_dags/example_sla_dag.py
[2026-02-14T16:02:22.678+0000] {logging_mixin.py:188} INFO - [2026-02-14T16:02:22.678+0000] {dag.py:3089} INFO - Sync 1 DAGs
[2026-02-14T16:02:22.687+0000] {logging_mixin.py:188} INFO - [2026-02-14T16:02:22.687+0000] {dag.py:3947} INFO - Setting next_dagrun for example_sla_dag to 2026-02-14 16:00:00+00:00, run_after=2026-02-14 16:02:00+00:00
[2026-02-14T16:02:22.693+0000] {processor.py:183} INFO - Processing /home/airflow/.local/lib/python3.12/site-packages/airflow/example_dags/example_sla_dag.py took 0.033 seconds
[2026-02-14T16:02:53.134+0000] {processor.py:161} INFO - Started process (PID=1943) to work on /home/airflow/.local/lib/python3.12/site-packages/airflow/example_dags/example_sla_dag.py
[2026-02-14T16:02:53.135+0000] {processor.py:830} INFO - Processing file /home/airflow/.local/lib/python3.12/site-packages/airflow/example_dags/example_sla_dag.py for tasks to queue
[2026-02-14T16:02:53.136+0000] {logging_mixin.py:188} INFO - [2026-02-14T16:02:53.136+0000] {dagbag.py:545} INFO - Filling up the DagBag from /home/airflow/.local/lib/python3.12/site-packages/airflow/example_dags/example_sla_dag.py
[2026-02-14T16:02:53.140+0000] {processor.py:840} INFO - DAG(s) 'example_sla_dag' retrieved from /home/airflow/.local/lib/python3.12/site-packages/airflow/example_dags/example_sla_dag.py
[2026-02-14T16:02:53.151+0000] {logging_mixin.py:188} INFO - [2026-02-14T16:02:53.150+0000] {dag.py:3089} INFO - Sync 1 DAGs
[2026-02-14T16:02:53.165+0000] {logging_mixin.py:188} INFO - [2026-02-14T16:02:53.165+0000] {dag.py:3947} INFO - Setting next_dagrun for example_sla_dag to 2026-02-14 16:00:00+00:00, run_after=2026-02-14 16:02:00+00:00
[2026-02-14T16:02:53.174+0000] {processor.py:183} INFO - Processing /home/airflow/.local/lib/python3.12/site-packages/airflow/example_dags/example_sla_dag.py took 0.042 seconds
[2026-02-14T16:03:23.699+0000] {processor.py:161} INFO - Started process (PID=2002) to work on /home/airflow/.local/lib/python3.12/site-packages/airflow/example_dags/example_sla_dag.py
[2026-02-14T16:03:23.701+0000] {processor.py:830} INFO - Processing file /home/airflow/.local/lib/python3.12/site-packages/airflow/example_dags/example_sla_dag.py for tasks to queue
[2026-02-14T16:03:23.703+0000] {logging_mixin.py:188} INFO - [2026-02-14T16:03:23.702+0000] {dagbag.py:545} INFO - Filling up the DagBag from /home/airflow/.local/lib/python3.12/site-packages/airflow/example_dags/example_sla_dag.py
[2026-02-14T16:03:23.707+0000] {processor.py:840} INFO - DAG(s) 'example_sla_dag' retrieved from /home/airflow/.local/lib/python3.12/site-packages/airflow/example_dags/example_sla_dag.py
[2026-02-14T16:03:23.717+0000] {logging_mixin.py:188} INFO - [2026-02-14T16:03:23.717+0000] {dag.py:3089} INFO - Sync 1 DAGs
[2026-02-14T16:03:23.726+0000] {logging_mixin.py:188} INFO - [2026-02-14T16:03:23.725+0000] {dag.py:3947} INFO - Setting next_dagrun for example_sla_dag to 2026-02-14 16:00:00+00:00, run_after=2026-02-14 16:02:00+00:00
[2026-02-14T16:03:23.731+0000] {processor.py:183} INFO - Processing /home/airflow/.local/lib/python3.12/site-packages/airflow/example_dags/example_sla_dag.py took 0.034 seconds
[2026-02-14T16:03:54.260+0000] {processor.py:161} INFO - Started process (PID=2061) to work on /home/airflow/.local/lib/python3.12/site-packages/airflow/example_dags/example_sla_dag.py
[2026-02-14T16:03:54.260+0000] {processor.py:830} INFO - Processing file /home/airflow/.local/lib/python3.12/site-packages/airflow/example_dags/example_sla_dag.py for tasks to queue
[2026-02-14T16:03:54.262+0000] {logging_mixin.py:188} INFO - [2026-02-14T16:03:54.262+0000] {dagbag.py:545} INFO - Filling up the DagBag from /home/airflow/.local/lib/python3.12/site-packages/airflow/example_dags/example_sla_dag.py
[2026-02-14T16:03:54.266+0000] {processor.py:840} INFO - DAG(s) 'example_sla_dag' retrieved from /home/airflow/.local/lib/python3.12/site-packages/airflow/example_dags/example_sla_dag.py
[2026-02-14T16:03:54.274+0000] {logging_mixin.py:188} INFO - [2026-02-14T16:03:54.274+0000] {dag.py:3089} INFO - Sync 1 DAGs
[2026-02-14T16:03:54.282+0000] {logging_mixin.py:188} INFO - [2026-02-14T16:03:54.282+0000] {dag.py:3947} INFO - Setting next_dagrun for example_sla_dag to 2026-02-14 16:00:00+00:00, run_after=2026-02-14 16:02:00+00:00
[2026-02-14T16:03:54.289+0000] {processor.py:183} INFO - Processing /home/airflow/.local/lib/python3.12/site-packages/airflow/example_dags/example_sla_dag.py took 0.032 seconds
[2026-02-14T16:04:24.938+0000] {processor.py:161} INFO - Started process (PID=2120) to work on /home/airflow/.local/lib/python3.12/site-packages/airflow/example_dags/example_sla_dag.py
[2026-02-14T16:04:24.939+0000] {processor.py:830} INFO - Processing file /home/airflow/.local/lib/python3.12/site-packages/airflow/example_dags/example_sla_dag.py for tasks to queue
[2026-02-14T16:04:24.940+0000] {logging_mixin.py:188} INFO - [2026-02-14T16:04:24.940+0000] {dagbag.py:545} INFO - Filling up the DagBag from /home/airflow/.local/lib/python3.12/site-packages/airflow/example_dags/example_sla_dag.py
[2026-02-14T16:04:24.946+0000] {processor.py:840} INFO - DAG(s) 'example_sla_dag' retrieved from /home/airflow/.local/lib/python3.12/site-packages/airflow/example_dags/example_sla_dag.py
[2026-02-14T16:04:24.959+0000] {logging_mixin.py:188} INFO - [2026-02-14T16:04:24.959+0000] {dag.py:3089} INFO - Sync 1 DAGs
[2026-02-14T16:04:24.969+0000] {logging_mixin.py:188} INFO - [2026-02-14T16:04:24.969+0000] {dag.py:3947} INFO - Setting next_dagrun for example_sla_dag to 2026-02-14 16:02:00+00:00, run_after=2026-02-14 16:04:00+00:00
[2026-02-14T16:04:24.976+0000] {processor.py:183} INFO - Processing /home/airflow/.local/lib/python3.12/site-packages/airflow/example_dags/example_sla_dag.py took 0.042 seconds
[2026-02-14T16:04:55.440+0000] {processor.py:161} INFO - Started process (PID=2179) to work on /home/airflow/.local/lib/python3.12/site-packages/airflow/example_dags/example_sla_dag.py
[2026-02-14T16:04:55.441+0000] {processor.py:830} INFO - Processing file /home/airflow/.local/lib/python3.12/site-packages/airflow/example_dags/example_sla_dag.py for tasks to queue
[2026-02-14T16:04:55.442+0000] {logging_mixin.py:188} INFO - [2026-02-14T16:04:55.441+0000] {dagbag.py:545} INFO - Filling up the DagBag from /home/airflow/.local/lib/python3.12/site-packages/airflow/example_dags/example_sla_dag.py
[2026-02-14T16:04:55.445+0000] {processor.py:840} INFO - DAG(s) 'example_sla_dag' retrieved from /home/airflow/.local/lib/python3.12/site-packages/airflow/example_dags/example_sla_dag.py
[2026-02-14T16:04:55.453+0000] {logging_mixin.py:188} INFO - [2026-02-14T16:04:55.453+0000] {dag.py:3089} INFO - Sync 1 DAGs
[2026-02-14T16:04:55.463+0000] {logging_mixin.py:188} INFO - [2026-02-14T16:04:55.463+0000] {dag.py:3947} INFO - Setting next_dagrun for example_sla_dag to 2026-02-14 16:02:00+00:00, run_after=2026-02-14 16:04:00+00:00
[2026-02-14T16:04:55.471+0000] {processor.py:183} INFO - Processing /home/airflow/.local/lib/python3.12/site-packages/airflow/example_dags/example_sla_dag.py took 0.033 seconds
[2026-02-14T16:05:25.926+0000] {processor.py:161} INFO - Started process (PID=2238) to work on /home/airflow/.local/lib/python3.12/site-packages/airflow/example_dags/example_sla_dag.py
[2026-02-14T16:05:25.926+0000] {processor.py:830} INFO - Processing file /home/airflow/.local/lib/python3.12/site-packages/airflow/example_dags/example_sla_dag.py for tasks to queue
[2026-02-14T16:05:25.928+0000] {logging_mixin.py:188} INFO - [2026-02-14T16:05:25.928+0000] {dagbag.py:545} INFO - Filling up the DagBag from /home/airflow/.local/lib/python3.12/site-packages/airflow/example_dags/example_sla_dag.py
[2026-02-14T16:05:25.932+0000] {processor.py:840} INFO - DAG(s) 'example_sla_dag' retrieved from /home/airflow/.local/lib/python3.12/site-packages/airflow/example_dags/example_sla_dag.py
[2026-02-14T16:05:25.942+0000] {logging_mixin.py:188} INFO - [2026-02-14T16:05:25.942+0000] {dag.py:3089} INFO - Sync 1 DAGs
[2026-02-14T16:05:25.950+0000] {logging_mixin.py:188} INFO - [2026-02-14T16:05:25.950+0000] {dag.py:3947} INFO - Setting next_dagrun for example_sla_dag to 2026-02-14 16:02:00+00:00, run_after=2026-02-14 16:04:00+00:00
[2026-02-14T16:05:25.956+0000] {processor.py:183} INFO - Processing /home/airflow/.local/lib/python3.12/site-packages/airflow/example_dags/example_sla_dag.py took 0.032 seconds
[2026-02-14T16:05:56.410+0000] {processor.py:161} INFO - Started process (PID=2297) to work on /home/airflow/.local/lib/python3.12/site-packages/airflow/example_dags/example_sla_dag.py
[2026-02-14T16:05:56.410+0000] {processor.py:830} INFO - Processing file /home/airflow/.local/lib/python3.12/site-packages/airflow/example_dags/example_sla_dag.py for tasks to queue
[2026-02-14T16:05:56.411+0000] {logging_mixin.py:188} INFO - [2026-02-14T16:05:56.411+0000] {dagbag.py:545} INFO - Filling up the DagBag from /home/airflow/.local/lib/python3.12/site-packages/airflow/example_dags/example_sla_dag.py
[2026-02-14T16:05:56.415+0000] {processor.py:840} INFO - DAG(s) 'example_sla_dag' retrieved from /home/airflow/.local/lib/python3.12/site-packages/airflow/example_dags/example_sla_dag.py
[2026-02-14T16:05:56.427+0000] {logging_mixin.py:188} INFO - [2026-02-14T16:05:56.427+0000] {dag.py:3089} INFO - Sync 1 DAGs
[2026-02-14T16:05:56.436+0000] {logging_mixin.py:188} INFO - [2026-02-14T16:05:56.436+0000] {dag.py:3947} INFO - Setting next_dagrun for example_sla_dag to 2026-02-14 16:02:00+00:00, run_after=2026-02-14 16:04:00+00:00
[2026-02-14T16:05:56.444+0000] {processor.py:183} INFO - Processing /home/airflow/.local/lib/python3.12/site-packages/airflow/example_dags/example_sla_dag.py took 0.036 seconds
[2026-02-14T16:06:26.857+0000] {processor.py:161} INFO - Started process (PID=2356) to work on /home/airflow/.local/lib/python3.12/site-packages/airflow/example_dags/example_sla_dag.py
[2026-02-14T16:06:26.858+0000] {processor.py:830} INFO - Processing file /home/airflow/.local/lib/python3.12/site-packages/airflow/example_dags/example_sla_dag.py for tasks to queue
[2026-02-14T16:06:26.859+0000] {logging_mixin.py:188} INFO - [2026-02-14T16:06:26.859+0000] {dagbag.py:545} INFO - Filling up the DagBag from /home/airflow/.local/lib/python3.12/site-packages/airflow/example_dags/example_sla_dag.py
[2026-02-14T16:06:26.863+0000] {processor.py:840} INFO - DAG(s) 'example_sla_dag' retrieved from /home/airflow/.local/lib/python3.12/site-packages/airflow/example_dags/example_sla_dag.py
[2026-02-14T16:06:26.870+0000] {logging_mixin.py:188} INFO - [2026-02-14T16:06:26.870+0000] {dag.py:3089} INFO - Sync 1 DAGs
[2026-02-14T16:06:26.878+0000] {logging_mixin.py:188} INFO - [2026-02-14T16:06:26.878+0000] {dag.py:3947} INFO - Setting next_dagrun for example_sla_dag to 2026-02-14 16:04:00+00:00, run_after=2026-02-14 16:06:00+00:00
[2026-02-14T16:06:26.891+0000] {processor.py:183} INFO - Processing /home/airflow/.local/lib/python3.12/site-packages/airflow/example_dags/example_sla_dag.py took 0.036 seconds
[2026-02-14T16:06:57.778+0000] {processor.py:161} INFO - Started process (PID=2415) to work on /home/airflow/.local/lib/python3.12/site-packages/airflow/example_dags/example_sla_dag.py
[2026-02-14T16:06:57.779+0000] {processor.py:830} INFO - Processing file /home/airflow/.local/lib/python3.12/site-packages/airflow/example_dags/example_sla_dag.py for tasks to queue
[2026-02-14T16:06:57.780+0000] {logging_mixin.py:188} INFO - [2026-02-14T16:06:57.780+0000] {dagbag.py:545} INFO - Filling up the DagBag from /home/airflow/.local/lib/python3.12/site-packages/airflow/example_dags/example_sla_dag.py
[2026-02-14T16:06:57.784+0000] {processor.py:840} INFO - DAG(s) 'example_sla_dag' retrieved from /home/airflow/.local/lib/python3.12/site-packages/airflow/example_dags/example_sla_dag.py
[2026-02-14T16:06:57.801+0000] {logging_mixin.py:188} INFO - [2026-02-14T16:06:57.801+0000] {dag.py:3089} INFO - Sync 1 DAGs
[2026-02-14T16:06:57.815+0000] {logging_mixin.py:188} INFO - [2026-02-14T16:06:57.815+0000] {dag.py:3947} INFO - Setting next_dagrun for example_sla_dag to 2026-02-14 16:04:00+00:00, run_after=2026-02-14 16:06:00+00:00
[2026-02-14T16:06:57.837+0000] {processor.py:183} INFO - Processing /home/airflow/.local/lib/python3.12/site-packages/airflow/example_dags/example_sla_dag.py took 0.061 seconds
[2026-02-14T16:07:28.393+0000] {processor.py:161} INFO - Started process (PID=2474) to work on /home/airflow/.local/lib/python3.12/site-packages/airflow/example_dags/example_sla_dag.py
[2026-02-14T16:07:28.394+0000] {processor.py:830} INFO - Processing file /home/airflow/.local/lib/python3.12/site-packages/airflow/example_dags/example_sla_dag.py for tasks to queue
[2026-02-14T16:07:28.394+0000] {logging_mixin.py:188} INFO - [2026-02-14T16:07:28.394+0000] {dagbag.py:545} INFO - Filling up the DagBag from /home/airflow/.local/lib/python3.12/site-packages/airflow/example_dags/example_sla_dag.py
[2026-02-14T16:07:28.400+0000] {processor.py:840} INFO - DAG(s) 'example_sla_dag' retrieved from /home/airflow/.local/lib/python3.12/site-packages/airflow/example_dags/example_sla_dag.py
[2026-02-14T16:07:28.407+0000] {logging_mixin.py:188} INFO - [2026-02-14T16:07:28.407+0000] {dag.py:3089} INFO - Sync 1 DAGs
[2026-02-14T16:07:28.415+0000] {logging_mixin.py:188} INFO - [2026-02-14T16:07:28.415+0000] {dag.py:3947} INFO - Setting next_dagrun for example_sla_dag to 2026-02-14 16:04:00+00:00, run_after=2026-02-14 16:06:00+00:00
[2026-02-14T16:07:28.420+0000] {processor.py:183} INFO - Processing /home/airflow/.local/lib/python3.12/site-packages/airflow/example_dags/example_sla_dag.py took 0.030 seconds
[2026-02-14T16:07:59.155+0000] {processor.py:161} INFO - Started process (PID=2533) to work on /home/airflow/.local/lib/python3.12/site-packages/airflow/example_dags/example_sla_dag.py
[2026-02-14T16:07:59.156+0000] {processor.py:830} INFO - Processing file /home/airflow/.local/lib/python3.12/site-packages/airflow/example_dags/example_sla_dag.py for tasks to queue
[2026-02-14T16:07:59.156+0000] {logging_mixin.py:188} INFO - [2026-02-14T16:07:59.156+0000] {dagbag.py:545} INFO - Filling up the DagBag from /home/airflow/.local/lib/python3.12/site-packages/airflow/example_dags/example_sla_dag.py
[2026-02-14T16:07:59.160+0000] {processor.py:840} INFO - DAG(s) 'example_sla_dag' retrieved from /home/airflow/.local/lib/python3.12/site-packages/airflow/example_dags/example_sla_dag.py
[2026-02-14T16:07:59.170+0000] {logging_mixin.py:188} INFO - [2026-02-14T16:07:59.170+0000] {dag.py:3089} INFO - Sync 1 DAGs
[2026-02-14T16:07:59.179+0000] {logging_mixin.py:188} INFO - [2026-02-14T16:07:59.178+0000] {dag.py:3947} INFO - Setting next_dagrun for example_sla_dag to 2026-02-14 16:04:00+00:00, run_after=2026-02-14 16:06:00+00:00
[2026-02-14T16:07:59.185+0000] {processor.py:183} INFO - Processing /home/airflow/.local/lib/python3.12/site-packages/airflow/example_dags/example_sla_dag.py took 0.032 seconds
[2026-02-14T16:08:29.659+0000] {processor.py:161} INFO - Started process (PID=2592) to work on /home/airflow/.local/lib/python3.12/site-packages/airflow/example_dags/example_sla_dag.py
[2026-02-14T16:08:29.660+0000] {processor.py:830} INFO - Processing file /home/airflow/.local/lib/python3.12/site-packages/airflow/example_dags/example_sla_dag.py for tasks to queue
[2026-02-14T16:08:29.661+0000] {logging_mixin.py:188} INFO - [2026-02-14T16:08:29.661+0000] {dagbag.py:545} INFO - Filling up the DagBag from /home/airflow/.local/lib/python3.12/site-packages/airflow/example_dags/example_sla_dag.py
[2026-02-14T16:08:29.665+0000] {processor.py:840} INFO - DAG(s) 'example_sla_dag' retrieved from /home/airflow/.local/lib/python3.12/site-packages/airflow/example_dags/example_sla_dag.py
[2026-02-14T16:08:29.675+0000] {logging_mixin.py:188} INFO - [2026-02-14T16:08:29.674+0000] {dag.py:3089} INFO - Sync 1 DAGs
[2026-02-14T16:08:29.686+0000] {logging_mixin.py:188} INFO - [2026-02-14T16:08:29.686+0000] {dag.py:3947} INFO - Setting next_dagrun for example_sla_dag to 2026-02-14 16:06:00+00:00, run_after=2026-02-14 16:08:00+00:00
[2026-02-14T16:08:29.693+0000] {processor.py:183} INFO - Processing /home/airflow/.local/lib/python3.12/site-packages/airflow/example_dags/example_sla_dag.py took 0.037 seconds
[2026-02-14T16:09:00.090+0000] {processor.py:161} INFO - Started process (PID=2651) to work on /home/airflow/.local/lib/python3.12/site-packages/airflow/example_dags/example_sla_dag.py
[2026-02-14T16:09:00.091+0000] {processor.py:830} INFO - Processing file /home/airflow/.local/lib/python3.12/site-packages/airflow/example_dags/example_sla_dag.py for tasks to queue
[2026-02-14T16:09:00.092+0000] {logging_mixin.py:188} INFO - [2026-02-14T16:09:00.092+0000] {dagbag.py:545} INFO - Filling up the DagBag from /home/airflow/.local/lib/python3.12/site-packages/airflow/example_dags/example_sla_dag.py
[2026-02-14T16:09:00.096+0000] {processor.py:840} INFO - DAG(s) 'example_sla_dag' retrieved from /home/airflow/.local/lib/python3.12/site-packages/airflow/example_dags/example_sla_dag.py
[2026-02-14T16:09:00.108+0000] {logging_mixin.py:188} INFO - [2026-02-14T16:09:00.108+0000] {dag.py:3089} INFO - Sync 1 DAGs
[2026-02-14T16:09:00.120+0000] {logging_mixin.py:188} INFO - [2026-02-14T16:09:00.120+0000] {dag.py:3947} INFO - Setting next_dagrun for example_sla_dag to 2026-02-14 16:06:00+00:00, run_after=2026-02-14 16:08:00+00:00
[2026-02-14T16:09:00.127+0000] {processor.py:183} INFO - Processing /home/airflow/.local/lib/python3.12/site-packages/airflow/example_dags/example_sla_dag.py took 0.039 seconds
[2026-02-14T16:09:30.575+0000] {processor.py:161} INFO - Started process (PID=2710) to work on /home/airflow/.local/lib/python3.12/site-packages/airflow/example_dags/example_sla_dag.py
[2026-02-14T16:09:30.575+0000] {processor.py:830} INFO - Processing file /home/airflow/.local/lib/python3.12/site-packages/airflow/example_dags/example_sla_dag.py for tasks to queue
[2026-02-14T16:09:30.576+0000] {logging_mixin.py:188} INFO - [2026-02-14T16:09:30.576+0000] {dagbag.py:545} INFO - Filling up the DagBag from /home/airflow/.local/lib/python3.12/site-packages/airflow/example_dags/example_sla_dag.py
[2026-02-14T16:09:30.579+0000] {processor.py:840} INFO - DAG(s) 'example_sla_dag' retrieved from /home/airflow/.local/lib/python3.12/site-packages/airflow/example_dags/example_sla_dag.py
[2026-02-14T16:09:30.586+0000] {logging_mixin.py:188} INFO - [2026-02-14T16:09:30.585+0000] {dag.py:3089} INFO - Sync 1 DAGs
[2026-02-14T16:09:30.593+0000] {logging_mixin.py:188} INFO - [2026-02-14T16:09:30.593+0000] {dag.py:3947} INFO - Setting next_dagrun for example_sla_dag to 2026-02-14 16:06:00+00:00, run_after=2026-02-14 16:08:00+00:00
[2026-02-14T16:09:30.599+0000] {processor.py:183} INFO - Processing /home/airflow/.local/lib/python3.12/site-packages/airflow/example_dags/example_sla_dag.py took 0.026 seconds
[2026-02-14T16:10:00.868+0000] {processor.py:161} INFO - Started process (PID=2769) to work on /home/airflow/.local/lib/python3.12/site-packages/airflow/example_dags/example_sla_dag.py
[2026-02-14T16:10:00.869+0000] {processor.py:830} INFO - Processing file /home/airflow/.local/lib/python3.12/site-packages/airflow/example_dags/example_sla_dag.py for tasks to queue
[2026-02-14T16:10:00.869+0000] {logging_mixin.py:188} INFO - [2026-02-14T16:10:00.869+0000] {dagbag.py:545} INFO - Filling up the DagBag from /home/airflow/.local/lib/python3.12/site-packages/airflow/example_dags/example_sla_dag.py
[2026-02-14T16:10:00.872+0000] {processor.py:840} INFO - DAG(s) 'example_sla_dag' retrieved from /home/airflow/.local/lib/python3.12/site-packages/airflow/example_dags/example_sla_dag.py
[2026-02-14T16:10:00.879+0000] {logging_mixin.py:188} INFO - [2026-02-14T16:10:00.879+0000] {dag.py:3089} INFO - Sync 1 DAGs
[2026-02-14T16:10:00.887+0000] {logging_mixin.py:188} INFO - [2026-02-14T16:10:00.887+0000] {dag.py:3947} INFO - Setting next_dagrun for example_sla_dag to 2026-02-14 16:08:00+00:00, run_after=2026-02-14 16:10:00+00:00
[2026-02-14T16:10:00.893+0000] {processor.py:183} INFO - Processing /home/airflow/.local/lib/python3.12/site-packages/airflow/example_dags/example_sla_dag.py took 0.027 seconds
[2026-02-14T16:10:31.289+0000] {processor.py:161} INFO - Started process (PID=2827) to work on /home/airflow/.local/lib/python3.12/site-packages/airflow/example_dags/example_sla_dag.py
[2026-02-14T16:10:31.290+0000] {processor.py:830} INFO - Processing file /home/airflow/.local/lib/python3.12/site-packages/airflow/example_dags/example_sla_dag.py for tasks to queue
[2026-02-14T16:10:31.290+0000] {logging_mixin.py:188} INFO - [2026-02-14T16:10:31.290+0000] {dagbag.py:545} INFO - Filling up the DagBag from /home/airflow/.local/lib/python3.12/site-packages/airflow/example_dags/example_sla_dag.py
[2026-02-14T16:10:31.295+0000] {processor.py:840} INFO - DAG(s) 'example_sla_dag' retrieved from /home/airflow/.local/lib/python3.12/site-packages/airflow/example_dags/example_sla_dag.py
[2026-02-14T16:10:31.307+0000] {logging_mixin.py:188} INFO - [2026-02-14T16:10:31.307+0000] {dag.py:3089} INFO - Sync 1 DAGs
[2026-02-14T16:10:31.320+0000] {logging_mixin.py:188} INFO - [2026-02-14T16:10:31.320+0000] {dag.py:3947} INFO - Setting next_dagrun for example_sla_dag to 2026-02-14 16:08:00+00:00, run_after=2026-02-14 16:10:00+00:00
[2026-02-14T16:10:31.328+0000] {processor.py:183} INFO - Processing /home/airflow/.local/lib/python3.12/site-packages/airflow/example_dags/example_sla_dag.py took 0.044 seconds
[2026-02-14T16:11:02.025+0000] {processor.py:161} INFO - Started process (PID=2886) to work on /home/airflow/.local/lib/python3.12/site-packages/airflow/example_dags/example_sla_dag.py
[2026-02-14T16:11:02.025+0000] {processor.py:830} INFO - Processing file /home/airflow/.local/lib/python3.12/site-packages/airflow/example_dags/example_sla_dag.py for tasks to queue
[2026-02-14T16:11:02.027+0000] {logging_mixin.py:188} INFO - [2026-02-14T16:11:02.026+0000] {dagbag.py:545} INFO - Filling up the DagBag from /home/airflow/.local/lib/python3.12/site-packages/airflow/example_dags/example_sla_dag.py
[2026-02-14T16:11:02.031+0000] {processor.py:840} INFO - DAG(s) 'example_sla_dag' retrieved from /home/airflow/.local/lib/python3.12/site-packages/airflow/example_dags/example_sla_dag.py
[2026-02-14T16:11:02.040+0000] {logging_mixin.py:188} INFO - [2026-02-14T16:11:02.040+0000] {dag.py:3089} INFO - Sync 1 DAGs
[2026-02-14T16:11:02.054+0000] {logging_mixin.py:188} INFO - [2026-02-14T16:11:02.054+0000] {dag.py:3947} INFO - Setting next_dagrun for example_sla_dag to 2026-02-14 16:08:00+00:00, run_after=2026-02-14 16:10:00+00:00
[2026-02-14T16:11:02.068+0000] {processor.py:183} INFO - Processing /home/airflow/.local/lib/python3.12/site-packages/airflow/example_dags/example_sla_dag.py took 0.045 seconds
[2026-02-14T16:11:32.260+0000] {processor.py:161} INFO - Started process (PID=2945) to work on /home/airflow/.local/lib/python3.12/site-packages/airflow/example_dags/example_sla_dag.py
[2026-02-14T16:11:32.261+0000] {processor.py:830} INFO - Processing file /home/airflow/.local/lib/python3.12/site-packages/airflow/example_dags/example_sla_dag.py for tasks to queue
[2026-02-14T16:11:32.262+0000] {logging_mixin.py:188} INFO - [2026-02-14T16:11:32.262+0000] {dagbag.py:545} INFO - Filling up the DagBag from /home/airflow/.local/lib/python3.12/site-packages/airflow/example_dags/example_sla_dag.py
[2026-02-14T16:11:32.266+0000] {processor.py:840} INFO - DAG(s) 'example_sla_dag' retrieved from /home/airflow/.local/lib/python3.12/site-packages/airflow/example_dags/example_sla_dag.py
[2026-02-14T16:11:32.278+0000] {logging_mixin.py:188} INFO - [2026-02-14T16:11:32.278+0000] {dag.py:3089} INFO - Sync 1 DAGs
[2026-02-14T16:11:32.289+0000] {logging_mixin.py:188} INFO - [2026-02-14T16:11:32.288+0000] {dag.py:3947} INFO - Setting next_dagrun for example_sla_dag to 2026-02-14 16:08:00+00:00, run_after=2026-02-14 16:10:00+00:00
[2026-02-14T16:11:32.298+0000] {processor.py:183} INFO - Processing /home/airflow/.local/lib/python3.12/site-packages/airflow/example_dags/example_sla_dag.py took 0.041 seconds
[2026-02-14T16:12:02.604+0000] {processor.py:161} INFO - Started process (PID=3004) to work on /home/airflow/.local/lib/python3.12/site-packages/airflow/example_dags/example_sla_dag.py
[2026-02-14T16:12:02.604+0000] {processor.py:830} INFO - Processing file /home/airflow/.local/lib/python3.12/site-packages/airflow/example_dags/example_sla_dag.py for tasks to queue
[2026-02-14T16:12:02.605+0000] {logging_mixin.py:188} INFO - [2026-02-14T16:12:02.605+0000] {dagbag.py:545} INFO - Filling up the DagBag from /home/airflow/.local/lib/python3.12/site-packages/airflow/example_dags/example_sla_dag.py
[2026-02-14T16:12:02.608+0000] {processor.py:840} INFO - DAG(s) 'example_sla_dag' retrieved from /home/airflow/.local/lib/python3.12/site-packages/airflow/example_dags/example_sla_dag.py
[2026-02-14T16:12:02.616+0000] {logging_mixin.py:188} INFO - [2026-02-14T16:12:02.616+0000] {dag.py:3089} INFO - Sync 1 DAGs
[2026-02-14T16:12:02.626+0000] {logging_mixin.py:188} INFO - [2026-02-14T16:12:02.626+0000] {dag.py:3947} INFO - Setting next_dagrun for example_sla_dag to 2026-02-14 16:10:00+00:00, run_after=2026-02-14 16:12:00+00:00
[2026-02-14T16:12:02.632+0000] {processor.py:183} INFO - Processing /home/airflow/.local/lib/python3.12/site-packages/airflow/example_dags/example_sla_dag.py took 0.031 seconds
[2026-02-14T16:12:33.078+0000] {processor.py:161} INFO - Started process (PID=3063) to work on /home/airflow/.local/lib/python3.12/site-packages/airflow/example_dags/example_sla_dag.py
[2026-02-14T16:12:33.079+0000] {processor.py:830} INFO - Processing file /home/airflow/.local/lib/python3.12/site-packages/airflow/example_dags/example_sla_dag.py for tasks to queue
[2026-02-14T16:12:33.080+0000] {logging_mixin.py:188} INFO - [2026-02-14T16:12:33.079+0000] {dagbag.py:545} INFO - Filling up the DagBag from /home/airflow/.local/lib/python3.12/site-packages/airflow/example_dags/example_sla_dag.py
[2026-02-14T16:12:33.083+0000] {processor.py:840} INFO - DAG(s) 'example_sla_dag' retrieved from /home/airflow/.local/lib/python3.12/site-packages/airflow/example_dags/example_sla_dag.py
[2026-02-14T16:12:33.091+0000] {logging_mixin.py:188} INFO - [2026-02-14T16:12:33.091+0000] {dag.py:3089} INFO - Sync 1 DAGs
[2026-02-14T16:12:33.100+0000] {logging_mixin.py:188} INFO - [2026-02-14T16:12:33.100+0000] {dag.py:3947} INFO - Setting next_dagrun for example_sla_dag to 2026-02-14 16:10:00+00:00, run_after=2026-02-14 16:12:00+00:00
[2026-02-14T16:12:33.107+0000] {processor.py:183} INFO - Processing /home/airflow/.local/lib/python3.12/site-packages/airflow/example_dags/example_sla_dag.py took 0.031 seconds
[2026-02-14T16:13:03.523+0000] {processor.py:161} INFO - Started process (PID=3122) to work on /home/airflow/.local/lib/python3.12/site-packages/airflow/example_dags/example_sla_dag.py
[2026-02-14T16:13:03.524+0000] {processor.py:830} INFO - Processing file /home/airflow/.local/lib/python3.12/site-packages/airflow/example_dags/example_sla_dag.py for tasks to queue
[2026-02-14T16:13:03.524+0000] {logging_mixin.py:188} INFO - [2026-02-14T16:13:03.524+0000] {dagbag.py:545} INFO - Filling up the DagBag from /home/airflow/.local/lib/python3.12/site-packages/airflow/example_dags/example_sla_dag.py
[2026-02-14T16:13:03.528+0000] {processor.py:840} INFO - DAG(s) 'example_sla_dag' retrieved from /home/airflow/.local/lib/python3.12/site-packages/airflow/example_dags/example_sla_dag.py
[2026-02-14T16:13:03.535+0000] {logging_mixin.py:188} INFO - [2026-02-14T16:13:03.535+0000] {dag.py:3089} INFO - Sync 1 DAGs
[2026-02-14T16:13:03.543+0000] {logging_mixin.py:188} INFO - [2026-02-14T16:13:03.543+0000] {dag.py:3947} INFO - Setting next_dagrun for example_sla_dag to 2026-02-14 16:10:00+00:00, run_after=2026-02-14 16:12:00+00:00
[2026-02-14T16:13:03.549+0000] {processor.py:183} INFO - Processing /home/airflow/.local/lib/python3.12/site-packages/airflow/example_dags/example_sla_dag.py took 0.028 seconds
[2026-02-14T16:13:33.797+0000] {processor.py:161} INFO - Started process (PID=3181) to work on /home/airflow/.local/lib/python3.12/site-packages/airflow/example_dags/example_sla_dag.py
[2026-02-14T16:13:33.798+0000] {processor.py:830} INFO - Processing file /home/airflow/.local/lib/python3.12/site-packages/airflow/example_dags/example_sla_dag.py for tasks to queue
[2026-02-14T16:13:33.800+0000] {logging_mixin.py:188} INFO - [2026-02-14T16:13:33.800+0000] {dagbag.py:545} INFO - Filling up the DagBag from /home/airflow/.local/lib/python3.12/site-packages/airflow/example_dags/example_sla_dag.py
[2026-02-14T16:13:33.803+0000] {processor.py:840} INFO - DAG(s) 'example_sla_dag' retrieved from /home/airflow/.local/lib/python3.12/site-packages/airflow/example_dags/example_sla_dag.py
[2026-02-14T16:13:33.810+0000] {logging_mixin.py:188} INFO - [2026-02-14T16:13:33.810+0000] {dag.py:3089} INFO - Sync 1 DAGs
[2026-02-14T16:13:33.819+0000] {logging_mixin.py:188} INFO - [2026-02-14T16:13:33.819+0000] {dag.py:3947} INFO - Setting next_dagrun for example_sla_dag to 2026-02-14 16:10:00+00:00, run_after=2026-02-14 16:12:00+00:00
[2026-02-14T16:13:33.824+0000] {processor.py:183} INFO - Processing /home/airflow/.local/lib/python3.12/site-packages/airflow/example_dags/example_sla_dag.py took 0.030 seconds
[2026-02-14T16:14:04.230+0000] {processor.py:161} INFO - Started process (PID=3240) to work on /home/airflow/.local/lib/python3.12/site-packages/airflow/example_dags/example_sla_dag.py
[2026-02-14T16:14:04.230+0000] {processor.py:830} INFO - Processing file /home/airflow/.local/lib/python3.12/site-packages/airflow/example_dags/example_sla_dag.py for tasks to queue
[2026-02-14T16:14:04.231+0000] {logging_mixin.py:188} INFO - [2026-02-14T16:14:04.231+0000] {dagbag.py:545} INFO - Filling up the DagBag from /home/airflow/.local/lib/python3.12/site-packages/airflow/example_dags/example_sla_dag.py
[2026-02-14T16:14:04.235+0000] {processor.py:840} INFO - DAG(s) 'example_sla_dag' retrieved from /home/airflow/.local/lib/python3.12/site-packages/airflow/example_dags/example_sla_dag.py
[2026-02-14T16:14:04.250+0000] {logging_mixin.py:188} INFO - [2026-02-14T16:14:04.250+0000] {dag.py:3089} INFO - Sync 1 DAGs
[2026-02-14T16:14:04.266+0000] {logging_mixin.py:188} INFO - [2026-02-14T16:14:04.266+0000] {dag.py:3947} INFO - Setting next_dagrun for example_sla_dag to 2026-02-14 16:12:00+00:00, run_after=2026-02-14 16:14:00+00:00
[2026-02-14T16:14:04.273+0000] {processor.py:183} INFO - Processing /home/airflow/.local/lib/python3.12/site-packages/airflow/example_dags/example_sla_dag.py took 0.046 seconds
[2026-02-14T16:14:35.164+0000] {processor.py:161} INFO - Started process (PID=3299) to work on /home/airflow/.local/lib/python3.12/site-packages/airflow/example_dags/example_sla_dag.py
[2026-02-14T16:14:35.168+0000] {processor.py:830} INFO - Processing file /home/airflow/.local/lib/python3.12/site-packages/airflow/example_dags/example_sla_dag.py for tasks to queue
[2026-02-14T16:14:35.172+0000] {logging_mixin.py:188} INFO - [2026-02-14T16:14:35.172+0000] {dagbag.py:545} INFO - Filling up the DagBag from /home/airflow/.local/lib/python3.12/site-packages/airflow/example_dags/example_sla_dag.py
[2026-02-14T16:14:35.181+0000] {processor.py:840} INFO - DAG(s) 'example_sla_dag' retrieved from /home/airflow/.local/lib/python3.12/site-packages/airflow/example_dags/example_sla_dag.py
[2026-02-14T16:14:35.204+0000] {logging_mixin.py:188} INFO - [2026-02-14T16:14:35.204+0000] {dag.py:3089} INFO - Sync 1 DAGs
[2026-02-14T16:14:35.222+0000] {logging_mixin.py:188} INFO - [2026-02-14T16:14:35.222+0000] {dag.py:3947} INFO - Setting next_dagrun for example_sla_dag to 2026-02-14 16:12:00+00:00, run_after=2026-02-14 16:14:00+00:00
[2026-02-14T16:14:35.244+0000] {processor.py:183} INFO - Processing /home/airflow/.local/lib/python3.12/site-packages/airflow/example_dags/example_sla_dag.py took 0.088 seconds
[2026-02-14T16:15:05.636+0000] {processor.py:161} INFO - Started process (PID=3358) to work on /home/airflow/.local/lib/python3.12/site-packages/airflow/example_dags/example_sla_dag.py
[2026-02-14T16:15:05.637+0000] {processor.py:830} INFO - Processing file /home/airflow/.local/lib/python3.12/site-packages/airflow/example_dags/example_sla_dag.py for tasks to queue
[2026-02-14T16:15:05.638+0000] {logging_mixin.py:188} INFO - [2026-02-14T16:15:05.638+0000] {dagbag.py:545} INFO - Filling up the DagBag from /home/airflow/.local/lib/python3.12/site-packages/airflow/example_dags/example_sla_dag.py
[2026-02-14T16:15:05.644+0000] {processor.py:840} INFO - DAG(s) 'example_sla_dag' retrieved from /home/airflow/.local/lib/python3.12/site-packages/airflow/example_dags/example_sla_dag.py
[2026-02-14T16:15:05.656+0000] {logging_mixin.py:188} INFO - [2026-02-14T16:15:05.656+0000] {dag.py:3089} INFO - Sync 1 DAGs
[2026-02-14T16:15:05.668+0000] {logging_mixin.py:188} INFO - [2026-02-14T16:15:05.668+0000] {dag.py:3947} INFO - Setting next_dagrun for example_sla_dag to 2026-02-14 16:12:00+00:00, run_after=2026-02-14 16:14:00+00:00
[2026-02-14T16:15:05.677+0000] {processor.py:183} INFO - Processing /home/airflow/.local/lib/python3.12/site-packages/airflow/example_dags/example_sla_dag.py took 0.043 seconds
[2026-02-14T16:15:36.292+0000] {processor.py:161} INFO - Started process (PID=3417) to work on /home/airflow/.local/lib/python3.12/site-packages/airflow/example_dags/example_sla_dag.py
[2026-02-14T16:15:36.293+0000] {processor.py:830} INFO - Processing file /home/airflow/.local/lib/python3.12/site-packages/airflow/example_dags/example_sla_dag.py for tasks to queue
[2026-02-14T16:15:36.296+0000] {logging_mixin.py:188} INFO - [2026-02-14T16:15:36.295+0000] {dagbag.py:545} INFO - Filling up the DagBag from /home/airflow/.local/lib/python3.12/site-packages/airflow/example_dags/example_sla_dag.py
[2026-02-14T16:15:36.300+0000] {processor.py:840} INFO - DAG(s) 'example_sla_dag' retrieved from /home/airflow/.local/lib/python3.12/site-packages/airflow/example_dags/example_sla_dag.py
[2026-02-14T16:15:36.309+0000] {logging_mixin.py:188} INFO - [2026-02-14T16:15:36.309+0000] {dag.py:3089} INFO - Sync 1 DAGs
[2026-02-14T16:15:36.319+0000] {logging_mixin.py:188} INFO - [2026-02-14T16:15:36.318+0000] {dag.py:3947} INFO - Setting next_dagrun for example_sla_dag to 2026-02-14 16:12:00+00:00, run_after=2026-02-14 16:14:00+00:00
[2026-02-14T16:15:36.326+0000] {processor.py:183} INFO - Processing /home/airflow/.local/lib/python3.12/site-packages/airflow/example_dags/example_sla_dag.py took 0.036 seconds
[2026-02-14T16:16:06.459+0000] {processor.py:161} INFO - Started process (PID=3476) to work on /home/airflow/.local/lib/python3.12/site-packages/airflow/example_dags/example_sla_dag.py
[2026-02-14T16:16:06.460+0000] {processor.py:830} INFO - Processing file /home/airflow/.local/lib/python3.12/site-packages/airflow/example_dags/example_sla_dag.py for tasks to queue
[2026-02-14T16:16:06.461+0000] {logging_mixin.py:188} INFO - [2026-02-14T16:16:06.461+0000] {dagbag.py:545} INFO - Filling up the DagBag from /home/airflow/.local/lib/python3.12/site-packages/airflow/example_dags/example_sla_dag.py
[2026-02-14T16:16:06.464+0000] {processor.py:840} INFO - DAG(s) 'example_sla_dag' retrieved from /home/airflow/.local/lib/python3.12/site-packages/airflow/example_dags/example_sla_dag.py
[2026-02-14T16:16:06.474+0000] {logging_mixin.py:188} INFO - [2026-02-14T16:16:06.473+0000] {dag.py:3089} INFO - Sync 1 DAGs
[2026-02-14T16:16:06.488+0000] {logging_mixin.py:188} INFO - [2026-02-14T16:16:06.488+0000] {dag.py:3947} INFO - Setting next_dagrun for example_sla_dag to 2026-02-14 16:14:00+00:00, run_after=2026-02-14 16:16:00+00:00
[2026-02-14T16:16:06.500+0000] {processor.py:183} INFO - Processing /home/airflow/.local/lib/python3.12/site-packages/airflow/example_dags/example_sla_dag.py took 0.044 seconds
[2026-02-14T16:16:37.004+0000] {processor.py:161} INFO - Started process (PID=3535) to work on /home/airflow/.local/lib/python3.12/site-packages/airflow/example_dags/example_sla_dag.py
[2026-02-14T16:16:37.005+0000] {processor.py:830} INFO - Processing file /home/airflow/.local/lib/python3.12/site-packages/airflow/example_dags/example_sla_dag.py for tasks to queue
[2026-02-14T16:16:37.006+0000] {logging_mixin.py:188} INFO - [2026-02-14T16:16:37.006+0000] {dagbag.py:545} INFO - Filling up the DagBag from /home/airflow/.local/lib/python3.12/site-packages/airflow/example_dags/example_sla_dag.py
[2026-02-14T16:16:37.010+0000] {processor.py:840} INFO - DAG(s) 'example_sla_dag' retrieved from /home/airflow/.local/lib/python3.12/site-packages/airflow/example_dags/example_sla_dag.py
[2026-02-14T16:16:37.019+0000] {logging_mixin.py:188} INFO - [2026-02-14T16:16:37.019+0000] {dag.py:3089} INFO - Sync 1 DAGs
[2026-02-14T16:16:37.028+0000] {logging_mixin.py:188} INFO - [2026-02-14T16:16:37.028+0000] {dag.py:3947} INFO - Setting next_dagrun for example_sla_dag to 2026-02-14 16:14:00+00:00, run_after=2026-02-14 16:16:00+00:00
[2026-02-14T16:16:37.037+0000] {processor.py:183} INFO - Processing /home/airflow/.local/lib/python3.12/site-packages/airflow/example_dags/example_sla_dag.py took 0.035 seconds
[2026-02-14T16:17:07.542+0000] {processor.py:161} INFO - Started process (PID=3594) to work on /home/airflow/.local/lib/python3.12/site-packages/airflow/example_dags/example_sla_dag.py
[2026-02-14T16:17:07.543+0000] {processor.py:830} INFO - Processing file /home/airflow/.local/lib/python3.12/site-packages/airflow/example_dags/example_sla_dag.py for tasks to queue
[2026-02-14T16:17:07.544+0000] {logging_mixin.py:188} INFO - [2026-02-14T16:17:07.544+0000] {dagbag.py:545} INFO - Filling up the DagBag from /home/airflow/.local/lib/python3.12/site-packages/airflow/example_dags/example_sla_dag.py
[2026-02-14T16:17:07.548+0000] {processor.py:840} INFO - DAG(s) 'example_sla_dag' retrieved from /home/airflow/.local/lib/python3.12/site-packages/airflow/example_dags/example_sla_dag.py
[2026-02-14T16:17:07.562+0000] {logging_mixin.py:188} INFO - [2026-02-14T16:17:07.562+0000] {dag.py:3089} INFO - Sync 1 DAGs
[2026-02-14T16:17:07.572+0000] {logging_mixin.py:188} INFO - [2026-02-14T16:17:07.572+0000] {dag.py:3947} INFO - Setting next_dagrun for example_sla_dag to 2026-02-14 16:14:00+00:00, run_after=2026-02-14 16:16:00+00:00
[2026-02-14T16:17:07.578+0000] {processor.py:183} INFO - Processing /home/airflow/.local/lib/python3.12/site-packages/airflow/example_dags/example_sla_dag.py took 0.038 seconds
[2026-02-14T16:17:38.195+0000] {processor.py:161} INFO - Started process (PID=3653) to work on /home/airflow/.local/lib/python3.12/site-packages/airflow/example_dags/example_sla_dag.py
[2026-02-14T16:17:38.196+0000] {processor.py:830} INFO - Processing file /home/airflow/.local/lib/python3.12/site-packages/airflow/example_dags/example_sla_dag.py for tasks to queue
[2026-02-14T16:17:38.197+0000] {logging_mixin.py:188} INFO - [2026-02-14T16:17:38.196+0000] {dagbag.py:545} INFO - Filling up the DagBag from /home/airflow/.local/lib/python3.12/site-packages/airflow/example_dags/example_sla_dag.py
[2026-02-14T16:17:38.200+0000] {processor.py:840} INFO - DAG(s) 'example_sla_dag' retrieved from /home/airflow/.local/lib/python3.12/site-packages/airflow/example_dags/example_sla_dag.py
[2026-02-14T16:17:38.209+0000] {logging_mixin.py:188} INFO - [2026-02-14T16:17:38.209+0000] {dag.py:3089} INFO - Sync 1 DAGs
[2026-02-14T16:17:38.218+0000] {logging_mixin.py:188} INFO - [2026-02-14T16:17:38.218+0000] {dag.py:3947} INFO - Setting next_dagrun for example_sla_dag to 2026-02-14 16:14:00+00:00, run_after=2026-02-14 16:16:00+00:00
[2026-02-14T16:17:38.224+0000] {processor.py:183} INFO - Processing /home/airflow/.local/lib/python3.12/site-packages/airflow/example_dags/example_sla_dag.py took 0.032 seconds
[2026-02-14T16:18:08.813+0000] {processor.py:161} INFO - Started process (PID=3712) to work on /home/airflow/.local/lib/python3.12/site-packages/airflow/example_dags/example_sla_dag.py
[2026-02-14T16:18:08.814+0000] {processor.py:830} INFO - Processing file /home/airflow/.local/lib/python3.12/site-packages/airflow/example_dags/example_sla_dag.py for tasks to queue
[2026-02-14T16:18:08.815+0000] {logging_mixin.py:188} INFO - [2026-02-14T16:18:08.815+0000] {dagbag.py:545} INFO - Filling up the DagBag from /home/airflow/.local/lib/python3.12/site-packages/airflow/example_dags/example_sla_dag.py
[2026-02-14T16:18:08.820+0000] {processor.py:840} INFO - DAG(s) 'example_sla_dag' retrieved from /home/airflow/.local/lib/python3.12/site-packages/airflow/example_dags/example_sla_dag.py
[2026-02-14T16:18:08.829+0000] {logging_mixin.py:188} INFO - [2026-02-14T16:18:08.829+0000] {dag.py:3089} INFO - Sync 1 DAGs
[2026-02-14T16:18:08.839+0000] {logging_mixin.py:188} INFO - [2026-02-14T16:18:08.839+0000] {dag.py:3947} INFO - Setting next_dagrun for example_sla_dag to 2026-02-14 16:16:00+00:00, run_after=2026-02-14 16:18:00+00:00
[2026-02-14T16:18:08.845+0000] {processor.py:183} INFO - Processing /home/airflow/.local/lib/python3.12/site-packages/airflow/example_dags/example_sla_dag.py took 0.034 seconds
[2026-02-14T16:18:39.479+0000] {processor.py:161} INFO - Started process (PID=3771) to work on /home/airflow/.local/lib/python3.12/site-packages/airflow/example_dags/example_sla_dag.py
[2026-02-14T16:18:39.481+0000] {processor.py:830} INFO - Processing file /home/airflow/.local/lib/python3.12/site-packages/airflow/example_dags/example_sla_dag.py for tasks to queue
[2026-02-14T16:18:39.482+0000] {logging_mixin.py:188} INFO - [2026-02-14T16:18:39.482+0000] {dagbag.py:545} INFO - Filling up the DagBag from /home/airflow/.local/lib/python3.12/site-packages/airflow/example_dags/example_sla_dag.py
[2026-02-14T16:18:39.487+0000] {processor.py:840} INFO - DAG(s) 'example_sla_dag' retrieved from /home/airflow/.local/lib/python3.12/site-packages/airflow/example_dags/example_sla_dag.py
[2026-02-14T16:18:39.496+0000] {logging_mixin.py:188} INFO - [2026-02-14T16:18:39.496+0000] {dag.py:3089} INFO - Sync 1 DAGs
[2026-02-14T16:18:39.509+0000] {logging_mixin.py:188} INFO - [2026-02-14T16:18:39.509+0000] {dag.py:3947} INFO - Setting next_dagrun for example_sla_dag to 2026-02-14 16:16:00+00:00, run_after=2026-02-14 16:18:00+00:00
[2026-02-14T16:18:39.520+0000] {processor.py:183} INFO - Processing /home/airflow/.local/lib/python3.12/site-packages/airflow/example_dags/example_sla_dag.py took 0.044 seconds
[2026-02-14T16:19:09.641+0000] {processor.py:161} INFO - Started process (PID=3830) to work on /home/airflow/.local/lib/python3.12/site-packages/airflow/example_dags/example_sla_dag.py
[2026-02-14T16:19:09.642+0000] {processor.py:830} INFO - Processing file /home/airflow/.local/lib/python3.12/site-packages/airflow/example_dags/example_sla_dag.py for tasks to queue
[2026-02-14T16:19:09.643+0000] {logging_mixin.py:188} INFO - [2026-02-14T16:19:09.643+0000] {dagbag.py:545} INFO - Filling up the DagBag from /home/airflow/.local/lib/python3.12/site-packages/airflow/example_dags/example_sla_dag.py
[2026-02-14T16:19:09.649+0000] {processor.py:840} INFO - DAG(s) 'example_sla_dag' retrieved from /home/airflow/.local/lib/python3.12/site-packages/airflow/example_dags/example_sla_dag.py
[2026-02-14T16:19:09.659+0000] {logging_mixin.py:188} INFO - [2026-02-14T16:19:09.659+0000] {dag.py:3089} INFO - Sync 1 DAGs
[2026-02-14T16:19:09.668+0000] {logging_mixin.py:188} INFO - [2026-02-14T16:19:09.668+0000] {dag.py:3947} INFO - Setting next_dagrun for example_sla_dag to 2026-02-14 16:16:00+00:00, run_after=2026-02-14 16:18:00+00:00
[2026-02-14T16:19:09.675+0000] {processor.py:183} INFO - Processing /home/airflow/.local/lib/python3.12/site-packages/airflow/example_dags/example_sla_dag.py took 0.038 seconds
[2026-02-14T16:19:40.427+0000] {processor.py:161} INFO - Started process (PID=3889) to work on /home/airflow/.local/lib/python3.12/site-packages/airflow/example_dags/example_sla_dag.py
[2026-02-14T16:19:40.428+0000] {processor.py:830} INFO - Processing file /home/airflow/.local/lib/python3.12/site-packages/airflow/example_dags/example_sla_dag.py for tasks to queue
[2026-02-14T16:19:40.429+0000] {logging_mixin.py:188} INFO - [2026-02-14T16:19:40.429+0000] {dagbag.py:545} INFO - Filling up the DagBag from /home/airflow/.local/lib/python3.12/site-packages/airflow/example_dags/example_sla_dag.py
[2026-02-14T16:19:40.434+0000] {processor.py:840} INFO - DAG(s) 'example_sla_dag' retrieved from /home/airflow/.local/lib/python3.12/site-packages/airflow/example_dags/example_sla_dag.py
[2026-02-14T16:19:40.446+0000] {logging_mixin.py:188} INFO - [2026-02-14T16:19:40.446+0000] {dag.py:3089} INFO - Sync 1 DAGs
[2026-02-14T16:19:40.460+0000] {logging_mixin.py:188} INFO - [2026-02-14T16:19:40.460+0000] {dag.py:3947} INFO - Setting next_dagrun for example_sla_dag to 2026-02-14 16:16:00+00:00, run_after=2026-02-14 16:18:00+00:00
[2026-02-14T16:19:40.469+0000] {processor.py:183} INFO - Processing /home/airflow/.local/lib/python3.12/site-packages/airflow/example_dags/example_sla_dag.py took 0.045 seconds
[2026-02-14T16:20:10.836+0000] {processor.py:161} INFO - Started process (PID=3948) to work on /home/airflow/.local/lib/python3.12/site-packages/airflow/example_dags/example_sla_dag.py
[2026-02-14T16:20:10.837+0000] {processor.py:830} INFO - Processing file /home/airflow/.local/lib/python3.12/site-packages/airflow/example_dags/example_sla_dag.py for tasks to queue
[2026-02-14T16:20:10.838+0000] {logging_mixin.py:188} INFO - [2026-02-14T16:20:10.838+0000] {dagbag.py:545} INFO - Filling up the DagBag from /home/airflow/.local/lib/python3.12/site-packages/airflow/example_dags/example_sla_dag.py
[2026-02-14T16:20:10.842+0000] {processor.py:840} INFO - DAG(s) 'example_sla_dag' retrieved from /home/airflow/.local/lib/python3.12/site-packages/airflow/example_dags/example_sla_dag.py
[2026-02-14T16:20:10.852+0000] {logging_mixin.py:188} INFO - [2026-02-14T16:20:10.852+0000] {dag.py:3089} INFO - Sync 1 DAGs
[2026-02-14T16:20:10.872+0000] {logging_mixin.py:188} INFO - [2026-02-14T16:20:10.872+0000] {dag.py:3947} INFO - Setting next_dagrun for example_sla_dag to 2026-02-14 16:18:00+00:00, run_after=2026-02-14 16:20:00+00:00
[2026-02-14T16:20:10.901+0000] {processor.py:183} INFO - Processing /home/airflow/.local/lib/python3.12/site-packages/airflow/example_dags/example_sla_dag.py took 0.071 seconds
[2026-02-14T16:20:41.317+0000] {processor.py:161} INFO - Started process (PID=4007) to work on /home/airflow/.local/lib/python3.12/site-packages/airflow/example_dags/example_sla_dag.py
[2026-02-14T16:20:41.317+0000] {processor.py:830} INFO - Processing file /home/airflow/.local/lib/python3.12/site-packages/airflow/example_dags/example_sla_dag.py for tasks to queue
[2026-02-14T16:20:41.318+0000] {logging_mixin.py:188} INFO - [2026-02-14T16:20:41.318+0000] {dagbag.py:545} INFO - Filling up the DagBag from /home/airflow/.local/lib/python3.12/site-packages/airflow/example_dags/example_sla_dag.py
[2026-02-14T16:20:41.323+0000] {processor.py:840} INFO - DAG(s) 'example_sla_dag' retrieved from /home/airflow/.local/lib/python3.12/site-packages/airflow/example_dags/example_sla_dag.py
[2026-02-14T16:20:41.333+0000] {logging_mixin.py:188} INFO - [2026-02-14T16:20:41.333+0000] {dag.py:3089} INFO - Sync 1 DAGs
[2026-02-14T16:20:41.344+0000] {logging_mixin.py:188} INFO - [2026-02-14T16:20:41.344+0000] {dag.py:3947} INFO - Setting next_dagrun for example_sla_dag to 2026-02-14 16:18:00+00:00, run_after=2026-02-14 16:20:00+00:00
[2026-02-14T16:20:41.356+0000] {processor.py:183} INFO - Processing /home/airflow/.local/lib/python3.12/site-packages/airflow/example_dags/example_sla_dag.py took 0.041 seconds
[2026-02-14T16:21:11.914+0000] {processor.py:161} INFO - Started process (PID=4066) to work on /home/airflow/.local/lib/python3.12/site-packages/airflow/example_dags/example_sla_dag.py
[2026-02-14T16:21:11.915+0000] {processor.py:830} INFO - Processing file /home/airflow/.local/lib/python3.12/site-packages/airflow/example_dags/example_sla_dag.py for tasks to queue
[2026-02-14T16:21:11.916+0000] {logging_mixin.py:188} INFO - [2026-02-14T16:21:11.916+0000] {dagbag.py:545} INFO - Filling up the DagBag from /home/airflow/.local/lib/python3.12/site-packages/airflow/example_dags/example_sla_dag.py
[2026-02-14T16:21:11.920+0000] {processor.py:840} INFO - DAG(s) 'example_sla_dag' retrieved from /home/airflow/.local/lib/python3.12/site-packages/airflow/example_dags/example_sla_dag.py
[2026-02-14T16:21:11.931+0000] {logging_mixin.py:188} INFO - [2026-02-14T16:21:11.931+0000] {dag.py:3089} INFO - Sync 1 DAGs
[2026-02-14T16:21:11.940+0000] {logging_mixin.py:188} INFO - [2026-02-14T16:21:11.940+0000] {dag.py:3947} INFO - Setting next_dagrun for example_sla_dag to 2026-02-14 16:18:00+00:00, run_after=2026-02-14 16:20:00+00:00
[2026-02-14T16:21:11.948+0000] {processor.py:183} INFO - Processing /home/airflow/.local/lib/python3.12/site-packages/airflow/example_dags/example_sla_dag.py took 0.037 seconds
