[2026-02-14T15:46:37.706+0000] {processor.py:161} INFO - Started process (PID=55) to work on /home/airflow/.local/lib/python3.12/site-packages/airflow/example_dags/example_time_delta_sensor_async.py
[2026-02-14T15:46:37.706+0000] {processor.py:830} INFO - Processing file /home/airflow/.local/lib/python3.12/site-packages/airflow/example_dags/example_time_delta_sensor_async.py for tasks to queue
[2026-02-14T15:46:37.708+0000] {logging_mixin.py:188} INFO - [2026-02-14T15:46:37.707+0000] {dagbag.py:545} INFO - Filling up the DagBag from /home/airflow/.local/lib/python3.12/site-packages/airflow/example_dags/example_time_delta_sensor_async.py
[2026-02-14T15:46:37.712+0000] {processor.py:840} INFO - DAG(s) 'example_time_delta_sensor_async' retrieved from /home/airflow/.local/lib/python3.12/site-packages/airflow/example_dags/example_time_delta_sensor_async.py
[2026-02-14T15:46:37.722+0000] {logging_mixin.py:188} INFO - [2026-02-14T15:46:37.722+0000] {dag.py:3089} INFO - Sync 1 DAGs
[2026-02-14T15:46:37.734+0000] {logging_mixin.py:188} INFO - [2026-02-14T15:46:37.734+0000] {dag.py:3947} INFO - Setting next_dagrun for example_time_delta_sensor_async to None, run_after=None
[2026-02-14T15:46:37.759+0000] {processor.py:183} INFO - Processing /home/airflow/.local/lib/python3.12/site-packages/airflow/example_dags/example_time_delta_sensor_async.py took 0.057 seconds
[2026-02-14T15:47:08.633+0000] {processor.py:161} INFO - Started process (PID=114) to work on /home/airflow/.local/lib/python3.12/site-packages/airflow/example_dags/example_time_delta_sensor_async.py
[2026-02-14T15:47:08.633+0000] {processor.py:830} INFO - Processing file /home/airflow/.local/lib/python3.12/site-packages/airflow/example_dags/example_time_delta_sensor_async.py for tasks to queue
[2026-02-14T15:47:08.635+0000] {logging_mixin.py:188} INFO - [2026-02-14T15:47:08.634+0000] {dagbag.py:545} INFO - Filling up the DagBag from /home/airflow/.local/lib/python3.12/site-packages/airflow/example_dags/example_time_delta_sensor_async.py
[2026-02-14T15:47:08.637+0000] {processor.py:840} INFO - DAG(s) 'example_time_delta_sensor_async' retrieved from /home/airflow/.local/lib/python3.12/site-packages/airflow/example_dags/example_time_delta_sensor_async.py
[2026-02-14T15:47:08.672+0000] {logging_mixin.py:188} INFO - [2026-02-14T15:47:08.672+0000] {dag.py:3089} INFO - Sync 1 DAGs
[2026-02-14T15:47:08.676+0000] {logging_mixin.py:188} INFO - [2026-02-14T15:47:08.676+0000] {dag.py:3947} INFO - Setting next_dagrun for example_time_delta_sensor_async to None, run_after=None
[2026-02-14T15:47:08.684+0000] {processor.py:183} INFO - Processing /home/airflow/.local/lib/python3.12/site-packages/airflow/example_dags/example_time_delta_sensor_async.py took 0.054 seconds
[2026-02-14T15:47:39.696+0000] {processor.py:161} INFO - Started process (PID=179) to work on /home/airflow/.local/lib/python3.12/site-packages/airflow/example_dags/example_time_delta_sensor_async.py
[2026-02-14T15:47:39.696+0000] {processor.py:830} INFO - Processing file /home/airflow/.local/lib/python3.12/site-packages/airflow/example_dags/example_time_delta_sensor_async.py for tasks to queue
[2026-02-14T15:47:39.697+0000] {logging_mixin.py:188} INFO - [2026-02-14T15:47:39.697+0000] {dagbag.py:545} INFO - Filling up the DagBag from /home/airflow/.local/lib/python3.12/site-packages/airflow/example_dags/example_time_delta_sensor_async.py
[2026-02-14T15:47:39.698+0000] {processor.py:840} INFO - DAG(s) 'example_time_delta_sensor_async' retrieved from /home/airflow/.local/lib/python3.12/site-packages/airflow/example_dags/example_time_delta_sensor_async.py
[2026-02-14T15:47:39.705+0000] {logging_mixin.py:188} INFO - [2026-02-14T15:47:39.705+0000] {dag.py:3089} INFO - Sync 1 DAGs
[2026-02-14T15:47:39.709+0000] {logging_mixin.py:188} INFO - [2026-02-14T15:47:39.709+0000] {dag.py:3947} INFO - Setting next_dagrun for example_time_delta_sensor_async to None, run_after=None
[2026-02-14T15:47:39.715+0000] {processor.py:183} INFO - Processing /home/airflow/.local/lib/python3.12/site-packages/airflow/example_dags/example_time_delta_sensor_async.py took 0.021 seconds
[2026-02-14T15:48:10.327+0000] {processor.py:161} INFO - Started process (PID=238) to work on /home/airflow/.local/lib/python3.12/site-packages/airflow/example_dags/example_time_delta_sensor_async.py
[2026-02-14T15:48:10.328+0000] {processor.py:830} INFO - Processing file /home/airflow/.local/lib/python3.12/site-packages/airflow/example_dags/example_time_delta_sensor_async.py for tasks to queue
[2026-02-14T15:48:10.328+0000] {logging_mixin.py:188} INFO - [2026-02-14T15:48:10.328+0000] {dagbag.py:545} INFO - Filling up the DagBag from /home/airflow/.local/lib/python3.12/site-packages/airflow/example_dags/example_time_delta_sensor_async.py
[2026-02-14T15:48:10.330+0000] {processor.py:840} INFO - DAG(s) 'example_time_delta_sensor_async' retrieved from /home/airflow/.local/lib/python3.12/site-packages/airflow/example_dags/example_time_delta_sensor_async.py
[2026-02-14T15:48:10.340+0000] {logging_mixin.py:188} INFO - [2026-02-14T15:48:10.340+0000] {dag.py:3089} INFO - Sync 1 DAGs
[2026-02-14T15:48:10.345+0000] {logging_mixin.py:188} INFO - [2026-02-14T15:48:10.345+0000] {dag.py:3947} INFO - Setting next_dagrun for example_time_delta_sensor_async to None, run_after=None
[2026-02-14T15:48:10.353+0000] {processor.py:183} INFO - Processing /home/airflow/.local/lib/python3.12/site-packages/airflow/example_dags/example_time_delta_sensor_async.py took 0.028 seconds
[2026-02-14T15:48:40.908+0000] {processor.py:161} INFO - Started process (PID=297) to work on /home/airflow/.local/lib/python3.12/site-packages/airflow/example_dags/example_time_delta_sensor_async.py
[2026-02-14T15:48:40.909+0000] {processor.py:830} INFO - Processing file /home/airflow/.local/lib/python3.12/site-packages/airflow/example_dags/example_time_delta_sensor_async.py for tasks to queue
[2026-02-14T15:48:40.909+0000] {logging_mixin.py:188} INFO - [2026-02-14T15:48:40.909+0000] {dagbag.py:545} INFO - Filling up the DagBag from /home/airflow/.local/lib/python3.12/site-packages/airflow/example_dags/example_time_delta_sensor_async.py
[2026-02-14T15:48:40.912+0000] {processor.py:840} INFO - DAG(s) 'example_time_delta_sensor_async' retrieved from /home/airflow/.local/lib/python3.12/site-packages/airflow/example_dags/example_time_delta_sensor_async.py
[2026-02-14T15:48:40.923+0000] {logging_mixin.py:188} INFO - [2026-02-14T15:48:40.923+0000] {dag.py:3089} INFO - Sync 1 DAGs
[2026-02-14T15:48:40.928+0000] {logging_mixin.py:188} INFO - [2026-02-14T15:48:40.928+0000] {dag.py:3947} INFO - Setting next_dagrun for example_time_delta_sensor_async to None, run_after=None
[2026-02-14T15:48:40.935+0000] {processor.py:183} INFO - Processing /home/airflow/.local/lib/python3.12/site-packages/airflow/example_dags/example_time_delta_sensor_async.py took 0.030 seconds
[2026-02-14T15:49:11.560+0000] {processor.py:161} INFO - Started process (PID=356) to work on /home/airflow/.local/lib/python3.12/site-packages/airflow/example_dags/example_time_delta_sensor_async.py
[2026-02-14T15:49:11.560+0000] {processor.py:830} INFO - Processing file /home/airflow/.local/lib/python3.12/site-packages/airflow/example_dags/example_time_delta_sensor_async.py for tasks to queue
[2026-02-14T15:49:11.561+0000] {logging_mixin.py:188} INFO - [2026-02-14T15:49:11.561+0000] {dagbag.py:545} INFO - Filling up the DagBag from /home/airflow/.local/lib/python3.12/site-packages/airflow/example_dags/example_time_delta_sensor_async.py
[2026-02-14T15:49:11.563+0000] {processor.py:840} INFO - DAG(s) 'example_time_delta_sensor_async' retrieved from /home/airflow/.local/lib/python3.12/site-packages/airflow/example_dags/example_time_delta_sensor_async.py
[2026-02-14T15:49:11.574+0000] {logging_mixin.py:188} INFO - [2026-02-14T15:49:11.574+0000] {dag.py:3089} INFO - Sync 1 DAGs
[2026-02-14T15:49:11.579+0000] {logging_mixin.py:188} INFO - [2026-02-14T15:49:11.579+0000] {dag.py:3947} INFO - Setting next_dagrun for example_time_delta_sensor_async to None, run_after=None
[2026-02-14T15:49:11.585+0000] {processor.py:183} INFO - Processing /home/airflow/.local/lib/python3.12/site-packages/airflow/example_dags/example_time_delta_sensor_async.py took 0.027 seconds
[2026-02-14T15:49:41.918+0000] {processor.py:161} INFO - Started process (PID=415) to work on /home/airflow/.local/lib/python3.12/site-packages/airflow/example_dags/example_time_delta_sensor_async.py
[2026-02-14T15:49:41.918+0000] {processor.py:830} INFO - Processing file /home/airflow/.local/lib/python3.12/site-packages/airflow/example_dags/example_time_delta_sensor_async.py for tasks to queue
[2026-02-14T15:49:41.919+0000] {logging_mixin.py:188} INFO - [2026-02-14T15:49:41.919+0000] {dagbag.py:545} INFO - Filling up the DagBag from /home/airflow/.local/lib/python3.12/site-packages/airflow/example_dags/example_time_delta_sensor_async.py
[2026-02-14T15:49:41.920+0000] {processor.py:840} INFO - DAG(s) 'example_time_delta_sensor_async' retrieved from /home/airflow/.local/lib/python3.12/site-packages/airflow/example_dags/example_time_delta_sensor_async.py
[2026-02-14T15:49:41.928+0000] {logging_mixin.py:188} INFO - [2026-02-14T15:49:41.928+0000] {dag.py:3089} INFO - Sync 1 DAGs
[2026-02-14T15:49:41.933+0000] {logging_mixin.py:188} INFO - [2026-02-14T15:49:41.933+0000] {dag.py:3947} INFO - Setting next_dagrun for example_time_delta_sensor_async to None, run_after=None
[2026-02-14T15:49:41.942+0000] {processor.py:183} INFO - Processing /home/airflow/.local/lib/python3.12/site-packages/airflow/example_dags/example_time_delta_sensor_async.py took 0.027 seconds
[2026-02-14T15:50:12.333+0000] {processor.py:161} INFO - Started process (PID=474) to work on /home/airflow/.local/lib/python3.12/site-packages/airflow/example_dags/example_time_delta_sensor_async.py
[2026-02-14T15:50:12.334+0000] {processor.py:830} INFO - Processing file /home/airflow/.local/lib/python3.12/site-packages/airflow/example_dags/example_time_delta_sensor_async.py for tasks to queue
[2026-02-14T15:50:12.335+0000] {logging_mixin.py:188} INFO - [2026-02-14T15:50:12.334+0000] {dagbag.py:545} INFO - Filling up the DagBag from /home/airflow/.local/lib/python3.12/site-packages/airflow/example_dags/example_time_delta_sensor_async.py
[2026-02-14T15:50:12.337+0000] {processor.py:840} INFO - DAG(s) 'example_time_delta_sensor_async' retrieved from /home/airflow/.local/lib/python3.12/site-packages/airflow/example_dags/example_time_delta_sensor_async.py
[2026-02-14T15:50:12.347+0000] {logging_mixin.py:188} INFO - [2026-02-14T15:50:12.347+0000] {dag.py:3089} INFO - Sync 1 DAGs
[2026-02-14T15:50:12.352+0000] {logging_mixin.py:188} INFO - [2026-02-14T15:50:12.352+0000] {dag.py:3947} INFO - Setting next_dagrun for example_time_delta_sensor_async to None, run_after=None
[2026-02-14T15:50:12.365+0000] {processor.py:183} INFO - Processing /home/airflow/.local/lib/python3.12/site-packages/airflow/example_dags/example_time_delta_sensor_async.py took 0.034 seconds
[2026-02-14T15:50:42.803+0000] {processor.py:161} INFO - Started process (PID=533) to work on /home/airflow/.local/lib/python3.12/site-packages/airflow/example_dags/example_time_delta_sensor_async.py
[2026-02-14T15:50:42.803+0000] {processor.py:830} INFO - Processing file /home/airflow/.local/lib/python3.12/site-packages/airflow/example_dags/example_time_delta_sensor_async.py for tasks to queue
[2026-02-14T15:50:42.805+0000] {logging_mixin.py:188} INFO - [2026-02-14T15:50:42.804+0000] {dagbag.py:545} INFO - Filling up the DagBag from /home/airflow/.local/lib/python3.12/site-packages/airflow/example_dags/example_time_delta_sensor_async.py
[2026-02-14T15:50:42.807+0000] {processor.py:840} INFO - DAG(s) 'example_time_delta_sensor_async' retrieved from /home/airflow/.local/lib/python3.12/site-packages/airflow/example_dags/example_time_delta_sensor_async.py
[2026-02-14T15:50:42.816+0000] {logging_mixin.py:188} INFO - [2026-02-14T15:50:42.816+0000] {dag.py:3089} INFO - Sync 1 DAGs
[2026-02-14T15:50:42.821+0000] {logging_mixin.py:188} INFO - [2026-02-14T15:50:42.821+0000] {dag.py:3947} INFO - Setting next_dagrun for example_time_delta_sensor_async to None, run_after=None
[2026-02-14T15:50:42.829+0000] {processor.py:183} INFO - Processing /home/airflow/.local/lib/python3.12/site-packages/airflow/example_dags/example_time_delta_sensor_async.py took 0.029 seconds
[2026-02-14T15:51:13.509+0000] {processor.py:161} INFO - Started process (PID=592) to work on /home/airflow/.local/lib/python3.12/site-packages/airflow/example_dags/example_time_delta_sensor_async.py
[2026-02-14T15:51:13.511+0000] {processor.py:830} INFO - Processing file /home/airflow/.local/lib/python3.12/site-packages/airflow/example_dags/example_time_delta_sensor_async.py for tasks to queue
[2026-02-14T15:51:13.512+0000] {logging_mixin.py:188} INFO - [2026-02-14T15:51:13.512+0000] {dagbag.py:545} INFO - Filling up the DagBag from /home/airflow/.local/lib/python3.12/site-packages/airflow/example_dags/example_time_delta_sensor_async.py
[2026-02-14T15:51:13.514+0000] {processor.py:840} INFO - DAG(s) 'example_time_delta_sensor_async' retrieved from /home/airflow/.local/lib/python3.12/site-packages/airflow/example_dags/example_time_delta_sensor_async.py
[2026-02-14T15:51:13.522+0000] {logging_mixin.py:188} INFO - [2026-02-14T15:51:13.522+0000] {dag.py:3089} INFO - Sync 1 DAGs
[2026-02-14T15:51:13.528+0000] {logging_mixin.py:188} INFO - [2026-02-14T15:51:13.528+0000] {dag.py:3947} INFO - Setting next_dagrun for example_time_delta_sensor_async to None, run_after=None
[2026-02-14T15:51:13.538+0000] {processor.py:183} INFO - Processing /home/airflow/.local/lib/python3.12/site-packages/airflow/example_dags/example_time_delta_sensor_async.py took 0.033 seconds
[2026-02-14T15:51:44.031+0000] {processor.py:161} INFO - Started process (PID=651) to work on /home/airflow/.local/lib/python3.12/site-packages/airflow/example_dags/example_time_delta_sensor_async.py
[2026-02-14T15:51:44.032+0000] {processor.py:830} INFO - Processing file /home/airflow/.local/lib/python3.12/site-packages/airflow/example_dags/example_time_delta_sensor_async.py for tasks to queue
[2026-02-14T15:51:44.033+0000] {logging_mixin.py:188} INFO - [2026-02-14T15:51:44.033+0000] {dagbag.py:545} INFO - Filling up the DagBag from /home/airflow/.local/lib/python3.12/site-packages/airflow/example_dags/example_time_delta_sensor_async.py
[2026-02-14T15:51:44.035+0000] {processor.py:840} INFO - DAG(s) 'example_time_delta_sensor_async' retrieved from /home/airflow/.local/lib/python3.12/site-packages/airflow/example_dags/example_time_delta_sensor_async.py
[2026-02-14T15:51:44.046+0000] {logging_mixin.py:188} INFO - [2026-02-14T15:51:44.046+0000] {dag.py:3089} INFO - Sync 1 DAGs
[2026-02-14T15:51:44.052+0000] {logging_mixin.py:188} INFO - [2026-02-14T15:51:44.052+0000] {dag.py:3947} INFO - Setting next_dagrun for example_time_delta_sensor_async to None, run_after=None
[2026-02-14T15:51:44.059+0000] {processor.py:183} INFO - Processing /home/airflow/.local/lib/python3.12/site-packages/airflow/example_dags/example_time_delta_sensor_async.py took 0.030 seconds
[2026-02-14T15:52:14.487+0000] {processor.py:161} INFO - Started process (PID=710) to work on /home/airflow/.local/lib/python3.12/site-packages/airflow/example_dags/example_time_delta_sensor_async.py
[2026-02-14T15:52:14.488+0000] {processor.py:830} INFO - Processing file /home/airflow/.local/lib/python3.12/site-packages/airflow/example_dags/example_time_delta_sensor_async.py for tasks to queue
[2026-02-14T15:52:14.488+0000] {logging_mixin.py:188} INFO - [2026-02-14T15:52:14.488+0000] {dagbag.py:545} INFO - Filling up the DagBag from /home/airflow/.local/lib/python3.12/site-packages/airflow/example_dags/example_time_delta_sensor_async.py
[2026-02-14T15:52:14.490+0000] {processor.py:840} INFO - DAG(s) 'example_time_delta_sensor_async' retrieved from /home/airflow/.local/lib/python3.12/site-packages/airflow/example_dags/example_time_delta_sensor_async.py
[2026-02-14T15:52:14.498+0000] {logging_mixin.py:188} INFO - [2026-02-14T15:52:14.498+0000] {dag.py:3089} INFO - Sync 1 DAGs
[2026-02-14T15:52:14.502+0000] {logging_mixin.py:188} INFO - [2026-02-14T15:52:14.502+0000] {dag.py:3947} INFO - Setting next_dagrun for example_time_delta_sensor_async to None, run_after=None
[2026-02-14T15:52:14.508+0000] {processor.py:183} INFO - Processing /home/airflow/.local/lib/python3.12/site-packages/airflow/example_dags/example_time_delta_sensor_async.py took 0.023 seconds
[2026-02-14T15:52:44.936+0000] {processor.py:161} INFO - Started process (PID=769) to work on /home/airflow/.local/lib/python3.12/site-packages/airflow/example_dags/example_time_delta_sensor_async.py
[2026-02-14T15:52:44.936+0000] {processor.py:830} INFO - Processing file /home/airflow/.local/lib/python3.12/site-packages/airflow/example_dags/example_time_delta_sensor_async.py for tasks to queue
[2026-02-14T15:52:44.937+0000] {logging_mixin.py:188} INFO - [2026-02-14T15:52:44.937+0000] {dagbag.py:545} INFO - Filling up the DagBag from /home/airflow/.local/lib/python3.12/site-packages/airflow/example_dags/example_time_delta_sensor_async.py
[2026-02-14T15:52:44.939+0000] {processor.py:840} INFO - DAG(s) 'example_time_delta_sensor_async' retrieved from /home/airflow/.local/lib/python3.12/site-packages/airflow/example_dags/example_time_delta_sensor_async.py
[2026-02-14T15:52:44.950+0000] {logging_mixin.py:188} INFO - [2026-02-14T15:52:44.950+0000] {dag.py:3089} INFO - Sync 1 DAGs
[2026-02-14T15:52:44.956+0000] {logging_mixin.py:188} INFO - [2026-02-14T15:52:44.956+0000] {dag.py:3947} INFO - Setting next_dagrun for example_time_delta_sensor_async to None, run_after=None
[2026-02-14T15:52:44.965+0000] {processor.py:183} INFO - Processing /home/airflow/.local/lib/python3.12/site-packages/airflow/example_dags/example_time_delta_sensor_async.py took 0.031 seconds
[2026-02-14T15:53:15.293+0000] {processor.py:161} INFO - Started process (PID=828) to work on /home/airflow/.local/lib/python3.12/site-packages/airflow/example_dags/example_time_delta_sensor_async.py
[2026-02-14T15:53:15.293+0000] {processor.py:830} INFO - Processing file /home/airflow/.local/lib/python3.12/site-packages/airflow/example_dags/example_time_delta_sensor_async.py for tasks to queue
[2026-02-14T15:53:15.294+0000] {logging_mixin.py:188} INFO - [2026-02-14T15:53:15.294+0000] {dagbag.py:545} INFO - Filling up the DagBag from /home/airflow/.local/lib/python3.12/site-packages/airflow/example_dags/example_time_delta_sensor_async.py
[2026-02-14T15:53:15.296+0000] {processor.py:840} INFO - DAG(s) 'example_time_delta_sensor_async' retrieved from /home/airflow/.local/lib/python3.12/site-packages/airflow/example_dags/example_time_delta_sensor_async.py
[2026-02-14T15:53:15.305+0000] {logging_mixin.py:188} INFO - [2026-02-14T15:53:15.305+0000] {dag.py:3089} INFO - Sync 1 DAGs
[2026-02-14T15:53:15.310+0000] {logging_mixin.py:188} INFO - [2026-02-14T15:53:15.310+0000] {dag.py:3947} INFO - Setting next_dagrun for example_time_delta_sensor_async to None, run_after=None
[2026-02-14T15:53:15.318+0000] {processor.py:183} INFO - Processing /home/airflow/.local/lib/python3.12/site-packages/airflow/example_dags/example_time_delta_sensor_async.py took 0.027 seconds
[2026-02-14T15:53:45.620+0000] {processor.py:161} INFO - Started process (PID=887) to work on /home/airflow/.local/lib/python3.12/site-packages/airflow/example_dags/example_time_delta_sensor_async.py
[2026-02-14T15:53:45.621+0000] {processor.py:830} INFO - Processing file /home/airflow/.local/lib/python3.12/site-packages/airflow/example_dags/example_time_delta_sensor_async.py for tasks to queue
[2026-02-14T15:53:45.622+0000] {logging_mixin.py:188} INFO - [2026-02-14T15:53:45.621+0000] {dagbag.py:545} INFO - Filling up the DagBag from /home/airflow/.local/lib/python3.12/site-packages/airflow/example_dags/example_time_delta_sensor_async.py
[2026-02-14T15:53:45.623+0000] {processor.py:840} INFO - DAG(s) 'example_time_delta_sensor_async' retrieved from /home/airflow/.local/lib/python3.12/site-packages/airflow/example_dags/example_time_delta_sensor_async.py
[2026-02-14T15:53:45.630+0000] {logging_mixin.py:188} INFO - [2026-02-14T15:53:45.630+0000] {dag.py:3089} INFO - Sync 1 DAGs
[2026-02-14T15:53:45.634+0000] {logging_mixin.py:188} INFO - [2026-02-14T15:53:45.634+0000] {dag.py:3947} INFO - Setting next_dagrun for example_time_delta_sensor_async to None, run_after=None
[2026-02-14T15:53:45.639+0000] {processor.py:183} INFO - Processing /home/airflow/.local/lib/python3.12/site-packages/airflow/example_dags/example_time_delta_sensor_async.py took 0.021 seconds
[2026-02-14T15:54:16.054+0000] {processor.py:161} INFO - Started process (PID=946) to work on /home/airflow/.local/lib/python3.12/site-packages/airflow/example_dags/example_time_delta_sensor_async.py
[2026-02-14T15:54:16.055+0000] {processor.py:830} INFO - Processing file /home/airflow/.local/lib/python3.12/site-packages/airflow/example_dags/example_time_delta_sensor_async.py for tasks to queue
[2026-02-14T15:54:16.056+0000] {logging_mixin.py:188} INFO - [2026-02-14T15:54:16.056+0000] {dagbag.py:545} INFO - Filling up the DagBag from /home/airflow/.local/lib/python3.12/site-packages/airflow/example_dags/example_time_delta_sensor_async.py
[2026-02-14T15:54:16.059+0000] {processor.py:840} INFO - DAG(s) 'example_time_delta_sensor_async' retrieved from /home/airflow/.local/lib/python3.12/site-packages/airflow/example_dags/example_time_delta_sensor_async.py
[2026-02-14T15:54:16.068+0000] {logging_mixin.py:188} INFO - [2026-02-14T15:54:16.068+0000] {dag.py:3089} INFO - Sync 1 DAGs
[2026-02-14T15:54:16.073+0000] {logging_mixin.py:188} INFO - [2026-02-14T15:54:16.072+0000] {dag.py:3947} INFO - Setting next_dagrun for example_time_delta_sensor_async to None, run_after=None
[2026-02-14T15:54:16.083+0000] {processor.py:183} INFO - Processing /home/airflow/.local/lib/python3.12/site-packages/airflow/example_dags/example_time_delta_sensor_async.py took 0.031 seconds
[2026-02-14T15:54:46.570+0000] {processor.py:161} INFO - Started process (PID=1005) to work on /home/airflow/.local/lib/python3.12/site-packages/airflow/example_dags/example_time_delta_sensor_async.py
[2026-02-14T15:54:46.571+0000] {processor.py:830} INFO - Processing file /home/airflow/.local/lib/python3.12/site-packages/airflow/example_dags/example_time_delta_sensor_async.py for tasks to queue
[2026-02-14T15:54:46.572+0000] {logging_mixin.py:188} INFO - [2026-02-14T15:54:46.572+0000] {dagbag.py:545} INFO - Filling up the DagBag from /home/airflow/.local/lib/python3.12/site-packages/airflow/example_dags/example_time_delta_sensor_async.py
[2026-02-14T15:54:46.574+0000] {processor.py:840} INFO - DAG(s) 'example_time_delta_sensor_async' retrieved from /home/airflow/.local/lib/python3.12/site-packages/airflow/example_dags/example_time_delta_sensor_async.py
[2026-02-14T15:54:46.585+0000] {logging_mixin.py:188} INFO - [2026-02-14T15:54:46.585+0000] {dag.py:3089} INFO - Sync 1 DAGs
[2026-02-14T15:54:46.589+0000] {logging_mixin.py:188} INFO - [2026-02-14T15:54:46.589+0000] {dag.py:3947} INFO - Setting next_dagrun for example_time_delta_sensor_async to None, run_after=None
[2026-02-14T15:54:46.599+0000] {processor.py:183} INFO - Processing /home/airflow/.local/lib/python3.12/site-packages/airflow/example_dags/example_time_delta_sensor_async.py took 0.032 seconds
[2026-02-14T15:55:17.144+0000] {processor.py:161} INFO - Started process (PID=1064) to work on /home/airflow/.local/lib/python3.12/site-packages/airflow/example_dags/example_time_delta_sensor_async.py
[2026-02-14T15:55:17.146+0000] {processor.py:830} INFO - Processing file /home/airflow/.local/lib/python3.12/site-packages/airflow/example_dags/example_time_delta_sensor_async.py for tasks to queue
[2026-02-14T15:55:17.150+0000] {logging_mixin.py:188} INFO - [2026-02-14T15:55:17.148+0000] {dagbag.py:545} INFO - Filling up the DagBag from /home/airflow/.local/lib/python3.12/site-packages/airflow/example_dags/example_time_delta_sensor_async.py
[2026-02-14T15:55:17.160+0000] {processor.py:840} INFO - DAG(s) 'example_time_delta_sensor_async' retrieved from /home/airflow/.local/lib/python3.12/site-packages/airflow/example_dags/example_time_delta_sensor_async.py
[2026-02-14T15:55:17.194+0000] {logging_mixin.py:188} INFO - [2026-02-14T15:55:17.194+0000] {dag.py:3089} INFO - Sync 1 DAGs
[2026-02-14T15:55:17.205+0000] {logging_mixin.py:188} INFO - [2026-02-14T15:55:17.204+0000] {dag.py:3947} INFO - Setting next_dagrun for example_time_delta_sensor_async to None, run_after=None
[2026-02-14T15:55:17.241+0000] {processor.py:183} INFO - Processing /home/airflow/.local/lib/python3.12/site-packages/airflow/example_dags/example_time_delta_sensor_async.py took 0.102 seconds
[2026-02-14T15:55:47.468+0000] {processor.py:161} INFO - Started process (PID=1122) to work on /home/airflow/.local/lib/python3.12/site-packages/airflow/example_dags/example_time_delta_sensor_async.py
[2026-02-14T15:55:47.468+0000] {processor.py:830} INFO - Processing file /home/airflow/.local/lib/python3.12/site-packages/airflow/example_dags/example_time_delta_sensor_async.py for tasks to queue
[2026-02-14T15:55:47.470+0000] {logging_mixin.py:188} INFO - [2026-02-14T15:55:47.470+0000] {dagbag.py:545} INFO - Filling up the DagBag from /home/airflow/.local/lib/python3.12/site-packages/airflow/example_dags/example_time_delta_sensor_async.py
[2026-02-14T15:55:47.472+0000] {processor.py:840} INFO - DAG(s) 'example_time_delta_sensor_async' retrieved from /home/airflow/.local/lib/python3.12/site-packages/airflow/example_dags/example_time_delta_sensor_async.py
[2026-02-14T15:55:47.483+0000] {logging_mixin.py:188} INFO - [2026-02-14T15:55:47.483+0000] {dag.py:3089} INFO - Sync 1 DAGs
[2026-02-14T15:55:47.489+0000] {logging_mixin.py:188} INFO - [2026-02-14T15:55:47.489+0000] {dag.py:3947} INFO - Setting next_dagrun for example_time_delta_sensor_async to None, run_after=None
[2026-02-14T15:55:47.503+0000] {processor.py:183} INFO - Processing /home/airflow/.local/lib/python3.12/site-packages/airflow/example_dags/example_time_delta_sensor_async.py took 0.038 seconds
[2026-02-14T15:56:17.994+0000] {processor.py:161} INFO - Started process (PID=1181) to work on /home/airflow/.local/lib/python3.12/site-packages/airflow/example_dags/example_time_delta_sensor_async.py
[2026-02-14T15:56:17.994+0000] {processor.py:830} INFO - Processing file /home/airflow/.local/lib/python3.12/site-packages/airflow/example_dags/example_time_delta_sensor_async.py for tasks to queue
[2026-02-14T15:56:17.995+0000] {logging_mixin.py:188} INFO - [2026-02-14T15:56:17.995+0000] {dagbag.py:545} INFO - Filling up the DagBag from /home/airflow/.local/lib/python3.12/site-packages/airflow/example_dags/example_time_delta_sensor_async.py
[2026-02-14T15:56:17.997+0000] {processor.py:840} INFO - DAG(s) 'example_time_delta_sensor_async' retrieved from /home/airflow/.local/lib/python3.12/site-packages/airflow/example_dags/example_time_delta_sensor_async.py
[2026-02-14T15:56:18.005+0000] {logging_mixin.py:188} INFO - [2026-02-14T15:56:18.005+0000] {dag.py:3089} INFO - Sync 1 DAGs
[2026-02-14T15:56:18.009+0000] {logging_mixin.py:188} INFO - [2026-02-14T15:56:18.009+0000] {dag.py:3947} INFO - Setting next_dagrun for example_time_delta_sensor_async to None, run_after=None
[2026-02-14T15:56:18.019+0000] {processor.py:183} INFO - Processing /home/airflow/.local/lib/python3.12/site-packages/airflow/example_dags/example_time_delta_sensor_async.py took 0.028 seconds
[2026-02-14T15:56:48.507+0000] {processor.py:161} INFO - Started process (PID=1240) to work on /home/airflow/.local/lib/python3.12/site-packages/airflow/example_dags/example_time_delta_sensor_async.py
[2026-02-14T15:56:48.507+0000] {processor.py:830} INFO - Processing file /home/airflow/.local/lib/python3.12/site-packages/airflow/example_dags/example_time_delta_sensor_async.py for tasks to queue
[2026-02-14T15:56:48.508+0000] {logging_mixin.py:188} INFO - [2026-02-14T15:56:48.508+0000] {dagbag.py:545} INFO - Filling up the DagBag from /home/airflow/.local/lib/python3.12/site-packages/airflow/example_dags/example_time_delta_sensor_async.py
[2026-02-14T15:56:48.509+0000] {processor.py:840} INFO - DAG(s) 'example_time_delta_sensor_async' retrieved from /home/airflow/.local/lib/python3.12/site-packages/airflow/example_dags/example_time_delta_sensor_async.py
[2026-02-14T15:56:48.518+0000] {logging_mixin.py:188} INFO - [2026-02-14T15:56:48.518+0000] {dag.py:3089} INFO - Sync 1 DAGs
[2026-02-14T15:56:48.523+0000] {logging_mixin.py:188} INFO - [2026-02-14T15:56:48.522+0000] {dag.py:3947} INFO - Setting next_dagrun for example_time_delta_sensor_async to None, run_after=None
[2026-02-14T15:56:48.531+0000] {processor.py:183} INFO - Processing /home/airflow/.local/lib/python3.12/site-packages/airflow/example_dags/example_time_delta_sensor_async.py took 0.027 seconds
[2026-02-14T15:57:19.246+0000] {processor.py:161} INFO - Started process (PID=1299) to work on /home/airflow/.local/lib/python3.12/site-packages/airflow/example_dags/example_time_delta_sensor_async.py
[2026-02-14T15:57:19.246+0000] {processor.py:830} INFO - Processing file /home/airflow/.local/lib/python3.12/site-packages/airflow/example_dags/example_time_delta_sensor_async.py for tasks to queue
[2026-02-14T15:57:19.247+0000] {logging_mixin.py:188} INFO - [2026-02-14T15:57:19.247+0000] {dagbag.py:545} INFO - Filling up the DagBag from /home/airflow/.local/lib/python3.12/site-packages/airflow/example_dags/example_time_delta_sensor_async.py
[2026-02-14T15:57:19.249+0000] {processor.py:840} INFO - DAG(s) 'example_time_delta_sensor_async' retrieved from /home/airflow/.local/lib/python3.12/site-packages/airflow/example_dags/example_time_delta_sensor_async.py
[2026-02-14T15:57:19.256+0000] {logging_mixin.py:188} INFO - [2026-02-14T15:57:19.256+0000] {dag.py:3089} INFO - Sync 1 DAGs
[2026-02-14T15:57:19.261+0000] {logging_mixin.py:188} INFO - [2026-02-14T15:57:19.261+0000] {dag.py:3947} INFO - Setting next_dagrun for example_time_delta_sensor_async to None, run_after=None
[2026-02-14T15:57:19.266+0000] {processor.py:183} INFO - Processing /home/airflow/.local/lib/python3.12/site-packages/airflow/example_dags/example_time_delta_sensor_async.py took 0.023 seconds
[2026-02-14T15:57:49.900+0000] {processor.py:161} INFO - Started process (PID=1358) to work on /home/airflow/.local/lib/python3.12/site-packages/airflow/example_dags/example_time_delta_sensor_async.py
[2026-02-14T15:57:49.900+0000] {processor.py:830} INFO - Processing file /home/airflow/.local/lib/python3.12/site-packages/airflow/example_dags/example_time_delta_sensor_async.py for tasks to queue
[2026-02-14T15:57:49.901+0000] {logging_mixin.py:188} INFO - [2026-02-14T15:57:49.901+0000] {dagbag.py:545} INFO - Filling up the DagBag from /home/airflow/.local/lib/python3.12/site-packages/airflow/example_dags/example_time_delta_sensor_async.py
[2026-02-14T15:57:49.904+0000] {processor.py:840} INFO - DAG(s) 'example_time_delta_sensor_async' retrieved from /home/airflow/.local/lib/python3.12/site-packages/airflow/example_dags/example_time_delta_sensor_async.py
[2026-02-14T15:57:49.914+0000] {logging_mixin.py:188} INFO - [2026-02-14T15:57:49.913+0000] {dag.py:3089} INFO - Sync 1 DAGs
[2026-02-14T15:57:49.921+0000] {logging_mixin.py:188} INFO - [2026-02-14T15:57:49.920+0000] {dag.py:3947} INFO - Setting next_dagrun for example_time_delta_sensor_async to None, run_after=None
[2026-02-14T15:57:49.930+0000] {processor.py:183} INFO - Processing /home/airflow/.local/lib/python3.12/site-packages/airflow/example_dags/example_time_delta_sensor_async.py took 0.033 seconds
[2026-02-14T15:58:20.192+0000] {processor.py:161} INFO - Started process (PID=1417) to work on /home/airflow/.local/lib/python3.12/site-packages/airflow/example_dags/example_time_delta_sensor_async.py
[2026-02-14T15:58:20.192+0000] {processor.py:830} INFO - Processing file /home/airflow/.local/lib/python3.12/site-packages/airflow/example_dags/example_time_delta_sensor_async.py for tasks to queue
[2026-02-14T15:58:20.193+0000] {logging_mixin.py:188} INFO - [2026-02-14T15:58:20.193+0000] {dagbag.py:545} INFO - Filling up the DagBag from /home/airflow/.local/lib/python3.12/site-packages/airflow/example_dags/example_time_delta_sensor_async.py
[2026-02-14T15:58:20.194+0000] {processor.py:840} INFO - DAG(s) 'example_time_delta_sensor_async' retrieved from /home/airflow/.local/lib/python3.12/site-packages/airflow/example_dags/example_time_delta_sensor_async.py
[2026-02-14T15:58:20.201+0000] {logging_mixin.py:188} INFO - [2026-02-14T15:58:20.201+0000] {dag.py:3089} INFO - Sync 1 DAGs
[2026-02-14T15:58:20.205+0000] {logging_mixin.py:188} INFO - [2026-02-14T15:58:20.205+0000] {dag.py:3947} INFO - Setting next_dagrun for example_time_delta_sensor_async to None, run_after=None
[2026-02-14T15:58:20.210+0000] {processor.py:183} INFO - Processing /home/airflow/.local/lib/python3.12/site-packages/airflow/example_dags/example_time_delta_sensor_async.py took 0.021 seconds
[2026-02-14T15:58:50.583+0000] {processor.py:161} INFO - Started process (PID=1476) to work on /home/airflow/.local/lib/python3.12/site-packages/airflow/example_dags/example_time_delta_sensor_async.py
[2026-02-14T15:58:50.585+0000] {processor.py:830} INFO - Processing file /home/airflow/.local/lib/python3.12/site-packages/airflow/example_dags/example_time_delta_sensor_async.py for tasks to queue
[2026-02-14T15:58:50.585+0000] {logging_mixin.py:188} INFO - [2026-02-14T15:58:50.585+0000] {dagbag.py:545} INFO - Filling up the DagBag from /home/airflow/.local/lib/python3.12/site-packages/airflow/example_dags/example_time_delta_sensor_async.py
[2026-02-14T15:58:50.587+0000] {processor.py:840} INFO - DAG(s) 'example_time_delta_sensor_async' retrieved from /home/airflow/.local/lib/python3.12/site-packages/airflow/example_dags/example_time_delta_sensor_async.py
[2026-02-14T15:58:50.598+0000] {logging_mixin.py:188} INFO - [2026-02-14T15:58:50.598+0000] {dag.py:3089} INFO - Sync 1 DAGs
[2026-02-14T15:58:50.603+0000] {logging_mixin.py:188} INFO - [2026-02-14T15:58:50.603+0000] {dag.py:3947} INFO - Setting next_dagrun for example_time_delta_sensor_async to None, run_after=None
[2026-02-14T15:58:50.611+0000] {processor.py:183} INFO - Processing /home/airflow/.local/lib/python3.12/site-packages/airflow/example_dags/example_time_delta_sensor_async.py took 0.030 seconds
[2026-02-14T15:59:20.908+0000] {processor.py:161} INFO - Started process (PID=1535) to work on /home/airflow/.local/lib/python3.12/site-packages/airflow/example_dags/example_time_delta_sensor_async.py
[2026-02-14T15:59:20.909+0000] {processor.py:830} INFO - Processing file /home/airflow/.local/lib/python3.12/site-packages/airflow/example_dags/example_time_delta_sensor_async.py for tasks to queue
[2026-02-14T15:59:20.910+0000] {logging_mixin.py:188} INFO - [2026-02-14T15:59:20.909+0000] {dagbag.py:545} INFO - Filling up the DagBag from /home/airflow/.local/lib/python3.12/site-packages/airflow/example_dags/example_time_delta_sensor_async.py
[2026-02-14T15:59:20.912+0000] {processor.py:840} INFO - DAG(s) 'example_time_delta_sensor_async' retrieved from /home/airflow/.local/lib/python3.12/site-packages/airflow/example_dags/example_time_delta_sensor_async.py
[2026-02-14T15:59:20.923+0000] {logging_mixin.py:188} INFO - [2026-02-14T15:59:20.922+0000] {dag.py:3089} INFO - Sync 1 DAGs
[2026-02-14T15:59:20.928+0000] {logging_mixin.py:188} INFO - [2026-02-14T15:59:20.928+0000] {dag.py:3947} INFO - Setting next_dagrun for example_time_delta_sensor_async to None, run_after=None
[2026-02-14T15:59:20.938+0000] {processor.py:183} INFO - Processing /home/airflow/.local/lib/python3.12/site-packages/airflow/example_dags/example_time_delta_sensor_async.py took 0.032 seconds
[2026-02-14T15:59:51.033+0000] {processor.py:161} INFO - Started process (PID=1594) to work on /home/airflow/.local/lib/python3.12/site-packages/airflow/example_dags/example_time_delta_sensor_async.py
[2026-02-14T15:59:51.033+0000] {processor.py:830} INFO - Processing file /home/airflow/.local/lib/python3.12/site-packages/airflow/example_dags/example_time_delta_sensor_async.py for tasks to queue
[2026-02-14T15:59:51.034+0000] {logging_mixin.py:188} INFO - [2026-02-14T15:59:51.034+0000] {dagbag.py:545} INFO - Filling up the DagBag from /home/airflow/.local/lib/python3.12/site-packages/airflow/example_dags/example_time_delta_sensor_async.py
[2026-02-14T15:59:51.036+0000] {processor.py:840} INFO - DAG(s) 'example_time_delta_sensor_async' retrieved from /home/airflow/.local/lib/python3.12/site-packages/airflow/example_dags/example_time_delta_sensor_async.py
[2026-02-14T15:59:51.117+0000] {logging_mixin.py:188} INFO - [2026-02-14T15:59:51.117+0000] {dag.py:3089} INFO - Sync 1 DAGs
[2026-02-14T15:59:51.121+0000] {logging_mixin.py:188} INFO - [2026-02-14T15:59:51.121+0000] {dag.py:3947} INFO - Setting next_dagrun for example_time_delta_sensor_async to None, run_after=None
[2026-02-14T15:59:51.129+0000] {processor.py:183} INFO - Processing /home/airflow/.local/lib/python3.12/site-packages/airflow/example_dags/example_time_delta_sensor_async.py took 0.098 seconds
[2026-02-14T16:00:22.040+0000] {processor.py:161} INFO - Started process (PID=1653) to work on /home/airflow/.local/lib/python3.12/site-packages/airflow/example_dags/example_time_delta_sensor_async.py
[2026-02-14T16:00:22.040+0000] {processor.py:830} INFO - Processing file /home/airflow/.local/lib/python3.12/site-packages/airflow/example_dags/example_time_delta_sensor_async.py for tasks to queue
[2026-02-14T16:00:22.041+0000] {logging_mixin.py:188} INFO - [2026-02-14T16:00:22.041+0000] {dagbag.py:545} INFO - Filling up the DagBag from /home/airflow/.local/lib/python3.12/site-packages/airflow/example_dags/example_time_delta_sensor_async.py
[2026-02-14T16:00:22.043+0000] {processor.py:840} INFO - DAG(s) 'example_time_delta_sensor_async' retrieved from /home/airflow/.local/lib/python3.12/site-packages/airflow/example_dags/example_time_delta_sensor_async.py
[2026-02-14T16:00:22.050+0000] {logging_mixin.py:188} INFO - [2026-02-14T16:00:22.050+0000] {dag.py:3089} INFO - Sync 1 DAGs
[2026-02-14T16:00:22.054+0000] {logging_mixin.py:188} INFO - [2026-02-14T16:00:22.054+0000] {dag.py:3947} INFO - Setting next_dagrun for example_time_delta_sensor_async to None, run_after=None
[2026-02-14T16:00:22.060+0000] {processor.py:183} INFO - Processing /home/airflow/.local/lib/python3.12/site-packages/airflow/example_dags/example_time_delta_sensor_async.py took 0.022 seconds
[2026-02-14T16:00:52.578+0000] {processor.py:161} INFO - Started process (PID=1712) to work on /home/airflow/.local/lib/python3.12/site-packages/airflow/example_dags/example_time_delta_sensor_async.py
[2026-02-14T16:00:52.578+0000] {processor.py:830} INFO - Processing file /home/airflow/.local/lib/python3.12/site-packages/airflow/example_dags/example_time_delta_sensor_async.py for tasks to queue
[2026-02-14T16:00:52.579+0000] {logging_mixin.py:188} INFO - [2026-02-14T16:00:52.579+0000] {dagbag.py:545} INFO - Filling up the DagBag from /home/airflow/.local/lib/python3.12/site-packages/airflow/example_dags/example_time_delta_sensor_async.py
[2026-02-14T16:00:52.581+0000] {processor.py:840} INFO - DAG(s) 'example_time_delta_sensor_async' retrieved from /home/airflow/.local/lib/python3.12/site-packages/airflow/example_dags/example_time_delta_sensor_async.py
[2026-02-14T16:00:52.589+0000] {logging_mixin.py:188} INFO - [2026-02-14T16:00:52.589+0000] {dag.py:3089} INFO - Sync 1 DAGs
[2026-02-14T16:00:52.594+0000] {logging_mixin.py:188} INFO - [2026-02-14T16:00:52.594+0000] {dag.py:3947} INFO - Setting next_dagrun for example_time_delta_sensor_async to None, run_after=None
[2026-02-14T16:00:52.600+0000] {processor.py:183} INFO - Processing /home/airflow/.local/lib/python3.12/site-packages/airflow/example_dags/example_time_delta_sensor_async.py took 0.024 seconds
[2026-02-14T16:01:23.058+0000] {processor.py:161} INFO - Started process (PID=1771) to work on /home/airflow/.local/lib/python3.12/site-packages/airflow/example_dags/example_time_delta_sensor_async.py
[2026-02-14T16:01:23.059+0000] {processor.py:830} INFO - Processing file /home/airflow/.local/lib/python3.12/site-packages/airflow/example_dags/example_time_delta_sensor_async.py for tasks to queue
[2026-02-14T16:01:23.060+0000] {logging_mixin.py:188} INFO - [2026-02-14T16:01:23.060+0000] {dagbag.py:545} INFO - Filling up the DagBag from /home/airflow/.local/lib/python3.12/site-packages/airflow/example_dags/example_time_delta_sensor_async.py
[2026-02-14T16:01:23.062+0000] {processor.py:840} INFO - DAG(s) 'example_time_delta_sensor_async' retrieved from /home/airflow/.local/lib/python3.12/site-packages/airflow/example_dags/example_time_delta_sensor_async.py
[2026-02-14T16:01:23.070+0000] {logging_mixin.py:188} INFO - [2026-02-14T16:01:23.069+0000] {dag.py:3089} INFO - Sync 1 DAGs
[2026-02-14T16:01:23.075+0000] {logging_mixin.py:188} INFO - [2026-02-14T16:01:23.075+0000] {dag.py:3947} INFO - Setting next_dagrun for example_time_delta_sensor_async to None, run_after=None
[2026-02-14T16:01:23.082+0000] {processor.py:183} INFO - Processing /home/airflow/.local/lib/python3.12/site-packages/airflow/example_dags/example_time_delta_sensor_async.py took 0.027 seconds
[2026-02-14T16:01:53.385+0000] {processor.py:161} INFO - Started process (PID=1830) to work on /home/airflow/.local/lib/python3.12/site-packages/airflow/example_dags/example_time_delta_sensor_async.py
[2026-02-14T16:01:53.386+0000] {processor.py:830} INFO - Processing file /home/airflow/.local/lib/python3.12/site-packages/airflow/example_dags/example_time_delta_sensor_async.py for tasks to queue
[2026-02-14T16:01:53.387+0000] {logging_mixin.py:188} INFO - [2026-02-14T16:01:53.387+0000] {dagbag.py:545} INFO - Filling up the DagBag from /home/airflow/.local/lib/python3.12/site-packages/airflow/example_dags/example_time_delta_sensor_async.py
[2026-02-14T16:01:53.389+0000] {processor.py:840} INFO - DAG(s) 'example_time_delta_sensor_async' retrieved from /home/airflow/.local/lib/python3.12/site-packages/airflow/example_dags/example_time_delta_sensor_async.py
[2026-02-14T16:01:53.400+0000] {logging_mixin.py:188} INFO - [2026-02-14T16:01:53.399+0000] {dag.py:3089} INFO - Sync 1 DAGs
[2026-02-14T16:01:53.405+0000] {logging_mixin.py:188} INFO - [2026-02-14T16:01:53.405+0000] {dag.py:3947} INFO - Setting next_dagrun for example_time_delta_sensor_async to None, run_after=None
[2026-02-14T16:01:53.413+0000] {processor.py:183} INFO - Processing /home/airflow/.local/lib/python3.12/site-packages/airflow/example_dags/example_time_delta_sensor_async.py took 0.031 seconds
[2026-02-14T16:02:23.817+0000] {processor.py:161} INFO - Started process (PID=1889) to work on /home/airflow/.local/lib/python3.12/site-packages/airflow/example_dags/example_time_delta_sensor_async.py
[2026-02-14T16:02:23.818+0000] {processor.py:830} INFO - Processing file /home/airflow/.local/lib/python3.12/site-packages/airflow/example_dags/example_time_delta_sensor_async.py for tasks to queue
[2026-02-14T16:02:23.819+0000] {logging_mixin.py:188} INFO - [2026-02-14T16:02:23.819+0000] {dagbag.py:545} INFO - Filling up the DagBag from /home/airflow/.local/lib/python3.12/site-packages/airflow/example_dags/example_time_delta_sensor_async.py
[2026-02-14T16:02:23.821+0000] {processor.py:840} INFO - DAG(s) 'example_time_delta_sensor_async' retrieved from /home/airflow/.local/lib/python3.12/site-packages/airflow/example_dags/example_time_delta_sensor_async.py
[2026-02-14T16:02:23.832+0000] {logging_mixin.py:188} INFO - [2026-02-14T16:02:23.831+0000] {dag.py:3089} INFO - Sync 1 DAGs
[2026-02-14T16:02:23.837+0000] {logging_mixin.py:188} INFO - [2026-02-14T16:02:23.837+0000] {dag.py:3947} INFO - Setting next_dagrun for example_time_delta_sensor_async to None, run_after=None
[2026-02-14T16:02:23.845+0000] {processor.py:183} INFO - Processing /home/airflow/.local/lib/python3.12/site-packages/airflow/example_dags/example_time_delta_sensor_async.py took 0.030 seconds
[2026-02-14T16:02:54.265+0000] {processor.py:161} INFO - Started process (PID=1948) to work on /home/airflow/.local/lib/python3.12/site-packages/airflow/example_dags/example_time_delta_sensor_async.py
[2026-02-14T16:02:54.266+0000] {processor.py:830} INFO - Processing file /home/airflow/.local/lib/python3.12/site-packages/airflow/example_dags/example_time_delta_sensor_async.py for tasks to queue
[2026-02-14T16:02:54.267+0000] {logging_mixin.py:188} INFO - [2026-02-14T16:02:54.267+0000] {dagbag.py:545} INFO - Filling up the DagBag from /home/airflow/.local/lib/python3.12/site-packages/airflow/example_dags/example_time_delta_sensor_async.py
[2026-02-14T16:02:54.272+0000] {processor.py:840} INFO - DAG(s) 'example_time_delta_sensor_async' retrieved from /home/airflow/.local/lib/python3.12/site-packages/airflow/example_dags/example_time_delta_sensor_async.py
[2026-02-14T16:02:54.286+0000] {logging_mixin.py:188} INFO - [2026-02-14T16:02:54.286+0000] {dag.py:3089} INFO - Sync 1 DAGs
[2026-02-14T16:02:54.297+0000] {logging_mixin.py:188} INFO - [2026-02-14T16:02:54.297+0000] {dag.py:3947} INFO - Setting next_dagrun for example_time_delta_sensor_async to None, run_after=None
[2026-02-14T16:02:54.308+0000] {processor.py:183} INFO - Processing /home/airflow/.local/lib/python3.12/site-packages/airflow/example_dags/example_time_delta_sensor_async.py took 0.045 seconds
[2026-02-14T16:03:24.848+0000] {processor.py:161} INFO - Started process (PID=2007) to work on /home/airflow/.local/lib/python3.12/site-packages/airflow/example_dags/example_time_delta_sensor_async.py
[2026-02-14T16:03:24.849+0000] {processor.py:830} INFO - Processing file /home/airflow/.local/lib/python3.12/site-packages/airflow/example_dags/example_time_delta_sensor_async.py for tasks to queue
[2026-02-14T16:03:24.849+0000] {logging_mixin.py:188} INFO - [2026-02-14T16:03:24.849+0000] {dagbag.py:545} INFO - Filling up the DagBag from /home/airflow/.local/lib/python3.12/site-packages/airflow/example_dags/example_time_delta_sensor_async.py
[2026-02-14T16:03:24.852+0000] {processor.py:840} INFO - DAG(s) 'example_time_delta_sensor_async' retrieved from /home/airflow/.local/lib/python3.12/site-packages/airflow/example_dags/example_time_delta_sensor_async.py
[2026-02-14T16:03:24.859+0000] {logging_mixin.py:188} INFO - [2026-02-14T16:03:24.859+0000] {dag.py:3089} INFO - Sync 1 DAGs
[2026-02-14T16:03:24.863+0000] {logging_mixin.py:188} INFO - [2026-02-14T16:03:24.863+0000] {dag.py:3947} INFO - Setting next_dagrun for example_time_delta_sensor_async to None, run_after=None
[2026-02-14T16:03:24.871+0000] {processor.py:183} INFO - Processing /home/airflow/.local/lib/python3.12/site-packages/airflow/example_dags/example_time_delta_sensor_async.py took 0.026 seconds
[2026-02-14T16:03:55.380+0000] {processor.py:161} INFO - Started process (PID=2066) to work on /home/airflow/.local/lib/python3.12/site-packages/airflow/example_dags/example_time_delta_sensor_async.py
[2026-02-14T16:03:55.381+0000] {processor.py:830} INFO - Processing file /home/airflow/.local/lib/python3.12/site-packages/airflow/example_dags/example_time_delta_sensor_async.py for tasks to queue
[2026-02-14T16:03:55.381+0000] {logging_mixin.py:188} INFO - [2026-02-14T16:03:55.381+0000] {dagbag.py:545} INFO - Filling up the DagBag from /home/airflow/.local/lib/python3.12/site-packages/airflow/example_dags/example_time_delta_sensor_async.py
[2026-02-14T16:03:55.383+0000] {processor.py:840} INFO - DAG(s) 'example_time_delta_sensor_async' retrieved from /home/airflow/.local/lib/python3.12/site-packages/airflow/example_dags/example_time_delta_sensor_async.py
[2026-02-14T16:03:55.392+0000] {logging_mixin.py:188} INFO - [2026-02-14T16:03:55.392+0000] {dag.py:3089} INFO - Sync 1 DAGs
[2026-02-14T16:03:55.397+0000] {logging_mixin.py:188} INFO - [2026-02-14T16:03:55.397+0000] {dag.py:3947} INFO - Setting next_dagrun for example_time_delta_sensor_async to None, run_after=None
[2026-02-14T16:03:55.407+0000] {processor.py:183} INFO - Processing /home/airflow/.local/lib/python3.12/site-packages/airflow/example_dags/example_time_delta_sensor_async.py took 0.030 seconds
[2026-02-14T16:04:26.105+0000] {processor.py:161} INFO - Started process (PID=2125) to work on /home/airflow/.local/lib/python3.12/site-packages/airflow/example_dags/example_time_delta_sensor_async.py
[2026-02-14T16:04:26.106+0000] {processor.py:830} INFO - Processing file /home/airflow/.local/lib/python3.12/site-packages/airflow/example_dags/example_time_delta_sensor_async.py for tasks to queue
[2026-02-14T16:04:26.107+0000] {logging_mixin.py:188} INFO - [2026-02-14T16:04:26.107+0000] {dagbag.py:545} INFO - Filling up the DagBag from /home/airflow/.local/lib/python3.12/site-packages/airflow/example_dags/example_time_delta_sensor_async.py
[2026-02-14T16:04:26.109+0000] {processor.py:840} INFO - DAG(s) 'example_time_delta_sensor_async' retrieved from /home/airflow/.local/lib/python3.12/site-packages/airflow/example_dags/example_time_delta_sensor_async.py
[2026-02-14T16:04:26.124+0000] {logging_mixin.py:188} INFO - [2026-02-14T16:04:26.123+0000] {dag.py:3089} INFO - Sync 1 DAGs
[2026-02-14T16:04:26.130+0000] {logging_mixin.py:188} INFO - [2026-02-14T16:04:26.130+0000] {dag.py:3947} INFO - Setting next_dagrun for example_time_delta_sensor_async to None, run_after=None
[2026-02-14T16:04:26.140+0000] {processor.py:183} INFO - Processing /home/airflow/.local/lib/python3.12/site-packages/airflow/example_dags/example_time_delta_sensor_async.py took 0.038 seconds
[2026-02-14T16:04:56.551+0000] {processor.py:161} INFO - Started process (PID=2184) to work on /home/airflow/.local/lib/python3.12/site-packages/airflow/example_dags/example_time_delta_sensor_async.py
[2026-02-14T16:04:56.552+0000] {processor.py:830} INFO - Processing file /home/airflow/.local/lib/python3.12/site-packages/airflow/example_dags/example_time_delta_sensor_async.py for tasks to queue
[2026-02-14T16:04:56.553+0000] {logging_mixin.py:188} INFO - [2026-02-14T16:04:56.553+0000] {dagbag.py:545} INFO - Filling up the DagBag from /home/airflow/.local/lib/python3.12/site-packages/airflow/example_dags/example_time_delta_sensor_async.py
[2026-02-14T16:04:56.555+0000] {processor.py:840} INFO - DAG(s) 'example_time_delta_sensor_async' retrieved from /home/airflow/.local/lib/python3.12/site-packages/airflow/example_dags/example_time_delta_sensor_async.py
[2026-02-14T16:04:56.563+0000] {logging_mixin.py:188} INFO - [2026-02-14T16:04:56.562+0000] {dag.py:3089} INFO - Sync 1 DAGs
[2026-02-14T16:04:56.568+0000] {logging_mixin.py:188} INFO - [2026-02-14T16:04:56.568+0000] {dag.py:3947} INFO - Setting next_dagrun for example_time_delta_sensor_async to None, run_after=None
[2026-02-14T16:04:56.577+0000] {processor.py:183} INFO - Processing /home/airflow/.local/lib/python3.12/site-packages/airflow/example_dags/example_time_delta_sensor_async.py took 0.028 seconds
[2026-02-14T16:05:27.077+0000] {processor.py:161} INFO - Started process (PID=2243) to work on /home/airflow/.local/lib/python3.12/site-packages/airflow/example_dags/example_time_delta_sensor_async.py
[2026-02-14T16:05:27.077+0000] {processor.py:830} INFO - Processing file /home/airflow/.local/lib/python3.12/site-packages/airflow/example_dags/example_time_delta_sensor_async.py for tasks to queue
[2026-02-14T16:05:27.078+0000] {logging_mixin.py:188} INFO - [2026-02-14T16:05:27.078+0000] {dagbag.py:545} INFO - Filling up the DagBag from /home/airflow/.local/lib/python3.12/site-packages/airflow/example_dags/example_time_delta_sensor_async.py
[2026-02-14T16:05:27.080+0000] {processor.py:840} INFO - DAG(s) 'example_time_delta_sensor_async' retrieved from /home/airflow/.local/lib/python3.12/site-packages/airflow/example_dags/example_time_delta_sensor_async.py
[2026-02-14T16:05:27.087+0000] {logging_mixin.py:188} INFO - [2026-02-14T16:05:27.087+0000] {dag.py:3089} INFO - Sync 1 DAGs
[2026-02-14T16:05:27.091+0000] {logging_mixin.py:188} INFO - [2026-02-14T16:05:27.091+0000] {dag.py:3947} INFO - Setting next_dagrun for example_time_delta_sensor_async to None, run_after=None
[2026-02-14T16:05:27.096+0000] {processor.py:183} INFO - Processing /home/airflow/.local/lib/python3.12/site-packages/airflow/example_dags/example_time_delta_sensor_async.py took 0.021 seconds
[2026-02-14T16:05:57.579+0000] {processor.py:161} INFO - Started process (PID=2302) to work on /home/airflow/.local/lib/python3.12/site-packages/airflow/example_dags/example_time_delta_sensor_async.py
[2026-02-14T16:05:57.580+0000] {processor.py:830} INFO - Processing file /home/airflow/.local/lib/python3.12/site-packages/airflow/example_dags/example_time_delta_sensor_async.py for tasks to queue
[2026-02-14T16:05:57.580+0000] {logging_mixin.py:188} INFO - [2026-02-14T16:05:57.580+0000] {dagbag.py:545} INFO - Filling up the DagBag from /home/airflow/.local/lib/python3.12/site-packages/airflow/example_dags/example_time_delta_sensor_async.py
[2026-02-14T16:05:57.583+0000] {processor.py:840} INFO - DAG(s) 'example_time_delta_sensor_async' retrieved from /home/airflow/.local/lib/python3.12/site-packages/airflow/example_dags/example_time_delta_sensor_async.py
[2026-02-14T16:05:57.594+0000] {logging_mixin.py:188} INFO - [2026-02-14T16:05:57.593+0000] {dag.py:3089} INFO - Sync 1 DAGs
[2026-02-14T16:05:57.598+0000] {logging_mixin.py:188} INFO - [2026-02-14T16:05:57.598+0000] {dag.py:3947} INFO - Setting next_dagrun for example_time_delta_sensor_async to None, run_after=None
[2026-02-14T16:05:57.608+0000] {processor.py:183} INFO - Processing /home/airflow/.local/lib/python3.12/site-packages/airflow/example_dags/example_time_delta_sensor_async.py took 0.032 seconds
[2026-02-14T16:06:27.999+0000] {processor.py:161} INFO - Started process (PID=2361) to work on /home/airflow/.local/lib/python3.12/site-packages/airflow/example_dags/example_time_delta_sensor_async.py
[2026-02-14T16:06:28.000+0000] {processor.py:830} INFO - Processing file /home/airflow/.local/lib/python3.12/site-packages/airflow/example_dags/example_time_delta_sensor_async.py for tasks to queue
[2026-02-14T16:06:28.001+0000] {logging_mixin.py:188} INFO - [2026-02-14T16:06:28.001+0000] {dagbag.py:545} INFO - Filling up the DagBag from /home/airflow/.local/lib/python3.12/site-packages/airflow/example_dags/example_time_delta_sensor_async.py
[2026-02-14T16:06:28.003+0000] {processor.py:840} INFO - DAG(s) 'example_time_delta_sensor_async' retrieved from /home/airflow/.local/lib/python3.12/site-packages/airflow/example_dags/example_time_delta_sensor_async.py
[2026-02-14T16:06:28.011+0000] {logging_mixin.py:188} INFO - [2026-02-14T16:06:28.011+0000] {dag.py:3089} INFO - Sync 1 DAGs
[2026-02-14T16:06:28.016+0000] {logging_mixin.py:188} INFO - [2026-02-14T16:06:28.016+0000] {dag.py:3947} INFO - Setting next_dagrun for example_time_delta_sensor_async to None, run_after=None
[2026-02-14T16:06:28.028+0000] {processor.py:183} INFO - Processing /home/airflow/.local/lib/python3.12/site-packages/airflow/example_dags/example_time_delta_sensor_async.py took 0.031 seconds
[2026-02-14T16:06:58.931+0000] {processor.py:161} INFO - Started process (PID=2420) to work on /home/airflow/.local/lib/python3.12/site-packages/airflow/example_dags/example_time_delta_sensor_async.py
[2026-02-14T16:06:58.932+0000] {processor.py:830} INFO - Processing file /home/airflow/.local/lib/python3.12/site-packages/airflow/example_dags/example_time_delta_sensor_async.py for tasks to queue
[2026-02-14T16:06:58.934+0000] {logging_mixin.py:188} INFO - [2026-02-14T16:06:58.933+0000] {dagbag.py:545} INFO - Filling up the DagBag from /home/airflow/.local/lib/python3.12/site-packages/airflow/example_dags/example_time_delta_sensor_async.py
[2026-02-14T16:06:58.935+0000] {processor.py:840} INFO - DAG(s) 'example_time_delta_sensor_async' retrieved from /home/airflow/.local/lib/python3.12/site-packages/airflow/example_dags/example_time_delta_sensor_async.py
[2026-02-14T16:06:58.949+0000] {logging_mixin.py:188} INFO - [2026-02-14T16:06:58.948+0000] {dag.py:3089} INFO - Sync 1 DAGs
[2026-02-14T16:06:58.954+0000] {logging_mixin.py:188} INFO - [2026-02-14T16:06:58.954+0000] {dag.py:3947} INFO - Setting next_dagrun for example_time_delta_sensor_async to None, run_after=None
[2026-02-14T16:06:58.963+0000] {processor.py:183} INFO - Processing /home/airflow/.local/lib/python3.12/site-packages/airflow/example_dags/example_time_delta_sensor_async.py took 0.037 seconds
[2026-02-14T16:07:29.553+0000] {processor.py:161} INFO - Started process (PID=2479) to work on /home/airflow/.local/lib/python3.12/site-packages/airflow/example_dags/example_time_delta_sensor_async.py
[2026-02-14T16:07:29.553+0000] {processor.py:830} INFO - Processing file /home/airflow/.local/lib/python3.12/site-packages/airflow/example_dags/example_time_delta_sensor_async.py for tasks to queue
[2026-02-14T16:07:29.554+0000] {logging_mixin.py:188} INFO - [2026-02-14T16:07:29.554+0000] {dagbag.py:545} INFO - Filling up the DagBag from /home/airflow/.local/lib/python3.12/site-packages/airflow/example_dags/example_time_delta_sensor_async.py
[2026-02-14T16:07:29.557+0000] {processor.py:840} INFO - DAG(s) 'example_time_delta_sensor_async' retrieved from /home/airflow/.local/lib/python3.12/site-packages/airflow/example_dags/example_time_delta_sensor_async.py
[2026-02-14T16:07:29.567+0000] {logging_mixin.py:188} INFO - [2026-02-14T16:07:29.567+0000] {dag.py:3089} INFO - Sync 1 DAGs
[2026-02-14T16:07:29.572+0000] {logging_mixin.py:188} INFO - [2026-02-14T16:07:29.572+0000] {dag.py:3947} INFO - Setting next_dagrun for example_time_delta_sensor_async to None, run_after=None
[2026-02-14T16:07:29.580+0000] {processor.py:183} INFO - Processing /home/airflow/.local/lib/python3.12/site-packages/airflow/example_dags/example_time_delta_sensor_async.py took 0.030 seconds
[2026-02-14T16:08:00.307+0000] {processor.py:161} INFO - Started process (PID=2538) to work on /home/airflow/.local/lib/python3.12/site-packages/airflow/example_dags/example_time_delta_sensor_async.py
[2026-02-14T16:08:00.310+0000] {processor.py:830} INFO - Processing file /home/airflow/.local/lib/python3.12/site-packages/airflow/example_dags/example_time_delta_sensor_async.py for tasks to queue
[2026-02-14T16:08:00.313+0000] {logging_mixin.py:188} INFO - [2026-02-14T16:08:00.313+0000] {dagbag.py:545} INFO - Filling up the DagBag from /home/airflow/.local/lib/python3.12/site-packages/airflow/example_dags/example_time_delta_sensor_async.py
[2026-02-14T16:08:00.315+0000] {processor.py:840} INFO - DAG(s) 'example_time_delta_sensor_async' retrieved from /home/airflow/.local/lib/python3.12/site-packages/airflow/example_dags/example_time_delta_sensor_async.py
[2026-02-14T16:08:00.329+0000] {logging_mixin.py:188} INFO - [2026-02-14T16:08:00.328+0000] {dag.py:3089} INFO - Sync 1 DAGs
[2026-02-14T16:08:00.334+0000] {logging_mixin.py:188} INFO - [2026-02-14T16:08:00.334+0000] {dag.py:3947} INFO - Setting next_dagrun for example_time_delta_sensor_async to None, run_after=None
[2026-02-14T16:08:00.342+0000] {processor.py:183} INFO - Processing /home/airflow/.local/lib/python3.12/site-packages/airflow/example_dags/example_time_delta_sensor_async.py took 0.042 seconds
[2026-02-14T16:08:30.809+0000] {processor.py:161} INFO - Started process (PID=2597) to work on /home/airflow/.local/lib/python3.12/site-packages/airflow/example_dags/example_time_delta_sensor_async.py
[2026-02-14T16:08:30.810+0000] {processor.py:830} INFO - Processing file /home/airflow/.local/lib/python3.12/site-packages/airflow/example_dags/example_time_delta_sensor_async.py for tasks to queue
[2026-02-14T16:08:30.811+0000] {logging_mixin.py:188} INFO - [2026-02-14T16:08:30.811+0000] {dagbag.py:545} INFO - Filling up the DagBag from /home/airflow/.local/lib/python3.12/site-packages/airflow/example_dags/example_time_delta_sensor_async.py
[2026-02-14T16:08:30.813+0000] {processor.py:840} INFO - DAG(s) 'example_time_delta_sensor_async' retrieved from /home/airflow/.local/lib/python3.12/site-packages/airflow/example_dags/example_time_delta_sensor_async.py
[2026-02-14T16:08:30.823+0000] {logging_mixin.py:188} INFO - [2026-02-14T16:08:30.823+0000] {dag.py:3089} INFO - Sync 1 DAGs
[2026-02-14T16:08:30.829+0000] {logging_mixin.py:188} INFO - [2026-02-14T16:08:30.829+0000] {dag.py:3947} INFO - Setting next_dagrun for example_time_delta_sensor_async to None, run_after=None
[2026-02-14T16:08:30.837+0000] {processor.py:183} INFO - Processing /home/airflow/.local/lib/python3.12/site-packages/airflow/example_dags/example_time_delta_sensor_async.py took 0.030 seconds
[2026-02-14T16:09:01.236+0000] {processor.py:161} INFO - Started process (PID=2656) to work on /home/airflow/.local/lib/python3.12/site-packages/airflow/example_dags/example_time_delta_sensor_async.py
[2026-02-14T16:09:01.236+0000] {processor.py:830} INFO - Processing file /home/airflow/.local/lib/python3.12/site-packages/airflow/example_dags/example_time_delta_sensor_async.py for tasks to queue
[2026-02-14T16:09:01.237+0000] {logging_mixin.py:188} INFO - [2026-02-14T16:09:01.237+0000] {dagbag.py:545} INFO - Filling up the DagBag from /home/airflow/.local/lib/python3.12/site-packages/airflow/example_dags/example_time_delta_sensor_async.py
[2026-02-14T16:09:01.239+0000] {processor.py:840} INFO - DAG(s) 'example_time_delta_sensor_async' retrieved from /home/airflow/.local/lib/python3.12/site-packages/airflow/example_dags/example_time_delta_sensor_async.py
[2026-02-14T16:09:01.249+0000] {logging_mixin.py:188} INFO - [2026-02-14T16:09:01.249+0000] {dag.py:3089} INFO - Sync 1 DAGs
[2026-02-14T16:09:01.254+0000] {logging_mixin.py:188} INFO - [2026-02-14T16:09:01.254+0000] {dag.py:3947} INFO - Setting next_dagrun for example_time_delta_sensor_async to None, run_after=None
[2026-02-14T16:09:01.264+0000] {processor.py:183} INFO - Processing /home/airflow/.local/lib/python3.12/site-packages/airflow/example_dags/example_time_delta_sensor_async.py took 0.031 seconds
[2026-02-14T16:09:31.700+0000] {processor.py:161} INFO - Started process (PID=2715) to work on /home/airflow/.local/lib/python3.12/site-packages/airflow/example_dags/example_time_delta_sensor_async.py
[2026-02-14T16:09:31.700+0000] {processor.py:830} INFO - Processing file /home/airflow/.local/lib/python3.12/site-packages/airflow/example_dags/example_time_delta_sensor_async.py for tasks to queue
[2026-02-14T16:09:31.701+0000] {logging_mixin.py:188} INFO - [2026-02-14T16:09:31.701+0000] {dagbag.py:545} INFO - Filling up the DagBag from /home/airflow/.local/lib/python3.12/site-packages/airflow/example_dags/example_time_delta_sensor_async.py
[2026-02-14T16:09:31.703+0000] {processor.py:840} INFO - DAG(s) 'example_time_delta_sensor_async' retrieved from /home/airflow/.local/lib/python3.12/site-packages/airflow/example_dags/example_time_delta_sensor_async.py
[2026-02-14T16:09:31.716+0000] {logging_mixin.py:188} INFO - [2026-02-14T16:09:31.715+0000] {dag.py:3089} INFO - Sync 1 DAGs
[2026-02-14T16:09:31.722+0000] {logging_mixin.py:188} INFO - [2026-02-14T16:09:31.722+0000] {dag.py:3947} INFO - Setting next_dagrun for example_time_delta_sensor_async to None, run_after=None
[2026-02-14T16:09:31.730+0000] {processor.py:183} INFO - Processing /home/airflow/.local/lib/python3.12/site-packages/airflow/example_dags/example_time_delta_sensor_async.py took 0.033 seconds
[2026-02-14T16:10:01.972+0000] {processor.py:161} INFO - Started process (PID=2774) to work on /home/airflow/.local/lib/python3.12/site-packages/airflow/example_dags/example_time_delta_sensor_async.py
[2026-02-14T16:10:01.973+0000] {processor.py:830} INFO - Processing file /home/airflow/.local/lib/python3.12/site-packages/airflow/example_dags/example_time_delta_sensor_async.py for tasks to queue
[2026-02-14T16:10:01.974+0000] {logging_mixin.py:188} INFO - [2026-02-14T16:10:01.974+0000] {dagbag.py:545} INFO - Filling up the DagBag from /home/airflow/.local/lib/python3.12/site-packages/airflow/example_dags/example_time_delta_sensor_async.py
[2026-02-14T16:10:01.976+0000] {processor.py:840} INFO - DAG(s) 'example_time_delta_sensor_async' retrieved from /home/airflow/.local/lib/python3.12/site-packages/airflow/example_dags/example_time_delta_sensor_async.py
[2026-02-14T16:10:01.983+0000] {logging_mixin.py:188} INFO - [2026-02-14T16:10:01.983+0000] {dag.py:3089} INFO - Sync 1 DAGs
[2026-02-14T16:10:01.989+0000] {logging_mixin.py:188} INFO - [2026-02-14T16:10:01.989+0000] {dag.py:3947} INFO - Setting next_dagrun for example_time_delta_sensor_async to None, run_after=None
[2026-02-14T16:10:01.996+0000] {processor.py:183} INFO - Processing /home/airflow/.local/lib/python3.12/site-packages/airflow/example_dags/example_time_delta_sensor_async.py took 0.027 seconds
[2026-02-14T16:10:32.434+0000] {processor.py:161} INFO - Started process (PID=2832) to work on /home/airflow/.local/lib/python3.12/site-packages/airflow/example_dags/example_time_delta_sensor_async.py
[2026-02-14T16:10:32.435+0000] {processor.py:830} INFO - Processing file /home/airflow/.local/lib/python3.12/site-packages/airflow/example_dags/example_time_delta_sensor_async.py for tasks to queue
[2026-02-14T16:10:32.437+0000] {logging_mixin.py:188} INFO - [2026-02-14T16:10:32.437+0000] {dagbag.py:545} INFO - Filling up the DagBag from /home/airflow/.local/lib/python3.12/site-packages/airflow/example_dags/example_time_delta_sensor_async.py
[2026-02-14T16:10:32.439+0000] {processor.py:840} INFO - DAG(s) 'example_time_delta_sensor_async' retrieved from /home/airflow/.local/lib/python3.12/site-packages/airflow/example_dags/example_time_delta_sensor_async.py
[2026-02-14T16:10:32.449+0000] {logging_mixin.py:188} INFO - [2026-02-14T16:10:32.449+0000] {dag.py:3089} INFO - Sync 1 DAGs
[2026-02-14T16:10:32.456+0000] {logging_mixin.py:188} INFO - [2026-02-14T16:10:32.456+0000] {dag.py:3947} INFO - Setting next_dagrun for example_time_delta_sensor_async to None, run_after=None
[2026-02-14T16:10:32.465+0000] {processor.py:183} INFO - Processing /home/airflow/.local/lib/python3.12/site-packages/airflow/example_dags/example_time_delta_sensor_async.py took 0.034 seconds
[2026-02-14T16:11:03.215+0000] {processor.py:161} INFO - Started process (PID=2891) to work on /home/airflow/.local/lib/python3.12/site-packages/airflow/example_dags/example_time_delta_sensor_async.py
[2026-02-14T16:11:03.216+0000] {processor.py:830} INFO - Processing file /home/airflow/.local/lib/python3.12/site-packages/airflow/example_dags/example_time_delta_sensor_async.py for tasks to queue
[2026-02-14T16:11:03.217+0000] {logging_mixin.py:188} INFO - [2026-02-14T16:11:03.217+0000] {dagbag.py:545} INFO - Filling up the DagBag from /home/airflow/.local/lib/python3.12/site-packages/airflow/example_dags/example_time_delta_sensor_async.py
[2026-02-14T16:11:03.219+0000] {processor.py:840} INFO - DAG(s) 'example_time_delta_sensor_async' retrieved from /home/airflow/.local/lib/python3.12/site-packages/airflow/example_dags/example_time_delta_sensor_async.py
[2026-02-14T16:11:03.229+0000] {logging_mixin.py:188} INFO - [2026-02-14T16:11:03.229+0000] {dag.py:3089} INFO - Sync 1 DAGs
[2026-02-14T16:11:03.234+0000] {logging_mixin.py:188} INFO - [2026-02-14T16:11:03.234+0000] {dag.py:3947} INFO - Setting next_dagrun for example_time_delta_sensor_async to None, run_after=None
[2026-02-14T16:11:03.240+0000] {processor.py:183} INFO - Processing /home/airflow/.local/lib/python3.12/site-packages/airflow/example_dags/example_time_delta_sensor_async.py took 0.029 seconds
[2026-02-14T16:11:33.397+0000] {processor.py:161} INFO - Started process (PID=2950) to work on /home/airflow/.local/lib/python3.12/site-packages/airflow/example_dags/example_time_delta_sensor_async.py
[2026-02-14T16:11:33.400+0000] {processor.py:830} INFO - Processing file /home/airflow/.local/lib/python3.12/site-packages/airflow/example_dags/example_time_delta_sensor_async.py for tasks to queue
[2026-02-14T16:11:33.401+0000] {logging_mixin.py:188} INFO - [2026-02-14T16:11:33.401+0000] {dagbag.py:545} INFO - Filling up the DagBag from /home/airflow/.local/lib/python3.12/site-packages/airflow/example_dags/example_time_delta_sensor_async.py
[2026-02-14T16:11:33.403+0000] {processor.py:840} INFO - DAG(s) 'example_time_delta_sensor_async' retrieved from /home/airflow/.local/lib/python3.12/site-packages/airflow/example_dags/example_time_delta_sensor_async.py
[2026-02-14T16:11:33.414+0000] {logging_mixin.py:188} INFO - [2026-02-14T16:11:33.414+0000] {dag.py:3089} INFO - Sync 1 DAGs
[2026-02-14T16:11:33.420+0000] {logging_mixin.py:188} INFO - [2026-02-14T16:11:33.420+0000] {dag.py:3947} INFO - Setting next_dagrun for example_time_delta_sensor_async to None, run_after=None
[2026-02-14T16:11:33.441+0000] {processor.py:183} INFO - Processing /home/airflow/.local/lib/python3.12/site-packages/airflow/example_dags/example_time_delta_sensor_async.py took 0.047 seconds
[2026-02-14T16:12:03.735+0000] {processor.py:161} INFO - Started process (PID=3009) to work on /home/airflow/.local/lib/python3.12/site-packages/airflow/example_dags/example_time_delta_sensor_async.py
[2026-02-14T16:12:03.735+0000] {processor.py:830} INFO - Processing file /home/airflow/.local/lib/python3.12/site-packages/airflow/example_dags/example_time_delta_sensor_async.py for tasks to queue
[2026-02-14T16:12:03.736+0000] {logging_mixin.py:188} INFO - [2026-02-14T16:12:03.736+0000] {dagbag.py:545} INFO - Filling up the DagBag from /home/airflow/.local/lib/python3.12/site-packages/airflow/example_dags/example_time_delta_sensor_async.py
[2026-02-14T16:12:03.738+0000] {processor.py:840} INFO - DAG(s) 'example_time_delta_sensor_async' retrieved from /home/airflow/.local/lib/python3.12/site-packages/airflow/example_dags/example_time_delta_sensor_async.py
[2026-02-14T16:12:03.746+0000] {logging_mixin.py:188} INFO - [2026-02-14T16:12:03.746+0000] {dag.py:3089} INFO - Sync 1 DAGs
[2026-02-14T16:12:03.751+0000] {logging_mixin.py:188} INFO - [2026-02-14T16:12:03.750+0000] {dag.py:3947} INFO - Setting next_dagrun for example_time_delta_sensor_async to None, run_after=None
[2026-02-14T16:12:03.757+0000] {processor.py:183} INFO - Processing /home/airflow/.local/lib/python3.12/site-packages/airflow/example_dags/example_time_delta_sensor_async.py took 0.025 seconds
[2026-02-14T16:12:34.200+0000] {processor.py:161} INFO - Started process (PID=3068) to work on /home/airflow/.local/lib/python3.12/site-packages/airflow/example_dags/example_time_delta_sensor_async.py
[2026-02-14T16:12:34.201+0000] {processor.py:830} INFO - Processing file /home/airflow/.local/lib/python3.12/site-packages/airflow/example_dags/example_time_delta_sensor_async.py for tasks to queue
[2026-02-14T16:12:34.202+0000] {logging_mixin.py:188} INFO - [2026-02-14T16:12:34.202+0000] {dagbag.py:545} INFO - Filling up the DagBag from /home/airflow/.local/lib/python3.12/site-packages/airflow/example_dags/example_time_delta_sensor_async.py
[2026-02-14T16:12:34.205+0000] {processor.py:840} INFO - DAG(s) 'example_time_delta_sensor_async' retrieved from /home/airflow/.local/lib/python3.12/site-packages/airflow/example_dags/example_time_delta_sensor_async.py
[2026-02-14T16:12:34.213+0000] {logging_mixin.py:188} INFO - [2026-02-14T16:12:34.213+0000] {dag.py:3089} INFO - Sync 1 DAGs
[2026-02-14T16:12:34.218+0000] {logging_mixin.py:188} INFO - [2026-02-14T16:12:34.218+0000] {dag.py:3947} INFO - Setting next_dagrun for example_time_delta_sensor_async to None, run_after=None
[2026-02-14T16:12:34.225+0000] {processor.py:183} INFO - Processing /home/airflow/.local/lib/python3.12/site-packages/airflow/example_dags/example_time_delta_sensor_async.py took 0.028 seconds
[2026-02-14T16:13:04.638+0000] {processor.py:161} INFO - Started process (PID=3127) to work on /home/airflow/.local/lib/python3.12/site-packages/airflow/example_dags/example_time_delta_sensor_async.py
[2026-02-14T16:13:04.638+0000] {processor.py:830} INFO - Processing file /home/airflow/.local/lib/python3.12/site-packages/airflow/example_dags/example_time_delta_sensor_async.py for tasks to queue
[2026-02-14T16:13:04.639+0000] {logging_mixin.py:188} INFO - [2026-02-14T16:13:04.639+0000] {dagbag.py:545} INFO - Filling up the DagBag from /home/airflow/.local/lib/python3.12/site-packages/airflow/example_dags/example_time_delta_sensor_async.py
[2026-02-14T16:13:04.641+0000] {processor.py:840} INFO - DAG(s) 'example_time_delta_sensor_async' retrieved from /home/airflow/.local/lib/python3.12/site-packages/airflow/example_dags/example_time_delta_sensor_async.py
[2026-02-14T16:13:04.652+0000] {logging_mixin.py:188} INFO - [2026-02-14T16:13:04.652+0000] {dag.py:3089} INFO - Sync 1 DAGs
[2026-02-14T16:13:04.657+0000] {logging_mixin.py:188} INFO - [2026-02-14T16:13:04.657+0000] {dag.py:3947} INFO - Setting next_dagrun for example_time_delta_sensor_async to None, run_after=None
[2026-02-14T16:13:04.664+0000] {processor.py:183} INFO - Processing /home/airflow/.local/lib/python3.12/site-packages/airflow/example_dags/example_time_delta_sensor_async.py took 0.028 seconds
[2026-02-14T16:13:34.924+0000] {processor.py:161} INFO - Started process (PID=3186) to work on /home/airflow/.local/lib/python3.12/site-packages/airflow/example_dags/example_time_delta_sensor_async.py
[2026-02-14T16:13:34.925+0000] {processor.py:830} INFO - Processing file /home/airflow/.local/lib/python3.12/site-packages/airflow/example_dags/example_time_delta_sensor_async.py for tasks to queue
[2026-02-14T16:13:34.925+0000] {logging_mixin.py:188} INFO - [2026-02-14T16:13:34.925+0000] {dagbag.py:545} INFO - Filling up the DagBag from /home/airflow/.local/lib/python3.12/site-packages/airflow/example_dags/example_time_delta_sensor_async.py
[2026-02-14T16:13:34.927+0000] {processor.py:840} INFO - DAG(s) 'example_time_delta_sensor_async' retrieved from /home/airflow/.local/lib/python3.12/site-packages/airflow/example_dags/example_time_delta_sensor_async.py
[2026-02-14T16:13:34.935+0000] {logging_mixin.py:188} INFO - [2026-02-14T16:13:34.935+0000] {dag.py:3089} INFO - Sync 1 DAGs
[2026-02-14T16:13:34.940+0000] {logging_mixin.py:188} INFO - [2026-02-14T16:13:34.940+0000] {dag.py:3947} INFO - Setting next_dagrun for example_time_delta_sensor_async to None, run_after=None
[2026-02-14T16:13:34.946+0000] {processor.py:183} INFO - Processing /home/airflow/.local/lib/python3.12/site-packages/airflow/example_dags/example_time_delta_sensor_async.py took 0.024 seconds
[2026-02-14T16:14:05.522+0000] {processor.py:161} INFO - Started process (PID=3245) to work on /home/airflow/.local/lib/python3.12/site-packages/airflow/example_dags/example_time_delta_sensor_async.py
[2026-02-14T16:14:05.524+0000] {processor.py:830} INFO - Processing file /home/airflow/.local/lib/python3.12/site-packages/airflow/example_dags/example_time_delta_sensor_async.py for tasks to queue
[2026-02-14T16:14:05.526+0000] {logging_mixin.py:188} INFO - [2026-02-14T16:14:05.526+0000] {dagbag.py:545} INFO - Filling up the DagBag from /home/airflow/.local/lib/python3.12/site-packages/airflow/example_dags/example_time_delta_sensor_async.py
[2026-02-14T16:14:05.536+0000] {processor.py:840} INFO - DAG(s) 'example_time_delta_sensor_async' retrieved from /home/airflow/.local/lib/python3.12/site-packages/airflow/example_dags/example_time_delta_sensor_async.py
[2026-02-14T16:14:05.565+0000] {logging_mixin.py:188} INFO - [2026-02-14T16:14:05.565+0000] {dag.py:3089} INFO - Sync 1 DAGs
[2026-02-14T16:14:05.578+0000] {logging_mixin.py:188} INFO - [2026-02-14T16:14:05.578+0000] {dag.py:3947} INFO - Setting next_dagrun for example_time_delta_sensor_async to None, run_after=None
[2026-02-14T16:14:05.592+0000] {processor.py:183} INFO - Processing /home/airflow/.local/lib/python3.12/site-packages/airflow/example_dags/example_time_delta_sensor_async.py took 0.081 seconds
[2026-02-14T16:14:35.768+0000] {processor.py:161} INFO - Started process (PID=3304) to work on /home/airflow/.local/lib/python3.12/site-packages/airflow/example_dags/example_time_delta_sensor_async.py
[2026-02-14T16:14:35.769+0000] {processor.py:830} INFO - Processing file /home/airflow/.local/lib/python3.12/site-packages/airflow/example_dags/example_time_delta_sensor_async.py for tasks to queue
[2026-02-14T16:14:35.770+0000] {logging_mixin.py:188} INFO - [2026-02-14T16:14:35.770+0000] {dagbag.py:545} INFO - Filling up the DagBag from /home/airflow/.local/lib/python3.12/site-packages/airflow/example_dags/example_time_delta_sensor_async.py
[2026-02-14T16:14:35.773+0000] {processor.py:840} INFO - DAG(s) 'example_time_delta_sensor_async' retrieved from /home/airflow/.local/lib/python3.12/site-packages/airflow/example_dags/example_time_delta_sensor_async.py
[2026-02-14T16:14:35.788+0000] {logging_mixin.py:188} INFO - [2026-02-14T16:14:35.788+0000] {dag.py:3089} INFO - Sync 1 DAGs
[2026-02-14T16:14:35.796+0000] {logging_mixin.py:188} INFO - [2026-02-14T16:14:35.796+0000] {dag.py:3947} INFO - Setting next_dagrun for example_time_delta_sensor_async to None, run_after=None
[2026-02-14T16:14:35.816+0000] {processor.py:183} INFO - Processing /home/airflow/.local/lib/python3.12/site-packages/airflow/example_dags/example_time_delta_sensor_async.py took 0.053 seconds
[2026-02-14T16:15:05.855+0000] {processor.py:161} INFO - Started process (PID=3363) to work on /home/airflow/.local/lib/python3.12/site-packages/airflow/example_dags/example_time_delta_sensor_async.py
[2026-02-14T16:15:05.856+0000] {processor.py:830} INFO - Processing file /home/airflow/.local/lib/python3.12/site-packages/airflow/example_dags/example_time_delta_sensor_async.py for tasks to queue
[2026-02-14T16:15:05.857+0000] {logging_mixin.py:188} INFO - [2026-02-14T16:15:05.857+0000] {dagbag.py:545} INFO - Filling up the DagBag from /home/airflow/.local/lib/python3.12/site-packages/airflow/example_dags/example_time_delta_sensor_async.py
[2026-02-14T16:15:05.860+0000] {processor.py:840} INFO - DAG(s) 'example_time_delta_sensor_async' retrieved from /home/airflow/.local/lib/python3.12/site-packages/airflow/example_dags/example_time_delta_sensor_async.py
[2026-02-14T16:15:05.869+0000] {logging_mixin.py:188} INFO - [2026-02-14T16:15:05.869+0000] {dag.py:3089} INFO - Sync 1 DAGs
[2026-02-14T16:15:05.875+0000] {logging_mixin.py:188} INFO - [2026-02-14T16:15:05.874+0000] {dag.py:3947} INFO - Setting next_dagrun for example_time_delta_sensor_async to None, run_after=None
[2026-02-14T16:15:05.883+0000] {processor.py:183} INFO - Processing /home/airflow/.local/lib/python3.12/site-packages/airflow/example_dags/example_time_delta_sensor_async.py took 0.033 seconds
[2026-02-14T16:15:36.415+0000] {processor.py:161} INFO - Started process (PID=3422) to work on /home/airflow/.local/lib/python3.12/site-packages/airflow/example_dags/example_time_delta_sensor_async.py
[2026-02-14T16:15:36.416+0000] {processor.py:830} INFO - Processing file /home/airflow/.local/lib/python3.12/site-packages/airflow/example_dags/example_time_delta_sensor_async.py for tasks to queue
[2026-02-14T16:15:36.417+0000] {logging_mixin.py:188} INFO - [2026-02-14T16:15:36.417+0000] {dagbag.py:545} INFO - Filling up the DagBag from /home/airflow/.local/lib/python3.12/site-packages/airflow/example_dags/example_time_delta_sensor_async.py
[2026-02-14T16:15:36.420+0000] {processor.py:840} INFO - DAG(s) 'example_time_delta_sensor_async' retrieved from /home/airflow/.local/lib/python3.12/site-packages/airflow/example_dags/example_time_delta_sensor_async.py
[2026-02-14T16:15:36.430+0000] {logging_mixin.py:188} INFO - [2026-02-14T16:15:36.430+0000] {dag.py:3089} INFO - Sync 1 DAGs
[2026-02-14T16:15:36.435+0000] {logging_mixin.py:188} INFO - [2026-02-14T16:15:36.435+0000] {dag.py:3947} INFO - Setting next_dagrun for example_time_delta_sensor_async to None, run_after=None
[2026-02-14T16:15:36.442+0000] {processor.py:183} INFO - Processing /home/airflow/.local/lib/python3.12/site-packages/airflow/example_dags/example_time_delta_sensor_async.py took 0.029 seconds
[2026-02-14T16:16:06.566+0000] {processor.py:161} INFO - Started process (PID=3481) to work on /home/airflow/.local/lib/python3.12/site-packages/airflow/example_dags/example_time_delta_sensor_async.py
[2026-02-14T16:16:06.566+0000] {processor.py:830} INFO - Processing file /home/airflow/.local/lib/python3.12/site-packages/airflow/example_dags/example_time_delta_sensor_async.py for tasks to queue
[2026-02-14T16:16:06.567+0000] {logging_mixin.py:188} INFO - [2026-02-14T16:16:06.567+0000] {dagbag.py:545} INFO - Filling up the DagBag from /home/airflow/.local/lib/python3.12/site-packages/airflow/example_dags/example_time_delta_sensor_async.py
[2026-02-14T16:16:06.569+0000] {processor.py:840} INFO - DAG(s) 'example_time_delta_sensor_async' retrieved from /home/airflow/.local/lib/python3.12/site-packages/airflow/example_dags/example_time_delta_sensor_async.py
[2026-02-14T16:16:06.576+0000] {logging_mixin.py:188} INFO - [2026-02-14T16:16:06.575+0000] {dag.py:3089} INFO - Sync 1 DAGs
[2026-02-14T16:16:06.580+0000] {logging_mixin.py:188} INFO - [2026-02-14T16:16:06.580+0000] {dag.py:3947} INFO - Setting next_dagrun for example_time_delta_sensor_async to None, run_after=None
[2026-02-14T16:16:06.589+0000] {processor.py:183} INFO - Processing /home/airflow/.local/lib/python3.12/site-packages/airflow/example_dags/example_time_delta_sensor_async.py took 0.025 seconds
[2026-02-14T16:16:37.120+0000] {processor.py:161} INFO - Started process (PID=3540) to work on /home/airflow/.local/lib/python3.12/site-packages/airflow/example_dags/example_time_delta_sensor_async.py
[2026-02-14T16:16:37.121+0000] {processor.py:830} INFO - Processing file /home/airflow/.local/lib/python3.12/site-packages/airflow/example_dags/example_time_delta_sensor_async.py for tasks to queue
[2026-02-14T16:16:37.122+0000] {logging_mixin.py:188} INFO - [2026-02-14T16:16:37.122+0000] {dagbag.py:545} INFO - Filling up the DagBag from /home/airflow/.local/lib/python3.12/site-packages/airflow/example_dags/example_time_delta_sensor_async.py
[2026-02-14T16:16:37.125+0000] {processor.py:840} INFO - DAG(s) 'example_time_delta_sensor_async' retrieved from /home/airflow/.local/lib/python3.12/site-packages/airflow/example_dags/example_time_delta_sensor_async.py
[2026-02-14T16:16:37.133+0000] {logging_mixin.py:188} INFO - [2026-02-14T16:16:37.133+0000] {dag.py:3089} INFO - Sync 1 DAGs
[2026-02-14T16:16:37.138+0000] {logging_mixin.py:188} INFO - [2026-02-14T16:16:37.138+0000] {dag.py:3947} INFO - Setting next_dagrun for example_time_delta_sensor_async to None, run_after=None
[2026-02-14T16:16:37.144+0000] {processor.py:183} INFO - Processing /home/airflow/.local/lib/python3.12/site-packages/airflow/example_dags/example_time_delta_sensor_async.py took 0.028 seconds
[2026-02-14T16:17:07.676+0000] {processor.py:161} INFO - Started process (PID=3599) to work on /home/airflow/.local/lib/python3.12/site-packages/airflow/example_dags/example_time_delta_sensor_async.py
[2026-02-14T16:17:07.677+0000] {processor.py:830} INFO - Processing file /home/airflow/.local/lib/python3.12/site-packages/airflow/example_dags/example_time_delta_sensor_async.py for tasks to queue
[2026-02-14T16:17:07.679+0000] {logging_mixin.py:188} INFO - [2026-02-14T16:17:07.678+0000] {dagbag.py:545} INFO - Filling up the DagBag from /home/airflow/.local/lib/python3.12/site-packages/airflow/example_dags/example_time_delta_sensor_async.py
[2026-02-14T16:17:07.685+0000] {processor.py:840} INFO - DAG(s) 'example_time_delta_sensor_async' retrieved from /home/airflow/.local/lib/python3.12/site-packages/airflow/example_dags/example_time_delta_sensor_async.py
[2026-02-14T16:17:07.697+0000] {logging_mixin.py:188} INFO - [2026-02-14T16:17:07.696+0000] {dag.py:3089} INFO - Sync 1 DAGs
[2026-02-14T16:17:07.702+0000] {logging_mixin.py:188} INFO - [2026-02-14T16:17:07.702+0000] {dag.py:3947} INFO - Setting next_dagrun for example_time_delta_sensor_async to None, run_after=None
[2026-02-14T16:17:07.713+0000] {processor.py:183} INFO - Processing /home/airflow/.local/lib/python3.12/site-packages/airflow/example_dags/example_time_delta_sensor_async.py took 0.040 seconds
[2026-02-14T16:17:38.313+0000] {processor.py:161} INFO - Started process (PID=3658) to work on /home/airflow/.local/lib/python3.12/site-packages/airflow/example_dags/example_time_delta_sensor_async.py
[2026-02-14T16:17:38.314+0000] {processor.py:830} INFO - Processing file /home/airflow/.local/lib/python3.12/site-packages/airflow/example_dags/example_time_delta_sensor_async.py for tasks to queue
[2026-02-14T16:17:38.314+0000] {logging_mixin.py:188} INFO - [2026-02-14T16:17:38.314+0000] {dagbag.py:545} INFO - Filling up the DagBag from /home/airflow/.local/lib/python3.12/site-packages/airflow/example_dags/example_time_delta_sensor_async.py
[2026-02-14T16:17:38.316+0000] {processor.py:840} INFO - DAG(s) 'example_time_delta_sensor_async' retrieved from /home/airflow/.local/lib/python3.12/site-packages/airflow/example_dags/example_time_delta_sensor_async.py
[2026-02-14T16:17:38.324+0000] {logging_mixin.py:188} INFO - [2026-02-14T16:17:38.324+0000] {dag.py:3089} INFO - Sync 1 DAGs
[2026-02-14T16:17:38.331+0000] {logging_mixin.py:188} INFO - [2026-02-14T16:17:38.331+0000] {dag.py:3947} INFO - Setting next_dagrun for example_time_delta_sensor_async to None, run_after=None
[2026-02-14T16:17:38.337+0000] {processor.py:183} INFO - Processing /home/airflow/.local/lib/python3.12/site-packages/airflow/example_dags/example_time_delta_sensor_async.py took 0.026 seconds
[2026-02-14T16:18:08.925+0000] {processor.py:161} INFO - Started process (PID=3717) to work on /home/airflow/.local/lib/python3.12/site-packages/airflow/example_dags/example_time_delta_sensor_async.py
[2026-02-14T16:18:08.926+0000] {processor.py:830} INFO - Processing file /home/airflow/.local/lib/python3.12/site-packages/airflow/example_dags/example_time_delta_sensor_async.py for tasks to queue
[2026-02-14T16:18:08.927+0000] {logging_mixin.py:188} INFO - [2026-02-14T16:18:08.927+0000] {dagbag.py:545} INFO - Filling up the DagBag from /home/airflow/.local/lib/python3.12/site-packages/airflow/example_dags/example_time_delta_sensor_async.py
[2026-02-14T16:18:08.928+0000] {processor.py:840} INFO - DAG(s) 'example_time_delta_sensor_async' retrieved from /home/airflow/.local/lib/python3.12/site-packages/airflow/example_dags/example_time_delta_sensor_async.py
[2026-02-14T16:18:08.937+0000] {logging_mixin.py:188} INFO - [2026-02-14T16:18:08.937+0000] {dag.py:3089} INFO - Sync 1 DAGs
[2026-02-14T16:18:08.941+0000] {logging_mixin.py:188} INFO - [2026-02-14T16:18:08.941+0000] {dag.py:3947} INFO - Setting next_dagrun for example_time_delta_sensor_async to None, run_after=None
[2026-02-14T16:18:08.947+0000] {processor.py:183} INFO - Processing /home/airflow/.local/lib/python3.12/site-packages/airflow/example_dags/example_time_delta_sensor_async.py took 0.024 seconds
[2026-02-14T16:18:39.656+0000] {processor.py:161} INFO - Started process (PID=3776) to work on /home/airflow/.local/lib/python3.12/site-packages/airflow/example_dags/example_time_delta_sensor_async.py
[2026-02-14T16:18:39.658+0000] {processor.py:830} INFO - Processing file /home/airflow/.local/lib/python3.12/site-packages/airflow/example_dags/example_time_delta_sensor_async.py for tasks to queue
[2026-02-14T16:18:39.659+0000] {logging_mixin.py:188} INFO - [2026-02-14T16:18:39.659+0000] {dagbag.py:545} INFO - Filling up the DagBag from /home/airflow/.local/lib/python3.12/site-packages/airflow/example_dags/example_time_delta_sensor_async.py
[2026-02-14T16:18:39.663+0000] {processor.py:840} INFO - DAG(s) 'example_time_delta_sensor_async' retrieved from /home/airflow/.local/lib/python3.12/site-packages/airflow/example_dags/example_time_delta_sensor_async.py
[2026-02-14T16:18:39.673+0000] {logging_mixin.py:188} INFO - [2026-02-14T16:18:39.673+0000] {dag.py:3089} INFO - Sync 1 DAGs
[2026-02-14T16:18:39.679+0000] {logging_mixin.py:188} INFO - [2026-02-14T16:18:39.679+0000] {dag.py:3947} INFO - Setting next_dagrun for example_time_delta_sensor_async to None, run_after=None
[2026-02-14T16:18:39.690+0000] {processor.py:183} INFO - Processing /home/airflow/.local/lib/python3.12/site-packages/airflow/example_dags/example_time_delta_sensor_async.py took 0.037 seconds
[2026-02-14T16:19:09.778+0000] {processor.py:161} INFO - Started process (PID=3835) to work on /home/airflow/.local/lib/python3.12/site-packages/airflow/example_dags/example_time_delta_sensor_async.py
[2026-02-14T16:19:09.778+0000] {processor.py:830} INFO - Processing file /home/airflow/.local/lib/python3.12/site-packages/airflow/example_dags/example_time_delta_sensor_async.py for tasks to queue
[2026-02-14T16:19:09.779+0000] {logging_mixin.py:188} INFO - [2026-02-14T16:19:09.779+0000] {dagbag.py:545} INFO - Filling up the DagBag from /home/airflow/.local/lib/python3.12/site-packages/airflow/example_dags/example_time_delta_sensor_async.py
[2026-02-14T16:19:09.781+0000] {processor.py:840} INFO - DAG(s) 'example_time_delta_sensor_async' retrieved from /home/airflow/.local/lib/python3.12/site-packages/airflow/example_dags/example_time_delta_sensor_async.py
[2026-02-14T16:19:09.789+0000] {logging_mixin.py:188} INFO - [2026-02-14T16:19:09.789+0000] {dag.py:3089} INFO - Sync 1 DAGs
[2026-02-14T16:19:09.793+0000] {logging_mixin.py:188} INFO - [2026-02-14T16:19:09.793+0000] {dag.py:3947} INFO - Setting next_dagrun for example_time_delta_sensor_async to None, run_after=None
[2026-02-14T16:19:09.801+0000] {processor.py:183} INFO - Processing /home/airflow/.local/lib/python3.12/site-packages/airflow/example_dags/example_time_delta_sensor_async.py took 0.025 seconds
[2026-02-14T16:19:40.580+0000] {processor.py:161} INFO - Started process (PID=3894) to work on /home/airflow/.local/lib/python3.12/site-packages/airflow/example_dags/example_time_delta_sensor_async.py
[2026-02-14T16:19:40.581+0000] {processor.py:830} INFO - Processing file /home/airflow/.local/lib/python3.12/site-packages/airflow/example_dags/example_time_delta_sensor_async.py for tasks to queue
[2026-02-14T16:19:40.583+0000] {logging_mixin.py:188} INFO - [2026-02-14T16:19:40.583+0000] {dagbag.py:545} INFO - Filling up the DagBag from /home/airflow/.local/lib/python3.12/site-packages/airflow/example_dags/example_time_delta_sensor_async.py
[2026-02-14T16:19:40.587+0000] {processor.py:840} INFO - DAG(s) 'example_time_delta_sensor_async' retrieved from /home/airflow/.local/lib/python3.12/site-packages/airflow/example_dags/example_time_delta_sensor_async.py
[2026-02-14T16:19:40.603+0000] {logging_mixin.py:188} INFO - [2026-02-14T16:19:40.603+0000] {dag.py:3089} INFO - Sync 1 DAGs
[2026-02-14T16:19:40.614+0000] {logging_mixin.py:188} INFO - [2026-02-14T16:19:40.614+0000] {dag.py:3947} INFO - Setting next_dagrun for example_time_delta_sensor_async to None, run_after=None
[2026-02-14T16:19:40.632+0000] {processor.py:183} INFO - Processing /home/airflow/.local/lib/python3.12/site-packages/airflow/example_dags/example_time_delta_sensor_async.py took 0.065 seconds
[2026-02-14T16:20:11.049+0000] {processor.py:161} INFO - Started process (PID=3953) to work on /home/airflow/.local/lib/python3.12/site-packages/airflow/example_dags/example_time_delta_sensor_async.py
[2026-02-14T16:20:11.050+0000] {processor.py:830} INFO - Processing file /home/airflow/.local/lib/python3.12/site-packages/airflow/example_dags/example_time_delta_sensor_async.py for tasks to queue
[2026-02-14T16:20:11.051+0000] {logging_mixin.py:188} INFO - [2026-02-14T16:20:11.051+0000] {dagbag.py:545} INFO - Filling up the DagBag from /home/airflow/.local/lib/python3.12/site-packages/airflow/example_dags/example_time_delta_sensor_async.py
[2026-02-14T16:20:11.054+0000] {processor.py:840} INFO - DAG(s) 'example_time_delta_sensor_async' retrieved from /home/airflow/.local/lib/python3.12/site-packages/airflow/example_dags/example_time_delta_sensor_async.py
[2026-02-14T16:20:11.071+0000] {logging_mixin.py:188} INFO - [2026-02-14T16:20:11.071+0000] {dag.py:3089} INFO - Sync 1 DAGs
[2026-02-14T16:20:11.080+0000] {logging_mixin.py:188} INFO - [2026-02-14T16:20:11.080+0000] {dag.py:3947} INFO - Setting next_dagrun for example_time_delta_sensor_async to None, run_after=None
[2026-02-14T16:20:11.097+0000] {processor.py:183} INFO - Processing /home/airflow/.local/lib/python3.12/site-packages/airflow/example_dags/example_time_delta_sensor_async.py took 0.051 seconds
[2026-02-14T16:20:41.448+0000] {processor.py:161} INFO - Started process (PID=4012) to work on /home/airflow/.local/lib/python3.12/site-packages/airflow/example_dags/example_time_delta_sensor_async.py
[2026-02-14T16:20:41.450+0000] {processor.py:830} INFO - Processing file /home/airflow/.local/lib/python3.12/site-packages/airflow/example_dags/example_time_delta_sensor_async.py for tasks to queue
[2026-02-14T16:20:41.454+0000] {logging_mixin.py:188} INFO - [2026-02-14T16:20:41.453+0000] {dagbag.py:545} INFO - Filling up the DagBag from /home/airflow/.local/lib/python3.12/site-packages/airflow/example_dags/example_time_delta_sensor_async.py
[2026-02-14T16:20:41.459+0000] {processor.py:840} INFO - DAG(s) 'example_time_delta_sensor_async' retrieved from /home/airflow/.local/lib/python3.12/site-packages/airflow/example_dags/example_time_delta_sensor_async.py
[2026-02-14T16:20:41.477+0000] {logging_mixin.py:188} INFO - [2026-02-14T16:20:41.477+0000] {dag.py:3089} INFO - Sync 1 DAGs
[2026-02-14T16:20:41.485+0000] {logging_mixin.py:188} INFO - [2026-02-14T16:20:41.485+0000] {dag.py:3947} INFO - Setting next_dagrun for example_time_delta_sensor_async to None, run_after=None
[2026-02-14T16:20:41.501+0000] {processor.py:183} INFO - Processing /home/airflow/.local/lib/python3.12/site-packages/airflow/example_dags/example_time_delta_sensor_async.py took 0.056 seconds
[2026-02-14T16:21:12.042+0000] {processor.py:161} INFO - Started process (PID=4071) to work on /home/airflow/.local/lib/python3.12/site-packages/airflow/example_dags/example_time_delta_sensor_async.py
[2026-02-14T16:21:12.043+0000] {processor.py:830} INFO - Processing file /home/airflow/.local/lib/python3.12/site-packages/airflow/example_dags/example_time_delta_sensor_async.py for tasks to queue
[2026-02-14T16:21:12.043+0000] {logging_mixin.py:188} INFO - [2026-02-14T16:21:12.043+0000] {dagbag.py:545} INFO - Filling up the DagBag from /home/airflow/.local/lib/python3.12/site-packages/airflow/example_dags/example_time_delta_sensor_async.py
[2026-02-14T16:21:12.046+0000] {processor.py:840} INFO - DAG(s) 'example_time_delta_sensor_async' retrieved from /home/airflow/.local/lib/python3.12/site-packages/airflow/example_dags/example_time_delta_sensor_async.py
[2026-02-14T16:21:12.057+0000] {logging_mixin.py:188} INFO - [2026-02-14T16:21:12.057+0000] {dag.py:3089} INFO - Sync 1 DAGs
[2026-02-14T16:21:12.064+0000] {logging_mixin.py:188} INFO - [2026-02-14T16:21:12.064+0000] {dag.py:3947} INFO - Setting next_dagrun for example_time_delta_sensor_async to None, run_after=None
[2026-02-14T16:21:12.073+0000] {processor.py:183} INFO - Processing /home/airflow/.local/lib/python3.12/site-packages/airflow/example_dags/example_time_delta_sensor_async.py took 0.033 seconds
