[2026-02-14T15:46:38.339+0000] {processor.py:161} INFO - Started process (PID=70) to work on /home/airflow/.local/lib/python3.12/site-packages/airflow/example_dags/example_setup_teardown.py
[2026-02-14T15:46:38.339+0000] {processor.py:830} INFO - Processing file /home/airflow/.local/lib/python3.12/site-packages/airflow/example_dags/example_setup_teardown.py for tasks to queue
[2026-02-14T15:46:38.342+0000] {logging_mixin.py:188} INFO - [2026-02-14T15:46:38.342+0000] {dagbag.py:545} INFO - Filling up the DagBag from /home/airflow/.local/lib/python3.12/site-packages/airflow/example_dags/example_setup_teardown.py
[2026-02-14T15:46:38.348+0000] {processor.py:840} INFO - DAG(s) 'example_setup_teardown' retrieved from /home/airflow/.local/lib/python3.12/site-packages/airflow/example_dags/example_setup_teardown.py
[2026-02-14T15:46:38.357+0000] {logging_mixin.py:188} INFO - [2026-02-14T15:46:38.357+0000] {dag.py:3089} INFO - Sync 1 DAGs
[2026-02-14T15:46:38.370+0000] {logging_mixin.py:188} INFO - [2026-02-14T15:46:38.370+0000] {dag.py:3947} INFO - Setting next_dagrun for example_setup_teardown to 2026-02-13 00:00:00+00:00, run_after=2026-02-14 00:00:00+00:00
[2026-02-14T15:46:38.382+0000] {processor.py:183} INFO - Processing /home/airflow/.local/lib/python3.12/site-packages/airflow/example_dags/example_setup_teardown.py took 0.046 seconds
[2026-02-14T15:47:09.151+0000] {processor.py:161} INFO - Started process (PID=135) to work on /home/airflow/.local/lib/python3.12/site-packages/airflow/example_dags/example_setup_teardown.py
[2026-02-14T15:47:09.151+0000] {processor.py:830} INFO - Processing file /home/airflow/.local/lib/python3.12/site-packages/airflow/example_dags/example_setup_teardown.py for tasks to queue
[2026-02-14T15:47:09.152+0000] {logging_mixin.py:188} INFO - [2026-02-14T15:47:09.152+0000] {dagbag.py:545} INFO - Filling up the DagBag from /home/airflow/.local/lib/python3.12/site-packages/airflow/example_dags/example_setup_teardown.py
[2026-02-14T15:47:09.155+0000] {processor.py:840} INFO - DAG(s) 'example_setup_teardown' retrieved from /home/airflow/.local/lib/python3.12/site-packages/airflow/example_dags/example_setup_teardown.py
[2026-02-14T15:47:09.187+0000] {logging_mixin.py:188} INFO - [2026-02-14T15:47:09.187+0000] {dag.py:3089} INFO - Sync 1 DAGs
[2026-02-14T15:47:09.194+0000] {logging_mixin.py:188} INFO - [2026-02-14T15:47:09.194+0000] {dag.py:3947} INFO - Setting next_dagrun for example_setup_teardown to 2026-02-13 00:00:00+00:00, run_after=2026-02-14 00:00:00+00:00
[2026-02-14T15:47:09.200+0000] {processor.py:183} INFO - Processing /home/airflow/.local/lib/python3.12/site-packages/airflow/example_dags/example_setup_teardown.py took 0.051 seconds
[2026-02-14T15:47:40.019+0000] {processor.py:161} INFO - Started process (PID=194) to work on /home/airflow/.local/lib/python3.12/site-packages/airflow/example_dags/example_setup_teardown.py
[2026-02-14T15:47:40.020+0000] {processor.py:830} INFO - Processing file /home/airflow/.local/lib/python3.12/site-packages/airflow/example_dags/example_setup_teardown.py for tasks to queue
[2026-02-14T15:47:40.021+0000] {logging_mixin.py:188} INFO - [2026-02-14T15:47:40.021+0000] {dagbag.py:545} INFO - Filling up the DagBag from /home/airflow/.local/lib/python3.12/site-packages/airflow/example_dags/example_setup_teardown.py
[2026-02-14T15:47:40.024+0000] {processor.py:840} INFO - DAG(s) 'example_setup_teardown' retrieved from /home/airflow/.local/lib/python3.12/site-packages/airflow/example_dags/example_setup_teardown.py
[2026-02-14T15:47:40.035+0000] {logging_mixin.py:188} INFO - [2026-02-14T15:47:40.034+0000] {dag.py:3089} INFO - Sync 1 DAGs
[2026-02-14T15:47:40.042+0000] {logging_mixin.py:188} INFO - [2026-02-14T15:47:40.042+0000] {dag.py:3947} INFO - Setting next_dagrun for example_setup_teardown to 2026-02-13 00:00:00+00:00, run_after=2026-02-14 00:00:00+00:00
[2026-02-14T15:47:40.050+0000] {processor.py:183} INFO - Processing /home/airflow/.local/lib/python3.12/site-packages/airflow/example_dags/example_setup_teardown.py took 0.033 seconds
[2026-02-14T15:48:10.606+0000] {processor.py:161} INFO - Started process (PID=253) to work on /home/airflow/.local/lib/python3.12/site-packages/airflow/example_dags/example_setup_teardown.py
[2026-02-14T15:48:10.607+0000] {processor.py:830} INFO - Processing file /home/airflow/.local/lib/python3.12/site-packages/airflow/example_dags/example_setup_teardown.py for tasks to queue
[2026-02-14T15:48:10.608+0000] {logging_mixin.py:188} INFO - [2026-02-14T15:48:10.608+0000] {dagbag.py:545} INFO - Filling up the DagBag from /home/airflow/.local/lib/python3.12/site-packages/airflow/example_dags/example_setup_teardown.py
[2026-02-14T15:48:10.611+0000] {processor.py:840} INFO - DAG(s) 'example_setup_teardown' retrieved from /home/airflow/.local/lib/python3.12/site-packages/airflow/example_dags/example_setup_teardown.py
[2026-02-14T15:48:10.621+0000] {logging_mixin.py:188} INFO - [2026-02-14T15:48:10.621+0000] {dag.py:3089} INFO - Sync 1 DAGs
[2026-02-14T15:48:10.628+0000] {logging_mixin.py:188} INFO - [2026-02-14T15:48:10.628+0000] {dag.py:3947} INFO - Setting next_dagrun for example_setup_teardown to 2026-02-13 00:00:00+00:00, run_after=2026-02-14 00:00:00+00:00
[2026-02-14T15:48:10.636+0000] {processor.py:183} INFO - Processing /home/airflow/.local/lib/python3.12/site-packages/airflow/example_dags/example_setup_teardown.py took 0.032 seconds
[2026-02-14T15:48:41.236+0000] {processor.py:161} INFO - Started process (PID=312) to work on /home/airflow/.local/lib/python3.12/site-packages/airflow/example_dags/example_setup_teardown.py
[2026-02-14T15:48:41.238+0000] {processor.py:830} INFO - Processing file /home/airflow/.local/lib/python3.12/site-packages/airflow/example_dags/example_setup_teardown.py for tasks to queue
[2026-02-14T15:48:41.238+0000] {logging_mixin.py:188} INFO - [2026-02-14T15:48:41.238+0000] {dagbag.py:545} INFO - Filling up the DagBag from /home/airflow/.local/lib/python3.12/site-packages/airflow/example_dags/example_setup_teardown.py
[2026-02-14T15:48:41.241+0000] {processor.py:840} INFO - DAG(s) 'example_setup_teardown' retrieved from /home/airflow/.local/lib/python3.12/site-packages/airflow/example_dags/example_setup_teardown.py
[2026-02-14T15:48:41.250+0000] {logging_mixin.py:188} INFO - [2026-02-14T15:48:41.250+0000] {dag.py:3089} INFO - Sync 1 DAGs
[2026-02-14T15:48:41.257+0000] {logging_mixin.py:188} INFO - [2026-02-14T15:48:41.257+0000] {dag.py:3947} INFO - Setting next_dagrun for example_setup_teardown to 2026-02-13 00:00:00+00:00, run_after=2026-02-14 00:00:00+00:00
[2026-02-14T15:48:41.267+0000] {processor.py:183} INFO - Processing /home/airflow/.local/lib/python3.12/site-packages/airflow/example_dags/example_setup_teardown.py took 0.033 seconds
[2026-02-14T15:49:11.892+0000] {processor.py:161} INFO - Started process (PID=371) to work on /home/airflow/.local/lib/python3.12/site-packages/airflow/example_dags/example_setup_teardown.py
[2026-02-14T15:49:11.893+0000] {processor.py:830} INFO - Processing file /home/airflow/.local/lib/python3.12/site-packages/airflow/example_dags/example_setup_teardown.py for tasks to queue
[2026-02-14T15:49:11.894+0000] {logging_mixin.py:188} INFO - [2026-02-14T15:49:11.894+0000] {dagbag.py:545} INFO - Filling up the DagBag from /home/airflow/.local/lib/python3.12/site-packages/airflow/example_dags/example_setup_teardown.py
[2026-02-14T15:49:11.897+0000] {processor.py:840} INFO - DAG(s) 'example_setup_teardown' retrieved from /home/airflow/.local/lib/python3.12/site-packages/airflow/example_dags/example_setup_teardown.py
[2026-02-14T15:49:11.908+0000] {logging_mixin.py:188} INFO - [2026-02-14T15:49:11.907+0000] {dag.py:3089} INFO - Sync 1 DAGs
[2026-02-14T15:49:11.915+0000] {logging_mixin.py:188} INFO - [2026-02-14T15:49:11.915+0000] {dag.py:3947} INFO - Setting next_dagrun for example_setup_teardown to 2026-02-13 00:00:00+00:00, run_after=2026-02-14 00:00:00+00:00
[2026-02-14T15:49:11.924+0000] {processor.py:183} INFO - Processing /home/airflow/.local/lib/python3.12/site-packages/airflow/example_dags/example_setup_teardown.py took 0.034 seconds
[2026-02-14T15:49:42.252+0000] {processor.py:161} INFO - Started process (PID=430) to work on /home/airflow/.local/lib/python3.12/site-packages/airflow/example_dags/example_setup_teardown.py
[2026-02-14T15:49:42.254+0000] {processor.py:830} INFO - Processing file /home/airflow/.local/lib/python3.12/site-packages/airflow/example_dags/example_setup_teardown.py for tasks to queue
[2026-02-14T15:49:42.256+0000] {logging_mixin.py:188} INFO - [2026-02-14T15:49:42.255+0000] {dagbag.py:545} INFO - Filling up the DagBag from /home/airflow/.local/lib/python3.12/site-packages/airflow/example_dags/example_setup_teardown.py
[2026-02-14T15:49:42.258+0000] {processor.py:840} INFO - DAG(s) 'example_setup_teardown' retrieved from /home/airflow/.local/lib/python3.12/site-packages/airflow/example_dags/example_setup_teardown.py
[2026-02-14T15:49:42.267+0000] {logging_mixin.py:188} INFO - [2026-02-14T15:49:42.266+0000] {dag.py:3089} INFO - Sync 1 DAGs
[2026-02-14T15:49:42.274+0000] {logging_mixin.py:188} INFO - [2026-02-14T15:49:42.274+0000] {dag.py:3947} INFO - Setting next_dagrun for example_setup_teardown to 2026-02-13 00:00:00+00:00, run_after=2026-02-14 00:00:00+00:00
[2026-02-14T15:49:42.283+0000] {processor.py:183} INFO - Processing /home/airflow/.local/lib/python3.12/site-packages/airflow/example_dags/example_setup_teardown.py took 0.032 seconds
[2026-02-14T15:50:12.676+0000] {processor.py:161} INFO - Started process (PID=489) to work on /home/airflow/.local/lib/python3.12/site-packages/airflow/example_dags/example_setup_teardown.py
[2026-02-14T15:50:12.680+0000] {processor.py:830} INFO - Processing file /home/airflow/.local/lib/python3.12/site-packages/airflow/example_dags/example_setup_teardown.py for tasks to queue
[2026-02-14T15:50:12.681+0000] {logging_mixin.py:188} INFO - [2026-02-14T15:50:12.681+0000] {dagbag.py:545} INFO - Filling up the DagBag from /home/airflow/.local/lib/python3.12/site-packages/airflow/example_dags/example_setup_teardown.py
[2026-02-14T15:50:12.683+0000] {processor.py:840} INFO - DAG(s) 'example_setup_teardown' retrieved from /home/airflow/.local/lib/python3.12/site-packages/airflow/example_dags/example_setup_teardown.py
[2026-02-14T15:50:12.695+0000] {logging_mixin.py:188} INFO - [2026-02-14T15:50:12.695+0000] {dag.py:3089} INFO - Sync 1 DAGs
[2026-02-14T15:50:12.703+0000] {logging_mixin.py:188} INFO - [2026-02-14T15:50:12.703+0000] {dag.py:3947} INFO - Setting next_dagrun for example_setup_teardown to 2026-02-13 00:00:00+00:00, run_after=2026-02-14 00:00:00+00:00
[2026-02-14T15:50:12.709+0000] {processor.py:183} INFO - Processing /home/airflow/.local/lib/python3.12/site-packages/airflow/example_dags/example_setup_teardown.py took 0.035 seconds
[2026-02-14T15:50:43.098+0000] {processor.py:161} INFO - Started process (PID=547) to work on /home/airflow/.local/lib/python3.12/site-packages/airflow/example_dags/example_setup_teardown.py
[2026-02-14T15:50:43.098+0000] {processor.py:830} INFO - Processing file /home/airflow/.local/lib/python3.12/site-packages/airflow/example_dags/example_setup_teardown.py for tasks to queue
[2026-02-14T15:50:43.099+0000] {logging_mixin.py:188} INFO - [2026-02-14T15:50:43.099+0000] {dagbag.py:545} INFO - Filling up the DagBag from /home/airflow/.local/lib/python3.12/site-packages/airflow/example_dags/example_setup_teardown.py
[2026-02-14T15:50:43.103+0000] {processor.py:840} INFO - DAG(s) 'example_setup_teardown' retrieved from /home/airflow/.local/lib/python3.12/site-packages/airflow/example_dags/example_setup_teardown.py
[2026-02-14T15:50:43.113+0000] {logging_mixin.py:188} INFO - [2026-02-14T15:50:43.113+0000] {dag.py:3089} INFO - Sync 1 DAGs
[2026-02-14T15:50:43.120+0000] {logging_mixin.py:188} INFO - [2026-02-14T15:50:43.120+0000] {dag.py:3947} INFO - Setting next_dagrun for example_setup_teardown to 2026-02-13 00:00:00+00:00, run_after=2026-02-14 00:00:00+00:00
[2026-02-14T15:50:43.126+0000] {processor.py:183} INFO - Processing /home/airflow/.local/lib/python3.12/site-packages/airflow/example_dags/example_setup_teardown.py took 0.031 seconds
[2026-02-14T15:51:13.861+0000] {processor.py:161} INFO - Started process (PID=607) to work on /home/airflow/.local/lib/python3.12/site-packages/airflow/example_dags/example_setup_teardown.py
[2026-02-14T15:51:13.862+0000] {processor.py:830} INFO - Processing file /home/airflow/.local/lib/python3.12/site-packages/airflow/example_dags/example_setup_teardown.py for tasks to queue
[2026-02-14T15:51:13.863+0000] {logging_mixin.py:188} INFO - [2026-02-14T15:51:13.863+0000] {dagbag.py:545} INFO - Filling up the DagBag from /home/airflow/.local/lib/python3.12/site-packages/airflow/example_dags/example_setup_teardown.py
[2026-02-14T15:51:13.866+0000] {processor.py:840} INFO - DAG(s) 'example_setup_teardown' retrieved from /home/airflow/.local/lib/python3.12/site-packages/airflow/example_dags/example_setup_teardown.py
[2026-02-14T15:51:13.877+0000] {logging_mixin.py:188} INFO - [2026-02-14T15:51:13.877+0000] {dag.py:3089} INFO - Sync 1 DAGs
[2026-02-14T15:51:13.887+0000] {logging_mixin.py:188} INFO - [2026-02-14T15:51:13.887+0000] {dag.py:3947} INFO - Setting next_dagrun for example_setup_teardown to 2026-02-13 00:00:00+00:00, run_after=2026-02-14 00:00:00+00:00
[2026-02-14T15:51:13.894+0000] {processor.py:183} INFO - Processing /home/airflow/.local/lib/python3.12/site-packages/airflow/example_dags/example_setup_teardown.py took 0.036 seconds
[2026-02-14T15:51:44.339+0000] {processor.py:161} INFO - Started process (PID=666) to work on /home/airflow/.local/lib/python3.12/site-packages/airflow/example_dags/example_setup_teardown.py
[2026-02-14T15:51:44.340+0000] {processor.py:830} INFO - Processing file /home/airflow/.local/lib/python3.12/site-packages/airflow/example_dags/example_setup_teardown.py for tasks to queue
[2026-02-14T15:51:44.340+0000] {logging_mixin.py:188} INFO - [2026-02-14T15:51:44.340+0000] {dagbag.py:545} INFO - Filling up the DagBag from /home/airflow/.local/lib/python3.12/site-packages/airflow/example_dags/example_setup_teardown.py
[2026-02-14T15:51:44.343+0000] {processor.py:840} INFO - DAG(s) 'example_setup_teardown' retrieved from /home/airflow/.local/lib/python3.12/site-packages/airflow/example_dags/example_setup_teardown.py
[2026-02-14T15:51:44.351+0000] {logging_mixin.py:188} INFO - [2026-02-14T15:51:44.351+0000] {dag.py:3089} INFO - Sync 1 DAGs
[2026-02-14T15:51:44.359+0000] {logging_mixin.py:188} INFO - [2026-02-14T15:51:44.359+0000] {dag.py:3947} INFO - Setting next_dagrun for example_setup_teardown to 2026-02-13 00:00:00+00:00, run_after=2026-02-14 00:00:00+00:00
[2026-02-14T15:51:44.368+0000] {processor.py:183} INFO - Processing /home/airflow/.local/lib/python3.12/site-packages/airflow/example_dags/example_setup_teardown.py took 0.031 seconds
[2026-02-14T15:52:14.823+0000] {processor.py:161} INFO - Started process (PID=725) to work on /home/airflow/.local/lib/python3.12/site-packages/airflow/example_dags/example_setup_teardown.py
[2026-02-14T15:52:14.825+0000] {processor.py:830} INFO - Processing file /home/airflow/.local/lib/python3.12/site-packages/airflow/example_dags/example_setup_teardown.py for tasks to queue
[2026-02-14T15:52:14.826+0000] {logging_mixin.py:188} INFO - [2026-02-14T15:52:14.826+0000] {dagbag.py:545} INFO - Filling up the DagBag from /home/airflow/.local/lib/python3.12/site-packages/airflow/example_dags/example_setup_teardown.py
[2026-02-14T15:52:14.830+0000] {processor.py:840} INFO - DAG(s) 'example_setup_teardown' retrieved from /home/airflow/.local/lib/python3.12/site-packages/airflow/example_dags/example_setup_teardown.py
[2026-02-14T15:52:14.839+0000] {logging_mixin.py:188} INFO - [2026-02-14T15:52:14.839+0000] {dag.py:3089} INFO - Sync 1 DAGs
[2026-02-14T15:52:14.848+0000] {logging_mixin.py:188} INFO - [2026-02-14T15:52:14.848+0000] {dag.py:3947} INFO - Setting next_dagrun for example_setup_teardown to 2026-02-13 00:00:00+00:00, run_after=2026-02-14 00:00:00+00:00
[2026-02-14T15:52:14.856+0000] {processor.py:183} INFO - Processing /home/airflow/.local/lib/python3.12/site-packages/airflow/example_dags/example_setup_teardown.py took 0.035 seconds
[2026-02-14T15:52:45.232+0000] {processor.py:161} INFO - Started process (PID=784) to work on /home/airflow/.local/lib/python3.12/site-packages/airflow/example_dags/example_setup_teardown.py
[2026-02-14T15:52:45.232+0000] {processor.py:830} INFO - Processing file /home/airflow/.local/lib/python3.12/site-packages/airflow/example_dags/example_setup_teardown.py for tasks to queue
[2026-02-14T15:52:45.233+0000] {logging_mixin.py:188} INFO - [2026-02-14T15:52:45.233+0000] {dagbag.py:545} INFO - Filling up the DagBag from /home/airflow/.local/lib/python3.12/site-packages/airflow/example_dags/example_setup_teardown.py
[2026-02-14T15:52:45.236+0000] {processor.py:840} INFO - DAG(s) 'example_setup_teardown' retrieved from /home/airflow/.local/lib/python3.12/site-packages/airflow/example_dags/example_setup_teardown.py
[2026-02-14T15:52:45.243+0000] {logging_mixin.py:188} INFO - [2026-02-14T15:52:45.243+0000] {dag.py:3089} INFO - Sync 1 DAGs
[2026-02-14T15:52:45.251+0000] {logging_mixin.py:188} INFO - [2026-02-14T15:52:45.251+0000] {dag.py:3947} INFO - Setting next_dagrun for example_setup_teardown to 2026-02-13 00:00:00+00:00, run_after=2026-02-14 00:00:00+00:00
[2026-02-14T15:52:45.260+0000] {processor.py:183} INFO - Processing /home/airflow/.local/lib/python3.12/site-packages/airflow/example_dags/example_setup_teardown.py took 0.031 seconds
[2026-02-14T15:53:15.569+0000] {processor.py:161} INFO - Started process (PID=843) to work on /home/airflow/.local/lib/python3.12/site-packages/airflow/example_dags/example_setup_teardown.py
[2026-02-14T15:53:15.570+0000] {processor.py:830} INFO - Processing file /home/airflow/.local/lib/python3.12/site-packages/airflow/example_dags/example_setup_teardown.py for tasks to queue
[2026-02-14T15:53:15.571+0000] {logging_mixin.py:188} INFO - [2026-02-14T15:53:15.571+0000] {dagbag.py:545} INFO - Filling up the DagBag from /home/airflow/.local/lib/python3.12/site-packages/airflow/example_dags/example_setup_teardown.py
[2026-02-14T15:53:15.574+0000] {processor.py:840} INFO - DAG(s) 'example_setup_teardown' retrieved from /home/airflow/.local/lib/python3.12/site-packages/airflow/example_dags/example_setup_teardown.py
[2026-02-14T15:53:15.581+0000] {logging_mixin.py:188} INFO - [2026-02-14T15:53:15.581+0000] {dag.py:3089} INFO - Sync 1 DAGs
[2026-02-14T15:53:15.588+0000] {logging_mixin.py:188} INFO - [2026-02-14T15:53:15.588+0000] {dag.py:3947} INFO - Setting next_dagrun for example_setup_teardown to 2026-02-13 00:00:00+00:00, run_after=2026-02-14 00:00:00+00:00
[2026-02-14T15:53:15.593+0000] {processor.py:183} INFO - Processing /home/airflow/.local/lib/python3.12/site-packages/airflow/example_dags/example_setup_teardown.py took 0.026 seconds
[2026-02-14T15:53:45.940+0000] {processor.py:161} INFO - Started process (PID=902) to work on /home/airflow/.local/lib/python3.12/site-packages/airflow/example_dags/example_setup_teardown.py
[2026-02-14T15:53:45.941+0000] {processor.py:830} INFO - Processing file /home/airflow/.local/lib/python3.12/site-packages/airflow/example_dags/example_setup_teardown.py for tasks to queue
[2026-02-14T15:53:45.941+0000] {logging_mixin.py:188} INFO - [2026-02-14T15:53:45.941+0000] {dagbag.py:545} INFO - Filling up the DagBag from /home/airflow/.local/lib/python3.12/site-packages/airflow/example_dags/example_setup_teardown.py
[2026-02-14T15:53:45.944+0000] {processor.py:840} INFO - DAG(s) 'example_setup_teardown' retrieved from /home/airflow/.local/lib/python3.12/site-packages/airflow/example_dags/example_setup_teardown.py
[2026-02-14T15:53:45.951+0000] {logging_mixin.py:188} INFO - [2026-02-14T15:53:45.951+0000] {dag.py:3089} INFO - Sync 1 DAGs
[2026-02-14T15:53:45.959+0000] {logging_mixin.py:188} INFO - [2026-02-14T15:53:45.959+0000] {dag.py:3947} INFO - Setting next_dagrun for example_setup_teardown to 2026-02-13 00:00:00+00:00, run_after=2026-02-14 00:00:00+00:00
[2026-02-14T15:53:45.968+0000] {processor.py:183} INFO - Processing /home/airflow/.local/lib/python3.12/site-packages/airflow/example_dags/example_setup_teardown.py took 0.030 seconds
[2026-02-14T15:54:16.344+0000] {processor.py:161} INFO - Started process (PID=961) to work on /home/airflow/.local/lib/python3.12/site-packages/airflow/example_dags/example_setup_teardown.py
[2026-02-14T15:54:16.344+0000] {processor.py:830} INFO - Processing file /home/airflow/.local/lib/python3.12/site-packages/airflow/example_dags/example_setup_teardown.py for tasks to queue
[2026-02-14T15:54:16.346+0000] {logging_mixin.py:188} INFO - [2026-02-14T15:54:16.346+0000] {dagbag.py:545} INFO - Filling up the DagBag from /home/airflow/.local/lib/python3.12/site-packages/airflow/example_dags/example_setup_teardown.py
[2026-02-14T15:54:16.349+0000] {processor.py:840} INFO - DAG(s) 'example_setup_teardown' retrieved from /home/airflow/.local/lib/python3.12/site-packages/airflow/example_dags/example_setup_teardown.py
[2026-02-14T15:54:16.376+0000] {logging_mixin.py:188} INFO - [2026-02-14T15:54:16.376+0000] {dag.py:3089} INFO - Sync 1 DAGs
[2026-02-14T15:54:16.397+0000] {logging_mixin.py:188} INFO - [2026-02-14T15:54:16.394+0000] {dag.py:3947} INFO - Setting next_dagrun for example_setup_teardown to 2026-02-13 00:00:00+00:00, run_after=2026-02-14 00:00:00+00:00
[2026-02-14T15:54:16.407+0000] {processor.py:183} INFO - Processing /home/airflow/.local/lib/python3.12/site-packages/airflow/example_dags/example_setup_teardown.py took 0.065 seconds
[2026-02-14T15:54:46.864+0000] {processor.py:161} INFO - Started process (PID=1020) to work on /home/airflow/.local/lib/python3.12/site-packages/airflow/example_dags/example_setup_teardown.py
[2026-02-14T15:54:46.865+0000] {processor.py:830} INFO - Processing file /home/airflow/.local/lib/python3.12/site-packages/airflow/example_dags/example_setup_teardown.py for tasks to queue
[2026-02-14T15:54:46.866+0000] {logging_mixin.py:188} INFO - [2026-02-14T15:54:46.866+0000] {dagbag.py:545} INFO - Filling up the DagBag from /home/airflow/.local/lib/python3.12/site-packages/airflow/example_dags/example_setup_teardown.py
[2026-02-14T15:54:46.869+0000] {processor.py:840} INFO - DAG(s) 'example_setup_teardown' retrieved from /home/airflow/.local/lib/python3.12/site-packages/airflow/example_dags/example_setup_teardown.py
[2026-02-14T15:54:46.877+0000] {logging_mixin.py:188} INFO - [2026-02-14T15:54:46.877+0000] {dag.py:3089} INFO - Sync 1 DAGs
[2026-02-14T15:54:46.885+0000] {logging_mixin.py:188} INFO - [2026-02-14T15:54:46.885+0000] {dag.py:3947} INFO - Setting next_dagrun for example_setup_teardown to 2026-02-13 00:00:00+00:00, run_after=2026-02-14 00:00:00+00:00
[2026-02-14T15:54:46.890+0000] {processor.py:183} INFO - Processing /home/airflow/.local/lib/python3.12/site-packages/airflow/example_dags/example_setup_teardown.py took 0.028 seconds
[2026-02-14T15:55:18.690+0000] {processor.py:161} INFO - Started process (PID=1079) to work on /home/airflow/.local/lib/python3.12/site-packages/airflow/example_dags/example_setup_teardown.py
[2026-02-14T15:55:18.692+0000] {processor.py:830} INFO - Processing file /home/airflow/.local/lib/python3.12/site-packages/airflow/example_dags/example_setup_teardown.py for tasks to queue
[2026-02-14T15:55:18.704+0000] {logging_mixin.py:188} INFO - [2026-02-14T15:55:18.701+0000] {dagbag.py:545} INFO - Filling up the DagBag from /home/airflow/.local/lib/python3.12/site-packages/airflow/example_dags/example_setup_teardown.py
[2026-02-14T15:55:18.734+0000] {processor.py:840} INFO - DAG(s) 'example_setup_teardown' retrieved from /home/airflow/.local/lib/python3.12/site-packages/airflow/example_dags/example_setup_teardown.py
[2026-02-14T15:55:18.756+0000] {logging_mixin.py:188} INFO - [2026-02-14T15:55:18.755+0000] {dag.py:3089} INFO - Sync 1 DAGs
[2026-02-14T15:55:18.812+0000] {logging_mixin.py:188} INFO - [2026-02-14T15:55:18.812+0000] {dag.py:3947} INFO - Setting next_dagrun for example_setup_teardown to 2026-02-13 00:00:00+00:00, run_after=2026-02-14 00:00:00+00:00
[2026-02-14T15:55:18.884+0000] {processor.py:183} INFO - Processing /home/airflow/.local/lib/python3.12/site-packages/airflow/example_dags/example_setup_teardown.py took 0.199 seconds
[2026-02-14T15:55:49.849+0000] {processor.py:161} INFO - Started process (PID=1137) to work on /home/airflow/.local/lib/python3.12/site-packages/airflow/example_dags/example_setup_teardown.py
[2026-02-14T15:55:49.849+0000] {processor.py:830} INFO - Processing file /home/airflow/.local/lib/python3.12/site-packages/airflow/example_dags/example_setup_teardown.py for tasks to queue
[2026-02-14T15:55:49.850+0000] {logging_mixin.py:188} INFO - [2026-02-14T15:55:49.850+0000] {dagbag.py:545} INFO - Filling up the DagBag from /home/airflow/.local/lib/python3.12/site-packages/airflow/example_dags/example_setup_teardown.py
[2026-02-14T15:55:49.854+0000] {processor.py:840} INFO - DAG(s) 'example_setup_teardown' retrieved from /home/airflow/.local/lib/python3.12/site-packages/airflow/example_dags/example_setup_teardown.py
[2026-02-14T15:55:49.866+0000] {logging_mixin.py:188} INFO - [2026-02-14T15:55:49.866+0000] {dag.py:3089} INFO - Sync 1 DAGs
[2026-02-14T15:55:49.875+0000] {logging_mixin.py:188} INFO - [2026-02-14T15:55:49.875+0000] {dag.py:3947} INFO - Setting next_dagrun for example_setup_teardown to 2026-02-13 00:00:00+00:00, run_after=2026-02-14 00:00:00+00:00
[2026-02-14T15:55:49.884+0000] {processor.py:183} INFO - Processing /home/airflow/.local/lib/python3.12/site-packages/airflow/example_dags/example_setup_teardown.py took 0.039 seconds
[2026-02-14T15:56:20.348+0000] {processor.py:161} INFO - Started process (PID=1196) to work on /home/airflow/.local/lib/python3.12/site-packages/airflow/example_dags/example_setup_teardown.py
[2026-02-14T15:56:20.349+0000] {processor.py:830} INFO - Processing file /home/airflow/.local/lib/python3.12/site-packages/airflow/example_dags/example_setup_teardown.py for tasks to queue
[2026-02-14T15:56:20.351+0000] {logging_mixin.py:188} INFO - [2026-02-14T15:56:20.350+0000] {dagbag.py:545} INFO - Filling up the DagBag from /home/airflow/.local/lib/python3.12/site-packages/airflow/example_dags/example_setup_teardown.py
[2026-02-14T15:56:20.357+0000] {processor.py:840} INFO - DAG(s) 'example_setup_teardown' retrieved from /home/airflow/.local/lib/python3.12/site-packages/airflow/example_dags/example_setup_teardown.py
[2026-02-14T15:56:20.373+0000] {logging_mixin.py:188} INFO - [2026-02-14T15:56:20.373+0000] {dag.py:3089} INFO - Sync 1 DAGs
[2026-02-14T15:56:20.384+0000] {logging_mixin.py:188} INFO - [2026-02-14T15:56:20.384+0000] {dag.py:3947} INFO - Setting next_dagrun for example_setup_teardown to 2026-02-13 00:00:00+00:00, run_after=2026-02-14 00:00:00+00:00
[2026-02-14T15:56:20.392+0000] {processor.py:183} INFO - Processing /home/airflow/.local/lib/python3.12/site-packages/airflow/example_dags/example_setup_teardown.py took 0.052 seconds
[2026-02-14T15:56:50.881+0000] {processor.py:161} INFO - Started process (PID=1255) to work on /home/airflow/.local/lib/python3.12/site-packages/airflow/example_dags/example_setup_teardown.py
[2026-02-14T15:56:50.882+0000] {processor.py:830} INFO - Processing file /home/airflow/.local/lib/python3.12/site-packages/airflow/example_dags/example_setup_teardown.py for tasks to queue
[2026-02-14T15:56:50.884+0000] {logging_mixin.py:188} INFO - [2026-02-14T15:56:50.884+0000] {dagbag.py:545} INFO - Filling up the DagBag from /home/airflow/.local/lib/python3.12/site-packages/airflow/example_dags/example_setup_teardown.py
[2026-02-14T15:56:50.893+0000] {processor.py:840} INFO - DAG(s) 'example_setup_teardown' retrieved from /home/airflow/.local/lib/python3.12/site-packages/airflow/example_dags/example_setup_teardown.py
[2026-02-14T15:56:50.910+0000] {logging_mixin.py:188} INFO - [2026-02-14T15:56:50.909+0000] {dag.py:3089} INFO - Sync 1 DAGs
[2026-02-14T15:56:50.920+0000] {logging_mixin.py:188} INFO - [2026-02-14T15:56:50.920+0000] {dag.py:3947} INFO - Setting next_dagrun for example_setup_teardown to 2026-02-13 00:00:00+00:00, run_after=2026-02-14 00:00:00+00:00
[2026-02-14T15:56:50.929+0000] {processor.py:183} INFO - Processing /home/airflow/.local/lib/python3.12/site-packages/airflow/example_dags/example_setup_teardown.py took 0.057 seconds
[2026-02-14T15:57:21.621+0000] {processor.py:161} INFO - Started process (PID=1314) to work on /home/airflow/.local/lib/python3.12/site-packages/airflow/example_dags/example_setup_teardown.py
[2026-02-14T15:57:21.623+0000] {processor.py:830} INFO - Processing file /home/airflow/.local/lib/python3.12/site-packages/airflow/example_dags/example_setup_teardown.py for tasks to queue
[2026-02-14T15:57:21.626+0000] {logging_mixin.py:188} INFO - [2026-02-14T15:57:21.625+0000] {dagbag.py:545} INFO - Filling up the DagBag from /home/airflow/.local/lib/python3.12/site-packages/airflow/example_dags/example_setup_teardown.py
[2026-02-14T15:57:21.632+0000] {processor.py:840} INFO - DAG(s) 'example_setup_teardown' retrieved from /home/airflow/.local/lib/python3.12/site-packages/airflow/example_dags/example_setup_teardown.py
[2026-02-14T15:57:21.647+0000] {logging_mixin.py:188} INFO - [2026-02-14T15:57:21.647+0000] {dag.py:3089} INFO - Sync 1 DAGs
[2026-02-14T15:57:21.657+0000] {logging_mixin.py:188} INFO - [2026-02-14T15:57:21.656+0000] {dag.py:3947} INFO - Setting next_dagrun for example_setup_teardown to 2026-02-13 00:00:00+00:00, run_after=2026-02-14 00:00:00+00:00
[2026-02-14T15:57:21.664+0000] {processor.py:183} INFO - Processing /home/airflow/.local/lib/python3.12/site-packages/airflow/example_dags/example_setup_teardown.py took 0.051 seconds
[2026-02-14T15:57:51.796+0000] {processor.py:161} INFO - Started process (PID=1373) to work on /home/airflow/.local/lib/python3.12/site-packages/airflow/example_dags/example_setup_teardown.py
[2026-02-14T15:57:51.796+0000] {processor.py:830} INFO - Processing file /home/airflow/.local/lib/python3.12/site-packages/airflow/example_dags/example_setup_teardown.py for tasks to queue
[2026-02-14T15:57:51.798+0000] {logging_mixin.py:188} INFO - [2026-02-14T15:57:51.797+0000] {dagbag.py:545} INFO - Filling up the DagBag from /home/airflow/.local/lib/python3.12/site-packages/airflow/example_dags/example_setup_teardown.py
[2026-02-14T15:57:51.802+0000] {processor.py:840} INFO - DAG(s) 'example_setup_teardown' retrieved from /home/airflow/.local/lib/python3.12/site-packages/airflow/example_dags/example_setup_teardown.py
[2026-02-14T15:57:51.812+0000] {logging_mixin.py:188} INFO - [2026-02-14T15:57:51.812+0000] {dag.py:3089} INFO - Sync 1 DAGs
[2026-02-14T15:57:51.892+0000] {logging_mixin.py:188} INFO - [2026-02-14T15:57:51.891+0000] {dag.py:3947} INFO - Setting next_dagrun for example_setup_teardown to 2026-02-13 00:00:00+00:00, run_after=2026-02-14 00:00:00+00:00
[2026-02-14T15:57:51.897+0000] {processor.py:183} INFO - Processing /home/airflow/.local/lib/python3.12/site-packages/airflow/example_dags/example_setup_teardown.py took 0.103 seconds
[2026-02-14T15:58:22.738+0000] {processor.py:161} INFO - Started process (PID=1432) to work on /home/airflow/.local/lib/python3.12/site-packages/airflow/example_dags/example_setup_teardown.py
[2026-02-14T15:58:22.739+0000] {processor.py:830} INFO - Processing file /home/airflow/.local/lib/python3.12/site-packages/airflow/example_dags/example_setup_teardown.py for tasks to queue
[2026-02-14T15:58:22.742+0000] {logging_mixin.py:188} INFO - [2026-02-14T15:58:22.742+0000] {dagbag.py:545} INFO - Filling up the DagBag from /home/airflow/.local/lib/python3.12/site-packages/airflow/example_dags/example_setup_teardown.py
[2026-02-14T15:58:22.744+0000] {processor.py:840} INFO - DAG(s) 'example_setup_teardown' retrieved from /home/airflow/.local/lib/python3.12/site-packages/airflow/example_dags/example_setup_teardown.py
[2026-02-14T15:58:22.755+0000] {logging_mixin.py:188} INFO - [2026-02-14T15:58:22.755+0000] {dag.py:3089} INFO - Sync 1 DAGs
[2026-02-14T15:58:22.766+0000] {logging_mixin.py:188} INFO - [2026-02-14T15:58:22.765+0000] {dag.py:3947} INFO - Setting next_dagrun for example_setup_teardown to 2026-02-13 00:00:00+00:00, run_after=2026-02-14 00:00:00+00:00
[2026-02-14T15:58:22.852+0000] {processor.py:183} INFO - Processing /home/airflow/.local/lib/python3.12/site-packages/airflow/example_dags/example_setup_teardown.py took 0.116 seconds
[2026-02-14T15:58:53.054+0000] {processor.py:161} INFO - Started process (PID=1491) to work on /home/airflow/.local/lib/python3.12/site-packages/airflow/example_dags/example_setup_teardown.py
[2026-02-14T15:58:53.054+0000] {processor.py:830} INFO - Processing file /home/airflow/.local/lib/python3.12/site-packages/airflow/example_dags/example_setup_teardown.py for tasks to queue
[2026-02-14T15:58:53.055+0000] {logging_mixin.py:188} INFO - [2026-02-14T15:58:53.055+0000] {dagbag.py:545} INFO - Filling up the DagBag from /home/airflow/.local/lib/python3.12/site-packages/airflow/example_dags/example_setup_teardown.py
[2026-02-14T15:58:53.059+0000] {processor.py:840} INFO - DAG(s) 'example_setup_teardown' retrieved from /home/airflow/.local/lib/python3.12/site-packages/airflow/example_dags/example_setup_teardown.py
[2026-02-14T15:58:53.067+0000] {logging_mixin.py:188} INFO - [2026-02-14T15:58:53.067+0000] {dag.py:3089} INFO - Sync 1 DAGs
[2026-02-14T15:58:53.076+0000] {logging_mixin.py:188} INFO - [2026-02-14T15:58:53.076+0000] {dag.py:3947} INFO - Setting next_dagrun for example_setup_teardown to 2026-02-13 00:00:00+00:00, run_after=2026-02-14 00:00:00+00:00
[2026-02-14T15:58:53.085+0000] {processor.py:183} INFO - Processing /home/airflow/.local/lib/python3.12/site-packages/airflow/example_dags/example_setup_teardown.py took 0.034 seconds
[2026-02-14T15:59:23.305+0000] {processor.py:161} INFO - Started process (PID=1550) to work on /home/airflow/.local/lib/python3.12/site-packages/airflow/example_dags/example_setup_teardown.py
[2026-02-14T15:59:23.306+0000] {processor.py:830} INFO - Processing file /home/airflow/.local/lib/python3.12/site-packages/airflow/example_dags/example_setup_teardown.py for tasks to queue
[2026-02-14T15:59:23.308+0000] {logging_mixin.py:188} INFO - [2026-02-14T15:59:23.307+0000] {dagbag.py:545} INFO - Filling up the DagBag from /home/airflow/.local/lib/python3.12/site-packages/airflow/example_dags/example_setup_teardown.py
[2026-02-14T15:59:23.314+0000] {processor.py:840} INFO - DAG(s) 'example_setup_teardown' retrieved from /home/airflow/.local/lib/python3.12/site-packages/airflow/example_dags/example_setup_teardown.py
[2026-02-14T15:59:23.323+0000] {logging_mixin.py:188} INFO - [2026-02-14T15:59:23.323+0000] {dag.py:3089} INFO - Sync 1 DAGs
[2026-02-14T15:59:23.331+0000] {logging_mixin.py:188} INFO - [2026-02-14T15:59:23.331+0000] {dag.py:3947} INFO - Setting next_dagrun for example_setup_teardown to 2026-02-13 00:00:00+00:00, run_after=2026-02-14 00:00:00+00:00
[2026-02-14T15:59:23.337+0000] {processor.py:183} INFO - Processing /home/airflow/.local/lib/python3.12/site-packages/airflow/example_dags/example_setup_teardown.py took 0.034 seconds
[2026-02-14T15:59:53.745+0000] {processor.py:161} INFO - Started process (PID=1609) to work on /home/airflow/.local/lib/python3.12/site-packages/airflow/example_dags/example_setup_teardown.py
[2026-02-14T15:59:53.745+0000] {processor.py:830} INFO - Processing file /home/airflow/.local/lib/python3.12/site-packages/airflow/example_dags/example_setup_teardown.py for tasks to queue
[2026-02-14T15:59:53.746+0000] {logging_mixin.py:188} INFO - [2026-02-14T15:59:53.746+0000] {dagbag.py:545} INFO - Filling up the DagBag from /home/airflow/.local/lib/python3.12/site-packages/airflow/example_dags/example_setup_teardown.py
[2026-02-14T15:59:53.817+0000] {processor.py:840} INFO - DAG(s) 'example_setup_teardown' retrieved from /home/airflow/.local/lib/python3.12/site-packages/airflow/example_dags/example_setup_teardown.py
[2026-02-14T15:59:53.824+0000] {logging_mixin.py:188} INFO - [2026-02-14T15:59:53.824+0000] {dag.py:3089} INFO - Sync 1 DAGs
[2026-02-14T15:59:53.830+0000] {logging_mixin.py:188} INFO - [2026-02-14T15:59:53.830+0000] {dag.py:3947} INFO - Setting next_dagrun for example_setup_teardown to 2026-02-13 00:00:00+00:00, run_after=2026-02-14 00:00:00+00:00
[2026-02-14T15:59:53.835+0000] {processor.py:183} INFO - Processing /home/airflow/.local/lib/python3.12/site-packages/airflow/example_dags/example_setup_teardown.py took 0.092 seconds
[2026-02-14T16:00:24.392+0000] {processor.py:161} INFO - Started process (PID=1668) to work on /home/airflow/.local/lib/python3.12/site-packages/airflow/example_dags/example_setup_teardown.py
[2026-02-14T16:00:24.393+0000] {processor.py:830} INFO - Processing file /home/airflow/.local/lib/python3.12/site-packages/airflow/example_dags/example_setup_teardown.py for tasks to queue
[2026-02-14T16:00:24.394+0000] {logging_mixin.py:188} INFO - [2026-02-14T16:00:24.393+0000] {dagbag.py:545} INFO - Filling up the DagBag from /home/airflow/.local/lib/python3.12/site-packages/airflow/example_dags/example_setup_teardown.py
[2026-02-14T16:00:24.396+0000] {processor.py:840} INFO - DAG(s) 'example_setup_teardown' retrieved from /home/airflow/.local/lib/python3.12/site-packages/airflow/example_dags/example_setup_teardown.py
[2026-02-14T16:00:24.405+0000] {logging_mixin.py:188} INFO - [2026-02-14T16:00:24.405+0000] {dag.py:3089} INFO - Sync 1 DAGs
[2026-02-14T16:00:24.413+0000] {logging_mixin.py:188} INFO - [2026-02-14T16:00:24.413+0000] {dag.py:3947} INFO - Setting next_dagrun for example_setup_teardown to 2026-02-13 00:00:00+00:00, run_after=2026-02-14 00:00:00+00:00
[2026-02-14T16:00:24.421+0000] {processor.py:183} INFO - Processing /home/airflow/.local/lib/python3.12/site-packages/airflow/example_dags/example_setup_teardown.py took 0.031 seconds
[2026-02-14T16:00:54.955+0000] {processor.py:161} INFO - Started process (PID=1727) to work on /home/airflow/.local/lib/python3.12/site-packages/airflow/example_dags/example_setup_teardown.py
[2026-02-14T16:00:54.955+0000] {processor.py:830} INFO - Processing file /home/airflow/.local/lib/python3.12/site-packages/airflow/example_dags/example_setup_teardown.py for tasks to queue
[2026-02-14T16:00:54.956+0000] {logging_mixin.py:188} INFO - [2026-02-14T16:00:54.956+0000] {dagbag.py:545} INFO - Filling up the DagBag from /home/airflow/.local/lib/python3.12/site-packages/airflow/example_dags/example_setup_teardown.py
[2026-02-14T16:00:54.959+0000] {processor.py:840} INFO - DAG(s) 'example_setup_teardown' retrieved from /home/airflow/.local/lib/python3.12/site-packages/airflow/example_dags/example_setup_teardown.py
[2026-02-14T16:00:54.968+0000] {logging_mixin.py:188} INFO - [2026-02-14T16:00:54.968+0000] {dag.py:3089} INFO - Sync 1 DAGs
[2026-02-14T16:00:54.978+0000] {logging_mixin.py:188} INFO - [2026-02-14T16:00:54.978+0000] {dag.py:3947} INFO - Setting next_dagrun for example_setup_teardown to 2026-02-13 00:00:00+00:00, run_after=2026-02-14 00:00:00+00:00
[2026-02-14T16:00:54.986+0000] {processor.py:183} INFO - Processing /home/airflow/.local/lib/python3.12/site-packages/airflow/example_dags/example_setup_teardown.py took 0.033 seconds
[2026-02-14T16:01:25.395+0000] {processor.py:161} INFO - Started process (PID=1786) to work on /home/airflow/.local/lib/python3.12/site-packages/airflow/example_dags/example_setup_teardown.py
[2026-02-14T16:01:25.395+0000] {processor.py:830} INFO - Processing file /home/airflow/.local/lib/python3.12/site-packages/airflow/example_dags/example_setup_teardown.py for tasks to queue
[2026-02-14T16:01:25.397+0000] {logging_mixin.py:188} INFO - [2026-02-14T16:01:25.396+0000] {dagbag.py:545} INFO - Filling up the DagBag from /home/airflow/.local/lib/python3.12/site-packages/airflow/example_dags/example_setup_teardown.py
[2026-02-14T16:01:25.401+0000] {processor.py:840} INFO - DAG(s) 'example_setup_teardown' retrieved from /home/airflow/.local/lib/python3.12/site-packages/airflow/example_dags/example_setup_teardown.py
[2026-02-14T16:01:25.408+0000] {logging_mixin.py:188} INFO - [2026-02-14T16:01:25.408+0000] {dag.py:3089} INFO - Sync 1 DAGs
[2026-02-14T16:01:25.416+0000] {logging_mixin.py:188} INFO - [2026-02-14T16:01:25.416+0000] {dag.py:3947} INFO - Setting next_dagrun for example_setup_teardown to 2026-02-13 00:00:00+00:00, run_after=2026-02-14 00:00:00+00:00
[2026-02-14T16:01:25.422+0000] {processor.py:183} INFO - Processing /home/airflow/.local/lib/python3.12/site-packages/airflow/example_dags/example_setup_teardown.py took 0.030 seconds
[2026-02-14T16:01:55.709+0000] {processor.py:161} INFO - Started process (PID=1845) to work on /home/airflow/.local/lib/python3.12/site-packages/airflow/example_dags/example_setup_teardown.py
[2026-02-14T16:01:55.710+0000] {processor.py:830} INFO - Processing file /home/airflow/.local/lib/python3.12/site-packages/airflow/example_dags/example_setup_teardown.py for tasks to queue
[2026-02-14T16:01:55.711+0000] {logging_mixin.py:188} INFO - [2026-02-14T16:01:55.711+0000] {dagbag.py:545} INFO - Filling up the DagBag from /home/airflow/.local/lib/python3.12/site-packages/airflow/example_dags/example_setup_teardown.py
[2026-02-14T16:01:55.713+0000] {processor.py:840} INFO - DAG(s) 'example_setup_teardown' retrieved from /home/airflow/.local/lib/python3.12/site-packages/airflow/example_dags/example_setup_teardown.py
[2026-02-14T16:01:55.722+0000] {logging_mixin.py:188} INFO - [2026-02-14T16:01:55.722+0000] {dag.py:3089} INFO - Sync 1 DAGs
[2026-02-14T16:01:55.730+0000] {logging_mixin.py:188} INFO - [2026-02-14T16:01:55.730+0000] {dag.py:3947} INFO - Setting next_dagrun for example_setup_teardown to 2026-02-13 00:00:00+00:00, run_after=2026-02-14 00:00:00+00:00
[2026-02-14T16:01:55.738+0000] {processor.py:183} INFO - Processing /home/airflow/.local/lib/python3.12/site-packages/airflow/example_dags/example_setup_teardown.py took 0.031 seconds
[2026-02-14T16:02:26.170+0000] {processor.py:161} INFO - Started process (PID=1904) to work on /home/airflow/.local/lib/python3.12/site-packages/airflow/example_dags/example_setup_teardown.py
[2026-02-14T16:02:26.171+0000] {processor.py:830} INFO - Processing file /home/airflow/.local/lib/python3.12/site-packages/airflow/example_dags/example_setup_teardown.py for tasks to queue
[2026-02-14T16:02:26.172+0000] {logging_mixin.py:188} INFO - [2026-02-14T16:02:26.172+0000] {dagbag.py:545} INFO - Filling up the DagBag from /home/airflow/.local/lib/python3.12/site-packages/airflow/example_dags/example_setup_teardown.py
[2026-02-14T16:02:26.175+0000] {processor.py:840} INFO - DAG(s) 'example_setup_teardown' retrieved from /home/airflow/.local/lib/python3.12/site-packages/airflow/example_dags/example_setup_teardown.py
[2026-02-14T16:02:26.184+0000] {logging_mixin.py:188} INFO - [2026-02-14T16:02:26.183+0000] {dag.py:3089} INFO - Sync 1 DAGs
[2026-02-14T16:02:26.193+0000] {logging_mixin.py:188} INFO - [2026-02-14T16:02:26.193+0000] {dag.py:3947} INFO - Setting next_dagrun for example_setup_teardown to 2026-02-13 00:00:00+00:00, run_after=2026-02-14 00:00:00+00:00
[2026-02-14T16:02:26.199+0000] {processor.py:183} INFO - Processing /home/airflow/.local/lib/python3.12/site-packages/airflow/example_dags/example_setup_teardown.py took 0.032 seconds
[2026-02-14T16:02:56.693+0000] {processor.py:161} INFO - Started process (PID=1963) to work on /home/airflow/.local/lib/python3.12/site-packages/airflow/example_dags/example_setup_teardown.py
[2026-02-14T16:02:56.694+0000] {processor.py:830} INFO - Processing file /home/airflow/.local/lib/python3.12/site-packages/airflow/example_dags/example_setup_teardown.py for tasks to queue
[2026-02-14T16:02:56.695+0000] {logging_mixin.py:188} INFO - [2026-02-14T16:02:56.695+0000] {dagbag.py:545} INFO - Filling up the DagBag from /home/airflow/.local/lib/python3.12/site-packages/airflow/example_dags/example_setup_teardown.py
[2026-02-14T16:02:56.698+0000] {processor.py:840} INFO - DAG(s) 'example_setup_teardown' retrieved from /home/airflow/.local/lib/python3.12/site-packages/airflow/example_dags/example_setup_teardown.py
[2026-02-14T16:02:56.710+0000] {logging_mixin.py:188} INFO - [2026-02-14T16:02:56.710+0000] {dag.py:3089} INFO - Sync 1 DAGs
[2026-02-14T16:02:56.718+0000] {logging_mixin.py:188} INFO - [2026-02-14T16:02:56.718+0000] {dag.py:3947} INFO - Setting next_dagrun for example_setup_teardown to 2026-02-13 00:00:00+00:00, run_after=2026-02-14 00:00:00+00:00
[2026-02-14T16:02:56.727+0000] {processor.py:183} INFO - Processing /home/airflow/.local/lib/python3.12/site-packages/airflow/example_dags/example_setup_teardown.py took 0.036 seconds
[2026-02-14T16:03:27.224+0000] {processor.py:161} INFO - Started process (PID=2022) to work on /home/airflow/.local/lib/python3.12/site-packages/airflow/example_dags/example_setup_teardown.py
[2026-02-14T16:03:27.224+0000] {processor.py:830} INFO - Processing file /home/airflow/.local/lib/python3.12/site-packages/airflow/example_dags/example_setup_teardown.py for tasks to queue
[2026-02-14T16:03:27.226+0000] {logging_mixin.py:188} INFO - [2026-02-14T16:03:27.226+0000] {dagbag.py:545} INFO - Filling up the DagBag from /home/airflow/.local/lib/python3.12/site-packages/airflow/example_dags/example_setup_teardown.py
[2026-02-14T16:03:27.229+0000] {processor.py:840} INFO - DAG(s) 'example_setup_teardown' retrieved from /home/airflow/.local/lib/python3.12/site-packages/airflow/example_dags/example_setup_teardown.py
[2026-02-14T16:03:27.236+0000] {logging_mixin.py:188} INFO - [2026-02-14T16:03:27.236+0000] {dag.py:3089} INFO - Sync 1 DAGs
[2026-02-14T16:03:27.244+0000] {logging_mixin.py:188} INFO - [2026-02-14T16:03:27.244+0000] {dag.py:3947} INFO - Setting next_dagrun for example_setup_teardown to 2026-02-13 00:00:00+00:00, run_after=2026-02-14 00:00:00+00:00
[2026-02-14T16:03:27.260+0000] {processor.py:183} INFO - Processing /home/airflow/.local/lib/python3.12/site-packages/airflow/example_dags/example_setup_teardown.py took 0.039 seconds
[2026-02-14T16:03:57.912+0000] {processor.py:161} INFO - Started process (PID=2081) to work on /home/airflow/.local/lib/python3.12/site-packages/airflow/example_dags/example_setup_teardown.py
[2026-02-14T16:03:57.912+0000] {processor.py:830} INFO - Processing file /home/airflow/.local/lib/python3.12/site-packages/airflow/example_dags/example_setup_teardown.py for tasks to queue
[2026-02-14T16:03:57.914+0000] {logging_mixin.py:188} INFO - [2026-02-14T16:03:57.914+0000] {dagbag.py:545} INFO - Filling up the DagBag from /home/airflow/.local/lib/python3.12/site-packages/airflow/example_dags/example_setup_teardown.py
[2026-02-14T16:03:57.921+0000] {processor.py:840} INFO - DAG(s) 'example_setup_teardown' retrieved from /home/airflow/.local/lib/python3.12/site-packages/airflow/example_dags/example_setup_teardown.py
[2026-02-14T16:03:57.938+0000] {logging_mixin.py:188} INFO - [2026-02-14T16:03:57.938+0000] {dag.py:3089} INFO - Sync 1 DAGs
[2026-02-14T16:03:57.949+0000] {logging_mixin.py:188} INFO - [2026-02-14T16:03:57.949+0000] {dag.py:3947} INFO - Setting next_dagrun for example_setup_teardown to 2026-02-13 00:00:00+00:00, run_after=2026-02-14 00:00:00+00:00
[2026-02-14T16:03:57.964+0000] {processor.py:183} INFO - Processing /home/airflow/.local/lib/python3.12/site-packages/airflow/example_dags/example_setup_teardown.py took 0.055 seconds
[2026-02-14T16:04:28.478+0000] {processor.py:161} INFO - Started process (PID=2140) to work on /home/airflow/.local/lib/python3.12/site-packages/airflow/example_dags/example_setup_teardown.py
[2026-02-14T16:04:28.478+0000] {processor.py:830} INFO - Processing file /home/airflow/.local/lib/python3.12/site-packages/airflow/example_dags/example_setup_teardown.py for tasks to queue
[2026-02-14T16:04:28.479+0000] {logging_mixin.py:188} INFO - [2026-02-14T16:04:28.479+0000] {dagbag.py:545} INFO - Filling up the DagBag from /home/airflow/.local/lib/python3.12/site-packages/airflow/example_dags/example_setup_teardown.py
[2026-02-14T16:04:28.481+0000] {processor.py:840} INFO - DAG(s) 'example_setup_teardown' retrieved from /home/airflow/.local/lib/python3.12/site-packages/airflow/example_dags/example_setup_teardown.py
[2026-02-14T16:04:28.491+0000] {logging_mixin.py:188} INFO - [2026-02-14T16:04:28.491+0000] {dag.py:3089} INFO - Sync 1 DAGs
[2026-02-14T16:04:28.499+0000] {logging_mixin.py:188} INFO - [2026-02-14T16:04:28.499+0000] {dag.py:3947} INFO - Setting next_dagrun for example_setup_teardown to 2026-02-13 00:00:00+00:00, run_after=2026-02-14 00:00:00+00:00
[2026-02-14T16:04:28.508+0000] {processor.py:183} INFO - Processing /home/airflow/.local/lib/python3.12/site-packages/airflow/example_dags/example_setup_teardown.py took 0.033 seconds
[2026-02-14T16:04:58.894+0000] {processor.py:161} INFO - Started process (PID=2199) to work on /home/airflow/.local/lib/python3.12/site-packages/airflow/example_dags/example_setup_teardown.py
[2026-02-14T16:04:58.895+0000] {processor.py:830} INFO - Processing file /home/airflow/.local/lib/python3.12/site-packages/airflow/example_dags/example_setup_teardown.py for tasks to queue
[2026-02-14T16:04:58.897+0000] {logging_mixin.py:188} INFO - [2026-02-14T16:04:58.897+0000] {dagbag.py:545} INFO - Filling up the DagBag from /home/airflow/.local/lib/python3.12/site-packages/airflow/example_dags/example_setup_teardown.py
[2026-02-14T16:04:58.899+0000] {processor.py:840} INFO - DAG(s) 'example_setup_teardown' retrieved from /home/airflow/.local/lib/python3.12/site-packages/airflow/example_dags/example_setup_teardown.py
[2026-02-14T16:04:58.906+0000] {logging_mixin.py:188} INFO - [2026-02-14T16:04:58.906+0000] {dag.py:3089} INFO - Sync 1 DAGs
[2026-02-14T16:04:58.914+0000] {logging_mixin.py:188} INFO - [2026-02-14T16:04:58.914+0000] {dag.py:3947} INFO - Setting next_dagrun for example_setup_teardown to 2026-02-13 00:00:00+00:00, run_after=2026-02-14 00:00:00+00:00
[2026-02-14T16:04:58.921+0000] {processor.py:183} INFO - Processing /home/airflow/.local/lib/python3.12/site-packages/airflow/example_dags/example_setup_teardown.py took 0.029 seconds
[2026-02-14T16:05:29.435+0000] {processor.py:161} INFO - Started process (PID=2258) to work on /home/airflow/.local/lib/python3.12/site-packages/airflow/example_dags/example_setup_teardown.py
[2026-02-14T16:05:29.436+0000] {processor.py:830} INFO - Processing file /home/airflow/.local/lib/python3.12/site-packages/airflow/example_dags/example_setup_teardown.py for tasks to queue
[2026-02-14T16:05:29.437+0000] {logging_mixin.py:188} INFO - [2026-02-14T16:05:29.437+0000] {dagbag.py:545} INFO - Filling up the DagBag from /home/airflow/.local/lib/python3.12/site-packages/airflow/example_dags/example_setup_teardown.py
[2026-02-14T16:05:29.440+0000] {processor.py:840} INFO - DAG(s) 'example_setup_teardown' retrieved from /home/airflow/.local/lib/python3.12/site-packages/airflow/example_dags/example_setup_teardown.py
[2026-02-14T16:05:29.450+0000] {logging_mixin.py:188} INFO - [2026-02-14T16:05:29.450+0000] {dag.py:3089} INFO - Sync 1 DAGs
[2026-02-14T16:05:29.458+0000] {logging_mixin.py:188} INFO - [2026-02-14T16:05:29.458+0000] {dag.py:3947} INFO - Setting next_dagrun for example_setup_teardown to 2026-02-13 00:00:00+00:00, run_after=2026-02-14 00:00:00+00:00
[2026-02-14T16:05:29.465+0000] {processor.py:183} INFO - Processing /home/airflow/.local/lib/python3.12/site-packages/airflow/example_dags/example_setup_teardown.py took 0.032 seconds
[2026-02-14T16:05:59.907+0000] {processor.py:161} INFO - Started process (PID=2317) to work on /home/airflow/.local/lib/python3.12/site-packages/airflow/example_dags/example_setup_teardown.py
[2026-02-14T16:05:59.908+0000] {processor.py:830} INFO - Processing file /home/airflow/.local/lib/python3.12/site-packages/airflow/example_dags/example_setup_teardown.py for tasks to queue
[2026-02-14T16:05:59.909+0000] {logging_mixin.py:188} INFO - [2026-02-14T16:05:59.909+0000] {dagbag.py:545} INFO - Filling up the DagBag from /home/airflow/.local/lib/python3.12/site-packages/airflow/example_dags/example_setup_teardown.py
[2026-02-14T16:05:59.913+0000] {processor.py:840} INFO - DAG(s) 'example_setup_teardown' retrieved from /home/airflow/.local/lib/python3.12/site-packages/airflow/example_dags/example_setup_teardown.py
[2026-02-14T16:05:59.923+0000] {logging_mixin.py:188} INFO - [2026-02-14T16:05:59.923+0000] {dag.py:3089} INFO - Sync 1 DAGs
[2026-02-14T16:05:59.933+0000] {logging_mixin.py:188} INFO - [2026-02-14T16:05:59.933+0000] {dag.py:3947} INFO - Setting next_dagrun for example_setup_teardown to 2026-02-13 00:00:00+00:00, run_after=2026-02-14 00:00:00+00:00
[2026-02-14T16:05:59.940+0000] {processor.py:183} INFO - Processing /home/airflow/.local/lib/python3.12/site-packages/airflow/example_dags/example_setup_teardown.py took 0.035 seconds
[2026-02-14T16:06:30.418+0000] {processor.py:161} INFO - Started process (PID=2376) to work on /home/airflow/.local/lib/python3.12/site-packages/airflow/example_dags/example_setup_teardown.py
[2026-02-14T16:06:30.419+0000] {processor.py:830} INFO - Processing file /home/airflow/.local/lib/python3.12/site-packages/airflow/example_dags/example_setup_teardown.py for tasks to queue
[2026-02-14T16:06:30.421+0000] {logging_mixin.py:188} INFO - [2026-02-14T16:06:30.421+0000] {dagbag.py:545} INFO - Filling up the DagBag from /home/airflow/.local/lib/python3.12/site-packages/airflow/example_dags/example_setup_teardown.py
[2026-02-14T16:06:30.426+0000] {processor.py:840} INFO - DAG(s) 'example_setup_teardown' retrieved from /home/airflow/.local/lib/python3.12/site-packages/airflow/example_dags/example_setup_teardown.py
[2026-02-14T16:06:30.437+0000] {logging_mixin.py:188} INFO - [2026-02-14T16:06:30.437+0000] {dag.py:3089} INFO - Sync 1 DAGs
[2026-02-14T16:06:30.448+0000] {logging_mixin.py:188} INFO - [2026-02-14T16:06:30.448+0000] {dag.py:3947} INFO - Setting next_dagrun for example_setup_teardown to 2026-02-13 00:00:00+00:00, run_after=2026-02-14 00:00:00+00:00
[2026-02-14T16:06:30.456+0000] {processor.py:183} INFO - Processing /home/airflow/.local/lib/python3.12/site-packages/airflow/example_dags/example_setup_teardown.py took 0.042 seconds
[2026-02-14T16:07:01.299+0000] {processor.py:161} INFO - Started process (PID=2435) to work on /home/airflow/.local/lib/python3.12/site-packages/airflow/example_dags/example_setup_teardown.py
[2026-02-14T16:07:01.299+0000] {processor.py:830} INFO - Processing file /home/airflow/.local/lib/python3.12/site-packages/airflow/example_dags/example_setup_teardown.py for tasks to queue
[2026-02-14T16:07:01.300+0000] {logging_mixin.py:188} INFO - [2026-02-14T16:07:01.300+0000] {dagbag.py:545} INFO - Filling up the DagBag from /home/airflow/.local/lib/python3.12/site-packages/airflow/example_dags/example_setup_teardown.py
[2026-02-14T16:07:01.302+0000] {processor.py:840} INFO - DAG(s) 'example_setup_teardown' retrieved from /home/airflow/.local/lib/python3.12/site-packages/airflow/example_dags/example_setup_teardown.py
[2026-02-14T16:07:01.309+0000] {logging_mixin.py:188} INFO - [2026-02-14T16:07:01.309+0000] {dag.py:3089} INFO - Sync 1 DAGs
[2026-02-14T16:07:01.317+0000] {logging_mixin.py:188} INFO - [2026-02-14T16:07:01.317+0000] {dag.py:3947} INFO - Setting next_dagrun for example_setup_teardown to 2026-02-13 00:00:00+00:00, run_after=2026-02-14 00:00:00+00:00
[2026-02-14T16:07:01.325+0000] {processor.py:183} INFO - Processing /home/airflow/.local/lib/python3.12/site-packages/airflow/example_dags/example_setup_teardown.py took 0.029 seconds
[2026-02-14T16:07:31.914+0000] {processor.py:161} INFO - Started process (PID=2494) to work on /home/airflow/.local/lib/python3.12/site-packages/airflow/example_dags/example_setup_teardown.py
[2026-02-14T16:07:31.915+0000] {processor.py:830} INFO - Processing file /home/airflow/.local/lib/python3.12/site-packages/airflow/example_dags/example_setup_teardown.py for tasks to queue
[2026-02-14T16:07:31.916+0000] {logging_mixin.py:188} INFO - [2026-02-14T16:07:31.916+0000] {dagbag.py:545} INFO - Filling up the DagBag from /home/airflow/.local/lib/python3.12/site-packages/airflow/example_dags/example_setup_teardown.py
[2026-02-14T16:07:31.919+0000] {processor.py:840} INFO - DAG(s) 'example_setup_teardown' retrieved from /home/airflow/.local/lib/python3.12/site-packages/airflow/example_dags/example_setup_teardown.py
[2026-02-14T16:07:31.929+0000] {logging_mixin.py:188} INFO - [2026-02-14T16:07:31.929+0000] {dag.py:3089} INFO - Sync 1 DAGs
[2026-02-14T16:07:31.936+0000] {logging_mixin.py:188} INFO - [2026-02-14T16:07:31.936+0000] {dag.py:3947} INFO - Setting next_dagrun for example_setup_teardown to 2026-02-13 00:00:00+00:00, run_after=2026-02-14 00:00:00+00:00
[2026-02-14T16:07:31.944+0000] {processor.py:183} INFO - Processing /home/airflow/.local/lib/python3.12/site-packages/airflow/example_dags/example_setup_teardown.py took 0.032 seconds
[2026-02-14T16:08:02.700+0000] {processor.py:161} INFO - Started process (PID=2553) to work on /home/airflow/.local/lib/python3.12/site-packages/airflow/example_dags/example_setup_teardown.py
[2026-02-14T16:08:02.702+0000] {processor.py:830} INFO - Processing file /home/airflow/.local/lib/python3.12/site-packages/airflow/example_dags/example_setup_teardown.py for tasks to queue
[2026-02-14T16:08:02.703+0000] {logging_mixin.py:188} INFO - [2026-02-14T16:08:02.703+0000] {dagbag.py:545} INFO - Filling up the DagBag from /home/airflow/.local/lib/python3.12/site-packages/airflow/example_dags/example_setup_teardown.py
[2026-02-14T16:08:02.706+0000] {processor.py:840} INFO - DAG(s) 'example_setup_teardown' retrieved from /home/airflow/.local/lib/python3.12/site-packages/airflow/example_dags/example_setup_teardown.py
[2026-02-14T16:08:02.716+0000] {logging_mixin.py:188} INFO - [2026-02-14T16:08:02.716+0000] {dag.py:3089} INFO - Sync 1 DAGs
[2026-02-14T16:08:02.725+0000] {logging_mixin.py:188} INFO - [2026-02-14T16:08:02.725+0000] {dag.py:3947} INFO - Setting next_dagrun for example_setup_teardown to 2026-02-13 00:00:00+00:00, run_after=2026-02-14 00:00:00+00:00
[2026-02-14T16:08:02.734+0000] {processor.py:183} INFO - Processing /home/airflow/.local/lib/python3.12/site-packages/airflow/example_dags/example_setup_teardown.py took 0.037 seconds
[2026-02-14T16:08:33.126+0000] {processor.py:161} INFO - Started process (PID=2612) to work on /home/airflow/.local/lib/python3.12/site-packages/airflow/example_dags/example_setup_teardown.py
[2026-02-14T16:08:33.126+0000] {processor.py:830} INFO - Processing file /home/airflow/.local/lib/python3.12/site-packages/airflow/example_dags/example_setup_teardown.py for tasks to queue
[2026-02-14T16:08:33.127+0000] {logging_mixin.py:188} INFO - [2026-02-14T16:08:33.127+0000] {dagbag.py:545} INFO - Filling up the DagBag from /home/airflow/.local/lib/python3.12/site-packages/airflow/example_dags/example_setup_teardown.py
[2026-02-14T16:08:33.130+0000] {processor.py:840} INFO - DAG(s) 'example_setup_teardown' retrieved from /home/airflow/.local/lib/python3.12/site-packages/airflow/example_dags/example_setup_teardown.py
[2026-02-14T16:08:33.139+0000] {logging_mixin.py:188} INFO - [2026-02-14T16:08:33.139+0000] {dag.py:3089} INFO - Sync 1 DAGs
[2026-02-14T16:08:33.147+0000] {logging_mixin.py:188} INFO - [2026-02-14T16:08:33.147+0000] {dag.py:3947} INFO - Setting next_dagrun for example_setup_teardown to 2026-02-13 00:00:00+00:00, run_after=2026-02-14 00:00:00+00:00
[2026-02-14T16:08:33.152+0000] {processor.py:183} INFO - Processing /home/airflow/.local/lib/python3.12/site-packages/airflow/example_dags/example_setup_teardown.py took 0.029 seconds
[2026-02-14T16:09:03.607+0000] {processor.py:161} INFO - Started process (PID=2671) to work on /home/airflow/.local/lib/python3.12/site-packages/airflow/example_dags/example_setup_teardown.py
[2026-02-14T16:09:03.608+0000] {processor.py:830} INFO - Processing file /home/airflow/.local/lib/python3.12/site-packages/airflow/example_dags/example_setup_teardown.py for tasks to queue
[2026-02-14T16:09:03.608+0000] {logging_mixin.py:188} INFO - [2026-02-14T16:09:03.608+0000] {dagbag.py:545} INFO - Filling up the DagBag from /home/airflow/.local/lib/python3.12/site-packages/airflow/example_dags/example_setup_teardown.py
[2026-02-14T16:09:03.611+0000] {processor.py:840} INFO - DAG(s) 'example_setup_teardown' retrieved from /home/airflow/.local/lib/python3.12/site-packages/airflow/example_dags/example_setup_teardown.py
[2026-02-14T16:09:03.618+0000] {logging_mixin.py:188} INFO - [2026-02-14T16:09:03.618+0000] {dag.py:3089} INFO - Sync 1 DAGs
[2026-02-14T16:09:03.625+0000] {logging_mixin.py:188} INFO - [2026-02-14T16:09:03.625+0000] {dag.py:3947} INFO - Setting next_dagrun for example_setup_teardown to 2026-02-13 00:00:00+00:00, run_after=2026-02-14 00:00:00+00:00
[2026-02-14T16:09:03.636+0000] {processor.py:183} INFO - Processing /home/airflow/.local/lib/python3.12/site-packages/airflow/example_dags/example_setup_teardown.py took 0.031 seconds
[2026-02-14T16:09:33.997+0000] {processor.py:161} INFO - Started process (PID=2730) to work on /home/airflow/.local/lib/python3.12/site-packages/airflow/example_dags/example_setup_teardown.py
[2026-02-14T16:09:33.998+0000] {processor.py:830} INFO - Processing file /home/airflow/.local/lib/python3.12/site-packages/airflow/example_dags/example_setup_teardown.py for tasks to queue
[2026-02-14T16:09:33.999+0000] {logging_mixin.py:188} INFO - [2026-02-14T16:09:33.998+0000] {dagbag.py:545} INFO - Filling up the DagBag from /home/airflow/.local/lib/python3.12/site-packages/airflow/example_dags/example_setup_teardown.py
[2026-02-14T16:09:34.002+0000] {processor.py:840} INFO - DAG(s) 'example_setup_teardown' retrieved from /home/airflow/.local/lib/python3.12/site-packages/airflow/example_dags/example_setup_teardown.py
[2026-02-14T16:09:34.010+0000] {logging_mixin.py:188} INFO - [2026-02-14T16:09:34.010+0000] {dag.py:3089} INFO - Sync 1 DAGs
[2026-02-14T16:09:34.018+0000] {logging_mixin.py:188} INFO - [2026-02-14T16:09:34.018+0000] {dag.py:3947} INFO - Setting next_dagrun for example_setup_teardown to 2026-02-13 00:00:00+00:00, run_after=2026-02-14 00:00:00+00:00
[2026-02-14T16:09:34.025+0000] {processor.py:183} INFO - Processing /home/airflow/.local/lib/python3.12/site-packages/airflow/example_dags/example_setup_teardown.py took 0.030 seconds
[2026-02-14T16:10:04.256+0000] {processor.py:161} INFO - Started process (PID=2789) to work on /home/airflow/.local/lib/python3.12/site-packages/airflow/example_dags/example_setup_teardown.py
[2026-02-14T16:10:04.256+0000] {processor.py:830} INFO - Processing file /home/airflow/.local/lib/python3.12/site-packages/airflow/example_dags/example_setup_teardown.py for tasks to queue
[2026-02-14T16:10:04.257+0000] {logging_mixin.py:188} INFO - [2026-02-14T16:10:04.257+0000] {dagbag.py:545} INFO - Filling up the DagBag from /home/airflow/.local/lib/python3.12/site-packages/airflow/example_dags/example_setup_teardown.py
[2026-02-14T16:10:04.260+0000] {processor.py:840} INFO - DAG(s) 'example_setup_teardown' retrieved from /home/airflow/.local/lib/python3.12/site-packages/airflow/example_dags/example_setup_teardown.py
[2026-02-14T16:10:04.267+0000] {logging_mixin.py:188} INFO - [2026-02-14T16:10:04.267+0000] {dag.py:3089} INFO - Sync 1 DAGs
[2026-02-14T16:10:04.275+0000] {logging_mixin.py:188} INFO - [2026-02-14T16:10:04.275+0000] {dag.py:3947} INFO - Setting next_dagrun for example_setup_teardown to 2026-02-13 00:00:00+00:00, run_after=2026-02-14 00:00:00+00:00
[2026-02-14T16:10:04.280+0000] {processor.py:183} INFO - Processing /home/airflow/.local/lib/python3.12/site-packages/airflow/example_dags/example_setup_teardown.py took 0.027 seconds
[2026-02-14T16:10:34.928+0000] {processor.py:161} INFO - Started process (PID=2847) to work on /home/airflow/.local/lib/python3.12/site-packages/airflow/example_dags/example_setup_teardown.py
[2026-02-14T16:10:34.928+0000] {processor.py:830} INFO - Processing file /home/airflow/.local/lib/python3.12/site-packages/airflow/example_dags/example_setup_teardown.py for tasks to queue
[2026-02-14T16:10:34.929+0000] {logging_mixin.py:188} INFO - [2026-02-14T16:10:34.929+0000] {dagbag.py:545} INFO - Filling up the DagBag from /home/airflow/.local/lib/python3.12/site-packages/airflow/example_dags/example_setup_teardown.py
[2026-02-14T16:10:34.933+0000] {processor.py:840} INFO - DAG(s) 'example_setup_teardown' retrieved from /home/airflow/.local/lib/python3.12/site-packages/airflow/example_dags/example_setup_teardown.py
[2026-02-14T16:10:34.947+0000] {logging_mixin.py:188} INFO - [2026-02-14T16:10:34.947+0000] {dag.py:3089} INFO - Sync 1 DAGs
[2026-02-14T16:10:34.958+0000] {logging_mixin.py:188} INFO - [2026-02-14T16:10:34.957+0000] {dag.py:3947} INFO - Setting next_dagrun for example_setup_teardown to 2026-02-13 00:00:00+00:00, run_after=2026-02-14 00:00:00+00:00
[2026-02-14T16:10:34.972+0000] {processor.py:183} INFO - Processing /home/airflow/.local/lib/python3.12/site-packages/airflow/example_dags/example_setup_teardown.py took 0.047 seconds
[2026-02-14T16:11:05.963+0000] {processor.py:161} INFO - Started process (PID=2906) to work on /home/airflow/.local/lib/python3.12/site-packages/airflow/example_dags/example_setup_teardown.py
[2026-02-14T16:11:05.964+0000] {processor.py:830} INFO - Processing file /home/airflow/.local/lib/python3.12/site-packages/airflow/example_dags/example_setup_teardown.py for tasks to queue
[2026-02-14T16:11:05.967+0000] {logging_mixin.py:188} INFO - [2026-02-14T16:11:05.967+0000] {dagbag.py:545} INFO - Filling up the DagBag from /home/airflow/.local/lib/python3.12/site-packages/airflow/example_dags/example_setup_teardown.py
[2026-02-14T16:11:05.971+0000] {processor.py:840} INFO - DAG(s) 'example_setup_teardown' retrieved from /home/airflow/.local/lib/python3.12/site-packages/airflow/example_dags/example_setup_teardown.py
[2026-02-14T16:11:05.988+0000] {logging_mixin.py:188} INFO - [2026-02-14T16:11:05.988+0000] {dag.py:3089} INFO - Sync 1 DAGs
[2026-02-14T16:11:06.002+0000] {logging_mixin.py:188} INFO - [2026-02-14T16:11:06.002+0000] {dag.py:3947} INFO - Setting next_dagrun for example_setup_teardown to 2026-02-13 00:00:00+00:00, run_after=2026-02-14 00:00:00+00:00
[2026-02-14T16:11:06.013+0000] {processor.py:183} INFO - Processing /home/airflow/.local/lib/python3.12/site-packages/airflow/example_dags/example_setup_teardown.py took 0.053 seconds
[2026-02-14T16:11:36.433+0000] {processor.py:161} INFO - Started process (PID=2965) to work on /home/airflow/.local/lib/python3.12/site-packages/airflow/example_dags/example_setup_teardown.py
[2026-02-14T16:11:36.436+0000] {processor.py:830} INFO - Processing file /home/airflow/.local/lib/python3.12/site-packages/airflow/example_dags/example_setup_teardown.py for tasks to queue
[2026-02-14T16:11:36.444+0000] {logging_mixin.py:188} INFO - [2026-02-14T16:11:36.443+0000] {dagbag.py:545} INFO - Filling up the DagBag from /home/airflow/.local/lib/python3.12/site-packages/airflow/example_dags/example_setup_teardown.py
[2026-02-14T16:11:36.450+0000] {processor.py:840} INFO - DAG(s) 'example_setup_teardown' retrieved from /home/airflow/.local/lib/python3.12/site-packages/airflow/example_dags/example_setup_teardown.py
[2026-02-14T16:11:36.483+0000] {logging_mixin.py:188} INFO - [2026-02-14T16:11:36.482+0000] {dag.py:3089} INFO - Sync 1 DAGs
[2026-02-14T16:11:36.517+0000] {logging_mixin.py:188} INFO - [2026-02-14T16:11:36.517+0000] {dag.py:3947} INFO - Setting next_dagrun for example_setup_teardown to 2026-02-13 00:00:00+00:00, run_after=2026-02-14 00:00:00+00:00
[2026-02-14T16:11:36.564+0000] {processor.py:183} INFO - Processing /home/airflow/.local/lib/python3.12/site-packages/airflow/example_dags/example_setup_teardown.py took 0.138 seconds
[2026-02-14T16:12:07.126+0000] {processor.py:161} INFO - Started process (PID=3024) to work on /home/airflow/.local/lib/python3.12/site-packages/airflow/example_dags/example_setup_teardown.py
[2026-02-14T16:12:07.126+0000] {processor.py:830} INFO - Processing file /home/airflow/.local/lib/python3.12/site-packages/airflow/example_dags/example_setup_teardown.py for tasks to queue
[2026-02-14T16:12:07.127+0000] {logging_mixin.py:188} INFO - [2026-02-14T16:12:07.127+0000] {dagbag.py:545} INFO - Filling up the DagBag from /home/airflow/.local/lib/python3.12/site-packages/airflow/example_dags/example_setup_teardown.py
[2026-02-14T16:12:07.130+0000] {processor.py:840} INFO - DAG(s) 'example_setup_teardown' retrieved from /home/airflow/.local/lib/python3.12/site-packages/airflow/example_dags/example_setup_teardown.py
[2026-02-14T16:12:07.137+0000] {logging_mixin.py:188} INFO - [2026-02-14T16:12:07.137+0000] {dag.py:3089} INFO - Sync 1 DAGs
[2026-02-14T16:12:07.144+0000] {logging_mixin.py:188} INFO - [2026-02-14T16:12:07.144+0000] {dag.py:3947} INFO - Setting next_dagrun for example_setup_teardown to 2026-02-13 00:00:00+00:00, run_after=2026-02-14 00:00:00+00:00
[2026-02-14T16:12:07.151+0000] {processor.py:183} INFO - Processing /home/airflow/.local/lib/python3.12/site-packages/airflow/example_dags/example_setup_teardown.py took 0.028 seconds
[2026-02-14T16:12:37.685+0000] {processor.py:161} INFO - Started process (PID=3083) to work on /home/airflow/.local/lib/python3.12/site-packages/airflow/example_dags/example_setup_teardown.py
[2026-02-14T16:12:37.686+0000] {processor.py:830} INFO - Processing file /home/airflow/.local/lib/python3.12/site-packages/airflow/example_dags/example_setup_teardown.py for tasks to queue
[2026-02-14T16:12:37.689+0000] {logging_mixin.py:188} INFO - [2026-02-14T16:12:37.689+0000] {dagbag.py:545} INFO - Filling up the DagBag from /home/airflow/.local/lib/python3.12/site-packages/airflow/example_dags/example_setup_teardown.py
[2026-02-14T16:12:37.693+0000] {processor.py:840} INFO - DAG(s) 'example_setup_teardown' retrieved from /home/airflow/.local/lib/python3.12/site-packages/airflow/example_dags/example_setup_teardown.py
[2026-02-14T16:12:37.706+0000] {logging_mixin.py:188} INFO - [2026-02-14T16:12:37.706+0000] {dag.py:3089} INFO - Sync 1 DAGs
[2026-02-14T16:12:37.716+0000] {logging_mixin.py:188} INFO - [2026-02-14T16:12:37.716+0000] {dag.py:3947} INFO - Setting next_dagrun for example_setup_teardown to 2026-02-13 00:00:00+00:00, run_after=2026-02-14 00:00:00+00:00
[2026-02-14T16:12:37.725+0000] {processor.py:183} INFO - Processing /home/airflow/.local/lib/python3.12/site-packages/airflow/example_dags/example_setup_teardown.py took 0.043 seconds
[2026-02-14T16:13:07.957+0000] {processor.py:161} INFO - Started process (PID=3142) to work on /home/airflow/.local/lib/python3.12/site-packages/airflow/example_dags/example_setup_teardown.py
[2026-02-14T16:13:07.958+0000] {processor.py:830} INFO - Processing file /home/airflow/.local/lib/python3.12/site-packages/airflow/example_dags/example_setup_teardown.py for tasks to queue
[2026-02-14T16:13:07.958+0000] {logging_mixin.py:188} INFO - [2026-02-14T16:13:07.958+0000] {dagbag.py:545} INFO - Filling up the DagBag from /home/airflow/.local/lib/python3.12/site-packages/airflow/example_dags/example_setup_teardown.py
[2026-02-14T16:13:07.961+0000] {processor.py:840} INFO - DAG(s) 'example_setup_teardown' retrieved from /home/airflow/.local/lib/python3.12/site-packages/airflow/example_dags/example_setup_teardown.py
[2026-02-14T16:13:07.970+0000] {logging_mixin.py:188} INFO - [2026-02-14T16:13:07.970+0000] {dag.py:3089} INFO - Sync 1 DAGs
[2026-02-14T16:13:07.980+0000] {logging_mixin.py:188} INFO - [2026-02-14T16:13:07.980+0000] {dag.py:3947} INFO - Setting next_dagrun for example_setup_teardown to 2026-02-13 00:00:00+00:00, run_after=2026-02-14 00:00:00+00:00
[2026-02-14T16:13:07.986+0000] {processor.py:183} INFO - Processing /home/airflow/.local/lib/python3.12/site-packages/airflow/example_dags/example_setup_teardown.py took 0.031 seconds
[2026-02-14T16:13:38.248+0000] {processor.py:161} INFO - Started process (PID=3201) to work on /home/airflow/.local/lib/python3.12/site-packages/airflow/example_dags/example_setup_teardown.py
[2026-02-14T16:13:38.248+0000] {processor.py:830} INFO - Processing file /home/airflow/.local/lib/python3.12/site-packages/airflow/example_dags/example_setup_teardown.py for tasks to queue
[2026-02-14T16:13:38.249+0000] {logging_mixin.py:188} INFO - [2026-02-14T16:13:38.248+0000] {dagbag.py:545} INFO - Filling up the DagBag from /home/airflow/.local/lib/python3.12/site-packages/airflow/example_dags/example_setup_teardown.py
[2026-02-14T16:13:38.251+0000] {processor.py:840} INFO - DAG(s) 'example_setup_teardown' retrieved from /home/airflow/.local/lib/python3.12/site-packages/airflow/example_dags/example_setup_teardown.py
[2026-02-14T16:13:38.258+0000] {logging_mixin.py:188} INFO - [2026-02-14T16:13:38.258+0000] {dag.py:3089} INFO - Sync 1 DAGs
[2026-02-14T16:13:38.266+0000] {logging_mixin.py:188} INFO - [2026-02-14T16:13:38.266+0000] {dag.py:3947} INFO - Setting next_dagrun for example_setup_teardown to 2026-02-13 00:00:00+00:00, run_after=2026-02-14 00:00:00+00:00
[2026-02-14T16:13:38.272+0000] {processor.py:183} INFO - Processing /home/airflow/.local/lib/python3.12/site-packages/airflow/example_dags/example_setup_teardown.py took 0.026 seconds
[2026-02-14T16:14:09.094+0000] {processor.py:161} INFO - Started process (PID=3260) to work on /home/airflow/.local/lib/python3.12/site-packages/airflow/example_dags/example_setup_teardown.py
[2026-02-14T16:14:09.095+0000] {processor.py:830} INFO - Processing file /home/airflow/.local/lib/python3.12/site-packages/airflow/example_dags/example_setup_teardown.py for tasks to queue
[2026-02-14T16:14:09.097+0000] {logging_mixin.py:188} INFO - [2026-02-14T16:14:09.097+0000] {dagbag.py:545} INFO - Filling up the DagBag from /home/airflow/.local/lib/python3.12/site-packages/airflow/example_dags/example_setup_teardown.py
[2026-02-14T16:14:09.102+0000] {processor.py:840} INFO - DAG(s) 'example_setup_teardown' retrieved from /home/airflow/.local/lib/python3.12/site-packages/airflow/example_dags/example_setup_teardown.py
[2026-02-14T16:14:09.115+0000] {logging_mixin.py:188} INFO - [2026-02-14T16:14:09.115+0000] {dag.py:3089} INFO - Sync 1 DAGs
[2026-02-14T16:14:09.124+0000] {logging_mixin.py:188} INFO - [2026-02-14T16:14:09.124+0000] {dag.py:3947} INFO - Setting next_dagrun for example_setup_teardown to 2026-02-13 00:00:00+00:00, run_after=2026-02-14 00:00:00+00:00
[2026-02-14T16:14:09.133+0000] {processor.py:183} INFO - Processing /home/airflow/.local/lib/python3.12/site-packages/airflow/example_dags/example_setup_teardown.py took 0.044 seconds
[2026-02-14T16:14:39.293+0000] {processor.py:161} INFO - Started process (PID=3319) to work on /home/airflow/.local/lib/python3.12/site-packages/airflow/example_dags/example_setup_teardown.py
[2026-02-14T16:14:39.294+0000] {processor.py:830} INFO - Processing file /home/airflow/.local/lib/python3.12/site-packages/airflow/example_dags/example_setup_teardown.py for tasks to queue
[2026-02-14T16:14:39.295+0000] {logging_mixin.py:188} INFO - [2026-02-14T16:14:39.295+0000] {dagbag.py:545} INFO - Filling up the DagBag from /home/airflow/.local/lib/python3.12/site-packages/airflow/example_dags/example_setup_teardown.py
[2026-02-14T16:14:39.300+0000] {processor.py:840} INFO - DAG(s) 'example_setup_teardown' retrieved from /home/airflow/.local/lib/python3.12/site-packages/airflow/example_dags/example_setup_teardown.py
[2026-02-14T16:14:39.311+0000] {logging_mixin.py:188} INFO - [2026-02-14T16:14:39.311+0000] {dag.py:3089} INFO - Sync 1 DAGs
[2026-02-14T16:14:39.327+0000] {logging_mixin.py:188} INFO - [2026-02-14T16:14:39.327+0000] {dag.py:3947} INFO - Setting next_dagrun for example_setup_teardown to 2026-02-13 00:00:00+00:00, run_after=2026-02-14 00:00:00+00:00
[2026-02-14T16:14:39.339+0000] {processor.py:183} INFO - Processing /home/airflow/.local/lib/python3.12/site-packages/airflow/example_dags/example_setup_teardown.py took 0.049 seconds
[2026-02-14T16:15:10.251+0000] {processor.py:161} INFO - Started process (PID=3378) to work on /home/airflow/.local/lib/python3.12/site-packages/airflow/example_dags/example_setup_teardown.py
[2026-02-14T16:15:10.251+0000] {processor.py:830} INFO - Processing file /home/airflow/.local/lib/python3.12/site-packages/airflow/example_dags/example_setup_teardown.py for tasks to queue
[2026-02-14T16:15:10.252+0000] {logging_mixin.py:188} INFO - [2026-02-14T16:15:10.252+0000] {dagbag.py:545} INFO - Filling up the DagBag from /home/airflow/.local/lib/python3.12/site-packages/airflow/example_dags/example_setup_teardown.py
[2026-02-14T16:15:10.255+0000] {processor.py:840} INFO - DAG(s) 'example_setup_teardown' retrieved from /home/airflow/.local/lib/python3.12/site-packages/airflow/example_dags/example_setup_teardown.py
[2026-02-14T16:15:10.266+0000] {logging_mixin.py:188} INFO - [2026-02-14T16:15:10.266+0000] {dag.py:3089} INFO - Sync 1 DAGs
[2026-02-14T16:15:10.275+0000] {logging_mixin.py:188} INFO - [2026-02-14T16:15:10.275+0000] {dag.py:3947} INFO - Setting next_dagrun for example_setup_teardown to 2026-02-13 00:00:00+00:00, run_after=2026-02-14 00:00:00+00:00
[2026-02-14T16:15:10.284+0000] {processor.py:183} INFO - Processing /home/airflow/.local/lib/python3.12/site-packages/airflow/example_dags/example_setup_teardown.py took 0.037 seconds
[2026-02-14T16:15:40.982+0000] {processor.py:161} INFO - Started process (PID=3437) to work on /home/airflow/.local/lib/python3.12/site-packages/airflow/example_dags/example_setup_teardown.py
[2026-02-14T16:15:40.983+0000] {processor.py:830} INFO - Processing file /home/airflow/.local/lib/python3.12/site-packages/airflow/example_dags/example_setup_teardown.py for tasks to queue
[2026-02-14T16:15:40.984+0000] {logging_mixin.py:188} INFO - [2026-02-14T16:15:40.984+0000] {dagbag.py:545} INFO - Filling up the DagBag from /home/airflow/.local/lib/python3.12/site-packages/airflow/example_dags/example_setup_teardown.py
[2026-02-14T16:15:40.988+0000] {processor.py:840} INFO - DAG(s) 'example_setup_teardown' retrieved from /home/airflow/.local/lib/python3.12/site-packages/airflow/example_dags/example_setup_teardown.py
[2026-02-14T16:15:41.001+0000] {logging_mixin.py:188} INFO - [2026-02-14T16:15:41.000+0000] {dag.py:3089} INFO - Sync 1 DAGs
[2026-02-14T16:15:41.011+0000] {logging_mixin.py:188} INFO - [2026-02-14T16:15:41.011+0000] {dag.py:3947} INFO - Setting next_dagrun for example_setup_teardown to 2026-02-13 00:00:00+00:00, run_after=2026-02-14 00:00:00+00:00
[2026-02-14T16:15:41.023+0000] {processor.py:183} INFO - Processing /home/airflow/.local/lib/python3.12/site-packages/airflow/example_dags/example_setup_teardown.py took 0.044 seconds
[2026-02-14T16:16:11.059+0000] {processor.py:161} INFO - Started process (PID=3496) to work on /home/airflow/.local/lib/python3.12/site-packages/airflow/example_dags/example_setup_teardown.py
[2026-02-14T16:16:11.059+0000] {processor.py:830} INFO - Processing file /home/airflow/.local/lib/python3.12/site-packages/airflow/example_dags/example_setup_teardown.py for tasks to queue
[2026-02-14T16:16:11.060+0000] {logging_mixin.py:188} INFO - [2026-02-14T16:16:11.060+0000] {dagbag.py:545} INFO - Filling up the DagBag from /home/airflow/.local/lib/python3.12/site-packages/airflow/example_dags/example_setup_teardown.py
[2026-02-14T16:16:11.064+0000] {processor.py:840} INFO - DAG(s) 'example_setup_teardown' retrieved from /home/airflow/.local/lib/python3.12/site-packages/airflow/example_dags/example_setup_teardown.py
[2026-02-14T16:16:11.074+0000] {logging_mixin.py:188} INFO - [2026-02-14T16:16:11.074+0000] {dag.py:3089} INFO - Sync 1 DAGs
[2026-02-14T16:16:11.082+0000] {logging_mixin.py:188} INFO - [2026-02-14T16:16:11.081+0000] {dag.py:3947} INFO - Setting next_dagrun for example_setup_teardown to 2026-02-13 00:00:00+00:00, run_after=2026-02-14 00:00:00+00:00
[2026-02-14T16:16:11.090+0000] {processor.py:183} INFO - Processing /home/airflow/.local/lib/python3.12/site-packages/airflow/example_dags/example_setup_teardown.py took 0.034 seconds
[2026-02-14T16:16:41.547+0000] {processor.py:161} INFO - Started process (PID=3555) to work on /home/airflow/.local/lib/python3.12/site-packages/airflow/example_dags/example_setup_teardown.py
[2026-02-14T16:16:41.548+0000] {processor.py:830} INFO - Processing file /home/airflow/.local/lib/python3.12/site-packages/airflow/example_dags/example_setup_teardown.py for tasks to queue
[2026-02-14T16:16:41.550+0000] {logging_mixin.py:188} INFO - [2026-02-14T16:16:41.550+0000] {dagbag.py:545} INFO - Filling up the DagBag from /home/airflow/.local/lib/python3.12/site-packages/airflow/example_dags/example_setup_teardown.py
[2026-02-14T16:16:41.553+0000] {processor.py:840} INFO - DAG(s) 'example_setup_teardown' retrieved from /home/airflow/.local/lib/python3.12/site-packages/airflow/example_dags/example_setup_teardown.py
[2026-02-14T16:16:41.563+0000] {logging_mixin.py:188} INFO - [2026-02-14T16:16:41.563+0000] {dag.py:3089} INFO - Sync 1 DAGs
[2026-02-14T16:16:41.571+0000] {logging_mixin.py:188} INFO - [2026-02-14T16:16:41.571+0000] {dag.py:3947} INFO - Setting next_dagrun for example_setup_teardown to 2026-02-13 00:00:00+00:00, run_after=2026-02-14 00:00:00+00:00
[2026-02-14T16:16:41.579+0000] {processor.py:183} INFO - Processing /home/airflow/.local/lib/python3.12/site-packages/airflow/example_dags/example_setup_teardown.py took 0.034 seconds
[2026-02-14T16:17:12.095+0000] {processor.py:161} INFO - Started process (PID=3614) to work on /home/airflow/.local/lib/python3.12/site-packages/airflow/example_dags/example_setup_teardown.py
[2026-02-14T16:17:12.096+0000] {processor.py:830} INFO - Processing file /home/airflow/.local/lib/python3.12/site-packages/airflow/example_dags/example_setup_teardown.py for tasks to queue
[2026-02-14T16:17:12.096+0000] {logging_mixin.py:188} INFO - [2026-02-14T16:17:12.096+0000] {dagbag.py:545} INFO - Filling up the DagBag from /home/airflow/.local/lib/python3.12/site-packages/airflow/example_dags/example_setup_teardown.py
[2026-02-14T16:17:12.100+0000] {processor.py:840} INFO - DAG(s) 'example_setup_teardown' retrieved from /home/airflow/.local/lib/python3.12/site-packages/airflow/example_dags/example_setup_teardown.py
[2026-02-14T16:17:12.109+0000] {logging_mixin.py:188} INFO - [2026-02-14T16:17:12.108+0000] {dag.py:3089} INFO - Sync 1 DAGs
[2026-02-14T16:17:12.119+0000] {logging_mixin.py:188} INFO - [2026-02-14T16:17:12.119+0000] {dag.py:3947} INFO - Setting next_dagrun for example_setup_teardown to 2026-02-13 00:00:00+00:00, run_after=2026-02-14 00:00:00+00:00
[2026-02-14T16:17:12.129+0000] {processor.py:183} INFO - Processing /home/airflow/.local/lib/python3.12/site-packages/airflow/example_dags/example_setup_teardown.py took 0.037 seconds
[2026-02-14T16:17:42.834+0000] {processor.py:161} INFO - Started process (PID=3679) to work on /home/airflow/.local/lib/python3.12/site-packages/airflow/example_dags/example_setup_teardown.py
[2026-02-14T16:17:42.835+0000] {processor.py:830} INFO - Processing file /home/airflow/.local/lib/python3.12/site-packages/airflow/example_dags/example_setup_teardown.py for tasks to queue
[2026-02-14T16:17:42.836+0000] {logging_mixin.py:188} INFO - [2026-02-14T16:17:42.836+0000] {dagbag.py:545} INFO - Filling up the DagBag from /home/airflow/.local/lib/python3.12/site-packages/airflow/example_dags/example_setup_teardown.py
[2026-02-14T16:17:42.839+0000] {processor.py:840} INFO - DAG(s) 'example_setup_teardown' retrieved from /home/airflow/.local/lib/python3.12/site-packages/airflow/example_dags/example_setup_teardown.py
[2026-02-14T16:17:42.847+0000] {logging_mixin.py:188} INFO - [2026-02-14T16:17:42.847+0000] {dag.py:3089} INFO - Sync 1 DAGs
[2026-02-14T16:17:42.856+0000] {logging_mixin.py:188} INFO - [2026-02-14T16:17:42.855+0000] {dag.py:3947} INFO - Setting next_dagrun for example_setup_teardown to 2026-02-13 00:00:00+00:00, run_after=2026-02-14 00:00:00+00:00
[2026-02-14T16:17:42.863+0000] {processor.py:183} INFO - Processing /home/airflow/.local/lib/python3.12/site-packages/airflow/example_dags/example_setup_teardown.py took 0.032 seconds
[2026-02-14T16:18:13.373+0000] {processor.py:161} INFO - Started process (PID=3738) to work on /home/airflow/.local/lib/python3.12/site-packages/airflow/example_dags/example_setup_teardown.py
[2026-02-14T16:18:13.374+0000] {processor.py:830} INFO - Processing file /home/airflow/.local/lib/python3.12/site-packages/airflow/example_dags/example_setup_teardown.py for tasks to queue
[2026-02-14T16:18:13.375+0000] {logging_mixin.py:188} INFO - [2026-02-14T16:18:13.375+0000] {dagbag.py:545} INFO - Filling up the DagBag from /home/airflow/.local/lib/python3.12/site-packages/airflow/example_dags/example_setup_teardown.py
[2026-02-14T16:18:13.378+0000] {processor.py:840} INFO - DAG(s) 'example_setup_teardown' retrieved from /home/airflow/.local/lib/python3.12/site-packages/airflow/example_dags/example_setup_teardown.py
[2026-02-14T16:18:13.387+0000] {logging_mixin.py:188} INFO - [2026-02-14T16:18:13.387+0000] {dag.py:3089} INFO - Sync 1 DAGs
[2026-02-14T16:18:13.395+0000] {logging_mixin.py:188} INFO - [2026-02-14T16:18:13.395+0000] {dag.py:3947} INFO - Setting next_dagrun for example_setup_teardown to 2026-02-13 00:00:00+00:00, run_after=2026-02-14 00:00:00+00:00
[2026-02-14T16:18:13.401+0000] {processor.py:183} INFO - Processing /home/airflow/.local/lib/python3.12/site-packages/airflow/example_dags/example_setup_teardown.py took 0.031 seconds
[2026-02-14T16:18:44.124+0000] {processor.py:161} INFO - Started process (PID=3797) to work on /home/airflow/.local/lib/python3.12/site-packages/airflow/example_dags/example_setup_teardown.py
[2026-02-14T16:18:44.124+0000] {processor.py:830} INFO - Processing file /home/airflow/.local/lib/python3.12/site-packages/airflow/example_dags/example_setup_teardown.py for tasks to queue
[2026-02-14T16:18:44.125+0000] {logging_mixin.py:188} INFO - [2026-02-14T16:18:44.125+0000] {dagbag.py:545} INFO - Filling up the DagBag from /home/airflow/.local/lib/python3.12/site-packages/airflow/example_dags/example_setup_teardown.py
[2026-02-14T16:18:44.128+0000] {processor.py:840} INFO - DAG(s) 'example_setup_teardown' retrieved from /home/airflow/.local/lib/python3.12/site-packages/airflow/example_dags/example_setup_teardown.py
[2026-02-14T16:18:44.140+0000] {logging_mixin.py:188} INFO - [2026-02-14T16:18:44.140+0000] {dag.py:3089} INFO - Sync 1 DAGs
[2026-02-14T16:18:44.150+0000] {logging_mixin.py:188} INFO - [2026-02-14T16:18:44.150+0000] {dag.py:3947} INFO - Setting next_dagrun for example_setup_teardown to 2026-02-13 00:00:00+00:00, run_after=2026-02-14 00:00:00+00:00
[2026-02-14T16:18:44.161+0000] {processor.py:183} INFO - Processing /home/airflow/.local/lib/python3.12/site-packages/airflow/example_dags/example_setup_teardown.py took 0.040 seconds
[2026-02-14T16:19:14.247+0000] {processor.py:161} INFO - Started process (PID=3856) to work on /home/airflow/.local/lib/python3.12/site-packages/airflow/example_dags/example_setup_teardown.py
[2026-02-14T16:19:14.248+0000] {processor.py:830} INFO - Processing file /home/airflow/.local/lib/python3.12/site-packages/airflow/example_dags/example_setup_teardown.py for tasks to queue
[2026-02-14T16:19:14.250+0000] {logging_mixin.py:188} INFO - [2026-02-14T16:19:14.250+0000] {dagbag.py:545} INFO - Filling up the DagBag from /home/airflow/.local/lib/python3.12/site-packages/airflow/example_dags/example_setup_teardown.py
[2026-02-14T16:19:14.254+0000] {processor.py:840} INFO - DAG(s) 'example_setup_teardown' retrieved from /home/airflow/.local/lib/python3.12/site-packages/airflow/example_dags/example_setup_teardown.py
[2026-02-14T16:19:14.262+0000] {logging_mixin.py:188} INFO - [2026-02-14T16:19:14.262+0000] {dag.py:3089} INFO - Sync 1 DAGs
[2026-02-14T16:19:14.271+0000] {logging_mixin.py:188} INFO - [2026-02-14T16:19:14.271+0000] {dag.py:3947} INFO - Setting next_dagrun for example_setup_teardown to 2026-02-13 00:00:00+00:00, run_after=2026-02-14 00:00:00+00:00
[2026-02-14T16:19:14.277+0000] {processor.py:183} INFO - Processing /home/airflow/.local/lib/python3.12/site-packages/airflow/example_dags/example_setup_teardown.py took 0.033 seconds
[2026-02-14T16:19:45.172+0000] {processor.py:161} INFO - Started process (PID=3915) to work on /home/airflow/.local/lib/python3.12/site-packages/airflow/example_dags/example_setup_teardown.py
[2026-02-14T16:19:45.173+0000] {processor.py:830} INFO - Processing file /home/airflow/.local/lib/python3.12/site-packages/airflow/example_dags/example_setup_teardown.py for tasks to queue
[2026-02-14T16:19:45.174+0000] {logging_mixin.py:188} INFO - [2026-02-14T16:19:45.174+0000] {dagbag.py:545} INFO - Filling up the DagBag from /home/airflow/.local/lib/python3.12/site-packages/airflow/example_dags/example_setup_teardown.py
[2026-02-14T16:19:45.177+0000] {processor.py:840} INFO - DAG(s) 'example_setup_teardown' retrieved from /home/airflow/.local/lib/python3.12/site-packages/airflow/example_dags/example_setup_teardown.py
[2026-02-14T16:19:45.186+0000] {logging_mixin.py:188} INFO - [2026-02-14T16:19:45.186+0000] {dag.py:3089} INFO - Sync 1 DAGs
[2026-02-14T16:19:45.197+0000] {logging_mixin.py:188} INFO - [2026-02-14T16:19:45.197+0000] {dag.py:3947} INFO - Setting next_dagrun for example_setup_teardown to 2026-02-13 00:00:00+00:00, run_after=2026-02-14 00:00:00+00:00
[2026-02-14T16:19:45.207+0000] {processor.py:183} INFO - Processing /home/airflow/.local/lib/python3.12/site-packages/airflow/example_dags/example_setup_teardown.py took 0.038 seconds
[2026-02-14T16:20:15.707+0000] {processor.py:161} INFO - Started process (PID=3974) to work on /home/airflow/.local/lib/python3.12/site-packages/airflow/example_dags/example_setup_teardown.py
[2026-02-14T16:20:15.709+0000] {processor.py:830} INFO - Processing file /home/airflow/.local/lib/python3.12/site-packages/airflow/example_dags/example_setup_teardown.py for tasks to queue
[2026-02-14T16:20:15.711+0000] {logging_mixin.py:188} INFO - [2026-02-14T16:20:15.711+0000] {dagbag.py:545} INFO - Filling up the DagBag from /home/airflow/.local/lib/python3.12/site-packages/airflow/example_dags/example_setup_teardown.py
[2026-02-14T16:20:15.719+0000] {processor.py:840} INFO - DAG(s) 'example_setup_teardown' retrieved from /home/airflow/.local/lib/python3.12/site-packages/airflow/example_dags/example_setup_teardown.py
[2026-02-14T16:20:15.740+0000] {logging_mixin.py:188} INFO - [2026-02-14T16:20:15.740+0000] {dag.py:3089} INFO - Sync 1 DAGs
[2026-02-14T16:20:15.772+0000] {logging_mixin.py:188} INFO - [2026-02-14T16:20:15.771+0000] {dag.py:3947} INFO - Setting next_dagrun for example_setup_teardown to 2026-02-13 00:00:00+00:00, run_after=2026-02-14 00:00:00+00:00
[2026-02-14T16:20:15.903+0000] {processor.py:183} INFO - Processing /home/airflow/.local/lib/python3.12/site-packages/airflow/example_dags/example_setup_teardown.py took 0.200 seconds
[2026-02-14T16:20:45.922+0000] {processor.py:161} INFO - Started process (PID=4033) to work on /home/airflow/.local/lib/python3.12/site-packages/airflow/example_dags/example_setup_teardown.py
[2026-02-14T16:20:45.923+0000] {processor.py:830} INFO - Processing file /home/airflow/.local/lib/python3.12/site-packages/airflow/example_dags/example_setup_teardown.py for tasks to queue
[2026-02-14T16:20:45.924+0000] {logging_mixin.py:188} INFO - [2026-02-14T16:20:45.924+0000] {dagbag.py:545} INFO - Filling up the DagBag from /home/airflow/.local/lib/python3.12/site-packages/airflow/example_dags/example_setup_teardown.py
[2026-02-14T16:20:45.930+0000] {processor.py:840} INFO - DAG(s) 'example_setup_teardown' retrieved from /home/airflow/.local/lib/python3.12/site-packages/airflow/example_dags/example_setup_teardown.py
[2026-02-14T16:20:45.948+0000] {logging_mixin.py:188} INFO - [2026-02-14T16:20:45.947+0000] {dag.py:3089} INFO - Sync 1 DAGs
[2026-02-14T16:20:45.957+0000] {logging_mixin.py:188} INFO - [2026-02-14T16:20:45.957+0000] {dag.py:3947} INFO - Setting next_dagrun for example_setup_teardown to 2026-02-13 00:00:00+00:00, run_after=2026-02-14 00:00:00+00:00
[2026-02-14T16:20:45.965+0000] {processor.py:183} INFO - Processing /home/airflow/.local/lib/python3.12/site-packages/airflow/example_dags/example_setup_teardown.py took 0.047 seconds
[2026-02-14T16:21:16.477+0000] {processor.py:161} INFO - Started process (PID=4092) to work on /home/airflow/.local/lib/python3.12/site-packages/airflow/example_dags/example_setup_teardown.py
[2026-02-14T16:21:16.478+0000] {processor.py:830} INFO - Processing file /home/airflow/.local/lib/python3.12/site-packages/airflow/example_dags/example_setup_teardown.py for tasks to queue
[2026-02-14T16:21:16.479+0000] {logging_mixin.py:188} INFO - [2026-02-14T16:21:16.479+0000] {dagbag.py:545} INFO - Filling up the DagBag from /home/airflow/.local/lib/python3.12/site-packages/airflow/example_dags/example_setup_teardown.py
[2026-02-14T16:21:16.482+0000] {processor.py:840} INFO - DAG(s) 'example_setup_teardown' retrieved from /home/airflow/.local/lib/python3.12/site-packages/airflow/example_dags/example_setup_teardown.py
[2026-02-14T16:21:16.492+0000] {logging_mixin.py:188} INFO - [2026-02-14T16:21:16.492+0000] {dag.py:3089} INFO - Sync 1 DAGs
[2026-02-14T16:21:16.500+0000] {logging_mixin.py:188} INFO - [2026-02-14T16:21:16.500+0000] {dag.py:3947} INFO - Setting next_dagrun for example_setup_teardown to 2026-02-13 00:00:00+00:00, run_after=2026-02-14 00:00:00+00:00
[2026-02-14T16:21:16.506+0000] {processor.py:183} INFO - Processing /home/airflow/.local/lib/python3.12/site-packages/airflow/example_dags/example_setup_teardown.py took 0.032 seconds
