[2026-02-14T15:46:38.659+0000] {processor.py:161} INFO - Started process (PID=82) to work on /home/airflow/.local/lib/python3.12/site-packages/airflow/example_dags/tutorial.py
[2026-02-14T15:46:38.660+0000] {processor.py:830} INFO - Processing file /home/airflow/.local/lib/python3.12/site-packages/airflow/example_dags/tutorial.py for tasks to queue
[2026-02-14T15:46:38.660+0000] {logging_mixin.py:188} INFO - [2026-02-14T15:46:38.660+0000] {dagbag.py:545} INFO - Filling up the DagBag from /home/airflow/.local/lib/python3.12/site-packages/airflow/example_dags/tutorial.py
[2026-02-14T15:46:38.665+0000] {processor.py:840} INFO - DAG(s) 'tutorial' retrieved from /home/airflow/.local/lib/python3.12/site-packages/airflow/example_dags/tutorial.py
[2026-02-14T15:46:38.672+0000] {logging_mixin.py:188} INFO - [2026-02-14T15:46:38.672+0000] {dag.py:3089} INFO - Sync 1 DAGs
[2026-02-14T15:46:38.683+0000] {logging_mixin.py:188} INFO - [2026-02-14T15:46:38.683+0000] {dag.py:3947} INFO - Setting next_dagrun for tutorial to 2026-02-13 00:00:00+00:00, run_after=2026-02-14 00:00:00+00:00
[2026-02-14T15:46:38.697+0000] {processor.py:183} INFO - Processing /home/airflow/.local/lib/python3.12/site-packages/airflow/example_dags/tutorial.py took 0.041 seconds
[2026-02-14T15:47:09.586+0000] {processor.py:161} INFO - Started process (PID=147) to work on /home/airflow/.local/lib/python3.12/site-packages/airflow/example_dags/tutorial.py
[2026-02-14T15:47:09.587+0000] {processor.py:830} INFO - Processing file /home/airflow/.local/lib/python3.12/site-packages/airflow/example_dags/tutorial.py for tasks to queue
[2026-02-14T15:47:09.588+0000] {logging_mixin.py:188} INFO - [2026-02-14T15:47:09.587+0000] {dagbag.py:545} INFO - Filling up the DagBag from /home/airflow/.local/lib/python3.12/site-packages/airflow/example_dags/tutorial.py
[2026-02-14T15:47:09.590+0000] {processor.py:840} INFO - DAG(s) 'tutorial' retrieved from /home/airflow/.local/lib/python3.12/site-packages/airflow/example_dags/tutorial.py
[2026-02-14T15:47:09.623+0000] {logging_mixin.py:188} INFO - [2026-02-14T15:47:09.623+0000] {dag.py:3089} INFO - Sync 1 DAGs
[2026-02-14T15:47:09.630+0000] {logging_mixin.py:188} INFO - [2026-02-14T15:47:09.630+0000] {dag.py:3947} INFO - Setting next_dagrun for tutorial to 2026-02-13 00:00:00+00:00, run_after=2026-02-14 00:00:00+00:00
[2026-02-14T15:47:09.639+0000] {processor.py:183} INFO - Processing /home/airflow/.local/lib/python3.12/site-packages/airflow/example_dags/tutorial.py took 0.055 seconds
[2026-02-14T15:47:40.288+0000] {processor.py:161} INFO - Started process (PID=206) to work on /home/airflow/.local/lib/python3.12/site-packages/airflow/example_dags/tutorial.py
[2026-02-14T15:47:40.289+0000] {processor.py:830} INFO - Processing file /home/airflow/.local/lib/python3.12/site-packages/airflow/example_dags/tutorial.py for tasks to queue
[2026-02-14T15:47:40.289+0000] {logging_mixin.py:188} INFO - [2026-02-14T15:47:40.289+0000] {dagbag.py:545} INFO - Filling up the DagBag from /home/airflow/.local/lib/python3.12/site-packages/airflow/example_dags/tutorial.py
[2026-02-14T15:47:40.292+0000] {processor.py:840} INFO - DAG(s) 'tutorial' retrieved from /home/airflow/.local/lib/python3.12/site-packages/airflow/example_dags/tutorial.py
[2026-02-14T15:47:40.299+0000] {logging_mixin.py:188} INFO - [2026-02-14T15:47:40.299+0000] {dag.py:3089} INFO - Sync 1 DAGs
[2026-02-14T15:47:40.306+0000] {logging_mixin.py:188} INFO - [2026-02-14T15:47:40.306+0000] {dag.py:3947} INFO - Setting next_dagrun for tutorial to 2026-02-13 00:00:00+00:00, run_after=2026-02-14 00:00:00+00:00
[2026-02-14T15:47:40.311+0000] {processor.py:183} INFO - Processing /home/airflow/.local/lib/python3.12/site-packages/airflow/example_dags/tutorial.py took 0.025 seconds
[2026-02-14T15:48:10.867+0000] {processor.py:161} INFO - Started process (PID=265) to work on /home/airflow/.local/lib/python3.12/site-packages/airflow/example_dags/tutorial.py
[2026-02-14T15:48:10.868+0000] {processor.py:830} INFO - Processing file /home/airflow/.local/lib/python3.12/site-packages/airflow/example_dags/tutorial.py for tasks to queue
[2026-02-14T15:48:10.868+0000] {logging_mixin.py:188} INFO - [2026-02-14T15:48:10.868+0000] {dagbag.py:545} INFO - Filling up the DagBag from /home/airflow/.local/lib/python3.12/site-packages/airflow/example_dags/tutorial.py
[2026-02-14T15:48:10.870+0000] {processor.py:840} INFO - DAG(s) 'tutorial' retrieved from /home/airflow/.local/lib/python3.12/site-packages/airflow/example_dags/tutorial.py
[2026-02-14T15:48:10.881+0000] {logging_mixin.py:188} INFO - [2026-02-14T15:48:10.881+0000] {dag.py:3089} INFO - Sync 1 DAGs
[2026-02-14T15:48:10.888+0000] {logging_mixin.py:188} INFO - [2026-02-14T15:48:10.888+0000] {dag.py:3947} INFO - Setting next_dagrun for tutorial to 2026-02-13 00:00:00+00:00, run_after=2026-02-14 00:00:00+00:00
[2026-02-14T15:48:10.897+0000] {processor.py:183} INFO - Processing /home/airflow/.local/lib/python3.12/site-packages/airflow/example_dags/tutorial.py took 0.032 seconds
[2026-02-14T15:48:41.504+0000] {processor.py:161} INFO - Started process (PID=324) to work on /home/airflow/.local/lib/python3.12/site-packages/airflow/example_dags/tutorial.py
[2026-02-14T15:48:41.504+0000] {processor.py:830} INFO - Processing file /home/airflow/.local/lib/python3.12/site-packages/airflow/example_dags/tutorial.py for tasks to queue
[2026-02-14T15:48:41.505+0000] {logging_mixin.py:188} INFO - [2026-02-14T15:48:41.505+0000] {dagbag.py:545} INFO - Filling up the DagBag from /home/airflow/.local/lib/python3.12/site-packages/airflow/example_dags/tutorial.py
[2026-02-14T15:48:41.507+0000] {processor.py:840} INFO - DAG(s) 'tutorial' retrieved from /home/airflow/.local/lib/python3.12/site-packages/airflow/example_dags/tutorial.py
[2026-02-14T15:48:41.514+0000] {logging_mixin.py:188} INFO - [2026-02-14T15:48:41.514+0000] {dag.py:3089} INFO - Sync 1 DAGs
[2026-02-14T15:48:41.522+0000] {logging_mixin.py:188} INFO - [2026-02-14T15:48:41.521+0000] {dag.py:3947} INFO - Setting next_dagrun for tutorial to 2026-02-13 00:00:00+00:00, run_after=2026-02-14 00:00:00+00:00
[2026-02-14T15:48:41.527+0000] {processor.py:183} INFO - Processing /home/airflow/.local/lib/python3.12/site-packages/airflow/example_dags/tutorial.py took 0.025 seconds
[2026-02-14T15:49:12.141+0000] {processor.py:161} INFO - Started process (PID=383) to work on /home/airflow/.local/lib/python3.12/site-packages/airflow/example_dags/tutorial.py
[2026-02-14T15:49:12.142+0000] {processor.py:830} INFO - Processing file /home/airflow/.local/lib/python3.12/site-packages/airflow/example_dags/tutorial.py for tasks to queue
[2026-02-14T15:49:12.143+0000] {logging_mixin.py:188} INFO - [2026-02-14T15:49:12.143+0000] {dagbag.py:545} INFO - Filling up the DagBag from /home/airflow/.local/lib/python3.12/site-packages/airflow/example_dags/tutorial.py
[2026-02-14T15:49:12.145+0000] {processor.py:840} INFO - DAG(s) 'tutorial' retrieved from /home/airflow/.local/lib/python3.12/site-packages/airflow/example_dags/tutorial.py
[2026-02-14T15:49:12.152+0000] {logging_mixin.py:188} INFO - [2026-02-14T15:49:12.152+0000] {dag.py:3089} INFO - Sync 1 DAGs
[2026-02-14T15:49:12.159+0000] {logging_mixin.py:188} INFO - [2026-02-14T15:49:12.159+0000] {dag.py:3947} INFO - Setting next_dagrun for tutorial to 2026-02-13 00:00:00+00:00, run_after=2026-02-14 00:00:00+00:00
[2026-02-14T15:49:12.167+0000] {processor.py:183} INFO - Processing /home/airflow/.local/lib/python3.12/site-packages/airflow/example_dags/tutorial.py took 0.028 seconds
[2026-02-14T15:49:42.525+0000] {processor.py:161} INFO - Started process (PID=442) to work on /home/airflow/.local/lib/python3.12/site-packages/airflow/example_dags/tutorial.py
[2026-02-14T15:49:42.525+0000] {processor.py:830} INFO - Processing file /home/airflow/.local/lib/python3.12/site-packages/airflow/example_dags/tutorial.py for tasks to queue
[2026-02-14T15:49:42.526+0000] {logging_mixin.py:188} INFO - [2026-02-14T15:49:42.526+0000] {dagbag.py:545} INFO - Filling up the DagBag from /home/airflow/.local/lib/python3.12/site-packages/airflow/example_dags/tutorial.py
[2026-02-14T15:49:42.529+0000] {processor.py:840} INFO - DAG(s) 'tutorial' retrieved from /home/airflow/.local/lib/python3.12/site-packages/airflow/example_dags/tutorial.py
[2026-02-14T15:49:42.536+0000] {logging_mixin.py:188} INFO - [2026-02-14T15:49:42.536+0000] {dag.py:3089} INFO - Sync 1 DAGs
[2026-02-14T15:49:42.544+0000] {logging_mixin.py:188} INFO - [2026-02-14T15:49:42.544+0000] {dag.py:3947} INFO - Setting next_dagrun for tutorial to 2026-02-13 00:00:00+00:00, run_after=2026-02-14 00:00:00+00:00
[2026-02-14T15:49:42.555+0000] {processor.py:183} INFO - Processing /home/airflow/.local/lib/python3.12/site-packages/airflow/example_dags/tutorial.py took 0.032 seconds
[2026-02-14T15:50:12.952+0000] {processor.py:161} INFO - Started process (PID=501) to work on /home/airflow/.local/lib/python3.12/site-packages/airflow/example_dags/tutorial.py
[2026-02-14T15:50:12.953+0000] {processor.py:830} INFO - Processing file /home/airflow/.local/lib/python3.12/site-packages/airflow/example_dags/tutorial.py for tasks to queue
[2026-02-14T15:50:12.954+0000] {logging_mixin.py:188} INFO - [2026-02-14T15:50:12.954+0000] {dagbag.py:545} INFO - Filling up the DagBag from /home/airflow/.local/lib/python3.12/site-packages/airflow/example_dags/tutorial.py
[2026-02-14T15:50:12.957+0000] {processor.py:840} INFO - DAG(s) 'tutorial' retrieved from /home/airflow/.local/lib/python3.12/site-packages/airflow/example_dags/tutorial.py
[2026-02-14T15:50:12.969+0000] {logging_mixin.py:188} INFO - [2026-02-14T15:50:12.969+0000] {dag.py:3089} INFO - Sync 1 DAGs
[2026-02-14T15:50:12.980+0000] {logging_mixin.py:188} INFO - [2026-02-14T15:50:12.980+0000] {dag.py:3947} INFO - Setting next_dagrun for tutorial to 2026-02-13 00:00:00+00:00, run_after=2026-02-14 00:00:00+00:00
[2026-02-14T15:50:12.992+0000] {processor.py:183} INFO - Processing /home/airflow/.local/lib/python3.12/site-packages/airflow/example_dags/tutorial.py took 0.042 seconds
[2026-02-14T15:50:43.410+0000] {processor.py:161} INFO - Started process (PID=560) to work on /home/airflow/.local/lib/python3.12/site-packages/airflow/example_dags/tutorial.py
[2026-02-14T15:50:43.410+0000] {processor.py:830} INFO - Processing file /home/airflow/.local/lib/python3.12/site-packages/airflow/example_dags/tutorial.py for tasks to queue
[2026-02-14T15:50:43.411+0000] {logging_mixin.py:188} INFO - [2026-02-14T15:50:43.411+0000] {dagbag.py:545} INFO - Filling up the DagBag from /home/airflow/.local/lib/python3.12/site-packages/airflow/example_dags/tutorial.py
[2026-02-14T15:50:43.413+0000] {processor.py:840} INFO - DAG(s) 'tutorial' retrieved from /home/airflow/.local/lib/python3.12/site-packages/airflow/example_dags/tutorial.py
[2026-02-14T15:50:43.422+0000] {logging_mixin.py:188} INFO - [2026-02-14T15:50:43.422+0000] {dag.py:3089} INFO - Sync 1 DAGs
[2026-02-14T15:50:43.434+0000] {logging_mixin.py:188} INFO - [2026-02-14T15:50:43.433+0000] {dag.py:3947} INFO - Setting next_dagrun for tutorial to 2026-02-13 00:00:00+00:00, run_after=2026-02-14 00:00:00+00:00
[2026-02-14T15:50:43.445+0000] {processor.py:183} INFO - Processing /home/airflow/.local/lib/python3.12/site-packages/airflow/example_dags/tutorial.py took 0.038 seconds
[2026-02-14T15:51:14.147+0000] {processor.py:161} INFO - Started process (PID=619) to work on /home/airflow/.local/lib/python3.12/site-packages/airflow/example_dags/tutorial.py
[2026-02-14T15:51:14.148+0000] {processor.py:830} INFO - Processing file /home/airflow/.local/lib/python3.12/site-packages/airflow/example_dags/tutorial.py for tasks to queue
[2026-02-14T15:51:14.150+0000] {logging_mixin.py:188} INFO - [2026-02-14T15:51:14.150+0000] {dagbag.py:545} INFO - Filling up the DagBag from /home/airflow/.local/lib/python3.12/site-packages/airflow/example_dags/tutorial.py
[2026-02-14T15:51:14.152+0000] {processor.py:840} INFO - DAG(s) 'tutorial' retrieved from /home/airflow/.local/lib/python3.12/site-packages/airflow/example_dags/tutorial.py
[2026-02-14T15:51:14.161+0000] {logging_mixin.py:188} INFO - [2026-02-14T15:51:14.161+0000] {dag.py:3089} INFO - Sync 1 DAGs
[2026-02-14T15:51:14.169+0000] {logging_mixin.py:188} INFO - [2026-02-14T15:51:14.169+0000] {dag.py:3947} INFO - Setting next_dagrun for tutorial to 2026-02-13 00:00:00+00:00, run_after=2026-02-14 00:00:00+00:00
[2026-02-14T15:51:14.176+0000] {processor.py:183} INFO - Processing /home/airflow/.local/lib/python3.12/site-packages/airflow/example_dags/tutorial.py took 0.032 seconds
[2026-02-14T15:51:44.577+0000] {processor.py:161} INFO - Started process (PID=678) to work on /home/airflow/.local/lib/python3.12/site-packages/airflow/example_dags/tutorial.py
[2026-02-14T15:51:44.577+0000] {processor.py:830} INFO - Processing file /home/airflow/.local/lib/python3.12/site-packages/airflow/example_dags/tutorial.py for tasks to queue
[2026-02-14T15:51:44.578+0000] {logging_mixin.py:188} INFO - [2026-02-14T15:51:44.578+0000] {dagbag.py:545} INFO - Filling up the DagBag from /home/airflow/.local/lib/python3.12/site-packages/airflow/example_dags/tutorial.py
[2026-02-14T15:51:44.581+0000] {processor.py:840} INFO - DAG(s) 'tutorial' retrieved from /home/airflow/.local/lib/python3.12/site-packages/airflow/example_dags/tutorial.py
[2026-02-14T15:51:44.591+0000] {logging_mixin.py:188} INFO - [2026-02-14T15:51:44.591+0000] {dag.py:3089} INFO - Sync 1 DAGs
[2026-02-14T15:51:44.600+0000] {logging_mixin.py:188} INFO - [2026-02-14T15:51:44.600+0000] {dag.py:3947} INFO - Setting next_dagrun for tutorial to 2026-02-13 00:00:00+00:00, run_after=2026-02-14 00:00:00+00:00
[2026-02-14T15:51:44.606+0000] {processor.py:183} INFO - Processing /home/airflow/.local/lib/python3.12/site-packages/airflow/example_dags/tutorial.py took 0.032 seconds
[2026-02-14T15:52:15.117+0000] {processor.py:161} INFO - Started process (PID=737) to work on /home/airflow/.local/lib/python3.12/site-packages/airflow/example_dags/tutorial.py
[2026-02-14T15:52:15.118+0000] {processor.py:830} INFO - Processing file /home/airflow/.local/lib/python3.12/site-packages/airflow/example_dags/tutorial.py for tasks to queue
[2026-02-14T15:52:15.119+0000] {logging_mixin.py:188} INFO - [2026-02-14T15:52:15.119+0000] {dagbag.py:545} INFO - Filling up the DagBag from /home/airflow/.local/lib/python3.12/site-packages/airflow/example_dags/tutorial.py
[2026-02-14T15:52:15.122+0000] {processor.py:840} INFO - DAG(s) 'tutorial' retrieved from /home/airflow/.local/lib/python3.12/site-packages/airflow/example_dags/tutorial.py
[2026-02-14T15:52:15.130+0000] {logging_mixin.py:188} INFO - [2026-02-14T15:52:15.130+0000] {dag.py:3089} INFO - Sync 1 DAGs
[2026-02-14T15:52:15.140+0000] {logging_mixin.py:188} INFO - [2026-02-14T15:52:15.140+0000] {dag.py:3947} INFO - Setting next_dagrun for tutorial to 2026-02-13 00:00:00+00:00, run_after=2026-02-14 00:00:00+00:00
[2026-02-14T15:52:15.148+0000] {processor.py:183} INFO - Processing /home/airflow/.local/lib/python3.12/site-packages/airflow/example_dags/tutorial.py took 0.034 seconds
[2026-02-14T15:52:45.475+0000] {processor.py:161} INFO - Started process (PID=796) to work on /home/airflow/.local/lib/python3.12/site-packages/airflow/example_dags/tutorial.py
[2026-02-14T15:52:45.475+0000] {processor.py:830} INFO - Processing file /home/airflow/.local/lib/python3.12/site-packages/airflow/example_dags/tutorial.py for tasks to queue
[2026-02-14T15:52:45.476+0000] {logging_mixin.py:188} INFO - [2026-02-14T15:52:45.476+0000] {dagbag.py:545} INFO - Filling up the DagBag from /home/airflow/.local/lib/python3.12/site-packages/airflow/example_dags/tutorial.py
[2026-02-14T15:52:45.478+0000] {processor.py:840} INFO - DAG(s) 'tutorial' retrieved from /home/airflow/.local/lib/python3.12/site-packages/airflow/example_dags/tutorial.py
[2026-02-14T15:52:45.487+0000] {logging_mixin.py:188} INFO - [2026-02-14T15:52:45.487+0000] {dag.py:3089} INFO - Sync 1 DAGs
[2026-02-14T15:52:45.494+0000] {logging_mixin.py:188} INFO - [2026-02-14T15:52:45.494+0000] {dag.py:3947} INFO - Setting next_dagrun for tutorial to 2026-02-13 00:00:00+00:00, run_after=2026-02-14 00:00:00+00:00
[2026-02-14T15:52:45.503+0000] {processor.py:183} INFO - Processing /home/airflow/.local/lib/python3.12/site-packages/airflow/example_dags/tutorial.py took 0.030 seconds
[2026-02-14T15:53:15.812+0000] {processor.py:161} INFO - Started process (PID=855) to work on /home/airflow/.local/lib/python3.12/site-packages/airflow/example_dags/tutorial.py
[2026-02-14T15:53:15.813+0000] {processor.py:830} INFO - Processing file /home/airflow/.local/lib/python3.12/site-packages/airflow/example_dags/tutorial.py for tasks to queue
[2026-02-14T15:53:15.814+0000] {logging_mixin.py:188} INFO - [2026-02-14T15:53:15.813+0000] {dagbag.py:545} INFO - Filling up the DagBag from /home/airflow/.local/lib/python3.12/site-packages/airflow/example_dags/tutorial.py
[2026-02-14T15:53:15.816+0000] {processor.py:840} INFO - DAG(s) 'tutorial' retrieved from /home/airflow/.local/lib/python3.12/site-packages/airflow/example_dags/tutorial.py
[2026-02-14T15:53:15.824+0000] {logging_mixin.py:188} INFO - [2026-02-14T15:53:15.824+0000] {dag.py:3089} INFO - Sync 1 DAGs
[2026-02-14T15:53:15.832+0000] {logging_mixin.py:188} INFO - [2026-02-14T15:53:15.831+0000] {dag.py:3947} INFO - Setting next_dagrun for tutorial to 2026-02-13 00:00:00+00:00, run_after=2026-02-14 00:00:00+00:00
[2026-02-14T15:53:15.840+0000] {processor.py:183} INFO - Processing /home/airflow/.local/lib/python3.12/site-packages/airflow/example_dags/tutorial.py took 0.030 seconds
[2026-02-14T15:53:46.186+0000] {processor.py:161} INFO - Started process (PID=914) to work on /home/airflow/.local/lib/python3.12/site-packages/airflow/example_dags/tutorial.py
[2026-02-14T15:53:46.187+0000] {processor.py:830} INFO - Processing file /home/airflow/.local/lib/python3.12/site-packages/airflow/example_dags/tutorial.py for tasks to queue
[2026-02-14T15:53:46.187+0000] {logging_mixin.py:188} INFO - [2026-02-14T15:53:46.187+0000] {dagbag.py:545} INFO - Filling up the DagBag from /home/airflow/.local/lib/python3.12/site-packages/airflow/example_dags/tutorial.py
[2026-02-14T15:53:46.190+0000] {processor.py:840} INFO - DAG(s) 'tutorial' retrieved from /home/airflow/.local/lib/python3.12/site-packages/airflow/example_dags/tutorial.py
[2026-02-14T15:53:46.198+0000] {logging_mixin.py:188} INFO - [2026-02-14T15:53:46.198+0000] {dag.py:3089} INFO - Sync 1 DAGs
[2026-02-14T15:53:46.206+0000] {logging_mixin.py:188} INFO - [2026-02-14T15:53:46.205+0000] {dag.py:3947} INFO - Setting next_dagrun for tutorial to 2026-02-13 00:00:00+00:00, run_after=2026-02-14 00:00:00+00:00
[2026-02-14T15:53:46.215+0000] {processor.py:183} INFO - Processing /home/airflow/.local/lib/python3.12/site-packages/airflow/example_dags/tutorial.py took 0.031 seconds
[2026-02-14T15:54:16.624+0000] {processor.py:161} INFO - Started process (PID=973) to work on /home/airflow/.local/lib/python3.12/site-packages/airflow/example_dags/tutorial.py
[2026-02-14T15:54:16.625+0000] {processor.py:830} INFO - Processing file /home/airflow/.local/lib/python3.12/site-packages/airflow/example_dags/tutorial.py for tasks to queue
[2026-02-14T15:54:16.626+0000] {logging_mixin.py:188} INFO - [2026-02-14T15:54:16.626+0000] {dagbag.py:545} INFO - Filling up the DagBag from /home/airflow/.local/lib/python3.12/site-packages/airflow/example_dags/tutorial.py
[2026-02-14T15:54:16.628+0000] {processor.py:840} INFO - DAG(s) 'tutorial' retrieved from /home/airflow/.local/lib/python3.12/site-packages/airflow/example_dags/tutorial.py
[2026-02-14T15:54:16.636+0000] {logging_mixin.py:188} INFO - [2026-02-14T15:54:16.636+0000] {dag.py:3089} INFO - Sync 1 DAGs
[2026-02-14T15:54:16.643+0000] {logging_mixin.py:188} INFO - [2026-02-14T15:54:16.643+0000] {dag.py:3947} INFO - Setting next_dagrun for tutorial to 2026-02-13 00:00:00+00:00, run_after=2026-02-14 00:00:00+00:00
[2026-02-14T15:54:16.651+0000] {processor.py:183} INFO - Processing /home/airflow/.local/lib/python3.12/site-packages/airflow/example_dags/tutorial.py took 0.030 seconds
[2026-02-14T15:54:47.108+0000] {processor.py:161} INFO - Started process (PID=1032) to work on /home/airflow/.local/lib/python3.12/site-packages/airflow/example_dags/tutorial.py
[2026-02-14T15:54:47.110+0000] {processor.py:830} INFO - Processing file /home/airflow/.local/lib/python3.12/site-packages/airflow/example_dags/tutorial.py for tasks to queue
[2026-02-14T15:54:47.111+0000] {logging_mixin.py:188} INFO - [2026-02-14T15:54:47.111+0000] {dagbag.py:545} INFO - Filling up the DagBag from /home/airflow/.local/lib/python3.12/site-packages/airflow/example_dags/tutorial.py
[2026-02-14T15:54:47.115+0000] {processor.py:840} INFO - DAG(s) 'tutorial' retrieved from /home/airflow/.local/lib/python3.12/site-packages/airflow/example_dags/tutorial.py
[2026-02-14T15:54:47.122+0000] {logging_mixin.py:188} INFO - [2026-02-14T15:54:47.122+0000] {dag.py:3089} INFO - Sync 1 DAGs
[2026-02-14T15:54:47.131+0000] {logging_mixin.py:188} INFO - [2026-02-14T15:54:47.131+0000] {dag.py:3947} INFO - Setting next_dagrun for tutorial to 2026-02-13 00:00:00+00:00, run_after=2026-02-14 00:00:00+00:00
[2026-02-14T15:54:47.136+0000] {processor.py:183} INFO - Processing /home/airflow/.local/lib/python3.12/site-packages/airflow/example_dags/tutorial.py took 0.030 seconds
[2026-02-14T15:55:19.929+0000] {processor.py:161} INFO - Started process (PID=1091) to work on /home/airflow/.local/lib/python3.12/site-packages/airflow/example_dags/tutorial.py
[2026-02-14T15:55:19.931+0000] {processor.py:830} INFO - Processing file /home/airflow/.local/lib/python3.12/site-packages/airflow/example_dags/tutorial.py for tasks to queue
[2026-02-14T15:55:19.939+0000] {logging_mixin.py:188} INFO - [2026-02-14T15:55:19.937+0000] {dagbag.py:545} INFO - Filling up the DagBag from /home/airflow/.local/lib/python3.12/site-packages/airflow/example_dags/tutorial.py
[2026-02-14T15:55:19.973+0000] {processor.py:840} INFO - DAG(s) 'tutorial' retrieved from /home/airflow/.local/lib/python3.12/site-packages/airflow/example_dags/tutorial.py
[2026-02-14T15:55:20.031+0000] {logging_mixin.py:188} INFO - [2026-02-14T15:55:20.031+0000] {dag.py:3089} INFO - Sync 1 DAGs
[2026-02-14T15:55:20.065+0000] {logging_mixin.py:188} INFO - [2026-02-14T15:55:20.065+0000] {dag.py:3947} INFO - Setting next_dagrun for tutorial to 2026-02-13 00:00:00+00:00, run_after=2026-02-14 00:00:00+00:00
[2026-02-14T15:55:20.155+0000] {processor.py:183} INFO - Processing /home/airflow/.local/lib/python3.12/site-packages/airflow/example_dags/tutorial.py took 0.231 seconds
[2026-02-14T15:55:50.203+0000] {processor.py:161} INFO - Started process (PID=1150) to work on /home/airflow/.local/lib/python3.12/site-packages/airflow/example_dags/tutorial.py
[2026-02-14T15:55:50.204+0000] {processor.py:830} INFO - Processing file /home/airflow/.local/lib/python3.12/site-packages/airflow/example_dags/tutorial.py for tasks to queue
[2026-02-14T15:55:50.206+0000] {logging_mixin.py:188} INFO - [2026-02-14T15:55:50.206+0000] {dagbag.py:545} INFO - Filling up the DagBag from /home/airflow/.local/lib/python3.12/site-packages/airflow/example_dags/tutorial.py
[2026-02-14T15:55:50.209+0000] {processor.py:840} INFO - DAG(s) 'tutorial' retrieved from /home/airflow/.local/lib/python3.12/site-packages/airflow/example_dags/tutorial.py
[2026-02-14T15:55:50.216+0000] {logging_mixin.py:188} INFO - [2026-02-14T15:55:50.216+0000] {dag.py:3089} INFO - Sync 1 DAGs
[2026-02-14T15:55:50.223+0000] {logging_mixin.py:188} INFO - [2026-02-14T15:55:50.223+0000] {dag.py:3947} INFO - Setting next_dagrun for tutorial to 2026-02-13 00:00:00+00:00, run_after=2026-02-14 00:00:00+00:00
[2026-02-14T15:55:50.229+0000] {processor.py:183} INFO - Processing /home/airflow/.local/lib/python3.12/site-packages/airflow/example_dags/tutorial.py took 0.028 seconds
[2026-02-14T15:56:20.625+0000] {processor.py:161} INFO - Started process (PID=1208) to work on /home/airflow/.local/lib/python3.12/site-packages/airflow/example_dags/tutorial.py
[2026-02-14T15:56:20.626+0000] {processor.py:830} INFO - Processing file /home/airflow/.local/lib/python3.12/site-packages/airflow/example_dags/tutorial.py for tasks to queue
[2026-02-14T15:56:20.629+0000] {logging_mixin.py:188} INFO - [2026-02-14T15:56:20.629+0000] {dagbag.py:545} INFO - Filling up the DagBag from /home/airflow/.local/lib/python3.12/site-packages/airflow/example_dags/tutorial.py
[2026-02-14T15:56:20.631+0000] {processor.py:840} INFO - DAG(s) 'tutorial' retrieved from /home/airflow/.local/lib/python3.12/site-packages/airflow/example_dags/tutorial.py
[2026-02-14T15:56:20.640+0000] {logging_mixin.py:188} INFO - [2026-02-14T15:56:20.640+0000] {dag.py:3089} INFO - Sync 1 DAGs
[2026-02-14T15:56:20.647+0000] {logging_mixin.py:188} INFO - [2026-02-14T15:56:20.647+0000] {dag.py:3947} INFO - Setting next_dagrun for tutorial to 2026-02-13 00:00:00+00:00, run_after=2026-02-14 00:00:00+00:00
[2026-02-14T15:56:20.655+0000] {processor.py:183} INFO - Processing /home/airflow/.local/lib/python3.12/site-packages/airflow/example_dags/tutorial.py took 0.032 seconds
[2026-02-14T15:56:51.159+0000] {processor.py:161} INFO - Started process (PID=1267) to work on /home/airflow/.local/lib/python3.12/site-packages/airflow/example_dags/tutorial.py
[2026-02-14T15:56:51.159+0000] {processor.py:830} INFO - Processing file /home/airflow/.local/lib/python3.12/site-packages/airflow/example_dags/tutorial.py for tasks to queue
[2026-02-14T15:56:51.160+0000] {logging_mixin.py:188} INFO - [2026-02-14T15:56:51.160+0000] {dagbag.py:545} INFO - Filling up the DagBag from /home/airflow/.local/lib/python3.12/site-packages/airflow/example_dags/tutorial.py
[2026-02-14T15:56:51.165+0000] {processor.py:840} INFO - DAG(s) 'tutorial' retrieved from /home/airflow/.local/lib/python3.12/site-packages/airflow/example_dags/tutorial.py
[2026-02-14T15:56:51.174+0000] {logging_mixin.py:188} INFO - [2026-02-14T15:56:51.174+0000] {dag.py:3089} INFO - Sync 1 DAGs
[2026-02-14T15:56:51.182+0000] {logging_mixin.py:188} INFO - [2026-02-14T15:56:51.182+0000] {dag.py:3947} INFO - Setting next_dagrun for tutorial to 2026-02-13 00:00:00+00:00, run_after=2026-02-14 00:00:00+00:00
[2026-02-14T15:56:51.187+0000] {processor.py:183} INFO - Processing /home/airflow/.local/lib/python3.12/site-packages/airflow/example_dags/tutorial.py took 0.031 seconds
[2026-02-14T15:57:21.901+0000] {processor.py:161} INFO - Started process (PID=1326) to work on /home/airflow/.local/lib/python3.12/site-packages/airflow/example_dags/tutorial.py
[2026-02-14T15:57:21.902+0000] {processor.py:830} INFO - Processing file /home/airflow/.local/lib/python3.12/site-packages/airflow/example_dags/tutorial.py for tasks to queue
[2026-02-14T15:57:21.902+0000] {logging_mixin.py:188} INFO - [2026-02-14T15:57:21.902+0000] {dagbag.py:545} INFO - Filling up the DagBag from /home/airflow/.local/lib/python3.12/site-packages/airflow/example_dags/tutorial.py
[2026-02-14T15:57:21.904+0000] {processor.py:840} INFO - DAG(s) 'tutorial' retrieved from /home/airflow/.local/lib/python3.12/site-packages/airflow/example_dags/tutorial.py
[2026-02-14T15:57:21.915+0000] {logging_mixin.py:188} INFO - [2026-02-14T15:57:21.915+0000] {dag.py:3089} INFO - Sync 1 DAGs
[2026-02-14T15:57:21.923+0000] {logging_mixin.py:188} INFO - [2026-02-14T15:57:21.923+0000] {dag.py:3947} INFO - Setting next_dagrun for tutorial to 2026-02-13 00:00:00+00:00, run_after=2026-02-14 00:00:00+00:00
[2026-02-14T15:57:21.931+0000] {processor.py:183} INFO - Processing /home/airflow/.local/lib/python3.12/site-packages/airflow/example_dags/tutorial.py took 0.032 seconds
[2026-02-14T15:57:52.228+0000] {processor.py:161} INFO - Started process (PID=1385) to work on /home/airflow/.local/lib/python3.12/site-packages/airflow/example_dags/tutorial.py
[2026-02-14T15:57:52.229+0000] {processor.py:830} INFO - Processing file /home/airflow/.local/lib/python3.12/site-packages/airflow/example_dags/tutorial.py for tasks to queue
[2026-02-14T15:57:52.230+0000] {logging_mixin.py:188} INFO - [2026-02-14T15:57:52.230+0000] {dagbag.py:545} INFO - Filling up the DagBag from /home/airflow/.local/lib/python3.12/site-packages/airflow/example_dags/tutorial.py
[2026-02-14T15:57:52.233+0000] {processor.py:840} INFO - DAG(s) 'tutorial' retrieved from /home/airflow/.local/lib/python3.12/site-packages/airflow/example_dags/tutorial.py
[2026-02-14T15:57:52.242+0000] {logging_mixin.py:188} INFO - [2026-02-14T15:57:52.242+0000] {dag.py:3089} INFO - Sync 1 DAGs
[2026-02-14T15:57:52.249+0000] {logging_mixin.py:188} INFO - [2026-02-14T15:57:52.249+0000] {dag.py:3947} INFO - Setting next_dagrun for tutorial to 2026-02-13 00:00:00+00:00, run_after=2026-02-14 00:00:00+00:00
[2026-02-14T15:57:52.256+0000] {processor.py:183} INFO - Processing /home/airflow/.local/lib/python3.12/site-packages/airflow/example_dags/tutorial.py took 0.031 seconds
[2026-02-14T15:58:23.489+0000] {processor.py:161} INFO - Started process (PID=1444) to work on /home/airflow/.local/lib/python3.12/site-packages/airflow/example_dags/tutorial.py
[2026-02-14T15:58:23.490+0000] {processor.py:830} INFO - Processing file /home/airflow/.local/lib/python3.12/site-packages/airflow/example_dags/tutorial.py for tasks to queue
[2026-02-14T15:58:23.490+0000] {logging_mixin.py:188} INFO - [2026-02-14T15:58:23.490+0000] {dagbag.py:545} INFO - Filling up the DagBag from /home/airflow/.local/lib/python3.12/site-packages/airflow/example_dags/tutorial.py
[2026-02-14T15:58:23.493+0000] {processor.py:840} INFO - DAG(s) 'tutorial' retrieved from /home/airflow/.local/lib/python3.12/site-packages/airflow/example_dags/tutorial.py
[2026-02-14T15:58:23.503+0000] {logging_mixin.py:188} INFO - [2026-02-14T15:58:23.503+0000] {dag.py:3089} INFO - Sync 1 DAGs
[2026-02-14T15:58:23.575+0000] {logging_mixin.py:188} INFO - [2026-02-14T15:58:23.575+0000] {dag.py:3947} INFO - Setting next_dagrun for tutorial to 2026-02-13 00:00:00+00:00, run_after=2026-02-14 00:00:00+00:00
[2026-02-14T15:58:23.583+0000] {processor.py:183} INFO - Processing /home/airflow/.local/lib/python3.12/site-packages/airflow/example_dags/tutorial.py took 0.096 seconds
[2026-02-14T15:58:54.452+0000] {processor.py:161} INFO - Started process (PID=1503) to work on /home/airflow/.local/lib/python3.12/site-packages/airflow/example_dags/tutorial.py
[2026-02-14T15:58:54.452+0000] {processor.py:830} INFO - Processing file /home/airflow/.local/lib/python3.12/site-packages/airflow/example_dags/tutorial.py for tasks to queue
[2026-02-14T15:58:54.453+0000] {logging_mixin.py:188} INFO - [2026-02-14T15:58:54.453+0000] {dagbag.py:545} INFO - Filling up the DagBag from /home/airflow/.local/lib/python3.12/site-packages/airflow/example_dags/tutorial.py
[2026-02-14T15:58:54.456+0000] {processor.py:840} INFO - DAG(s) 'tutorial' retrieved from /home/airflow/.local/lib/python3.12/site-packages/airflow/example_dags/tutorial.py
[2026-02-14T15:58:54.467+0000] {logging_mixin.py:188} INFO - [2026-02-14T15:58:54.467+0000] {dag.py:3089} INFO - Sync 1 DAGs
[2026-02-14T15:58:54.477+0000] {logging_mixin.py:188} INFO - [2026-02-14T15:58:54.477+0000] {dag.py:3947} INFO - Setting next_dagrun for tutorial to 2026-02-13 00:00:00+00:00, run_after=2026-02-14 00:00:00+00:00
[2026-02-14T15:58:54.566+0000] {processor.py:183} INFO - Processing /home/airflow/.local/lib/python3.12/site-packages/airflow/example_dags/tutorial.py took 0.116 seconds
[2026-02-14T15:59:24.675+0000] {processor.py:161} INFO - Started process (PID=1562) to work on /home/airflow/.local/lib/python3.12/site-packages/airflow/example_dags/tutorial.py
[2026-02-14T15:59:24.675+0000] {processor.py:830} INFO - Processing file /home/airflow/.local/lib/python3.12/site-packages/airflow/example_dags/tutorial.py for tasks to queue
[2026-02-14T15:59:24.676+0000] {logging_mixin.py:188} INFO - [2026-02-14T15:59:24.676+0000] {dagbag.py:545} INFO - Filling up the DagBag from /home/airflow/.local/lib/python3.12/site-packages/airflow/example_dags/tutorial.py
[2026-02-14T15:59:24.678+0000] {processor.py:840} INFO - DAG(s) 'tutorial' retrieved from /home/airflow/.local/lib/python3.12/site-packages/airflow/example_dags/tutorial.py
[2026-02-14T15:59:24.688+0000] {logging_mixin.py:188} INFO - [2026-02-14T15:59:24.688+0000] {dag.py:3089} INFO - Sync 1 DAGs
[2026-02-14T15:59:24.697+0000] {logging_mixin.py:188} INFO - [2026-02-14T15:59:24.697+0000] {dag.py:3947} INFO - Setting next_dagrun for tutorial to 2026-02-13 00:00:00+00:00, run_after=2026-02-14 00:00:00+00:00
[2026-02-14T15:59:24.704+0000] {processor.py:183} INFO - Processing /home/airflow/.local/lib/python3.12/site-packages/airflow/example_dags/tutorial.py took 0.032 seconds
[2026-02-14T15:59:55.233+0000] {processor.py:161} INFO - Started process (PID=1621) to work on /home/airflow/.local/lib/python3.12/site-packages/airflow/example_dags/tutorial.py
[2026-02-14T15:59:55.233+0000] {processor.py:830} INFO - Processing file /home/airflow/.local/lib/python3.12/site-packages/airflow/example_dags/tutorial.py for tasks to queue
[2026-02-14T15:59:55.234+0000] {logging_mixin.py:188} INFO - [2026-02-14T15:59:55.233+0000] {dagbag.py:545} INFO - Filling up the DagBag from /home/airflow/.local/lib/python3.12/site-packages/airflow/example_dags/tutorial.py
[2026-02-14T15:59:55.235+0000] {processor.py:840} INFO - DAG(s) 'tutorial' retrieved from /home/airflow/.local/lib/python3.12/site-packages/airflow/example_dags/tutorial.py
[2026-02-14T15:59:55.242+0000] {logging_mixin.py:188} INFO - [2026-02-14T15:59:55.242+0000] {dag.py:3089} INFO - Sync 1 DAGs
[2026-02-14T15:59:55.249+0000] {logging_mixin.py:188} INFO - [2026-02-14T15:59:55.249+0000] {dag.py:3947} INFO - Setting next_dagrun for tutorial to 2026-02-13 00:00:00+00:00, run_after=2026-02-14 00:00:00+00:00
[2026-02-14T15:59:55.254+0000] {processor.py:183} INFO - Processing /home/airflow/.local/lib/python3.12/site-packages/airflow/example_dags/tutorial.py took 0.023 seconds
[2026-02-14T16:00:25.671+0000] {processor.py:161} INFO - Started process (PID=1680) to work on /home/airflow/.local/lib/python3.12/site-packages/airflow/example_dags/tutorial.py
[2026-02-14T16:00:25.671+0000] {processor.py:830} INFO - Processing file /home/airflow/.local/lib/python3.12/site-packages/airflow/example_dags/tutorial.py for tasks to queue
[2026-02-14T16:00:25.671+0000] {logging_mixin.py:188} INFO - [2026-02-14T16:00:25.671+0000] {dagbag.py:545} INFO - Filling up the DagBag from /home/airflow/.local/lib/python3.12/site-packages/airflow/example_dags/tutorial.py
[2026-02-14T16:00:25.673+0000] {processor.py:840} INFO - DAG(s) 'tutorial' retrieved from /home/airflow/.local/lib/python3.12/site-packages/airflow/example_dags/tutorial.py
[2026-02-14T16:00:25.680+0000] {logging_mixin.py:188} INFO - [2026-02-14T16:00:25.680+0000] {dag.py:3089} INFO - Sync 1 DAGs
[2026-02-14T16:00:25.687+0000] {logging_mixin.py:188} INFO - [2026-02-14T16:00:25.687+0000] {dag.py:3947} INFO - Setting next_dagrun for tutorial to 2026-02-13 00:00:00+00:00, run_after=2026-02-14 00:00:00+00:00
[2026-02-14T16:00:25.692+0000] {processor.py:183} INFO - Processing /home/airflow/.local/lib/python3.12/site-packages/airflow/example_dags/tutorial.py took 0.024 seconds
[2026-02-14T16:00:56.236+0000] {processor.py:161} INFO - Started process (PID=1739) to work on /home/airflow/.local/lib/python3.12/site-packages/airflow/example_dags/tutorial.py
[2026-02-14T16:00:56.237+0000] {processor.py:830} INFO - Processing file /home/airflow/.local/lib/python3.12/site-packages/airflow/example_dags/tutorial.py for tasks to queue
[2026-02-14T16:00:56.240+0000] {logging_mixin.py:188} INFO - [2026-02-14T16:00:56.240+0000] {dagbag.py:545} INFO - Filling up the DagBag from /home/airflow/.local/lib/python3.12/site-packages/airflow/example_dags/tutorial.py
[2026-02-14T16:00:56.242+0000] {processor.py:840} INFO - DAG(s) 'tutorial' retrieved from /home/airflow/.local/lib/python3.12/site-packages/airflow/example_dags/tutorial.py
[2026-02-14T16:00:56.250+0000] {logging_mixin.py:188} INFO - [2026-02-14T16:00:56.250+0000] {dag.py:3089} INFO - Sync 1 DAGs
[2026-02-14T16:00:56.258+0000] {logging_mixin.py:188} INFO - [2026-02-14T16:00:56.258+0000] {dag.py:3947} INFO - Setting next_dagrun for tutorial to 2026-02-13 00:00:00+00:00, run_after=2026-02-14 00:00:00+00:00
[2026-02-14T16:00:56.268+0000] {processor.py:183} INFO - Processing /home/airflow/.local/lib/python3.12/site-packages/airflow/example_dags/tutorial.py took 0.033 seconds
[2026-02-14T16:01:26.675+0000] {processor.py:161} INFO - Started process (PID=1798) to work on /home/airflow/.local/lib/python3.12/site-packages/airflow/example_dags/tutorial.py
[2026-02-14T16:01:26.676+0000] {processor.py:830} INFO - Processing file /home/airflow/.local/lib/python3.12/site-packages/airflow/example_dags/tutorial.py for tasks to queue
[2026-02-14T16:01:26.676+0000] {logging_mixin.py:188} INFO - [2026-02-14T16:01:26.676+0000] {dagbag.py:545} INFO - Filling up the DagBag from /home/airflow/.local/lib/python3.12/site-packages/airflow/example_dags/tutorial.py
[2026-02-14T16:01:26.679+0000] {processor.py:840} INFO - DAG(s) 'tutorial' retrieved from /home/airflow/.local/lib/python3.12/site-packages/airflow/example_dags/tutorial.py
[2026-02-14T16:01:26.686+0000] {logging_mixin.py:188} INFO - [2026-02-14T16:01:26.686+0000] {dag.py:3089} INFO - Sync 1 DAGs
[2026-02-14T16:01:26.692+0000] {logging_mixin.py:188} INFO - [2026-02-14T16:01:26.692+0000] {dag.py:3947} INFO - Setting next_dagrun for tutorial to 2026-02-13 00:00:00+00:00, run_after=2026-02-14 00:00:00+00:00
[2026-02-14T16:01:26.697+0000] {processor.py:183} INFO - Processing /home/airflow/.local/lib/python3.12/site-packages/airflow/example_dags/tutorial.py took 0.024 seconds
[2026-02-14T16:01:57.007+0000] {processor.py:161} INFO - Started process (PID=1857) to work on /home/airflow/.local/lib/python3.12/site-packages/airflow/example_dags/tutorial.py
[2026-02-14T16:01:57.010+0000] {processor.py:830} INFO - Processing file /home/airflow/.local/lib/python3.12/site-packages/airflow/example_dags/tutorial.py for tasks to queue
[2026-02-14T16:01:57.011+0000] {logging_mixin.py:188} INFO - [2026-02-14T16:01:57.011+0000] {dagbag.py:545} INFO - Filling up the DagBag from /home/airflow/.local/lib/python3.12/site-packages/airflow/example_dags/tutorial.py
[2026-02-14T16:01:57.014+0000] {processor.py:840} INFO - DAG(s) 'tutorial' retrieved from /home/airflow/.local/lib/python3.12/site-packages/airflow/example_dags/tutorial.py
[2026-02-14T16:01:57.023+0000] {logging_mixin.py:188} INFO - [2026-02-14T16:01:57.023+0000] {dag.py:3089} INFO - Sync 1 DAGs
[2026-02-14T16:01:57.031+0000] {logging_mixin.py:188} INFO - [2026-02-14T16:01:57.031+0000] {dag.py:3947} INFO - Setting next_dagrun for tutorial to 2026-02-13 00:00:00+00:00, run_after=2026-02-14 00:00:00+00:00
[2026-02-14T16:01:57.040+0000] {processor.py:183} INFO - Processing /home/airflow/.local/lib/python3.12/site-packages/airflow/example_dags/tutorial.py took 0.035 seconds
[2026-02-14T16:02:27.475+0000] {processor.py:161} INFO - Started process (PID=1916) to work on /home/airflow/.local/lib/python3.12/site-packages/airflow/example_dags/tutorial.py
[2026-02-14T16:02:27.476+0000] {processor.py:830} INFO - Processing file /home/airflow/.local/lib/python3.12/site-packages/airflow/example_dags/tutorial.py for tasks to queue
[2026-02-14T16:02:27.478+0000] {logging_mixin.py:188} INFO - [2026-02-14T16:02:27.477+0000] {dagbag.py:545} INFO - Filling up the DagBag from /home/airflow/.local/lib/python3.12/site-packages/airflow/example_dags/tutorial.py
[2026-02-14T16:02:27.482+0000] {processor.py:840} INFO - DAG(s) 'tutorial' retrieved from /home/airflow/.local/lib/python3.12/site-packages/airflow/example_dags/tutorial.py
[2026-02-14T16:02:27.493+0000] {logging_mixin.py:188} INFO - [2026-02-14T16:02:27.493+0000] {dag.py:3089} INFO - Sync 1 DAGs
[2026-02-14T16:02:27.500+0000] {logging_mixin.py:188} INFO - [2026-02-14T16:02:27.500+0000] {dag.py:3947} INFO - Setting next_dagrun for tutorial to 2026-02-13 00:00:00+00:00, run_after=2026-02-14 00:00:00+00:00
[2026-02-14T16:02:27.508+0000] {processor.py:183} INFO - Processing /home/airflow/.local/lib/python3.12/site-packages/airflow/example_dags/tutorial.py took 0.036 seconds
[2026-02-14T16:02:58.041+0000] {processor.py:161} INFO - Started process (PID=1975) to work on /home/airflow/.local/lib/python3.12/site-packages/airflow/example_dags/tutorial.py
[2026-02-14T16:02:58.042+0000] {processor.py:830} INFO - Processing file /home/airflow/.local/lib/python3.12/site-packages/airflow/example_dags/tutorial.py for tasks to queue
[2026-02-14T16:02:58.043+0000] {logging_mixin.py:188} INFO - [2026-02-14T16:02:58.043+0000] {dagbag.py:545} INFO - Filling up the DagBag from /home/airflow/.local/lib/python3.12/site-packages/airflow/example_dags/tutorial.py
[2026-02-14T16:02:58.047+0000] {processor.py:840} INFO - DAG(s) 'tutorial' retrieved from /home/airflow/.local/lib/python3.12/site-packages/airflow/example_dags/tutorial.py
[2026-02-14T16:02:58.059+0000] {logging_mixin.py:188} INFO - [2026-02-14T16:02:58.058+0000] {dag.py:3089} INFO - Sync 1 DAGs
[2026-02-14T16:02:58.071+0000] {logging_mixin.py:188} INFO - [2026-02-14T16:02:58.071+0000] {dag.py:3947} INFO - Setting next_dagrun for tutorial to 2026-02-13 00:00:00+00:00, run_after=2026-02-14 00:00:00+00:00
[2026-02-14T16:02:58.080+0000] {processor.py:183} INFO - Processing /home/airflow/.local/lib/python3.12/site-packages/airflow/example_dags/tutorial.py took 0.042 seconds
[2026-02-14T16:03:28.564+0000] {processor.py:161} INFO - Started process (PID=2034) to work on /home/airflow/.local/lib/python3.12/site-packages/airflow/example_dags/tutorial.py
[2026-02-14T16:03:28.564+0000] {processor.py:830} INFO - Processing file /home/airflow/.local/lib/python3.12/site-packages/airflow/example_dags/tutorial.py for tasks to queue
[2026-02-14T16:03:28.565+0000] {logging_mixin.py:188} INFO - [2026-02-14T16:03:28.565+0000] {dagbag.py:545} INFO - Filling up the DagBag from /home/airflow/.local/lib/python3.12/site-packages/airflow/example_dags/tutorial.py
[2026-02-14T16:03:28.567+0000] {processor.py:840} INFO - DAG(s) 'tutorial' retrieved from /home/airflow/.local/lib/python3.12/site-packages/airflow/example_dags/tutorial.py
[2026-02-14T16:03:28.574+0000] {logging_mixin.py:188} INFO - [2026-02-14T16:03:28.574+0000] {dag.py:3089} INFO - Sync 1 DAGs
[2026-02-14T16:03:28.582+0000] {logging_mixin.py:188} INFO - [2026-02-14T16:03:28.582+0000] {dag.py:3947} INFO - Setting next_dagrun for tutorial to 2026-02-13 00:00:00+00:00, run_after=2026-02-14 00:00:00+00:00
[2026-02-14T16:03:28.587+0000] {processor.py:183} INFO - Processing /home/airflow/.local/lib/python3.12/site-packages/airflow/example_dags/tutorial.py took 0.025 seconds
[2026-02-14T16:03:59.262+0000] {processor.py:161} INFO - Started process (PID=2093) to work on /home/airflow/.local/lib/python3.12/site-packages/airflow/example_dags/tutorial.py
[2026-02-14T16:03:59.263+0000] {processor.py:830} INFO - Processing file /home/airflow/.local/lib/python3.12/site-packages/airflow/example_dags/tutorial.py for tasks to queue
[2026-02-14T16:03:59.263+0000] {logging_mixin.py:188} INFO - [2026-02-14T16:03:59.263+0000] {dagbag.py:545} INFO - Filling up the DagBag from /home/airflow/.local/lib/python3.12/site-packages/airflow/example_dags/tutorial.py
[2026-02-14T16:03:59.265+0000] {processor.py:840} INFO - DAG(s) 'tutorial' retrieved from /home/airflow/.local/lib/python3.12/site-packages/airflow/example_dags/tutorial.py
[2026-02-14T16:03:59.274+0000] {logging_mixin.py:188} INFO - [2026-02-14T16:03:59.274+0000] {dag.py:3089} INFO - Sync 1 DAGs
[2026-02-14T16:03:59.282+0000] {logging_mixin.py:188} INFO - [2026-02-14T16:03:59.282+0000] {dag.py:3947} INFO - Setting next_dagrun for tutorial to 2026-02-13 00:00:00+00:00, run_after=2026-02-14 00:00:00+00:00
[2026-02-14T16:03:59.290+0000] {processor.py:183} INFO - Processing /home/airflow/.local/lib/python3.12/site-packages/airflow/example_dags/tutorial.py took 0.031 seconds
[2026-02-14T16:04:29.810+0000] {processor.py:161} INFO - Started process (PID=2152) to work on /home/airflow/.local/lib/python3.12/site-packages/airflow/example_dags/tutorial.py
[2026-02-14T16:04:29.810+0000] {processor.py:830} INFO - Processing file /home/airflow/.local/lib/python3.12/site-packages/airflow/example_dags/tutorial.py for tasks to queue
[2026-02-14T16:04:29.811+0000] {logging_mixin.py:188} INFO - [2026-02-14T16:04:29.810+0000] {dagbag.py:545} INFO - Filling up the DagBag from /home/airflow/.local/lib/python3.12/site-packages/airflow/example_dags/tutorial.py
[2026-02-14T16:04:29.813+0000] {processor.py:840} INFO - DAG(s) 'tutorial' retrieved from /home/airflow/.local/lib/python3.12/site-packages/airflow/example_dags/tutorial.py
[2026-02-14T16:04:29.820+0000] {logging_mixin.py:188} INFO - [2026-02-14T16:04:29.820+0000] {dag.py:3089} INFO - Sync 1 DAGs
[2026-02-14T16:04:29.826+0000] {logging_mixin.py:188} INFO - [2026-02-14T16:04:29.826+0000] {dag.py:3947} INFO - Setting next_dagrun for tutorial to 2026-02-13 00:00:00+00:00, run_after=2026-02-14 00:00:00+00:00
[2026-02-14T16:04:29.831+0000] {processor.py:183} INFO - Processing /home/airflow/.local/lib/python3.12/site-packages/airflow/example_dags/tutorial.py took 0.024 seconds
[2026-02-14T16:05:00.216+0000] {processor.py:161} INFO - Started process (PID=2211) to work on /home/airflow/.local/lib/python3.12/site-packages/airflow/example_dags/tutorial.py
[2026-02-14T16:05:00.217+0000] {processor.py:830} INFO - Processing file /home/airflow/.local/lib/python3.12/site-packages/airflow/example_dags/tutorial.py for tasks to queue
[2026-02-14T16:05:00.218+0000] {logging_mixin.py:188} INFO - [2026-02-14T16:05:00.217+0000] {dagbag.py:545} INFO - Filling up the DagBag from /home/airflow/.local/lib/python3.12/site-packages/airflow/example_dags/tutorial.py
[2026-02-14T16:05:00.221+0000] {processor.py:840} INFO - DAG(s) 'tutorial' retrieved from /home/airflow/.local/lib/python3.12/site-packages/airflow/example_dags/tutorial.py
[2026-02-14T16:05:00.231+0000] {logging_mixin.py:188} INFO - [2026-02-14T16:05:00.231+0000] {dag.py:3089} INFO - Sync 1 DAGs
[2026-02-14T16:05:00.240+0000] {logging_mixin.py:188} INFO - [2026-02-14T16:05:00.240+0000] {dag.py:3947} INFO - Setting next_dagrun for tutorial to 2026-02-13 00:00:00+00:00, run_after=2026-02-14 00:00:00+00:00
[2026-02-14T16:05:00.248+0000] {processor.py:183} INFO - Processing /home/airflow/.local/lib/python3.12/site-packages/airflow/example_dags/tutorial.py took 0.035 seconds
[2026-02-14T16:05:30.734+0000] {processor.py:161} INFO - Started process (PID=2270) to work on /home/airflow/.local/lib/python3.12/site-packages/airflow/example_dags/tutorial.py
[2026-02-14T16:05:30.734+0000] {processor.py:830} INFO - Processing file /home/airflow/.local/lib/python3.12/site-packages/airflow/example_dags/tutorial.py for tasks to queue
[2026-02-14T16:05:30.735+0000] {logging_mixin.py:188} INFO - [2026-02-14T16:05:30.735+0000] {dagbag.py:545} INFO - Filling up the DagBag from /home/airflow/.local/lib/python3.12/site-packages/airflow/example_dags/tutorial.py
[2026-02-14T16:05:30.737+0000] {processor.py:840} INFO - DAG(s) 'tutorial' retrieved from /home/airflow/.local/lib/python3.12/site-packages/airflow/example_dags/tutorial.py
[2026-02-14T16:05:30.743+0000] {logging_mixin.py:188} INFO - [2026-02-14T16:05:30.743+0000] {dag.py:3089} INFO - Sync 1 DAGs
[2026-02-14T16:05:30.750+0000] {logging_mixin.py:188} INFO - [2026-02-14T16:05:30.750+0000] {dag.py:3947} INFO - Setting next_dagrun for tutorial to 2026-02-13 00:00:00+00:00, run_after=2026-02-14 00:00:00+00:00
[2026-02-14T16:05:30.755+0000] {processor.py:183} INFO - Processing /home/airflow/.local/lib/python3.12/site-packages/airflow/example_dags/tutorial.py took 0.023 seconds
[2026-02-14T16:06:01.196+0000] {processor.py:161} INFO - Started process (PID=2329) to work on /home/airflow/.local/lib/python3.12/site-packages/airflow/example_dags/tutorial.py
[2026-02-14T16:06:01.197+0000] {processor.py:830} INFO - Processing file /home/airflow/.local/lib/python3.12/site-packages/airflow/example_dags/tutorial.py for tasks to queue
[2026-02-14T16:06:01.198+0000] {logging_mixin.py:188} INFO - [2026-02-14T16:06:01.198+0000] {dagbag.py:545} INFO - Filling up the DagBag from /home/airflow/.local/lib/python3.12/site-packages/airflow/example_dags/tutorial.py
[2026-02-14T16:06:01.201+0000] {processor.py:840} INFO - DAG(s) 'tutorial' retrieved from /home/airflow/.local/lib/python3.12/site-packages/airflow/example_dags/tutorial.py
[2026-02-14T16:06:01.210+0000] {logging_mixin.py:188} INFO - [2026-02-14T16:06:01.210+0000] {dag.py:3089} INFO - Sync 1 DAGs
[2026-02-14T16:06:01.218+0000] {logging_mixin.py:188} INFO - [2026-02-14T16:06:01.218+0000] {dag.py:3947} INFO - Setting next_dagrun for tutorial to 2026-02-13 00:00:00+00:00, run_after=2026-02-14 00:00:00+00:00
[2026-02-14T16:06:01.227+0000] {processor.py:183} INFO - Processing /home/airflow/.local/lib/python3.12/site-packages/airflow/example_dags/tutorial.py took 0.033 seconds
[2026-02-14T16:06:31.808+0000] {processor.py:161} INFO - Started process (PID=2388) to work on /home/airflow/.local/lib/python3.12/site-packages/airflow/example_dags/tutorial.py
[2026-02-14T16:06:31.813+0000] {processor.py:830} INFO - Processing file /home/airflow/.local/lib/python3.12/site-packages/airflow/example_dags/tutorial.py for tasks to queue
[2026-02-14T16:06:31.814+0000] {logging_mixin.py:188} INFO - [2026-02-14T16:06:31.814+0000] {dagbag.py:545} INFO - Filling up the DagBag from /home/airflow/.local/lib/python3.12/site-packages/airflow/example_dags/tutorial.py
[2026-02-14T16:06:31.817+0000] {processor.py:840} INFO - DAG(s) 'tutorial' retrieved from /home/airflow/.local/lib/python3.12/site-packages/airflow/example_dags/tutorial.py
[2026-02-14T16:06:31.831+0000] {logging_mixin.py:188} INFO - [2026-02-14T16:06:31.831+0000] {dag.py:3089} INFO - Sync 1 DAGs
[2026-02-14T16:06:31.840+0000] {logging_mixin.py:188} INFO - [2026-02-14T16:06:31.839+0000] {dag.py:3947} INFO - Setting next_dagrun for tutorial to 2026-02-13 00:00:00+00:00, run_after=2026-02-14 00:00:00+00:00
[2026-02-14T16:06:31.849+0000] {processor.py:183} INFO - Processing /home/airflow/.local/lib/python3.12/site-packages/airflow/example_dags/tutorial.py took 0.044 seconds
[2026-02-14T16:07:02.613+0000] {processor.py:161} INFO - Started process (PID=2447) to work on /home/airflow/.local/lib/python3.12/site-packages/airflow/example_dags/tutorial.py
[2026-02-14T16:07:02.613+0000] {processor.py:830} INFO - Processing file /home/airflow/.local/lib/python3.12/site-packages/airflow/example_dags/tutorial.py for tasks to queue
[2026-02-14T16:07:02.614+0000] {logging_mixin.py:188} INFO - [2026-02-14T16:07:02.614+0000] {dagbag.py:545} INFO - Filling up the DagBag from /home/airflow/.local/lib/python3.12/site-packages/airflow/example_dags/tutorial.py
[2026-02-14T16:07:02.616+0000] {processor.py:840} INFO - DAG(s) 'tutorial' retrieved from /home/airflow/.local/lib/python3.12/site-packages/airflow/example_dags/tutorial.py
[2026-02-14T16:07:02.623+0000] {logging_mixin.py:188} INFO - [2026-02-14T16:07:02.623+0000] {dag.py:3089} INFO - Sync 1 DAGs
[2026-02-14T16:07:02.631+0000] {logging_mixin.py:188} INFO - [2026-02-14T16:07:02.631+0000] {dag.py:3947} INFO - Setting next_dagrun for tutorial to 2026-02-13 00:00:00+00:00, run_after=2026-02-14 00:00:00+00:00
[2026-02-14T16:07:02.637+0000] {processor.py:183} INFO - Processing /home/airflow/.local/lib/python3.12/site-packages/airflow/example_dags/tutorial.py took 0.027 seconds
[2026-02-14T16:07:33.531+0000] {processor.py:161} INFO - Started process (PID=2506) to work on /home/airflow/.local/lib/python3.12/site-packages/airflow/example_dags/tutorial.py
[2026-02-14T16:07:33.532+0000] {processor.py:830} INFO - Processing file /home/airflow/.local/lib/python3.12/site-packages/airflow/example_dags/tutorial.py for tasks to queue
[2026-02-14T16:07:33.533+0000] {logging_mixin.py:188} INFO - [2026-02-14T16:07:33.533+0000] {dagbag.py:545} INFO - Filling up the DagBag from /home/airflow/.local/lib/python3.12/site-packages/airflow/example_dags/tutorial.py
[2026-02-14T16:07:33.536+0000] {processor.py:840} INFO - DAG(s) 'tutorial' retrieved from /home/airflow/.local/lib/python3.12/site-packages/airflow/example_dags/tutorial.py
[2026-02-14T16:07:33.544+0000] {logging_mixin.py:188} INFO - [2026-02-14T16:07:33.544+0000] {dag.py:3089} INFO - Sync 1 DAGs
[2026-02-14T16:07:33.552+0000] {logging_mixin.py:188} INFO - [2026-02-14T16:07:33.552+0000] {dag.py:3947} INFO - Setting next_dagrun for tutorial to 2026-02-13 00:00:00+00:00, run_after=2026-02-14 00:00:00+00:00
[2026-02-14T16:07:33.559+0000] {processor.py:183} INFO - Processing /home/airflow/.local/lib/python3.12/site-packages/airflow/example_dags/tutorial.py took 0.030 seconds
[2026-02-14T16:08:04.013+0000] {processor.py:161} INFO - Started process (PID=2565) to work on /home/airflow/.local/lib/python3.12/site-packages/airflow/example_dags/tutorial.py
[2026-02-14T16:08:04.014+0000] {processor.py:830} INFO - Processing file /home/airflow/.local/lib/python3.12/site-packages/airflow/example_dags/tutorial.py for tasks to queue
[2026-02-14T16:08:04.014+0000] {logging_mixin.py:188} INFO - [2026-02-14T16:08:04.014+0000] {dagbag.py:545} INFO - Filling up the DagBag from /home/airflow/.local/lib/python3.12/site-packages/airflow/example_dags/tutorial.py
[2026-02-14T16:08:04.019+0000] {processor.py:840} INFO - DAG(s) 'tutorial' retrieved from /home/airflow/.local/lib/python3.12/site-packages/airflow/example_dags/tutorial.py
[2026-02-14T16:08:04.027+0000] {logging_mixin.py:188} INFO - [2026-02-14T16:08:04.027+0000] {dag.py:3089} INFO - Sync 1 DAGs
[2026-02-14T16:08:04.036+0000] {logging_mixin.py:188} INFO - [2026-02-14T16:08:04.036+0000] {dag.py:3947} INFO - Setting next_dagrun for tutorial to 2026-02-13 00:00:00+00:00, run_after=2026-02-14 00:00:00+00:00
[2026-02-14T16:08:04.045+0000] {processor.py:183} INFO - Processing /home/airflow/.local/lib/python3.12/site-packages/airflow/example_dags/tutorial.py took 0.034 seconds
[2026-02-14T16:08:34.412+0000] {processor.py:161} INFO - Started process (PID=2624) to work on /home/airflow/.local/lib/python3.12/site-packages/airflow/example_dags/tutorial.py
[2026-02-14T16:08:34.413+0000] {processor.py:830} INFO - Processing file /home/airflow/.local/lib/python3.12/site-packages/airflow/example_dags/tutorial.py for tasks to queue
[2026-02-14T16:08:34.413+0000] {logging_mixin.py:188} INFO - [2026-02-14T16:08:34.413+0000] {dagbag.py:545} INFO - Filling up the DagBag from /home/airflow/.local/lib/python3.12/site-packages/airflow/example_dags/tutorial.py
[2026-02-14T16:08:34.416+0000] {processor.py:840} INFO - DAG(s) 'tutorial' retrieved from /home/airflow/.local/lib/python3.12/site-packages/airflow/example_dags/tutorial.py
[2026-02-14T16:08:34.424+0000] {logging_mixin.py:188} INFO - [2026-02-14T16:08:34.424+0000] {dag.py:3089} INFO - Sync 1 DAGs
[2026-02-14T16:08:34.432+0000] {logging_mixin.py:188} INFO - [2026-02-14T16:08:34.432+0000] {dag.py:3947} INFO - Setting next_dagrun for tutorial to 2026-02-13 00:00:00+00:00, run_after=2026-02-14 00:00:00+00:00
[2026-02-14T16:08:34.440+0000] {processor.py:183} INFO - Processing /home/airflow/.local/lib/python3.12/site-packages/airflow/example_dags/tutorial.py took 0.030 seconds
[2026-02-14T16:09:04.897+0000] {processor.py:161} INFO - Started process (PID=2683) to work on /home/airflow/.local/lib/python3.12/site-packages/airflow/example_dags/tutorial.py
[2026-02-14T16:09:04.897+0000] {processor.py:830} INFO - Processing file /home/airflow/.local/lib/python3.12/site-packages/airflow/example_dags/tutorial.py for tasks to queue
[2026-02-14T16:09:04.898+0000] {logging_mixin.py:188} INFO - [2026-02-14T16:09:04.898+0000] {dagbag.py:545} INFO - Filling up the DagBag from /home/airflow/.local/lib/python3.12/site-packages/airflow/example_dags/tutorial.py
[2026-02-14T16:09:04.900+0000] {processor.py:840} INFO - DAG(s) 'tutorial' retrieved from /home/airflow/.local/lib/python3.12/site-packages/airflow/example_dags/tutorial.py
[2026-02-14T16:09:04.907+0000] {logging_mixin.py:188} INFO - [2026-02-14T16:09:04.907+0000] {dag.py:3089} INFO - Sync 1 DAGs
[2026-02-14T16:09:04.914+0000] {logging_mixin.py:188} INFO - [2026-02-14T16:09:04.914+0000] {dag.py:3947} INFO - Setting next_dagrun for tutorial to 2026-02-13 00:00:00+00:00, run_after=2026-02-14 00:00:00+00:00
[2026-02-14T16:09:04.919+0000] {processor.py:183} INFO - Processing /home/airflow/.local/lib/python3.12/site-packages/airflow/example_dags/tutorial.py took 0.024 seconds
[2026-02-14T16:09:35.251+0000] {processor.py:161} INFO - Started process (PID=2742) to work on /home/airflow/.local/lib/python3.12/site-packages/airflow/example_dags/tutorial.py
[2026-02-14T16:09:35.252+0000] {processor.py:830} INFO - Processing file /home/airflow/.local/lib/python3.12/site-packages/airflow/example_dags/tutorial.py for tasks to queue
[2026-02-14T16:09:35.252+0000] {logging_mixin.py:188} INFO - [2026-02-14T16:09:35.252+0000] {dagbag.py:545} INFO - Filling up the DagBag from /home/airflow/.local/lib/python3.12/site-packages/airflow/example_dags/tutorial.py
[2026-02-14T16:09:35.254+0000] {processor.py:840} INFO - DAG(s) 'tutorial' retrieved from /home/airflow/.local/lib/python3.12/site-packages/airflow/example_dags/tutorial.py
[2026-02-14T16:09:35.262+0000] {logging_mixin.py:188} INFO - [2026-02-14T16:09:35.262+0000] {dag.py:3089} INFO - Sync 1 DAGs
[2026-02-14T16:09:35.271+0000] {logging_mixin.py:188} INFO - [2026-02-14T16:09:35.271+0000] {dag.py:3947} INFO - Setting next_dagrun for tutorial to 2026-02-13 00:00:00+00:00, run_after=2026-02-14 00:00:00+00:00
[2026-02-14T16:09:35.277+0000] {processor.py:183} INFO - Processing /home/airflow/.local/lib/python3.12/site-packages/airflow/example_dags/tutorial.py took 0.028 seconds
[2026-02-14T16:10:05.513+0000] {processor.py:161} INFO - Started process (PID=2801) to work on /home/airflow/.local/lib/python3.12/site-packages/airflow/example_dags/tutorial.py
[2026-02-14T16:10:05.514+0000] {processor.py:830} INFO - Processing file /home/airflow/.local/lib/python3.12/site-packages/airflow/example_dags/tutorial.py for tasks to queue
[2026-02-14T16:10:05.514+0000] {logging_mixin.py:188} INFO - [2026-02-14T16:10:05.514+0000] {dagbag.py:545} INFO - Filling up the DagBag from /home/airflow/.local/lib/python3.12/site-packages/airflow/example_dags/tutorial.py
[2026-02-14T16:10:05.517+0000] {processor.py:840} INFO - DAG(s) 'tutorial' retrieved from /home/airflow/.local/lib/python3.12/site-packages/airflow/example_dags/tutorial.py
[2026-02-14T16:10:05.525+0000] {logging_mixin.py:188} INFO - [2026-02-14T16:10:05.525+0000] {dag.py:3089} INFO - Sync 1 DAGs
[2026-02-14T16:10:05.532+0000] {logging_mixin.py:188} INFO - [2026-02-14T16:10:05.532+0000] {dag.py:3947} INFO - Setting next_dagrun for tutorial to 2026-02-13 00:00:00+00:00, run_after=2026-02-14 00:00:00+00:00
[2026-02-14T16:10:05.539+0000] {processor.py:183} INFO - Processing /home/airflow/.local/lib/python3.12/site-packages/airflow/example_dags/tutorial.py took 0.028 seconds
[2026-02-14T16:10:36.231+0000] {processor.py:161} INFO - Started process (PID=2859) to work on /home/airflow/.local/lib/python3.12/site-packages/airflow/example_dags/tutorial.py
[2026-02-14T16:10:36.232+0000] {processor.py:830} INFO - Processing file /home/airflow/.local/lib/python3.12/site-packages/airflow/example_dags/tutorial.py for tasks to queue
[2026-02-14T16:10:36.233+0000] {logging_mixin.py:188} INFO - [2026-02-14T16:10:36.233+0000] {dagbag.py:545} INFO - Filling up the DagBag from /home/airflow/.local/lib/python3.12/site-packages/airflow/example_dags/tutorial.py
[2026-02-14T16:10:36.236+0000] {processor.py:840} INFO - DAG(s) 'tutorial' retrieved from /home/airflow/.local/lib/python3.12/site-packages/airflow/example_dags/tutorial.py
[2026-02-14T16:10:36.243+0000] {logging_mixin.py:188} INFO - [2026-02-14T16:10:36.243+0000] {dag.py:3089} INFO - Sync 1 DAGs
[2026-02-14T16:10:36.250+0000] {logging_mixin.py:188} INFO - [2026-02-14T16:10:36.250+0000] {dag.py:3947} INFO - Setting next_dagrun for tutorial to 2026-02-13 00:00:00+00:00, run_after=2026-02-14 00:00:00+00:00
[2026-02-14T16:10:36.256+0000] {processor.py:183} INFO - Processing /home/airflow/.local/lib/python3.12/site-packages/airflow/example_dags/tutorial.py took 0.029 seconds
[2026-02-14T16:11:06.366+0000] {processor.py:161} INFO - Started process (PID=2918) to work on /home/airflow/.local/lib/python3.12/site-packages/airflow/example_dags/tutorial.py
[2026-02-14T16:11:06.367+0000] {processor.py:830} INFO - Processing file /home/airflow/.local/lib/python3.12/site-packages/airflow/example_dags/tutorial.py for tasks to queue
[2026-02-14T16:11:06.368+0000] {logging_mixin.py:188} INFO - [2026-02-14T16:11:06.368+0000] {dagbag.py:545} INFO - Filling up the DagBag from /home/airflow/.local/lib/python3.12/site-packages/airflow/example_dags/tutorial.py
[2026-02-14T16:11:06.371+0000] {processor.py:840} INFO - DAG(s) 'tutorial' retrieved from /home/airflow/.local/lib/python3.12/site-packages/airflow/example_dags/tutorial.py
[2026-02-14T16:11:06.382+0000] {logging_mixin.py:188} INFO - [2026-02-14T16:11:06.381+0000] {dag.py:3089} INFO - Sync 1 DAGs
[2026-02-14T16:11:06.390+0000] {logging_mixin.py:188} INFO - [2026-02-14T16:11:06.390+0000] {dag.py:3947} INFO - Setting next_dagrun for tutorial to 2026-02-13 00:00:00+00:00, run_after=2026-02-14 00:00:00+00:00
[2026-02-14T16:11:06.401+0000] {processor.py:183} INFO - Processing /home/airflow/.local/lib/python3.12/site-packages/airflow/example_dags/tutorial.py took 0.038 seconds
[2026-02-14T16:11:37.663+0000] {processor.py:161} INFO - Started process (PID=2977) to work on /home/airflow/.local/lib/python3.12/site-packages/airflow/example_dags/tutorial.py
[2026-02-14T16:11:37.667+0000] {processor.py:830} INFO - Processing file /home/airflow/.local/lib/python3.12/site-packages/airflow/example_dags/tutorial.py for tasks to queue
[2026-02-14T16:11:37.669+0000] {logging_mixin.py:188} INFO - [2026-02-14T16:11:37.669+0000] {dagbag.py:545} INFO - Filling up the DagBag from /home/airflow/.local/lib/python3.12/site-packages/airflow/example_dags/tutorial.py
[2026-02-14T16:11:37.672+0000] {processor.py:840} INFO - DAG(s) 'tutorial' retrieved from /home/airflow/.local/lib/python3.12/site-packages/airflow/example_dags/tutorial.py
[2026-02-14T16:11:37.687+0000] {logging_mixin.py:188} INFO - [2026-02-14T16:11:37.687+0000] {dag.py:3089} INFO - Sync 1 DAGs
[2026-02-14T16:11:37.709+0000] {logging_mixin.py:188} INFO - [2026-02-14T16:11:37.709+0000] {dag.py:3947} INFO - Setting next_dagrun for tutorial to 2026-02-13 00:00:00+00:00, run_after=2026-02-14 00:00:00+00:00
[2026-02-14T16:11:37.724+0000] {processor.py:183} INFO - Processing /home/airflow/.local/lib/python3.12/site-packages/airflow/example_dags/tutorial.py took 0.064 seconds
[2026-02-14T16:12:08.391+0000] {processor.py:161} INFO - Started process (PID=3036) to work on /home/airflow/.local/lib/python3.12/site-packages/airflow/example_dags/tutorial.py
[2026-02-14T16:12:08.392+0000] {processor.py:830} INFO - Processing file /home/airflow/.local/lib/python3.12/site-packages/airflow/example_dags/tutorial.py for tasks to queue
[2026-02-14T16:12:08.393+0000] {logging_mixin.py:188} INFO - [2026-02-14T16:12:08.393+0000] {dagbag.py:545} INFO - Filling up the DagBag from /home/airflow/.local/lib/python3.12/site-packages/airflow/example_dags/tutorial.py
[2026-02-14T16:12:08.395+0000] {processor.py:840} INFO - DAG(s) 'tutorial' retrieved from /home/airflow/.local/lib/python3.12/site-packages/airflow/example_dags/tutorial.py
[2026-02-14T16:12:08.404+0000] {logging_mixin.py:188} INFO - [2026-02-14T16:12:08.404+0000] {dag.py:3089} INFO - Sync 1 DAGs
[2026-02-14T16:12:08.413+0000] {logging_mixin.py:188} INFO - [2026-02-14T16:12:08.412+0000] {dag.py:3947} INFO - Setting next_dagrun for tutorial to 2026-02-13 00:00:00+00:00, run_after=2026-02-14 00:00:00+00:00
[2026-02-14T16:12:08.419+0000] {processor.py:183} INFO - Processing /home/airflow/.local/lib/python3.12/site-packages/airflow/example_dags/tutorial.py took 0.030 seconds
[2026-02-14T16:12:38.956+0000] {processor.py:161} INFO - Started process (PID=3095) to work on /home/airflow/.local/lib/python3.12/site-packages/airflow/example_dags/tutorial.py
[2026-02-14T16:12:38.956+0000] {processor.py:830} INFO - Processing file /home/airflow/.local/lib/python3.12/site-packages/airflow/example_dags/tutorial.py for tasks to queue
[2026-02-14T16:12:38.958+0000] {logging_mixin.py:188} INFO - [2026-02-14T16:12:38.957+0000] {dagbag.py:545} INFO - Filling up the DagBag from /home/airflow/.local/lib/python3.12/site-packages/airflow/example_dags/tutorial.py
[2026-02-14T16:12:38.961+0000] {processor.py:840} INFO - DAG(s) 'tutorial' retrieved from /home/airflow/.local/lib/python3.12/site-packages/airflow/example_dags/tutorial.py
[2026-02-14T16:12:38.968+0000] {logging_mixin.py:188} INFO - [2026-02-14T16:12:38.968+0000] {dag.py:3089} INFO - Sync 1 DAGs
[2026-02-14T16:12:38.977+0000] {logging_mixin.py:188} INFO - [2026-02-14T16:12:38.977+0000] {dag.py:3947} INFO - Setting next_dagrun for tutorial to 2026-02-13 00:00:00+00:00, run_after=2026-02-14 00:00:00+00:00
[2026-02-14T16:12:38.984+0000] {processor.py:183} INFO - Processing /home/airflow/.local/lib/python3.12/site-packages/airflow/example_dags/tutorial.py took 0.030 seconds
[2026-02-14T16:13:09.251+0000] {processor.py:161} INFO - Started process (PID=3154) to work on /home/airflow/.local/lib/python3.12/site-packages/airflow/example_dags/tutorial.py
[2026-02-14T16:13:09.251+0000] {processor.py:830} INFO - Processing file /home/airflow/.local/lib/python3.12/site-packages/airflow/example_dags/tutorial.py for tasks to queue
[2026-02-14T16:13:09.252+0000] {logging_mixin.py:188} INFO - [2026-02-14T16:13:09.252+0000] {dagbag.py:545} INFO - Filling up the DagBag from /home/airflow/.local/lib/python3.12/site-packages/airflow/example_dags/tutorial.py
[2026-02-14T16:13:09.255+0000] {processor.py:840} INFO - DAG(s) 'tutorial' retrieved from /home/airflow/.local/lib/python3.12/site-packages/airflow/example_dags/tutorial.py
[2026-02-14T16:13:09.263+0000] {logging_mixin.py:188} INFO - [2026-02-14T16:13:09.263+0000] {dag.py:3089} INFO - Sync 1 DAGs
[2026-02-14T16:13:09.271+0000] {logging_mixin.py:188} INFO - [2026-02-14T16:13:09.271+0000] {dag.py:3947} INFO - Setting next_dagrun for tutorial to 2026-02-13 00:00:00+00:00, run_after=2026-02-14 00:00:00+00:00
[2026-02-14T16:13:09.279+0000] {processor.py:183} INFO - Processing /home/airflow/.local/lib/python3.12/site-packages/airflow/example_dags/tutorial.py took 0.030 seconds
[2026-02-14T16:13:39.494+0000] {processor.py:161} INFO - Started process (PID=3213) to work on /home/airflow/.local/lib/python3.12/site-packages/airflow/example_dags/tutorial.py
[2026-02-14T16:13:39.494+0000] {processor.py:830} INFO - Processing file /home/airflow/.local/lib/python3.12/site-packages/airflow/example_dags/tutorial.py for tasks to queue
[2026-02-14T16:13:39.495+0000] {logging_mixin.py:188} INFO - [2026-02-14T16:13:39.495+0000] {dagbag.py:545} INFO - Filling up the DagBag from /home/airflow/.local/lib/python3.12/site-packages/airflow/example_dags/tutorial.py
[2026-02-14T16:13:39.497+0000] {processor.py:840} INFO - DAG(s) 'tutorial' retrieved from /home/airflow/.local/lib/python3.12/site-packages/airflow/example_dags/tutorial.py
[2026-02-14T16:13:39.505+0000] {logging_mixin.py:188} INFO - [2026-02-14T16:13:39.505+0000] {dag.py:3089} INFO - Sync 1 DAGs
[2026-02-14T16:13:39.516+0000] {logging_mixin.py:188} INFO - [2026-02-14T16:13:39.516+0000] {dag.py:3947} INFO - Setting next_dagrun for tutorial to 2026-02-13 00:00:00+00:00, run_after=2026-02-14 00:00:00+00:00
[2026-02-14T16:13:39.526+0000] {processor.py:183} INFO - Processing /home/airflow/.local/lib/python3.12/site-packages/airflow/example_dags/tutorial.py took 0.035 seconds
[2026-02-14T16:14:10.512+0000] {processor.py:161} INFO - Started process (PID=3272) to work on /home/airflow/.local/lib/python3.12/site-packages/airflow/example_dags/tutorial.py
[2026-02-14T16:14:10.515+0000] {processor.py:830} INFO - Processing file /home/airflow/.local/lib/python3.12/site-packages/airflow/example_dags/tutorial.py for tasks to queue
[2026-02-14T16:14:10.516+0000] {logging_mixin.py:188} INFO - [2026-02-14T16:14:10.516+0000] {dagbag.py:545} INFO - Filling up the DagBag from /home/airflow/.local/lib/python3.12/site-packages/airflow/example_dags/tutorial.py
[2026-02-14T16:14:10.520+0000] {processor.py:840} INFO - DAG(s) 'tutorial' retrieved from /home/airflow/.local/lib/python3.12/site-packages/airflow/example_dags/tutorial.py
[2026-02-14T16:14:10.531+0000] {logging_mixin.py:188} INFO - [2026-02-14T16:14:10.531+0000] {dag.py:3089} INFO - Sync 1 DAGs
[2026-02-14T16:14:10.542+0000] {logging_mixin.py:188} INFO - [2026-02-14T16:14:10.542+0000] {dag.py:3947} INFO - Setting next_dagrun for tutorial to 2026-02-13 00:00:00+00:00, run_after=2026-02-14 00:00:00+00:00
[2026-02-14T16:14:10.554+0000] {processor.py:183} INFO - Processing /home/airflow/.local/lib/python3.12/site-packages/airflow/example_dags/tutorial.py took 0.045 seconds
[2026-02-14T16:14:40.737+0000] {processor.py:161} INFO - Started process (PID=3331) to work on /home/airflow/.local/lib/python3.12/site-packages/airflow/example_dags/tutorial.py
[2026-02-14T16:14:40.738+0000] {processor.py:830} INFO - Processing file /home/airflow/.local/lib/python3.12/site-packages/airflow/example_dags/tutorial.py for tasks to queue
[2026-02-14T16:14:40.739+0000] {logging_mixin.py:188} INFO - [2026-02-14T16:14:40.739+0000] {dagbag.py:545} INFO - Filling up the DagBag from /home/airflow/.local/lib/python3.12/site-packages/airflow/example_dags/tutorial.py
[2026-02-14T16:14:40.743+0000] {processor.py:840} INFO - DAG(s) 'tutorial' retrieved from /home/airflow/.local/lib/python3.12/site-packages/airflow/example_dags/tutorial.py
[2026-02-14T16:14:40.754+0000] {logging_mixin.py:188} INFO - [2026-02-14T16:14:40.754+0000] {dag.py:3089} INFO - Sync 1 DAGs
[2026-02-14T16:14:40.762+0000] {logging_mixin.py:188} INFO - [2026-02-14T16:14:40.762+0000] {dag.py:3947} INFO - Setting next_dagrun for tutorial to 2026-02-13 00:00:00+00:00, run_after=2026-02-14 00:00:00+00:00
[2026-02-14T16:14:40.772+0000] {processor.py:183} INFO - Processing /home/airflow/.local/lib/python3.12/site-packages/airflow/example_dags/tutorial.py took 0.041 seconds
[2026-02-14T16:15:11.666+0000] {processor.py:161} INFO - Started process (PID=3390) to work on /home/airflow/.local/lib/python3.12/site-packages/airflow/example_dags/tutorial.py
[2026-02-14T16:15:11.666+0000] {processor.py:830} INFO - Processing file /home/airflow/.local/lib/python3.12/site-packages/airflow/example_dags/tutorial.py for tasks to queue
[2026-02-14T16:15:11.667+0000] {logging_mixin.py:188} INFO - [2026-02-14T16:15:11.667+0000] {dagbag.py:545} INFO - Filling up the DagBag from /home/airflow/.local/lib/python3.12/site-packages/airflow/example_dags/tutorial.py
[2026-02-14T16:15:11.671+0000] {processor.py:840} INFO - DAG(s) 'tutorial' retrieved from /home/airflow/.local/lib/python3.12/site-packages/airflow/example_dags/tutorial.py
[2026-02-14T16:15:11.682+0000] {logging_mixin.py:188} INFO - [2026-02-14T16:15:11.682+0000] {dag.py:3089} INFO - Sync 1 DAGs
[2026-02-14T16:15:11.692+0000] {logging_mixin.py:188} INFO - [2026-02-14T16:15:11.692+0000] {dag.py:3947} INFO - Setting next_dagrun for tutorial to 2026-02-13 00:00:00+00:00, run_after=2026-02-14 00:00:00+00:00
[2026-02-14T16:15:11.702+0000] {processor.py:183} INFO - Processing /home/airflow/.local/lib/python3.12/site-packages/airflow/example_dags/tutorial.py took 0.040 seconds
[2026-02-14T16:15:42.468+0000] {processor.py:161} INFO - Started process (PID=3449) to work on /home/airflow/.local/lib/python3.12/site-packages/airflow/example_dags/tutorial.py
[2026-02-14T16:15:42.470+0000] {processor.py:830} INFO - Processing file /home/airflow/.local/lib/python3.12/site-packages/airflow/example_dags/tutorial.py for tasks to queue
[2026-02-14T16:15:42.473+0000] {logging_mixin.py:188} INFO - [2026-02-14T16:15:42.472+0000] {dagbag.py:545} INFO - Filling up the DagBag from /home/airflow/.local/lib/python3.12/site-packages/airflow/example_dags/tutorial.py
[2026-02-14T16:15:42.480+0000] {processor.py:840} INFO - DAG(s) 'tutorial' retrieved from /home/airflow/.local/lib/python3.12/site-packages/airflow/example_dags/tutorial.py
[2026-02-14T16:15:42.504+0000] {logging_mixin.py:188} INFO - [2026-02-14T16:15:42.504+0000] {dag.py:3089} INFO - Sync 1 DAGs
[2026-02-14T16:15:42.521+0000] {logging_mixin.py:188} INFO - [2026-02-14T16:15:42.521+0000] {dag.py:3947} INFO - Setting next_dagrun for tutorial to 2026-02-13 00:00:00+00:00, run_after=2026-02-14 00:00:00+00:00
[2026-02-14T16:15:42.541+0000] {processor.py:183} INFO - Processing /home/airflow/.local/lib/python3.12/site-packages/airflow/example_dags/tutorial.py took 0.083 seconds
[2026-02-14T16:16:13.354+0000] {processor.py:161} INFO - Started process (PID=3514) to work on /home/airflow/.local/lib/python3.12/site-packages/airflow/example_dags/tutorial.py
[2026-02-14T16:16:13.355+0000] {processor.py:830} INFO - Processing file /home/airflow/.local/lib/python3.12/site-packages/airflow/example_dags/tutorial.py for tasks to queue
[2026-02-14T16:16:13.356+0000] {logging_mixin.py:188} INFO - [2026-02-14T16:16:13.355+0000] {dagbag.py:545} INFO - Filling up the DagBag from /home/airflow/.local/lib/python3.12/site-packages/airflow/example_dags/tutorial.py
[2026-02-14T16:16:13.358+0000] {processor.py:840} INFO - DAG(s) 'tutorial' retrieved from /home/airflow/.local/lib/python3.12/site-packages/airflow/example_dags/tutorial.py
[2026-02-14T16:16:13.368+0000] {logging_mixin.py:188} INFO - [2026-02-14T16:16:13.367+0000] {dag.py:3089} INFO - Sync 1 DAGs
[2026-02-14T16:16:13.375+0000] {logging_mixin.py:188} INFO - [2026-02-14T16:16:13.375+0000] {dag.py:3947} INFO - Setting next_dagrun for tutorial to 2026-02-13 00:00:00+00:00, run_after=2026-02-14 00:00:00+00:00
[2026-02-14T16:16:13.381+0000] {processor.py:183} INFO - Processing /home/airflow/.local/lib/python3.12/site-packages/airflow/example_dags/tutorial.py took 0.030 seconds
[2026-02-14T16:16:43.853+0000] {processor.py:161} INFO - Started process (PID=3573) to work on /home/airflow/.local/lib/python3.12/site-packages/airflow/example_dags/tutorial.py
[2026-02-14T16:16:43.854+0000] {processor.py:830} INFO - Processing file /home/airflow/.local/lib/python3.12/site-packages/airflow/example_dags/tutorial.py for tasks to queue
[2026-02-14T16:16:43.854+0000] {logging_mixin.py:188} INFO - [2026-02-14T16:16:43.854+0000] {dagbag.py:545} INFO - Filling up the DagBag from /home/airflow/.local/lib/python3.12/site-packages/airflow/example_dags/tutorial.py
[2026-02-14T16:16:43.857+0000] {processor.py:840} INFO - DAG(s) 'tutorial' retrieved from /home/airflow/.local/lib/python3.12/site-packages/airflow/example_dags/tutorial.py
[2026-02-14T16:16:43.866+0000] {logging_mixin.py:188} INFO - [2026-02-14T16:16:43.866+0000] {dag.py:3089} INFO - Sync 1 DAGs
[2026-02-14T16:16:43.879+0000] {logging_mixin.py:188} INFO - [2026-02-14T16:16:43.879+0000] {dag.py:3947} INFO - Setting next_dagrun for tutorial to 2026-02-13 00:00:00+00:00, run_after=2026-02-14 00:00:00+00:00
[2026-02-14T16:16:43.886+0000] {processor.py:183} INFO - Processing /home/airflow/.local/lib/python3.12/site-packages/airflow/example_dags/tutorial.py took 0.035 seconds
[2026-02-14T16:17:14.389+0000] {processor.py:161} INFO - Started process (PID=3632) to work on /home/airflow/.local/lib/python3.12/site-packages/airflow/example_dags/tutorial.py
[2026-02-14T16:17:14.389+0000] {processor.py:830} INFO - Processing file /home/airflow/.local/lib/python3.12/site-packages/airflow/example_dags/tutorial.py for tasks to queue
[2026-02-14T16:17:14.391+0000] {logging_mixin.py:188} INFO - [2026-02-14T16:17:14.391+0000] {dagbag.py:545} INFO - Filling up the DagBag from /home/airflow/.local/lib/python3.12/site-packages/airflow/example_dags/tutorial.py
[2026-02-14T16:17:14.394+0000] {processor.py:840} INFO - DAG(s) 'tutorial' retrieved from /home/airflow/.local/lib/python3.12/site-packages/airflow/example_dags/tutorial.py
[2026-02-14T16:17:14.405+0000] {logging_mixin.py:188} INFO - [2026-02-14T16:17:14.405+0000] {dag.py:3089} INFO - Sync 1 DAGs
[2026-02-14T16:17:14.413+0000] {logging_mixin.py:188} INFO - [2026-02-14T16:17:14.413+0000] {dag.py:3947} INFO - Setting next_dagrun for tutorial to 2026-02-13 00:00:00+00:00, run_after=2026-02-14 00:00:00+00:00
[2026-02-14T16:17:14.423+0000] {processor.py:183} INFO - Processing /home/airflow/.local/lib/python3.12/site-packages/airflow/example_dags/tutorial.py took 0.037 seconds
[2026-02-14T16:17:45.151+0000] {processor.py:161} INFO - Started process (PID=3691) to work on /home/airflow/.local/lib/python3.12/site-packages/airflow/example_dags/tutorial.py
[2026-02-14T16:17:45.152+0000] {processor.py:830} INFO - Processing file /home/airflow/.local/lib/python3.12/site-packages/airflow/example_dags/tutorial.py for tasks to queue
[2026-02-14T16:17:45.154+0000] {logging_mixin.py:188} INFO - [2026-02-14T16:17:45.154+0000] {dagbag.py:545} INFO - Filling up the DagBag from /home/airflow/.local/lib/python3.12/site-packages/airflow/example_dags/tutorial.py
[2026-02-14T16:17:45.157+0000] {processor.py:840} INFO - DAG(s) 'tutorial' retrieved from /home/airflow/.local/lib/python3.12/site-packages/airflow/example_dags/tutorial.py
[2026-02-14T16:17:45.165+0000] {logging_mixin.py:188} INFO - [2026-02-14T16:17:45.165+0000] {dag.py:3089} INFO - Sync 1 DAGs
[2026-02-14T16:17:45.173+0000] {logging_mixin.py:188} INFO - [2026-02-14T16:17:45.173+0000] {dag.py:3947} INFO - Setting next_dagrun for tutorial to 2026-02-13 00:00:00+00:00, run_after=2026-02-14 00:00:00+00:00
[2026-02-14T16:17:45.180+0000] {processor.py:183} INFO - Processing /home/airflow/.local/lib/python3.12/site-packages/airflow/example_dags/tutorial.py took 0.031 seconds
[2026-02-14T16:18:15.677+0000] {processor.py:161} INFO - Started process (PID=3750) to work on /home/airflow/.local/lib/python3.12/site-packages/airflow/example_dags/tutorial.py
[2026-02-14T16:18:15.678+0000] {processor.py:830} INFO - Processing file /home/airflow/.local/lib/python3.12/site-packages/airflow/example_dags/tutorial.py for tasks to queue
[2026-02-14T16:18:15.679+0000] {logging_mixin.py:188} INFO - [2026-02-14T16:18:15.679+0000] {dagbag.py:545} INFO - Filling up the DagBag from /home/airflow/.local/lib/python3.12/site-packages/airflow/example_dags/tutorial.py
[2026-02-14T16:18:15.682+0000] {processor.py:840} INFO - DAG(s) 'tutorial' retrieved from /home/airflow/.local/lib/python3.12/site-packages/airflow/example_dags/tutorial.py
[2026-02-14T16:18:15.690+0000] {logging_mixin.py:188} INFO - [2026-02-14T16:18:15.689+0000] {dag.py:3089} INFO - Sync 1 DAGs
[2026-02-14T16:18:15.697+0000] {logging_mixin.py:188} INFO - [2026-02-14T16:18:15.696+0000] {dag.py:3947} INFO - Setting next_dagrun for tutorial to 2026-02-13 00:00:00+00:00, run_after=2026-02-14 00:00:00+00:00
[2026-02-14T16:18:15.704+0000] {processor.py:183} INFO - Processing /home/airflow/.local/lib/python3.12/site-packages/airflow/example_dags/tutorial.py took 0.029 seconds
[2026-02-14T16:18:46.607+0000] {processor.py:161} INFO - Started process (PID=3809) to work on /home/airflow/.local/lib/python3.12/site-packages/airflow/example_dags/tutorial.py
[2026-02-14T16:18:46.608+0000] {processor.py:830} INFO - Processing file /home/airflow/.local/lib/python3.12/site-packages/airflow/example_dags/tutorial.py for tasks to queue
[2026-02-14T16:18:46.611+0000] {logging_mixin.py:188} INFO - [2026-02-14T16:18:46.611+0000] {dagbag.py:545} INFO - Filling up the DagBag from /home/airflow/.local/lib/python3.12/site-packages/airflow/example_dags/tutorial.py
[2026-02-14T16:18:46.621+0000] {processor.py:840} INFO - DAG(s) 'tutorial' retrieved from /home/airflow/.local/lib/python3.12/site-packages/airflow/example_dags/tutorial.py
[2026-02-14T16:18:46.638+0000] {logging_mixin.py:188} INFO - [2026-02-14T16:18:46.637+0000] {dag.py:3089} INFO - Sync 1 DAGs
[2026-02-14T16:18:46.663+0000] {logging_mixin.py:188} INFO - [2026-02-14T16:18:46.663+0000] {dag.py:3947} INFO - Setting next_dagrun for tutorial to 2026-02-13 00:00:00+00:00, run_after=2026-02-14 00:00:00+00:00
[2026-02-14T16:18:46.678+0000] {processor.py:183} INFO - Processing /home/airflow/.local/lib/python3.12/site-packages/airflow/example_dags/tutorial.py took 0.077 seconds
[2026-02-14T16:19:17.552+0000] {processor.py:161} INFO - Started process (PID=3868) to work on /home/airflow/.local/lib/python3.12/site-packages/airflow/example_dags/tutorial.py
[2026-02-14T16:19:17.552+0000] {processor.py:830} INFO - Processing file /home/airflow/.local/lib/python3.12/site-packages/airflow/example_dags/tutorial.py for tasks to queue
[2026-02-14T16:19:17.555+0000] {logging_mixin.py:188} INFO - [2026-02-14T16:19:17.555+0000] {dagbag.py:545} INFO - Filling up the DagBag from /home/airflow/.local/lib/python3.12/site-packages/airflow/example_dags/tutorial.py
[2026-02-14T16:19:17.559+0000] {processor.py:840} INFO - DAG(s) 'tutorial' retrieved from /home/airflow/.local/lib/python3.12/site-packages/airflow/example_dags/tutorial.py
[2026-02-14T16:19:17.568+0000] {logging_mixin.py:188} INFO - [2026-02-14T16:19:17.568+0000] {dag.py:3089} INFO - Sync 1 DAGs
[2026-02-14T16:19:17.577+0000] {logging_mixin.py:188} INFO - [2026-02-14T16:19:17.577+0000] {dag.py:3947} INFO - Setting next_dagrun for tutorial to 2026-02-13 00:00:00+00:00, run_after=2026-02-14 00:00:00+00:00
[2026-02-14T16:19:17.586+0000] {processor.py:183} INFO - Processing /home/airflow/.local/lib/python3.12/site-packages/airflow/example_dags/tutorial.py took 0.037 seconds
[2026-02-14T16:19:48.533+0000] {processor.py:161} INFO - Started process (PID=3927) to work on /home/airflow/.local/lib/python3.12/site-packages/airflow/example_dags/tutorial.py
[2026-02-14T16:19:48.533+0000] {processor.py:830} INFO - Processing file /home/airflow/.local/lib/python3.12/site-packages/airflow/example_dags/tutorial.py for tasks to queue
[2026-02-14T16:19:48.535+0000] {logging_mixin.py:188} INFO - [2026-02-14T16:19:48.535+0000] {dagbag.py:545} INFO - Filling up the DagBag from /home/airflow/.local/lib/python3.12/site-packages/airflow/example_dags/tutorial.py
[2026-02-14T16:19:48.538+0000] {processor.py:840} INFO - DAG(s) 'tutorial' retrieved from /home/airflow/.local/lib/python3.12/site-packages/airflow/example_dags/tutorial.py
[2026-02-14T16:19:48.548+0000] {logging_mixin.py:188} INFO - [2026-02-14T16:19:48.548+0000] {dag.py:3089} INFO - Sync 1 DAGs
[2026-02-14T16:19:48.557+0000] {logging_mixin.py:188} INFO - [2026-02-14T16:19:48.557+0000] {dag.py:3947} INFO - Setting next_dagrun for tutorial to 2026-02-13 00:00:00+00:00, run_after=2026-02-14 00:00:00+00:00
[2026-02-14T16:19:48.567+0000] {processor.py:183} INFO - Processing /home/airflow/.local/lib/python3.12/site-packages/airflow/example_dags/tutorial.py took 0.038 seconds
[2026-02-14T16:20:19.363+0000] {processor.py:161} INFO - Started process (PID=3986) to work on /home/airflow/.local/lib/python3.12/site-packages/airflow/example_dags/tutorial.py
[2026-02-14T16:20:19.364+0000] {processor.py:830} INFO - Processing file /home/airflow/.local/lib/python3.12/site-packages/airflow/example_dags/tutorial.py for tasks to queue
[2026-02-14T16:20:19.364+0000] {logging_mixin.py:188} INFO - [2026-02-14T16:20:19.364+0000] {dagbag.py:545} INFO - Filling up the DagBag from /home/airflow/.local/lib/python3.12/site-packages/airflow/example_dags/tutorial.py
[2026-02-14T16:20:19.367+0000] {processor.py:840} INFO - DAG(s) 'tutorial' retrieved from /home/airflow/.local/lib/python3.12/site-packages/airflow/example_dags/tutorial.py
[2026-02-14T16:20:19.376+0000] {logging_mixin.py:188} INFO - [2026-02-14T16:20:19.376+0000] {dag.py:3089} INFO - Sync 1 DAGs
[2026-02-14T16:20:19.385+0000] {logging_mixin.py:188} INFO - [2026-02-14T16:20:19.385+0000] {dag.py:3947} INFO - Setting next_dagrun for tutorial to 2026-02-13 00:00:00+00:00, run_after=2026-02-14 00:00:00+00:00
[2026-02-14T16:20:19.393+0000] {processor.py:183} INFO - Processing /home/airflow/.local/lib/python3.12/site-packages/airflow/example_dags/tutorial.py took 0.033 seconds
[2026-02-14T16:20:50.295+0000] {processor.py:161} INFO - Started process (PID=4045) to work on /home/airflow/.local/lib/python3.12/site-packages/airflow/example_dags/tutorial.py
[2026-02-14T16:20:50.295+0000] {processor.py:830} INFO - Processing file /home/airflow/.local/lib/python3.12/site-packages/airflow/example_dags/tutorial.py for tasks to queue
[2026-02-14T16:20:50.296+0000] {logging_mixin.py:188} INFO - [2026-02-14T16:20:50.296+0000] {dagbag.py:545} INFO - Filling up the DagBag from /home/airflow/.local/lib/python3.12/site-packages/airflow/example_dags/tutorial.py
[2026-02-14T16:20:50.298+0000] {processor.py:840} INFO - DAG(s) 'tutorial' retrieved from /home/airflow/.local/lib/python3.12/site-packages/airflow/example_dags/tutorial.py
[2026-02-14T16:20:50.307+0000] {logging_mixin.py:188} INFO - [2026-02-14T16:20:50.307+0000] {dag.py:3089} INFO - Sync 1 DAGs
[2026-02-14T16:20:50.315+0000] {logging_mixin.py:188} INFO - [2026-02-14T16:20:50.315+0000] {dag.py:3947} INFO - Setting next_dagrun for tutorial to 2026-02-13 00:00:00+00:00, run_after=2026-02-14 00:00:00+00:00
[2026-02-14T16:20:50.323+0000] {processor.py:183} INFO - Processing /home/airflow/.local/lib/python3.12/site-packages/airflow/example_dags/tutorial.py took 0.030 seconds
[2026-02-14T16:21:20.769+0000] {processor.py:161} INFO - Started process (PID=4104) to work on /home/airflow/.local/lib/python3.12/site-packages/airflow/example_dags/tutorial.py
[2026-02-14T16:21:20.769+0000] {processor.py:830} INFO - Processing file /home/airflow/.local/lib/python3.12/site-packages/airflow/example_dags/tutorial.py for tasks to queue
[2026-02-14T16:21:20.770+0000] {logging_mixin.py:188} INFO - [2026-02-14T16:21:20.770+0000] {dagbag.py:545} INFO - Filling up the DagBag from /home/airflow/.local/lib/python3.12/site-packages/airflow/example_dags/tutorial.py
[2026-02-14T16:21:20.772+0000] {processor.py:840} INFO - DAG(s) 'tutorial' retrieved from /home/airflow/.local/lib/python3.12/site-packages/airflow/example_dags/tutorial.py
[2026-02-14T16:21:20.779+0000] {logging_mixin.py:188} INFO - [2026-02-14T16:21:20.779+0000] {dag.py:3089} INFO - Sync 1 DAGs
[2026-02-14T16:21:20.786+0000] {logging_mixin.py:188} INFO - [2026-02-14T16:21:20.786+0000] {dag.py:3947} INFO - Setting next_dagrun for tutorial to 2026-02-13 00:00:00+00:00, run_after=2026-02-14 00:00:00+00:00
[2026-02-14T16:21:20.792+0000] {processor.py:183} INFO - Processing /home/airflow/.local/lib/python3.12/site-packages/airflow/example_dags/tutorial.py took 0.025 seconds
