[2026-02-14T15:46:37.372+0000] {processor.py:161} INFO - Started process (PID=49) to work on /home/airflow/.local/lib/python3.12/site-packages/airflow/example_dags/tutorial_taskflow_api.py
[2026-02-14T15:46:37.373+0000] {processor.py:830} INFO - Processing file /home/airflow/.local/lib/python3.12/site-packages/airflow/example_dags/tutorial_taskflow_api.py for tasks to queue
[2026-02-14T15:46:37.375+0000] {logging_mixin.py:188} INFO - [2026-02-14T15:46:37.375+0000] {dagbag.py:545} INFO - Filling up the DagBag from /home/airflow/.local/lib/python3.12/site-packages/airflow/example_dags/tutorial_taskflow_api.py
[2026-02-14T15:46:37.393+0000] {processor.py:840} INFO - DAG(s) 'tutorial_taskflow_api' retrieved from /home/airflow/.local/lib/python3.12/site-packages/airflow/example_dags/tutorial_taskflow_api.py
[2026-02-14T15:46:37.411+0000] {logging_mixin.py:188} INFO - [2026-02-14T15:46:37.410+0000] {dag.py:3089} INFO - Sync 1 DAGs
[2026-02-14T15:46:37.429+0000] {logging_mixin.py:188} INFO - [2026-02-14T15:46:37.429+0000] {dag.py:3947} INFO - Setting next_dagrun for tutorial_taskflow_api to None, run_after=None
[2026-02-14T15:46:37.460+0000] {processor.py:183} INFO - Processing /home/airflow/.local/lib/python3.12/site-packages/airflow/example_dags/tutorial_taskflow_api.py took 0.098 seconds
[2026-02-14T15:47:08.408+0000] {processor.py:161} INFO - Started process (PID=108) to work on /home/airflow/.local/lib/python3.12/site-packages/airflow/example_dags/tutorial_taskflow_api.py
[2026-02-14T15:47:08.409+0000] {processor.py:830} INFO - Processing file /home/airflow/.local/lib/python3.12/site-packages/airflow/example_dags/tutorial_taskflow_api.py for tasks to queue
[2026-02-14T15:47:08.411+0000] {logging_mixin.py:188} INFO - [2026-02-14T15:47:08.411+0000] {dagbag.py:545} INFO - Filling up the DagBag from /home/airflow/.local/lib/python3.12/site-packages/airflow/example_dags/tutorial_taskflow_api.py
[2026-02-14T15:47:08.416+0000] {processor.py:840} INFO - DAG(s) 'tutorial_taskflow_api' retrieved from /home/airflow/.local/lib/python3.12/site-packages/airflow/example_dags/tutorial_taskflow_api.py
[2026-02-14T15:47:08.464+0000] {logging_mixin.py:188} INFO - [2026-02-14T15:47:08.464+0000] {dag.py:3089} INFO - Sync 1 DAGs
[2026-02-14T15:47:08.469+0000] {logging_mixin.py:188} INFO - [2026-02-14T15:47:08.468+0000] {dag.py:3947} INFO - Setting next_dagrun for tutorial_taskflow_api to None, run_after=None
[2026-02-14T15:47:08.482+0000] {processor.py:183} INFO - Processing /home/airflow/.local/lib/python3.12/site-packages/airflow/example_dags/tutorial_taskflow_api.py took 0.080 seconds
[2026-02-14T15:47:38.512+0000] {processor.py:161} INFO - Started process (PID=167) to work on /home/airflow/.local/lib/python3.12/site-packages/airflow/example_dags/tutorial_taskflow_api.py
[2026-02-14T15:47:38.513+0000] {processor.py:830} INFO - Processing file /home/airflow/.local/lib/python3.12/site-packages/airflow/example_dags/tutorial_taskflow_api.py for tasks to queue
[2026-02-14T15:47:38.515+0000] {logging_mixin.py:188} INFO - [2026-02-14T15:47:38.515+0000] {dagbag.py:545} INFO - Filling up the DagBag from /home/airflow/.local/lib/python3.12/site-packages/airflow/example_dags/tutorial_taskflow_api.py
[2026-02-14T15:47:38.522+0000] {processor.py:840} INFO - DAG(s) 'tutorial_taskflow_api' retrieved from /home/airflow/.local/lib/python3.12/site-packages/airflow/example_dags/tutorial_taskflow_api.py
[2026-02-14T15:47:38.541+0000] {logging_mixin.py:188} INFO - [2026-02-14T15:47:38.541+0000] {dag.py:3089} INFO - Sync 1 DAGs
[2026-02-14T15:47:38.550+0000] {logging_mixin.py:188} INFO - [2026-02-14T15:47:38.550+0000] {dag.py:3947} INFO - Setting next_dagrun for tutorial_taskflow_api to None, run_after=None
[2026-02-14T15:47:38.562+0000] {processor.py:183} INFO - Processing /home/airflow/.local/lib/python3.12/site-packages/airflow/example_dags/tutorial_taskflow_api.py took 0.059 seconds
[2026-02-14T15:48:09.156+0000] {processor.py:161} INFO - Started process (PID=232) to work on /home/airflow/.local/lib/python3.12/site-packages/airflow/example_dags/tutorial_taskflow_api.py
[2026-02-14T15:48:09.157+0000] {processor.py:830} INFO - Processing file /home/airflow/.local/lib/python3.12/site-packages/airflow/example_dags/tutorial_taskflow_api.py for tasks to queue
[2026-02-14T15:48:09.159+0000] {logging_mixin.py:188} INFO - [2026-02-14T15:48:09.159+0000] {dagbag.py:545} INFO - Filling up the DagBag from /home/airflow/.local/lib/python3.12/site-packages/airflow/example_dags/tutorial_taskflow_api.py
[2026-02-14T15:48:09.164+0000] {processor.py:840} INFO - DAG(s) 'tutorial_taskflow_api' retrieved from /home/airflow/.local/lib/python3.12/site-packages/airflow/example_dags/tutorial_taskflow_api.py
[2026-02-14T15:48:09.174+0000] {logging_mixin.py:188} INFO - [2026-02-14T15:48:09.174+0000] {dag.py:3089} INFO - Sync 1 DAGs
[2026-02-14T15:48:09.181+0000] {logging_mixin.py:188} INFO - [2026-02-14T15:48:09.181+0000] {dag.py:3947} INFO - Setting next_dagrun for tutorial_taskflow_api to None, run_after=None
[2026-02-14T15:48:09.192+0000] {processor.py:183} INFO - Processing /home/airflow/.local/lib/python3.12/site-packages/airflow/example_dags/tutorial_taskflow_api.py took 0.041 seconds
[2026-02-14T15:48:39.742+0000] {processor.py:161} INFO - Started process (PID=291) to work on /home/airflow/.local/lib/python3.12/site-packages/airflow/example_dags/tutorial_taskflow_api.py
[2026-02-14T15:48:39.744+0000] {processor.py:830} INFO - Processing file /home/airflow/.local/lib/python3.12/site-packages/airflow/example_dags/tutorial_taskflow_api.py for tasks to queue
[2026-02-14T15:48:39.745+0000] {logging_mixin.py:188} INFO - [2026-02-14T15:48:39.745+0000] {dagbag.py:545} INFO - Filling up the DagBag from /home/airflow/.local/lib/python3.12/site-packages/airflow/example_dags/tutorial_taskflow_api.py
[2026-02-14T15:48:39.748+0000] {processor.py:840} INFO - DAG(s) 'tutorial_taskflow_api' retrieved from /home/airflow/.local/lib/python3.12/site-packages/airflow/example_dags/tutorial_taskflow_api.py
[2026-02-14T15:48:39.760+0000] {logging_mixin.py:188} INFO - [2026-02-14T15:48:39.760+0000] {dag.py:3089} INFO - Sync 1 DAGs
[2026-02-14T15:48:39.768+0000] {logging_mixin.py:188} INFO - [2026-02-14T15:48:39.768+0000] {dag.py:3947} INFO - Setting next_dagrun for tutorial_taskflow_api to None, run_after=None
[2026-02-14T15:48:39.783+0000] {processor.py:183} INFO - Processing /home/airflow/.local/lib/python3.12/site-packages/airflow/example_dags/tutorial_taskflow_api.py took 0.044 seconds
[2026-02-14T15:49:10.409+0000] {processor.py:161} INFO - Started process (PID=350) to work on /home/airflow/.local/lib/python3.12/site-packages/airflow/example_dags/tutorial_taskflow_api.py
[2026-02-14T15:49:10.409+0000] {processor.py:830} INFO - Processing file /home/airflow/.local/lib/python3.12/site-packages/airflow/example_dags/tutorial_taskflow_api.py for tasks to queue
[2026-02-14T15:49:10.410+0000] {logging_mixin.py:188} INFO - [2026-02-14T15:49:10.410+0000] {dagbag.py:545} INFO - Filling up the DagBag from /home/airflow/.local/lib/python3.12/site-packages/airflow/example_dags/tutorial_taskflow_api.py
[2026-02-14T15:49:10.413+0000] {processor.py:840} INFO - DAG(s) 'tutorial_taskflow_api' retrieved from /home/airflow/.local/lib/python3.12/site-packages/airflow/example_dags/tutorial_taskflow_api.py
[2026-02-14T15:49:10.424+0000] {logging_mixin.py:188} INFO - [2026-02-14T15:49:10.424+0000] {dag.py:3089} INFO - Sync 1 DAGs
[2026-02-14T15:49:10.430+0000] {logging_mixin.py:188} INFO - [2026-02-14T15:49:10.430+0000] {dag.py:3947} INFO - Setting next_dagrun for tutorial_taskflow_api to None, run_after=None
[2026-02-14T15:49:10.439+0000] {processor.py:183} INFO - Processing /home/airflow/.local/lib/python3.12/site-packages/airflow/example_dags/tutorial_taskflow_api.py took 0.033 seconds
[2026-02-14T15:49:40.781+0000] {processor.py:161} INFO - Started process (PID=409) to work on /home/airflow/.local/lib/python3.12/site-packages/airflow/example_dags/tutorial_taskflow_api.py
[2026-02-14T15:49:40.782+0000] {processor.py:830} INFO - Processing file /home/airflow/.local/lib/python3.12/site-packages/airflow/example_dags/tutorial_taskflow_api.py for tasks to queue
[2026-02-14T15:49:40.784+0000] {logging_mixin.py:188} INFO - [2026-02-14T15:49:40.784+0000] {dagbag.py:545} INFO - Filling up the DagBag from /home/airflow/.local/lib/python3.12/site-packages/airflow/example_dags/tutorial_taskflow_api.py
[2026-02-14T15:49:40.791+0000] {processor.py:840} INFO - DAG(s) 'tutorial_taskflow_api' retrieved from /home/airflow/.local/lib/python3.12/site-packages/airflow/example_dags/tutorial_taskflow_api.py
[2026-02-14T15:49:40.803+0000] {logging_mixin.py:188} INFO - [2026-02-14T15:49:40.802+0000] {dag.py:3089} INFO - Sync 1 DAGs
[2026-02-14T15:49:40.808+0000] {logging_mixin.py:188} INFO - [2026-02-14T15:49:40.808+0000] {dag.py:3947} INFO - Setting next_dagrun for tutorial_taskflow_api to None, run_after=None
[2026-02-14T15:49:40.818+0000] {processor.py:183} INFO - Processing /home/airflow/.local/lib/python3.12/site-packages/airflow/example_dags/tutorial_taskflow_api.py took 0.041 seconds
[2026-02-14T15:50:11.192+0000] {processor.py:161} INFO - Started process (PID=468) to work on /home/airflow/.local/lib/python3.12/site-packages/airflow/example_dags/tutorial_taskflow_api.py
[2026-02-14T15:50:11.193+0000] {processor.py:830} INFO - Processing file /home/airflow/.local/lib/python3.12/site-packages/airflow/example_dags/tutorial_taskflow_api.py for tasks to queue
[2026-02-14T15:50:11.194+0000] {logging_mixin.py:188} INFO - [2026-02-14T15:50:11.194+0000] {dagbag.py:545} INFO - Filling up the DagBag from /home/airflow/.local/lib/python3.12/site-packages/airflow/example_dags/tutorial_taskflow_api.py
[2026-02-14T15:50:11.200+0000] {processor.py:840} INFO - DAG(s) 'tutorial_taskflow_api' retrieved from /home/airflow/.local/lib/python3.12/site-packages/airflow/example_dags/tutorial_taskflow_api.py
[2026-02-14T15:50:11.217+0000] {logging_mixin.py:188} INFO - [2026-02-14T15:50:11.217+0000] {dag.py:3089} INFO - Sync 1 DAGs
[2026-02-14T15:50:11.222+0000] {logging_mixin.py:188} INFO - [2026-02-14T15:50:11.222+0000] {dag.py:3947} INFO - Setting next_dagrun for tutorial_taskflow_api to None, run_after=None
[2026-02-14T15:50:11.230+0000] {processor.py:183} INFO - Processing /home/airflow/.local/lib/python3.12/site-packages/airflow/example_dags/tutorial_taskflow_api.py took 0.044 seconds
[2026-02-14T15:50:41.620+0000] {processor.py:161} INFO - Started process (PID=527) to work on /home/airflow/.local/lib/python3.12/site-packages/airflow/example_dags/tutorial_taskflow_api.py
[2026-02-14T15:50:41.621+0000] {processor.py:830} INFO - Processing file /home/airflow/.local/lib/python3.12/site-packages/airflow/example_dags/tutorial_taskflow_api.py for tasks to queue
[2026-02-14T15:50:41.623+0000] {logging_mixin.py:188} INFO - [2026-02-14T15:50:41.623+0000] {dagbag.py:545} INFO - Filling up the DagBag from /home/airflow/.local/lib/python3.12/site-packages/airflow/example_dags/tutorial_taskflow_api.py
[2026-02-14T15:50:41.628+0000] {processor.py:840} INFO - DAG(s) 'tutorial_taskflow_api' retrieved from /home/airflow/.local/lib/python3.12/site-packages/airflow/example_dags/tutorial_taskflow_api.py
[2026-02-14T15:50:41.642+0000] {logging_mixin.py:188} INFO - [2026-02-14T15:50:41.642+0000] {dag.py:3089} INFO - Sync 1 DAGs
[2026-02-14T15:50:41.649+0000] {logging_mixin.py:188} INFO - [2026-02-14T15:50:41.649+0000] {dag.py:3947} INFO - Setting next_dagrun for tutorial_taskflow_api to None, run_after=None
[2026-02-14T15:50:41.659+0000] {processor.py:183} INFO - Processing /home/airflow/.local/lib/python3.12/site-packages/airflow/example_dags/tutorial_taskflow_api.py took 0.045 seconds
[2026-02-14T15:51:12.308+0000] {processor.py:161} INFO - Started process (PID=586) to work on /home/airflow/.local/lib/python3.12/site-packages/airflow/example_dags/tutorial_taskflow_api.py
[2026-02-14T15:51:12.310+0000] {processor.py:830} INFO - Processing file /home/airflow/.local/lib/python3.12/site-packages/airflow/example_dags/tutorial_taskflow_api.py for tasks to queue
[2026-02-14T15:51:12.312+0000] {logging_mixin.py:188} INFO - [2026-02-14T15:51:12.311+0000] {dagbag.py:545} INFO - Filling up the DagBag from /home/airflow/.local/lib/python3.12/site-packages/airflow/example_dags/tutorial_taskflow_api.py
[2026-02-14T15:51:12.316+0000] {processor.py:840} INFO - DAG(s) 'tutorial_taskflow_api' retrieved from /home/airflow/.local/lib/python3.12/site-packages/airflow/example_dags/tutorial_taskflow_api.py
[2026-02-14T15:51:12.330+0000] {logging_mixin.py:188} INFO - [2026-02-14T15:51:12.330+0000] {dag.py:3089} INFO - Sync 1 DAGs
[2026-02-14T15:51:12.345+0000] {logging_mixin.py:188} INFO - [2026-02-14T15:51:12.345+0000] {dag.py:3947} INFO - Setting next_dagrun for tutorial_taskflow_api to None, run_after=None
[2026-02-14T15:51:12.373+0000] {processor.py:183} INFO - Processing /home/airflow/.local/lib/python3.12/site-packages/airflow/example_dags/tutorial_taskflow_api.py took 0.070 seconds
[2026-02-14T15:51:42.861+0000] {processor.py:161} INFO - Started process (PID=645) to work on /home/airflow/.local/lib/python3.12/site-packages/airflow/example_dags/tutorial_taskflow_api.py
[2026-02-14T15:51:42.862+0000] {processor.py:830} INFO - Processing file /home/airflow/.local/lib/python3.12/site-packages/airflow/example_dags/tutorial_taskflow_api.py for tasks to queue
[2026-02-14T15:51:42.864+0000] {logging_mixin.py:188} INFO - [2026-02-14T15:51:42.863+0000] {dagbag.py:545} INFO - Filling up the DagBag from /home/airflow/.local/lib/python3.12/site-packages/airflow/example_dags/tutorial_taskflow_api.py
[2026-02-14T15:51:42.870+0000] {processor.py:840} INFO - DAG(s) 'tutorial_taskflow_api' retrieved from /home/airflow/.local/lib/python3.12/site-packages/airflow/example_dags/tutorial_taskflow_api.py
[2026-02-14T15:51:42.882+0000] {logging_mixin.py:188} INFO - [2026-02-14T15:51:42.882+0000] {dag.py:3089} INFO - Sync 1 DAGs
[2026-02-14T15:51:42.888+0000] {logging_mixin.py:188} INFO - [2026-02-14T15:51:42.888+0000] {dag.py:3947} INFO - Setting next_dagrun for tutorial_taskflow_api to None, run_after=None
[2026-02-14T15:51:42.895+0000] {processor.py:183} INFO - Processing /home/airflow/.local/lib/python3.12/site-packages/airflow/example_dags/tutorial_taskflow_api.py took 0.040 seconds
[2026-02-14T15:52:13.307+0000] {processor.py:161} INFO - Started process (PID=704) to work on /home/airflow/.local/lib/python3.12/site-packages/airflow/example_dags/tutorial_taskflow_api.py
[2026-02-14T15:52:13.308+0000] {processor.py:830} INFO - Processing file /home/airflow/.local/lib/python3.12/site-packages/airflow/example_dags/tutorial_taskflow_api.py for tasks to queue
[2026-02-14T15:52:13.310+0000] {logging_mixin.py:188} INFO - [2026-02-14T15:52:13.310+0000] {dagbag.py:545} INFO - Filling up the DagBag from /home/airflow/.local/lib/python3.12/site-packages/airflow/example_dags/tutorial_taskflow_api.py
[2026-02-14T15:52:13.318+0000] {processor.py:840} INFO - DAG(s) 'tutorial_taskflow_api' retrieved from /home/airflow/.local/lib/python3.12/site-packages/airflow/example_dags/tutorial_taskflow_api.py
[2026-02-14T15:52:13.333+0000] {logging_mixin.py:188} INFO - [2026-02-14T15:52:13.333+0000] {dag.py:3089} INFO - Sync 1 DAGs
[2026-02-14T15:52:13.339+0000] {logging_mixin.py:188} INFO - [2026-02-14T15:52:13.339+0000] {dag.py:3947} INFO - Setting next_dagrun for tutorial_taskflow_api to None, run_after=None
[2026-02-14T15:52:13.348+0000] {processor.py:183} INFO - Processing /home/airflow/.local/lib/python3.12/site-packages/airflow/example_dags/tutorial_taskflow_api.py took 0.049 seconds
[2026-02-14T15:52:43.793+0000] {processor.py:161} INFO - Started process (PID=763) to work on /home/airflow/.local/lib/python3.12/site-packages/airflow/example_dags/tutorial_taskflow_api.py
[2026-02-14T15:52:43.794+0000] {processor.py:830} INFO - Processing file /home/airflow/.local/lib/python3.12/site-packages/airflow/example_dags/tutorial_taskflow_api.py for tasks to queue
[2026-02-14T15:52:43.795+0000] {logging_mixin.py:188} INFO - [2026-02-14T15:52:43.795+0000] {dagbag.py:545} INFO - Filling up the DagBag from /home/airflow/.local/lib/python3.12/site-packages/airflow/example_dags/tutorial_taskflow_api.py
[2026-02-14T15:52:43.799+0000] {processor.py:840} INFO - DAG(s) 'tutorial_taskflow_api' retrieved from /home/airflow/.local/lib/python3.12/site-packages/airflow/example_dags/tutorial_taskflow_api.py
[2026-02-14T15:52:43.810+0000] {logging_mixin.py:188} INFO - [2026-02-14T15:52:43.810+0000] {dag.py:3089} INFO - Sync 1 DAGs
[2026-02-14T15:52:43.816+0000] {logging_mixin.py:188} INFO - [2026-02-14T15:52:43.816+0000] {dag.py:3947} INFO - Setting next_dagrun for tutorial_taskflow_api to None, run_after=None
[2026-02-14T15:52:43.827+0000] {processor.py:183} INFO - Processing /home/airflow/.local/lib/python3.12/site-packages/airflow/example_dags/tutorial_taskflow_api.py took 0.039 seconds
[2026-02-14T15:53:14.135+0000] {processor.py:161} INFO - Started process (PID=822) to work on /home/airflow/.local/lib/python3.12/site-packages/airflow/example_dags/tutorial_taskflow_api.py
[2026-02-14T15:53:14.136+0000] {processor.py:830} INFO - Processing file /home/airflow/.local/lib/python3.12/site-packages/airflow/example_dags/tutorial_taskflow_api.py for tasks to queue
[2026-02-14T15:53:14.138+0000] {logging_mixin.py:188} INFO - [2026-02-14T15:53:14.138+0000] {dagbag.py:545} INFO - Filling up the DagBag from /home/airflow/.local/lib/python3.12/site-packages/airflow/example_dags/tutorial_taskflow_api.py
[2026-02-14T15:53:14.145+0000] {processor.py:840} INFO - DAG(s) 'tutorial_taskflow_api' retrieved from /home/airflow/.local/lib/python3.12/site-packages/airflow/example_dags/tutorial_taskflow_api.py
[2026-02-14T15:53:14.160+0000] {logging_mixin.py:188} INFO - [2026-02-14T15:53:14.160+0000] {dag.py:3089} INFO - Sync 1 DAGs
[2026-02-14T15:53:14.165+0000] {logging_mixin.py:188} INFO - [2026-02-14T15:53:14.165+0000] {dag.py:3947} INFO - Setting next_dagrun for tutorial_taskflow_api to None, run_after=None
[2026-02-14T15:53:14.175+0000] {processor.py:183} INFO - Processing /home/airflow/.local/lib/python3.12/site-packages/airflow/example_dags/tutorial_taskflow_api.py took 0.049 seconds
[2026-02-14T15:53:44.453+0000] {processor.py:161} INFO - Started process (PID=881) to work on /home/airflow/.local/lib/python3.12/site-packages/airflow/example_dags/tutorial_taskflow_api.py
[2026-02-14T15:53:44.455+0000] {processor.py:830} INFO - Processing file /home/airflow/.local/lib/python3.12/site-packages/airflow/example_dags/tutorial_taskflow_api.py for tasks to queue
[2026-02-14T15:53:44.457+0000] {logging_mixin.py:188} INFO - [2026-02-14T15:53:44.457+0000] {dagbag.py:545} INFO - Filling up the DagBag from /home/airflow/.local/lib/python3.12/site-packages/airflow/example_dags/tutorial_taskflow_api.py
[2026-02-14T15:53:44.464+0000] {processor.py:840} INFO - DAG(s) 'tutorial_taskflow_api' retrieved from /home/airflow/.local/lib/python3.12/site-packages/airflow/example_dags/tutorial_taskflow_api.py
[2026-02-14T15:53:44.475+0000] {logging_mixin.py:188} INFO - [2026-02-14T15:53:44.475+0000] {dag.py:3089} INFO - Sync 1 DAGs
[2026-02-14T15:53:44.481+0000] {logging_mixin.py:188} INFO - [2026-02-14T15:53:44.481+0000] {dag.py:3947} INFO - Setting next_dagrun for tutorial_taskflow_api to None, run_after=None
[2026-02-14T15:53:44.491+0000] {processor.py:183} INFO - Processing /home/airflow/.local/lib/python3.12/site-packages/airflow/example_dags/tutorial_taskflow_api.py took 0.047 seconds
[2026-02-14T15:54:14.892+0000] {processor.py:161} INFO - Started process (PID=940) to work on /home/airflow/.local/lib/python3.12/site-packages/airflow/example_dags/tutorial_taskflow_api.py
[2026-02-14T15:54:14.894+0000] {processor.py:830} INFO - Processing file /home/airflow/.local/lib/python3.12/site-packages/airflow/example_dags/tutorial_taskflow_api.py for tasks to queue
[2026-02-14T15:54:14.896+0000] {logging_mixin.py:188} INFO - [2026-02-14T15:54:14.896+0000] {dagbag.py:545} INFO - Filling up the DagBag from /home/airflow/.local/lib/python3.12/site-packages/airflow/example_dags/tutorial_taskflow_api.py
[2026-02-14T15:54:14.901+0000] {processor.py:840} INFO - DAG(s) 'tutorial_taskflow_api' retrieved from /home/airflow/.local/lib/python3.12/site-packages/airflow/example_dags/tutorial_taskflow_api.py
[2026-02-14T15:54:14.914+0000] {logging_mixin.py:188} INFO - [2026-02-14T15:54:14.914+0000] {dag.py:3089} INFO - Sync 1 DAGs
[2026-02-14T15:54:14.922+0000] {logging_mixin.py:188} INFO - [2026-02-14T15:54:14.922+0000] {dag.py:3947} INFO - Setting next_dagrun for tutorial_taskflow_api to None, run_after=None
[2026-02-14T15:54:14.930+0000] {processor.py:183} INFO - Processing /home/airflow/.local/lib/python3.12/site-packages/airflow/example_dags/tutorial_taskflow_api.py took 0.044 seconds
[2026-02-14T15:54:45.403+0000] {processor.py:161} INFO - Started process (PID=999) to work on /home/airflow/.local/lib/python3.12/site-packages/airflow/example_dags/tutorial_taskflow_api.py
[2026-02-14T15:54:45.405+0000] {processor.py:830} INFO - Processing file /home/airflow/.local/lib/python3.12/site-packages/airflow/example_dags/tutorial_taskflow_api.py for tasks to queue
[2026-02-14T15:54:45.407+0000] {logging_mixin.py:188} INFO - [2026-02-14T15:54:45.407+0000] {dagbag.py:545} INFO - Filling up the DagBag from /home/airflow/.local/lib/python3.12/site-packages/airflow/example_dags/tutorial_taskflow_api.py
[2026-02-14T15:54:45.412+0000] {processor.py:840} INFO - DAG(s) 'tutorial_taskflow_api' retrieved from /home/airflow/.local/lib/python3.12/site-packages/airflow/example_dags/tutorial_taskflow_api.py
[2026-02-14T15:54:45.427+0000] {logging_mixin.py:188} INFO - [2026-02-14T15:54:45.427+0000] {dag.py:3089} INFO - Sync 1 DAGs
[2026-02-14T15:54:45.433+0000] {logging_mixin.py:188} INFO - [2026-02-14T15:54:45.433+0000] {dag.py:3947} INFO - Setting next_dagrun for tutorial_taskflow_api to None, run_after=None
[2026-02-14T15:54:45.440+0000] {processor.py:183} INFO - Processing /home/airflow/.local/lib/python3.12/site-packages/airflow/example_dags/tutorial_taskflow_api.py took 0.044 seconds
[2026-02-14T15:55:15.647+0000] {processor.py:161} INFO - Started process (PID=1058) to work on /home/airflow/.local/lib/python3.12/site-packages/airflow/example_dags/tutorial_taskflow_api.py
[2026-02-14T15:55:15.649+0000] {processor.py:830} INFO - Processing file /home/airflow/.local/lib/python3.12/site-packages/airflow/example_dags/tutorial_taskflow_api.py for tasks to queue
[2026-02-14T15:55:15.651+0000] {logging_mixin.py:188} INFO - [2026-02-14T15:55:15.651+0000] {dagbag.py:545} INFO - Filling up the DagBag from /home/airflow/.local/lib/python3.12/site-packages/airflow/example_dags/tutorial_taskflow_api.py
[2026-02-14T15:55:15.655+0000] {processor.py:840} INFO - DAG(s) 'tutorial_taskflow_api' retrieved from /home/airflow/.local/lib/python3.12/site-packages/airflow/example_dags/tutorial_taskflow_api.py
[2026-02-14T15:55:15.674+0000] {logging_mixin.py:188} INFO - [2026-02-14T15:55:15.674+0000] {dag.py:3089} INFO - Sync 1 DAGs
[2026-02-14T15:55:15.683+0000] {logging_mixin.py:188} INFO - [2026-02-14T15:55:15.683+0000] {dag.py:3947} INFO - Setting next_dagrun for tutorial_taskflow_api to None, run_after=None
[2026-02-14T15:55:15.704+0000] {processor.py:183} INFO - Processing /home/airflow/.local/lib/python3.12/site-packages/airflow/example_dags/tutorial_taskflow_api.py took 0.061 seconds
[2026-02-14T15:55:46.345+0000] {processor.py:161} INFO - Started process (PID=1116) to work on /home/airflow/.local/lib/python3.12/site-packages/airflow/example_dags/tutorial_taskflow_api.py
[2026-02-14T15:55:46.345+0000] {processor.py:830} INFO - Processing file /home/airflow/.local/lib/python3.12/site-packages/airflow/example_dags/tutorial_taskflow_api.py for tasks to queue
[2026-02-14T15:55:46.346+0000] {logging_mixin.py:188} INFO - [2026-02-14T15:55:46.346+0000] {dagbag.py:545} INFO - Filling up the DagBag from /home/airflow/.local/lib/python3.12/site-packages/airflow/example_dags/tutorial_taskflow_api.py
[2026-02-14T15:55:46.348+0000] {processor.py:840} INFO - DAG(s) 'tutorial_taskflow_api' retrieved from /home/airflow/.local/lib/python3.12/site-packages/airflow/example_dags/tutorial_taskflow_api.py
[2026-02-14T15:55:46.355+0000] {logging_mixin.py:188} INFO - [2026-02-14T15:55:46.354+0000] {dag.py:3089} INFO - Sync 1 DAGs
[2026-02-14T15:55:46.359+0000] {logging_mixin.py:188} INFO - [2026-02-14T15:55:46.358+0000] {dag.py:3947} INFO - Setting next_dagrun for tutorial_taskflow_api to None, run_after=None
[2026-02-14T15:55:46.365+0000] {processor.py:183} INFO - Processing /home/airflow/.local/lib/python3.12/site-packages/airflow/example_dags/tutorial_taskflow_api.py took 0.022 seconds
[2026-02-14T15:56:16.846+0000] {processor.py:161} INFO - Started process (PID=1175) to work on /home/airflow/.local/lib/python3.12/site-packages/airflow/example_dags/tutorial_taskflow_api.py
[2026-02-14T15:56:16.847+0000] {processor.py:830} INFO - Processing file /home/airflow/.local/lib/python3.12/site-packages/airflow/example_dags/tutorial_taskflow_api.py for tasks to queue
[2026-02-14T15:56:16.848+0000] {logging_mixin.py:188} INFO - [2026-02-14T15:56:16.848+0000] {dagbag.py:545} INFO - Filling up the DagBag from /home/airflow/.local/lib/python3.12/site-packages/airflow/example_dags/tutorial_taskflow_api.py
[2026-02-14T15:56:16.850+0000] {processor.py:840} INFO - DAG(s) 'tutorial_taskflow_api' retrieved from /home/airflow/.local/lib/python3.12/site-packages/airflow/example_dags/tutorial_taskflow_api.py
[2026-02-14T15:56:16.860+0000] {logging_mixin.py:188} INFO - [2026-02-14T15:56:16.859+0000] {dag.py:3089} INFO - Sync 1 DAGs
[2026-02-14T15:56:16.864+0000] {logging_mixin.py:188} INFO - [2026-02-14T15:56:16.864+0000] {dag.py:3947} INFO - Setting next_dagrun for tutorial_taskflow_api to None, run_after=None
[2026-02-14T15:56:16.870+0000] {processor.py:183} INFO - Processing /home/airflow/.local/lib/python3.12/site-packages/airflow/example_dags/tutorial_taskflow_api.py took 0.027 seconds
[2026-02-14T15:56:47.362+0000] {processor.py:161} INFO - Started process (PID=1234) to work on /home/airflow/.local/lib/python3.12/site-packages/airflow/example_dags/tutorial_taskflow_api.py
[2026-02-14T15:56:47.362+0000] {processor.py:830} INFO - Processing file /home/airflow/.local/lib/python3.12/site-packages/airflow/example_dags/tutorial_taskflow_api.py for tasks to queue
[2026-02-14T15:56:47.364+0000] {logging_mixin.py:188} INFO - [2026-02-14T15:56:47.364+0000] {dagbag.py:545} INFO - Filling up the DagBag from /home/airflow/.local/lib/python3.12/site-packages/airflow/example_dags/tutorial_taskflow_api.py
[2026-02-14T15:56:47.367+0000] {processor.py:840} INFO - DAG(s) 'tutorial_taskflow_api' retrieved from /home/airflow/.local/lib/python3.12/site-packages/airflow/example_dags/tutorial_taskflow_api.py
[2026-02-14T15:56:47.374+0000] {logging_mixin.py:188} INFO - [2026-02-14T15:56:47.374+0000] {dag.py:3089} INFO - Sync 1 DAGs
[2026-02-14T15:56:47.379+0000] {logging_mixin.py:188} INFO - [2026-02-14T15:56:47.379+0000] {dag.py:3947} INFO - Setting next_dagrun for tutorial_taskflow_api to None, run_after=None
[2026-02-14T15:56:47.388+0000] {processor.py:183} INFO - Processing /home/airflow/.local/lib/python3.12/site-packages/airflow/example_dags/tutorial_taskflow_api.py took 0.030 seconds
[2026-02-14T15:57:17.984+0000] {processor.py:161} INFO - Started process (PID=1293) to work on /home/airflow/.local/lib/python3.12/site-packages/airflow/example_dags/tutorial_taskflow_api.py
[2026-02-14T15:57:17.985+0000] {processor.py:830} INFO - Processing file /home/airflow/.local/lib/python3.12/site-packages/airflow/example_dags/tutorial_taskflow_api.py for tasks to queue
[2026-02-14T15:57:17.986+0000] {logging_mixin.py:188} INFO - [2026-02-14T15:57:17.986+0000] {dagbag.py:545} INFO - Filling up the DagBag from /home/airflow/.local/lib/python3.12/site-packages/airflow/example_dags/tutorial_taskflow_api.py
[2026-02-14T15:57:17.988+0000] {processor.py:840} INFO - DAG(s) 'tutorial_taskflow_api' retrieved from /home/airflow/.local/lib/python3.12/site-packages/airflow/example_dags/tutorial_taskflow_api.py
[2026-02-14T15:57:17.996+0000] {logging_mixin.py:188} INFO - [2026-02-14T15:57:17.996+0000] {dag.py:3089} INFO - Sync 1 DAGs
[2026-02-14T15:57:18.001+0000] {logging_mixin.py:188} INFO - [2026-02-14T15:57:18.001+0000] {dag.py:3947} INFO - Setting next_dagrun for tutorial_taskflow_api to None, run_after=None
[2026-02-14T15:57:18.007+0000] {processor.py:183} INFO - Processing /home/airflow/.local/lib/python3.12/site-packages/airflow/example_dags/tutorial_taskflow_api.py took 0.026 seconds
[2026-02-14T15:57:48.705+0000] {processor.py:161} INFO - Started process (PID=1352) to work on /home/airflow/.local/lib/python3.12/site-packages/airflow/example_dags/tutorial_taskflow_api.py
[2026-02-14T15:57:48.706+0000] {processor.py:830} INFO - Processing file /home/airflow/.local/lib/python3.12/site-packages/airflow/example_dags/tutorial_taskflow_api.py for tasks to queue
[2026-02-14T15:57:48.707+0000] {logging_mixin.py:188} INFO - [2026-02-14T15:57:48.706+0000] {dagbag.py:545} INFO - Filling up the DagBag from /home/airflow/.local/lib/python3.12/site-packages/airflow/example_dags/tutorial_taskflow_api.py
[2026-02-14T15:57:48.709+0000] {processor.py:840} INFO - DAG(s) 'tutorial_taskflow_api' retrieved from /home/airflow/.local/lib/python3.12/site-packages/airflow/example_dags/tutorial_taskflow_api.py
[2026-02-14T15:57:48.717+0000] {logging_mixin.py:188} INFO - [2026-02-14T15:57:48.717+0000] {dag.py:3089} INFO - Sync 1 DAGs
[2026-02-14T15:57:48.722+0000] {logging_mixin.py:188} INFO - [2026-02-14T15:57:48.722+0000] {dag.py:3947} INFO - Setting next_dagrun for tutorial_taskflow_api to None, run_after=None
[2026-02-14T15:57:48.732+0000] {processor.py:183} INFO - Processing /home/airflow/.local/lib/python3.12/site-packages/airflow/example_dags/tutorial_taskflow_api.py took 0.030 seconds
[2026-02-14T15:58:19.052+0000] {processor.py:161} INFO - Started process (PID=1411) to work on /home/airflow/.local/lib/python3.12/site-packages/airflow/example_dags/tutorial_taskflow_api.py
[2026-02-14T15:58:19.052+0000] {processor.py:830} INFO - Processing file /home/airflow/.local/lib/python3.12/site-packages/airflow/example_dags/tutorial_taskflow_api.py for tasks to queue
[2026-02-14T15:58:19.053+0000] {logging_mixin.py:188} INFO - [2026-02-14T15:58:19.053+0000] {dagbag.py:545} INFO - Filling up the DagBag from /home/airflow/.local/lib/python3.12/site-packages/airflow/example_dags/tutorial_taskflow_api.py
[2026-02-14T15:58:19.057+0000] {processor.py:840} INFO - DAG(s) 'tutorial_taskflow_api' retrieved from /home/airflow/.local/lib/python3.12/site-packages/airflow/example_dags/tutorial_taskflow_api.py
[2026-02-14T15:58:19.066+0000] {logging_mixin.py:188} INFO - [2026-02-14T15:58:19.066+0000] {dag.py:3089} INFO - Sync 1 DAGs
[2026-02-14T15:58:19.070+0000] {logging_mixin.py:188} INFO - [2026-02-14T15:58:19.070+0000] {dag.py:3947} INFO - Setting next_dagrun for tutorial_taskflow_api to None, run_after=None
[2026-02-14T15:58:19.077+0000] {processor.py:183} INFO - Processing /home/airflow/.local/lib/python3.12/site-packages/airflow/example_dags/tutorial_taskflow_api.py took 0.027 seconds
[2026-02-14T15:58:49.427+0000] {processor.py:161} INFO - Started process (PID=1470) to work on /home/airflow/.local/lib/python3.12/site-packages/airflow/example_dags/tutorial_taskflow_api.py
[2026-02-14T15:58:49.428+0000] {processor.py:830} INFO - Processing file /home/airflow/.local/lib/python3.12/site-packages/airflow/example_dags/tutorial_taskflow_api.py for tasks to queue
[2026-02-14T15:58:49.428+0000] {logging_mixin.py:188} INFO - [2026-02-14T15:58:49.428+0000] {dagbag.py:545} INFO - Filling up the DagBag from /home/airflow/.local/lib/python3.12/site-packages/airflow/example_dags/tutorial_taskflow_api.py
[2026-02-14T15:58:49.431+0000] {processor.py:840} INFO - DAG(s) 'tutorial_taskflow_api' retrieved from /home/airflow/.local/lib/python3.12/site-packages/airflow/example_dags/tutorial_taskflow_api.py
[2026-02-14T15:58:49.439+0000] {logging_mixin.py:188} INFO - [2026-02-14T15:58:49.438+0000] {dag.py:3089} INFO - Sync 1 DAGs
[2026-02-14T15:58:49.443+0000] {logging_mixin.py:188} INFO - [2026-02-14T15:58:49.443+0000] {dag.py:3947} INFO - Setting next_dagrun for tutorial_taskflow_api to None, run_after=None
[2026-02-14T15:58:49.451+0000] {processor.py:183} INFO - Processing /home/airflow/.local/lib/python3.12/site-packages/airflow/example_dags/tutorial_taskflow_api.py took 0.027 seconds
[2026-02-14T15:59:19.748+0000] {processor.py:161} INFO - Started process (PID=1529) to work on /home/airflow/.local/lib/python3.12/site-packages/airflow/example_dags/tutorial_taskflow_api.py
[2026-02-14T15:59:19.749+0000] {processor.py:830} INFO - Processing file /home/airflow/.local/lib/python3.12/site-packages/airflow/example_dags/tutorial_taskflow_api.py for tasks to queue
[2026-02-14T15:59:19.750+0000] {logging_mixin.py:188} INFO - [2026-02-14T15:59:19.750+0000] {dagbag.py:545} INFO - Filling up the DagBag from /home/airflow/.local/lib/python3.12/site-packages/airflow/example_dags/tutorial_taskflow_api.py
[2026-02-14T15:59:19.753+0000] {processor.py:840} INFO - DAG(s) 'tutorial_taskflow_api' retrieved from /home/airflow/.local/lib/python3.12/site-packages/airflow/example_dags/tutorial_taskflow_api.py
[2026-02-14T15:59:19.762+0000] {logging_mixin.py:188} INFO - [2026-02-14T15:59:19.762+0000] {dag.py:3089} INFO - Sync 1 DAGs
[2026-02-14T15:59:19.767+0000] {logging_mixin.py:188} INFO - [2026-02-14T15:59:19.767+0000] {dag.py:3947} INFO - Setting next_dagrun for tutorial_taskflow_api to None, run_after=None
[2026-02-14T15:59:19.774+0000] {processor.py:183} INFO - Processing /home/airflow/.local/lib/python3.12/site-packages/airflow/example_dags/tutorial_taskflow_api.py took 0.028 seconds
[2026-02-14T15:59:50.655+0000] {processor.py:161} INFO - Started process (PID=1588) to work on /home/airflow/.local/lib/python3.12/site-packages/airflow/example_dags/tutorial_taskflow_api.py
[2026-02-14T15:59:50.656+0000] {processor.py:830} INFO - Processing file /home/airflow/.local/lib/python3.12/site-packages/airflow/example_dags/tutorial_taskflow_api.py for tasks to queue
[2026-02-14T15:59:50.656+0000] {logging_mixin.py:188} INFO - [2026-02-14T15:59:50.656+0000] {dagbag.py:545} INFO - Filling up the DagBag from /home/airflow/.local/lib/python3.12/site-packages/airflow/example_dags/tutorial_taskflow_api.py
[2026-02-14T15:59:50.659+0000] {processor.py:840} INFO - DAG(s) 'tutorial_taskflow_api' retrieved from /home/airflow/.local/lib/python3.12/site-packages/airflow/example_dags/tutorial_taskflow_api.py
[2026-02-14T15:59:50.667+0000] {logging_mixin.py:188} INFO - [2026-02-14T15:59:50.667+0000] {dag.py:3089} INFO - Sync 1 DAGs
[2026-02-14T15:59:50.742+0000] {logging_mixin.py:188} INFO - [2026-02-14T15:59:50.742+0000] {dag.py:3947} INFO - Setting next_dagrun for tutorial_taskflow_api to None, run_after=None
[2026-02-14T15:59:50.752+0000] {processor.py:183} INFO - Processing /home/airflow/.local/lib/python3.12/site-packages/airflow/example_dags/tutorial_taskflow_api.py took 0.099 seconds
[2026-02-14T16:00:20.887+0000] {processor.py:161} INFO - Started process (PID=1647) to work on /home/airflow/.local/lib/python3.12/site-packages/airflow/example_dags/tutorial_taskflow_api.py
[2026-02-14T16:00:20.887+0000] {processor.py:830} INFO - Processing file /home/airflow/.local/lib/python3.12/site-packages/airflow/example_dags/tutorial_taskflow_api.py for tasks to queue
[2026-02-14T16:00:20.888+0000] {logging_mixin.py:188} INFO - [2026-02-14T16:00:20.888+0000] {dagbag.py:545} INFO - Filling up the DagBag from /home/airflow/.local/lib/python3.12/site-packages/airflow/example_dags/tutorial_taskflow_api.py
[2026-02-14T16:00:20.890+0000] {processor.py:840} INFO - DAG(s) 'tutorial_taskflow_api' retrieved from /home/airflow/.local/lib/python3.12/site-packages/airflow/example_dags/tutorial_taskflow_api.py
[2026-02-14T16:00:20.899+0000] {logging_mixin.py:188} INFO - [2026-02-14T16:00:20.899+0000] {dag.py:3089} INFO - Sync 1 DAGs
[2026-02-14T16:00:20.904+0000] {logging_mixin.py:188} INFO - [2026-02-14T16:00:20.904+0000] {dag.py:3947} INFO - Setting next_dagrun for tutorial_taskflow_api to None, run_after=None
[2026-02-14T16:00:20.912+0000] {processor.py:183} INFO - Processing /home/airflow/.local/lib/python3.12/site-packages/airflow/example_dags/tutorial_taskflow_api.py took 0.027 seconds
[2026-02-14T16:00:51.407+0000] {processor.py:161} INFO - Started process (PID=1706) to work on /home/airflow/.local/lib/python3.12/site-packages/airflow/example_dags/tutorial_taskflow_api.py
[2026-02-14T16:00:51.408+0000] {processor.py:830} INFO - Processing file /home/airflow/.local/lib/python3.12/site-packages/airflow/example_dags/tutorial_taskflow_api.py for tasks to queue
[2026-02-14T16:00:51.409+0000] {logging_mixin.py:188} INFO - [2026-02-14T16:00:51.409+0000] {dagbag.py:545} INFO - Filling up the DagBag from /home/airflow/.local/lib/python3.12/site-packages/airflow/example_dags/tutorial_taskflow_api.py
[2026-02-14T16:00:51.412+0000] {processor.py:840} INFO - DAG(s) 'tutorial_taskflow_api' retrieved from /home/airflow/.local/lib/python3.12/site-packages/airflow/example_dags/tutorial_taskflow_api.py
[2026-02-14T16:00:51.420+0000] {logging_mixin.py:188} INFO - [2026-02-14T16:00:51.420+0000] {dag.py:3089} INFO - Sync 1 DAGs
[2026-02-14T16:00:51.427+0000] {logging_mixin.py:188} INFO - [2026-02-14T16:00:51.427+0000] {dag.py:3947} INFO - Setting next_dagrun for tutorial_taskflow_api to None, run_after=None
[2026-02-14T16:00:51.436+0000] {processor.py:183} INFO - Processing /home/airflow/.local/lib/python3.12/site-packages/airflow/example_dags/tutorial_taskflow_api.py took 0.031 seconds
[2026-02-14T16:01:21.902+0000] {processor.py:161} INFO - Started process (PID=1765) to work on /home/airflow/.local/lib/python3.12/site-packages/airflow/example_dags/tutorial_taskflow_api.py
[2026-02-14T16:01:21.902+0000] {processor.py:830} INFO - Processing file /home/airflow/.local/lib/python3.12/site-packages/airflow/example_dags/tutorial_taskflow_api.py for tasks to queue
[2026-02-14T16:01:21.903+0000] {logging_mixin.py:188} INFO - [2026-02-14T16:01:21.903+0000] {dagbag.py:545} INFO - Filling up the DagBag from /home/airflow/.local/lib/python3.12/site-packages/airflow/example_dags/tutorial_taskflow_api.py
[2026-02-14T16:01:21.906+0000] {processor.py:840} INFO - DAG(s) 'tutorial_taskflow_api' retrieved from /home/airflow/.local/lib/python3.12/site-packages/airflow/example_dags/tutorial_taskflow_api.py
[2026-02-14T16:01:21.915+0000] {logging_mixin.py:188} INFO - [2026-02-14T16:01:21.915+0000] {dag.py:3089} INFO - Sync 1 DAGs
[2026-02-14T16:01:21.920+0000] {logging_mixin.py:188} INFO - [2026-02-14T16:01:21.920+0000] {dag.py:3947} INFO - Setting next_dagrun for tutorial_taskflow_api to None, run_after=None
[2026-02-14T16:01:21.928+0000] {processor.py:183} INFO - Processing /home/airflow/.local/lib/python3.12/site-packages/airflow/example_dags/tutorial_taskflow_api.py took 0.029 seconds
[2026-02-14T16:01:52.256+0000] {processor.py:161} INFO - Started process (PID=1824) to work on /home/airflow/.local/lib/python3.12/site-packages/airflow/example_dags/tutorial_taskflow_api.py
[2026-02-14T16:01:52.256+0000] {processor.py:830} INFO - Processing file /home/airflow/.local/lib/python3.12/site-packages/airflow/example_dags/tutorial_taskflow_api.py for tasks to queue
[2026-02-14T16:01:52.257+0000] {logging_mixin.py:188} INFO - [2026-02-14T16:01:52.256+0000] {dagbag.py:545} INFO - Filling up the DagBag from /home/airflow/.local/lib/python3.12/site-packages/airflow/example_dags/tutorial_taskflow_api.py
[2026-02-14T16:01:52.259+0000] {processor.py:840} INFO - DAG(s) 'tutorial_taskflow_api' retrieved from /home/airflow/.local/lib/python3.12/site-packages/airflow/example_dags/tutorial_taskflow_api.py
[2026-02-14T16:01:52.266+0000] {logging_mixin.py:188} INFO - [2026-02-14T16:01:52.266+0000] {dag.py:3089} INFO - Sync 1 DAGs
[2026-02-14T16:01:52.271+0000] {logging_mixin.py:188} INFO - [2026-02-14T16:01:52.270+0000] {dag.py:3947} INFO - Setting next_dagrun for tutorial_taskflow_api to None, run_after=None
[2026-02-14T16:01:52.276+0000] {processor.py:183} INFO - Processing /home/airflow/.local/lib/python3.12/site-packages/airflow/example_dags/tutorial_taskflow_api.py took 0.022 seconds
[2026-02-14T16:02:22.657+0000] {processor.py:161} INFO - Started process (PID=1883) to work on /home/airflow/.local/lib/python3.12/site-packages/airflow/example_dags/tutorial_taskflow_api.py
[2026-02-14T16:02:22.658+0000] {processor.py:830} INFO - Processing file /home/airflow/.local/lib/python3.12/site-packages/airflow/example_dags/tutorial_taskflow_api.py for tasks to queue
[2026-02-14T16:02:22.658+0000] {logging_mixin.py:188} INFO - [2026-02-14T16:02:22.658+0000] {dagbag.py:545} INFO - Filling up the DagBag from /home/airflow/.local/lib/python3.12/site-packages/airflow/example_dags/tutorial_taskflow_api.py
[2026-02-14T16:02:22.661+0000] {processor.py:840} INFO - DAG(s) 'tutorial_taskflow_api' retrieved from /home/airflow/.local/lib/python3.12/site-packages/airflow/example_dags/tutorial_taskflow_api.py
[2026-02-14T16:02:22.671+0000] {logging_mixin.py:188} INFO - [2026-02-14T16:02:22.671+0000] {dag.py:3089} INFO - Sync 1 DAGs
[2026-02-14T16:02:22.677+0000] {logging_mixin.py:188} INFO - [2026-02-14T16:02:22.677+0000] {dag.py:3947} INFO - Setting next_dagrun for tutorial_taskflow_api to None, run_after=None
[2026-02-14T16:02:22.687+0000] {processor.py:183} INFO - Processing /home/airflow/.local/lib/python3.12/site-packages/airflow/example_dags/tutorial_taskflow_api.py took 0.032 seconds
[2026-02-14T16:02:53.099+0000] {processor.py:161} INFO - Started process (PID=1942) to work on /home/airflow/.local/lib/python3.12/site-packages/airflow/example_dags/tutorial_taskflow_api.py
[2026-02-14T16:02:53.100+0000] {processor.py:830} INFO - Processing file /home/airflow/.local/lib/python3.12/site-packages/airflow/example_dags/tutorial_taskflow_api.py for tasks to queue
[2026-02-14T16:02:53.101+0000] {logging_mixin.py:188} INFO - [2026-02-14T16:02:53.101+0000] {dagbag.py:545} INFO - Filling up the DagBag from /home/airflow/.local/lib/python3.12/site-packages/airflow/example_dags/tutorial_taskflow_api.py
[2026-02-14T16:02:53.104+0000] {processor.py:840} INFO - DAG(s) 'tutorial_taskflow_api' retrieved from /home/airflow/.local/lib/python3.12/site-packages/airflow/example_dags/tutorial_taskflow_api.py
[2026-02-14T16:02:53.115+0000] {logging_mixin.py:188} INFO - [2026-02-14T16:02:53.115+0000] {dag.py:3089} INFO - Sync 1 DAGs
[2026-02-14T16:02:53.120+0000] {logging_mixin.py:188} INFO - [2026-02-14T16:02:53.120+0000] {dag.py:3947} INFO - Setting next_dagrun for tutorial_taskflow_api to None, run_after=None
[2026-02-14T16:02:53.128+0000] {processor.py:183} INFO - Processing /home/airflow/.local/lib/python3.12/site-packages/airflow/example_dags/tutorial_taskflow_api.py took 0.032 seconds
[2026-02-14T16:03:23.690+0000] {processor.py:161} INFO - Started process (PID=2001) to work on /home/airflow/.local/lib/python3.12/site-packages/airflow/example_dags/tutorial_taskflow_api.py
[2026-02-14T16:03:23.691+0000] {processor.py:830} INFO - Processing file /home/airflow/.local/lib/python3.12/site-packages/airflow/example_dags/tutorial_taskflow_api.py for tasks to queue
[2026-02-14T16:03:23.692+0000] {logging_mixin.py:188} INFO - [2026-02-14T16:03:23.692+0000] {dagbag.py:545} INFO - Filling up the DagBag from /home/airflow/.local/lib/python3.12/site-packages/airflow/example_dags/tutorial_taskflow_api.py
[2026-02-14T16:03:23.695+0000] {processor.py:840} INFO - DAG(s) 'tutorial_taskflow_api' retrieved from /home/airflow/.local/lib/python3.12/site-packages/airflow/example_dags/tutorial_taskflow_api.py
[2026-02-14T16:03:23.703+0000] {logging_mixin.py:188} INFO - [2026-02-14T16:03:23.703+0000] {dag.py:3089} INFO - Sync 1 DAGs
[2026-02-14T16:03:23.709+0000] {logging_mixin.py:188} INFO - [2026-02-14T16:03:23.709+0000] {dag.py:3947} INFO - Setting next_dagrun for tutorial_taskflow_api to None, run_after=None
[2026-02-14T16:03:23.720+0000] {processor.py:183} INFO - Processing /home/airflow/.local/lib/python3.12/site-packages/airflow/example_dags/tutorial_taskflow_api.py took 0.033 seconds
[2026-02-14T16:03:54.232+0000] {processor.py:161} INFO - Started process (PID=2060) to work on /home/airflow/.local/lib/python3.12/site-packages/airflow/example_dags/tutorial_taskflow_api.py
[2026-02-14T16:03:54.233+0000] {processor.py:830} INFO - Processing file /home/airflow/.local/lib/python3.12/site-packages/airflow/example_dags/tutorial_taskflow_api.py for tasks to queue
[2026-02-14T16:03:54.233+0000] {logging_mixin.py:188} INFO - [2026-02-14T16:03:54.233+0000] {dagbag.py:545} INFO - Filling up the DagBag from /home/airflow/.local/lib/python3.12/site-packages/airflow/example_dags/tutorial_taskflow_api.py
[2026-02-14T16:03:54.236+0000] {processor.py:840} INFO - DAG(s) 'tutorial_taskflow_api' retrieved from /home/airflow/.local/lib/python3.12/site-packages/airflow/example_dags/tutorial_taskflow_api.py
[2026-02-14T16:03:54.242+0000] {logging_mixin.py:188} INFO - [2026-02-14T16:03:54.242+0000] {dag.py:3089} INFO - Sync 1 DAGs
[2026-02-14T16:03:54.246+0000] {logging_mixin.py:188} INFO - [2026-02-14T16:03:54.246+0000] {dag.py:3947} INFO - Setting next_dagrun for tutorial_taskflow_api to None, run_after=None
[2026-02-14T16:03:54.252+0000] {processor.py:183} INFO - Processing /home/airflow/.local/lib/python3.12/site-packages/airflow/example_dags/tutorial_taskflow_api.py took 0.021 seconds
[2026-02-14T16:04:24.928+0000] {processor.py:161} INFO - Started process (PID=2119) to work on /home/airflow/.local/lib/python3.12/site-packages/airflow/example_dags/tutorial_taskflow_api.py
[2026-02-14T16:04:24.929+0000] {processor.py:830} INFO - Processing file /home/airflow/.local/lib/python3.12/site-packages/airflow/example_dags/tutorial_taskflow_api.py for tasks to queue
[2026-02-14T16:04:24.930+0000] {logging_mixin.py:188} INFO - [2026-02-14T16:04:24.930+0000] {dagbag.py:545} INFO - Filling up the DagBag from /home/airflow/.local/lib/python3.12/site-packages/airflow/example_dags/tutorial_taskflow_api.py
[2026-02-14T16:04:24.934+0000] {processor.py:840} INFO - DAG(s) 'tutorial_taskflow_api' retrieved from /home/airflow/.local/lib/python3.12/site-packages/airflow/example_dags/tutorial_taskflow_api.py
[2026-02-14T16:04:24.946+0000] {logging_mixin.py:188} INFO - [2026-02-14T16:04:24.946+0000] {dag.py:3089} INFO - Sync 1 DAGs
[2026-02-14T16:04:24.954+0000] {logging_mixin.py:188} INFO - [2026-02-14T16:04:24.954+0000] {dag.py:3947} INFO - Setting next_dagrun for tutorial_taskflow_api to None, run_after=None
[2026-02-14T16:04:24.965+0000] {processor.py:183} INFO - Processing /home/airflow/.local/lib/python3.12/site-packages/airflow/example_dags/tutorial_taskflow_api.py took 0.040 seconds
[2026-02-14T16:04:55.410+0000] {processor.py:161} INFO - Started process (PID=2178) to work on /home/airflow/.local/lib/python3.12/site-packages/airflow/example_dags/tutorial_taskflow_api.py
[2026-02-14T16:04:55.411+0000] {processor.py:830} INFO - Processing file /home/airflow/.local/lib/python3.12/site-packages/airflow/example_dags/tutorial_taskflow_api.py for tasks to queue
[2026-02-14T16:04:55.411+0000] {logging_mixin.py:188} INFO - [2026-02-14T16:04:55.411+0000] {dagbag.py:545} INFO - Filling up the DagBag from /home/airflow/.local/lib/python3.12/site-packages/airflow/example_dags/tutorial_taskflow_api.py
[2026-02-14T16:04:55.414+0000] {processor.py:840} INFO - DAG(s) 'tutorial_taskflow_api' retrieved from /home/airflow/.local/lib/python3.12/site-packages/airflow/example_dags/tutorial_taskflow_api.py
[2026-02-14T16:04:55.423+0000] {logging_mixin.py:188} INFO - [2026-02-14T16:04:55.423+0000] {dag.py:3089} INFO - Sync 1 DAGs
[2026-02-14T16:04:55.427+0000] {logging_mixin.py:188} INFO - [2026-02-14T16:04:55.427+0000] {dag.py:3947} INFO - Setting next_dagrun for tutorial_taskflow_api to None, run_after=None
[2026-02-14T16:04:55.434+0000] {processor.py:183} INFO - Processing /home/airflow/.local/lib/python3.12/site-packages/airflow/example_dags/tutorial_taskflow_api.py took 0.026 seconds
[2026-02-14T16:05:25.919+0000] {processor.py:161} INFO - Started process (PID=2237) to work on /home/airflow/.local/lib/python3.12/site-packages/airflow/example_dags/tutorial_taskflow_api.py
[2026-02-14T16:05:25.920+0000] {processor.py:830} INFO - Processing file /home/airflow/.local/lib/python3.12/site-packages/airflow/example_dags/tutorial_taskflow_api.py for tasks to queue
[2026-02-14T16:05:25.920+0000] {logging_mixin.py:188} INFO - [2026-02-14T16:05:25.920+0000] {dagbag.py:545} INFO - Filling up the DagBag from /home/airflow/.local/lib/python3.12/site-packages/airflow/example_dags/tutorial_taskflow_api.py
[2026-02-14T16:05:25.923+0000] {processor.py:840} INFO - DAG(s) 'tutorial_taskflow_api' retrieved from /home/airflow/.local/lib/python3.12/site-packages/airflow/example_dags/tutorial_taskflow_api.py
[2026-02-14T16:05:25.931+0000] {logging_mixin.py:188} INFO - [2026-02-14T16:05:25.931+0000] {dag.py:3089} INFO - Sync 1 DAGs
[2026-02-14T16:05:25.936+0000] {logging_mixin.py:188} INFO - [2026-02-14T16:05:25.935+0000] {dag.py:3947} INFO - Setting next_dagrun for tutorial_taskflow_api to None, run_after=None
[2026-02-14T16:05:25.945+0000] {processor.py:183} INFO - Processing /home/airflow/.local/lib/python3.12/site-packages/airflow/example_dags/tutorial_taskflow_api.py took 0.029 seconds
[2026-02-14T16:05:56.406+0000] {processor.py:161} INFO - Started process (PID=2296) to work on /home/airflow/.local/lib/python3.12/site-packages/airflow/example_dags/tutorial_taskflow_api.py
[2026-02-14T16:05:56.407+0000] {processor.py:830} INFO - Processing file /home/airflow/.local/lib/python3.12/site-packages/airflow/example_dags/tutorial_taskflow_api.py for tasks to queue
[2026-02-14T16:05:56.408+0000] {logging_mixin.py:188} INFO - [2026-02-14T16:05:56.408+0000] {dagbag.py:545} INFO - Filling up the DagBag from /home/airflow/.local/lib/python3.12/site-packages/airflow/example_dags/tutorial_taskflow_api.py
[2026-02-14T16:05:56.410+0000] {processor.py:840} INFO - DAG(s) 'tutorial_taskflow_api' retrieved from /home/airflow/.local/lib/python3.12/site-packages/airflow/example_dags/tutorial_taskflow_api.py
[2026-02-14T16:05:56.419+0000] {logging_mixin.py:188} INFO - [2026-02-14T16:05:56.419+0000] {dag.py:3089} INFO - Sync 1 DAGs
[2026-02-14T16:05:56.426+0000] {logging_mixin.py:188} INFO - [2026-02-14T16:05:56.426+0000] {dag.py:3947} INFO - Setting next_dagrun for tutorial_taskflow_api to None, run_after=None
[2026-02-14T16:05:56.436+0000] {processor.py:183} INFO - Processing /home/airflow/.local/lib/python3.12/site-packages/airflow/example_dags/tutorial_taskflow_api.py took 0.031 seconds
[2026-02-14T16:06:26.840+0000] {processor.py:161} INFO - Started process (PID=2355) to work on /home/airflow/.local/lib/python3.12/site-packages/airflow/example_dags/tutorial_taskflow_api.py
[2026-02-14T16:06:26.841+0000] {processor.py:830} INFO - Processing file /home/airflow/.local/lib/python3.12/site-packages/airflow/example_dags/tutorial_taskflow_api.py for tasks to queue
[2026-02-14T16:06:26.843+0000] {logging_mixin.py:188} INFO - [2026-02-14T16:06:26.842+0000] {dagbag.py:545} INFO - Filling up the DagBag from /home/airflow/.local/lib/python3.12/site-packages/airflow/example_dags/tutorial_taskflow_api.py
[2026-02-14T16:06:26.846+0000] {processor.py:840} INFO - DAG(s) 'tutorial_taskflow_api' retrieved from /home/airflow/.local/lib/python3.12/site-packages/airflow/example_dags/tutorial_taskflow_api.py
[2026-02-14T16:06:26.855+0000] {logging_mixin.py:188} INFO - [2026-02-14T16:06:26.855+0000] {dag.py:3089} INFO - Sync 1 DAGs
[2026-02-14T16:06:26.860+0000] {logging_mixin.py:188} INFO - [2026-02-14T16:06:26.860+0000] {dag.py:3947} INFO - Setting next_dagrun for tutorial_taskflow_api to None, run_after=None
[2026-02-14T16:06:26.867+0000] {processor.py:183} INFO - Processing /home/airflow/.local/lib/python3.12/site-packages/airflow/example_dags/tutorial_taskflow_api.py took 0.029 seconds
[2026-02-14T16:06:57.771+0000] {processor.py:161} INFO - Started process (PID=2414) to work on /home/airflow/.local/lib/python3.12/site-packages/airflow/example_dags/tutorial_taskflow_api.py
[2026-02-14T16:06:57.772+0000] {processor.py:830} INFO - Processing file /home/airflow/.local/lib/python3.12/site-packages/airflow/example_dags/tutorial_taskflow_api.py for tasks to queue
[2026-02-14T16:06:57.775+0000] {logging_mixin.py:188} INFO - [2026-02-14T16:06:57.775+0000] {dagbag.py:545} INFO - Filling up the DagBag from /home/airflow/.local/lib/python3.12/site-packages/airflow/example_dags/tutorial_taskflow_api.py
[2026-02-14T16:06:57.781+0000] {processor.py:840} INFO - DAG(s) 'tutorial_taskflow_api' retrieved from /home/airflow/.local/lib/python3.12/site-packages/airflow/example_dags/tutorial_taskflow_api.py
[2026-02-14T16:06:57.798+0000] {logging_mixin.py:188} INFO - [2026-02-14T16:06:57.797+0000] {dag.py:3089} INFO - Sync 1 DAGs
[2026-02-14T16:06:57.811+0000] {logging_mixin.py:188} INFO - [2026-02-14T16:06:57.811+0000] {dag.py:3947} INFO - Setting next_dagrun for tutorial_taskflow_api to None, run_after=None
[2026-02-14T16:06:57.833+0000] {processor.py:183} INFO - Processing /home/airflow/.local/lib/python3.12/site-packages/airflow/example_dags/tutorial_taskflow_api.py took 0.065 seconds
[2026-02-14T16:07:28.386+0000] {processor.py:161} INFO - Started process (PID=2473) to work on /home/airflow/.local/lib/python3.12/site-packages/airflow/example_dags/tutorial_taskflow_api.py
[2026-02-14T16:07:28.387+0000] {processor.py:830} INFO - Processing file /home/airflow/.local/lib/python3.12/site-packages/airflow/example_dags/tutorial_taskflow_api.py for tasks to queue
[2026-02-14T16:07:28.387+0000] {logging_mixin.py:188} INFO - [2026-02-14T16:07:28.387+0000] {dagbag.py:545} INFO - Filling up the DagBag from /home/airflow/.local/lib/python3.12/site-packages/airflow/example_dags/tutorial_taskflow_api.py
[2026-02-14T16:07:28.390+0000] {processor.py:840} INFO - DAG(s) 'tutorial_taskflow_api' retrieved from /home/airflow/.local/lib/python3.12/site-packages/airflow/example_dags/tutorial_taskflow_api.py
[2026-02-14T16:07:28.397+0000] {logging_mixin.py:188} INFO - [2026-02-14T16:07:28.397+0000] {dag.py:3089} INFO - Sync 1 DAGs
[2026-02-14T16:07:28.403+0000] {logging_mixin.py:188} INFO - [2026-02-14T16:07:28.403+0000] {dag.py:3947} INFO - Setting next_dagrun for tutorial_taskflow_api to None, run_after=None
[2026-02-14T16:07:28.412+0000] {processor.py:183} INFO - Processing /home/airflow/.local/lib/python3.12/site-packages/airflow/example_dags/tutorial_taskflow_api.py took 0.028 seconds
[2026-02-14T16:07:59.150+0000] {processor.py:161} INFO - Started process (PID=2532) to work on /home/airflow/.local/lib/python3.12/site-packages/airflow/example_dags/tutorial_taskflow_api.py
[2026-02-14T16:07:59.150+0000] {processor.py:830} INFO - Processing file /home/airflow/.local/lib/python3.12/site-packages/airflow/example_dags/tutorial_taskflow_api.py for tasks to queue
[2026-02-14T16:07:59.151+0000] {logging_mixin.py:188} INFO - [2026-02-14T16:07:59.150+0000] {dagbag.py:545} INFO - Filling up the DagBag from /home/airflow/.local/lib/python3.12/site-packages/airflow/example_dags/tutorial_taskflow_api.py
[2026-02-14T16:07:59.153+0000] {processor.py:840} INFO - DAG(s) 'tutorial_taskflow_api' retrieved from /home/airflow/.local/lib/python3.12/site-packages/airflow/example_dags/tutorial_taskflow_api.py
[2026-02-14T16:07:59.162+0000] {logging_mixin.py:188} INFO - [2026-02-14T16:07:59.162+0000] {dag.py:3089} INFO - Sync 1 DAGs
[2026-02-14T16:07:59.166+0000] {logging_mixin.py:188} INFO - [2026-02-14T16:07:59.166+0000] {dag.py:3947} INFO - Setting next_dagrun for tutorial_taskflow_api to None, run_after=None
[2026-02-14T16:07:59.175+0000] {processor.py:183} INFO - Processing /home/airflow/.local/lib/python3.12/site-packages/airflow/example_dags/tutorial_taskflow_api.py took 0.028 seconds
[2026-02-14T16:08:29.650+0000] {processor.py:161} INFO - Started process (PID=2591) to work on /home/airflow/.local/lib/python3.12/site-packages/airflow/example_dags/tutorial_taskflow_api.py
[2026-02-14T16:08:29.651+0000] {processor.py:830} INFO - Processing file /home/airflow/.local/lib/python3.12/site-packages/airflow/example_dags/tutorial_taskflow_api.py for tasks to queue
[2026-02-14T16:08:29.651+0000] {logging_mixin.py:188} INFO - [2026-02-14T16:08:29.651+0000] {dagbag.py:545} INFO - Filling up the DagBag from /home/airflow/.local/lib/python3.12/site-packages/airflow/example_dags/tutorial_taskflow_api.py
[2026-02-14T16:08:29.654+0000] {processor.py:840} INFO - DAG(s) 'tutorial_taskflow_api' retrieved from /home/airflow/.local/lib/python3.12/site-packages/airflow/example_dags/tutorial_taskflow_api.py
[2026-02-14T16:08:29.663+0000] {logging_mixin.py:188} INFO - [2026-02-14T16:08:29.663+0000] {dag.py:3089} INFO - Sync 1 DAGs
[2026-02-14T16:08:29.669+0000] {logging_mixin.py:188} INFO - [2026-02-14T16:08:29.669+0000] {dag.py:3947} INFO - Setting next_dagrun for tutorial_taskflow_api to None, run_after=None
[2026-02-14T16:08:29.682+0000] {processor.py:183} INFO - Processing /home/airflow/.local/lib/python3.12/site-packages/airflow/example_dags/tutorial_taskflow_api.py took 0.035 seconds
[2026-02-14T16:09:00.086+0000] {processor.py:161} INFO - Started process (PID=2650) to work on /home/airflow/.local/lib/python3.12/site-packages/airflow/example_dags/tutorial_taskflow_api.py
[2026-02-14T16:09:00.087+0000] {processor.py:830} INFO - Processing file /home/airflow/.local/lib/python3.12/site-packages/airflow/example_dags/tutorial_taskflow_api.py for tasks to queue
[2026-02-14T16:09:00.088+0000] {logging_mixin.py:188} INFO - [2026-02-14T16:09:00.087+0000] {dagbag.py:545} INFO - Filling up the DagBag from /home/airflow/.local/lib/python3.12/site-packages/airflow/example_dags/tutorial_taskflow_api.py
[2026-02-14T16:09:00.091+0000] {processor.py:840} INFO - DAG(s) 'tutorial_taskflow_api' retrieved from /home/airflow/.local/lib/python3.12/site-packages/airflow/example_dags/tutorial_taskflow_api.py
[2026-02-14T16:09:00.100+0000] {logging_mixin.py:188} INFO - [2026-02-14T16:09:00.100+0000] {dag.py:3089} INFO - Sync 1 DAGs
[2026-02-14T16:09:00.107+0000] {logging_mixin.py:188} INFO - [2026-02-14T16:09:00.107+0000] {dag.py:3947} INFO - Setting next_dagrun for tutorial_taskflow_api to None, run_after=None
[2026-02-14T16:09:00.120+0000] {processor.py:183} INFO - Processing /home/airflow/.local/lib/python3.12/site-packages/airflow/example_dags/tutorial_taskflow_api.py took 0.037 seconds
[2026-02-14T16:09:30.574+0000] {processor.py:161} INFO - Started process (PID=2709) to work on /home/airflow/.local/lib/python3.12/site-packages/airflow/example_dags/tutorial_taskflow_api.py
[2026-02-14T16:09:30.574+0000] {processor.py:830} INFO - Processing file /home/airflow/.local/lib/python3.12/site-packages/airflow/example_dags/tutorial_taskflow_api.py for tasks to queue
[2026-02-14T16:09:30.575+0000] {logging_mixin.py:188} INFO - [2026-02-14T16:09:30.575+0000] {dagbag.py:545} INFO - Filling up the DagBag from /home/airflow/.local/lib/python3.12/site-packages/airflow/example_dags/tutorial_taskflow_api.py
[2026-02-14T16:09:30.578+0000] {processor.py:840} INFO - DAG(s) 'tutorial_taskflow_api' retrieved from /home/airflow/.local/lib/python3.12/site-packages/airflow/example_dags/tutorial_taskflow_api.py
[2026-02-14T16:09:30.586+0000] {logging_mixin.py:188} INFO - [2026-02-14T16:09:30.585+0000] {dag.py:3089} INFO - Sync 1 DAGs
[2026-02-14T16:09:30.590+0000] {logging_mixin.py:188} INFO - [2026-02-14T16:09:30.590+0000] {dag.py:3947} INFO - Setting next_dagrun for tutorial_taskflow_api to None, run_after=None
[2026-02-14T16:09:30.596+0000] {processor.py:183} INFO - Processing /home/airflow/.local/lib/python3.12/site-packages/airflow/example_dags/tutorial_taskflow_api.py took 0.024 seconds
[2026-02-14T16:10:00.855+0000] {processor.py:161} INFO - Started process (PID=2768) to work on /home/airflow/.local/lib/python3.12/site-packages/airflow/example_dags/tutorial_taskflow_api.py
[2026-02-14T16:10:00.856+0000] {processor.py:830} INFO - Processing file /home/airflow/.local/lib/python3.12/site-packages/airflow/example_dags/tutorial_taskflow_api.py for tasks to queue
[2026-02-14T16:10:00.856+0000] {logging_mixin.py:188} INFO - [2026-02-14T16:10:00.856+0000] {dagbag.py:545} INFO - Filling up the DagBag from /home/airflow/.local/lib/python3.12/site-packages/airflow/example_dags/tutorial_taskflow_api.py
[2026-02-14T16:10:00.859+0000] {processor.py:840} INFO - DAG(s) 'tutorial_taskflow_api' retrieved from /home/airflow/.local/lib/python3.12/site-packages/airflow/example_dags/tutorial_taskflow_api.py
[2026-02-14T16:10:00.867+0000] {logging_mixin.py:188} INFO - [2026-02-14T16:10:00.867+0000] {dag.py:3089} INFO - Sync 1 DAGs
[2026-02-14T16:10:00.873+0000] {logging_mixin.py:188} INFO - [2026-02-14T16:10:00.872+0000] {dag.py:3947} INFO - Setting next_dagrun for tutorial_taskflow_api to None, run_after=None
[2026-02-14T16:10:00.879+0000] {processor.py:183} INFO - Processing /home/airflow/.local/lib/python3.12/site-packages/airflow/example_dags/tutorial_taskflow_api.py took 0.026 seconds
[2026-02-14T16:10:31.265+0000] {processor.py:161} INFO - Started process (PID=2826) to work on /home/airflow/.local/lib/python3.12/site-packages/airflow/example_dags/tutorial_taskflow_api.py
[2026-02-14T16:10:31.266+0000] {processor.py:830} INFO - Processing file /home/airflow/.local/lib/python3.12/site-packages/airflow/example_dags/tutorial_taskflow_api.py for tasks to queue
[2026-02-14T16:10:31.267+0000] {logging_mixin.py:188} INFO - [2026-02-14T16:10:31.266+0000] {dagbag.py:545} INFO - Filling up the DagBag from /home/airflow/.local/lib/python3.12/site-packages/airflow/example_dags/tutorial_taskflow_api.py
[2026-02-14T16:10:31.270+0000] {processor.py:840} INFO - DAG(s) 'tutorial_taskflow_api' retrieved from /home/airflow/.local/lib/python3.12/site-packages/airflow/example_dags/tutorial_taskflow_api.py
[2026-02-14T16:10:31.283+0000] {logging_mixin.py:188} INFO - [2026-02-14T16:10:31.283+0000] {dag.py:3089} INFO - Sync 1 DAGs
[2026-02-14T16:10:31.291+0000] {logging_mixin.py:188} INFO - [2026-02-14T16:10:31.291+0000] {dag.py:3947} INFO - Setting next_dagrun for tutorial_taskflow_api to None, run_after=None
[2026-02-14T16:10:31.305+0000] {processor.py:183} INFO - Processing /home/airflow/.local/lib/python3.12/site-packages/airflow/example_dags/tutorial_taskflow_api.py took 0.043 seconds
[2026-02-14T16:11:02.000+0000] {processor.py:161} INFO - Started process (PID=2885) to work on /home/airflow/.local/lib/python3.12/site-packages/airflow/example_dags/tutorial_taskflow_api.py
[2026-02-14T16:11:02.001+0000] {processor.py:830} INFO - Processing file /home/airflow/.local/lib/python3.12/site-packages/airflow/example_dags/tutorial_taskflow_api.py for tasks to queue
[2026-02-14T16:11:02.002+0000] {logging_mixin.py:188} INFO - [2026-02-14T16:11:02.002+0000] {dagbag.py:545} INFO - Filling up the DagBag from /home/airflow/.local/lib/python3.12/site-packages/airflow/example_dags/tutorial_taskflow_api.py
[2026-02-14T16:11:02.006+0000] {processor.py:840} INFO - DAG(s) 'tutorial_taskflow_api' retrieved from /home/airflow/.local/lib/python3.12/site-packages/airflow/example_dags/tutorial_taskflow_api.py
[2026-02-14T16:11:02.016+0000] {logging_mixin.py:188} INFO - [2026-02-14T16:11:02.016+0000] {dag.py:3089} INFO - Sync 1 DAGs
[2026-02-14T16:11:02.022+0000] {logging_mixin.py:188} INFO - [2026-02-14T16:11:02.022+0000] {dag.py:3947} INFO - Setting next_dagrun for tutorial_taskflow_api to None, run_after=None
[2026-02-14T16:11:02.035+0000] {processor.py:183} INFO - Processing /home/airflow/.local/lib/python3.12/site-packages/airflow/example_dags/tutorial_taskflow_api.py took 0.038 seconds
[2026-02-14T16:11:32.223+0000] {processor.py:161} INFO - Started process (PID=2944) to work on /home/airflow/.local/lib/python3.12/site-packages/airflow/example_dags/tutorial_taskflow_api.py
[2026-02-14T16:11:32.224+0000] {processor.py:830} INFO - Processing file /home/airflow/.local/lib/python3.12/site-packages/airflow/example_dags/tutorial_taskflow_api.py for tasks to queue
[2026-02-14T16:11:32.225+0000] {logging_mixin.py:188} INFO - [2026-02-14T16:11:32.225+0000] {dagbag.py:545} INFO - Filling up the DagBag from /home/airflow/.local/lib/python3.12/site-packages/airflow/example_dags/tutorial_taskflow_api.py
[2026-02-14T16:11:32.228+0000] {processor.py:840} INFO - DAG(s) 'tutorial_taskflow_api' retrieved from /home/airflow/.local/lib/python3.12/site-packages/airflow/example_dags/tutorial_taskflow_api.py
[2026-02-14T16:11:32.239+0000] {logging_mixin.py:188} INFO - [2026-02-14T16:11:32.239+0000] {dag.py:3089} INFO - Sync 1 DAGs
[2026-02-14T16:11:32.245+0000] {logging_mixin.py:188} INFO - [2026-02-14T16:11:32.245+0000] {dag.py:3947} INFO - Setting next_dagrun for tutorial_taskflow_api to None, run_after=None
[2026-02-14T16:11:32.256+0000] {processor.py:183} INFO - Processing /home/airflow/.local/lib/python3.12/site-packages/airflow/example_dags/tutorial_taskflow_api.py took 0.035 seconds
[2026-02-14T16:12:02.585+0000] {processor.py:161} INFO - Started process (PID=3003) to work on /home/airflow/.local/lib/python3.12/site-packages/airflow/example_dags/tutorial_taskflow_api.py
[2026-02-14T16:12:02.585+0000] {processor.py:830} INFO - Processing file /home/airflow/.local/lib/python3.12/site-packages/airflow/example_dags/tutorial_taskflow_api.py for tasks to queue
[2026-02-14T16:12:02.587+0000] {logging_mixin.py:188} INFO - [2026-02-14T16:12:02.586+0000] {dagbag.py:545} INFO - Filling up the DagBag from /home/airflow/.local/lib/python3.12/site-packages/airflow/example_dags/tutorial_taskflow_api.py
[2026-02-14T16:12:02.590+0000] {processor.py:840} INFO - DAG(s) 'tutorial_taskflow_api' retrieved from /home/airflow/.local/lib/python3.12/site-packages/airflow/example_dags/tutorial_taskflow_api.py
[2026-02-14T16:12:02.598+0000] {logging_mixin.py:188} INFO - [2026-02-14T16:12:02.598+0000] {dag.py:3089} INFO - Sync 1 DAGs
[2026-02-14T16:12:02.603+0000] {logging_mixin.py:188} INFO - [2026-02-14T16:12:02.603+0000] {dag.py:3947} INFO - Setting next_dagrun for tutorial_taskflow_api to None, run_after=None
[2026-02-14T16:12:02.609+0000] {processor.py:183} INFO - Processing /home/airflow/.local/lib/python3.12/site-packages/airflow/example_dags/tutorial_taskflow_api.py took 0.027 seconds
[2026-02-14T16:12:33.045+0000] {processor.py:161} INFO - Started process (PID=3062) to work on /home/airflow/.local/lib/python3.12/site-packages/airflow/example_dags/tutorial_taskflow_api.py
[2026-02-14T16:12:33.046+0000] {processor.py:830} INFO - Processing file /home/airflow/.local/lib/python3.12/site-packages/airflow/example_dags/tutorial_taskflow_api.py for tasks to queue
[2026-02-14T16:12:33.046+0000] {logging_mixin.py:188} INFO - [2026-02-14T16:12:33.046+0000] {dagbag.py:545} INFO - Filling up the DagBag from /home/airflow/.local/lib/python3.12/site-packages/airflow/example_dags/tutorial_taskflow_api.py
[2026-02-14T16:12:33.049+0000] {processor.py:840} INFO - DAG(s) 'tutorial_taskflow_api' retrieved from /home/airflow/.local/lib/python3.12/site-packages/airflow/example_dags/tutorial_taskflow_api.py
[2026-02-14T16:12:33.057+0000] {logging_mixin.py:188} INFO - [2026-02-14T16:12:33.057+0000] {dag.py:3089} INFO - Sync 1 DAGs
[2026-02-14T16:12:33.062+0000] {logging_mixin.py:188} INFO - [2026-02-14T16:12:33.062+0000] {dag.py:3947} INFO - Setting next_dagrun for tutorial_taskflow_api to None, run_after=None
[2026-02-14T16:12:33.069+0000] {processor.py:183} INFO - Processing /home/airflow/.local/lib/python3.12/site-packages/airflow/example_dags/tutorial_taskflow_api.py took 0.026 seconds
[2026-02-14T16:13:03.514+0000] {processor.py:161} INFO - Started process (PID=3121) to work on /home/airflow/.local/lib/python3.12/site-packages/airflow/example_dags/tutorial_taskflow_api.py
[2026-02-14T16:13:03.514+0000] {processor.py:830} INFO - Processing file /home/airflow/.local/lib/python3.12/site-packages/airflow/example_dags/tutorial_taskflow_api.py for tasks to queue
[2026-02-14T16:13:03.515+0000] {logging_mixin.py:188} INFO - [2026-02-14T16:13:03.515+0000] {dagbag.py:545} INFO - Filling up the DagBag from /home/airflow/.local/lib/python3.12/site-packages/airflow/example_dags/tutorial_taskflow_api.py
[2026-02-14T16:13:03.517+0000] {processor.py:840} INFO - DAG(s) 'tutorial_taskflow_api' retrieved from /home/airflow/.local/lib/python3.12/site-packages/airflow/example_dags/tutorial_taskflow_api.py
[2026-02-14T16:13:03.525+0000] {logging_mixin.py:188} INFO - [2026-02-14T16:13:03.525+0000] {dag.py:3089} INFO - Sync 1 DAGs
[2026-02-14T16:13:03.530+0000] {logging_mixin.py:188} INFO - [2026-02-14T16:13:03.530+0000] {dag.py:3947} INFO - Setting next_dagrun for tutorial_taskflow_api to None, run_after=None
[2026-02-14T16:13:03.536+0000] {processor.py:183} INFO - Processing /home/airflow/.local/lib/python3.12/site-packages/airflow/example_dags/tutorial_taskflow_api.py took 0.024 seconds
[2026-02-14T16:13:33.785+0000] {processor.py:161} INFO - Started process (PID=3180) to work on /home/airflow/.local/lib/python3.12/site-packages/airflow/example_dags/tutorial_taskflow_api.py
[2026-02-14T16:13:33.785+0000] {processor.py:830} INFO - Processing file /home/airflow/.local/lib/python3.12/site-packages/airflow/example_dags/tutorial_taskflow_api.py for tasks to queue
[2026-02-14T16:13:33.786+0000] {logging_mixin.py:188} INFO - [2026-02-14T16:13:33.786+0000] {dagbag.py:545} INFO - Filling up the DagBag from /home/airflow/.local/lib/python3.12/site-packages/airflow/example_dags/tutorial_taskflow_api.py
[2026-02-14T16:13:33.788+0000] {processor.py:840} INFO - DAG(s) 'tutorial_taskflow_api' retrieved from /home/airflow/.local/lib/python3.12/site-packages/airflow/example_dags/tutorial_taskflow_api.py
[2026-02-14T16:13:33.796+0000] {logging_mixin.py:188} INFO - [2026-02-14T16:13:33.796+0000] {dag.py:3089} INFO - Sync 1 DAGs
[2026-02-14T16:13:33.802+0000] {logging_mixin.py:188} INFO - [2026-02-14T16:13:33.801+0000] {dag.py:3947} INFO - Setting next_dagrun for tutorial_taskflow_api to None, run_after=None
[2026-02-14T16:13:33.808+0000] {processor.py:183} INFO - Processing /home/airflow/.local/lib/python3.12/site-packages/airflow/example_dags/tutorial_taskflow_api.py took 0.025 seconds
[2026-02-14T16:14:04.202+0000] {processor.py:161} INFO - Started process (PID=3239) to work on /home/airflow/.local/lib/python3.12/site-packages/airflow/example_dags/tutorial_taskflow_api.py
[2026-02-14T16:14:04.203+0000] {processor.py:830} INFO - Processing file /home/airflow/.local/lib/python3.12/site-packages/airflow/example_dags/tutorial_taskflow_api.py for tasks to queue
[2026-02-14T16:14:04.204+0000] {logging_mixin.py:188} INFO - [2026-02-14T16:14:04.204+0000] {dagbag.py:545} INFO - Filling up the DagBag from /home/airflow/.local/lib/python3.12/site-packages/airflow/example_dags/tutorial_taskflow_api.py
[2026-02-14T16:14:04.207+0000] {processor.py:840} INFO - DAG(s) 'tutorial_taskflow_api' retrieved from /home/airflow/.local/lib/python3.12/site-packages/airflow/example_dags/tutorial_taskflow_api.py
[2026-02-14T16:14:04.218+0000] {logging_mixin.py:188} INFO - [2026-02-14T16:14:04.218+0000] {dag.py:3089} INFO - Sync 1 DAGs
[2026-02-14T16:14:04.225+0000] {logging_mixin.py:188} INFO - [2026-02-14T16:14:04.224+0000] {dag.py:3947} INFO - Setting next_dagrun for tutorial_taskflow_api to None, run_after=None
[2026-02-14T16:14:04.234+0000] {processor.py:183} INFO - Processing /home/airflow/.local/lib/python3.12/site-packages/airflow/example_dags/tutorial_taskflow_api.py took 0.035 seconds
[2026-02-14T16:14:35.052+0000] {processor.py:161} INFO - Started process (PID=3298) to work on /home/airflow/.local/lib/python3.12/site-packages/airflow/example_dags/tutorial_taskflow_api.py
[2026-02-14T16:14:35.053+0000] {processor.py:830} INFO - Processing file /home/airflow/.local/lib/python3.12/site-packages/airflow/example_dags/tutorial_taskflow_api.py for tasks to queue
[2026-02-14T16:14:35.056+0000] {logging_mixin.py:188} INFO - [2026-02-14T16:14:35.055+0000] {dagbag.py:545} INFO - Filling up the DagBag from /home/airflow/.local/lib/python3.12/site-packages/airflow/example_dags/tutorial_taskflow_api.py
[2026-02-14T16:14:35.061+0000] {processor.py:840} INFO - DAG(s) 'tutorial_taskflow_api' retrieved from /home/airflow/.local/lib/python3.12/site-packages/airflow/example_dags/tutorial_taskflow_api.py
[2026-02-14T16:14:35.090+0000] {logging_mixin.py:188} INFO - [2026-02-14T16:14:35.090+0000] {dag.py:3089} INFO - Sync 1 DAGs
[2026-02-14T16:14:35.108+0000] {logging_mixin.py:188} INFO - [2026-02-14T16:14:35.108+0000] {dag.py:3947} INFO - Setting next_dagrun for tutorial_taskflow_api to None, run_after=None
[2026-02-14T16:14:35.133+0000] {processor.py:183} INFO - Processing /home/airflow/.local/lib/python3.12/site-packages/airflow/example_dags/tutorial_taskflow_api.py took 0.088 seconds
[2026-02-14T16:15:05.601+0000] {processor.py:161} INFO - Started process (PID=3356) to work on /home/airflow/.local/lib/python3.12/site-packages/airflow/example_dags/tutorial_taskflow_api.py
[2026-02-14T16:15:05.602+0000] {processor.py:830} INFO - Processing file /home/airflow/.local/lib/python3.12/site-packages/airflow/example_dags/tutorial_taskflow_api.py for tasks to queue
[2026-02-14T16:15:05.602+0000] {logging_mixin.py:188} INFO - [2026-02-14T16:15:05.602+0000] {dagbag.py:545} INFO - Filling up the DagBag from /home/airflow/.local/lib/python3.12/site-packages/airflow/example_dags/tutorial_taskflow_api.py
[2026-02-14T16:15:05.605+0000] {processor.py:840} INFO - DAG(s) 'tutorial_taskflow_api' retrieved from /home/airflow/.local/lib/python3.12/site-packages/airflow/example_dags/tutorial_taskflow_api.py
[2026-02-14T16:15:05.613+0000] {logging_mixin.py:188} INFO - [2026-02-14T16:15:05.613+0000] {dag.py:3089} INFO - Sync 1 DAGs
[2026-02-14T16:15:05.617+0000] {logging_mixin.py:188} INFO - [2026-02-14T16:15:05.617+0000] {dag.py:3947} INFO - Setting next_dagrun for tutorial_taskflow_api to None, run_after=None
[2026-02-14T16:15:05.624+0000] {processor.py:183} INFO - Processing /home/airflow/.local/lib/python3.12/site-packages/airflow/example_dags/tutorial_taskflow_api.py took 0.027 seconds
[2026-02-14T16:15:36.284+0000] {processor.py:161} INFO - Started process (PID=3416) to work on /home/airflow/.local/lib/python3.12/site-packages/airflow/example_dags/tutorial_taskflow_api.py
[2026-02-14T16:15:36.284+0000] {processor.py:830} INFO - Processing file /home/airflow/.local/lib/python3.12/site-packages/airflow/example_dags/tutorial_taskflow_api.py for tasks to queue
[2026-02-14T16:15:36.285+0000] {logging_mixin.py:188} INFO - [2026-02-14T16:15:36.285+0000] {dagbag.py:545} INFO - Filling up the DagBag from /home/airflow/.local/lib/python3.12/site-packages/airflow/example_dags/tutorial_taskflow_api.py
[2026-02-14T16:15:36.288+0000] {processor.py:840} INFO - DAG(s) 'tutorial_taskflow_api' retrieved from /home/airflow/.local/lib/python3.12/site-packages/airflow/example_dags/tutorial_taskflow_api.py
[2026-02-14T16:15:36.298+0000] {logging_mixin.py:188} INFO - [2026-02-14T16:15:36.297+0000] {dag.py:3089} INFO - Sync 1 DAGs
[2026-02-14T16:15:36.303+0000] {logging_mixin.py:188} INFO - [2026-02-14T16:15:36.303+0000] {dag.py:3947} INFO - Setting next_dagrun for tutorial_taskflow_api to None, run_after=None
[2026-02-14T16:15:36.313+0000] {processor.py:183} INFO - Processing /home/airflow/.local/lib/python3.12/site-packages/airflow/example_dags/tutorial_taskflow_api.py took 0.033 seconds
[2026-02-14T16:16:06.432+0000] {processor.py:161} INFO - Started process (PID=3475) to work on /home/airflow/.local/lib/python3.12/site-packages/airflow/example_dags/tutorial_taskflow_api.py
[2026-02-14T16:16:06.433+0000] {processor.py:830} INFO - Processing file /home/airflow/.local/lib/python3.12/site-packages/airflow/example_dags/tutorial_taskflow_api.py for tasks to queue
[2026-02-14T16:16:06.434+0000] {logging_mixin.py:188} INFO - [2026-02-14T16:16:06.433+0000] {dagbag.py:545} INFO - Filling up the DagBag from /home/airflow/.local/lib/python3.12/site-packages/airflow/example_dags/tutorial_taskflow_api.py
[2026-02-14T16:16:06.439+0000] {processor.py:840} INFO - DAG(s) 'tutorial_taskflow_api' retrieved from /home/airflow/.local/lib/python3.12/site-packages/airflow/example_dags/tutorial_taskflow_api.py
[2026-02-14T16:16:06.449+0000] {logging_mixin.py:188} INFO - [2026-02-14T16:16:06.448+0000] {dag.py:3089} INFO - Sync 1 DAGs
[2026-02-14T16:16:06.454+0000] {logging_mixin.py:188} INFO - [2026-02-14T16:16:06.454+0000] {dag.py:3947} INFO - Setting next_dagrun for tutorial_taskflow_api to None, run_after=None
[2026-02-14T16:16:06.461+0000] {processor.py:183} INFO - Processing /home/airflow/.local/lib/python3.12/site-packages/airflow/example_dags/tutorial_taskflow_api.py took 0.031 seconds
[2026-02-14T16:16:36.987+0000] {processor.py:161} INFO - Started process (PID=3534) to work on /home/airflow/.local/lib/python3.12/site-packages/airflow/example_dags/tutorial_taskflow_api.py
[2026-02-14T16:16:36.987+0000] {processor.py:830} INFO - Processing file /home/airflow/.local/lib/python3.12/site-packages/airflow/example_dags/tutorial_taskflow_api.py for tasks to queue
[2026-02-14T16:16:36.988+0000] {logging_mixin.py:188} INFO - [2026-02-14T16:16:36.988+0000] {dagbag.py:545} INFO - Filling up the DagBag from /home/airflow/.local/lib/python3.12/site-packages/airflow/example_dags/tutorial_taskflow_api.py
[2026-02-14T16:16:36.991+0000] {processor.py:840} INFO - DAG(s) 'tutorial_taskflow_api' retrieved from /home/airflow/.local/lib/python3.12/site-packages/airflow/example_dags/tutorial_taskflow_api.py
[2026-02-14T16:16:37.002+0000] {logging_mixin.py:188} INFO - [2026-02-14T16:16:37.002+0000] {dag.py:3089} INFO - Sync 1 DAGs
[2026-02-14T16:16:37.007+0000] {logging_mixin.py:188} INFO - [2026-02-14T16:16:37.007+0000] {dag.py:3947} INFO - Setting next_dagrun for tutorial_taskflow_api to None, run_after=None
[2026-02-14T16:16:37.015+0000] {processor.py:183} INFO - Processing /home/airflow/.local/lib/python3.12/site-packages/airflow/example_dags/tutorial_taskflow_api.py took 0.031 seconds
[2026-02-14T16:17:07.540+0000] {processor.py:161} INFO - Started process (PID=3593) to work on /home/airflow/.local/lib/python3.12/site-packages/airflow/example_dags/tutorial_taskflow_api.py
[2026-02-14T16:17:07.541+0000] {processor.py:830} INFO - Processing file /home/airflow/.local/lib/python3.12/site-packages/airflow/example_dags/tutorial_taskflow_api.py for tasks to queue
[2026-02-14T16:17:07.542+0000] {logging_mixin.py:188} INFO - [2026-02-14T16:17:07.542+0000] {dagbag.py:545} INFO - Filling up the DagBag from /home/airflow/.local/lib/python3.12/site-packages/airflow/example_dags/tutorial_taskflow_api.py
[2026-02-14T16:17:07.545+0000] {processor.py:840} INFO - DAG(s) 'tutorial_taskflow_api' retrieved from /home/airflow/.local/lib/python3.12/site-packages/airflow/example_dags/tutorial_taskflow_api.py
[2026-02-14T16:17:07.554+0000] {logging_mixin.py:188} INFO - [2026-02-14T16:17:07.554+0000] {dag.py:3089} INFO - Sync 1 DAGs
[2026-02-14T16:17:07.560+0000] {logging_mixin.py:188} INFO - [2026-02-14T16:17:07.559+0000] {dag.py:3947} INFO - Setting next_dagrun for tutorial_taskflow_api to None, run_after=None
[2026-02-14T16:17:07.569+0000] {processor.py:183} INFO - Processing /home/airflow/.local/lib/python3.12/site-packages/airflow/example_dags/tutorial_taskflow_api.py took 0.033 seconds
[2026-02-14T16:17:38.183+0000] {processor.py:161} INFO - Started process (PID=3652) to work on /home/airflow/.local/lib/python3.12/site-packages/airflow/example_dags/tutorial_taskflow_api.py
[2026-02-14T16:17:38.184+0000] {processor.py:830} INFO - Processing file /home/airflow/.local/lib/python3.12/site-packages/airflow/example_dags/tutorial_taskflow_api.py for tasks to queue
[2026-02-14T16:17:38.185+0000] {logging_mixin.py:188} INFO - [2026-02-14T16:17:38.185+0000] {dagbag.py:545} INFO - Filling up the DagBag from /home/airflow/.local/lib/python3.12/site-packages/airflow/example_dags/tutorial_taskflow_api.py
[2026-02-14T16:17:38.188+0000] {processor.py:840} INFO - DAG(s) 'tutorial_taskflow_api' retrieved from /home/airflow/.local/lib/python3.12/site-packages/airflow/example_dags/tutorial_taskflow_api.py
[2026-02-14T16:17:38.196+0000] {logging_mixin.py:188} INFO - [2026-02-14T16:17:38.196+0000] {dag.py:3089} INFO - Sync 1 DAGs
[2026-02-14T16:17:38.202+0000] {logging_mixin.py:188} INFO - [2026-02-14T16:17:38.202+0000] {dag.py:3947} INFO - Setting next_dagrun for tutorial_taskflow_api to None, run_after=None
[2026-02-14T16:17:38.213+0000] {processor.py:183} INFO - Processing /home/airflow/.local/lib/python3.12/site-packages/airflow/example_dags/tutorial_taskflow_api.py took 0.034 seconds
[2026-02-14T16:18:08.807+0000] {processor.py:161} INFO - Started process (PID=3711) to work on /home/airflow/.local/lib/python3.12/site-packages/airflow/example_dags/tutorial_taskflow_api.py
[2026-02-14T16:18:08.807+0000] {processor.py:830} INFO - Processing file /home/airflow/.local/lib/python3.12/site-packages/airflow/example_dags/tutorial_taskflow_api.py for tasks to queue
[2026-02-14T16:18:08.808+0000] {logging_mixin.py:188} INFO - [2026-02-14T16:18:08.808+0000] {dagbag.py:545} INFO - Filling up the DagBag from /home/airflow/.local/lib/python3.12/site-packages/airflow/example_dags/tutorial_taskflow_api.py
[2026-02-14T16:18:08.810+0000] {processor.py:840} INFO - DAG(s) 'tutorial_taskflow_api' retrieved from /home/airflow/.local/lib/python3.12/site-packages/airflow/example_dags/tutorial_taskflow_api.py
[2026-02-14T16:18:08.818+0000] {logging_mixin.py:188} INFO - [2026-02-14T16:18:08.818+0000] {dag.py:3089} INFO - Sync 1 DAGs
[2026-02-14T16:18:08.823+0000] {logging_mixin.py:188} INFO - [2026-02-14T16:18:08.823+0000] {dag.py:3947} INFO - Setting next_dagrun for tutorial_taskflow_api to None, run_after=None
[2026-02-14T16:18:08.832+0000] {processor.py:183} INFO - Processing /home/airflow/.local/lib/python3.12/site-packages/airflow/example_dags/tutorial_taskflow_api.py took 0.029 seconds
[2026-02-14T16:18:39.450+0000] {processor.py:161} INFO - Started process (PID=3770) to work on /home/airflow/.local/lib/python3.12/site-packages/airflow/example_dags/tutorial_taskflow_api.py
[2026-02-14T16:18:39.451+0000] {processor.py:830} INFO - Processing file /home/airflow/.local/lib/python3.12/site-packages/airflow/example_dags/tutorial_taskflow_api.py for tasks to queue
[2026-02-14T16:18:39.452+0000] {logging_mixin.py:188} INFO - [2026-02-14T16:18:39.452+0000] {dagbag.py:545} INFO - Filling up the DagBag from /home/airflow/.local/lib/python3.12/site-packages/airflow/example_dags/tutorial_taskflow_api.py
[2026-02-14T16:18:39.455+0000] {processor.py:840} INFO - DAG(s) 'tutorial_taskflow_api' retrieved from /home/airflow/.local/lib/python3.12/site-packages/airflow/example_dags/tutorial_taskflow_api.py
[2026-02-14T16:18:39.466+0000] {logging_mixin.py:188} INFO - [2026-02-14T16:18:39.466+0000] {dag.py:3089} INFO - Sync 1 DAGs
[2026-02-14T16:18:39.473+0000] {logging_mixin.py:188} INFO - [2026-02-14T16:18:39.473+0000] {dag.py:3947} INFO - Setting next_dagrun for tutorial_taskflow_api to None, run_after=None
[2026-02-14T16:18:39.483+0000] {processor.py:183} INFO - Processing /home/airflow/.local/lib/python3.12/site-packages/airflow/example_dags/tutorial_taskflow_api.py took 0.037 seconds
[2026-02-14T16:19:09.632+0000] {processor.py:161} INFO - Started process (PID=3829) to work on /home/airflow/.local/lib/python3.12/site-packages/airflow/example_dags/tutorial_taskflow_api.py
[2026-02-14T16:19:09.632+0000] {processor.py:830} INFO - Processing file /home/airflow/.local/lib/python3.12/site-packages/airflow/example_dags/tutorial_taskflow_api.py for tasks to queue
[2026-02-14T16:19:09.633+0000] {logging_mixin.py:188} INFO - [2026-02-14T16:19:09.633+0000] {dagbag.py:545} INFO - Filling up the DagBag from /home/airflow/.local/lib/python3.12/site-packages/airflow/example_dags/tutorial_taskflow_api.py
[2026-02-14T16:19:09.636+0000] {processor.py:840} INFO - DAG(s) 'tutorial_taskflow_api' retrieved from /home/airflow/.local/lib/python3.12/site-packages/airflow/example_dags/tutorial_taskflow_api.py
[2026-02-14T16:19:09.645+0000] {logging_mixin.py:188} INFO - [2026-02-14T16:19:09.645+0000] {dag.py:3089} INFO - Sync 1 DAGs
[2026-02-14T16:19:09.651+0000] {logging_mixin.py:188} INFO - [2026-02-14T16:19:09.651+0000] {dag.py:3947} INFO - Setting next_dagrun for tutorial_taskflow_api to None, run_after=None
[2026-02-14T16:19:09.663+0000] {processor.py:183} INFO - Processing /home/airflow/.local/lib/python3.12/site-packages/airflow/example_dags/tutorial_taskflow_api.py took 0.035 seconds
[2026-02-14T16:19:40.381+0000] {processor.py:161} INFO - Started process (PID=3888) to work on /home/airflow/.local/lib/python3.12/site-packages/airflow/example_dags/tutorial_taskflow_api.py
[2026-02-14T16:19:40.382+0000] {processor.py:830} INFO - Processing file /home/airflow/.local/lib/python3.12/site-packages/airflow/example_dags/tutorial_taskflow_api.py for tasks to queue
[2026-02-14T16:19:40.383+0000] {logging_mixin.py:188} INFO - [2026-02-14T16:19:40.383+0000] {dagbag.py:545} INFO - Filling up the DagBag from /home/airflow/.local/lib/python3.12/site-packages/airflow/example_dags/tutorial_taskflow_api.py
[2026-02-14T16:19:40.387+0000] {processor.py:840} INFO - DAG(s) 'tutorial_taskflow_api' retrieved from /home/airflow/.local/lib/python3.12/site-packages/airflow/example_dags/tutorial_taskflow_api.py
[2026-02-14T16:19:40.400+0000] {logging_mixin.py:188} INFO - [2026-02-14T16:19:40.399+0000] {dag.py:3089} INFO - Sync 1 DAGs
[2026-02-14T16:19:40.407+0000] {logging_mixin.py:188} INFO - [2026-02-14T16:19:40.407+0000] {dag.py:3947} INFO - Setting next_dagrun for tutorial_taskflow_api to None, run_after=None
[2026-02-14T16:19:40.420+0000] {processor.py:183} INFO - Processing /home/airflow/.local/lib/python3.12/site-packages/airflow/example_dags/tutorial_taskflow_api.py took 0.042 seconds
[2026-02-14T16:20:10.776+0000] {processor.py:161} INFO - Started process (PID=3947) to work on /home/airflow/.local/lib/python3.12/site-packages/airflow/example_dags/tutorial_taskflow_api.py
[2026-02-14T16:20:10.778+0000] {processor.py:830} INFO - Processing file /home/airflow/.local/lib/python3.12/site-packages/airflow/example_dags/tutorial_taskflow_api.py for tasks to queue
[2026-02-14T16:20:10.782+0000] {logging_mixin.py:188} INFO - [2026-02-14T16:20:10.781+0000] {dagbag.py:545} INFO - Filling up the DagBag from /home/airflow/.local/lib/python3.12/site-packages/airflow/example_dags/tutorial_taskflow_api.py
[2026-02-14T16:20:10.791+0000] {processor.py:840} INFO - DAG(s) 'tutorial_taskflow_api' retrieved from /home/airflow/.local/lib/python3.12/site-packages/airflow/example_dags/tutorial_taskflow_api.py
[2026-02-14T16:20:10.815+0000] {logging_mixin.py:188} INFO - [2026-02-14T16:20:10.815+0000] {dag.py:3089} INFO - Sync 1 DAGs
[2026-02-14T16:20:10.824+0000] {logging_mixin.py:188} INFO - [2026-02-14T16:20:10.824+0000] {dag.py:3947} INFO - Setting next_dagrun for tutorial_taskflow_api to None, run_after=None
[2026-02-14T16:20:10.837+0000] {processor.py:183} INFO - Processing /home/airflow/.local/lib/python3.12/site-packages/airflow/example_dags/tutorial_taskflow_api.py took 0.064 seconds
[2026-02-14T16:20:41.286+0000] {processor.py:161} INFO - Started process (PID=4006) to work on /home/airflow/.local/lib/python3.12/site-packages/airflow/example_dags/tutorial_taskflow_api.py
[2026-02-14T16:20:41.286+0000] {processor.py:830} INFO - Processing file /home/airflow/.local/lib/python3.12/site-packages/airflow/example_dags/tutorial_taskflow_api.py for tasks to queue
[2026-02-14T16:20:41.288+0000] {logging_mixin.py:188} INFO - [2026-02-14T16:20:41.287+0000] {dagbag.py:545} INFO - Filling up the DagBag from /home/airflow/.local/lib/python3.12/site-packages/airflow/example_dags/tutorial_taskflow_api.py
[2026-02-14T16:20:41.295+0000] {processor.py:840} INFO - DAG(s) 'tutorial_taskflow_api' retrieved from /home/airflow/.local/lib/python3.12/site-packages/airflow/example_dags/tutorial_taskflow_api.py
[2026-02-14T16:20:41.310+0000] {logging_mixin.py:188} INFO - [2026-02-14T16:20:41.309+0000] {dag.py:3089} INFO - Sync 1 DAGs
[2026-02-14T16:20:41.315+0000] {logging_mixin.py:188} INFO - [2026-02-14T16:20:41.315+0000] {dag.py:3947} INFO - Setting next_dagrun for tutorial_taskflow_api to None, run_after=None
[2026-02-14T16:20:41.323+0000] {processor.py:183} INFO - Processing /home/airflow/.local/lib/python3.12/site-packages/airflow/example_dags/tutorial_taskflow_api.py took 0.041 seconds
[2026-02-14T16:21:11.909+0000] {processor.py:161} INFO - Started process (PID=4065) to work on /home/airflow/.local/lib/python3.12/site-packages/airflow/example_dags/tutorial_taskflow_api.py
[2026-02-14T16:21:11.911+0000] {processor.py:830} INFO - Processing file /home/airflow/.local/lib/python3.12/site-packages/airflow/example_dags/tutorial_taskflow_api.py for tasks to queue
[2026-02-14T16:21:11.912+0000] {logging_mixin.py:188} INFO - [2026-02-14T16:21:11.911+0000] {dagbag.py:545} INFO - Filling up the DagBag from /home/airflow/.local/lib/python3.12/site-packages/airflow/example_dags/tutorial_taskflow_api.py
[2026-02-14T16:21:11.914+0000] {processor.py:840} INFO - DAG(s) 'tutorial_taskflow_api' retrieved from /home/airflow/.local/lib/python3.12/site-packages/airflow/example_dags/tutorial_taskflow_api.py
[2026-02-14T16:21:11.924+0000] {logging_mixin.py:188} INFO - [2026-02-14T16:21:11.924+0000] {dag.py:3089} INFO - Sync 1 DAGs
[2026-02-14T16:21:11.930+0000] {logging_mixin.py:188} INFO - [2026-02-14T16:21:11.930+0000] {dag.py:3947} INFO - Setting next_dagrun for tutorial_taskflow_api to None, run_after=None
[2026-02-14T16:21:11.941+0000] {processor.py:183} INFO - Processing /home/airflow/.local/lib/python3.12/site-packages/airflow/example_dags/tutorial_taskflow_api.py took 0.033 seconds
