[2026-02-14T15:46:37.889+0000] {processor.py:161} INFO - Started process (PID=60) to work on /home/airflow/.local/lib/python3.12/site-packages/airflow/example_dags/tutorial_dag.py
[2026-02-14T15:46:37.890+0000] {processor.py:830} INFO - Processing file /home/airflow/.local/lib/python3.12/site-packages/airflow/example_dags/tutorial_dag.py for tasks to queue
[2026-02-14T15:46:37.891+0000] {logging_mixin.py:188} INFO - [2026-02-14T15:46:37.891+0000] {dagbag.py:545} INFO - Filling up the DagBag from /home/airflow/.local/lib/python3.12/site-packages/airflow/example_dags/tutorial_dag.py
[2026-02-14T15:46:37.900+0000] {processor.py:840} INFO - DAG(s) 'tutorial_dag' retrieved from /home/airflow/.local/lib/python3.12/site-packages/airflow/example_dags/tutorial_dag.py
[2026-02-14T15:46:37.911+0000] {logging_mixin.py:188} INFO - [2026-02-14T15:46:37.910+0000] {dag.py:3089} INFO - Sync 1 DAGs
[2026-02-14T15:46:37.920+0000] {logging_mixin.py:188} INFO - [2026-02-14T15:46:37.919+0000] {dag.py:3947} INFO - Setting next_dagrun for tutorial_dag to None, run_after=None
[2026-02-14T15:46:37.934+0000] {processor.py:183} INFO - Processing /home/airflow/.local/lib/python3.12/site-packages/airflow/example_dags/tutorial_dag.py took 0.051 seconds
[2026-02-14T15:47:08.780+0000] {processor.py:161} INFO - Started process (PID=119) to work on /home/airflow/.local/lib/python3.12/site-packages/airflow/example_dags/tutorial_dag.py
[2026-02-14T15:47:08.781+0000] {processor.py:830} INFO - Processing file /home/airflow/.local/lib/python3.12/site-packages/airflow/example_dags/tutorial_dag.py for tasks to queue
[2026-02-14T15:47:08.782+0000] {logging_mixin.py:188} INFO - [2026-02-14T15:47:08.782+0000] {dagbag.py:545} INFO - Filling up the DagBag from /home/airflow/.local/lib/python3.12/site-packages/airflow/example_dags/tutorial_dag.py
[2026-02-14T15:47:08.787+0000] {processor.py:840} INFO - DAG(s) 'tutorial_dag' retrieved from /home/airflow/.local/lib/python3.12/site-packages/airflow/example_dags/tutorial_dag.py
[2026-02-14T15:47:08.829+0000] {logging_mixin.py:188} INFO - [2026-02-14T15:47:08.828+0000] {dag.py:3089} INFO - Sync 1 DAGs
[2026-02-14T15:47:08.832+0000] {logging_mixin.py:188} INFO - [2026-02-14T15:47:08.832+0000] {dag.py:3947} INFO - Setting next_dagrun for tutorial_dag to None, run_after=None
[2026-02-14T15:47:08.839+0000] {processor.py:183} INFO - Processing /home/airflow/.local/lib/python3.12/site-packages/airflow/example_dags/tutorial_dag.py took 0.061 seconds
[2026-02-14T15:47:39.809+0000] {processor.py:161} INFO - Started process (PID=184) to work on /home/airflow/.local/lib/python3.12/site-packages/airflow/example_dags/tutorial_dag.py
[2026-02-14T15:47:39.809+0000] {processor.py:830} INFO - Processing file /home/airflow/.local/lib/python3.12/site-packages/airflow/example_dags/tutorial_dag.py for tasks to queue
[2026-02-14T15:47:39.811+0000] {logging_mixin.py:188} INFO - [2026-02-14T15:47:39.810+0000] {dagbag.py:545} INFO - Filling up the DagBag from /home/airflow/.local/lib/python3.12/site-packages/airflow/example_dags/tutorial_dag.py
[2026-02-14T15:47:39.815+0000] {processor.py:840} INFO - DAG(s) 'tutorial_dag' retrieved from /home/airflow/.local/lib/python3.12/site-packages/airflow/example_dags/tutorial_dag.py
[2026-02-14T15:47:39.823+0000] {logging_mixin.py:188} INFO - [2026-02-14T15:47:39.823+0000] {dag.py:3089} INFO - Sync 1 DAGs
[2026-02-14T15:47:39.827+0000] {logging_mixin.py:188} INFO - [2026-02-14T15:47:39.827+0000] {dag.py:3947} INFO - Setting next_dagrun for tutorial_dag to None, run_after=None
[2026-02-14T15:47:39.837+0000] {processor.py:183} INFO - Processing /home/airflow/.local/lib/python3.12/site-packages/airflow/example_dags/tutorial_dag.py took 0.030 seconds
[2026-02-14T15:48:10.428+0000] {processor.py:161} INFO - Started process (PID=243) to work on /home/airflow/.local/lib/python3.12/site-packages/airflow/example_dags/tutorial_dag.py
[2026-02-14T15:48:10.429+0000] {processor.py:830} INFO - Processing file /home/airflow/.local/lib/python3.12/site-packages/airflow/example_dags/tutorial_dag.py for tasks to queue
[2026-02-14T15:48:10.430+0000] {logging_mixin.py:188} INFO - [2026-02-14T15:48:10.430+0000] {dagbag.py:545} INFO - Filling up the DagBag from /home/airflow/.local/lib/python3.12/site-packages/airflow/example_dags/tutorial_dag.py
[2026-02-14T15:48:10.432+0000] {processor.py:840} INFO - DAG(s) 'tutorial_dag' retrieved from /home/airflow/.local/lib/python3.12/site-packages/airflow/example_dags/tutorial_dag.py
[2026-02-14T15:48:10.440+0000] {logging_mixin.py:188} INFO - [2026-02-14T15:48:10.440+0000] {dag.py:3089} INFO - Sync 1 DAGs
[2026-02-14T15:48:10.446+0000] {logging_mixin.py:188} INFO - [2026-02-14T15:48:10.445+0000] {dag.py:3947} INFO - Setting next_dagrun for tutorial_dag to None, run_after=None
[2026-02-14T15:48:10.453+0000] {processor.py:183} INFO - Processing /home/airflow/.local/lib/python3.12/site-packages/airflow/example_dags/tutorial_dag.py took 0.027 seconds
[2026-02-14T15:48:41.029+0000] {processor.py:161} INFO - Started process (PID=302) to work on /home/airflow/.local/lib/python3.12/site-packages/airflow/example_dags/tutorial_dag.py
[2026-02-14T15:48:41.029+0000] {processor.py:830} INFO - Processing file /home/airflow/.local/lib/python3.12/site-packages/airflow/example_dags/tutorial_dag.py for tasks to queue
[2026-02-14T15:48:41.031+0000] {logging_mixin.py:188} INFO - [2026-02-14T15:48:41.031+0000] {dagbag.py:545} INFO - Filling up the DagBag from /home/airflow/.local/lib/python3.12/site-packages/airflow/example_dags/tutorial_dag.py
[2026-02-14T15:48:41.034+0000] {processor.py:840} INFO - DAG(s) 'tutorial_dag' retrieved from /home/airflow/.local/lib/python3.12/site-packages/airflow/example_dags/tutorial_dag.py
[2026-02-14T15:48:41.043+0000] {logging_mixin.py:188} INFO - [2026-02-14T15:48:41.043+0000] {dag.py:3089} INFO - Sync 1 DAGs
[2026-02-14T15:48:41.047+0000] {logging_mixin.py:188} INFO - [2026-02-14T15:48:41.047+0000] {dag.py:3947} INFO - Setting next_dagrun for tutorial_dag to None, run_after=None
[2026-02-14T15:48:41.057+0000] {processor.py:183} INFO - Processing /home/airflow/.local/lib/python3.12/site-packages/airflow/example_dags/tutorial_dag.py took 0.030 seconds
[2026-02-14T15:49:11.676+0000] {processor.py:161} INFO - Started process (PID=361) to work on /home/airflow/.local/lib/python3.12/site-packages/airflow/example_dags/tutorial_dag.py
[2026-02-14T15:49:11.676+0000] {processor.py:830} INFO - Processing file /home/airflow/.local/lib/python3.12/site-packages/airflow/example_dags/tutorial_dag.py for tasks to queue
[2026-02-14T15:49:11.677+0000] {logging_mixin.py:188} INFO - [2026-02-14T15:49:11.677+0000] {dagbag.py:545} INFO - Filling up the DagBag from /home/airflow/.local/lib/python3.12/site-packages/airflow/example_dags/tutorial_dag.py
[2026-02-14T15:49:11.679+0000] {processor.py:840} INFO - DAG(s) 'tutorial_dag' retrieved from /home/airflow/.local/lib/python3.12/site-packages/airflow/example_dags/tutorial_dag.py
[2026-02-14T15:49:11.688+0000] {logging_mixin.py:188} INFO - [2026-02-14T15:49:11.688+0000] {dag.py:3089} INFO - Sync 1 DAGs
[2026-02-14T15:49:11.693+0000] {logging_mixin.py:188} INFO - [2026-02-14T15:49:11.693+0000] {dag.py:3947} INFO - Setting next_dagrun for tutorial_dag to None, run_after=None
[2026-02-14T15:49:11.701+0000] {processor.py:183} INFO - Processing /home/airflow/.local/lib/python3.12/site-packages/airflow/example_dags/tutorial_dag.py took 0.028 seconds
[2026-02-14T15:49:42.037+0000] {processor.py:161} INFO - Started process (PID=420) to work on /home/airflow/.local/lib/python3.12/site-packages/airflow/example_dags/tutorial_dag.py
[2026-02-14T15:49:42.038+0000] {processor.py:830} INFO - Processing file /home/airflow/.local/lib/python3.12/site-packages/airflow/example_dags/tutorial_dag.py for tasks to queue
[2026-02-14T15:49:42.040+0000] {logging_mixin.py:188} INFO - [2026-02-14T15:49:42.039+0000] {dagbag.py:545} INFO - Filling up the DagBag from /home/airflow/.local/lib/python3.12/site-packages/airflow/example_dags/tutorial_dag.py
[2026-02-14T15:49:42.043+0000] {processor.py:840} INFO - DAG(s) 'tutorial_dag' retrieved from /home/airflow/.local/lib/python3.12/site-packages/airflow/example_dags/tutorial_dag.py
[2026-02-14T15:49:42.053+0000] {logging_mixin.py:188} INFO - [2026-02-14T15:49:42.053+0000] {dag.py:3089} INFO - Sync 1 DAGs
[2026-02-14T15:49:42.057+0000] {logging_mixin.py:188} INFO - [2026-02-14T15:49:42.057+0000] {dag.py:3947} INFO - Setting next_dagrun for tutorial_dag to None, run_after=None
[2026-02-14T15:49:42.066+0000] {processor.py:183} INFO - Processing /home/airflow/.local/lib/python3.12/site-packages/airflow/example_dags/tutorial_dag.py took 0.031 seconds
[2026-02-14T15:50:12.465+0000] {processor.py:161} INFO - Started process (PID=479) to work on /home/airflow/.local/lib/python3.12/site-packages/airflow/example_dags/tutorial_dag.py
[2026-02-14T15:50:12.466+0000] {processor.py:830} INFO - Processing file /home/airflow/.local/lib/python3.12/site-packages/airflow/example_dags/tutorial_dag.py for tasks to queue
[2026-02-14T15:50:12.466+0000] {logging_mixin.py:188} INFO - [2026-02-14T15:50:12.466+0000] {dagbag.py:545} INFO - Filling up the DagBag from /home/airflow/.local/lib/python3.12/site-packages/airflow/example_dags/tutorial_dag.py
[2026-02-14T15:50:12.469+0000] {processor.py:840} INFO - DAG(s) 'tutorial_dag' retrieved from /home/airflow/.local/lib/python3.12/site-packages/airflow/example_dags/tutorial_dag.py
[2026-02-14T15:50:12.481+0000] {logging_mixin.py:188} INFO - [2026-02-14T15:50:12.481+0000] {dag.py:3089} INFO - Sync 1 DAGs
[2026-02-14T15:50:12.486+0000] {logging_mixin.py:188} INFO - [2026-02-14T15:50:12.486+0000] {dag.py:3947} INFO - Setting next_dagrun for tutorial_dag to None, run_after=None
[2026-02-14T15:50:12.496+0000] {processor.py:183} INFO - Processing /home/airflow/.local/lib/python3.12/site-packages/airflow/example_dags/tutorial_dag.py took 0.033 seconds
[2026-02-14T15:50:42.889+0000] {processor.py:161} INFO - Started process (PID=538) to work on /home/airflow/.local/lib/python3.12/site-packages/airflow/example_dags/tutorial_dag.py
[2026-02-14T15:50:42.889+0000] {processor.py:830} INFO - Processing file /home/airflow/.local/lib/python3.12/site-packages/airflow/example_dags/tutorial_dag.py for tasks to queue
[2026-02-14T15:50:42.890+0000] {logging_mixin.py:188} INFO - [2026-02-14T15:50:42.890+0000] {dagbag.py:545} INFO - Filling up the DagBag from /home/airflow/.local/lib/python3.12/site-packages/airflow/example_dags/tutorial_dag.py
[2026-02-14T15:50:42.893+0000] {processor.py:840} INFO - DAG(s) 'tutorial_dag' retrieved from /home/airflow/.local/lib/python3.12/site-packages/airflow/example_dags/tutorial_dag.py
[2026-02-14T15:50:42.903+0000] {logging_mixin.py:188} INFO - [2026-02-14T15:50:42.903+0000] {dag.py:3089} INFO - Sync 1 DAGs
[2026-02-14T15:50:42.908+0000] {logging_mixin.py:188} INFO - [2026-02-14T15:50:42.908+0000] {dag.py:3947} INFO - Setting next_dagrun for tutorial_dag to None, run_after=None
[2026-02-14T15:50:42.918+0000] {processor.py:183} INFO - Processing /home/airflow/.local/lib/python3.12/site-packages/airflow/example_dags/tutorial_dag.py took 0.032 seconds
[2026-02-14T15:51:13.615+0000] {processor.py:161} INFO - Started process (PID=597) to work on /home/airflow/.local/lib/python3.12/site-packages/airflow/example_dags/tutorial_dag.py
[2026-02-14T15:51:13.616+0000] {processor.py:830} INFO - Processing file /home/airflow/.local/lib/python3.12/site-packages/airflow/example_dags/tutorial_dag.py for tasks to queue
[2026-02-14T15:51:13.617+0000] {logging_mixin.py:188} INFO - [2026-02-14T15:51:13.617+0000] {dagbag.py:545} INFO - Filling up the DagBag from /home/airflow/.local/lib/python3.12/site-packages/airflow/example_dags/tutorial_dag.py
[2026-02-14T15:51:13.619+0000] {processor.py:840} INFO - DAG(s) 'tutorial_dag' retrieved from /home/airflow/.local/lib/python3.12/site-packages/airflow/example_dags/tutorial_dag.py
[2026-02-14T15:51:13.631+0000] {logging_mixin.py:188} INFO - [2026-02-14T15:51:13.630+0000] {dag.py:3089} INFO - Sync 1 DAGs
[2026-02-14T15:51:13.636+0000] {logging_mixin.py:188} INFO - [2026-02-14T15:51:13.636+0000] {dag.py:3947} INFO - Setting next_dagrun for tutorial_dag to None, run_after=None
[2026-02-14T15:51:13.644+0000] {processor.py:183} INFO - Processing /home/airflow/.local/lib/python3.12/site-packages/airflow/example_dags/tutorial_dag.py took 0.031 seconds
[2026-02-14T15:51:44.162+0000] {processor.py:161} INFO - Started process (PID=656) to work on /home/airflow/.local/lib/python3.12/site-packages/airflow/example_dags/tutorial_dag.py
[2026-02-14T15:51:44.163+0000] {processor.py:830} INFO - Processing file /home/airflow/.local/lib/python3.12/site-packages/airflow/example_dags/tutorial_dag.py for tasks to queue
[2026-02-14T15:51:44.163+0000] {logging_mixin.py:188} INFO - [2026-02-14T15:51:44.163+0000] {dagbag.py:545} INFO - Filling up the DagBag from /home/airflow/.local/lib/python3.12/site-packages/airflow/example_dags/tutorial_dag.py
[2026-02-14T15:51:44.166+0000] {processor.py:840} INFO - DAG(s) 'tutorial_dag' retrieved from /home/airflow/.local/lib/python3.12/site-packages/airflow/example_dags/tutorial_dag.py
[2026-02-14T15:51:44.175+0000] {logging_mixin.py:188} INFO - [2026-02-14T15:51:44.175+0000] {dag.py:3089} INFO - Sync 1 DAGs
[2026-02-14T15:51:44.179+0000] {logging_mixin.py:188} INFO - [2026-02-14T15:51:44.179+0000] {dag.py:3947} INFO - Setting next_dagrun for tutorial_dag to None, run_after=None
[2026-02-14T15:51:44.188+0000] {processor.py:183} INFO - Processing /home/airflow/.local/lib/python3.12/site-packages/airflow/example_dags/tutorial_dag.py took 0.028 seconds
[2026-02-14T15:52:14.588+0000] {processor.py:161} INFO - Started process (PID=715) to work on /home/airflow/.local/lib/python3.12/site-packages/airflow/example_dags/tutorial_dag.py
[2026-02-14T15:52:14.589+0000] {processor.py:830} INFO - Processing file /home/airflow/.local/lib/python3.12/site-packages/airflow/example_dags/tutorial_dag.py for tasks to queue
[2026-02-14T15:52:14.590+0000] {logging_mixin.py:188} INFO - [2026-02-14T15:52:14.590+0000] {dagbag.py:545} INFO - Filling up the DagBag from /home/airflow/.local/lib/python3.12/site-packages/airflow/example_dags/tutorial_dag.py
[2026-02-14T15:52:14.592+0000] {processor.py:840} INFO - DAG(s) 'tutorial_dag' retrieved from /home/airflow/.local/lib/python3.12/site-packages/airflow/example_dags/tutorial_dag.py
[2026-02-14T15:52:14.602+0000] {logging_mixin.py:188} INFO - [2026-02-14T15:52:14.601+0000] {dag.py:3089} INFO - Sync 1 DAGs
[2026-02-14T15:52:14.607+0000] {logging_mixin.py:188} INFO - [2026-02-14T15:52:14.607+0000] {dag.py:3947} INFO - Setting next_dagrun for tutorial_dag to None, run_after=None
[2026-02-14T15:52:14.617+0000] {processor.py:183} INFO - Processing /home/airflow/.local/lib/python3.12/site-packages/airflow/example_dags/tutorial_dag.py took 0.032 seconds
[2026-02-14T15:52:45.015+0000] {processor.py:161} INFO - Started process (PID=774) to work on /home/airflow/.local/lib/python3.12/site-packages/airflow/example_dags/tutorial_dag.py
[2026-02-14T15:52:45.016+0000] {processor.py:830} INFO - Processing file /home/airflow/.local/lib/python3.12/site-packages/airflow/example_dags/tutorial_dag.py for tasks to queue
[2026-02-14T15:52:45.017+0000] {logging_mixin.py:188} INFO - [2026-02-14T15:52:45.017+0000] {dagbag.py:545} INFO - Filling up the DagBag from /home/airflow/.local/lib/python3.12/site-packages/airflow/example_dags/tutorial_dag.py
[2026-02-14T15:52:45.020+0000] {processor.py:840} INFO - DAG(s) 'tutorial_dag' retrieved from /home/airflow/.local/lib/python3.12/site-packages/airflow/example_dags/tutorial_dag.py
[2026-02-14T15:52:45.029+0000] {logging_mixin.py:188} INFO - [2026-02-14T15:52:45.029+0000] {dag.py:3089} INFO - Sync 1 DAGs
[2026-02-14T15:52:45.033+0000] {logging_mixin.py:188} INFO - [2026-02-14T15:52:45.033+0000] {dag.py:3947} INFO - Setting next_dagrun for tutorial_dag to None, run_after=None
[2026-02-14T15:52:45.043+0000] {processor.py:183} INFO - Processing /home/airflow/.local/lib/python3.12/site-packages/airflow/example_dags/tutorial_dag.py took 0.030 seconds
[2026-02-14T15:53:15.370+0000] {processor.py:161} INFO - Started process (PID=833) to work on /home/airflow/.local/lib/python3.12/site-packages/airflow/example_dags/tutorial_dag.py
[2026-02-14T15:53:15.371+0000] {processor.py:830} INFO - Processing file /home/airflow/.local/lib/python3.12/site-packages/airflow/example_dags/tutorial_dag.py for tasks to queue
[2026-02-14T15:53:15.372+0000] {logging_mixin.py:188} INFO - [2026-02-14T15:53:15.372+0000] {dagbag.py:545} INFO - Filling up the DagBag from /home/airflow/.local/lib/python3.12/site-packages/airflow/example_dags/tutorial_dag.py
[2026-02-14T15:53:15.373+0000] {processor.py:840} INFO - DAG(s) 'tutorial_dag' retrieved from /home/airflow/.local/lib/python3.12/site-packages/airflow/example_dags/tutorial_dag.py
[2026-02-14T15:53:15.381+0000] {logging_mixin.py:188} INFO - [2026-02-14T15:53:15.381+0000] {dag.py:3089} INFO - Sync 1 DAGs
[2026-02-14T15:53:15.386+0000] {logging_mixin.py:188} INFO - [2026-02-14T15:53:15.386+0000] {dag.py:3947} INFO - Setting next_dagrun for tutorial_dag to None, run_after=None
[2026-02-14T15:53:15.396+0000] {processor.py:183} INFO - Processing /home/airflow/.local/lib/python3.12/site-packages/airflow/example_dags/tutorial_dag.py took 0.028 seconds
[2026-02-14T15:53:45.712+0000] {processor.py:161} INFO - Started process (PID=892) to work on /home/airflow/.local/lib/python3.12/site-packages/airflow/example_dags/tutorial_dag.py
[2026-02-14T15:53:45.714+0000] {processor.py:830} INFO - Processing file /home/airflow/.local/lib/python3.12/site-packages/airflow/example_dags/tutorial_dag.py for tasks to queue
[2026-02-14T15:53:45.716+0000] {logging_mixin.py:188} INFO - [2026-02-14T15:53:45.716+0000] {dagbag.py:545} INFO - Filling up the DagBag from /home/airflow/.local/lib/python3.12/site-packages/airflow/example_dags/tutorial_dag.py
[2026-02-14T15:53:45.718+0000] {processor.py:840} INFO - DAG(s) 'tutorial_dag' retrieved from /home/airflow/.local/lib/python3.12/site-packages/airflow/example_dags/tutorial_dag.py
[2026-02-14T15:53:45.727+0000] {logging_mixin.py:188} INFO - [2026-02-14T15:53:45.727+0000] {dag.py:3089} INFO - Sync 1 DAGs
[2026-02-14T15:53:45.731+0000] {logging_mixin.py:188} INFO - [2026-02-14T15:53:45.731+0000] {dag.py:3947} INFO - Setting next_dagrun for tutorial_dag to None, run_after=None
[2026-02-14T15:53:45.742+0000] {processor.py:183} INFO - Processing /home/airflow/.local/lib/python3.12/site-packages/airflow/example_dags/tutorial_dag.py took 0.031 seconds
[2026-02-14T15:54:16.135+0000] {processor.py:161} INFO - Started process (PID=951) to work on /home/airflow/.local/lib/python3.12/site-packages/airflow/example_dags/tutorial_dag.py
[2026-02-14T15:54:16.137+0000] {processor.py:830} INFO - Processing file /home/airflow/.local/lib/python3.12/site-packages/airflow/example_dags/tutorial_dag.py for tasks to queue
[2026-02-14T15:54:16.137+0000] {logging_mixin.py:188} INFO - [2026-02-14T15:54:16.137+0000] {dagbag.py:545} INFO - Filling up the DagBag from /home/airflow/.local/lib/python3.12/site-packages/airflow/example_dags/tutorial_dag.py
[2026-02-14T15:54:16.139+0000] {processor.py:840} INFO - DAG(s) 'tutorial_dag' retrieved from /home/airflow/.local/lib/python3.12/site-packages/airflow/example_dags/tutorial_dag.py
[2026-02-14T15:54:16.147+0000] {logging_mixin.py:188} INFO - [2026-02-14T15:54:16.147+0000] {dag.py:3089} INFO - Sync 1 DAGs
[2026-02-14T15:54:16.152+0000] {logging_mixin.py:188} INFO - [2026-02-14T15:54:16.152+0000] {dag.py:3947} INFO - Setting next_dagrun for tutorial_dag to None, run_after=None
[2026-02-14T15:54:16.159+0000] {processor.py:183} INFO - Processing /home/airflow/.local/lib/python3.12/site-packages/airflow/example_dags/tutorial_dag.py took 0.026 seconds
[2026-02-14T15:54:46.652+0000] {processor.py:161} INFO - Started process (PID=1010) to work on /home/airflow/.local/lib/python3.12/site-packages/airflow/example_dags/tutorial_dag.py
[2026-02-14T15:54:46.652+0000] {processor.py:830} INFO - Processing file /home/airflow/.local/lib/python3.12/site-packages/airflow/example_dags/tutorial_dag.py for tasks to queue
[2026-02-14T15:54:46.653+0000] {logging_mixin.py:188} INFO - [2026-02-14T15:54:46.653+0000] {dagbag.py:545} INFO - Filling up the DagBag from /home/airflow/.local/lib/python3.12/site-packages/airflow/example_dags/tutorial_dag.py
[2026-02-14T15:54:46.655+0000] {processor.py:840} INFO - DAG(s) 'tutorial_dag' retrieved from /home/airflow/.local/lib/python3.12/site-packages/airflow/example_dags/tutorial_dag.py
[2026-02-14T15:54:46.666+0000] {logging_mixin.py:188} INFO - [2026-02-14T15:54:46.666+0000] {dag.py:3089} INFO - Sync 1 DAGs
[2026-02-14T15:54:46.670+0000] {logging_mixin.py:188} INFO - [2026-02-14T15:54:46.670+0000] {dag.py:3947} INFO - Setting next_dagrun for tutorial_dag to None, run_after=None
[2026-02-14T15:54:46.677+0000] {processor.py:183} INFO - Processing /home/airflow/.local/lib/python3.12/site-packages/airflow/example_dags/tutorial_dag.py took 0.027 seconds
[2026-02-14T15:55:17.512+0000] {processor.py:161} INFO - Started process (PID=1069) to work on /home/airflow/.local/lib/python3.12/site-packages/airflow/example_dags/tutorial_dag.py
[2026-02-14T15:55:17.515+0000] {processor.py:830} INFO - Processing file /home/airflow/.local/lib/python3.12/site-packages/airflow/example_dags/tutorial_dag.py for tasks to queue
[2026-02-14T15:55:17.520+0000] {logging_mixin.py:188} INFO - [2026-02-14T15:55:17.518+0000] {dagbag.py:545} INFO - Filling up the DagBag from /home/airflow/.local/lib/python3.12/site-packages/airflow/example_dags/tutorial_dag.py
[2026-02-14T15:55:17.532+0000] {processor.py:840} INFO - DAG(s) 'tutorial_dag' retrieved from /home/airflow/.local/lib/python3.12/site-packages/airflow/example_dags/tutorial_dag.py
[2026-02-14T15:55:17.591+0000] {logging_mixin.py:188} INFO - [2026-02-14T15:55:17.591+0000] {dag.py:3089} INFO - Sync 1 DAGs
[2026-02-14T15:55:17.612+0000] {logging_mixin.py:188} INFO - [2026-02-14T15:55:17.612+0000] {dag.py:3947} INFO - Setting next_dagrun for tutorial_dag to None, run_after=None
[2026-02-14T15:55:17.715+0000] {processor.py:183} INFO - Processing /home/airflow/.local/lib/python3.12/site-packages/airflow/example_dags/tutorial_dag.py took 0.209 seconds
[2026-02-14T15:55:48.574+0000] {processor.py:161} INFO - Started process (PID=1127) to work on /home/airflow/.local/lib/python3.12/site-packages/airflow/example_dags/tutorial_dag.py
[2026-02-14T15:55:48.574+0000] {processor.py:830} INFO - Processing file /home/airflow/.local/lib/python3.12/site-packages/airflow/example_dags/tutorial_dag.py for tasks to queue
[2026-02-14T15:55:48.575+0000] {logging_mixin.py:188} INFO - [2026-02-14T15:55:48.575+0000] {dagbag.py:545} INFO - Filling up the DagBag from /home/airflow/.local/lib/python3.12/site-packages/airflow/example_dags/tutorial_dag.py
[2026-02-14T15:55:48.578+0000] {processor.py:840} INFO - DAG(s) 'tutorial_dag' retrieved from /home/airflow/.local/lib/python3.12/site-packages/airflow/example_dags/tutorial_dag.py
[2026-02-14T15:55:48.592+0000] {logging_mixin.py:188} INFO - [2026-02-14T15:55:48.592+0000] {dag.py:3089} INFO - Sync 1 DAGs
[2026-02-14T15:55:48.601+0000] {logging_mixin.py:188} INFO - [2026-02-14T15:55:48.600+0000] {dag.py:3947} INFO - Setting next_dagrun for tutorial_dag to None, run_after=None
[2026-02-14T15:55:48.609+0000] {processor.py:183} INFO - Processing /home/airflow/.local/lib/python3.12/site-packages/airflow/example_dags/tutorial_dag.py took 0.038 seconds
[2026-02-14T15:56:19.098+0000] {processor.py:161} INFO - Started process (PID=1186) to work on /home/airflow/.local/lib/python3.12/site-packages/airflow/example_dags/tutorial_dag.py
[2026-02-14T15:56:19.101+0000] {processor.py:830} INFO - Processing file /home/airflow/.local/lib/python3.12/site-packages/airflow/example_dags/tutorial_dag.py for tasks to queue
[2026-02-14T15:56:19.103+0000] {logging_mixin.py:188} INFO - [2026-02-14T15:56:19.102+0000] {dagbag.py:545} INFO - Filling up the DagBag from /home/airflow/.local/lib/python3.12/site-packages/airflow/example_dags/tutorial_dag.py
[2026-02-14T15:56:19.106+0000] {processor.py:840} INFO - DAG(s) 'tutorial_dag' retrieved from /home/airflow/.local/lib/python3.12/site-packages/airflow/example_dags/tutorial_dag.py
[2026-02-14T15:56:19.120+0000] {logging_mixin.py:188} INFO - [2026-02-14T15:56:19.119+0000] {dag.py:3089} INFO - Sync 1 DAGs
[2026-02-14T15:56:19.126+0000] {logging_mixin.py:188} INFO - [2026-02-14T15:56:19.126+0000] {dag.py:3947} INFO - Setting next_dagrun for tutorial_dag to None, run_after=None
[2026-02-14T15:56:19.141+0000] {processor.py:183} INFO - Processing /home/airflow/.local/lib/python3.12/site-packages/airflow/example_dags/tutorial_dag.py took 0.048 seconds
[2026-02-14T15:56:49.624+0000] {processor.py:161} INFO - Started process (PID=1245) to work on /home/airflow/.local/lib/python3.12/site-packages/airflow/example_dags/tutorial_dag.py
[2026-02-14T15:56:49.626+0000] {processor.py:830} INFO - Processing file /home/airflow/.local/lib/python3.12/site-packages/airflow/example_dags/tutorial_dag.py for tasks to queue
[2026-02-14T15:56:49.633+0000] {logging_mixin.py:188} INFO - [2026-02-14T15:56:49.632+0000] {dagbag.py:545} INFO - Filling up the DagBag from /home/airflow/.local/lib/python3.12/site-packages/airflow/example_dags/tutorial_dag.py
[2026-02-14T15:56:49.638+0000] {processor.py:840} INFO - DAG(s) 'tutorial_dag' retrieved from /home/airflow/.local/lib/python3.12/site-packages/airflow/example_dags/tutorial_dag.py
[2026-02-14T15:56:49.654+0000] {logging_mixin.py:188} INFO - [2026-02-14T15:56:49.654+0000] {dag.py:3089} INFO - Sync 1 DAGs
[2026-02-14T15:56:49.661+0000] {logging_mixin.py:188} INFO - [2026-02-14T15:56:49.661+0000] {dag.py:3947} INFO - Setting next_dagrun for tutorial_dag to None, run_after=None
[2026-02-14T15:56:49.669+0000] {processor.py:183} INFO - Processing /home/airflow/.local/lib/python3.12/site-packages/airflow/example_dags/tutorial_dag.py took 0.065 seconds
[2026-02-14T15:57:20.344+0000] {processor.py:161} INFO - Started process (PID=1304) to work on /home/airflow/.local/lib/python3.12/site-packages/airflow/example_dags/tutorial_dag.py
[2026-02-14T15:57:20.346+0000] {processor.py:830} INFO - Processing file /home/airflow/.local/lib/python3.12/site-packages/airflow/example_dags/tutorial_dag.py for tasks to queue
[2026-02-14T15:57:20.348+0000] {logging_mixin.py:188} INFO - [2026-02-14T15:57:20.347+0000] {dagbag.py:545} INFO - Filling up the DagBag from /home/airflow/.local/lib/python3.12/site-packages/airflow/example_dags/tutorial_dag.py
[2026-02-14T15:57:20.354+0000] {processor.py:840} INFO - DAG(s) 'tutorial_dag' retrieved from /home/airflow/.local/lib/python3.12/site-packages/airflow/example_dags/tutorial_dag.py
[2026-02-14T15:57:20.370+0000] {logging_mixin.py:188} INFO - [2026-02-14T15:57:20.370+0000] {dag.py:3089} INFO - Sync 1 DAGs
[2026-02-14T15:57:20.377+0000] {logging_mixin.py:188} INFO - [2026-02-14T15:57:20.377+0000] {dag.py:3947} INFO - Setting next_dagrun for tutorial_dag to None, run_after=None
[2026-02-14T15:57:20.390+0000] {processor.py:183} INFO - Processing /home/airflow/.local/lib/python3.12/site-packages/airflow/example_dags/tutorial_dag.py took 0.053 seconds
[2026-02-14T15:57:51.204+0000] {processor.py:161} INFO - Started process (PID=1363) to work on /home/airflow/.local/lib/python3.12/site-packages/airflow/example_dags/tutorial_dag.py
[2026-02-14T15:57:51.205+0000] {processor.py:830} INFO - Processing file /home/airflow/.local/lib/python3.12/site-packages/airflow/example_dags/tutorial_dag.py for tasks to queue
[2026-02-14T15:57:51.208+0000] {logging_mixin.py:188} INFO - [2026-02-14T15:57:51.208+0000] {dagbag.py:545} INFO - Filling up the DagBag from /home/airflow/.local/lib/python3.12/site-packages/airflow/example_dags/tutorial_dag.py
[2026-02-14T15:57:51.211+0000] {processor.py:840} INFO - DAG(s) 'tutorial_dag' retrieved from /home/airflow/.local/lib/python3.12/site-packages/airflow/example_dags/tutorial_dag.py
[2026-02-14T15:57:51.228+0000] {logging_mixin.py:188} INFO - [2026-02-14T15:57:51.228+0000] {dag.py:3089} INFO - Sync 1 DAGs
[2026-02-14T15:57:51.235+0000] {logging_mixin.py:188} INFO - [2026-02-14T15:57:51.235+0000] {dag.py:3947} INFO - Setting next_dagrun for tutorial_dag to None, run_after=None
[2026-02-14T15:57:51.315+0000] {processor.py:183} INFO - Processing /home/airflow/.local/lib/python3.12/site-packages/airflow/example_dags/tutorial_dag.py took 0.117 seconds
[2026-02-14T15:58:22.328+0000] {processor.py:161} INFO - Started process (PID=1422) to work on /home/airflow/.local/lib/python3.12/site-packages/airflow/example_dags/tutorial_dag.py
[2026-02-14T15:58:22.329+0000] {processor.py:830} INFO - Processing file /home/airflow/.local/lib/python3.12/site-packages/airflow/example_dags/tutorial_dag.py for tasks to queue
[2026-02-14T15:58:22.330+0000] {logging_mixin.py:188} INFO - [2026-02-14T15:58:22.330+0000] {dagbag.py:545} INFO - Filling up the DagBag from /home/airflow/.local/lib/python3.12/site-packages/airflow/example_dags/tutorial_dag.py
[2026-02-14T15:58:22.334+0000] {processor.py:840} INFO - DAG(s) 'tutorial_dag' retrieved from /home/airflow/.local/lib/python3.12/site-packages/airflow/example_dags/tutorial_dag.py
[2026-02-14T15:58:22.348+0000] {logging_mixin.py:188} INFO - [2026-02-14T15:58:22.348+0000] {dag.py:3089} INFO - Sync 1 DAGs
[2026-02-14T15:58:22.356+0000] {logging_mixin.py:188} INFO - [2026-02-14T15:58:22.356+0000] {dag.py:3947} INFO - Setting next_dagrun for tutorial_dag to None, run_after=None
[2026-02-14T15:58:22.367+0000] {processor.py:183} INFO - Processing /home/airflow/.local/lib/python3.12/site-packages/airflow/example_dags/tutorial_dag.py took 0.044 seconds
[2026-02-14T15:58:52.686+0000] {processor.py:161} INFO - Started process (PID=1481) to work on /home/airflow/.local/lib/python3.12/site-packages/airflow/example_dags/tutorial_dag.py
[2026-02-14T15:58:52.688+0000] {processor.py:830} INFO - Processing file /home/airflow/.local/lib/python3.12/site-packages/airflow/example_dags/tutorial_dag.py for tasks to queue
[2026-02-14T15:58:52.689+0000] {logging_mixin.py:188} INFO - [2026-02-14T15:58:52.689+0000] {dagbag.py:545} INFO - Filling up the DagBag from /home/airflow/.local/lib/python3.12/site-packages/airflow/example_dags/tutorial_dag.py
[2026-02-14T15:58:52.693+0000] {processor.py:840} INFO - DAG(s) 'tutorial_dag' retrieved from /home/airflow/.local/lib/python3.12/site-packages/airflow/example_dags/tutorial_dag.py
[2026-02-14T15:58:52.710+0000] {logging_mixin.py:188} INFO - [2026-02-14T15:58:52.710+0000] {dag.py:3089} INFO - Sync 1 DAGs
[2026-02-14T15:58:52.718+0000] {logging_mixin.py:188} INFO - [2026-02-14T15:58:52.718+0000] {dag.py:3947} INFO - Setting next_dagrun for tutorial_dag to None, run_after=None
[2026-02-14T15:58:52.748+0000] {processor.py:183} INFO - Processing /home/airflow/.local/lib/python3.12/site-packages/airflow/example_dags/tutorial_dag.py took 0.067 seconds
[2026-02-14T15:59:23.036+0000] {processor.py:161} INFO - Started process (PID=1540) to work on /home/airflow/.local/lib/python3.12/site-packages/airflow/example_dags/tutorial_dag.py
[2026-02-14T15:59:23.037+0000] {processor.py:830} INFO - Processing file /home/airflow/.local/lib/python3.12/site-packages/airflow/example_dags/tutorial_dag.py for tasks to queue
[2026-02-14T15:59:23.039+0000] {logging_mixin.py:188} INFO - [2026-02-14T15:59:23.039+0000] {dagbag.py:545} INFO - Filling up the DagBag from /home/airflow/.local/lib/python3.12/site-packages/airflow/example_dags/tutorial_dag.py
[2026-02-14T15:59:23.049+0000] {processor.py:840} INFO - DAG(s) 'tutorial_dag' retrieved from /home/airflow/.local/lib/python3.12/site-packages/airflow/example_dags/tutorial_dag.py
[2026-02-14T15:59:23.070+0000] {logging_mixin.py:188} INFO - [2026-02-14T15:59:23.070+0000] {dag.py:3089} INFO - Sync 1 DAGs
[2026-02-14T15:59:23.079+0000] {logging_mixin.py:188} INFO - [2026-02-14T15:59:23.079+0000] {dag.py:3947} INFO - Setting next_dagrun for tutorial_dag to None, run_after=None
[2026-02-14T15:59:23.092+0000] {processor.py:183} INFO - Processing /home/airflow/.local/lib/python3.12/site-packages/airflow/example_dags/tutorial_dag.py took 0.066 seconds
[2026-02-14T15:59:53.184+0000] {processor.py:161} INFO - Started process (PID=1599) to work on /home/airflow/.local/lib/python3.12/site-packages/airflow/example_dags/tutorial_dag.py
[2026-02-14T15:59:53.188+0000] {processor.py:830} INFO - Processing file /home/airflow/.local/lib/python3.12/site-packages/airflow/example_dags/tutorial_dag.py for tasks to queue
[2026-02-14T15:59:53.189+0000] {logging_mixin.py:188} INFO - [2026-02-14T15:59:53.188+0000] {dagbag.py:545} INFO - Filling up the DagBag from /home/airflow/.local/lib/python3.12/site-packages/airflow/example_dags/tutorial_dag.py
[2026-02-14T15:59:53.192+0000] {processor.py:840} INFO - DAG(s) 'tutorial_dag' retrieved from /home/airflow/.local/lib/python3.12/site-packages/airflow/example_dags/tutorial_dag.py
[2026-02-14T15:59:53.272+0000] {logging_mixin.py:188} INFO - [2026-02-14T15:59:53.272+0000] {dag.py:3089} INFO - Sync 1 DAGs
[2026-02-14T15:59:53.278+0000] {logging_mixin.py:188} INFO - [2026-02-14T15:59:53.278+0000] {dag.py:3947} INFO - Setting next_dagrun for tutorial_dag to None, run_after=None
[2026-02-14T15:59:53.285+0000] {processor.py:183} INFO - Processing /home/airflow/.local/lib/python3.12/site-packages/airflow/example_dags/tutorial_dag.py took 0.110 seconds
[2026-02-14T16:00:24.138+0000] {processor.py:161} INFO - Started process (PID=1658) to work on /home/airflow/.local/lib/python3.12/site-packages/airflow/example_dags/tutorial_dag.py
[2026-02-14T16:00:24.139+0000] {processor.py:830} INFO - Processing file /home/airflow/.local/lib/python3.12/site-packages/airflow/example_dags/tutorial_dag.py for tasks to queue
[2026-02-14T16:00:24.141+0000] {logging_mixin.py:188} INFO - [2026-02-14T16:00:24.140+0000] {dagbag.py:545} INFO - Filling up the DagBag from /home/airflow/.local/lib/python3.12/site-packages/airflow/example_dags/tutorial_dag.py
[2026-02-14T16:00:24.144+0000] {processor.py:840} INFO - DAG(s) 'tutorial_dag' retrieved from /home/airflow/.local/lib/python3.12/site-packages/airflow/example_dags/tutorial_dag.py
[2026-02-14T16:00:24.156+0000] {logging_mixin.py:188} INFO - [2026-02-14T16:00:24.156+0000] {dag.py:3089} INFO - Sync 1 DAGs
[2026-02-14T16:00:24.163+0000] {logging_mixin.py:188} INFO - [2026-02-14T16:00:24.163+0000] {dag.py:3947} INFO - Setting next_dagrun for tutorial_dag to None, run_after=None
[2026-02-14T16:00:24.172+0000] {processor.py:183} INFO - Processing /home/airflow/.local/lib/python3.12/site-packages/airflow/example_dags/tutorial_dag.py took 0.040 seconds
[2026-02-14T16:00:54.691+0000] {processor.py:161} INFO - Started process (PID=1717) to work on /home/airflow/.local/lib/python3.12/site-packages/airflow/example_dags/tutorial_dag.py
[2026-02-14T16:00:54.692+0000] {processor.py:830} INFO - Processing file /home/airflow/.local/lib/python3.12/site-packages/airflow/example_dags/tutorial_dag.py for tasks to queue
[2026-02-14T16:00:54.694+0000] {logging_mixin.py:188} INFO - [2026-02-14T16:00:54.694+0000] {dagbag.py:545} INFO - Filling up the DagBag from /home/airflow/.local/lib/python3.12/site-packages/airflow/example_dags/tutorial_dag.py
[2026-02-14T16:00:54.698+0000] {processor.py:840} INFO - DAG(s) 'tutorial_dag' retrieved from /home/airflow/.local/lib/python3.12/site-packages/airflow/example_dags/tutorial_dag.py
[2026-02-14T16:00:54.716+0000] {logging_mixin.py:188} INFO - [2026-02-14T16:00:54.716+0000] {dag.py:3089} INFO - Sync 1 DAGs
[2026-02-14T16:00:54.723+0000] {logging_mixin.py:188} INFO - [2026-02-14T16:00:54.723+0000] {dag.py:3947} INFO - Setting next_dagrun for tutorial_dag to None, run_after=None
[2026-02-14T16:00:54.732+0000] {processor.py:183} INFO - Processing /home/airflow/.local/lib/python3.12/site-packages/airflow/example_dags/tutorial_dag.py took 0.047 seconds
[2026-02-14T16:01:25.150+0000] {processor.py:161} INFO - Started process (PID=1776) to work on /home/airflow/.local/lib/python3.12/site-packages/airflow/example_dags/tutorial_dag.py
[2026-02-14T16:01:25.151+0000] {processor.py:830} INFO - Processing file /home/airflow/.local/lib/python3.12/site-packages/airflow/example_dags/tutorial_dag.py for tasks to queue
[2026-02-14T16:01:25.153+0000] {logging_mixin.py:188} INFO - [2026-02-14T16:01:25.152+0000] {dagbag.py:545} INFO - Filling up the DagBag from /home/airflow/.local/lib/python3.12/site-packages/airflow/example_dags/tutorial_dag.py
[2026-02-14T16:01:25.156+0000] {processor.py:840} INFO - DAG(s) 'tutorial_dag' retrieved from /home/airflow/.local/lib/python3.12/site-packages/airflow/example_dags/tutorial_dag.py
[2026-02-14T16:01:25.167+0000] {logging_mixin.py:188} INFO - [2026-02-14T16:01:25.167+0000] {dag.py:3089} INFO - Sync 1 DAGs
[2026-02-14T16:01:25.174+0000] {logging_mixin.py:188} INFO - [2026-02-14T16:01:25.174+0000] {dag.py:3947} INFO - Setting next_dagrun for tutorial_dag to None, run_after=None
[2026-02-14T16:01:25.185+0000] {processor.py:183} INFO - Processing /home/airflow/.local/lib/python3.12/site-packages/airflow/example_dags/tutorial_dag.py took 0.039 seconds
[2026-02-14T16:01:55.484+0000] {processor.py:161} INFO - Started process (PID=1835) to work on /home/airflow/.local/lib/python3.12/site-packages/airflow/example_dags/tutorial_dag.py
[2026-02-14T16:01:55.486+0000] {processor.py:830} INFO - Processing file /home/airflow/.local/lib/python3.12/site-packages/airflow/example_dags/tutorial_dag.py for tasks to queue
[2026-02-14T16:01:55.488+0000] {logging_mixin.py:188} INFO - [2026-02-14T16:01:55.488+0000] {dagbag.py:545} INFO - Filling up the DagBag from /home/airflow/.local/lib/python3.12/site-packages/airflow/example_dags/tutorial_dag.py
[2026-02-14T16:01:55.490+0000] {processor.py:840} INFO - DAG(s) 'tutorial_dag' retrieved from /home/airflow/.local/lib/python3.12/site-packages/airflow/example_dags/tutorial_dag.py
[2026-02-14T16:01:55.503+0000] {logging_mixin.py:188} INFO - [2026-02-14T16:01:55.503+0000] {dag.py:3089} INFO - Sync 1 DAGs
[2026-02-14T16:01:55.508+0000] {logging_mixin.py:188} INFO - [2026-02-14T16:01:55.508+0000] {dag.py:3947} INFO - Setting next_dagrun for tutorial_dag to None, run_after=None
[2026-02-14T16:01:55.517+0000] {processor.py:183} INFO - Processing /home/airflow/.local/lib/python3.12/site-packages/airflow/example_dags/tutorial_dag.py took 0.035 seconds
[2026-02-14T16:02:25.924+0000] {processor.py:161} INFO - Started process (PID=1894) to work on /home/airflow/.local/lib/python3.12/site-packages/airflow/example_dags/tutorial_dag.py
[2026-02-14T16:02:25.925+0000] {processor.py:830} INFO - Processing file /home/airflow/.local/lib/python3.12/site-packages/airflow/example_dags/tutorial_dag.py for tasks to queue
[2026-02-14T16:02:25.926+0000] {logging_mixin.py:188} INFO - [2026-02-14T16:02:25.926+0000] {dagbag.py:545} INFO - Filling up the DagBag from /home/airflow/.local/lib/python3.12/site-packages/airflow/example_dags/tutorial_dag.py
[2026-02-14T16:02:25.928+0000] {processor.py:840} INFO - DAG(s) 'tutorial_dag' retrieved from /home/airflow/.local/lib/python3.12/site-packages/airflow/example_dags/tutorial_dag.py
[2026-02-14T16:02:25.942+0000] {logging_mixin.py:188} INFO - [2026-02-14T16:02:25.942+0000] {dag.py:3089} INFO - Sync 1 DAGs
[2026-02-14T16:02:25.947+0000] {logging_mixin.py:188} INFO - [2026-02-14T16:02:25.947+0000] {dag.py:3947} INFO - Setting next_dagrun for tutorial_dag to None, run_after=None
[2026-02-14T16:02:25.955+0000] {processor.py:183} INFO - Processing /home/airflow/.local/lib/python3.12/site-packages/airflow/example_dags/tutorial_dag.py took 0.034 seconds
[2026-02-14T16:02:56.379+0000] {processor.py:161} INFO - Started process (PID=1953) to work on /home/airflow/.local/lib/python3.12/site-packages/airflow/example_dags/tutorial_dag.py
[2026-02-14T16:02:56.380+0000] {processor.py:830} INFO - Processing file /home/airflow/.local/lib/python3.12/site-packages/airflow/example_dags/tutorial_dag.py for tasks to queue
[2026-02-14T16:02:56.382+0000] {logging_mixin.py:188} INFO - [2026-02-14T16:02:56.382+0000] {dagbag.py:545} INFO - Filling up the DagBag from /home/airflow/.local/lib/python3.12/site-packages/airflow/example_dags/tutorial_dag.py
[2026-02-14T16:02:56.392+0000] {processor.py:840} INFO - DAG(s) 'tutorial_dag' retrieved from /home/airflow/.local/lib/python3.12/site-packages/airflow/example_dags/tutorial_dag.py
[2026-02-14T16:02:56.405+0000] {logging_mixin.py:188} INFO - [2026-02-14T16:02:56.405+0000] {dag.py:3089} INFO - Sync 1 DAGs
[2026-02-14T16:02:56.416+0000] {logging_mixin.py:188} INFO - [2026-02-14T16:02:56.416+0000] {dag.py:3947} INFO - Setting next_dagrun for tutorial_dag to None, run_after=None
[2026-02-14T16:02:56.451+0000] {processor.py:183} INFO - Processing /home/airflow/.local/lib/python3.12/site-packages/airflow/example_dags/tutorial_dag.py took 0.076 seconds
[2026-02-14T16:03:26.961+0000] {processor.py:161} INFO - Started process (PID=2012) to work on /home/airflow/.local/lib/python3.12/site-packages/airflow/example_dags/tutorial_dag.py
[2026-02-14T16:03:26.962+0000] {processor.py:830} INFO - Processing file /home/airflow/.local/lib/python3.12/site-packages/airflow/example_dags/tutorial_dag.py for tasks to queue
[2026-02-14T16:03:26.966+0000] {logging_mixin.py:188} INFO - [2026-02-14T16:03:26.965+0000] {dagbag.py:545} INFO - Filling up the DagBag from /home/airflow/.local/lib/python3.12/site-packages/airflow/example_dags/tutorial_dag.py
[2026-02-14T16:03:26.970+0000] {processor.py:840} INFO - DAG(s) 'tutorial_dag' retrieved from /home/airflow/.local/lib/python3.12/site-packages/airflow/example_dags/tutorial_dag.py
[2026-02-14T16:03:26.984+0000] {logging_mixin.py:188} INFO - [2026-02-14T16:03:26.984+0000] {dag.py:3089} INFO - Sync 1 DAGs
[2026-02-14T16:03:26.993+0000] {logging_mixin.py:188} INFO - [2026-02-14T16:03:26.993+0000] {dag.py:3947} INFO - Setting next_dagrun for tutorial_dag to None, run_after=None
[2026-02-14T16:03:27.002+0000] {processor.py:183} INFO - Processing /home/airflow/.local/lib/python3.12/site-packages/airflow/example_dags/tutorial_dag.py took 0.046 seconds
[2026-02-14T16:03:57.479+0000] {processor.py:161} INFO - Started process (PID=2071) to work on /home/airflow/.local/lib/python3.12/site-packages/airflow/example_dags/tutorial_dag.py
[2026-02-14T16:03:57.480+0000] {processor.py:830} INFO - Processing file /home/airflow/.local/lib/python3.12/site-packages/airflow/example_dags/tutorial_dag.py for tasks to queue
[2026-02-14T16:03:57.481+0000] {logging_mixin.py:188} INFO - [2026-02-14T16:03:57.481+0000] {dagbag.py:545} INFO - Filling up the DagBag from /home/airflow/.local/lib/python3.12/site-packages/airflow/example_dags/tutorial_dag.py
[2026-02-14T16:03:57.487+0000] {processor.py:840} INFO - DAG(s) 'tutorial_dag' retrieved from /home/airflow/.local/lib/python3.12/site-packages/airflow/example_dags/tutorial_dag.py
[2026-02-14T16:03:57.522+0000] {logging_mixin.py:188} INFO - [2026-02-14T16:03:57.522+0000] {dag.py:3089} INFO - Sync 1 DAGs
[2026-02-14T16:03:57.535+0000] {logging_mixin.py:188} INFO - [2026-02-14T16:03:57.534+0000] {dag.py:3947} INFO - Setting next_dagrun for tutorial_dag to None, run_after=None
[2026-02-14T16:03:57.571+0000] {processor.py:183} INFO - Processing /home/airflow/.local/lib/python3.12/site-packages/airflow/example_dags/tutorial_dag.py took 0.096 seconds
[2026-02-14T16:04:28.212+0000] {processor.py:161} INFO - Started process (PID=2130) to work on /home/airflow/.local/lib/python3.12/site-packages/airflow/example_dags/tutorial_dag.py
[2026-02-14T16:04:28.213+0000] {processor.py:830} INFO - Processing file /home/airflow/.local/lib/python3.12/site-packages/airflow/example_dags/tutorial_dag.py for tasks to queue
[2026-02-14T16:04:28.215+0000] {logging_mixin.py:188} INFO - [2026-02-14T16:04:28.215+0000] {dagbag.py:545} INFO - Filling up the DagBag from /home/airflow/.local/lib/python3.12/site-packages/airflow/example_dags/tutorial_dag.py
[2026-02-14T16:04:28.218+0000] {processor.py:840} INFO - DAG(s) 'tutorial_dag' retrieved from /home/airflow/.local/lib/python3.12/site-packages/airflow/example_dags/tutorial_dag.py
[2026-02-14T16:04:28.232+0000] {logging_mixin.py:188} INFO - [2026-02-14T16:04:28.232+0000] {dag.py:3089} INFO - Sync 1 DAGs
[2026-02-14T16:04:28.238+0000] {logging_mixin.py:188} INFO - [2026-02-14T16:04:28.238+0000] {dag.py:3947} INFO - Setting next_dagrun for tutorial_dag to None, run_after=None
[2026-02-14T16:04:28.246+0000] {processor.py:183} INFO - Processing /home/airflow/.local/lib/python3.12/site-packages/airflow/example_dags/tutorial_dag.py took 0.037 seconds
[2026-02-14T16:04:58.661+0000] {processor.py:161} INFO - Started process (PID=2189) to work on /home/airflow/.local/lib/python3.12/site-packages/airflow/example_dags/tutorial_dag.py
[2026-02-14T16:04:58.662+0000] {processor.py:830} INFO - Processing file /home/airflow/.local/lib/python3.12/site-packages/airflow/example_dags/tutorial_dag.py for tasks to queue
[2026-02-14T16:04:58.664+0000] {logging_mixin.py:188} INFO - [2026-02-14T16:04:58.664+0000] {dagbag.py:545} INFO - Filling up the DagBag from /home/airflow/.local/lib/python3.12/site-packages/airflow/example_dags/tutorial_dag.py
[2026-02-14T16:04:58.668+0000] {processor.py:840} INFO - DAG(s) 'tutorial_dag' retrieved from /home/airflow/.local/lib/python3.12/site-packages/airflow/example_dags/tutorial_dag.py
[2026-02-14T16:04:58.681+0000] {logging_mixin.py:188} INFO - [2026-02-14T16:04:58.681+0000] {dag.py:3089} INFO - Sync 1 DAGs
[2026-02-14T16:04:58.687+0000] {logging_mixin.py:188} INFO - [2026-02-14T16:04:58.687+0000] {dag.py:3947} INFO - Setting next_dagrun for tutorial_dag to None, run_after=None
[2026-02-14T16:04:58.698+0000] {processor.py:183} INFO - Processing /home/airflow/.local/lib/python3.12/site-packages/airflow/example_dags/tutorial_dag.py took 0.041 seconds
[2026-02-14T16:05:29.183+0000] {processor.py:161} INFO - Started process (PID=2248) to work on /home/airflow/.local/lib/python3.12/site-packages/airflow/example_dags/tutorial_dag.py
[2026-02-14T16:05:29.184+0000] {processor.py:830} INFO - Processing file /home/airflow/.local/lib/python3.12/site-packages/airflow/example_dags/tutorial_dag.py for tasks to queue
[2026-02-14T16:05:29.187+0000] {logging_mixin.py:188} INFO - [2026-02-14T16:05:29.186+0000] {dagbag.py:545} INFO - Filling up the DagBag from /home/airflow/.local/lib/python3.12/site-packages/airflow/example_dags/tutorial_dag.py
[2026-02-14T16:05:29.192+0000] {processor.py:840} INFO - DAG(s) 'tutorial_dag' retrieved from /home/airflow/.local/lib/python3.12/site-packages/airflow/example_dags/tutorial_dag.py
[2026-02-14T16:05:29.205+0000] {logging_mixin.py:188} INFO - [2026-02-14T16:05:29.205+0000] {dag.py:3089} INFO - Sync 1 DAGs
[2026-02-14T16:05:29.210+0000] {logging_mixin.py:188} INFO - [2026-02-14T16:05:29.210+0000] {dag.py:3947} INFO - Setting next_dagrun for tutorial_dag to None, run_after=None
[2026-02-14T16:05:29.221+0000] {processor.py:183} INFO - Processing /home/airflow/.local/lib/python3.12/site-packages/airflow/example_dags/tutorial_dag.py took 0.043 seconds
[2026-02-14T16:05:59.672+0000] {processor.py:161} INFO - Started process (PID=2307) to work on /home/airflow/.local/lib/python3.12/site-packages/airflow/example_dags/tutorial_dag.py
[2026-02-14T16:05:59.676+0000] {processor.py:830} INFO - Processing file /home/airflow/.local/lib/python3.12/site-packages/airflow/example_dags/tutorial_dag.py for tasks to queue
[2026-02-14T16:05:59.677+0000] {logging_mixin.py:188} INFO - [2026-02-14T16:05:59.677+0000] {dagbag.py:545} INFO - Filling up the DagBag from /home/airflow/.local/lib/python3.12/site-packages/airflow/example_dags/tutorial_dag.py
[2026-02-14T16:05:59.679+0000] {processor.py:840} INFO - DAG(s) 'tutorial_dag' retrieved from /home/airflow/.local/lib/python3.12/site-packages/airflow/example_dags/tutorial_dag.py
[2026-02-14T16:05:59.691+0000] {logging_mixin.py:188} INFO - [2026-02-14T16:05:59.691+0000] {dag.py:3089} INFO - Sync 1 DAGs
[2026-02-14T16:05:59.697+0000] {logging_mixin.py:188} INFO - [2026-02-14T16:05:59.697+0000] {dag.py:3947} INFO - Setting next_dagrun for tutorial_dag to None, run_after=None
[2026-02-14T16:05:59.706+0000] {processor.py:183} INFO - Processing /home/airflow/.local/lib/python3.12/site-packages/airflow/example_dags/tutorial_dag.py took 0.037 seconds
[2026-02-14T16:06:30.106+0000] {processor.py:161} INFO - Started process (PID=2366) to work on /home/airflow/.local/lib/python3.12/site-packages/airflow/example_dags/tutorial_dag.py
[2026-02-14T16:06:30.107+0000] {processor.py:830} INFO - Processing file /home/airflow/.local/lib/python3.12/site-packages/airflow/example_dags/tutorial_dag.py for tasks to queue
[2026-02-14T16:06:30.108+0000] {logging_mixin.py:188} INFO - [2026-02-14T16:06:30.108+0000] {dagbag.py:545} INFO - Filling up the DagBag from /home/airflow/.local/lib/python3.12/site-packages/airflow/example_dags/tutorial_dag.py
[2026-02-14T16:06:30.113+0000] {processor.py:840} INFO - DAG(s) 'tutorial_dag' retrieved from /home/airflow/.local/lib/python3.12/site-packages/airflow/example_dags/tutorial_dag.py
[2026-02-14T16:06:30.130+0000] {logging_mixin.py:188} INFO - [2026-02-14T16:06:30.129+0000] {dag.py:3089} INFO - Sync 1 DAGs
[2026-02-14T16:06:30.139+0000] {logging_mixin.py:188} INFO - [2026-02-14T16:06:30.138+0000] {dag.py:3947} INFO - Setting next_dagrun for tutorial_dag to None, run_after=None
[2026-02-14T16:06:30.153+0000] {processor.py:183} INFO - Processing /home/airflow/.local/lib/python3.12/site-packages/airflow/example_dags/tutorial_dag.py took 0.051 seconds
[2026-02-14T16:07:01.049+0000] {processor.py:161} INFO - Started process (PID=2425) to work on /home/airflow/.local/lib/python3.12/site-packages/airflow/example_dags/tutorial_dag.py
[2026-02-14T16:07:01.051+0000] {processor.py:830} INFO - Processing file /home/airflow/.local/lib/python3.12/site-packages/airflow/example_dags/tutorial_dag.py for tasks to queue
[2026-02-14T16:07:01.053+0000] {logging_mixin.py:188} INFO - [2026-02-14T16:07:01.053+0000] {dagbag.py:545} INFO - Filling up the DagBag from /home/airflow/.local/lib/python3.12/site-packages/airflow/example_dags/tutorial_dag.py
[2026-02-14T16:07:01.061+0000] {processor.py:840} INFO - DAG(s) 'tutorial_dag' retrieved from /home/airflow/.local/lib/python3.12/site-packages/airflow/example_dags/tutorial_dag.py
[2026-02-14T16:07:01.074+0000] {logging_mixin.py:188} INFO - [2026-02-14T16:07:01.074+0000] {dag.py:3089} INFO - Sync 1 DAGs
[2026-02-14T16:07:01.080+0000] {logging_mixin.py:188} INFO - [2026-02-14T16:07:01.080+0000] {dag.py:3947} INFO - Setting next_dagrun for tutorial_dag to None, run_after=None
[2026-02-14T16:07:01.089+0000] {processor.py:183} INFO - Processing /home/airflow/.local/lib/python3.12/site-packages/airflow/example_dags/tutorial_dag.py took 0.046 seconds
[2026-02-14T16:07:31.669+0000] {processor.py:161} INFO - Started process (PID=2484) to work on /home/airflow/.local/lib/python3.12/site-packages/airflow/example_dags/tutorial_dag.py
[2026-02-14T16:07:31.671+0000] {processor.py:830} INFO - Processing file /home/airflow/.local/lib/python3.12/site-packages/airflow/example_dags/tutorial_dag.py for tasks to queue
[2026-02-14T16:07:31.672+0000] {logging_mixin.py:188} INFO - [2026-02-14T16:07:31.672+0000] {dagbag.py:545} INFO - Filling up the DagBag from /home/airflow/.local/lib/python3.12/site-packages/airflow/example_dags/tutorial_dag.py
[2026-02-14T16:07:31.677+0000] {processor.py:840} INFO - DAG(s) 'tutorial_dag' retrieved from /home/airflow/.local/lib/python3.12/site-packages/airflow/example_dags/tutorial_dag.py
[2026-02-14T16:07:31.691+0000] {logging_mixin.py:188} INFO - [2026-02-14T16:07:31.691+0000] {dag.py:3089} INFO - Sync 1 DAGs
[2026-02-14T16:07:31.698+0000] {logging_mixin.py:188} INFO - [2026-02-14T16:07:31.698+0000] {dag.py:3947} INFO - Setting next_dagrun for tutorial_dag to None, run_after=None
[2026-02-14T16:07:31.711+0000] {processor.py:183} INFO - Processing /home/airflow/.local/lib/python3.12/site-packages/airflow/example_dags/tutorial_dag.py took 0.046 seconds
[2026-02-14T16:08:02.434+0000] {processor.py:161} INFO - Started process (PID=2543) to work on /home/airflow/.local/lib/python3.12/site-packages/airflow/example_dags/tutorial_dag.py
[2026-02-14T16:08:02.436+0000] {processor.py:830} INFO - Processing file /home/airflow/.local/lib/python3.12/site-packages/airflow/example_dags/tutorial_dag.py for tasks to queue
[2026-02-14T16:08:02.437+0000] {logging_mixin.py:188} INFO - [2026-02-14T16:08:02.437+0000] {dagbag.py:545} INFO - Filling up the DagBag from /home/airflow/.local/lib/python3.12/site-packages/airflow/example_dags/tutorial_dag.py
[2026-02-14T16:08:02.441+0000] {processor.py:840} INFO - DAG(s) 'tutorial_dag' retrieved from /home/airflow/.local/lib/python3.12/site-packages/airflow/example_dags/tutorial_dag.py
[2026-02-14T16:08:02.453+0000] {logging_mixin.py:188} INFO - [2026-02-14T16:08:02.453+0000] {dag.py:3089} INFO - Sync 1 DAGs
[2026-02-14T16:08:02.462+0000] {logging_mixin.py:188} INFO - [2026-02-14T16:08:02.461+0000] {dag.py:3947} INFO - Setting next_dagrun for tutorial_dag to None, run_after=None
[2026-02-14T16:08:02.474+0000] {processor.py:183} INFO - Processing /home/airflow/.local/lib/python3.12/site-packages/airflow/example_dags/tutorial_dag.py took 0.046 seconds
[2026-02-14T16:08:32.905+0000] {processor.py:161} INFO - Started process (PID=2602) to work on /home/airflow/.local/lib/python3.12/site-packages/airflow/example_dags/tutorial_dag.py
[2026-02-14T16:08:32.906+0000] {processor.py:830} INFO - Processing file /home/airflow/.local/lib/python3.12/site-packages/airflow/example_dags/tutorial_dag.py for tasks to queue
[2026-02-14T16:08:32.907+0000] {logging_mixin.py:188} INFO - [2026-02-14T16:08:32.907+0000] {dagbag.py:545} INFO - Filling up the DagBag from /home/airflow/.local/lib/python3.12/site-packages/airflow/example_dags/tutorial_dag.py
[2026-02-14T16:08:32.910+0000] {processor.py:840} INFO - DAG(s) 'tutorial_dag' retrieved from /home/airflow/.local/lib/python3.12/site-packages/airflow/example_dags/tutorial_dag.py
[2026-02-14T16:08:32.921+0000] {logging_mixin.py:188} INFO - [2026-02-14T16:08:32.921+0000] {dag.py:3089} INFO - Sync 1 DAGs
[2026-02-14T16:08:32.926+0000] {logging_mixin.py:188} INFO - [2026-02-14T16:08:32.926+0000] {dag.py:3947} INFO - Setting next_dagrun for tutorial_dag to None, run_after=None
[2026-02-14T16:08:32.937+0000] {processor.py:183} INFO - Processing /home/airflow/.local/lib/python3.12/site-packages/airflow/example_dags/tutorial_dag.py took 0.035 seconds
[2026-02-14T16:09:03.351+0000] {processor.py:161} INFO - Started process (PID=2661) to work on /home/airflow/.local/lib/python3.12/site-packages/airflow/example_dags/tutorial_dag.py
[2026-02-14T16:09:03.352+0000] {processor.py:830} INFO - Processing file /home/airflow/.local/lib/python3.12/site-packages/airflow/example_dags/tutorial_dag.py for tasks to queue
[2026-02-14T16:09:03.354+0000] {logging_mixin.py:188} INFO - [2026-02-14T16:09:03.353+0000] {dagbag.py:545} INFO - Filling up the DagBag from /home/airflow/.local/lib/python3.12/site-packages/airflow/example_dags/tutorial_dag.py
[2026-02-14T16:09:03.357+0000] {processor.py:840} INFO - DAG(s) 'tutorial_dag' retrieved from /home/airflow/.local/lib/python3.12/site-packages/airflow/example_dags/tutorial_dag.py
[2026-02-14T16:09:03.368+0000] {logging_mixin.py:188} INFO - [2026-02-14T16:09:03.368+0000] {dag.py:3089} INFO - Sync 1 DAGs
[2026-02-14T16:09:03.374+0000] {logging_mixin.py:188} INFO - [2026-02-14T16:09:03.374+0000] {dag.py:3947} INFO - Setting next_dagrun for tutorial_dag to None, run_after=None
[2026-02-14T16:09:03.385+0000] {processor.py:183} INFO - Processing /home/airflow/.local/lib/python3.12/site-packages/airflow/example_dags/tutorial_dag.py took 0.039 seconds
[2026-02-14T16:09:33.792+0000] {processor.py:161} INFO - Started process (PID=2720) to work on /home/airflow/.local/lib/python3.12/site-packages/airflow/example_dags/tutorial_dag.py
[2026-02-14T16:09:33.793+0000] {processor.py:830} INFO - Processing file /home/airflow/.local/lib/python3.12/site-packages/airflow/example_dags/tutorial_dag.py for tasks to queue
[2026-02-14T16:09:33.793+0000] {logging_mixin.py:188} INFO - [2026-02-14T16:09:33.793+0000] {dagbag.py:545} INFO - Filling up the DagBag from /home/airflow/.local/lib/python3.12/site-packages/airflow/example_dags/tutorial_dag.py
[2026-02-14T16:09:33.796+0000] {processor.py:840} INFO - DAG(s) 'tutorial_dag' retrieved from /home/airflow/.local/lib/python3.12/site-packages/airflow/example_dags/tutorial_dag.py
[2026-02-14T16:09:33.807+0000] {logging_mixin.py:188} INFO - [2026-02-14T16:09:33.807+0000] {dag.py:3089} INFO - Sync 1 DAGs
[2026-02-14T16:09:33.813+0000] {logging_mixin.py:188} INFO - [2026-02-14T16:09:33.813+0000] {dag.py:3947} INFO - Setting next_dagrun for tutorial_dag to None, run_after=None
[2026-02-14T16:09:33.820+0000] {processor.py:183} INFO - Processing /home/airflow/.local/lib/python3.12/site-packages/airflow/example_dags/tutorial_dag.py took 0.031 seconds
[2026-02-14T16:10:04.064+0000] {processor.py:161} INFO - Started process (PID=2779) to work on /home/airflow/.local/lib/python3.12/site-packages/airflow/example_dags/tutorial_dag.py
[2026-02-14T16:10:04.065+0000] {processor.py:830} INFO - Processing file /home/airflow/.local/lib/python3.12/site-packages/airflow/example_dags/tutorial_dag.py for tasks to queue
[2026-02-14T16:10:04.066+0000] {logging_mixin.py:188} INFO - [2026-02-14T16:10:04.066+0000] {dagbag.py:545} INFO - Filling up the DagBag from /home/airflow/.local/lib/python3.12/site-packages/airflow/example_dags/tutorial_dag.py
[2026-02-14T16:10:04.070+0000] {processor.py:840} INFO - DAG(s) 'tutorial_dag' retrieved from /home/airflow/.local/lib/python3.12/site-packages/airflow/example_dags/tutorial_dag.py
[2026-02-14T16:10:04.079+0000] {logging_mixin.py:188} INFO - [2026-02-14T16:10:04.079+0000] {dag.py:3089} INFO - Sync 1 DAGs
[2026-02-14T16:10:04.084+0000] {logging_mixin.py:188} INFO - [2026-02-14T16:10:04.084+0000] {dag.py:3947} INFO - Setting next_dagrun for tutorial_dag to None, run_after=None
[2026-02-14T16:10:04.091+0000] {processor.py:183} INFO - Processing /home/airflow/.local/lib/python3.12/site-packages/airflow/example_dags/tutorial_dag.py took 0.030 seconds
[2026-02-14T16:10:34.554+0000] {processor.py:161} INFO - Started process (PID=2837) to work on /home/airflow/.local/lib/python3.12/site-packages/airflow/example_dags/tutorial_dag.py
[2026-02-14T16:10:34.555+0000] {processor.py:830} INFO - Processing file /home/airflow/.local/lib/python3.12/site-packages/airflow/example_dags/tutorial_dag.py for tasks to queue
[2026-02-14T16:10:34.561+0000] {logging_mixin.py:188} INFO - [2026-02-14T16:10:34.560+0000] {dagbag.py:545} INFO - Filling up the DagBag from /home/airflow/.local/lib/python3.12/site-packages/airflow/example_dags/tutorial_dag.py
[2026-02-14T16:10:34.567+0000] {processor.py:840} INFO - DAG(s) 'tutorial_dag' retrieved from /home/airflow/.local/lib/python3.12/site-packages/airflow/example_dags/tutorial_dag.py
[2026-02-14T16:10:34.595+0000] {logging_mixin.py:188} INFO - [2026-02-14T16:10:34.595+0000] {dag.py:3089} INFO - Sync 1 DAGs
[2026-02-14T16:10:34.607+0000] {logging_mixin.py:188} INFO - [2026-02-14T16:10:34.607+0000] {dag.py:3947} INFO - Setting next_dagrun for tutorial_dag to None, run_after=None
[2026-02-14T16:10:34.623+0000] {processor.py:183} INFO - Processing /home/airflow/.local/lib/python3.12/site-packages/airflow/example_dags/tutorial_dag.py took 0.078 seconds
[2026-02-14T16:11:05.344+0000] {processor.py:161} INFO - Started process (PID=2896) to work on /home/airflow/.local/lib/python3.12/site-packages/airflow/example_dags/tutorial_dag.py
[2026-02-14T16:11:05.345+0000] {processor.py:830} INFO - Processing file /home/airflow/.local/lib/python3.12/site-packages/airflow/example_dags/tutorial_dag.py for tasks to queue
[2026-02-14T16:11:05.347+0000] {logging_mixin.py:188} INFO - [2026-02-14T16:11:05.347+0000] {dagbag.py:545} INFO - Filling up the DagBag from /home/airflow/.local/lib/python3.12/site-packages/airflow/example_dags/tutorial_dag.py
[2026-02-14T16:11:05.352+0000] {processor.py:840} INFO - DAG(s) 'tutorial_dag' retrieved from /home/airflow/.local/lib/python3.12/site-packages/airflow/example_dags/tutorial_dag.py
[2026-02-14T16:11:05.395+0000] {logging_mixin.py:188} INFO - [2026-02-14T16:11:05.395+0000] {dag.py:3089} INFO - Sync 1 DAGs
[2026-02-14T16:11:05.414+0000] {logging_mixin.py:188} INFO - [2026-02-14T16:11:05.413+0000] {dag.py:3947} INFO - Setting next_dagrun for tutorial_dag to None, run_after=None
[2026-02-14T16:11:05.441+0000] {processor.py:183} INFO - Processing /home/airflow/.local/lib/python3.12/site-packages/airflow/example_dags/tutorial_dag.py took 0.102 seconds
[2026-02-14T16:11:35.601+0000] {processor.py:161} INFO - Started process (PID=2954) to work on /home/airflow/.local/lib/python3.12/site-packages/airflow/example_dags/tutorial_dag.py
[2026-02-14T16:11:35.606+0000] {processor.py:830} INFO - Processing file /home/airflow/.local/lib/python3.12/site-packages/airflow/example_dags/tutorial_dag.py for tasks to queue
[2026-02-14T16:11:35.614+0000] {logging_mixin.py:188} INFO - [2026-02-14T16:11:35.613+0000] {dagbag.py:545} INFO - Filling up the DagBag from /home/airflow/.local/lib/python3.12/site-packages/airflow/example_dags/tutorial_dag.py
[2026-02-14T16:11:35.621+0000] {processor.py:840} INFO - DAG(s) 'tutorial_dag' retrieved from /home/airflow/.local/lib/python3.12/site-packages/airflow/example_dags/tutorial_dag.py
[2026-02-14T16:11:35.646+0000] {logging_mixin.py:188} INFO - [2026-02-14T16:11:35.646+0000] {dag.py:3089} INFO - Sync 1 DAGs
[2026-02-14T16:11:35.657+0000] {logging_mixin.py:188} INFO - [2026-02-14T16:11:35.657+0000] {dag.py:3947} INFO - Setting next_dagrun for tutorial_dag to None, run_after=None
[2026-02-14T16:11:35.682+0000] {processor.py:183} INFO - Processing /home/airflow/.local/lib/python3.12/site-packages/airflow/example_dags/tutorial_dag.py took 0.093 seconds
[2026-02-14T16:12:05.845+0000] {processor.py:161} INFO - Started process (PID=3014) to work on /home/airflow/.local/lib/python3.12/site-packages/airflow/example_dags/tutorial_dag.py
[2026-02-14T16:12:05.846+0000] {processor.py:830} INFO - Processing file /home/airflow/.local/lib/python3.12/site-packages/airflow/example_dags/tutorial_dag.py for tasks to queue
[2026-02-14T16:12:05.848+0000] {logging_mixin.py:188} INFO - [2026-02-14T16:12:05.848+0000] {dagbag.py:545} INFO - Filling up the DagBag from /home/airflow/.local/lib/python3.12/site-packages/airflow/example_dags/tutorial_dag.py
[2026-02-14T16:12:05.853+0000] {processor.py:840} INFO - DAG(s) 'tutorial_dag' retrieved from /home/airflow/.local/lib/python3.12/site-packages/airflow/example_dags/tutorial_dag.py
[2026-02-14T16:12:05.866+0000] {logging_mixin.py:188} INFO - [2026-02-14T16:12:05.865+0000] {dag.py:3089} INFO - Sync 1 DAGs
[2026-02-14T16:12:05.871+0000] {logging_mixin.py:188} INFO - [2026-02-14T16:12:05.871+0000] {dag.py:3947} INFO - Setting next_dagrun for tutorial_dag to None, run_after=None
[2026-02-14T16:12:05.879+0000] {processor.py:183} INFO - Processing /home/airflow/.local/lib/python3.12/site-packages/airflow/example_dags/tutorial_dag.py took 0.040 seconds
[2026-02-14T16:12:36.309+0000] {processor.py:161} INFO - Started process (PID=3073) to work on /home/airflow/.local/lib/python3.12/site-packages/airflow/example_dags/tutorial_dag.py
[2026-02-14T16:12:36.310+0000] {processor.py:830} INFO - Processing file /home/airflow/.local/lib/python3.12/site-packages/airflow/example_dags/tutorial_dag.py for tasks to queue
[2026-02-14T16:12:36.312+0000] {logging_mixin.py:188} INFO - [2026-02-14T16:12:36.312+0000] {dagbag.py:545} INFO - Filling up the DagBag from /home/airflow/.local/lib/python3.12/site-packages/airflow/example_dags/tutorial_dag.py
[2026-02-14T16:12:36.317+0000] {processor.py:840} INFO - DAG(s) 'tutorial_dag' retrieved from /home/airflow/.local/lib/python3.12/site-packages/airflow/example_dags/tutorial_dag.py
[2026-02-14T16:12:36.354+0000] {logging_mixin.py:188} INFO - [2026-02-14T16:12:36.352+0000] {dag.py:3089} INFO - Sync 1 DAGs
[2026-02-14T16:12:36.383+0000] {logging_mixin.py:188} INFO - [2026-02-14T16:12:36.383+0000] {dag.py:3947} INFO - Setting next_dagrun for tutorial_dag to None, run_after=None
[2026-02-14T16:12:36.409+0000] {processor.py:183} INFO - Processing /home/airflow/.local/lib/python3.12/site-packages/airflow/example_dags/tutorial_dag.py took 0.106 seconds
[2026-02-14T16:13:06.728+0000] {processor.py:161} INFO - Started process (PID=3132) to work on /home/airflow/.local/lib/python3.12/site-packages/airflow/example_dags/tutorial_dag.py
[2026-02-14T16:13:06.728+0000] {processor.py:830} INFO - Processing file /home/airflow/.local/lib/python3.12/site-packages/airflow/example_dags/tutorial_dag.py for tasks to queue
[2026-02-14T16:13:06.730+0000] {logging_mixin.py:188} INFO - [2026-02-14T16:13:06.729+0000] {dagbag.py:545} INFO - Filling up the DagBag from /home/airflow/.local/lib/python3.12/site-packages/airflow/example_dags/tutorial_dag.py
[2026-02-14T16:13:06.732+0000] {processor.py:840} INFO - DAG(s) 'tutorial_dag' retrieved from /home/airflow/.local/lib/python3.12/site-packages/airflow/example_dags/tutorial_dag.py
[2026-02-14T16:13:06.744+0000] {logging_mixin.py:188} INFO - [2026-02-14T16:13:06.744+0000] {dag.py:3089} INFO - Sync 1 DAGs
[2026-02-14T16:13:06.751+0000] {logging_mixin.py:188} INFO - [2026-02-14T16:13:06.751+0000] {dag.py:3947} INFO - Setting next_dagrun for tutorial_dag to None, run_after=None
[2026-02-14T16:13:06.759+0000] {processor.py:183} INFO - Processing /home/airflow/.local/lib/python3.12/site-packages/airflow/example_dags/tutorial_dag.py took 0.035 seconds
[2026-02-14T16:13:37.003+0000] {processor.py:161} INFO - Started process (PID=3191) to work on /home/airflow/.local/lib/python3.12/site-packages/airflow/example_dags/tutorial_dag.py
[2026-02-14T16:13:37.004+0000] {processor.py:830} INFO - Processing file /home/airflow/.local/lib/python3.12/site-packages/airflow/example_dags/tutorial_dag.py for tasks to queue
[2026-02-14T16:13:37.005+0000] {logging_mixin.py:188} INFO - [2026-02-14T16:13:37.005+0000] {dagbag.py:545} INFO - Filling up the DagBag from /home/airflow/.local/lib/python3.12/site-packages/airflow/example_dags/tutorial_dag.py
[2026-02-14T16:13:37.007+0000] {processor.py:840} INFO - DAG(s) 'tutorial_dag' retrieved from /home/airflow/.local/lib/python3.12/site-packages/airflow/example_dags/tutorial_dag.py
[2026-02-14T16:13:37.016+0000] {logging_mixin.py:188} INFO - [2026-02-14T16:13:37.016+0000] {dag.py:3089} INFO - Sync 1 DAGs
[2026-02-14T16:13:37.021+0000] {logging_mixin.py:188} INFO - [2026-02-14T16:13:37.021+0000] {dag.py:3947} INFO - Setting next_dagrun for tutorial_dag to None, run_after=None
[2026-02-14T16:13:37.028+0000] {processor.py:183} INFO - Processing /home/airflow/.local/lib/python3.12/site-packages/airflow/example_dags/tutorial_dag.py took 0.027 seconds
[2026-02-14T16:14:07.700+0000] {processor.py:161} INFO - Started process (PID=3250) to work on /home/airflow/.local/lib/python3.12/site-packages/airflow/example_dags/tutorial_dag.py
[2026-02-14T16:14:07.702+0000] {processor.py:830} INFO - Processing file /home/airflow/.local/lib/python3.12/site-packages/airflow/example_dags/tutorial_dag.py for tasks to queue
[2026-02-14T16:14:07.704+0000] {logging_mixin.py:188} INFO - [2026-02-14T16:14:07.704+0000] {dagbag.py:545} INFO - Filling up the DagBag from /home/airflow/.local/lib/python3.12/site-packages/airflow/example_dags/tutorial_dag.py
[2026-02-14T16:14:07.713+0000] {processor.py:840} INFO - DAG(s) 'tutorial_dag' retrieved from /home/airflow/.local/lib/python3.12/site-packages/airflow/example_dags/tutorial_dag.py
[2026-02-14T16:14:07.740+0000] {logging_mixin.py:188} INFO - [2026-02-14T16:14:07.740+0000] {dag.py:3089} INFO - Sync 1 DAGs
[2026-02-14T16:14:07.753+0000] {logging_mixin.py:188} INFO - [2026-02-14T16:14:07.753+0000] {dag.py:3947} INFO - Setting next_dagrun for tutorial_dag to None, run_after=None
[2026-02-14T16:14:07.772+0000] {processor.py:183} INFO - Processing /home/airflow/.local/lib/python3.12/site-packages/airflow/example_dags/tutorial_dag.py took 0.077 seconds
[2026-02-14T16:14:37.906+0000] {processor.py:161} INFO - Started process (PID=3309) to work on /home/airflow/.local/lib/python3.12/site-packages/airflow/example_dags/tutorial_dag.py
[2026-02-14T16:14:37.906+0000] {processor.py:830} INFO - Processing file /home/airflow/.local/lib/python3.12/site-packages/airflow/example_dags/tutorial_dag.py for tasks to queue
[2026-02-14T16:14:37.909+0000] {logging_mixin.py:188} INFO - [2026-02-14T16:14:37.908+0000] {dagbag.py:545} INFO - Filling up the DagBag from /home/airflow/.local/lib/python3.12/site-packages/airflow/example_dags/tutorial_dag.py
[2026-02-14T16:14:37.914+0000] {processor.py:840} INFO - DAG(s) 'tutorial_dag' retrieved from /home/airflow/.local/lib/python3.12/site-packages/airflow/example_dags/tutorial_dag.py
[2026-02-14T16:14:37.931+0000] {logging_mixin.py:188} INFO - [2026-02-14T16:14:37.931+0000] {dag.py:3089} INFO - Sync 1 DAGs
[2026-02-14T16:14:37.940+0000] {logging_mixin.py:188} INFO - [2026-02-14T16:14:37.940+0000] {dag.py:3947} INFO - Setting next_dagrun for tutorial_dag to None, run_after=None
[2026-02-14T16:14:38.007+0000] {processor.py:183} INFO - Processing /home/airflow/.local/lib/python3.12/site-packages/airflow/example_dags/tutorial_dag.py took 0.104 seconds
[2026-02-14T16:15:08.954+0000] {processor.py:161} INFO - Started process (PID=3368) to work on /home/airflow/.local/lib/python3.12/site-packages/airflow/example_dags/tutorial_dag.py
[2026-02-14T16:15:08.956+0000] {processor.py:830} INFO - Processing file /home/airflow/.local/lib/python3.12/site-packages/airflow/example_dags/tutorial_dag.py for tasks to queue
[2026-02-14T16:15:08.959+0000] {logging_mixin.py:188} INFO - [2026-02-14T16:15:08.959+0000] {dagbag.py:545} INFO - Filling up the DagBag from /home/airflow/.local/lib/python3.12/site-packages/airflow/example_dags/tutorial_dag.py
[2026-02-14T16:15:08.963+0000] {processor.py:840} INFO - DAG(s) 'tutorial_dag' retrieved from /home/airflow/.local/lib/python3.12/site-packages/airflow/example_dags/tutorial_dag.py
[2026-02-14T16:15:08.976+0000] {logging_mixin.py:188} INFO - [2026-02-14T16:15:08.975+0000] {dag.py:3089} INFO - Sync 1 DAGs
[2026-02-14T16:15:08.984+0000] {logging_mixin.py:188} INFO - [2026-02-14T16:15:08.984+0000] {dag.py:3947} INFO - Setting next_dagrun for tutorial_dag to None, run_after=None
[2026-02-14T16:15:08.997+0000] {processor.py:183} INFO - Processing /home/airflow/.local/lib/python3.12/site-packages/airflow/example_dags/tutorial_dag.py took 0.048 seconds
[2026-02-14T16:15:39.533+0000] {processor.py:161} INFO - Started process (PID=3427) to work on /home/airflow/.local/lib/python3.12/site-packages/airflow/example_dags/tutorial_dag.py
[2026-02-14T16:15:39.535+0000] {processor.py:830} INFO - Processing file /home/airflow/.local/lib/python3.12/site-packages/airflow/example_dags/tutorial_dag.py for tasks to queue
[2026-02-14T16:15:39.537+0000] {logging_mixin.py:188} INFO - [2026-02-14T16:15:39.536+0000] {dagbag.py:545} INFO - Filling up the DagBag from /home/airflow/.local/lib/python3.12/site-packages/airflow/example_dags/tutorial_dag.py
[2026-02-14T16:15:39.539+0000] {processor.py:840} INFO - DAG(s) 'tutorial_dag' retrieved from /home/airflow/.local/lib/python3.12/site-packages/airflow/example_dags/tutorial_dag.py
[2026-02-14T16:15:39.552+0000] {logging_mixin.py:188} INFO - [2026-02-14T16:15:39.552+0000] {dag.py:3089} INFO - Sync 1 DAGs
[2026-02-14T16:15:39.557+0000] {logging_mixin.py:188} INFO - [2026-02-14T16:15:39.557+0000] {dag.py:3947} INFO - Setting next_dagrun for tutorial_dag to None, run_after=None
[2026-02-14T16:15:39.566+0000] {processor.py:183} INFO - Processing /home/airflow/.local/lib/python3.12/site-packages/airflow/example_dags/tutorial_dag.py took 0.035 seconds
[2026-02-14T16:16:09.672+0000] {processor.py:161} INFO - Started process (PID=3486) to work on /home/airflow/.local/lib/python3.12/site-packages/airflow/example_dags/tutorial_dag.py
[2026-02-14T16:16:09.673+0000] {processor.py:830} INFO - Processing file /home/airflow/.local/lib/python3.12/site-packages/airflow/example_dags/tutorial_dag.py for tasks to queue
[2026-02-14T16:16:09.675+0000] {logging_mixin.py:188} INFO - [2026-02-14T16:16:09.675+0000] {dagbag.py:545} INFO - Filling up the DagBag from /home/airflow/.local/lib/python3.12/site-packages/airflow/example_dags/tutorial_dag.py
[2026-02-14T16:16:09.682+0000] {processor.py:840} INFO - DAG(s) 'tutorial_dag' retrieved from /home/airflow/.local/lib/python3.12/site-packages/airflow/example_dags/tutorial_dag.py
[2026-02-14T16:16:09.693+0000] {logging_mixin.py:188} INFO - [2026-02-14T16:16:09.693+0000] {dag.py:3089} INFO - Sync 1 DAGs
[2026-02-14T16:16:09.701+0000] {logging_mixin.py:188} INFO - [2026-02-14T16:16:09.701+0000] {dag.py:3947} INFO - Setting next_dagrun for tutorial_dag to None, run_after=None
[2026-02-14T16:16:09.718+0000] {processor.py:183} INFO - Processing /home/airflow/.local/lib/python3.12/site-packages/airflow/example_dags/tutorial_dag.py took 0.050 seconds
[2026-02-14T16:16:40.238+0000] {processor.py:161} INFO - Started process (PID=3545) to work on /home/airflow/.local/lib/python3.12/site-packages/airflow/example_dags/tutorial_dag.py
[2026-02-14T16:16:40.239+0000] {processor.py:830} INFO - Processing file /home/airflow/.local/lib/python3.12/site-packages/airflow/example_dags/tutorial_dag.py for tasks to queue
[2026-02-14T16:16:40.242+0000] {logging_mixin.py:188} INFO - [2026-02-14T16:16:40.241+0000] {dagbag.py:545} INFO - Filling up the DagBag from /home/airflow/.local/lib/python3.12/site-packages/airflow/example_dags/tutorial_dag.py
[2026-02-14T16:16:40.245+0000] {processor.py:840} INFO - DAG(s) 'tutorial_dag' retrieved from /home/airflow/.local/lib/python3.12/site-packages/airflow/example_dags/tutorial_dag.py
[2026-02-14T16:16:40.268+0000] {logging_mixin.py:188} INFO - [2026-02-14T16:16:40.268+0000] {dag.py:3089} INFO - Sync 1 DAGs
[2026-02-14T16:16:40.282+0000] {logging_mixin.py:188} INFO - [2026-02-14T16:16:40.282+0000] {dag.py:3947} INFO - Setting next_dagrun for tutorial_dag to None, run_after=None
[2026-02-14T16:16:40.292+0000] {processor.py:183} INFO - Processing /home/airflow/.local/lib/python3.12/site-packages/airflow/example_dags/tutorial_dag.py took 0.060 seconds
[2026-02-14T16:17:10.808+0000] {processor.py:161} INFO - Started process (PID=3604) to work on /home/airflow/.local/lib/python3.12/site-packages/airflow/example_dags/tutorial_dag.py
[2026-02-14T16:17:10.809+0000] {processor.py:830} INFO - Processing file /home/airflow/.local/lib/python3.12/site-packages/airflow/example_dags/tutorial_dag.py for tasks to queue
[2026-02-14T16:17:10.812+0000] {logging_mixin.py:188} INFO - [2026-02-14T16:17:10.812+0000] {dagbag.py:545} INFO - Filling up the DagBag from /home/airflow/.local/lib/python3.12/site-packages/airflow/example_dags/tutorial_dag.py
[2026-02-14T16:17:10.815+0000] {processor.py:840} INFO - DAG(s) 'tutorial_dag' retrieved from /home/airflow/.local/lib/python3.12/site-packages/airflow/example_dags/tutorial_dag.py
[2026-02-14T16:17:10.829+0000] {logging_mixin.py:188} INFO - [2026-02-14T16:17:10.829+0000] {dag.py:3089} INFO - Sync 1 DAGs
[2026-02-14T16:17:10.835+0000] {logging_mixin.py:188} INFO - [2026-02-14T16:17:10.834+0000] {dag.py:3947} INFO - Setting next_dagrun for tutorial_dag to None, run_after=None
[2026-02-14T16:17:10.847+0000] {processor.py:183} INFO - Processing /home/airflow/.local/lib/python3.12/site-packages/airflow/example_dags/tutorial_dag.py took 0.043 seconds
[2026-02-14T16:17:41.464+0000] {processor.py:161} INFO - Started process (PID=3663) to work on /home/airflow/.local/lib/python3.12/site-packages/airflow/example_dags/tutorial_dag.py
[2026-02-14T16:17:41.466+0000] {processor.py:830} INFO - Processing file /home/airflow/.local/lib/python3.12/site-packages/airflow/example_dags/tutorial_dag.py for tasks to queue
[2026-02-14T16:17:41.469+0000] {logging_mixin.py:188} INFO - [2026-02-14T16:17:41.469+0000] {dagbag.py:545} INFO - Filling up the DagBag from /home/airflow/.local/lib/python3.12/site-packages/airflow/example_dags/tutorial_dag.py
[2026-02-14T16:17:41.474+0000] {processor.py:840} INFO - DAG(s) 'tutorial_dag' retrieved from /home/airflow/.local/lib/python3.12/site-packages/airflow/example_dags/tutorial_dag.py
[2026-02-14T16:17:41.492+0000] {logging_mixin.py:188} INFO - [2026-02-14T16:17:41.492+0000] {dag.py:3089} INFO - Sync 1 DAGs
[2026-02-14T16:17:41.501+0000] {logging_mixin.py:188} INFO - [2026-02-14T16:17:41.501+0000] {dag.py:3947} INFO - Setting next_dagrun for tutorial_dag to None, run_after=None
[2026-02-14T16:17:41.514+0000] {processor.py:183} INFO - Processing /home/airflow/.local/lib/python3.12/site-packages/airflow/example_dags/tutorial_dag.py took 0.055 seconds
[2026-02-14T16:18:12.049+0000] {processor.py:161} INFO - Started process (PID=3722) to work on /home/airflow/.local/lib/python3.12/site-packages/airflow/example_dags/tutorial_dag.py
[2026-02-14T16:18:12.050+0000] {processor.py:830} INFO - Processing file /home/airflow/.local/lib/python3.12/site-packages/airflow/example_dags/tutorial_dag.py for tasks to queue
[2026-02-14T16:18:12.052+0000] {logging_mixin.py:188} INFO - [2026-02-14T16:18:12.052+0000] {dagbag.py:545} INFO - Filling up the DagBag from /home/airflow/.local/lib/python3.12/site-packages/airflow/example_dags/tutorial_dag.py
[2026-02-14T16:18:12.060+0000] {processor.py:840} INFO - DAG(s) 'tutorial_dag' retrieved from /home/airflow/.local/lib/python3.12/site-packages/airflow/example_dags/tutorial_dag.py
[2026-02-14T16:18:12.078+0000] {logging_mixin.py:188} INFO - [2026-02-14T16:18:12.078+0000] {dag.py:3089} INFO - Sync 1 DAGs
[2026-02-14T16:18:12.086+0000] {logging_mixin.py:188} INFO - [2026-02-14T16:18:12.086+0000] {dag.py:3947} INFO - Setting next_dagrun for tutorial_dag to None, run_after=None
[2026-02-14T16:18:12.096+0000] {processor.py:183} INFO - Processing /home/airflow/.local/lib/python3.12/site-packages/airflow/example_dags/tutorial_dag.py took 0.052 seconds
[2026-02-14T16:18:42.774+0000] {processor.py:161} INFO - Started process (PID=3781) to work on /home/airflow/.local/lib/python3.12/site-packages/airflow/example_dags/tutorial_dag.py
[2026-02-14T16:18:42.775+0000] {processor.py:830} INFO - Processing file /home/airflow/.local/lib/python3.12/site-packages/airflow/example_dags/tutorial_dag.py for tasks to queue
[2026-02-14T16:18:42.777+0000] {logging_mixin.py:188} INFO - [2026-02-14T16:18:42.776+0000] {dagbag.py:545} INFO - Filling up the DagBag from /home/airflow/.local/lib/python3.12/site-packages/airflow/example_dags/tutorial_dag.py
[2026-02-14T16:18:42.780+0000] {processor.py:840} INFO - DAG(s) 'tutorial_dag' retrieved from /home/airflow/.local/lib/python3.12/site-packages/airflow/example_dags/tutorial_dag.py
[2026-02-14T16:18:42.796+0000] {logging_mixin.py:188} INFO - [2026-02-14T16:18:42.796+0000] {dag.py:3089} INFO - Sync 1 DAGs
[2026-02-14T16:18:42.808+0000] {logging_mixin.py:188} INFO - [2026-02-14T16:18:42.808+0000] {dag.py:3947} INFO - Setting next_dagrun for tutorial_dag to None, run_after=None
[2026-02-14T16:18:42.821+0000] {processor.py:183} INFO - Processing /home/airflow/.local/lib/python3.12/site-packages/airflow/example_dags/tutorial_dag.py took 0.052 seconds
[2026-02-14T16:19:12.884+0000] {processor.py:161} INFO - Started process (PID=3839) to work on /home/airflow/.local/lib/python3.12/site-packages/airflow/example_dags/tutorial_dag.py
[2026-02-14T16:19:12.885+0000] {processor.py:830} INFO - Processing file /home/airflow/.local/lib/python3.12/site-packages/airflow/example_dags/tutorial_dag.py for tasks to queue
[2026-02-14T16:19:12.886+0000] {logging_mixin.py:188} INFO - [2026-02-14T16:19:12.886+0000] {dagbag.py:545} INFO - Filling up the DagBag from /home/airflow/.local/lib/python3.12/site-packages/airflow/example_dags/tutorial_dag.py
[2026-02-14T16:19:12.892+0000] {processor.py:840} INFO - DAG(s) 'tutorial_dag' retrieved from /home/airflow/.local/lib/python3.12/site-packages/airflow/example_dags/tutorial_dag.py
[2026-02-14T16:19:12.908+0000] {logging_mixin.py:188} INFO - [2026-02-14T16:19:12.907+0000] {dag.py:3089} INFO - Sync 1 DAGs
[2026-02-14T16:19:12.916+0000] {logging_mixin.py:188} INFO - [2026-02-14T16:19:12.916+0000] {dag.py:3947} INFO - Setting next_dagrun for tutorial_dag to None, run_after=None
[2026-02-14T16:19:12.927+0000] {processor.py:183} INFO - Processing /home/airflow/.local/lib/python3.12/site-packages/airflow/example_dags/tutorial_dag.py took 0.049 seconds
[2026-02-14T16:19:43.827+0000] {processor.py:161} INFO - Started process (PID=3905) to work on /home/airflow/.local/lib/python3.12/site-packages/airflow/example_dags/tutorial_dag.py
[2026-02-14T16:19:43.828+0000] {processor.py:830} INFO - Processing file /home/airflow/.local/lib/python3.12/site-packages/airflow/example_dags/tutorial_dag.py for tasks to queue
[2026-02-14T16:19:43.830+0000] {logging_mixin.py:188} INFO - [2026-02-14T16:19:43.830+0000] {dagbag.py:545} INFO - Filling up the DagBag from /home/airflow/.local/lib/python3.12/site-packages/airflow/example_dags/tutorial_dag.py
[2026-02-14T16:19:43.840+0000] {processor.py:840} INFO - DAG(s) 'tutorial_dag' retrieved from /home/airflow/.local/lib/python3.12/site-packages/airflow/example_dags/tutorial_dag.py
[2026-02-14T16:19:43.865+0000] {logging_mixin.py:188} INFO - [2026-02-14T16:19:43.865+0000] {dag.py:3089} INFO - Sync 1 DAGs
[2026-02-14T16:19:43.874+0000] {logging_mixin.py:188} INFO - [2026-02-14T16:19:43.874+0000] {dag.py:3947} INFO - Setting next_dagrun for tutorial_dag to None, run_after=None
[2026-02-14T16:19:43.886+0000] {processor.py:183} INFO - Processing /home/airflow/.local/lib/python3.12/site-packages/airflow/example_dags/tutorial_dag.py took 0.066 seconds
[2026-02-14T16:20:14.250+0000] {processor.py:161} INFO - Started process (PID=3964) to work on /home/airflow/.local/lib/python3.12/site-packages/airflow/example_dags/tutorial_dag.py
[2026-02-14T16:20:14.252+0000] {processor.py:830} INFO - Processing file /home/airflow/.local/lib/python3.12/site-packages/airflow/example_dags/tutorial_dag.py for tasks to queue
[2026-02-14T16:20:14.258+0000] {logging_mixin.py:188} INFO - [2026-02-14T16:20:14.257+0000] {dagbag.py:545} INFO - Filling up the DagBag from /home/airflow/.local/lib/python3.12/site-packages/airflow/example_dags/tutorial_dag.py
[2026-02-14T16:20:14.267+0000] {processor.py:840} INFO - DAG(s) 'tutorial_dag' retrieved from /home/airflow/.local/lib/python3.12/site-packages/airflow/example_dags/tutorial_dag.py
[2026-02-14T16:20:14.313+0000] {logging_mixin.py:188} INFO - [2026-02-14T16:20:14.312+0000] {dag.py:3089} INFO - Sync 1 DAGs
[2026-02-14T16:20:14.330+0000] {logging_mixin.py:188} INFO - [2026-02-14T16:20:14.330+0000] {dag.py:3947} INFO - Setting next_dagrun for tutorial_dag to None, run_after=None
[2026-02-14T16:20:14.372+0000] {processor.py:183} INFO - Processing /home/airflow/.local/lib/python3.12/site-packages/airflow/example_dags/tutorial_dag.py took 0.141 seconds
[2026-02-14T16:20:44.599+0000] {processor.py:161} INFO - Started process (PID=4023) to work on /home/airflow/.local/lib/python3.12/site-packages/airflow/example_dags/tutorial_dag.py
[2026-02-14T16:20:44.600+0000] {processor.py:830} INFO - Processing file /home/airflow/.local/lib/python3.12/site-packages/airflow/example_dags/tutorial_dag.py for tasks to queue
[2026-02-14T16:20:44.602+0000] {logging_mixin.py:188} INFO - [2026-02-14T16:20:44.602+0000] {dagbag.py:545} INFO - Filling up the DagBag from /home/airflow/.local/lib/python3.12/site-packages/airflow/example_dags/tutorial_dag.py
[2026-02-14T16:20:44.605+0000] {processor.py:840} INFO - DAG(s) 'tutorial_dag' retrieved from /home/airflow/.local/lib/python3.12/site-packages/airflow/example_dags/tutorial_dag.py
[2026-02-14T16:20:44.620+0000] {logging_mixin.py:188} INFO - [2026-02-14T16:20:44.619+0000] {dag.py:3089} INFO - Sync 1 DAGs
[2026-02-14T16:20:44.635+0000] {logging_mixin.py:188} INFO - [2026-02-14T16:20:44.635+0000] {dag.py:3947} INFO - Setting next_dagrun for tutorial_dag to None, run_after=None
[2026-02-14T16:20:44.646+0000] {processor.py:183} INFO - Processing /home/airflow/.local/lib/python3.12/site-packages/airflow/example_dags/tutorial_dag.py took 0.050 seconds
[2026-02-14T16:21:15.192+0000] {processor.py:161} INFO - Started process (PID=4082) to work on /home/airflow/.local/lib/python3.12/site-packages/airflow/example_dags/tutorial_dag.py
[2026-02-14T16:21:15.193+0000] {processor.py:830} INFO - Processing file /home/airflow/.local/lib/python3.12/site-packages/airflow/example_dags/tutorial_dag.py for tasks to queue
[2026-02-14T16:21:15.195+0000] {logging_mixin.py:188} INFO - [2026-02-14T16:21:15.195+0000] {dagbag.py:545} INFO - Filling up the DagBag from /home/airflow/.local/lib/python3.12/site-packages/airflow/example_dags/tutorial_dag.py
[2026-02-14T16:21:15.203+0000] {processor.py:840} INFO - DAG(s) 'tutorial_dag' retrieved from /home/airflow/.local/lib/python3.12/site-packages/airflow/example_dags/tutorial_dag.py
[2026-02-14T16:21:15.220+0000] {logging_mixin.py:188} INFO - [2026-02-14T16:21:15.220+0000] {dag.py:3089} INFO - Sync 1 DAGs
[2026-02-14T16:21:15.227+0000] {logging_mixin.py:188} INFO - [2026-02-14T16:21:15.227+0000] {dag.py:3947} INFO - Setting next_dagrun for tutorial_dag to None, run_after=None
[2026-02-14T16:21:15.239+0000] {processor.py:183} INFO - Processing /home/airflow/.local/lib/python3.12/site-packages/airflow/example_dags/tutorial_dag.py took 0.053 seconds
