[2026-02-14T17:55:19.233+0000] {local_task_job_runner.py:120} INFO - ::group::Pre task execution logs
[2026-02-14T17:55:19.243+0000] {taskinstance.py:2076} INFO - Dependencies all met for dep_context=non-requeueable deps ti=<TaskInstance: car_price_predictor_pipeline.train_model manual__2026-02-14T17:50:13+00:00 [queued]>
[2026-02-14T17:55:19.245+0000] {taskinstance.py:2076} INFO - Dependencies all met for dep_context=requeueable deps ti=<TaskInstance: car_price_predictor_pipeline.train_model manual__2026-02-14T17:50:13+00:00 [queued]>
[2026-02-14T17:55:19.246+0000] {taskinstance.py:2306} INFO - Starting attempt 2 of 3
[2026-02-14T17:55:19.250+0000] {taskinstance.py:2330} INFO - Executing <Task(PythonOperator): train_model> on 2026-02-14 17:50:13+00:00
[2026-02-14T17:55:19.257+0000] {warnings.py:112} WARNING - /home/***/.local/lib/python3.12/site-packages/***/task/task_runner/standard_task_runner.py:62: DeprecationWarning: This process (pid=1500) is multi-threaded, use of fork() may lead to deadlocks in the child.
  pid = os.fork()

[2026-02-14T17:55:19.258+0000] {standard_task_runner.py:64} INFO - Started process 1501 to run task
[2026-02-14T17:55:19.258+0000] {standard_task_runner.py:90} INFO - Running: ['***', 'tasks', 'run', 'car_price_predictor_pipeline', 'train_model', 'manual__2026-02-14T17:50:13+00:00', '--job-id', '106', '--raw', '--subdir', 'DAGS_FOLDER/car_price_ml_pipeline.py', '--cfg-path', '/tmp/tmp8406uez_']
[2026-02-14T17:55:19.259+0000] {standard_task_runner.py:91} INFO - Job 106: Subtask train_model
[2026-02-14T17:55:19.281+0000] {task_command.py:426} INFO - Running <TaskInstance: car_price_predictor_pipeline.train_model manual__2026-02-14T17:50:13+00:00 [running]> on host 2075ebc01f0b
[2026-02-14T17:55:19.317+0000] {taskinstance.py:2648} INFO - Exporting env vars: AIRFLOW_CTX_DAG_EMAIL='alerts@example.com' AIRFLOW_CTX_DAG_OWNER='data-science-team' AIRFLOW_CTX_DAG_ID='car_price_predictor_pipeline' AIRFLOW_CTX_TASK_ID='train_model' AIRFLOW_CTX_EXECUTION_DATE='2026-02-14T17:50:13+00:00' AIRFLOW_CTX_TRY_NUMBER='2' AIRFLOW_CTX_DAG_RUN_ID='manual__2026-02-14T17:50:13+00:00'
[2026-02-14T17:55:19.318+0000] {taskinstance.py:430} INFO - ::endgroup::
[2026-02-14T17:55:20.303+0000] {file_store.py:306} WARNING - Malformed experiment '1'. Detailed error Yaml file '/opt/***/project/mlflow/mlruns/1/meta.yaml' does not exist.
Traceback (most recent call last):
  File "/home/airflow/.local/lib/python3.12/site-packages/mlflow/store/tracking/file_store.py", line 302, in search_experiments
    exp = self._get_experiment(exp_id, view_type)
          ^^^^^^^^^^^^^^^^^^^^^^^^^^^^^^^^^^^^^^^
  File "/home/airflow/.local/lib/python3.12/site-packages/mlflow/store/tracking/file_store.py", line 395, in _get_experiment
    meta = FileStore._read_yaml(experiment_dir, FileStore.META_DATA_FILE_NAME)
           ^^^^^^^^^^^^^^^^^^^^^^^^^^^^^^^^^^^^^^^^^^^^^^^^^^^^^^^^^^^^^^^^^^^
  File "/home/airflow/.local/lib/python3.12/site-packages/mlflow/store/tracking/file_store.py", line 1303, in _read_yaml
    return _read_helper(root, file_name, attempts_remaining=retries)
           ^^^^^^^^^^^^^^^^^^^^^^^^^^^^^^^^^^^^^^^^^^^^^^^^^^^^^^^^^
  File "/home/airflow/.local/lib/python3.12/site-packages/mlflow/store/tracking/file_store.py", line 1296, in _read_helper
    result = read_yaml(root, file_name)
             ^^^^^^^^^^^^^^^^^^^^^^^^^^
  File "/home/airflow/.local/lib/python3.12/site-packages/mlflow/utils/file_utils.py", line 303, in read_yaml
    raise MissingConfigException(f"Yaml file '{file_path}' does not exist.")
mlflow.exceptions.MissingConfigException: Yaml file '/opt/***/project/mlflow/mlruns/1/meta.yaml' does not exist.
[2026-02-14T17:55:20.307+0000] {logging_mixin.py:188} INFO - 🚀 Démarrage de l'entraînement du modèle...
[2026-02-14T17:55:20.308+0000] {logging_mixin.py:188} INFO - 📡 MLflow URI: http://172.18.0.4:5000
[2026-02-14T17:55:20.356+0000] {logging_mixin.py:188} INFO - 📊 Données validées: 24776 lignes
[2026-02-14T17:55:20.519+0000] {logging_mixin.py:188} INFO - 📂 Chargement des données...
[2026-02-14T17:55:20.605+0000] {logging_mixin.py:188} INFO - ✅ Données chargées: (24776, 32)
[2026-02-14T17:55:20.704+0000] {logging_mixin.py:188} INFO - 🔧 Prétraitement des données...
[2026-02-14T17:55:20.710+0000] {logging_mixin.py:188} INFO -   • Origine: rempli avec mode = 'WW au Maroc'
[2026-02-14T17:55:20.712+0000] {logging_mixin.py:188} INFO -   • Première main: rempli avec mode = 'Non'
[2026-02-14T17:55:20.714+0000] {logging_mixin.py:188} INFO -   • État: rempli avec mode = 'Excellent'
[2026-02-14T17:55:20.715+0000] {logging_mixin.py:188} INFO -   • Nombre de portes: rempli avec médiane = 5.0
[2026-02-14T17:55:20.724+0000] {logging_mixin.py:188} INFO -   • Doublons supprimés: 16652
[2026-02-14T17:55:20.772+0000] {logging_mixin.py:188} INFO -   • Outliers supprimés: 600
[2026-02-14T17:55:20.817+0000] {logging_mixin.py:188} INFO - ✅ Shape après prétraitement: (7524, 28)
[2026-02-14T17:55:20.817+0000] {logging_mixin.py:188} INFO - 🎯 Préparation des features...
[2026-02-14T17:55:20.820+0000] {logging_mixin.py:188} INFO -   • Features totales: 27
[2026-02-14T17:55:20.820+0000] {logging_mixin.py:188} INFO -   • Features catégorielles: 9
[2026-02-14T17:55:20.820+0000] {logging_mixin.py:188} INFO -   • Features numériques: 3
[2026-02-14T17:55:20.977+0000] {logging_mixin.py:188} INFO - 🤖 Entraînement du modèle...
[2026-02-14T17:55:20.978+0000] {logging_mixin.py:188} INFO -   • Training set: 6019 samples
[2026-02-14T17:55:20.978+0000] {logging_mixin.py:188} INFO -   • Test set: 1505 samples
[2026-02-14T17:55:21.608+0000] {logging_mixin.py:188} INFO - ✅ Entraînement terminé!
[2026-02-14T17:55:21.609+0000] {warnings.py:112} WARNING - /home/***/.local/lib/python3.12/site-packages/sklearn/ensemble/_base.py:214: UserWarning: Loky-backed parallel loops cannot be called in a multiprocessing, setting n_jobs=1
  n_jobs = min(effective_n_jobs(n_jobs), n_estimators)

[2026-02-14T17:55:21.650+0000] {warnings.py:112} WARNING - /home/***/.local/lib/python3.12/site-packages/sklearn/ensemble/_base.py:214: UserWarning: Loky-backed parallel loops cannot be called in a multiprocessing, setting n_jobs=1
  n_jobs = min(effective_n_jobs(n_jobs), n_estimators)

[2026-02-14T17:55:21.982+0000] {logging_mixin.py:188} INFO - 
📊 Résultats:
[2026-02-14T17:55:21.982+0000] {logging_mixin.py:188} INFO -   Train R²: 0.8689
[2026-02-14T17:55:21.982+0000] {logging_mixin.py:188} INFO -   Test R²:  0.7299
[2026-02-14T17:55:21.983+0000] {logging_mixin.py:188} INFO -   Test RMSE: 0.5188
[2026-02-14T17:55:21.983+0000] {logging_mixin.py:188} INFO -   Test MAE:  0.3872
[2026-02-14T17:55:22.001+0000] {logging_mixin.py:188} INFO - 
🔝 Top 10 Features:
[2026-02-14T17:55:22.001+0000] {logging_mixin.py:188} INFO -   Année-Modèle: 0.3429
[2026-02-14T17:55:22.002+0000] {logging_mixin.py:188} INFO -   Boite de vitesses: 0.1007
[2026-02-14T17:55:22.002+0000] {logging_mixin.py:188} INFO -   Marque: 0.0991
[2026-02-14T17:55:22.002+0000] {logging_mixin.py:188} INFO -   Modèle: 0.0961
[2026-02-14T17:55:22.002+0000] {logging_mixin.py:188} INFO -   Puissance fiscale: 0.0935
[2026-02-14T17:55:22.002+0000] {logging_mixin.py:188} INFO -   Kilométrage: 0.0677
[2026-02-14T17:55:22.002+0000] {logging_mixin.py:188} INFO -   Ville: 0.0380
[2026-02-14T17:55:22.002+0000] {logging_mixin.py:188} INFO -   Première main: 0.0355
[2026-02-14T17:55:22.002+0000] {logging_mixin.py:188} INFO -   Type de carburant: 0.0345
[2026-02-14T17:55:22.002+0000] {logging_mixin.py:188} INFO -   ESP: 0.0253
[2026-02-14T17:55:22.414+0000] {logging_mixin.py:188} INFO - 💾 Sauvegarde du modèle...
[2026-02-14T17:55:24.291+0000] {logging_mixin.py:188} WARNING - Registered model 'CarPricePredictor' already exists. Creating a new version of this model...
[2026-02-14T17:55:24.355+0000] {logging_mixin.py:188} WARNING - 2026/02/14 17:55:24 INFO mlflow.store.model_registry.abstract_store: Waiting up to 300 seconds for model version to finish creation. Model name: CarPricePredictor, version 10
[2026-02-14T17:55:24.355+0000] {logging_mixin.py:188} WARNING - Created version '10' of model 'CarPricePredictor'.
[2026-02-14T17:55:24.356+0000] {logging_mixin.py:188} INFO - ✅ Modèle sauvegardé!
[2026-02-14T17:55:24.356+0000] {logging_mixin.py:188} INFO - ✅ Modèle entraîné - Run ID: 78eafb552d8648e69b53d476ae02def8
[2026-02-14T17:55:24.408+0000] {python.py:237} INFO - Done. Returned value was: 78eafb552d8648e69b53d476ae02def8
[2026-02-14T17:55:24.408+0000] {taskinstance.py:441} INFO - ::group::Post task execution logs
[2026-02-14T17:55:24.416+0000] {taskinstance.py:1206} INFO - Marking task as SUCCESS. dag_id=car_price_predictor_pipeline, task_id=train_model, run_id=manual__2026-02-14T17:50:13+00:00, execution_date=20260214T175013, start_date=20260214T175519, end_date=20260214T175524
[2026-02-14T17:55:24.470+0000] {local_task_job_runner.py:243} INFO - Task exited with return code 0
[2026-02-14T17:55:24.486+0000] {taskinstance.py:3503} INFO - 1 downstream tasks scheduled from follow-on schedule check
[2026-02-14T17:55:24.487+0000] {local_task_job_runner.py:222} INFO - ::endgroup::
