[2026-02-14T17:55:44.499+0000] {local_task_job_runner.py:120} INFO - ::group::Pre task execution logs
[2026-02-14T17:55:44.506+0000] {taskinstance.py:2076} INFO - Dependencies all met for dep_context=non-requeueable deps ti=<TaskInstance: car_price_predictor_pipeline.promote_to_staging manual__2026-02-14T17:50:30.477953+00:00 [queued]>
[2026-02-14T17:55:44.509+0000] {taskinstance.py:2076} INFO - Dependencies all met for dep_context=requeueable deps ti=<TaskInstance: car_price_predictor_pipeline.promote_to_staging manual__2026-02-14T17:50:30.477953+00:00 [queued]>
[2026-02-14T17:55:44.509+0000] {taskinstance.py:2306} INFO - Starting attempt 1 of 3
[2026-02-14T17:55:44.513+0000] {taskinstance.py:2330} INFO - Executing <Task(PythonOperator): promote_to_staging> on 2026-02-14 17:50:30.477953+00:00
[2026-02-14T17:55:44.515+0000] {warnings.py:112} WARNING - /home/***/.local/lib/python3.12/site-packages/***/task/task_runner/standard_task_runner.py:62: DeprecationWarning: This process (pid=1731) is multi-threaded, use of fork() may lead to deadlocks in the child.
  pid = os.fork()

[2026-02-14T17:55:44.516+0000] {standard_task_runner.py:64} INFO - Started process 1732 to run task
[2026-02-14T17:55:44.516+0000] {standard_task_runner.py:90} INFO - Running: ['***', 'tasks', 'run', 'car_price_predictor_pipeline', 'promote_to_staging', 'manual__2026-02-14T17:50:30.477953+00:00', '--job-id', '116', '--raw', '--subdir', 'DAGS_FOLDER/car_price_ml_pipeline.py', '--cfg-path', '/tmp/tmp50orm2zg']
[2026-02-14T17:55:44.516+0000] {standard_task_runner.py:91} INFO - Job 116: Subtask promote_to_staging
[2026-02-14T17:55:44.530+0000] {task_command.py:426} INFO - Running <TaskInstance: car_price_predictor_pipeline.promote_to_staging manual__2026-02-14T17:50:30.477953+00:00 [running]> on host 2075ebc01f0b
[2026-02-14T17:55:44.552+0000] {taskinstance.py:2648} INFO - Exporting env vars: AIRFLOW_CTX_DAG_EMAIL='alerts@example.com' AIRFLOW_CTX_DAG_OWNER='data-science-team' AIRFLOW_CTX_DAG_ID='car_price_predictor_pipeline' AIRFLOW_CTX_TASK_ID='promote_to_staging' AIRFLOW_CTX_EXECUTION_DATE='2026-02-14T17:50:30.477953+00:00' AIRFLOW_CTX_TRY_NUMBER='1' AIRFLOW_CTX_DAG_RUN_ID='manual__2026-02-14T17:50:30.477953+00:00'
[2026-02-14T17:55:44.552+0000] {taskinstance.py:430} INFO - ::endgroup::
[2026-02-14T17:55:44.850+0000] {logging_mixin.py:188} INFO - 📦 Promotion du modèle vers Staging...
[2026-02-14T17:55:44.855+0000] {logging_mixin.py:188} INFO - ⚠️ Modèle non éligible, promotion annulée
[2026-02-14T17:55:44.855+0000] {python.py:237} INFO - Done. Returned value was: skipped
[2026-02-14T17:55:44.855+0000] {taskinstance.py:441} INFO - ::group::Post task execution logs
[2026-02-14T17:55:44.861+0000] {taskinstance.py:1206} INFO - Marking task as SUCCESS. dag_id=car_price_predictor_pipeline, task_id=promote_to_staging, run_id=manual__2026-02-14T17:50:30.477953+00:00, execution_date=20260214T175030, start_date=20260214T175544, end_date=20260214T175544
[2026-02-14T17:55:44.902+0000] {local_task_job_runner.py:243} INFO - Task exited with return code 0
[2026-02-14T17:55:44.911+0000] {taskinstance.py:3503} INFO - 1 downstream tasks scheduled from follow-on schedule check
[2026-02-14T17:55:44.912+0000] {local_task_job_runner.py:222} INFO - ::endgroup::
