[2026-02-14T18:09:15.887+0000] {local_task_job_runner.py:120} INFO - ::group::Pre task execution logs
[2026-02-14T18:09:15.896+0000] {taskinstance.py:2076} INFO - Dependencies all met for dep_context=non-requeueable deps ti=<TaskInstance: car_price_predictor_pipeline.send_pipeline_report manual__2026-02-14T17:43:51.631231+00:00 [queued]>
[2026-02-14T18:09:15.900+0000] {taskinstance.py:2076} INFO - Dependencies all met for dep_context=requeueable deps ti=<TaskInstance: car_price_predictor_pipeline.send_pipeline_report manual__2026-02-14T17:43:51.631231+00:00 [queued]>
[2026-02-14T18:09:15.900+0000] {taskinstance.py:2306} INFO - Starting attempt 1 of 3
[2026-02-14T18:09:15.904+0000] {taskinstance.py:2330} INFO - Executing <Task(PythonOperator): send_pipeline_report> on 2026-02-14 17:43:51.631231+00:00
[2026-02-14T18:09:15.906+0000] {warnings.py:112} WARNING - /home/***/.local/lib/python3.12/site-packages/***/task/task_runner/standard_task_runner.py:62: DeprecationWarning: This process (pid=2345) is multi-threaded, use of fork() may lead to deadlocks in the child.
  pid = os.fork()

[2026-02-14T18:09:15.907+0000] {standard_task_runner.py:64} INFO - Started process 2347 to run task
[2026-02-14T18:09:15.907+0000] {standard_task_runner.py:90} INFO - Running: ['***', 'tasks', 'run', 'car_price_predictor_pipeline', 'send_pipeline_report', 'manual__2026-02-14T17:43:51.631231+00:00', '--job-id', '214', '--raw', '--subdir', 'DAGS_FOLDER/car_price_ml_pipeline.py', '--cfg-path', '/tmp/tmpm04agzuv']
[2026-02-14T18:09:15.908+0000] {standard_task_runner.py:91} INFO - Job 214: Subtask send_pipeline_report
[2026-02-14T18:09:15.923+0000] {task_command.py:426} INFO - Running <TaskInstance: car_price_predictor_pipeline.send_pipeline_report manual__2026-02-14T17:43:51.631231+00:00 [running]> on host 2075ebc01f0b
[2026-02-14T18:09:15.951+0000] {taskinstance.py:2648} INFO - Exporting env vars: AIRFLOW_CTX_DAG_EMAIL='alerts@example.com' AIRFLOW_CTX_DAG_OWNER='data-science-team' AIRFLOW_CTX_DAG_ID='car_price_predictor_pipeline' AIRFLOW_CTX_TASK_ID='send_pipeline_report' AIRFLOW_CTX_EXECUTION_DATE='2026-02-14T17:43:51.631231+00:00' AIRFLOW_CTX_TRY_NUMBER='1' AIRFLOW_CTX_DAG_RUN_ID='manual__2026-02-14T17:43:51.631231+00:00'
[2026-02-14T18:09:15.951+0000] {taskinstance.py:430} INFO - ::endgroup::
[2026-02-14T18:09:15.956+0000] {logging_mixin.py:188} INFO - 📧 Génération du rapport de pipeline...
[2026-02-14T18:09:15.968+0000] {logging_mixin.py:188} INFO - ✅ Rapport sauvegardé: /opt/***/project/reports/pipeline_report_20260214_180915.json
[2026-02-14T18:09:15.968+0000] {logging_mixin.py:188} INFO - 📊 Status: SUCCESS
[2026-02-14T18:09:15.969+0000] {python.py:237} INFO - Done. Returned value was: {'pipeline_date': '2026-02-14T18:09:15.967809', 'data_quality': {'total_rows': 24776, 'missing_percentage': 4.606272198902164, 'columns': ['Unnamed: 0', 'Lien', 'Ville', 'Secteur', 'Marque', 'Modèle', 'Année-Modèle', 'Kilométrage', 'Type de carburant', 'Puissance fiscale', 'Boite de vitesses', 'Nombre de portes', 'Origine', 'Première main', 'État', 'Jantes aluminium', 'Airbags', 'Climatisation', 'Système de navigation/GPS', 'Toit ouvrant', 'Sièges cuir', 'Radar de recul', 'Caméra de recul', 'Vitres électriques', 'ABS', 'ESP', 'Régulateur de vitesse', 'Limiteur de vitesse', 'CD/MP3/Bluetooth', 'Ordinateur de bord', 'Verrouillage centralisé à distance', 'Prix'], 'data_ok': True}, 'training': {'run_id': '79193fc1723f4e84af35bc329efeab8b', 'metrics': None}, 'evaluation': {'run_id': '79193fc1723f4e84af35bc329efeab8b', 'r2_score': 0.0, 'rmse': 0.5187586175091933, 'mae': 0.387170867862612, 'is_promotable': False, 'evaluation_date': '2026-02-14T17:54:07.591245'}, 'status': 'SUCCESS'}
[2026-02-14T18:09:15.969+0000] {taskinstance.py:441} INFO - ::group::Post task execution logs
[2026-02-14T18:09:15.975+0000] {taskinstance.py:1206} INFO - Marking task as SUCCESS. dag_id=car_price_predictor_pipeline, task_id=send_pipeline_report, run_id=manual__2026-02-14T17:43:51.631231+00:00, execution_date=20260214T174351, start_date=20260214T180915, end_date=20260214T180915
[2026-02-14T18:09:16.004+0000] {local_task_job_runner.py:243} INFO - Task exited with return code 0
[2026-02-14T18:09:16.012+0000] {taskinstance.py:3503} INFO - 0 downstream tasks scheduled from follow-on schedule check
[2026-02-14T18:09:16.012+0000] {local_task_job_runner.py:222} INFO - ::endgroup::
