[2026-02-17T00:33:21.684+0000] {processor.py:161} INFO - Started process (PID=266) to work on /opt/airflow/dags/car_price_ml_pipeline.py
[2026-02-17T00:33:21.686+0000] {processor.py:830} INFO - Processing file /opt/airflow/dags/car_price_ml_pipeline.py for tasks to queue
[2026-02-17T00:33:21.690+0000] {logging_mixin.py:188} INFO - [2026-02-17T00:33:21.689+0000] {dagbag.py:545} INFO - Filling up the DagBag from /opt/airflow/dags/car_price_ml_pipeline.py
[2026-02-17T00:33:21.702+0000] {processor.py:840} INFO - DAG(s) 'car_price_predictor_pipeline' retrieved from /opt/airflow/dags/car_price_ml_pipeline.py
[2026-02-17T00:33:21.725+0000] {logging_mixin.py:188} INFO - [2026-02-17T00:33:21.725+0000] {dag.py:3089} INFO - Sync 1 DAGs
[2026-02-17T00:33:21.737+0000] {logging_mixin.py:188} INFO - [2026-02-17T00:33:21.736+0000] {dag.py:3947} INFO - Setting next_dagrun for car_price_predictor_pipeline to 2026-02-15 00:00:00+00:00, run_after=2026-02-22 00:00:00+00:00
[2026-02-17T00:33:21.754+0000] {processor.py:183} INFO - Processing /opt/airflow/dags/car_price_ml_pipeline.py took 0.079 seconds
[2026-02-17T01:34:23.376+0000] {processor.py:161} INFO - Started process (PID=267) to work on /opt/airflow/dags/car_price_ml_pipeline.py
[2026-02-17T01:34:23.378+0000] {processor.py:830} INFO - Processing file /opt/airflow/dags/car_price_ml_pipeline.py for tasks to queue
[2026-02-17T01:34:23.382+0000] {logging_mixin.py:188} INFO - [2026-02-17T01:34:23.382+0000] {dagbag.py:545} INFO - Filling up the DagBag from /opt/airflow/dags/car_price_ml_pipeline.py
[2026-02-17T01:34:23.392+0000] {processor.py:840} INFO - DAG(s) 'car_price_predictor_pipeline' retrieved from /opt/airflow/dags/car_price_ml_pipeline.py
[2026-02-17T01:34:23.410+0000] {logging_mixin.py:188} INFO - [2026-02-17T01:34:23.410+0000] {dag.py:3089} INFO - Sync 1 DAGs
[2026-02-17T01:34:23.420+0000] {logging_mixin.py:188} INFO - [2026-02-17T01:34:23.420+0000] {dag.py:3947} INFO - Setting next_dagrun for car_price_predictor_pipeline to 2026-02-15 00:00:00+00:00, run_after=2026-02-22 00:00:00+00:00
[2026-02-17T01:34:23.426+0000] {processor.py:183} INFO - Processing /opt/airflow/dags/car_price_ml_pipeline.py took 0.061 seconds
[2026-02-17T02:35:22.612+0000] {processor.py:161} INFO - Started process (PID=268) to work on /opt/airflow/dags/car_price_ml_pipeline.py
[2026-02-17T02:35:22.613+0000] {processor.py:830} INFO - Processing file /opt/airflow/dags/car_price_ml_pipeline.py for tasks to queue
[2026-02-17T02:35:22.617+0000] {logging_mixin.py:188} INFO - [2026-02-17T02:35:22.616+0000] {dagbag.py:545} INFO - Filling up the DagBag from /opt/airflow/dags/car_price_ml_pipeline.py
[2026-02-17T02:35:22.632+0000] {processor.py:840} INFO - DAG(s) 'car_price_predictor_pipeline' retrieved from /opt/airflow/dags/car_price_ml_pipeline.py
[2026-02-17T02:35:22.665+0000] {logging_mixin.py:188} INFO - [2026-02-17T02:35:22.665+0000] {dag.py:3089} INFO - Sync 1 DAGs
[2026-02-17T02:35:22.697+0000] {logging_mixin.py:188} INFO - [2026-02-17T02:35:22.696+0000] {dag.py:3947} INFO - Setting next_dagrun for car_price_predictor_pipeline to 2026-02-15 00:00:00+00:00, run_after=2026-02-22 00:00:00+00:00
[2026-02-17T02:35:22.718+0000] {processor.py:183} INFO - Processing /opt/airflow/dags/car_price_ml_pipeline.py took 0.111 seconds
[2026-02-17T03:36:31.149+0000] {processor.py:161} INFO - Started process (PID=269) to work on /opt/airflow/dags/car_price_ml_pipeline.py
[2026-02-17T03:36:31.151+0000] {processor.py:830} INFO - Processing file /opt/airflow/dags/car_price_ml_pipeline.py for tasks to queue
[2026-02-17T03:36:31.164+0000] {logging_mixin.py:188} INFO - [2026-02-17T03:36:31.163+0000] {dagbag.py:545} INFO - Filling up the DagBag from /opt/airflow/dags/car_price_ml_pipeline.py
[2026-02-17T03:36:31.215+0000] {processor.py:840} INFO - DAG(s) 'car_price_predictor_pipeline' retrieved from /opt/airflow/dags/car_price_ml_pipeline.py
[2026-02-17T03:36:31.400+0000] {logging_mixin.py:188} INFO - [2026-02-17T03:36:31.399+0000] {dag.py:3089} INFO - Sync 1 DAGs
[2026-02-17T03:36:31.449+0000] {logging_mixin.py:188} INFO - [2026-02-17T03:36:31.449+0000] {dag.py:3947} INFO - Setting next_dagrun for car_price_predictor_pipeline to 2026-02-15 00:00:00+00:00, run_after=2026-02-22 00:00:00+00:00
[2026-02-17T03:36:31.506+0000] {processor.py:183} INFO - Processing /opt/airflow/dags/car_price_ml_pipeline.py took 0.380 seconds
[2026-02-17T04:37:24.814+0000] {processor.py:161} INFO - Started process (PID=270) to work on /opt/airflow/dags/car_price_ml_pipeline.py
[2026-02-17T04:37:24.816+0000] {processor.py:830} INFO - Processing file /opt/airflow/dags/car_price_ml_pipeline.py for tasks to queue
[2026-02-17T04:37:24.818+0000] {logging_mixin.py:188} INFO - [2026-02-17T04:37:24.818+0000] {dagbag.py:545} INFO - Filling up the DagBag from /opt/airflow/dags/car_price_ml_pipeline.py
[2026-02-17T04:37:24.830+0000] {processor.py:840} INFO - DAG(s) 'car_price_predictor_pipeline' retrieved from /opt/airflow/dags/car_price_ml_pipeline.py
[2026-02-17T04:37:24.847+0000] {logging_mixin.py:188} INFO - [2026-02-17T04:37:24.847+0000] {dag.py:3089} INFO - Sync 1 DAGs
[2026-02-17T04:37:24.857+0000] {logging_mixin.py:188} INFO - [2026-02-17T04:37:24.857+0000] {dag.py:3947} INFO - Setting next_dagrun for car_price_predictor_pipeline to 2026-02-15 00:00:00+00:00, run_after=2026-02-22 00:00:00+00:00
[2026-02-17T04:37:24.864+0000] {processor.py:183} INFO - Processing /opt/airflow/dags/car_price_ml_pipeline.py took 0.057 seconds
[2026-02-17T05:38:32.329+0000] {processor.py:161} INFO - Started process (PID=271) to work on /opt/airflow/dags/car_price_ml_pipeline.py
[2026-02-17T05:38:32.331+0000] {processor.py:830} INFO - Processing file /opt/airflow/dags/car_price_ml_pipeline.py for tasks to queue
[2026-02-17T05:38:32.333+0000] {logging_mixin.py:188} INFO - [2026-02-17T05:38:32.333+0000] {dagbag.py:545} INFO - Filling up the DagBag from /opt/airflow/dags/car_price_ml_pipeline.py
[2026-02-17T05:38:32.346+0000] {processor.py:840} INFO - DAG(s) 'car_price_predictor_pipeline' retrieved from /opt/airflow/dags/car_price_ml_pipeline.py
[2026-02-17T05:38:32.367+0000] {logging_mixin.py:188} INFO - [2026-02-17T05:38:32.367+0000] {dag.py:3089} INFO - Sync 1 DAGs
[2026-02-17T05:38:32.379+0000] {logging_mixin.py:188} INFO - [2026-02-17T05:38:32.379+0000] {dag.py:3947} INFO - Setting next_dagrun for car_price_predictor_pipeline to 2026-02-15 00:00:00+00:00, run_after=2026-02-22 00:00:00+00:00
[2026-02-17T05:38:32.386+0000] {processor.py:183} INFO - Processing /opt/airflow/dags/car_price_ml_pipeline.py took 0.067 seconds
[2026-02-17T06:39:24.718+0000] {processor.py:161} INFO - Started process (PID=272) to work on /opt/airflow/dags/car_price_ml_pipeline.py
[2026-02-17T06:39:24.719+0000] {processor.py:830} INFO - Processing file /opt/airflow/dags/car_price_ml_pipeline.py for tasks to queue
[2026-02-17T06:39:24.721+0000] {logging_mixin.py:188} INFO - [2026-02-17T06:39:24.721+0000] {dagbag.py:545} INFO - Filling up the DagBag from /opt/airflow/dags/car_price_ml_pipeline.py
[2026-02-17T06:39:24.738+0000] {processor.py:840} INFO - DAG(s) 'car_price_predictor_pipeline' retrieved from /opt/airflow/dags/car_price_ml_pipeline.py
[2026-02-17T06:39:24.764+0000] {logging_mixin.py:188} INFO - [2026-02-17T06:39:24.764+0000] {dag.py:3089} INFO - Sync 1 DAGs
[2026-02-17T06:39:24.782+0000] {logging_mixin.py:188} INFO - [2026-02-17T06:39:24.782+0000] {dag.py:3947} INFO - Setting next_dagrun for car_price_predictor_pipeline to 2026-02-15 00:00:00+00:00, run_after=2026-02-22 00:00:00+00:00
[2026-02-17T06:39:24.798+0000] {processor.py:183} INFO - Processing /opt/airflow/dags/car_price_ml_pipeline.py took 0.085 seconds
[2026-02-17T07:56:44.830+0000] {processor.py:161} INFO - Started process (PID=273) to work on /opt/airflow/dags/car_price_ml_pipeline.py
[2026-02-17T07:56:44.831+0000] {processor.py:830} INFO - Processing file /opt/airflow/dags/car_price_ml_pipeline.py for tasks to queue
[2026-02-17T07:56:44.833+0000] {logging_mixin.py:188} INFO - [2026-02-17T07:56:44.833+0000] {dagbag.py:545} INFO - Filling up the DagBag from /opt/airflow/dags/car_price_ml_pipeline.py
[2026-02-17T07:56:44.842+0000] {processor.py:840} INFO - DAG(s) 'car_price_predictor_pipeline' retrieved from /opt/airflow/dags/car_price_ml_pipeline.py
[2026-02-17T07:56:44.859+0000] {logging_mixin.py:188} INFO - [2026-02-17T07:56:44.859+0000] {dag.py:3089} INFO - Sync 1 DAGs
[2026-02-17T07:56:44.871+0000] {logging_mixin.py:188} INFO - [2026-02-17T07:56:44.871+0000] {dag.py:3947} INFO - Setting next_dagrun for car_price_predictor_pipeline to 2026-02-15 00:00:00+00:00, run_after=2026-02-22 00:00:00+00:00
[2026-02-17T07:56:44.878+0000] {processor.py:183} INFO - Processing /opt/airflow/dags/car_price_ml_pipeline.py took 0.052 seconds
[2026-02-17T09:12:16.292+0000] {processor.py:161} INFO - Started process (PID=274) to work on /opt/airflow/dags/car_price_ml_pipeline.py
[2026-02-17T09:12:16.294+0000] {processor.py:830} INFO - Processing file /opt/airflow/dags/car_price_ml_pipeline.py for tasks to queue
[2026-02-17T09:12:16.299+0000] {logging_mixin.py:188} INFO - [2026-02-17T09:12:16.298+0000] {dagbag.py:545} INFO - Filling up the DagBag from /opt/airflow/dags/car_price_ml_pipeline.py
[2026-02-17T09:12:16.318+0000] {processor.py:840} INFO - DAG(s) 'car_price_predictor_pipeline' retrieved from /opt/airflow/dags/car_price_ml_pipeline.py
[2026-02-17T09:12:16.363+0000] {logging_mixin.py:188} INFO - [2026-02-17T09:12:16.363+0000] {dag.py:3089} INFO - Sync 1 DAGs
[2026-02-17T09:12:16.393+0000] {logging_mixin.py:188} INFO - [2026-02-17T09:12:16.392+0000] {dag.py:3947} INFO - Setting next_dagrun for car_price_predictor_pipeline to 2026-02-15 00:00:00+00:00, run_after=2026-02-22 00:00:00+00:00
[2026-02-17T09:12:16.411+0000] {processor.py:183} INFO - Processing /opt/airflow/dags/car_price_ml_pipeline.py took 0.131 seconds
[2026-02-17T10:29:02.681+0000] {processor.py:161} INFO - Started process (PID=275) to work on /opt/airflow/dags/car_price_ml_pipeline.py
[2026-02-17T10:29:02.682+0000] {processor.py:830} INFO - Processing file /opt/airflow/dags/car_price_ml_pipeline.py for tasks to queue
[2026-02-17T10:29:02.686+0000] {logging_mixin.py:188} INFO - [2026-02-17T10:29:02.686+0000] {dagbag.py:545} INFO - Filling up the DagBag from /opt/airflow/dags/car_price_ml_pipeline.py
[2026-02-17T10:29:02.713+0000] {processor.py:840} INFO - DAG(s) 'car_price_predictor_pipeline' retrieved from /opt/airflow/dags/car_price_ml_pipeline.py
[2026-02-17T10:29:02.748+0000] {logging_mixin.py:188} INFO - [2026-02-17T10:29:02.747+0000] {dag.py:3089} INFO - Sync 1 DAGs
[2026-02-17T10:29:02.773+0000] {logging_mixin.py:188} INFO - [2026-02-17T10:29:02.773+0000] {dag.py:3947} INFO - Setting next_dagrun for car_price_predictor_pipeline to 2026-02-15 00:00:00+00:00, run_after=2026-02-22 00:00:00+00:00
[2026-02-17T10:29:02.789+0000] {processor.py:183} INFO - Processing /opt/airflow/dags/car_price_ml_pipeline.py took 0.120 seconds
[2026-02-17T11:39:21.216+0000] {processor.py:161} INFO - Started process (PID=276) to work on /opt/airflow/dags/car_price_ml_pipeline.py
[2026-02-17T11:39:21.217+0000] {processor.py:830} INFO - Processing file /opt/airflow/dags/car_price_ml_pipeline.py for tasks to queue
[2026-02-17T11:39:21.221+0000] {logging_mixin.py:188} INFO - [2026-02-17T11:39:21.221+0000] {dagbag.py:545} INFO - Filling up the DagBag from /opt/airflow/dags/car_price_ml_pipeline.py
[2026-02-17T11:39:21.240+0000] {processor.py:840} INFO - DAG(s) 'car_price_predictor_pipeline' retrieved from /opt/airflow/dags/car_price_ml_pipeline.py
[2026-02-17T11:39:21.262+0000] {logging_mixin.py:188} INFO - [2026-02-17T11:39:21.262+0000] {dag.py:3089} INFO - Sync 1 DAGs
[2026-02-17T11:39:21.286+0000] {logging_mixin.py:188} INFO - [2026-02-17T11:39:21.286+0000] {dag.py:3947} INFO - Setting next_dagrun for car_price_predictor_pipeline to 2026-02-15 00:00:00+00:00, run_after=2026-02-22 00:00:00+00:00
[2026-02-17T11:39:21.309+0000] {processor.py:183} INFO - Processing /opt/airflow/dags/car_price_ml_pipeline.py took 0.104 seconds
[2026-02-17T12:18:28.222+0000] {processor.py:161} INFO - Started process (PID=277) to work on /opt/airflow/dags/car_price_ml_pipeline.py
[2026-02-17T12:18:28.275+0000] {processor.py:830} INFO - Processing file /opt/airflow/dags/car_price_ml_pipeline.py for tasks to queue
[2026-02-17T12:18:28.285+0000] {logging_mixin.py:188} INFO - [2026-02-17T12:18:28.284+0000] {dagbag.py:545} INFO - Filling up the DagBag from /opt/airflow/dags/car_price_ml_pipeline.py
[2026-02-17T12:18:28.327+0000] {processor.py:840} INFO - DAG(s) 'car_price_predictor_pipeline' retrieved from /opt/airflow/dags/car_price_ml_pipeline.py
[2026-02-17T12:18:28.391+0000] {logging_mixin.py:188} INFO - [2026-02-17T12:18:28.391+0000] {dag.py:3089} INFO - Sync 1 DAGs
[2026-02-17T12:18:28.430+0000] {logging_mixin.py:188} INFO - [2026-02-17T12:18:28.429+0000] {dag.py:3947} INFO - Setting next_dagrun for car_price_predictor_pipeline to 2026-02-15 00:00:00+00:00, run_after=2026-02-22 00:00:00+00:00
[2026-02-17T12:18:28.449+0000] {processor.py:183} INFO - Processing /opt/airflow/dags/car_price_ml_pipeline.py took 0.244 seconds
[2026-02-17T13:36:39.146+0000] {processor.py:161} INFO - Started process (PID=278) to work on /opt/airflow/dags/car_price_ml_pipeline.py
[2026-02-17T13:36:39.148+0000] {processor.py:830} INFO - Processing file /opt/airflow/dags/car_price_ml_pipeline.py for tasks to queue
[2026-02-17T13:36:39.155+0000] {logging_mixin.py:188} INFO - [2026-02-17T13:36:39.154+0000] {dagbag.py:545} INFO - Filling up the DagBag from /opt/airflow/dags/car_price_ml_pipeline.py
[2026-02-17T13:36:39.191+0000] {processor.py:840} INFO - DAG(s) 'car_price_predictor_pipeline' retrieved from /opt/airflow/dags/car_price_ml_pipeline.py
[2026-02-17T13:36:39.255+0000] {logging_mixin.py:188} INFO - [2026-02-17T13:36:39.255+0000] {dag.py:3089} INFO - Sync 1 DAGs
[2026-02-17T13:36:39.284+0000] {logging_mixin.py:188} INFO - [2026-02-17T13:36:39.284+0000] {dag.py:3947} INFO - Setting next_dagrun for car_price_predictor_pipeline to 2026-02-15 00:00:00+00:00, run_after=2026-02-22 00:00:00+00:00
[2026-02-17T13:36:39.305+0000] {processor.py:183} INFO - Processing /opt/airflow/dags/car_price_ml_pipeline.py took 0.177 seconds
[2026-02-17T14:13:49.403+0000] {processor.py:161} INFO - Started process (PID=279) to work on /opt/airflow/dags/car_price_ml_pipeline.py
[2026-02-17T14:13:49.406+0000] {processor.py:830} INFO - Processing file /opt/airflow/dags/car_price_ml_pipeline.py for tasks to queue
[2026-02-17T14:13:49.410+0000] {logging_mixin.py:188} INFO - [2026-02-17T14:13:49.409+0000] {dagbag.py:545} INFO - Filling up the DagBag from /opt/airflow/dags/car_price_ml_pipeline.py
[2026-02-17T14:13:49.442+0000] {processor.py:840} INFO - DAG(s) 'car_price_predictor_pipeline' retrieved from /opt/airflow/dags/car_price_ml_pipeline.py
[2026-02-17T14:13:49.499+0000] {logging_mixin.py:188} INFO - [2026-02-17T14:13:49.499+0000] {dag.py:3089} INFO - Sync 1 DAGs
[2026-02-17T14:13:49.526+0000] {logging_mixin.py:188} INFO - [2026-02-17T14:13:49.526+0000] {dag.py:3947} INFO - Setting next_dagrun for car_price_predictor_pipeline to 2026-02-15 00:00:00+00:00, run_after=2026-02-22 00:00:00+00:00
[2026-02-17T14:13:49.552+0000] {processor.py:183} INFO - Processing /opt/airflow/dags/car_price_ml_pipeline.py took 0.159 seconds
[2026-02-17T14:40:38.946+0000] {processor.py:161} INFO - Started process (PID=280) to work on /opt/airflow/dags/car_price_ml_pipeline.py
[2026-02-17T14:40:38.947+0000] {processor.py:830} INFO - Processing file /opt/airflow/dags/car_price_ml_pipeline.py for tasks to queue
[2026-02-17T14:40:38.952+0000] {logging_mixin.py:188} INFO - [2026-02-17T14:40:38.952+0000] {dagbag.py:545} INFO - Filling up the DagBag from /opt/airflow/dags/car_price_ml_pipeline.py
[2026-02-17T14:40:38.963+0000] {processor.py:840} INFO - DAG(s) 'car_price_predictor_pipeline' retrieved from /opt/airflow/dags/car_price_ml_pipeline.py
[2026-02-17T14:40:38.994+0000] {logging_mixin.py:188} INFO - [2026-02-17T14:40:38.993+0000] {dag.py:3089} INFO - Sync 1 DAGs
[2026-02-17T14:40:39.026+0000] {logging_mixin.py:188} INFO - [2026-02-17T14:40:39.026+0000] {dag.py:3947} INFO - Setting next_dagrun for car_price_predictor_pipeline to 2026-02-15 00:00:00+00:00, run_after=2026-02-22 00:00:00+00:00
[2026-02-17T14:40:39.057+0000] {processor.py:183} INFO - Processing /opt/airflow/dags/car_price_ml_pipeline.py took 0.119 seconds
[2026-02-17T15:20:24.956+0000] {processor.py:161} INFO - Started process (PID=281) to work on /opt/airflow/dags/car_price_ml_pipeline.py
[2026-02-17T15:20:24.957+0000] {processor.py:830} INFO - Processing file /opt/airflow/dags/car_price_ml_pipeline.py for tasks to queue
[2026-02-17T15:20:24.960+0000] {logging_mixin.py:188} INFO - [2026-02-17T15:20:24.960+0000] {dagbag.py:545} INFO - Filling up the DagBag from /opt/airflow/dags/car_price_ml_pipeline.py
[2026-02-17T15:20:24.974+0000] {processor.py:840} INFO - DAG(s) 'car_price_predictor_pipeline' retrieved from /opt/airflow/dags/car_price_ml_pipeline.py
[2026-02-17T15:20:24.999+0000] {logging_mixin.py:188} INFO - [2026-02-17T15:20:24.999+0000] {dag.py:3089} INFO - Sync 1 DAGs
[2026-02-17T15:20:25.027+0000] {logging_mixin.py:188} INFO - [2026-02-17T15:20:25.027+0000] {dag.py:3947} INFO - Setting next_dagrun for car_price_predictor_pipeline to 2026-02-15 00:00:00+00:00, run_after=2026-02-22 00:00:00+00:00
[2026-02-17T15:20:25.052+0000] {processor.py:183} INFO - Processing /opt/airflow/dags/car_price_ml_pipeline.py took 0.106 seconds
[2026-02-17T15:37:46.279+0000] {processor.py:161} INFO - Started process (PID=282) to work on /opt/airflow/dags/car_price_ml_pipeline.py
[2026-02-17T15:37:46.280+0000] {processor.py:830} INFO - Processing file /opt/airflow/dags/car_price_ml_pipeline.py for tasks to queue
[2026-02-17T15:37:46.283+0000] {logging_mixin.py:188} INFO - [2026-02-17T15:37:46.283+0000] {dagbag.py:545} INFO - Filling up the DagBag from /opt/airflow/dags/car_price_ml_pipeline.py
[2026-02-17T15:37:46.298+0000] {processor.py:840} INFO - DAG(s) 'car_price_predictor_pipeline' retrieved from /opt/airflow/dags/car_price_ml_pipeline.py
[2026-02-17T15:37:46.320+0000] {logging_mixin.py:188} INFO - [2026-02-17T15:37:46.320+0000] {dag.py:3089} INFO - Sync 1 DAGs
[2026-02-17T15:37:46.338+0000] {logging_mixin.py:188} INFO - [2026-02-17T15:37:46.338+0000] {dag.py:3947} INFO - Setting next_dagrun for car_price_predictor_pipeline to 2026-02-15 00:00:00+00:00, run_after=2026-02-22 00:00:00+00:00
[2026-02-17T15:37:46.359+0000] {processor.py:183} INFO - Processing /opt/airflow/dags/car_price_ml_pipeline.py took 0.088 seconds
[2026-02-17T16:25:25.962+0000] {processor.py:161} INFO - Started process (PID=283) to work on /opt/airflow/dags/car_price_ml_pipeline.py
[2026-02-17T16:25:25.962+0000] {processor.py:830} INFO - Processing file /opt/airflow/dags/car_price_ml_pipeline.py for tasks to queue
[2026-02-17T16:25:25.964+0000] {logging_mixin.py:188} INFO - [2026-02-17T16:25:25.964+0000] {dagbag.py:545} INFO - Filling up the DagBag from /opt/airflow/dags/car_price_ml_pipeline.py
[2026-02-17T16:25:25.974+0000] {processor.py:840} INFO - DAG(s) 'car_price_predictor_pipeline' retrieved from /opt/airflow/dags/car_price_ml_pipeline.py
[2026-02-17T16:25:26.011+0000] {logging_mixin.py:188} INFO - [2026-02-17T16:25:26.011+0000] {dag.py:3089} INFO - Sync 1 DAGs
[2026-02-17T16:25:26.039+0000] {logging_mixin.py:188} INFO - [2026-02-17T16:25:26.038+0000] {dag.py:3947} INFO - Setting next_dagrun for car_price_predictor_pipeline to 2026-02-15 00:00:00+00:00, run_after=2026-02-22 00:00:00+00:00
[2026-02-17T16:25:26.056+0000] {processor.py:183} INFO - Processing /opt/airflow/dags/car_price_ml_pipeline.py took 0.099 seconds
[2026-02-17T16:29:34.917+0000] {processor.py:161} INFO - Started process (PID=284) to work on /opt/airflow/dags/car_price_ml_pipeline.py
[2026-02-17T16:29:34.918+0000] {processor.py:830} INFO - Processing file /opt/airflow/dags/car_price_ml_pipeline.py for tasks to queue
[2026-02-17T16:29:34.922+0000] {logging_mixin.py:188} INFO - [2026-02-17T16:29:34.921+0000] {dagbag.py:545} INFO - Filling up the DagBag from /opt/airflow/dags/car_price_ml_pipeline.py
[2026-02-17T16:29:34.935+0000] {processor.py:840} INFO - DAG(s) 'car_price_predictor_pipeline' retrieved from /opt/airflow/dags/car_price_ml_pipeline.py
[2026-02-17T16:29:34.967+0000] {logging_mixin.py:188} INFO - [2026-02-17T16:29:34.966+0000] {dag.py:3089} INFO - Sync 1 DAGs
[2026-02-17T16:29:34.986+0000] {logging_mixin.py:188} INFO - [2026-02-17T16:29:34.986+0000] {dag.py:3947} INFO - Setting next_dagrun for car_price_predictor_pipeline to 2026-02-15 00:00:00+00:00, run_after=2026-02-22 00:00:00+00:00
[2026-02-17T16:29:34.997+0000] {processor.py:183} INFO - Processing /opt/airflow/dags/car_price_ml_pipeline.py took 0.091 seconds
[2026-02-17T17:24:18.422+0000] {processor.py:161} INFO - Started process (PID=285) to work on /opt/airflow/dags/car_price_ml_pipeline.py
[2026-02-17T17:24:18.423+0000] {processor.py:830} INFO - Processing file /opt/airflow/dags/car_price_ml_pipeline.py for tasks to queue
[2026-02-17T17:24:18.425+0000] {logging_mixin.py:188} INFO - [2026-02-17T17:24:18.425+0000] {dagbag.py:545} INFO - Filling up the DagBag from /opt/airflow/dags/car_price_ml_pipeline.py
[2026-02-17T17:24:18.437+0000] {processor.py:840} INFO - DAG(s) 'car_price_predictor_pipeline' retrieved from /opt/airflow/dags/car_price_ml_pipeline.py
[2026-02-17T17:24:18.454+0000] {logging_mixin.py:188} INFO - [2026-02-17T17:24:18.454+0000] {dag.py:3089} INFO - Sync 1 DAGs
[2026-02-17T17:24:18.465+0000] {logging_mixin.py:188} INFO - [2026-02-17T17:24:18.465+0000] {dag.py:3947} INFO - Setting next_dagrun for car_price_predictor_pipeline to 2026-02-15 00:00:00+00:00, run_after=2026-02-22 00:00:00+00:00
[2026-02-17T17:24:18.472+0000] {processor.py:183} INFO - Processing /opt/airflow/dags/car_price_ml_pipeline.py took 0.056 seconds
[2026-02-17T18:08:28.915+0000] {processor.py:161} INFO - Started process (PID=286) to work on /opt/airflow/dags/car_price_ml_pipeline.py
[2026-02-17T18:08:28.916+0000] {processor.py:830} INFO - Processing file /opt/airflow/dags/car_price_ml_pipeline.py for tasks to queue
[2026-02-17T18:08:28.919+0000] {logging_mixin.py:188} INFO - [2026-02-17T18:08:28.918+0000] {dagbag.py:545} INFO - Filling up the DagBag from /opt/airflow/dags/car_price_ml_pipeline.py
[2026-02-17T18:08:28.934+0000] {processor.py:840} INFO - DAG(s) 'car_price_predictor_pipeline' retrieved from /opt/airflow/dags/car_price_ml_pipeline.py
[2026-02-17T18:08:28.961+0000] {logging_mixin.py:188} INFO - [2026-02-17T18:08:28.961+0000] {dag.py:3089} INFO - Sync 1 DAGs
[2026-02-17T18:08:28.980+0000] {logging_mixin.py:188} INFO - [2026-02-17T18:08:28.980+0000] {dag.py:3947} INFO - Setting next_dagrun for car_price_predictor_pipeline to 2026-02-15 00:00:00+00:00, run_after=2026-02-22 00:00:00+00:00
[2026-02-17T18:08:28.995+0000] {processor.py:183} INFO - Processing /opt/airflow/dags/car_price_ml_pipeline.py took 0.086 seconds
[2026-02-17T18:44:10.992+0000] {processor.py:161} INFO - Started process (PID=287) to work on /opt/airflow/dags/car_price_ml_pipeline.py
[2026-02-17T18:44:10.993+0000] {processor.py:830} INFO - Processing file /opt/airflow/dags/car_price_ml_pipeline.py for tasks to queue
[2026-02-17T18:44:10.995+0000] {logging_mixin.py:188} INFO - [2026-02-17T18:44:10.995+0000] {dagbag.py:545} INFO - Filling up the DagBag from /opt/airflow/dags/car_price_ml_pipeline.py
[2026-02-17T18:44:11.010+0000] {processor.py:840} INFO - DAG(s) 'car_price_predictor_pipeline' retrieved from /opt/airflow/dags/car_price_ml_pipeline.py
[2026-02-17T18:44:11.036+0000] {logging_mixin.py:188} INFO - [2026-02-17T18:44:11.035+0000] {dag.py:3089} INFO - Sync 1 DAGs
[2026-02-17T18:44:11.052+0000] {logging_mixin.py:188} INFO - [2026-02-17T18:44:11.052+0000] {dag.py:3947} INFO - Setting next_dagrun for car_price_predictor_pipeline to 2026-02-15 00:00:00+00:00, run_after=2026-02-22 00:00:00+00:00
[2026-02-17T18:44:11.071+0000] {processor.py:183} INFO - Processing /opt/airflow/dags/car_price_ml_pipeline.py took 0.087 seconds
[2026-02-17T19:12:04.081+0000] {processor.py:161} INFO - Started process (PID=288) to work on /opt/airflow/dags/car_price_ml_pipeline.py
[2026-02-17T19:12:04.083+0000] {processor.py:830} INFO - Processing file /opt/airflow/dags/car_price_ml_pipeline.py for tasks to queue
[2026-02-17T19:12:04.090+0000] {logging_mixin.py:188} INFO - [2026-02-17T19:12:04.089+0000] {dagbag.py:545} INFO - Filling up the DagBag from /opt/airflow/dags/car_price_ml_pipeline.py
[2026-02-17T19:12:04.103+0000] {processor.py:840} INFO - DAG(s) 'car_price_predictor_pipeline' retrieved from /opt/airflow/dags/car_price_ml_pipeline.py
[2026-02-17T19:12:04.132+0000] {logging_mixin.py:188} INFO - [2026-02-17T19:12:04.132+0000] {dag.py:3089} INFO - Sync 1 DAGs
[2026-02-17T19:12:04.159+0000] {logging_mixin.py:188} INFO - [2026-02-17T19:12:04.159+0000] {dag.py:3947} INFO - Setting next_dagrun for car_price_predictor_pipeline to 2026-02-15 00:00:00+00:00, run_after=2026-02-22 00:00:00+00:00
[2026-02-17T19:12:04.178+0000] {processor.py:183} INFO - Processing /opt/airflow/dags/car_price_ml_pipeline.py took 0.110 seconds
