[2026-02-14T17:06:08.972+0000] {local_task_job_runner.py:120} INFO - ::group::Pre task execution logs
[2026-02-14T17:06:08.980+0000] {taskinstance.py:2076} INFO - Dependencies all met for dep_context=non-requeueable deps ti=<TaskInstance: car_price_predictor_pipeline.train_model manual__2026-02-14T17:06:06+00:00 [queued]>
[2026-02-14T17:06:08.982+0000] {taskinstance.py:2076} INFO - Dependencies all met for dep_context=requeueable deps ti=<TaskInstance: car_price_predictor_pipeline.train_model manual__2026-02-14T17:06:06+00:00 [queued]>
[2026-02-14T17:06:08.982+0000] {taskinstance.py:2306} INFO - Starting attempt 1 of 3
[2026-02-14T17:06:08.986+0000] {taskinstance.py:2330} INFO - Executing <Task(PythonOperator): train_model> on 2026-02-14 17:06:06+00:00
[2026-02-14T17:06:08.988+0000] {warnings.py:112} WARNING - /home/***/.local/lib/python3.12/site-packages/***/task/task_runner/standard_task_runner.py:62: DeprecationWarning: This process (pid=73) is multi-threaded, use of fork() may lead to deadlocks in the child.
  pid = os.fork()

[2026-02-14T17:06:08.989+0000] {standard_task_runner.py:64} INFO - Started process 74 to run task
[2026-02-14T17:06:08.989+0000] {standard_task_runner.py:90} INFO - Running: ['***', 'tasks', 'run', 'car_price_predictor_pipeline', 'train_model', 'manual__2026-02-14T17:06:06+00:00', '--job-id', '21', '--raw', '--subdir', 'DAGS_FOLDER/car_price_ml_pipeline.py', '--cfg-path', '/tmp/tmpzjeftlv2']
[2026-02-14T17:06:08.989+0000] {standard_task_runner.py:91} INFO - Job 21: Subtask train_model
[2026-02-14T17:06:09.006+0000] {task_command.py:426} INFO - Running <TaskInstance: car_price_predictor_pipeline.train_model manual__2026-02-14T17:06:06+00:00 [running]> on host a5b995b77d34
[2026-02-14T17:06:09.030+0000] {taskinstance.py:2648} INFO - Exporting env vars: AIRFLOW_CTX_DAG_EMAIL='alerts@example.com' AIRFLOW_CTX_DAG_OWNER='data-science-team' AIRFLOW_CTX_DAG_ID='car_price_predictor_pipeline' AIRFLOW_CTX_TASK_ID='train_model' AIRFLOW_CTX_EXECUTION_DATE='2026-02-14T17:06:06+00:00' AIRFLOW_CTX_TRY_NUMBER='1' AIRFLOW_CTX_DAG_RUN_ID='manual__2026-02-14T17:06:06+00:00'
[2026-02-14T17:06:09.030+0000] {taskinstance.py:430} INFO - ::endgroup::
[2026-02-14T17:06:09.897+0000] {taskinstance.py:441} INFO - ::group::Post task execution logs
[2026-02-14T17:06:09.898+0000] {taskinstance.py:2905} ERROR - Task failed with exception
Traceback (most recent call last):
  File "/home/airflow/.local/lib/python3.12/site-packages/airflow/models/taskinstance.py", line 465, in _execute_task
    result = _execute_callable(context=context, **execute_callable_kwargs)
             ^^^^^^^^^^^^^^^^^^^^^^^^^^^^^^^^^^^^^^^^^^^^^^^^^^^^^^^^^^^^^
  File "/home/airflow/.local/lib/python3.12/site-packages/airflow/models/taskinstance.py", line 432, in _execute_callable
    return execute_callable(context=context, **execute_callable_kwargs)
           ^^^^^^^^^^^^^^^^^^^^^^^^^^^^^^^^^^^^^^^^^^^^^^^^^^^^^^^^^^^^
  File "/home/airflow/.local/lib/python3.12/site-packages/airflow/models/baseoperator.py", line 401, in wrapper
    return func(self, *args, **kwargs)
           ^^^^^^^^^^^^^^^^^^^^^^^^^^^
  File "/home/airflow/.local/lib/python3.12/site-packages/airflow/operators/python.py", line 235, in execute
    return_value = self.execute_callable()
                   ^^^^^^^^^^^^^^^^^^^^^^^
  File "/home/airflow/.local/lib/python3.12/site-packages/airflow/operators/python.py", line 252, in execute_callable
    return self.python_callable(*self.op_args, **self.op_kwargs)
           ^^^^^^^^^^^^^^^^^^^^^^^^^^^^^^^^^^^^^^^^^^^^^^^^^^^^^
  File "/opt/airflow/dags/car_price_ml_pipeline.py", line 79, in train_model
    from scripts.train_with_mlflow import CarPricePipeline
  File "/opt/airflow/project/scripts/train_with_mlflow.py", line 17, in <module>
    import seaborn as sns
ModuleNotFoundError: No module named 'seaborn'
[2026-02-14T17:06:09.902+0000] {taskinstance.py:1206} INFO - Marking task as UP_FOR_RETRY. dag_id=car_price_predictor_pipeline, task_id=train_model, run_id=manual__2026-02-14T17:06:06+00:00, execution_date=20260214T170606, start_date=20260214T170608, end_date=20260214T170609
[2026-02-14T17:06:09.909+0000] {standard_task_runner.py:110} ERROR - Failed to execute job 21 for task train_model (No module named 'seaborn'; 74)
[2026-02-14T17:06:09.949+0000] {local_task_job_runner.py:243} INFO - Task exited with return code 1
[2026-02-14T17:06:09.958+0000] {taskinstance.py:3503} INFO - 0 downstream tasks scheduled from follow-on schedule check
[2026-02-14T17:06:09.958+0000] {local_task_job_runner.py:222} INFO - ::endgroup::
